[] [07/10/2016 23.36] [] USER = ADMIN IS ACTIVE
[ADMIN] [07/10/2016 23.36] [] USER ID = 1 LOGIN SUCCESSFULLY
[ADMIN] [07/10/2016 23.36] [] ACTIVATE USER ACCESS RIGHT
[ADMIN] [07/10/2016 23.36] [] DISPLAY ADMIN FORM
[ADMIN] [07/10/2016 23.36] [] adminForm Load
[ADMIN] [07/10/2016 23.36] [] ACTIVATE USER ACCESS RIGHT
[] [07/10/2016 23.39] [] USER = ADMIN IS ACTIVE
[ADMIN] [07/10/2016 23.39] [] USER ID = 1 LOGIN SUCCESSFULLY
[ADMIN] [07/10/2016 23.39] [] ACTIVATE USER ACCESS RIGHT
[ADMIN] [07/10/2016 23.39] [] DISPLAY ADMIN FORM
[ADMIN] [07/10/2016 23.39] [] adminForm Load
[ADMIN] [07/10/2016 23.39] [] ACTIVATE USER ACCESS RIGHT
[] [08/10/2016 00.11] [] USER = ADMIN IS ACTIVE
[ADMIN] [08/10/2016 00.11] [] USER ID = 1 LOGIN SUCCESSFULLY
[ADMIN] [08/10/2016 00.11] [] ACTIVATE USER ACCESS RIGHT
[ADMIN] [08/10/2016 00.11] [] DISPLAY ADMIN FORM
[ADMIN] [08/10/2016 00.11] [] adminForm Load
[ADMIN] [08/10/2016 00.11] [] ACTIVATE USER ACCESS RIGHT
[] [08/10/2016 00.12] [] USER = ADMIN IS ACTIVE
[ADMIN] [08/10/2016 00.12] [] USER ID = 1 LOGIN SUCCESSFULLY
[ADMIN] [08/10/2016 00.12] [] ACTIVATE USER ACCESS RIGHT
[ADMIN] [08/10/2016 00.12] [] DISPLAY ADMIN FORM
[ADMIN] [08/10/2016 00.12] [] adminForm Load
[ADMIN] [08/10/2016 00.12] [] ACTIVATE USER ACCESS RIGHT
[] [08/10/2016 00.18] [] USER = ADMIN IS ACTIVE
[ADMIN] [08/10/2016 00.18] [] USER ID = 1 LOGIN SUCCESSFULLY
[ADMIN] [08/10/2016 00.18] [] ACTIVATE USER ACCESS RIGHT
[ADMIN] [08/10/2016 00.18] [] DISPLAY ADMIN FORM
[ADMIN] [08/10/2016 00.18] [] adminForm Load
[ADMIN] [08/10/2016 00.18] [] ACTIVATE USER ACCESS RIGHT
[ADMIN] [08/10/2016 00.19] [] USER ID = 1LOGOUT
[] [08/10/2016 00.27] [] USER = ADMIN IS ACTIVE
[] [08/10/2016 00.27] [] USER = ADMIN IS ACTIVE
[ADMIN] [08/10/2016 00.27] [] USER ID = 1 LOGIN SUCCESSFULLY
[ADMIN] [08/10/2016 00.27] [] ACTIVATE USER ACCESS RIGHT
[ADMIN] [08/10/2016 00.27] [] DISPLAY ADMIN FORM
[ADMIN] [08/10/2016 00.27] [] adminForm Load
[ADMIN] [08/10/2016 00.27] [] ACTIVATE USER ACCESS RIGHT
