[] [07/01/2017 15.34] [] USER = ADMIN IS ACTIVE
[ADMIN] [07/01/2017 15.34] [] USER ID = 1 LOGIN SUCCESSFULLY
[ADMIN] [07/01/2017 15.34] [] ACTIVATE USER ACCESS RIGHT
[ADMIN] [07/01/2017 15.34] [] DISPLAY ADMIN FORM
[ADMIN] [07/01/2017 15.34] [] adminForm Load
[ADMIN] [07/01/2017 15.34] [] ACTIVATE USER ACCESS RIGHT
[ADMIN] [07/01/2017 15.35] [TAMBAH / UPDATE PRODUK] UPDATE CURRENT PRODUCT DATA [ALPO-P1]
[ADMIN] [07/01/2017 15.35] [TAMBAH / UPDATE PRODUK] UPDATE PRODUCT CATEGORY FOR [ALPO-P1]
[ADMIN] [07/01/2017 15.35] [TAMBAH / UPDATE PRODUK] DELETE CURRENT PRODUCT CATEGORY FOR [ALPO-P1]
[ADMIN] [07/01/2017 15.35] [TAMBAH / UPDATE PRODUK] INSERT PRODUCT CATEGORY FOR [ALPO-P1]
[] [07/01/2017 15.59] [] USER = ADMIN IS ACTIVE
[ADMIN] [07/01/2017 15.59] [] USER ID = 1 LOGIN SUCCESSFULLY
[ADMIN] [07/01/2017 15.59] [] ACTIVATE USER ACCESS RIGHT
[ADMIN] [07/01/2017 15.59] [] DISPLAY ADMIN FORM
[ADMIN] [07/01/2017 15.59] [] adminForm Load
[ADMIN] [07/01/2017 15.59] [] ACTIVATE USER ACCESS RIGHT
[ADMIN] [07/01/2017 15.59] [PENJUALAN] CASHIER FORM : MULTIPLE CASHIER INSTANCE [1]
[ADMIN] [07/01/2017 15.59] [PENJUALAN] CASHIER FORM : REGISTER HOTKEY
[ADMIN] [07/01/2017 15.59] [PENJUALAN] CASHIER FORM : cashierForm_Load, ATTEMPT TO LOAD NO FAKTUR
[ADMIN] [07/01/2017 15.59] [PENJUALAN] CASHIER FORM : loadNoFaktur, noFakturValue [SLO001]
[ADMIN] [07/01/2017 15.59] [PENJUALAN] CASHIER FORM : cashierForm_Load, ATTEMPT TO addColumnToDataGrid
[ADMIN] [07/01/2017 15.59] [PENJUALAN] CASHIER FORM : UPDATE ROW NUMBER, TOTAL ROW [1]
[ADMIN] [07/01/2017 15.59] [PENJUALAN] CASHIER FORM : cashierDataGridView_CellValueChanged [F8]
[ADMIN] [07/01/2017 15.59] [PENJUALAN] CASHIER FORM : calculateTotal
[ADMIN] [07/01/2017 15.59] [PENJUALAN] CASHIER FORM : calculateTotal [0]
[ADMIN] [07/01/2017 15.59] [PENJUALAN] CASHIER FORM : calculateTotal, totalAfterDisc [0]
[ADMIN] [07/01/2017 15.59] [PENJUALAN] CASHIER FORM : calculateChangeValue, bayarTextBox.Text [0]
[ADMIN] [07/01/2017 15.59] [PENJUALAN] CASHIER FORM : calculateChangeValue, sisaBayar [0]
[ADMIN] [07/01/2017 15.59] [PENJUALAN] CASHIER FORM : REGISTER HOTKEY
[ADMIN] [07/01/2017 15.59] [PENJUALAN] CASHIER FORM : UNREGISTER HOTKEY
[ADMIN] [07/01/2017 15.59] [PENJUALAN] CASHIER FORM : UNREGISTER HOTKEY
[] [07/01/2017 16.00] [] USER = ADMIN IS ACTIVE
[ADMIN] [07/01/2017 16.00] [] USER ID = 1 LOGIN SUCCESSFULLY
[ADMIN] [07/01/2017 16.00] [] ACTIVATE USER ACCESS RIGHT
[ADMIN] [07/01/2017 16.00] [] DISPLAY ADMIN FORM
[ADMIN] [07/01/2017 16.00] [] adminForm Load
[ADMIN] [07/01/2017 16.00] [] ACTIVATE USER ACCESS RIGHT
[] [07/01/2017 16.03] [] USER = ADMIN IS ACTIVE
[ADMIN] [07/01/2017 16.03] [] USER ID = 1 LOGIN SUCCESSFULLY
[ADMIN] [07/01/2017 16.03] [] ACTIVATE USER ACCESS RIGHT
[ADMIN] [07/01/2017 16.04] [] DISPLAY ADMIN FORM
[ADMIN] [07/01/2017 16.04] [] adminForm Load
[ADMIN] [07/01/2017 16.04] [] ACTIVATE USER ACCESS RIGHT
[] [07/01/2017 16.07] [] USER = ADMIN IS ACTIVE
[ADMIN] [07/01/2017 16.07] [] USER ID = 1 LOGIN SUCCESSFULLY
[ADMIN] [07/01/2017 16.07] [] ACTIVATE USER ACCESS RIGHT
[ADMIN] [07/01/2017 16.07] [] DISPLAY ADMIN FORM
[ADMIN] [07/01/2017 16.07] [] adminForm Load
[ADMIN] [07/01/2017 16.07] [] ACTIVATE USER ACCESS RIGHT
[] [07/01/2017 16.11] [] USER = ADMIN IS ACTIVE
[ADMIN] [07/01/2017 16.11] [] USER ID = 1 LOGIN SUCCESSFULLY
[ADMIN] [07/01/2017 16.11] [] ACTIVATE USER ACCESS RIGHT
[ADMIN] [07/01/2017 16.11] [] DISPLAY ADMIN FORM
[ADMIN] [07/01/2017 16.11] [] adminForm Load
[ADMIN] [07/01/2017 16.11] [] ACTIVATE USER ACCESS RIGHT
[] [07/01/2017 16.13] [] USER = ADMIN IS ACTIVE
[ADMIN] [07/01/2017 16.13] [] USER ID = 1 LOGIN SUCCESSFULLY
[ADMIN] [07/01/2017 16.13] [] ACTIVATE USER ACCESS RIGHT
[ADMIN] [07/01/2017 16.13] [] DISPLAY ADMIN FORM
[ADMIN] [07/01/2017 16.13] [] adminForm Load
[ADMIN] [07/01/2017 16.13] [] ACTIVATE USER ACCESS RIGHT
[] [07/01/2017 16.14] [] USER = ADMIN IS ACTIVE
[ADMIN] [07/01/2017 16.14] [] USER ID = 1 LOGIN SUCCESSFULLY
[ADMIN] [07/01/2017 16.14] [] ACTIVATE USER ACCESS RIGHT
[ADMIN] [07/01/2017 16.14] [] DISPLAY ADMIN FORM
[ADMIN] [07/01/2017 16.14] [] adminForm Load
[ADMIN] [07/01/2017 16.14] [] ACTIVATE USER ACCESS RIGHT
[ADMIN] [07/01/2017 16.14] [] USER ID = 1LOGOUT
