[] [1/7/2017 23:19] [] USER = ADMIN IS ACTIVE
[ADMIN] [1/7/2017 23:19] [] USER ID = 1 LOGIN SUCCESSFULLY
[ADMIN] [1/7/2017 23:19] [] ACTIVATE USER ACCESS RIGHT
[ADMIN] [1/7/2017 23:19] [] DISPLAY ADMIN FORM
[ADMIN] [1/7/2017 23:19] [] adminForm Load
[ADMIN] [1/7/2017 23:19] [] ACTIVATE USER ACCESS RIGHT
[ADMIN] [1/7/2017 23:20] [PENJUALAN] CASHIER FORM : MULTIPLE CASHIER INSTANCE [1]
[ADMIN] [1/7/2017 23:20] [PENJUALAN] CASHIER FORM : REGISTER HOTKEY
[ADMIN] [1/7/2017 23:20] [PENJUALAN] CASHIER FORM : cashierForm_Load, ATTEMPT TO LOAD NO FAKTUR
[ADMIN] [1/7/2017 23:20] [PENJUALAN] CASHIER FORM : loadNoFaktur, noFakturValue [SLO001]
[ADMIN] [1/7/2017 23:20] [PENJUALAN] CASHIER FORM : cashierForm_Load, ATTEMPT TO addColumnToDataGrid
[ADMIN] [1/7/2017 23:20] [PENJUALAN] CASHIER FORM : UPDATE ROW NUMBER, TOTAL ROW [1]
[ADMIN] [1/7/2017 23:20] [PENJUALAN] CASHIER FORM : cashierDataGridView_CellValueChanged [F8]
[ADMIN] [1/7/2017 23:20] [PENJUALAN] CASHIER FORM : calculateTotal
[ADMIN] [1/7/2017 23:20] [PENJUALAN] CASHIER FORM : calculateTotal [0]
[ADMIN] [1/7/2017 23:20] [PENJUALAN] CASHIER FORM : calculateTotal, totalAfterDisc [0]
[ADMIN] [1/7/2017 23:20] [PENJUALAN] CASHIER FORM : calculateChangeValue, bayarTextBox.Text [0]
[ADMIN] [1/7/2017 23:20] [PENJUALAN] CASHIER FORM : calculateChangeValue, sisaBayar [0]
[ADMIN] [1/7/2017 23:20] [PENJUALAN] CASHIER FORM : REGISTER HOTKEY
[ADMIN] [1/7/2017 23:20] [PENJUALAN] CASHIER FORM : Combobox_previewKeyDown, cashierDataGridView.CurrentCell.OwningColumn.Name  [productID]
[ADMIN] [1/7/2017 23:20] [PENJUALAN] CASHIER FORM : UPDATE ROW NUMBER, TOTAL ROW [2]
[ADMIN] [1/7/2017 23:20] [PENJUALAN] CASHIER FORM : cashierDataGridView_CellValueChanged [F8]
[ADMIN] [1/7/2017 23:20] [PENJUALAN] CASHIER FORM : cashierDataGridView_CellValueChanged [productID]
[ADMIN] [1/7/2017 23:20] [PENJUALAN] CASHIER FORM : Combobox_KeyUp, cashierDataGridView.CurrentCell.OwningColumn.Name  [productID]
[ADMIN] [1/7/2017 23:20] [PENJUALAN] CASHIER FORM : Combobox_previewKeyDown, cashierDataGridView.CurrentCell.OwningColumn.Name  [productID]
[ADMIN] [1/7/2017 23:20] [PENJUALAN] CASHIER FORM : UNREGISTER HOTKEY
[ADMIN] [1/7/2017 23:20] [PENJUALAN] CASHIER FORM : ADD NEW ROW FROM BARCODE [SANITISER HEALTY EARS]
[ADMIN] [1/7/2017 23:20] [PENJUALAN] CASHIER FORM : updateSomeRowContents
[ADMIN] [1/7/2017 23:20] [PENJUALAN] CASHIER FORM : cashierDataGridView_CellValueChanged [productID]
[ADMIN] [1/7/2017 23:20] [PENJUALAN] CASHIER FORM : cashierDataGridView_CellValueChanged [productName]
[ADMIN] [1/7/2017 23:20] [PENJUALAN] CASHIER FORM : updateSomeRowContents
[ADMIN] [1/7/2017 23:20] [PENJUALAN] CASHIER FORM : PRODUCT PRICE TYPE [PRODUCT_BASE_PRICE]
[ADMIN] [1/7/2017 23:20] [PENJUALAN] CASHIER FORM : PRODUCT PRICE [9310]
[ADMIN] [1/7/2017 23:20] [PENJUALAN] CASHIER FORM : ComboBox_SelectedIndexChanged, PRODUCT_BASE_PRICE [9310]
[ADMIN] [1/7/2017 23:20] [PENJUALAN] CASHIER FORM : cashierDataGridView_CellValueChanged [hpp]
[ADMIN] [1/7/2017 23:20] [PENJUALAN] CASHIER FORM : PRODUCT PRICE TYPE [PRODUCT_RETAIL_PRICE]
[ADMIN] [1/7/2017 23:20] [PENJUALAN] CASHIER FORM : PRODUCT PRICE [12000]
[ADMIN] [1/7/2017 23:20] [PENJUALAN] CASHIER FORM : ComboBox_SelectedIndexChanged, PRODUCT_SALES_PRICE [12000]
[ADMIN] [1/7/2017 23:20] [PENJUALAN] CASHIER FORM : cashierDataGridView_CellValueChanged [productPrice]
[ADMIN] [1/7/2017 23:20] [PENJUALAN] CASHIER FORM : cashierDataGridView_CellValueChanged, previousInput [0]
[ADMIN] [1/7/2017 23:20] [PENJUALAN] CASHIER FORM : cashierDataGridView_CellValueChanged, cellValue [12000]
[ADMIN] [1/7/2017 23:20] [PENJUALAN] CASHIER FORM : cashierDataGridView_CellValueChanged, dataGridViewTextBoxEditingControl.Text pass REGEX Checking
[ADMIN] [1/7/2017 23:20] [PENJUALAN] CASHIER FORM : CALCULATE SUBTOTAL
[ADMIN] [1/7/2017 23:20] [PENJUALAN] CASHIER FORM : SUBTOTAL [0]
[ADMIN] [1/7/2017 23:20] [PENJUALAN] CASHIER FORM : cashierDataGridView_CellValueChanged, subtotal value [0]
[ADMIN] [1/7/2017 23:20] [PENJUALAN] CASHIER FORM : cashierDataGridView_CellValueChanged, attempt to calculate total value
[ADMIN] [1/7/2017 23:20] [PENJUALAN] CASHIER FORM : calculateTotal
[ADMIN] [1/7/2017 23:20] [PENJUALAN] CASHIER FORM : calculateTotal [0]
[ADMIN] [1/7/2017 23:20] [PENJUALAN] CASHIER FORM : calculateTotal, totalAfterDisc [0]
[ADMIN] [1/7/2017 23:20] [PENJUALAN] CASHIER FORM : calculateChangeValue, bayarTextBox.Text [0]
[ADMIN] [1/7/2017 23:20] [PENJUALAN] CASHIER FORM : calculateChangeValue, sisaBayar [0]
[ADMIN] [1/7/2017 23:20] [PENJUALAN] CASHIER FORM : cashierDataGridView_CellValueChanged [qty]
[ADMIN] [1/7/2017 23:20] [PENJUALAN] CASHIER FORM : cashierDataGridView_CellValueChanged, previousInput [0]
[ADMIN] [1/7/2017 23:20] [PENJUALAN] CASHIER FORM : cashierDataGridView_CellValueChanged [jumlah]
[ADMIN] [1/7/2017 23:20] [PENJUALAN] CASHIER FORM : calculateTotal
[ADMIN] [1/7/2017 23:20] [PENJUALAN] CASHIER FORM : calculateTotal [0]
[ADMIN] [1/7/2017 23:20] [PENJUALAN] CASHIER FORM : calculateTotal, totalAfterDisc [0]
[ADMIN] [1/7/2017 23:20] [PENJUALAN] CASHIER FORM : calculateChangeValue, bayarTextBox.Text [0]
[ADMIN] [1/7/2017 23:20] [PENJUALAN] CASHIER FORM : calculateChangeValue, sisaBayar [0]
[ADMIN] [1/7/2017 23:20] [PENJUALAN] CASHIER FORM : CHECK STOCK QTY IS ENOUGH [HEALTYEAR]
[ADMIN] [1/7/2017 23:20] [PENJUALAN] CASHIER FORM : CHECK STOCK QTY IS ENOUGH [240, 1]
[ADMIN] [1/7/2017 23:20] [PENJUALAN] CASHIER FORM : cashierDataGridView_CellValueChanged [qty]
[ADMIN] [1/7/2017 23:20] [PENJUALAN] CASHIER FORM : cashierDataGridView_CellValueChanged, previousInput [0]
[ADMIN] [1/7/2017 23:20] [PENJUALAN] CASHIER FORM : cashierDataGridView_CellValueChanged, cellValue [1]
[ADMIN] [1/7/2017 23:20] [PENJUALAN] CASHIER FORM : cashierDataGridView_CellValueChanged, dataGridViewTextBoxEditingControl.Text pass REGEX Checking
[ADMIN] [1/7/2017 23:20] [PENJUALAN] CASHIER FORM : CHECK STOCK QTY IS ENOUGH [HEALTYEAR]
[ADMIN] [1/7/2017 23:20] [PENJUALAN] CASHIER FORM : CHECK STOCK QTY IS ENOUGH [240, 1]
[ADMIN] [1/7/2017 23:20] [PENJUALAN] CASHIER FORM : CALCULATE SUBTOTAL
[ADMIN] [1/7/2017 23:20] [PENJUALAN] CASHIER FORM : SUBTOTAL [12000]
[ADMIN] [1/7/2017 23:20] [PENJUALAN] CASHIER FORM : cashierDataGridView_CellValueChanged, subtotal value [12000]
[ADMIN] [1/7/2017 23:20] [PENJUALAN] CASHIER FORM : cashierDataGridView_CellValueChanged, attempt to calculate total value
[ADMIN] [1/7/2017 23:20] [PENJUALAN] CASHIER FORM : calculateTotal
[ADMIN] [1/7/2017 23:20] [PENJUALAN] CASHIER FORM : calculateTotal [12000]
[ADMIN] [1/7/2017 23:20] [PENJUALAN] CASHIER FORM : calculateTotal, totalAfterDisc [12000]
[ADMIN] [1/7/2017 23:20] [PENJUALAN] CASHIER FORM : calculateChangeValue, bayarTextBox.Text [0]
[ADMIN] [1/7/2017 23:20] [PENJUALAN] CASHIER FORM : calculateChangeValue, sisaBayar [0]
[ADMIN] [1/7/2017 23:20] [PENJUALAN] CASHIER FORM : SET QTY TO 1 BECAUSE OF NEW ROW
[ADMIN] [1/7/2017 23:20] [PENJUALAN] CASHIER FORM : CALCULATE SUBTOTAL
[ADMIN] [1/7/2017 23:20] [PENJUALAN] CASHIER FORM : SUBTOTAL [12000]
[ADMIN] [1/7/2017 23:20] [PENJUALAN] CASHIER FORM : calculateTotal
[ADMIN] [1/7/2017 23:20] [PENJUALAN] CASHIER FORM : calculateTotal [12000]
[ADMIN] [1/7/2017 23:20] [PENJUALAN] CASHIER FORM : calculateTotal, totalAfterDisc [12000]
[ADMIN] [1/7/2017 23:20] [PENJUALAN] CASHIER FORM : calculateChangeValue, bayarTextBox.Text [0]
[ADMIN] [1/7/2017 23:20] [PENJUALAN] CASHIER FORM : calculateChangeValue, sisaBayar [0]
[ADMIN] [1/7/2017 23:20] [PENJUALAN] CASHIER FORM : UPDATE ROW NUMBER, TOTAL ROW [2]
[ADMIN] [1/7/2017 23:20] [PENJUALAN] CASHIER FORM : cashierDataGridView_CellValueChanged [F8]
[ADMIN] [1/7/2017 23:20] [PENJUALAN] CASHIER FORM : REGISTER HOTKEY
[ADMIN] [1/7/2017 23:20] [PENJUALAN] CASHIER FORM : UNREGISTER HOTKEY
[ADMIN] [1/7/2017 23:20] [PENJUALAN] CASHIER FORM : REGISTER HOTKEY
[ADMIN] [1/7/2017 23:20] [PENJUALAN] CASHIER FORM : UNREGISTER HOTKEY
[ADMIN] [1/7/2017 23:20] [PENJUALAN] CASHIER FORM : UNREGISTER HOTKEY
[] [1/7/2017 23:21] [] USER = ADMIN IS ACTIVE
[ADMIN] [1/7/2017 23:21] [] USER ID = 1 LOGIN SUCCESSFULLY
[ADMIN] [1/7/2017 23:21] [] ACTIVATE USER ACCESS RIGHT
[ADMIN] [1/7/2017 23:21] [] DISPLAY ADMIN FORM
[ADMIN] [1/7/2017 23:21] [] adminForm Load
[ADMIN] [1/7/2017 23:21] [] ACTIVATE USER ACCESS RIGHT
[ADMIN] [1/7/2017 23:21] [PENJUALAN] CASHIER FORM : MULTIPLE CASHIER INSTANCE [1]
[ADMIN] [1/7/2017 23:21] [PENJUALAN] CASHIER FORM : REGISTER HOTKEY
[ADMIN] [1/7/2017 23:21] [PENJUALAN] CASHIER FORM : cashierForm_Load, ATTEMPT TO LOAD NO FAKTUR
[ADMIN] [1/7/2017 23:21] [PENJUALAN] CASHIER FORM : loadNoFaktur, noFakturValue [SLO001]
[ADMIN] [1/7/2017 23:21] [PENJUALAN] CASHIER FORM : cashierForm_Load, ATTEMPT TO addColumnToDataGrid
[ADMIN] [1/7/2017 23:21] [PENJUALAN] CASHIER FORM : UPDATE ROW NUMBER, TOTAL ROW [1]
[ADMIN] [1/7/2017 23:21] [PENJUALAN] CASHIER FORM : cashierDataGridView_CellValueChanged [F8]
[ADMIN] [1/7/2017 23:21] [PENJUALAN] CASHIER FORM : calculateTotal
[ADMIN] [1/7/2017 23:21] [PENJUALAN] CASHIER FORM : calculateTotal [0]
[ADMIN] [1/7/2017 23:21] [PENJUALAN] CASHIER FORM : calculateTotal, totalAfterDisc [0]
[ADMIN] [1/7/2017 23:21] [PENJUALAN] CASHIER FORM : calculateChangeValue, bayarTextBox.Text [0]
[ADMIN] [1/7/2017 23:21] [PENJUALAN] CASHIER FORM : calculateChangeValue, sisaBayar [0]
[ADMIN] [1/7/2017 23:21] [PENJUALAN] CASHIER FORM : REGISTER HOTKEY
[ADMIN] [1/7/2017 23:21] [PENJUALAN] CASHIER FORM : UNREGISTER HOTKEY
[ADMIN] [1/7/2017 23:22] [PENJUALAN] CASHIER FORM : REGISTER HOTKEY
[ADMIN] [1/7/2017 23:22] [PENJUALAN] CASHIER FORM : Combobox_previewKeyDown, cashierDataGridView.CurrentCell.OwningColumn.Name  [productID]
[ADMIN] [1/7/2017 23:22] [PENJUALAN] CASHIER FORM : UPDATE ROW NUMBER, TOTAL ROW [2]
[ADMIN] [1/7/2017 23:22] [PENJUALAN] CASHIER FORM : cashierDataGridView_CellValueChanged [F8]
[ADMIN] [1/7/2017 23:22] [PENJUALAN] CASHIER FORM : cashierDataGridView_CellValueChanged [productID]
[ADMIN] [1/7/2017 23:22] [PENJUALAN] CASHIER FORM : Combobox_KeyUp, cashierDataGridView.CurrentCell.OwningColumn.Name  [productID]
[ADMIN] [1/7/2017 23:22] [PENJUALAN] CASHIER FORM : Combobox_previewKeyDown, cashierDataGridView.CurrentCell.OwningColumn.Name  [productID]
[ADMIN] [1/7/2017 23:22] [PENJUALAN] CASHIER FORM : UNREGISTER HOTKEY
[ADMIN] [1/7/2017 23:22] [PENJUALAN] CASHIER FORM : REGISTER HOTKEY
[ADMIN] [1/7/2017 23:22] [PENJUALAN] CASHIER FORM : Combobox_previewKeyDown, cashierDataGridView.CurrentCell.OwningColumn.Name  [productID]
[ADMIN] [1/7/2017 23:23] [PENJUALAN] CASHIER FORM : UNREGISTER HOTKEY
[ADMIN] [1/7/2017 23:23] [PENJUALAN] CASHIER FORM : ADD NEW ROW FROM BARCODE [ALPO ADLT DOG 1 KG]
[ADMIN] [1/7/2017 23:23] [PENJUALAN] CASHIER FORM : updateSomeRowContents
[ADMIN] [1/7/2017 23:23] [PENJUALAN] CASHIER FORM : cashierDataGridView_CellValueChanged [productID]
[ADMIN] [1/7/2017 23:23] [PENJUALAN] CASHIER FORM : cashierDataGridView_CellValueChanged [productName]
[ADMIN] [1/7/2017 23:23] [PENJUALAN] CASHIER FORM : updateSomeRowContents
[ADMIN] [1/7/2017 23:23] [PENJUALAN] CASHIER FORM : PRODUCT PRICE TYPE [PRODUCT_BASE_PRICE]
[ADMIN] [1/7/2017 23:23] [PENJUALAN] CASHIER FORM : PRODUCT PRICE [24800]
[ADMIN] [1/7/2017 23:23] [PENJUALAN] CASHIER FORM : ComboBox_SelectedIndexChanged, PRODUCT_BASE_PRICE [24800]
[ADMIN] [1/7/2017 23:23] [PENJUALAN] CASHIER FORM : cashierDataGridView_CellValueChanged [hpp]
[ADMIN] [1/7/2017 23:23] [PENJUALAN] CASHIER FORM : PRODUCT PRICE TYPE [PRODUCT_RETAIL_PRICE]
[ADMIN] [1/7/2017 23:23] [PENJUALAN] CASHIER FORM : PRODUCT PRICE [29000]
[ADMIN] [1/7/2017 23:23] [PENJUALAN] CASHIER FORM : ComboBox_SelectedIndexChanged, PRODUCT_SALES_PRICE [29000]
[ADMIN] [1/7/2017 23:23] [PENJUALAN] CASHIER FORM : cashierDataGridView_CellValueChanged [productPrice]
[ADMIN] [1/7/2017 23:23] [PENJUALAN] CASHIER FORM : cashierDataGridView_CellValueChanged, previousInput [0]
[ADMIN] [1/7/2017 23:23] [PENJUALAN] CASHIER FORM : cashierDataGridView_CellValueChanged, cellValue [29000]
[ADMIN] [1/7/2017 23:23] [PENJUALAN] CASHIER FORM : cashierDataGridView_CellValueChanged, dataGridViewTextBoxEditingControl.Text pass REGEX Checking
[ADMIN] [1/7/2017 23:23] [PENJUALAN] CASHIER FORM : CALCULATE SUBTOTAL
[ADMIN] [1/7/2017 23:23] [PENJUALAN] CASHIER FORM : SUBTOTAL [0]
[ADMIN] [1/7/2017 23:23] [PENJUALAN] CASHIER FORM : cashierDataGridView_CellValueChanged, subtotal value [0]
[ADMIN] [1/7/2017 23:23] [PENJUALAN] CASHIER FORM : cashierDataGridView_CellValueChanged, attempt to calculate total value
[ADMIN] [1/7/2017 23:23] [PENJUALAN] CASHIER FORM : calculateTotal
[ADMIN] [1/7/2017 23:23] [PENJUALAN] CASHIER FORM : calculateTotal [0]
[ADMIN] [1/7/2017 23:23] [PENJUALAN] CASHIER FORM : calculateTotal, totalAfterDisc [0]
[ADMIN] [1/7/2017 23:23] [PENJUALAN] CASHIER FORM : calculateChangeValue, bayarTextBox.Text [0]
[ADMIN] [1/7/2017 23:23] [PENJUALAN] CASHIER FORM : calculateChangeValue, sisaBayar [0]
[ADMIN] [1/7/2017 23:23] [PENJUALAN] CASHIER FORM : cashierDataGridView_CellValueChanged [qty]
[ADMIN] [1/7/2017 23:23] [PENJUALAN] CASHIER FORM : cashierDataGridView_CellValueChanged, previousInput [0]
[ADMIN] [1/7/2017 23:23] [PENJUALAN] CASHIER FORM : cashierDataGridView_CellValueChanged [jumlah]
[ADMIN] [1/7/2017 23:23] [PENJUALAN] CASHIER FORM : calculateTotal
[ADMIN] [1/7/2017 23:23] [PENJUALAN] CASHIER FORM : calculateTotal [0]
[ADMIN] [1/7/2017 23:23] [PENJUALAN] CASHIER FORM : calculateTotal, totalAfterDisc [0]
[ADMIN] [1/7/2017 23:23] [PENJUALAN] CASHIER FORM : calculateChangeValue, bayarTextBox.Text [0]
[ADMIN] [1/7/2017 23:23] [PENJUALAN] CASHIER FORM : calculateChangeValue, sisaBayar [0]
[ADMIN] [1/7/2017 23:23] [PENJUALAN] CASHIER FORM : CHECK STOCK QTY IS ENOUGH [ALPO-AD1]
[ADMIN] [1/7/2017 23:23] [PENJUALAN] CASHIER FORM : CHECK STOCK QTY IS ENOUGH [2, 1]
[ADMIN] [1/7/2017 23:23] [PENJUALAN] CASHIER FORM : cashierDataGridView_CellValueChanged [qty]
[ADMIN] [1/7/2017 23:23] [PENJUALAN] CASHIER FORM : cashierDataGridView_CellValueChanged, previousInput [0]
[ADMIN] [1/7/2017 23:23] [PENJUALAN] CASHIER FORM : cashierDataGridView_CellValueChanged, cellValue [1]
[ADMIN] [1/7/2017 23:23] [PENJUALAN] CASHIER FORM : cashierDataGridView_CellValueChanged, dataGridViewTextBoxEditingControl.Text pass REGEX Checking
[ADMIN] [1/7/2017 23:23] [PENJUALAN] CASHIER FORM : CHECK STOCK QTY IS ENOUGH [ALPO-AD1]
[ADMIN] [1/7/2017 23:23] [PENJUALAN] CASHIER FORM : CHECK STOCK QTY IS ENOUGH [2, 1]
[ADMIN] [1/7/2017 23:23] [PENJUALAN] CASHIER FORM : CALCULATE SUBTOTAL
[ADMIN] [1/7/2017 23:23] [PENJUALAN] CASHIER FORM : SUBTOTAL [29000]
[ADMIN] [1/7/2017 23:23] [PENJUALAN] CASHIER FORM : cashierDataGridView_CellValueChanged, subtotal value [29000]
[ADMIN] [1/7/2017 23:23] [PENJUALAN] CASHIER FORM : cashierDataGridView_CellValueChanged, attempt to calculate total value
[ADMIN] [1/7/2017 23:23] [PENJUALAN] CASHIER FORM : calculateTotal
[ADMIN] [1/7/2017 23:23] [PENJUALAN] CASHIER FORM : calculateTotal [29000]
[ADMIN] [1/7/2017 23:23] [PENJUALAN] CASHIER FORM : calculateTotal, totalAfterDisc [29000]
[ADMIN] [1/7/2017 23:23] [PENJUALAN] CASHIER FORM : calculateChangeValue, bayarTextBox.Text [0]
[ADMIN] [1/7/2017 23:23] [PENJUALAN] CASHIER FORM : calculateChangeValue, sisaBayar [0]
[ADMIN] [1/7/2017 23:23] [PENJUALAN] CASHIER FORM : SET QTY TO 1 BECAUSE OF NEW ROW
[ADMIN] [1/7/2017 23:23] [PENJUALAN] CASHIER FORM : CALCULATE SUBTOTAL
[ADMIN] [1/7/2017 23:23] [PENJUALAN] CASHIER FORM : SUBTOTAL [29000]
[ADMIN] [1/7/2017 23:23] [PENJUALAN] CASHIER FORM : calculateTotal
[ADMIN] [1/7/2017 23:23] [PENJUALAN] CASHIER FORM : calculateTotal [29000]
[ADMIN] [1/7/2017 23:23] [PENJUALAN] CASHIER FORM : calculateTotal, totalAfterDisc [29000]
[ADMIN] [1/7/2017 23:23] [PENJUALAN] CASHIER FORM : calculateChangeValue, bayarTextBox.Text [0]
[ADMIN] [1/7/2017 23:23] [PENJUALAN] CASHIER FORM : calculateChangeValue, sisaBayar [0]
[ADMIN] [1/7/2017 23:23] [PENJUALAN] CASHIER FORM : UPDATE ROW NUMBER, TOTAL ROW [2]
[ADMIN] [1/7/2017 23:23] [PENJUALAN] CASHIER FORM : cashierDataGridView_CellValueChanged [F8]
[ADMIN] [1/7/2017 23:23] [PENJUALAN] CASHIER FORM : REGISTER HOTKEY
[ADMIN] [1/7/2017 23:23] [PENJUALAN] CASHIER FORM : Combobox_KeyUp, cashierDataGridView.CurrentCell.OwningColumn.Name  [qty]
[ADMIN] [1/7/2017 23:23] [PENJUALAN] CASHIER FORM : UNREGISTER HOTKEY
[ADMIN] [1/7/2017 23:23] [PENJUALAN] CASHIER FORM : REGISTER HOTKEY
[ADMIN] [1/7/2017 23:23] [PENJUALAN] CASHIER FORM : Combobox_KeyUp, cashierDataGridView.CurrentCell.OwningColumn.Name  [qty]
[ADMIN] [1/7/2017 23:23] [PENJUALAN] CASHIER FORM : Combobox_KeyUp, cashierDataGridView.CurrentCell.OwningColumn.Name  [productPrice]
[ADMIN] [1/7/2017 23:23] [PENJUALAN] CASHIER FORM : Combobox_KeyUp, cashierDataGridView.CurrentCell.OwningColumn.Name  [productPrice]
[ADMIN] [1/7/2017 23:23] [PENJUALAN] CASHIER FORM : Combobox_KeyUp, cashierDataGridView.CurrentCell.OwningColumn.Name  [productPrice]
[ADMIN] [1/7/2017 23:23] [PENJUALAN] CASHIER FORM : Combobox_KeyUp, cashierDataGridView.CurrentCell.OwningColumn.Name  [productPrice]
[ADMIN] [1/7/2017 23:23] [PENJUALAN] CASHIER FORM : UNREGISTER HOTKEY
[ADMIN] [1/7/2017 23:23] [PENJUALAN] CASHIER FORM : UNREGISTER HOTKEY
[] [1/7/2017 23:24] [] USER = ADMIN IS ACTIVE
[ADMIN] [1/7/2017 23:24] [] USER ID = 1 LOGIN SUCCESSFULLY
[ADMIN] [1/7/2017 23:24] [] ACTIVATE USER ACCESS RIGHT
[ADMIN] [1/7/2017 23:24] [] DISPLAY ADMIN FORM
[ADMIN] [1/7/2017 23:24] [] adminForm Load
[ADMIN] [1/7/2017 23:24] [] ACTIVATE USER ACCESS RIGHT
[ADMIN] [1/7/2017 23:25] [PENJUALAN] CASHIER FORM : MULTIPLE CASHIER INSTANCE [1]
[ADMIN] [1/7/2017 23:25] [PENJUALAN] CASHIER FORM : REGISTER HOTKEY
[ADMIN] [1/7/2017 23:25] [PENJUALAN] CASHIER FORM : cashierForm_Load, ATTEMPT TO LOAD NO FAKTUR
[ADMIN] [1/7/2017 23:25] [PENJUALAN] CASHIER FORM : loadNoFaktur, noFakturValue [SLO001]
[ADMIN] [1/7/2017 23:25] [PENJUALAN] CASHIER FORM : cashierForm_Load, ATTEMPT TO addColumnToDataGrid
[ADMIN] [1/7/2017 23:25] [PENJUALAN] CASHIER FORM : UPDATE ROW NUMBER, TOTAL ROW [1]
[ADMIN] [1/7/2017 23:25] [PENJUALAN] CASHIER FORM : cashierDataGridView_CellValueChanged [F8]
[ADMIN] [1/7/2017 23:25] [PENJUALAN] CASHIER FORM : calculateTotal
[ADMIN] [1/7/2017 23:25] [PENJUALAN] CASHIER FORM : calculateTotal [0]
[ADMIN] [1/7/2017 23:25] [PENJUALAN] CASHIER FORM : calculateTotal, totalAfterDisc [0]
[ADMIN] [1/7/2017 23:25] [PENJUALAN] CASHIER FORM : calculateChangeValue, bayarTextBox.Text [0]
[ADMIN] [1/7/2017 23:25] [PENJUALAN] CASHIER FORM : calculateChangeValue, sisaBayar [0]
[ADMIN] [1/7/2017 23:25] [PENJUALAN] CASHIER FORM : REGISTER HOTKEY
[ADMIN] [1/7/2017 23:25] [PENJUALAN] CASHIER FORM : Combobox_previewKeyDown, cashierDataGridView.CurrentCell.OwningColumn.Name  [productID]
[ADMIN] [1/7/2017 23:25] [PENJUALAN] CASHIER FORM : UPDATE ROW NUMBER, TOTAL ROW [2]
[ADMIN] [1/7/2017 23:25] [PENJUALAN] CASHIER FORM : cashierDataGridView_CellValueChanged [F8]
[ADMIN] [1/7/2017 23:25] [PENJUALAN] CASHIER FORM : cashierDataGridView_CellValueChanged [productID]
[ADMIN] [1/7/2017 23:25] [PENJUALAN] CASHIER FORM : Combobox_KeyUp, cashierDataGridView.CurrentCell.OwningColumn.Name  [productID]
[ADMIN] [1/7/2017 23:25] [PENJUALAN] CASHIER FORM : Combobox_previewKeyDown, cashierDataGridView.CurrentCell.OwningColumn.Name  [productID]
[ADMIN] [1/7/2017 23:25] [PENJUALAN] CASHIER FORM : UNREGISTER HOTKEY
[ADMIN] [1/7/2017 23:25] [PENJUALAN] CASHIER FORM : ADD NEW ROW FROM BARCODE [ANF PUPPY 1 KG]
[ADMIN] [1/7/2017 23:25] [PENJUALAN] CASHIER FORM : updateSomeRowContents
[ADMIN] [1/7/2017 23:25] [PENJUALAN] CASHIER FORM : cashierDataGridView_CellValueChanged [productID]
[ADMIN] [1/7/2017 23:25] [PENJUALAN] CASHIER FORM : cashierDataGridView_CellValueChanged [productName]
[ADMIN] [1/7/2017 23:25] [PENJUALAN] CASHIER FORM : updateSomeRowContents
[ADMIN] [1/7/2017 23:25] [PENJUALAN] CASHIER FORM : PRODUCT PRICE TYPE [PRODUCT_BASE_PRICE]
[ADMIN] [1/7/2017 23:25] [PENJUALAN] CASHIER FORM : PRODUCT PRICE [28000]
[ADMIN] [1/7/2017 23:25] [PENJUALAN] CASHIER FORM : ComboBox_SelectedIndexChanged, PRODUCT_BASE_PRICE [28000]
[ADMIN] [1/7/2017 23:25] [PENJUALAN] CASHIER FORM : cashierDataGridView_CellValueChanged [hpp]
[ADMIN] [1/7/2017 23:25] [PENJUALAN] CASHIER FORM : PRODUCT PRICE TYPE [PRODUCT_RETAIL_PRICE]
[ADMIN] [1/7/2017 23:25] [PENJUALAN] CASHIER FORM : PRODUCT PRICE [30000]
[ADMIN] [1/7/2017 23:25] [PENJUALAN] CASHIER FORM : ComboBox_SelectedIndexChanged, PRODUCT_SALES_PRICE [30000]
[ADMIN] [1/7/2017 23:25] [PENJUALAN] CASHIER FORM : cashierDataGridView_CellValueChanged [productPrice]
[ADMIN] [1/7/2017 23:25] [PENJUALAN] CASHIER FORM : cashierDataGridView_CellValueChanged, previousInput [0]
[ADMIN] [1/7/2017 23:25] [PENJUALAN] CASHIER FORM : cashierDataGridView_CellValueChanged, cellValue [30000]
[ADMIN] [1/7/2017 23:25] [PENJUALAN] CASHIER FORM : cashierDataGridView_CellValueChanged, dataGridViewTextBoxEditingControl.Text pass REGEX Checking
[ADMIN] [1/7/2017 23:25] [PENJUALAN] CASHIER FORM : CALCULATE SUBTOTAL
[ADMIN] [1/7/2017 23:25] [PENJUALAN] CASHIER FORM : SUBTOTAL [0]
[ADMIN] [1/7/2017 23:25] [PENJUALAN] CASHIER FORM : cashierDataGridView_CellValueChanged, subtotal value [0]
[ADMIN] [1/7/2017 23:25] [PENJUALAN] CASHIER FORM : cashierDataGridView_CellValueChanged, attempt to calculate total value
[ADMIN] [1/7/2017 23:25] [PENJUALAN] CASHIER FORM : calculateTotal
[ADMIN] [1/7/2017 23:25] [PENJUALAN] CASHIER FORM : calculateTotal [0]
[ADMIN] [1/7/2017 23:25] [PENJUALAN] CASHIER FORM : calculateTotal, totalAfterDisc [0]
[ADMIN] [1/7/2017 23:25] [PENJUALAN] CASHIER FORM : calculateChangeValue, bayarTextBox.Text [0]
[ADMIN] [1/7/2017 23:25] [PENJUALAN] CASHIER FORM : calculateChangeValue, sisaBayar [0]
[ADMIN] [1/7/2017 23:25] [PENJUALAN] CASHIER FORM : cashierDataGridView_CellValueChanged [qty]
[ADMIN] [1/7/2017 23:25] [PENJUALAN] CASHIER FORM : cashierDataGridView_CellValueChanged, previousInput [0]
[ADMIN] [1/7/2017 23:25] [PENJUALAN] CASHIER FORM : cashierDataGridView_CellValueChanged [jumlah]
[ADMIN] [1/7/2017 23:25] [PENJUALAN] CASHIER FORM : calculateTotal
[ADMIN] [1/7/2017 23:25] [PENJUALAN] CASHIER FORM : calculateTotal [0]
[ADMIN] [1/7/2017 23:25] [PENJUALAN] CASHIER FORM : calculateTotal, totalAfterDisc [0]
[ADMIN] [1/7/2017 23:25] [PENJUALAN] CASHIER FORM : calculateChangeValue, bayarTextBox.Text [0]
[ADMIN] [1/7/2017 23:25] [PENJUALAN] CASHIER FORM : calculateChangeValue, sisaBayar [0]
[ADMIN] [1/7/2017 23:25] [PENJUALAN] CASHIER FORM : CHECK STOCK QTY IS ENOUGH [ANF-P1]
[ADMIN] [1/7/2017 23:25] [PENJUALAN] CASHIER FORM : CHECK STOCK QTY IS ENOUGH [73, 1]
[ADMIN] [1/7/2017 23:25] [PENJUALAN] CASHIER FORM : cashierDataGridView_CellValueChanged [qty]
[ADMIN] [1/7/2017 23:25] [PENJUALAN] CASHIER FORM : cashierDataGridView_CellValueChanged, previousInput [0]
[ADMIN] [1/7/2017 23:25] [PENJUALAN] CASHIER FORM : cashierDataGridView_CellValueChanged, cellValue [1]
[ADMIN] [1/7/2017 23:25] [PENJUALAN] CASHIER FORM : cashierDataGridView_CellValueChanged, dataGridViewTextBoxEditingControl.Text pass REGEX Checking
[ADMIN] [1/7/2017 23:25] [PENJUALAN] CASHIER FORM : CHECK STOCK QTY IS ENOUGH [ANF-P1]
[ADMIN] [1/7/2017 23:25] [PENJUALAN] CASHIER FORM : CHECK STOCK QTY IS ENOUGH [73, 1]
[ADMIN] [1/7/2017 23:25] [PENJUALAN] CASHIER FORM : CALCULATE SUBTOTAL
[ADMIN] [1/7/2017 23:25] [PENJUALAN] CASHIER FORM : SUBTOTAL [30000]
[ADMIN] [1/7/2017 23:25] [PENJUALAN] CASHIER FORM : cashierDataGridView_CellValueChanged, subtotal value [30000]
[ADMIN] [1/7/2017 23:25] [PENJUALAN] CASHIER FORM : cashierDataGridView_CellValueChanged, attempt to calculate total value
[ADMIN] [1/7/2017 23:25] [PENJUALAN] CASHIER FORM : calculateTotal
[ADMIN] [1/7/2017 23:25] [PENJUALAN] CASHIER FORM : calculateTotal [30000]
[ADMIN] [1/7/2017 23:25] [PENJUALAN] CASHIER FORM : calculateTotal, totalAfterDisc [30000]
[ADMIN] [1/7/2017 23:25] [PENJUALAN] CASHIER FORM : calculateChangeValue, bayarTextBox.Text [0]
[ADMIN] [1/7/2017 23:25] [PENJUALAN] CASHIER FORM : calculateChangeValue, sisaBayar [0]
[ADMIN] [1/7/2017 23:25] [PENJUALAN] CASHIER FORM : SET QTY TO 1 BECAUSE OF NEW ROW
[ADMIN] [1/7/2017 23:25] [PENJUALAN] CASHIER FORM : CALCULATE SUBTOTAL
[ADMIN] [1/7/2017 23:25] [PENJUALAN] CASHIER FORM : SUBTOTAL [30000]
[ADMIN] [1/7/2017 23:25] [PENJUALAN] CASHIER FORM : calculateTotal
[ADMIN] [1/7/2017 23:25] [PENJUALAN] CASHIER FORM : calculateTotal [30000]
[ADMIN] [1/7/2017 23:25] [PENJUALAN] CASHIER FORM : calculateTotal, totalAfterDisc [30000]
[ADMIN] [1/7/2017 23:25] [PENJUALAN] CASHIER FORM : calculateChangeValue, bayarTextBox.Text [0]
[ADMIN] [1/7/2017 23:25] [PENJUALAN] CASHIER FORM : calculateChangeValue, sisaBayar [0]
[ADMIN] [1/7/2017 23:25] [PENJUALAN] CASHIER FORM : UPDATE ROW NUMBER, TOTAL ROW [2]
[ADMIN] [1/7/2017 23:25] [PENJUALAN] CASHIER FORM : cashierDataGridView_CellValueChanged [F8]
[ADMIN] [1/7/2017 23:25] [PENJUALAN] CASHIER FORM : REGISTER HOTKEY
[ADMIN] [1/7/2017 23:25] [PENJUALAN] CASHIER FORM : Combobox_KeyUp, cashierDataGridView.CurrentCell.OwningColumn.Name  [qty]
[ADMIN] [1/7/2017 23:25] [PENJUALAN] CASHIER FORM : UNREGISTER HOTKEY
[ADMIN] [1/7/2017 23:25] [PENJUALAN] CASHIER FORM : UNREGISTER HOTKEY
[ADMIN] [1/7/2017 23:25] [] USER ID = 1LOGOUT
