[] [27/08/2016 11:47] [] USER = ADMIN IS ACTIVE
[ADMIN] [27/08/2016 11:47] [] USER ID = 1 LOGIN SUCCESSFULLY
[ADMIN] [27/08/2016 11:47] [] ACTIVATE USER ACCESS RIGHT
[ADMIN] [27/08/2016 11:48] [] DISPLAY ADMIN FORM
[ADMIN] [27/08/2016 11:48] [] adminForm Load
[ADMIN] [27/08/2016 11:48] [] CREATE PRODUCT_PHOTO FOLDER
[ADMIN] [27/08/2016 11:48] [] ACTIVATE USER ACCESS RIGHT
[] [27/08/2016 12:05] [] USER = ADMIN IS ACTIVE
[ADMIN] [27/08/2016 12:05] [] USER ID = 1 LOGIN SUCCESSFULLY
[ADMIN] [27/08/2016 12:05] [] ACTIVATE USER ACCESS RIGHT
[ADMIN] [27/08/2016 12:05] [] DISPLAY ADMIN FORM
[ADMIN] [27/08/2016 12:05] [] adminForm Load
[ADMIN] [27/08/2016 12:05] [] ACTIVATE USER ACCESS RIGHT
[] [27/08/2016 12:07] [] USER = ADMIN IS ACTIVE
[ADMIN] [27/08/2016 12:07] [] USER ID = 1 LOGIN SUCCESSFULLY
[ADMIN] [27/08/2016 12:07] [] ACTIVATE USER ACCESS RIGHT
[ADMIN] [27/08/2016 12:07] [] DISPLAY ADMIN FORM
[ADMIN] [27/08/2016 12:07] [] adminForm Load
[ADMIN] [27/08/2016 12:07] [] ACTIVATE USER ACCESS RIGHT
[] [27/08/2016 12:11] [] USER = ADMIN IS ACTIVE
[ADMIN] [27/08/2016 12:11] [] USER ID = 1 LOGIN SUCCESSFULLY
[ADMIN] [27/08/2016 12:11] [] ACTIVATE USER ACCESS RIGHT
[ADMIN] [27/08/2016 12:11] [] DISPLAY ADMIN FORM
[ADMIN] [27/08/2016 12:11] [] adminForm Load
[ADMIN] [27/08/2016 12:11] [] ACTIVATE USER ACCESS RIGHT
[] [27/08/2016 12:12] [] USER = ADMIN IS ACTIVE
[ADMIN] [27/08/2016 12:12] [] USER ID = 1 LOGIN SUCCESSFULLY
[ADMIN] [27/08/2016 12:13] [] ACTIVATE USER ACCESS RIGHT
[ADMIN] [27/08/2016 12:13] [] DISPLAY ADMIN FORM
[ADMIN] [27/08/2016 12:13] [] adminForm Load
[ADMIN] [27/08/2016 12:13] [] ACTIVATE USER ACCESS RIGHT
[] [27/08/2016 12:14] [] USER = ADMIN IS ACTIVE
[ADMIN] [27/08/2016 12:14] [] USER ID = 1 LOGIN SUCCESSFULLY
[ADMIN] [27/08/2016 12:14] [] ACTIVATE USER ACCESS RIGHT
[ADMIN] [27/08/2016 12:14] [] DISPLAY ADMIN FORM
[ADMIN] [27/08/2016 12:14] [] adminForm Load
[ADMIN] [27/08/2016 12:14] [] ACTIVATE USER ACCESS RIGHT
[] [27/08/2016 12:15] [] USER = ADMIN IS ACTIVE
[ADMIN] [27/08/2016 12:15] [] USER ID = 1 LOGIN SUCCESSFULLY
[ADMIN] [27/08/2016 12:15] [] ACTIVATE USER ACCESS RIGHT
[ADMIN] [27/08/2016 12:15] [] DISPLAY ADMIN FORM
[ADMIN] [27/08/2016 12:15] [] adminForm Load
[ADMIN] [27/08/2016 12:15] [] ACTIVATE USER ACCESS RIGHT
[] [27/08/2016 12:15] [] USER = ADMIN IS ACTIVE
[ADMIN] [27/08/2016 12:15] [] USER ID = 1 LOGIN SUCCESSFULLY
[ADMIN] [27/08/2016 12:15] [] ACTIVATE USER ACCESS RIGHT
[ADMIN] [27/08/2016 12:15] [] DISPLAY ADMIN FORM
[ADMIN] [27/08/2016 12:15] [] adminForm Load
[ADMIN] [27/08/2016 12:15] [] ACTIVATE USER ACCESS RIGHT
[] [27/08/2016 12:16] [] USER = ADMIN IS ACTIVE
[ADMIN] [27/08/2016 12:16] [] USER ID = 1 LOGIN SUCCESSFULLY
[ADMIN] [27/08/2016 12:16] [] ACTIVATE USER ACCESS RIGHT
[ADMIN] [27/08/2016 12:16] [] DISPLAY ADMIN FORM
[ADMIN] [27/08/2016 12:16] [] adminForm Load
[ADMIN] [27/08/2016 12:16] [] ACTIVATE USER ACCESS RIGHT
[ADMIN] [27/08/2016 12:22] [TAMBAH / UPDATE PRODUK] INSERT NEW PRODUCT [8999999006204]
[ADMIN] [27/08/2016 12:22] [TAMBAH / UPDATE PRODUK] INSERT PRODUCT CATEGORY FOR [8999999006204]
[ADMIN] [27/08/2016 12:24] [TAMBAH / UPDATE PRODUK] INSERT NEW PRODUCT [8999999407896]
[ADMIN] [27/08/2016 12:24] [TAMBAH / UPDATE PRODUK] INSERT PRODUCT CATEGORY FOR [8999999407896]
[ADMIN] [27/08/2016 12:25] [TAMBAH / UPDATE PRODUK] INSERT NEW PRODUCT [8999999407872]
[ADMIN] [27/08/2016 12:25] [TAMBAH / UPDATE PRODUK] INSERT PRODUCT CATEGORY FOR [8999999407872]
[ADMIN] [27/08/2016 12:27] [TAMBAH / UPDATE PRODUK] INSERT NEW PRODUCT [8999999407919]
[ADMIN] [27/08/2016 12:27] [TAMBAH / UPDATE PRODUK] INSERT PRODUCT CATEGORY FOR [8999999407919]
[ADMIN] [27/08/2016 12:29] [TAMBAH / UPDATE PRODUK] INSERT NEW PRODUCT [8999999032982]
[ADMIN] [27/08/2016 12:29] [TAMBAH / UPDATE PRODUK] INSERT PRODUCT CATEGORY FOR [8999999032982]
[ADMIN] [27/08/2016 12:48] [TAMBAH / UPDATE PRODUK] INSERT NEW PRODUCT [8999999406943]
[ADMIN] [27/08/2016 12:48] [TAMBAH / UPDATE PRODUK] INSERT PRODUCT CATEGORY FOR [8999999406943]
[ADMIN] [27/08/2016 12:49] [TAMBAH / UPDATE PRODUK] INSERT NEW PRODUCT [8999999406929]
[ADMIN] [27/08/2016 12:49] [TAMBAH / UPDATE PRODUK] INSERT PRODUCT CATEGORY FOR [8999999406929]
[ADMIN] [27/08/2016 12:49] [] USER ID = 1LOGOUT
