[] [1/9/2017 15:34] [] USER = ADMIN IS ACTIVE
[ADMIN] [1/9/2017 15:34] [] USER ID = 1 LOGIN SUCCESSFULLY
[ADMIN] [1/9/2017 15:34] [] ACTIVATE USER ACCESS RIGHT
[ADMIN] [1/9/2017 15:34] [] DISPLAY ADMIN FORM
[ADMIN] [1/9/2017 15:34] [] adminForm Load
[ADMIN] [1/9/2017 15:34] [] ACTIVATE USER ACCESS RIGHT
[ADMIN] [1/9/2017 15:35] [MUTASI BARANG] MUTASI BARANG : detailRequestOrderDataGridView_CellValueChanged [productID]
[ADMIN] [1/9/2017 15:35] [MUTASI BARANG] MUTASI BARANG : detailRequestOrderDataGridView_CellValueChanged [productID]
[ADMIN] [1/9/2017 15:35] [MUTASI BARANG] MUTASI BARANG : detailRequestOrderDataGridView_CellValueChanged [productName]
[ADMIN] [1/9/2017 15:35] [MUTASI BARANG] updateSomeRowsContent, PRODUCT_BASE_PRICE [26625]
[ADMIN] [1/9/2017 15:35] [MUTASI BARANG] MUTASI BARANG : detailRequestOrderDataGridView_CellValueChanged [hpp]
[ADMIN] [1/9/2017 15:35] [MUTASI BARANG] MUTASI BARANG : detailRequestOrderDataGridView_CellValueChanged [qty]
[ADMIN] [1/9/2017 15:35] [MUTASI BARANG] MUTASI BARANG : detailRequestOrderDataGridView_CellValueChanged [subtotal]
[ADMIN] [1/9/2017 15:35] [MUTASI BARANG] updateSomeRowsContent, attempt to calculate total
[ADMIN] [1/9/2017 15:35] [MUTASI BARANG] MUTASI BARANG : detailRequestOrderDataGridView_CellValueChanged [expiryDateValue]
[ADMIN] [1/9/2017 15:35] [MUTASI BARANG] MUTASI BARANG : detailRequestOrderDataGridView_CellValueChanged [expiryDate]
[ADMIN] [1/9/2017 15:35] [MUTASI BARANG] MUTASI BARANG : detailRequestOrderDataGridView_CellValueChanged [qty]
[ADMIN] [1/9/2017 15:35] [MUTASI BARANG] MUTASI BARANG : detailRequestOrderDataGridView_CellValueChanged [subtotal]
[ADMIN] [1/9/2017 15:35] [MUTASI BARANG] MUTASI BARANG : detailRequestOrderDataGridView_CellValueChanged [subtotal]
[ADMIN] [1/9/2017 15:35] [MUTASI BARANG] MUTASI BARANG : detailRequestOrderDataGridView_CellValueChanged [expiryDateValue]
[ADMIN] [1/9/2017 15:35] [MUTASI BARANG] MUTASI BARANG : detailRequestOrderDataGridView_CellValueChanged [expiryDate]
[ADMIN] [1/9/2017 15:35] [MUTASI BARANG] MUTASI BARANG : detailRequestOrderDataGridView_CellValueChanged [expiryDateValue]
[ADMIN] [1/9/2017 15:35] [MUTASI BARANG] MUTASI BARANG : detailRequestOrderDataGridView_CellValueChanged [expiryDate]
[ADMIN] [1/9/2017 15:35] [MUTASI BARANG] MUTASI BARANG : detailRequestOrderDataGridView_CellValueChanged [qty]
[ADMIN] [1/9/2017 15:35] [MUTASI BARANG] MUTASI BARANG : detailRequestOrderDataGridView_CellValueChanged [qty]
[ADMIN] [1/9/2017 15:35] [MUTASI BARANG] MUTASI BARANG : detailRequestOrderDataGridView_CellValueChanged [qty]
[ADMIN] [1/9/2017 15:35] [MUTASI BARANG] MUTASI BARANG : detailRequestOrderDataGridView_CellValueChanged [subtotal]
[ADMIN] [1/9/2017 15:35] [MUTASI BARANG] MUTASI BARANG : detailRequestOrderDataGridView_CellValueChanged [qty]
[ADMIN] [1/9/2017 15:35] [MUTASI BARANG] MUTASI BARANG : detailRequestOrderDataGridView_CellValueChanged [qty]
[ADMIN] [1/9/2017 15:35] [MUTASI BARANG] MUTASI BARANG : detailRequestOrderDataGridView_CellValueChanged [qty]
[ADMIN] [1/9/2017 15:35] [MUTASI BARANG] MUTASI BARANG : detailRequestOrderDataGridView_CellValueChanged [qty]
[ADMIN] [1/9/2017 15:35] [MUTASI BARANG] MUTASI BARANG : detailRequestOrderDataGridView_CellValueChanged [subtotal]
[ADMIN] [1/9/2017 15:35] [] USER ID = 1LOGOUT
