[] [1/19/2017 21:50] [] USER = ADMIN IS ACTIVE
[ADMIN] [1/19/2017 21:50] [] USER ID = 1 LOGIN SUCCESSFULLY
[ADMIN] [1/19/2017 21:50] [] ACTIVATE USER ACCESS RIGHT
[ADMIN] [1/19/2017 21:50] [] DISPLAY ADMIN FORM
[ADMIN] [1/19/2017 21:50] [] adminForm Load
[ADMIN] [1/19/2017 21:50] [] ACTIVATE USER ACCESS RIGHT
[ADMIN] [1/19/2017 21:50] [PENJUALAN] CASHIER FORM : REGISTER HOTKEY
[ADMIN] [1/19/2017 21:50] [PENJUALAN] CASHIER FORM : cashierForm_Load, ATTEMPT TO LOAD NO FAKTUR
[ADMIN] [1/19/2017 21:50] [PENJUALAN] CASHIER FORM : loadNoFaktur, noFakturValue [SLO001]
[ADMIN] [1/19/2017 21:50] [PENJUALAN] CASHIER FORM : cashierForm_Load, ATTEMPT TO addColumnToDataGrid
[ADMIN] [1/19/2017 21:50] [PENJUALAN] CASHIER FORM : UPDATE ROW NUMBER, TOTAL ROW [1]
[ADMIN] [1/19/2017 21:50] [PENJUALAN] CASHIER FORM : calculateTotal
[ADMIN] [1/19/2017 21:50] [PENJUALAN] CASHIER FORM : calculateTotal [0]
[ADMIN] [1/19/2017 21:50] [PENJUALAN] CASHIER FORM : calculateTotal, totalAfterDisc [0]
[ADMIN] [1/19/2017 21:50] [PENJUALAN] CASHIER FORM : calculateChangeValue, bayarTextBox.Text [0]
[ADMIN] [1/19/2017 21:50] [PENJUALAN] CASHIER FORM : calculateChangeValue, sisaBayar [0]
[ADMIN] [1/19/2017 21:50] [PENJUALAN] CASHIER FORM : ADD NEW ROW,  isActive [True]
[ADMIN] [1/19/2017 21:50] [PENJUALAN] CASHIER FORM : ADD NEW ROW,  ROW COUNT [0]
[ADMIN] [1/19/2017 21:50] [PENJUALAN] CASHIER FORM : ADD NEW ROW,  ALLOW TO ADD [True]
[ADMIN] [1/19/2017 21:50] [PENJUALAN] CASHIER FORM : UPDATE ROW NUMBER, TOTAL ROW [1]
[ADMIN] [1/19/2017 21:50] [PENJUALAN] CASHIER FORM : ADD NEW ROW,  isActive [True]
[ADMIN] [1/19/2017 21:50] [PENJUALAN] CASHIER FORM : ADD NEW ROW,  ROW COUNT [1]
[ADMIN] [1/19/2017 21:50] [PENJUALAN] CASHIER FORM : ADD NEW ROW,  ALLOW TO ADD [True]
[ADMIN] [1/19/2017 21:50] [PENJUALAN] CASHIER FORM : UPDATE ROW NUMBER, TOTAL ROW [2]
[ADMIN] [1/19/2017 21:50] [PENJUALAN] CASHIER FORM : UPDATE ROW NUMBER, TOTAL ROW [3]
[ADMIN] [1/19/2017 21:50] [PENJUALAN] CASHIER FORM : cashierDataGridView_CellValueChanged [F8]
[ADMIN] [1/19/2017 21:50] [PENJUALAN] CASHIER FORM : REGISTER HOTKEY
[ADMIN] [1/19/2017 21:50] [PENJUALAN] CASHIER FORM : cashierDataGridView_CellValueChanged [disc2]
[ADMIN] [1/19/2017 21:50] [PENJUALAN] CASHIER FORM : cashierDataGridView_CellValueChanged, previousInput [0]
[ADMIN] [1/19/2017 21:50] [PENJUALAN] CASHIER FORM : cashierDataGridView_CellValueChanged, cellValue [2]
[ADMIN] [1/19/2017 21:50] [PENJUALAN] CASHIER FORM : cashierDataGridView_CellValueChanged, dataGridViewTextBoxEditingControl.Text pass REGEX Checking
[ADMIN] [1/19/2017 21:50] [PENJUALAN] CASHIER FORM : CALCULATE SUBTOTAL
[ADMIN] [1/19/2017 21:50] [PENJUALAN] CASHIER FORM : SUBTOTAL [19600]
[ADMIN] [1/19/2017 21:50] [PENJUALAN] CASHIER FORM : cashierDataGridView_CellValueChanged, subtotal value [19600]
[ADMIN] [1/19/2017 21:50] [PENJUALAN] CASHIER FORM : cashierDataGridView_CellValueChanged, attempt to calculate total value
[ADMIN] [1/19/2017 21:50] [PENJUALAN] CASHIER FORM : calculateTotal
[ADMIN] [1/19/2017 21:50] [PENJUALAN] CASHIER FORM : calculateTotal [19700]
[ADMIN] [1/19/2017 21:50] [PENJUALAN] CASHIER FORM : calculateTotal, totalAfterDisc [19700]
[ADMIN] [1/19/2017 21:50] [PENJUALAN] CASHIER FORM : calculateChangeValue, bayarTextBox.Text [Rp20.100]
[ADMIN] [1/19/2017 21:50] [PENJUALAN] CASHIER FORM : calculateChangeValue, sisaBayar [400]
[ADMIN] [1/19/2017 21:50] [PENJUALAN] CASHIER FORM : Combobox_KeyUp, cashierDataGridView.CurrentCell.OwningColumn.Name  [disc2]
[ADMIN] [1/19/2017 21:50] [PENJUALAN] CASHIER FORM : cashierDataGridView_CellValueChanged [disc2]
[ADMIN] [1/19/2017 21:50] [PENJUALAN] CASHIER FORM : cashierDataGridView_CellValueChanged, previousInput [2]
[ADMIN] [1/19/2017 21:50] [PENJUALAN] CASHIER FORM : cashierDataGridView_CellValueChanged, dataGridViewTextBoxEditingControl.Text pass REGEX Checking
[ADMIN] [1/19/2017 21:50] [PENJUALAN] CASHIER FORM : CALCULATE SUBTOTAL
[ADMIN] [1/19/2017 21:50] [PENJUALAN] CASHIER FORM : SUBTOTAL [16000]
[ADMIN] [1/19/2017 21:50] [PENJUALAN] CASHIER FORM : cashierDataGridView_CellValueChanged, subtotal value [16000]
[ADMIN] [1/19/2017 21:50] [PENJUALAN] CASHIER FORM : cashierDataGridView_CellValueChanged, attempt to calculate total value
[ADMIN] [1/19/2017 21:50] [PENJUALAN] CASHIER FORM : calculateTotal
[ADMIN] [1/19/2017 21:50] [PENJUALAN] CASHIER FORM : calculateTotal [16100]
[ADMIN] [1/19/2017 21:50] [PENJUALAN] CASHIER FORM : calculateTotal, totalAfterDisc [16100]
[ADMIN] [1/19/2017 21:50] [PENJUALAN] CASHIER FORM : calculateChangeValue, bayarTextBox.Text [Rp20.100]
[ADMIN] [1/19/2017 21:50] [PENJUALAN] CASHIER FORM : calculateChangeValue, sisaBayar [4000]
[ADMIN] [1/19/2017 21:50] [PENJUALAN] CASHIER FORM : Combobox_KeyUp, cashierDataGridView.CurrentCell.OwningColumn.Name  [disc2]
[ADMIN] [1/19/2017 21:50] [PENJUALAN] CASHIER FORM : cashierDataGridView_CellValueChanged [discRP]
[ADMIN] [1/19/2017 21:50] [PENJUALAN] CASHIER FORM : cashierDataGridView_CellValueChanged, previousInput [0]
[ADMIN] [1/19/2017 21:50] [PENJUALAN] CASHIER FORM : cashierDataGridView_CellValueChanged, cellValue [5]
[ADMIN] [1/19/2017 21:50] [PENJUALAN] CASHIER FORM : cashierDataGridView_CellValueChanged, dataGridViewTextBoxEditingControl.Text pass REGEX Checking
[ADMIN] [1/19/2017 21:50] [PENJUALAN] CASHIER FORM : CALCULATE SUBTOTAL
[ADMIN] [1/19/2017 21:50] [PENJUALAN] CASHIER FORM : SUBTOTAL [95]
[ADMIN] [1/19/2017 21:50] [PENJUALAN] CASHIER FORM : cashierDataGridView_CellValueChanged, subtotal value [95]
[ADMIN] [1/19/2017 21:50] [PENJUALAN] CASHIER FORM : cashierDataGridView_CellValueChanged, attempt to calculate total value
[ADMIN] [1/19/2017 21:50] [PENJUALAN] CASHIER FORM : calculateTotal
[ADMIN] [1/19/2017 21:50] [PENJUALAN] CASHIER FORM : calculateTotal [16095]
[ADMIN] [1/19/2017 21:50] [PENJUALAN] CASHIER FORM : calculateTotal, totalAfterDisc [16095]
[ADMIN] [1/19/2017 21:50] [PENJUALAN] CASHIER FORM : calculateChangeValue, bayarTextBox.Text [Rp20.100]
[ADMIN] [1/19/2017 21:50] [PENJUALAN] CASHIER FORM : calculateChangeValue, sisaBayar [4005]
[ADMIN] [1/19/2017 21:50] [PENJUALAN] CASHIER FORM : Combobox_KeyUp, cashierDataGridView.CurrentCell.OwningColumn.Name  [discRP]
[ADMIN] [1/19/2017 21:50] [PENJUALAN] CASHIER FORM : cashierDataGridView_CellValueChanged [discRP]
[ADMIN] [1/19/2017 21:50] [PENJUALAN] CASHIER FORM : cashierDataGridView_CellValueChanged, previousInput [5]
[ADMIN] [1/19/2017 21:50] [PENJUALAN] CASHIER FORM : cashierDataGridView_CellValueChanged, dataGridViewTextBoxEditingControl.Text pass REGEX Checking
[ADMIN] [1/19/2017 21:50] [PENJUALAN] CASHIER FORM : CALCULATE SUBTOTAL
[ADMIN] [1/19/2017 21:50] [PENJUALAN] CASHIER FORM : SUBTOTAL [50]
[ADMIN] [1/19/2017 21:50] [PENJUALAN] CASHIER FORM : cashierDataGridView_CellValueChanged, subtotal value [50]
[ADMIN] [1/19/2017 21:50] [PENJUALAN] CASHIER FORM : cashierDataGridView_CellValueChanged, attempt to calculate total value
[ADMIN] [1/19/2017 21:50] [PENJUALAN] CASHIER FORM : calculateTotal
[ADMIN] [1/19/2017 21:50] [PENJUALAN] CASHIER FORM : calculateTotal [16050]
[ADMIN] [1/19/2017 21:50] [PENJUALAN] CASHIER FORM : calculateTotal, totalAfterDisc [16050]
[ADMIN] [1/19/2017 21:50] [PENJUALAN] CASHIER FORM : calculateChangeValue, bayarTextBox.Text [Rp20.100]
[ADMIN] [1/19/2017 21:50] [PENJUALAN] CASHIER FORM : calculateChangeValue, sisaBayar [4050]
[ADMIN] [1/19/2017 21:50] [PENJUALAN] CASHIER FORM : Combobox_KeyUp, cashierDataGridView.CurrentCell.OwningColumn.Name  [discRP]
[ADMIN] [1/19/2017 21:50] [PENJUALAN] CASHIER FORM : HOTKEY TO SAVE AND PRINT OUT INVOICE PRESSED
[ADMIN] [1/19/2017 21:50] [PENJUALAN] CASHIER FORM : UNREGISTER HOTKEY
[ADMIN] [1/19/2017 21:50] [PENJUALAN] CASHIER FORM : REGISTER HOTKEY
[ADMIN] [1/19/2017 21:50] [PENJUALAN] ATTEMPT TO SAVE AND PRINT OUT INVOICE
[ADMIN] [1/19/2017 21:50] [PENJUALAN] CASHIER FORM : UNREGISTER HOTKEY
[ADMIN] [1/19/2017 21:50] [PENJUALAN] CASHIER FORM : ATTEMPT TO SAVE SALES DATA [19-01-2017 21:50]
[ADMIN] [1/19/2017 21:50] [PENJUALAN] CASHIER FORM : SALES DISC FINAL [0]
[ADMIN] [1/19/2017 21:50] [PENJUALAN] CASHIER FORM : CASH SALES
[ADMIN] [1/19/2017 21:50] [PENJUALAN] UPDATE SALES HEADER [SLO001-34]
[ADMIN] [1/19/2017 21:50] [PENJUALAN] DELETE SALES DETAIL EXPIRY [SLO001-34]
[ADMIN] [1/19/2017 21:50] [PENJUALAN] RETURN SALES DETAIL AMOUNT [SLO001-34]
[ADMIN] [1/19/2017 21:50] [PENJUALAN] RETURN SALES DETAIL AMOUNT [SLO001-34]
[ADMIN] [1/19/2017 21:50] [PENJUALAN] DELETE SALES DETAIL[SLO001-34]
[ADMIN] [1/19/2017 21:50] [PENJUALAN] INSERT INTO SALES DETAIL[PROD11JAN, 10000, 2]
[ADMIN] [1/19/2017 21:50] [PENJUALAN] REDUCE STOCK AT MASTER PRODUCT [PROD11JAN]
[ADMIN] [1/19/2017 21:50] [PENJUALAN] REDUCE STOCK AT PRODUCT_EXPIRY LOT [15]
[ADMIN] [1/19/2017 21:50] [PENJUALAN] SAVE PRODUCT LOT INFORMATION FOR EACH ITEM AND AMOUNT
[ADMIN] [1/19/2017 21:50] [PENJUALAN] UPDATE CUSTOMER PRODUCT DISC [PROD11JAN]
[ADMIN] [1/19/2017 21:50] [PENJUALAN] INSERT INTO SALES DETAIL[PROD11JAN_2, 100, 1]
[ADMIN] [1/19/2017 21:50] [PENJUALAN] REDUCE STOCK AT MASTER PRODUCT [PROD11JAN_2]
[ADMIN] [1/19/2017 21:50] [PENJUALAN] REDUCE STOCK AT PRODUCT_EXPIRY LOT [10]
[ADMIN] [1/19/2017 21:50] [PENJUALAN] SAVE PRODUCT LOT INFORMATION FOR EACH ITEM AND AMOUNT
[ADMIN] [1/19/2017 21:50] [PENJUALAN] UPDATE CUSTOMER PRODUCT DISC [PROD11JAN_2]
[ADMIN] [1/19/2017 21:50] [PENJUALAN] UPDATE CREDIT TABLE [SLO001-34]
[ADMIN] [1/19/2017 21:50] [PENJUALAN] INSERT TO DAILY JOURNAL TABLE [4050]
[ADMIN] [1/19/2017 21:50] [PENJUALAN] TRANSACTION SAVED
[ADMIN] [1/19/2017 21:50] [PENJUALAN] PRINT OUT INVOICE
[ADMIN] [1/19/2017 21:50] [PENJUALAN] CASHIER FORM : PrintReceipt
[ADMIN] [1/19/2017 21:50] [PENJUALAN] CASHIER FORM : PrintReceipt, POS size Paper
[ADMIN] [1/19/2017 21:50] [PENJUALAN] CASHIER FORM : loadInfoToko
[ADMIN] [1/19/2017 21:50] [PENJUALAN] CASHIER FORM : calculatePageLength, totalLengthPage [411]
[ADMIN] [1/19/2017 21:51] [PENJUALAN] CASHIER FORM : UPDATE ROW NUMBER, TOTAL ROW [1]
[ADMIN] [1/19/2017 21:51] [PENJUALAN] CASHIER FORM : cashierDataGridView_CellValueChanged [F8]
[ADMIN] [1/19/2017 21:52] [PENJUALAN] CASHIER FORM : REGISTER HOTKEY
[ADMIN] [1/19/2017 21:52] [PENJUALAN] CASHIER FORM : UNREGISTER HOTKEY
[ADMIN] [1/19/2017 21:52] [PENJUALAN] CASHIER FORM : UNREGISTER HOTKEY
[ADMIN] [1/19/2017 21:52] [PENJUALAN] CASHIER FORM : REGISTER HOTKEY
[ADMIN] [1/19/2017 21:52] [PENJUALAN] CASHIER FORM : cashierForm_Load, ATTEMPT TO LOAD NO FAKTUR
[ADMIN] [1/19/2017 21:52] [PENJUALAN] CASHIER FORM : loadNoFaktur, noFakturValue [SLO001]
[ADMIN] [1/19/2017 21:52] [PENJUALAN] CASHIER FORM : cashierForm_Load, ATTEMPT TO addColumnToDataGrid
[ADMIN] [1/19/2017 21:52] [PENJUALAN] CASHIER FORM : UPDATE ROW NUMBER, TOTAL ROW [1]
[ADMIN] [1/19/2017 21:52] [PENJUALAN] CASHIER FORM : calculateTotal
[ADMIN] [1/19/2017 21:52] [PENJUALAN] CASHIER FORM : calculateTotal [0]
[ADMIN] [1/19/2017 21:52] [PENJUALAN] CASHIER FORM : calculateTotal, totalAfterDisc [0]
[ADMIN] [1/19/2017 21:52] [PENJUALAN] CASHIER FORM : calculateChangeValue, bayarTextBox.Text [0]
[ADMIN] [1/19/2017 21:52] [PENJUALAN] CASHIER FORM : calculateChangeValue, sisaBayar [0]
[ADMIN] [1/19/2017 21:52] [PENJUALAN] CASHIER FORM : ADD NEW ROW,  isActive [True]
[ADMIN] [1/19/2017 21:52] [PENJUALAN] CASHIER FORM : ADD NEW ROW,  ROW COUNT [0]
[ADMIN] [1/19/2017 21:52] [PENJUALAN] CASHIER FORM : ADD NEW ROW,  ALLOW TO ADD [True]
[ADMIN] [1/19/2017 21:52] [PENJUALAN] CASHIER FORM : UPDATE ROW NUMBER, TOTAL ROW [1]
[ADMIN] [1/19/2017 21:52] [PENJUALAN] CASHIER FORM : ADD NEW ROW,  isActive [True]
[ADMIN] [1/19/2017 21:52] [PENJUALAN] CASHIER FORM : ADD NEW ROW,  ROW COUNT [1]
[ADMIN] [1/19/2017 21:52] [PENJUALAN] CASHIER FORM : ADD NEW ROW,  ALLOW TO ADD [True]
[ADMIN] [1/19/2017 21:52] [PENJUALAN] CASHIER FORM : UPDATE ROW NUMBER, TOTAL ROW [2]
[ADMIN] [1/19/2017 21:52] [PENJUALAN] CASHIER FORM : UPDATE ROW NUMBER, TOTAL ROW [3]
[ADMIN] [1/19/2017 21:52] [PENJUALAN] CASHIER FORM : cashierDataGridView_CellValueChanged [F8]
[ADMIN] [1/19/2017 21:52] [PENJUALAN] CASHIER FORM : REGISTER HOTKEY
[ADMIN] [1/19/2017 21:52] [PENJUALAN] CASHIER FORM : cashierDataGridView_CellValueChanged [disc1]
[ADMIN] [1/19/2017 21:52] [PENJUALAN] CASHIER FORM : cashierDataGridView_CellValueChanged, previousInput [0]
[ADMIN] [1/19/2017 21:52] [PENJUALAN] CASHIER FORM : cashierDataGridView_CellValueChanged, cellValue [1]
[ADMIN] [1/19/2017 21:52] [PENJUALAN] CASHIER FORM : cashierDataGridView_CellValueChanged, dataGridViewTextBoxEditingControl.Text pass REGEX Checking
[ADMIN] [1/19/2017 21:52] [PENJUALAN] CASHIER FORM : CALCULATE SUBTOTAL
[ADMIN] [1/19/2017 21:52] [PENJUALAN] CASHIER FORM : SUBTOTAL [15840]
[ADMIN] [1/19/2017 21:52] [PENJUALAN] CASHIER FORM : cashierDataGridView_CellValueChanged, subtotal value [15840]
[ADMIN] [1/19/2017 21:52] [PENJUALAN] CASHIER FORM : cashierDataGridView_CellValueChanged, attempt to calculate total value
[ADMIN] [1/19/2017 21:52] [PENJUALAN] CASHIER FORM : calculateTotal
[ADMIN] [1/19/2017 21:52] [PENJUALAN] CASHIER FORM : calculateTotal [15890]
[ADMIN] [1/19/2017 21:52] [PENJUALAN] CASHIER FORM : calculateTotal, totalAfterDisc [15890]
[ADMIN] [1/19/2017 21:52] [PENJUALAN] CASHIER FORM : calculateChangeValue, bayarTextBox.Text [Rp16.050]
[ADMIN] [1/19/2017 21:52] [PENJUALAN] CASHIER FORM : calculateChangeValue, sisaBayar [160]
[ADMIN] [1/19/2017 21:52] [PENJUALAN] CASHIER FORM : Combobox_KeyUp, cashierDataGridView.CurrentCell.OwningColumn.Name  [disc1]
[ADMIN] [1/19/2017 21:52] [PENJUALAN] CASHIER FORM : cashierDataGridView_CellValueChanged [disc1]
[ADMIN] [1/19/2017 21:52] [PENJUALAN] CASHIER FORM : cashierDataGridView_CellValueChanged, previousInput [1]
[ADMIN] [1/19/2017 21:52] [PENJUALAN] CASHIER FORM : cashierDataGridView_CellValueChanged, dataGridViewTextBoxEditingControl.Text pass REGEX Checking
[ADMIN] [1/19/2017 21:52] [PENJUALAN] CASHIER FORM : CALCULATE SUBTOTAL
[ADMIN] [1/19/2017 21:52] [PENJUALAN] CASHIER FORM : SUBTOTAL [14400]
[ADMIN] [1/19/2017 21:52] [PENJUALAN] CASHIER FORM : cashierDataGridView_CellValueChanged, subtotal value [14400]
[ADMIN] [1/19/2017 21:52] [PENJUALAN] CASHIER FORM : cashierDataGridView_CellValueChanged, attempt to calculate total value
[ADMIN] [1/19/2017 21:52] [PENJUALAN] CASHIER FORM : calculateTotal
[ADMIN] [1/19/2017 21:52] [PENJUALAN] CASHIER FORM : calculateTotal [14450]
[ADMIN] [1/19/2017 21:52] [PENJUALAN] CASHIER FORM : calculateTotal, totalAfterDisc [14450]
[ADMIN] [1/19/2017 21:52] [PENJUALAN] CASHIER FORM : calculateChangeValue, bayarTextBox.Text [Rp16.050]
[ADMIN] [1/19/2017 21:52] [PENJUALAN] CASHIER FORM : calculateChangeValue, sisaBayar [1600]
[ADMIN] [1/19/2017 21:52] [PENJUALAN] CASHIER FORM : Combobox_KeyUp, cashierDataGridView.CurrentCell.OwningColumn.Name  [disc1]
[ADMIN] [1/19/2017 21:52] [PENJUALAN] CASHIER FORM : HOTKEY TO SAVE AND PRINT OUT INVOICE PRESSED
[ADMIN] [1/19/2017 21:52] [PENJUALAN] CASHIER FORM : UNREGISTER HOTKEY
[ADMIN] [1/19/2017 21:52] [PENJUALAN] CASHIER FORM : REGISTER HOTKEY
[ADMIN] [1/19/2017 21:52] [PENJUALAN] ATTEMPT TO SAVE AND PRINT OUT INVOICE
[ADMIN] [1/19/2017 21:52] [PENJUALAN] CASHIER FORM : UNREGISTER HOTKEY
[ADMIN] [1/19/2017 21:52] [PENJUALAN] CASHIER FORM : ATTEMPT TO SAVE SALES DATA [19-01-2017 21:52]
[ADMIN] [1/19/2017 21:52] [PENJUALAN] CASHIER FORM : SALES DISC FINAL [0]
[ADMIN] [1/19/2017 21:52] [PENJUALAN] CASHIER FORM : CASH SALES
[ADMIN] [1/19/2017 21:52] [PENJUALAN] UPDATE SALES HEADER [SLO001-34]
[ADMIN] [1/19/2017 21:52] [PENJUALAN] RETURN SALES DETAIL EXPIRY AMOUNT [SLO001-34]
[ADMIN] [1/19/2017 21:52] [PENJUALAN] RETURN SALES DETAIL EXPIRY AMOUNT [SLO001-34]
[ADMIN] [1/19/2017 21:52] [PENJUALAN] DELETE SALES DETAIL EXPIRY [SLO001-34]
[ADMIN] [1/19/2017 21:52] [PENJUALAN] RETURN SALES DETAIL AMOUNT [SLO001-34]
[ADMIN] [1/19/2017 21:52] [PENJUALAN] RETURN SALES DETAIL AMOUNT [SLO001-34]
[ADMIN] [1/19/2017 21:52] [PENJUALAN] DELETE SALES DETAIL[SLO001-34]
[ADMIN] [1/19/2017 21:52] [PENJUALAN] INSERT INTO SALES DETAIL[PROD11JAN, 10000, 2]
[ADMIN] [1/19/2017 21:52] [PENJUALAN] REDUCE STOCK AT MASTER PRODUCT [PROD11JAN]
[ADMIN] [1/19/2017 21:52] [PENJUALAN] REDUCE STOCK AT PRODUCT_EXPIRY LOT [15]
[ADMIN] [1/19/2017 21:52] [PENJUALAN] SAVE PRODUCT LOT INFORMATION FOR EACH ITEM AND AMOUNT
[ADMIN] [1/19/2017 21:52] [PENJUALAN] UPDATE CUSTOMER PRODUCT DISC [PROD11JAN]
[ADMIN] [1/19/2017 21:52] [PENJUALAN] INSERT INTO SALES DETAIL[PROD11JAN_2, 100, 1]
[ADMIN] [1/19/2017 21:52] [PENJUALAN] REDUCE STOCK AT MASTER PRODUCT [PROD11JAN_2]
[ADMIN] [1/19/2017 21:52] [PENJUALAN] REDUCE STOCK AT PRODUCT_EXPIRY LOT [10]
[ADMIN] [1/19/2017 21:52] [PENJUALAN] SAVE PRODUCT LOT INFORMATION FOR EACH ITEM AND AMOUNT
[ADMIN] [1/19/2017 21:52] [PENJUALAN] UPDATE CUSTOMER PRODUCT DISC [PROD11JAN_2]
[ADMIN] [1/19/2017 21:52] [PENJUALAN] UPDATE CREDIT TABLE [SLO001-34]
[ADMIN] [1/19/2017 21:52] [PENJUALAN] INSERT TO DAILY JOURNAL TABLE [1600]
[ADMIN] [1/19/2017 21:52] [PENJUALAN] CASHIER FORM : REGISTER HOTKEY
[ADMIN] [1/19/2017 21:52] [PENJUALAN] TRANSACTION SAVED
[ADMIN] [1/19/2017 21:52] [PENJUALAN] PRINT OUT INVOICE
[ADMIN] [1/19/2017 21:52] [PENJUALAN] CASHIER FORM : PrintReceipt
[ADMIN] [1/19/2017 21:52] [PENJUALAN] CASHIER FORM : PrintReceipt, POS size Paper
[ADMIN] [1/19/2017 21:52] [PENJUALAN] CASHIER FORM : loadInfoToko
[ADMIN] [1/19/2017 21:52] [PENJUALAN] CASHIER FORM : calculatePageLength, totalLengthPage [411]
[ADMIN] [1/19/2017 21:52] [PENJUALAN] CASHIER FORM : UNREGISTER HOTKEY
[ADMIN] [1/19/2017 21:52] [PENJUALAN] CASHIER FORM : REGISTER HOTKEY
[ADMIN] [1/19/2017 21:52] [PENJUALAN] CASHIER FORM : UNREGISTER HOTKEY
[ADMIN] [1/19/2017 21:52] [PENJUALAN] CASHIER FORM : UPDATE ROW NUMBER, TOTAL ROW [1]
[ADMIN] [1/19/2017 21:53] [PENJUALAN] CASHIER FORM : REGISTER HOTKEY
[ADMIN] [1/19/2017 21:53] [PENJUALAN] CASHIER FORM : UNREGISTER HOTKEY
[ADMIN] [1/19/2017 21:53] [PENJUALAN] CASHIER FORM : UNREGISTER HOTKEY
[ADMIN] [1/19/2017 21:53] [PENJUALAN] CASHIER FORM : REGISTER HOTKEY
[ADMIN] [1/19/2017 21:53] [PENJUALAN] CASHIER FORM : cashierForm_Load, ATTEMPT TO LOAD NO FAKTUR
[ADMIN] [1/19/2017 21:53] [PENJUALAN] CASHIER FORM : loadNoFaktur, noFakturValue [SLO001]
[ADMIN] [1/19/2017 21:53] [PENJUALAN] CASHIER FORM : cashierForm_Load, ATTEMPT TO addColumnToDataGrid
[ADMIN] [1/19/2017 21:53] [PENJUALAN] CASHIER FORM : UPDATE ROW NUMBER, TOTAL ROW [1]
[ADMIN] [1/19/2017 21:53] [PENJUALAN] CASHIER FORM : calculateTotal
[ADMIN] [1/19/2017 21:53] [PENJUALAN] CASHIER FORM : calculateTotal [0]
[ADMIN] [1/19/2017 21:53] [PENJUALAN] CASHIER FORM : calculateTotal, totalAfterDisc [0]
[ADMIN] [1/19/2017 21:53] [PENJUALAN] CASHIER FORM : calculateChangeValue, bayarTextBox.Text [0]
[ADMIN] [1/19/2017 21:53] [PENJUALAN] CASHIER FORM : calculateChangeValue, sisaBayar [0]
[ADMIN] [1/19/2017 21:53] [PENJUALAN] CASHIER FORM : ADD NEW ROW,  isActive [True]
[ADMIN] [1/19/2017 21:53] [PENJUALAN] CASHIER FORM : ADD NEW ROW,  ROW COUNT [0]
[ADMIN] [1/19/2017 21:53] [PENJUALAN] CASHIER FORM : ADD NEW ROW,  ALLOW TO ADD [True]
[ADMIN] [1/19/2017 21:53] [PENJUALAN] CASHIER FORM : UPDATE ROW NUMBER, TOTAL ROW [1]
[ADMIN] [1/19/2017 21:53] [PENJUALAN] CASHIER FORM : ADD NEW ROW,  isActive [True]
[ADMIN] [1/19/2017 21:53] [PENJUALAN] CASHIER FORM : ADD NEW ROW,  ROW COUNT [1]
[ADMIN] [1/19/2017 21:53] [PENJUALAN] CASHIER FORM : ADD NEW ROW,  ALLOW TO ADD [True]
[ADMIN] [1/19/2017 21:53] [PENJUALAN] CASHIER FORM : UPDATE ROW NUMBER, TOTAL ROW [2]
[ADMIN] [1/19/2017 21:53] [PENJUALAN] CASHIER FORM : UPDATE ROW NUMBER, TOTAL ROW [3]
[ADMIN] [1/19/2017 21:53] [PENJUALAN] CASHIER FORM : cashierDataGridView_CellValueChanged [F8]
[ADMIN] [1/19/2017 21:53] [PENJUALAN] CASHIER FORM : REGISTER HOTKEY
[ADMIN] [1/19/2017 21:53] [PENJUALAN] CASHIER FORM : cashierDataGridView_CellValueChanged [qty]
[ADMIN] [1/19/2017 21:53] [PENJUALAN] CASHIER FORM : cashierDataGridView_CellValueChanged, previousInput [1]
[ADMIN] [1/19/2017 21:53] [PENJUALAN] CASHIER FORM : cashierDataGridView_CellValueChanged, dataGridViewTextBoxEditingControl.Text pass REGEX Checking
[ADMIN] [1/19/2017 21:53] [PENJUALAN] CASHIER FORM : CHECK STOCK QTY IS ENOUGH [PROD11JAN_2]
[ADMIN] [1/19/2017 21:53] [PENJUALAN] CASHIER FORM : CHECK STOCK QTY IS ENOUGH [616, 2]
[ADMIN] [1/19/2017 21:53] [PENJUALAN] CASHIER FORM : CALCULATE SUBTOTAL
[ADMIN] [1/19/2017 21:53] [PENJUALAN] CASHIER FORM : SUBTOTAL [150]
[ADMIN] [1/19/2017 21:53] [PENJUALAN] CASHIER FORM : cashierDataGridView_CellValueChanged, subtotal value [150]
[ADMIN] [1/19/2017 21:53] [PENJUALAN] CASHIER FORM : cashierDataGridView_CellValueChanged, attempt to calculate total value
[ADMIN] [1/19/2017 21:53] [PENJUALAN] CASHIER FORM : calculateTotal
[ADMIN] [1/19/2017 21:53] [PENJUALAN] CASHIER FORM : calculateTotal [14550]
[ADMIN] [1/19/2017 21:53] [PENJUALAN] CASHIER FORM : calculateTotal, totalAfterDisc [14550]
[ADMIN] [1/19/2017 21:53] [PENJUALAN] CASHIER FORM : calculateChangeValue, bayarTextBox.Text [Rp14.450]
[ADMIN] [1/19/2017 21:53] [PENJUALAN] CASHIER FORM : calculateChangeValue, sisaBayar [0]
[ADMIN] [1/19/2017 21:53] [PENJUALAN] CASHIER FORM : Combobox_KeyUp, cashierDataGridView.CurrentCell.OwningColumn.Name  [qty]
[ADMIN] [1/19/2017 21:53] [PENJUALAN] CASHIER FORM : UNREGISTER HOTKEY
[ADMIN] [1/19/2017 21:53] [PENJUALAN] CASHIER FORM : REGISTER HOTKEY
[ADMIN] [1/19/2017 21:53] [PENJUALAN] CASHIER FORM : HOTKEY TO SAVE AND PRINT OUT INVOICE PRESSED
[ADMIN] [1/19/2017 21:53] [PENJUALAN] CASHIER FORM : UNREGISTER HOTKEY
[ADMIN] [1/19/2017 21:53] [PENJUALAN] CASHIER FORM : REGISTER HOTKEY
[ADMIN] [1/19/2017 21:53] [PENJUALAN] ATTEMPT TO SAVE AND PRINT OUT INVOICE
[ADMIN] [1/19/2017 21:53] [PENJUALAN] CASHIER FORM : calculateChangeValue, bayarTextBox.Text [14450]
[ADMIN] [1/19/2017 21:53] [PENJUALAN] CASHIER FORM : calculateChangeValue, sisaBayar [0]
[ADMIN] [1/19/2017 21:53] [PENJUALAN] CASHIER FORM : calculateChangeValue, bayarTextBox.Text [1]
[ADMIN] [1/19/2017 21:53] [PENJUALAN] CASHIER FORM : calculateChangeValue, sisaBayar [0]
[ADMIN] [1/19/2017 21:53] [PENJUALAN] CASHIER FORM : calculateChangeValue, bayarTextBox.Text [15]
[ADMIN] [1/19/2017 21:53] [PENJUALAN] CASHIER FORM : calculateChangeValue, sisaBayar [0]
[ADMIN] [1/19/2017 21:53] [PENJUALAN] CASHIER FORM : calculateChangeValue, bayarTextBox.Text [150]
[ADMIN] [1/19/2017 21:53] [PENJUALAN] CASHIER FORM : calculateChangeValue, sisaBayar [0]
[ADMIN] [1/19/2017 21:53] [PENJUALAN] CASHIER FORM : calculateChangeValue, bayarTextBox.Text [1500]
[ADMIN] [1/19/2017 21:53] [PENJUALAN] CASHIER FORM : calculateChangeValue, sisaBayar [0]
[ADMIN] [1/19/2017 21:53] [PENJUALAN] CASHIER FORM : calculateChangeValue, bayarTextBox.Text [15000]
[ADMIN] [1/19/2017 21:53] [PENJUALAN] CASHIER FORM : calculateChangeValue, sisaBayar [450]
[ADMIN] [1/19/2017 21:53] [PENJUALAN] CASHIER FORM : HOTKEY TO SAVE AND PRINT OUT INVOICE PRESSED
[ADMIN] [1/19/2017 21:53] [PENJUALAN] CASHIER FORM : UNREGISTER HOTKEY
[ADMIN] [1/19/2017 21:53] [PENJUALAN] CASHIER FORM : REGISTER HOTKEY
[ADMIN] [1/19/2017 21:53] [PENJUALAN] ATTEMPT TO SAVE AND PRINT OUT INVOICE
[ADMIN] [1/19/2017 21:53] [PENJUALAN] CASHIER FORM : UNREGISTER HOTKEY
[ADMIN] [1/19/2017 21:53] [PENJUALAN] CASHIER FORM : ATTEMPT TO SAVE SALES DATA [19-01-2017 21:53]
[ADMIN] [1/19/2017 21:53] [PENJUALAN] CASHIER FORM : SALES DISC FINAL [0]
[ADMIN] [1/19/2017 21:53] [PENJUALAN] CASHIER FORM : CASH SALES
[ADMIN] [1/19/2017 21:53] [PENJUALAN] UPDATE SALES HEADER [SLO001-34]
[ADMIN] [1/19/2017 21:55] [PENJUALAN] RETURN SALES DETAIL EXPIRY AMOUNT [SLO001-34]
[ADMIN] [1/19/2017 21:55] [PENJUALAN] RETURN SALES DETAIL EXPIRY AMOUNT [SLO001-34]
[ADMIN] [1/19/2017 21:55] [PENJUALAN] DELETE SALES DETAIL EXPIRY [SLO001-34]
[ADMIN] [1/19/2017 21:55] [PENJUALAN] RETURN SALES DETAIL AMOUNT [SLO001-34]
[ADMIN] [1/19/2017 21:56] [PENJUALAN] RETURN SALES DETAIL AMOUNT [SLO001-34]
[ADMIN] [1/19/2017 21:56] [PENJUALAN] DELETE SALES DETAIL[SLO001-34]
[ADMIN] [1/19/2017 21:56] [PENJUALAN] INSERT INTO SALES DETAIL[PROD11JAN, 10000, 2]
[ADMIN] [1/19/2017 21:56] [PENJUALAN] REDUCE STOCK AT MASTER PRODUCT [PROD11JAN]
[ADMIN] [1/19/2017 22:00] [PENJUALAN] REDUCE STOCK AT PRODUCT_EXPIRY LOT [15]
[ADMIN] [1/19/2017 22:00] [PENJUALAN] SAVE PRODUCT LOT INFORMATION FOR EACH ITEM AND AMOUNT
[ADMIN] [1/19/2017 22:00] [PENJUALAN] UPDATE CUSTOMER PRODUCT DISC [PROD11JAN]
[ADMIN] [1/19/2017 22:00] [PENJUALAN] INSERT INTO SALES DETAIL[PROD11JAN_2, 100, 2]
[ADMIN] [1/19/2017 22:06] [PENJUALAN] REDUCE STOCK AT MASTER PRODUCT [PROD11JAN_2]
[ADMIN] [1/19/2017 22:06] [PENJUALAN] REDUCE STOCK AT PRODUCT_EXPIRY LOT [10]
[ADMIN] [1/19/2017 22:06] [PENJUALAN] SAVE PRODUCT LOT INFORMATION FOR EACH ITEM AND AMOUNT
[ADMIN] [1/19/2017 22:06] [PENJUALAN] UPDATE CUSTOMER PRODUCT DISC [PROD11JAN_2]
[ADMIN] [1/19/2017 22:06] [PENJUALAN] UPDATE CREDIT TABLE [SLO001-34]
[ADMIN] [1/19/2017 22:06] [PENJUALAN] INSERT TO DAILY JOURNAL TABLE [100]
[ADMIN] [1/19/2017 22:06] [PENJUALAN] TRANSACTION SAVED
[ADMIN] [1/19/2017 22:06] [PENJUALAN] PRINT OUT INVOICE
[ADMIN] [1/19/2017 22:06] [PENJUALAN] CASHIER FORM : PrintReceipt
[ADMIN] [1/19/2017 22:06] [PENJUALAN] CASHIER FORM : PrintReceipt, POS size Paper
[ADMIN] [1/19/2017 22:06] [PENJUALAN] CASHIER FORM : loadInfoToko
[ADMIN] [1/19/2017 22:06] [PENJUALAN] CASHIER FORM : calculatePageLength, totalLengthPage [411]
[ADMIN] [1/19/2017 22:21] [PENJUALAN] CASHIER FORM : UPDATE ROW NUMBER, TOTAL ROW [1]
[ADMIN] [1/19/2017 22:21] [PENJUALAN] CASHIER FORM : cashierDataGridView_CellValueChanged [F8]
[ADMIN] [1/19/2017 22:40] [PENJUALAN] CASHIER FORM : UNREGISTER HOTKEY
[ADMIN] [1/19/2017 22:40] [] USER ID = 1LOGOUT
