[] [7/19/2016 10:35] [] USER = ADMIN IS ACTIVE
[ADMIN] [7/19/2016 10:35] [] USER ID = 1 LOGIN SUCCESSFULLY
[ADMIN] [7/19/2016 10:35] [] ACTIVATE USER ACCESS RIGHT
[ADMIN] [7/19/2016 10:35] [] DISPLAY ADMIN FORM
[ADMIN] [7/19/2016 10:35] [] adminForm Load
[ADMIN] [7/19/2016 10:35] [PENJUALAN] CASHIER FORM : MULTIPLE CASHIER INSTANCE [1]
[ADMIN] [7/19/2016 10:35] [PENJUALAN] CASHIER FORM : REGISTER HOTKEY
[ADMIN] [7/19/2016 10:35] [PENJUALAN] CASHIER FORM : cashierForm_Load, ATTEMPT TO LOAD NO FAKTUR
[ADMIN] [7/19/2016 10:35] [PENJUALAN] CASHIER FORM : loadNoFaktur, noFakturValue [SLO001]
[ADMIN] [7/19/2016 10:35] [PENJUALAN] CASHIER FORM : cashierForm_Load, ATTEMPT TO addColumnToDataGrid
[ADMIN] [7/19/2016 10:35] [PENJUALAN] CASHIER FORM : calculateTotal
[ADMIN] [7/19/2016 10:35] [PENJUALAN] CASHIER FORM : calculateTotal [0]
[ADMIN] [7/19/2016 10:35] [PENJUALAN] CASHIER FORM : calculateTotal, totalAfterDisc [0]
[ADMIN] [7/19/2016 10:35] [PENJUALAN] CASHIER FORM : REGISTER HOTKEY
[ADMIN] [7/19/2016 10:35] [PENJUALAN] CASHIER FORM : HOTKEY TO ADD NEW ROW PRESSED
[ADMIN] [7/19/2016 10:35] [PENJUALAN] CASHIER FORM : ADD NEW ROW,  isActive [True]
[ADMIN] [7/19/2016 10:35] [PENJUALAN] CASHIER FORM : ADD NEW ROW,  ROW COUNT [0]
[ADMIN] [7/19/2016 10:35] [PENJUALAN] CASHIER FORM : ADD NEW ROW,  ALLOW TO ADD [True]
[ADMIN] [7/19/2016 10:35] [PENJUALAN] CASHIER FORM : PRODUCT PRICE TYPE [PRODUCT_BASE_PRICE]
[ADMIN] [7/19/2016 10:35] [PENJUALAN] CASHIER FORM : PRODUCT PRICE [26625]
[ADMIN] [7/19/2016 10:35] [PENJUALAN] CASHIER FORM : ComboBox_SelectedIndexChanged, PRODUCT_BASE_PRICE [26625]
[ADMIN] [7/19/2016 10:35] [PENJUALAN] CASHIER FORM : PRODUCT PRICE TYPE [PRODUCT_RETAIL_PRICE]
[ADMIN] [7/19/2016 10:35] [PENJUALAN] CASHIER FORM : PRODUCT PRICE [34000]
[ADMIN] [7/19/2016 10:35] [PENJUALAN] CASHIER FORM : ComboBox_SelectedIndexChanged, PRODUCT_SALES_PRICE [34000]
[ADMIN] [7/19/2016 10:35] [PENJUALAN] CASHIER FORM : ComboBox_SelectedIndexChanged, attempt to calculate total
[ADMIN] [7/19/2016 10:35] [PENJUALAN] CASHIER FORM : calculateTotal
[ADMIN] [7/19/2016 10:35] [PENJUALAN] CASHIER FORM : calculateTotal [0]
[ADMIN] [7/19/2016 10:35] [PENJUALAN] CASHIER FORM : calculateTotal, totalAfterDisc [0]
[ADMIN] [7/19/2016 10:35] [PENJUALAN] CASHIER FORM : TextBox_TextChanged, isLoading [False]
[ADMIN] [7/19/2016 10:35] [PENJUALAN] CASHIER FORM : TextBox_TextChanged, rowSelectedIndex [0]
[ADMIN] [7/19/2016 10:35] [PENJUALAN] CASHIER FORM : TextBox_TextChanged, previousInput [0]
[ADMIN] [7/19/2016 10:35] [PENJUALAN] CASHIER FORM : TextBox_TextChanged, dataGridViewTextBoxEditingControl.Text [2]
[ADMIN] [7/19/2016 10:35] [PENJUALAN] CASHIER FORM : TextBox_TextChanged, dataGridViewTextBoxEditingControl.Text pass REGEX Checking
[ADMIN] [7/19/2016 10:35] [PENJUALAN] CASHIER FORM : CHECK STOCK QTY IS ENOUGH [ALPO-P1]
[ADMIN] [7/19/2016 10:35] [PENJUALAN] CASHIER FORM : CHECK STOCK QTY IS ENOUGH [9, 2]
[ADMIN] [7/19/2016 10:35] [PENJUALAN] CASHIER FORM : CALCULATE SUBTOTAL
[ADMIN] [7/19/2016 10:35] [PENJUALAN] CASHIER FORM : SUBTOTAL [68000]
[ADMIN] [7/19/2016 10:35] [PENJUALAN] CASHIER FORM : TextBox_TextChanged, subtotal value [68000]
[ADMIN] [7/19/2016 10:35] [PENJUALAN] CASHIER FORM : TextBox_TextChanged, attempt to calculate total value
[ADMIN] [7/19/2016 10:35] [PENJUALAN] CASHIER FORM : calculateTotal
[ADMIN] [7/19/2016 10:35] [PENJUALAN] CASHIER FORM : calculateTotal [68000]
[ADMIN] [7/19/2016 10:35] [PENJUALAN] CASHIER FORM : calculateTotal, totalAfterDisc [68000]
[ADMIN] [7/19/2016 10:35] [PENJUALAN] CASHIER FORM : HOTKEY TO ADD NEW ROW PRESSED
[ADMIN] [7/19/2016 10:35] [PENJUALAN] CASHIER FORM : ADD NEW ROW,  isActive [True]
[ADMIN] [7/19/2016 10:35] [PENJUALAN] CASHIER FORM : ADD NEW ROW,  ROW COUNT [1]
[ADMIN] [7/19/2016 10:35] [PENJUALAN] CASHIER FORM : ADD NEW ROW,  ALLOW TO ADD [True]
[ADMIN] [7/19/2016 10:35] [PENJUALAN] CASHIER FORM : TextBox_TextChanged, isLoading [False]
[ADMIN] [7/19/2016 10:35] [PENJUALAN] CASHIER FORM : TextBox_TextChanged, rowSelectedIndex [1]
[ADMIN] [7/19/2016 10:35] [PENJUALAN] CASHIER FORM : calculateChangeValue, bayarTextBox.Text [6]
[ADMIN] [7/19/2016 10:35] [PENJUALAN] CASHIER FORM : calculateChangeValue, sisaBayar [0]
[ADMIN] [7/19/2016 10:35] [PENJUALAN] CASHIER FORM : calculateChangeValue, bayarTextBox.Text [68]
[ADMIN] [7/19/2016 10:35] [PENJUALAN] CASHIER FORM : calculateChangeValue, sisaBayar [0]
[ADMIN] [7/19/2016 10:35] [PENJUALAN] CASHIER FORM : calculateChangeValue, bayarTextBox.Text [680]
[ADMIN] [7/19/2016 10:35] [PENJUALAN] CASHIER FORM : calculateChangeValue, sisaBayar [0]
[ADMIN] [7/19/2016 10:35] [PENJUALAN] CASHIER FORM : calculateChangeValue, bayarTextBox.Text [6800]
[ADMIN] [7/19/2016 10:35] [PENJUALAN] CASHIER FORM : calculateChangeValue, sisaBayar [0]
[ADMIN] [7/19/2016 10:35] [PENJUALAN] CASHIER FORM : calculateChangeValue, bayarTextBox.Text [68000]
[ADMIN] [7/19/2016 10:35] [PENJUALAN] CASHIER FORM : calculateChangeValue, sisaBayar [0]
[ADMIN] [7/19/2016 10:35] [PENJUALAN] CASHIER FORM : HOTKEY TO SAVE AND PRINT OUT INVOICE PRESSED
[ADMIN] [7/19/2016 10:35] [PENJUALAN] CASHIER FORM : UNREGISTER HOTKEY
[ADMIN] [7/19/2016 10:35] [PENJUALAN] CASHIER FORM : REGISTER HOTKEY
[ADMIN] [7/19/2016 10:35] [PENJUALAN] ATTEMPT TO SAVE AND PRINT OUT INVOICE
[ADMIN] [7/19/2016 10:35] [PENJUALAN] CASHIER FORM : HOTKEY TO ADD NEW ROW PRESSED
[ADMIN] [7/19/2016 10:35] [PENJUALAN] CASHIER FORM : ADD NEW ROW,  isActive [True]
[ADMIN] [7/19/2016 10:35] [PENJUALAN] CASHIER FORM : ADD NEW ROW,  ROW COUNT [2]
[ADMIN] [7/19/2016 10:35] [PENJUALAN] CASHIER FORM : ADD NEW ROW,  ALLOW TO ADD [False]
[ADMIN] [7/19/2016 10:35] [PENJUALAN] CASHIER FORM : calculateTotal
[ADMIN] [7/19/2016 10:35] [PENJUALAN] CASHIER FORM : calculateTotal [68000]
[ADMIN] [7/19/2016 10:35] [PENJUALAN] CASHIER FORM : calculateTotal, totalAfterDisc [68000]
[ADMIN] [7/19/2016 10:35] [PENJUALAN] CASHIER FORM : calculateChangeValue, bayarTextBox.Text [68000]
[ADMIN] [7/19/2016 10:35] [PENJUALAN] CASHIER FORM : calculateChangeValue, sisaBayar [0]
[ADMIN] [7/19/2016 10:35] [PENJUALAN] CASHIER FORM : PRODUCT PRICE TYPE [PRODUCT_BASE_PRICE]
[ADMIN] [7/19/2016 10:35] [PENJUALAN] CASHIER FORM : PRODUCT PRICE [8570.56]
[ADMIN] [7/19/2016 10:35] [PENJUALAN] CASHIER FORM : ComboBox_SelectedIndexChanged, PRODUCT_BASE_PRICE [8570.56]
[ADMIN] [7/19/2016 10:35] [PENJUALAN] CASHIER FORM : PRODUCT PRICE TYPE [PRODUCT_RETAIL_PRICE]
[ADMIN] [7/19/2016 10:35] [PENJUALAN] CASHIER FORM : PRODUCT PRICE [21000]
[ADMIN] [7/19/2016 10:35] [PENJUALAN] CASHIER FORM : ComboBox_SelectedIndexChanged, PRODUCT_SALES_PRICE [21000]
[ADMIN] [7/19/2016 10:35] [PENJUALAN] CASHIER FORM : ComboBox_SelectedIndexChanged, attempt to calculate total
[ADMIN] [7/19/2016 10:35] [PENJUALAN] CASHIER FORM : calculateTotal
[ADMIN] [7/19/2016 10:35] [PENJUALAN] CASHIER FORM : calculateTotal [68000]
[ADMIN] [7/19/2016 10:35] [PENJUALAN] CASHIER FORM : calculateTotal, totalAfterDisc [68000]
[ADMIN] [7/19/2016 10:35] [PENJUALAN] CASHIER FORM : calculateChangeValue, bayarTextBox.Text [68000]
[ADMIN] [7/19/2016 10:35] [PENJUALAN] CASHIER FORM : calculateChangeValue, sisaBayar [0]
[ADMIN] [7/19/2016 10:35] [PENJUALAN] CASHIER FORM : TextBox_TextChanged, isLoading [False]
[ADMIN] [7/19/2016 10:35] [PENJUALAN] CASHIER FORM : TextBox_TextChanged, rowSelectedIndex [1]
[ADMIN] [7/19/2016 10:35] [PENJUALAN] CASHIER FORM : TextBox_TextChanged, previousInput [0]
[ADMIN] [7/19/2016 10:35] [PENJUALAN] CASHIER FORM : TextBox_TextChanged, dataGridViewTextBoxEditingControl.Text [2]
[ADMIN] [7/19/2016 10:35] [PENJUALAN] CASHIER FORM : TextBox_TextChanged, dataGridViewTextBoxEditingControl.Text pass REGEX Checking
[ADMIN] [7/19/2016 10:35] [PENJUALAN] CASHIER FORM : CHECK STOCK QTY IS ENOUGH [SS-500]
[ADMIN] [7/19/2016 10:35] [PENJUALAN] CASHIER FORM : CHECK STOCK QTY IS ENOUGH [0, 2]
[ADMIN] [7/19/2016 10:35] [PENJUALAN] CASHIER FORM : TextBox_TextChanged, isLoading [True]
[ADMIN] [7/19/2016 10:35] [PENJUALAN] CASHIER FORM : CALCULATE SUBTOTAL
[ADMIN] [7/19/2016 10:35] [PENJUALAN] CASHIER FORM : SUBTOTAL [0]
[ADMIN] [7/19/2016 10:35] [PENJUALAN] CASHIER FORM : TextBox_TextChanged, subtotal value [0]
[ADMIN] [7/19/2016 10:35] [PENJUALAN] CASHIER FORM : TextBox_TextChanged, attempt to calculate total value
[ADMIN] [7/19/2016 10:35] [PENJUALAN] CASHIER FORM : calculateTotal
[ADMIN] [7/19/2016 10:35] [PENJUALAN] CASHIER FORM : calculateTotal [68000]
[ADMIN] [7/19/2016 10:35] [PENJUALAN] CASHIER FORM : calculateTotal, totalAfterDisc [68000]
[ADMIN] [7/19/2016 10:35] [PENJUALAN] CASHIER FORM : calculateChangeValue, bayarTextBox.Text [68000]
[ADMIN] [7/19/2016 10:35] [PENJUALAN] CASHIER FORM : calculateChangeValue, sisaBayar [0]
[ADMIN] [7/19/2016 10:35] [PENJUALAN] CASHIER FORM : TextBox_TextChanged, isLoading [False]
[ADMIN] [7/19/2016 10:35] [PENJUALAN] CASHIER FORM : TextBox_TextChanged, rowSelectedIndex [1]
[ADMIN] [7/19/2016 10:35] [PENJUALAN] CASHIER FORM : TextBox_TextChanged, empty texbox, reset [qty] value to 0
[ADMIN] [7/19/2016 10:35] [PENJUALAN] CASHIER FORM : TextBox_TextChanged, isLoading [True]
[ADMIN] [7/19/2016 10:35] [PENJUALAN] CASHIER FORM : TextBox_TextChanged, recalculate total value
[ADMIN] [7/19/2016 10:35] [PENJUALAN] CASHIER FORM : calculateTotal
[ADMIN] [7/19/2016 10:35] [PENJUALAN] CASHIER FORM : calculateTotal [68000]
[ADMIN] [7/19/2016 10:35] [PENJUALAN] CASHIER FORM : calculateTotal, totalAfterDisc [68000]
[ADMIN] [7/19/2016 10:35] [PENJUALAN] CASHIER FORM : calculateChangeValue, bayarTextBox.Text [68000]
[ADMIN] [7/19/2016 10:35] [PENJUALAN] CASHIER FORM : calculateChangeValue, sisaBayar [0]
[ADMIN] [7/19/2016 10:35] [PENJUALAN] CASHIER FORM : TextBox_TextChanged, set the cursor to end of textbox
[ADMIN] [7/19/2016 10:35] [PENJUALAN] CASHIER FORM : TextBox_TextChanged, isLoading [False]
[ADMIN] [7/19/2016 10:35] [PENJUALAN] CASHIER FORM : TextBox_TextChanged, rowSelectedIndex [1]
[ADMIN] [7/19/2016 10:35] [PENJUALAN] CASHIER FORM : TextBox_TextChanged, previousInput [0]
[ADMIN] [7/19/2016 10:35] [PENJUALAN] CASHIER FORM : TextBox_TextChanged, isLoading [True]
[ADMIN] [7/19/2016 10:35] [PENJUALAN] CASHIER FORM : TextBox_TextChanged, dataGridViewTextBoxEditingControl.Text [1]
[ADMIN] [7/19/2016 10:35] [PENJUALAN] CASHIER FORM : TextBox_TextChanged, dataGridViewTextBoxEditingControl.Text pass REGEX Checking
[ADMIN] [7/19/2016 10:35] [PENJUALAN] CASHIER FORM : CHECK STOCK QTY IS ENOUGH [SS-500]
[ADMIN] [7/19/2016 10:35] [PENJUALAN] CASHIER FORM : CHECK STOCK QTY IS ENOUGH [0, 1]
[ADMIN] [7/19/2016 10:35] [PENJUALAN] CASHIER FORM : TextBox_TextChanged, isLoading [True]
[ADMIN] [7/19/2016 10:35] [PENJUALAN] CASHIER FORM : CALCULATE SUBTOTAL
[ADMIN] [7/19/2016 10:35] [PENJUALAN] CASHIER FORM : SUBTOTAL [0]
[ADMIN] [7/19/2016 10:35] [PENJUALAN] CASHIER FORM : TextBox_TextChanged, subtotal value [0]
[ADMIN] [7/19/2016 10:35] [PENJUALAN] CASHIER FORM : TextBox_TextChanged, attempt to calculate total value
[ADMIN] [7/19/2016 10:35] [PENJUALAN] CASHIER FORM : calculateTotal
[ADMIN] [7/19/2016 10:35] [PENJUALAN] CASHIER FORM : calculateTotal [68000]
[ADMIN] [7/19/2016 10:35] [PENJUALAN] CASHIER FORM : calculateTotal, totalAfterDisc [68000]
[ADMIN] [7/19/2016 10:35] [PENJUALAN] CASHIER FORM : calculateChangeValue, bayarTextBox.Text [68000]
[ADMIN] [7/19/2016 10:35] [PENJUALAN] CASHIER FORM : calculateChangeValue, sisaBayar [0]
[ADMIN] [7/19/2016 10:35] [PENJUALAN] CASHIER FORM : HOTKEY TO ADD NEW ROW PRESSED
[ADMIN] [7/19/2016 10:35] [PENJUALAN] CASHIER FORM : ADD NEW ROW,  isActive [True]
[ADMIN] [7/19/2016 10:35] [PENJUALAN] CASHIER FORM : ADD NEW ROW,  ROW COUNT [2]
[ADMIN] [7/19/2016 10:35] [PENJUALAN] CASHIER FORM : ADD NEW ROW,  ALLOW TO ADD [True]
[ADMIN] [7/19/2016 10:35] [PENJUALAN] CASHIER FORM : TextBox_TextChanged, isLoading [False]
[ADMIN] [7/19/2016 10:35] [PENJUALAN] CASHIER FORM : TextBox_TextChanged, rowSelectedIndex [2]
[ADMIN] [7/19/2016 10:35] [PENJUALAN] CASHIER FORM : PRODUCT PRICE TYPE [PRODUCT_BASE_PRICE]
[ADMIN] [7/19/2016 10:35] [PENJUALAN] CASHIER FORM : PRODUCT PRICE [16000]
[ADMIN] [7/19/2016 10:35] [PENJUALAN] CASHIER FORM : ComboBox_SelectedIndexChanged, PRODUCT_BASE_PRICE [16000]
[ADMIN] [7/19/2016 10:35] [PENJUALAN] CASHIER FORM : PRODUCT PRICE TYPE [PRODUCT_RETAIL_PRICE]
[ADMIN] [7/19/2016 10:35] [PENJUALAN] CASHIER FORM : PRODUCT PRICE [32000]
[ADMIN] [7/19/2016 10:35] [PENJUALAN] CASHIER FORM : ComboBox_SelectedIndexChanged, PRODUCT_SALES_PRICE [32000]
[ADMIN] [7/19/2016 10:35] [PENJUALAN] CASHIER FORM : ComboBox_SelectedIndexChanged, attempt to calculate total
[ADMIN] [7/19/2016 10:35] [PENJUALAN] CASHIER FORM : calculateTotal
[ADMIN] [7/19/2016 10:35] [PENJUALAN] CASHIER FORM : calculateTotal [68000]
[ADMIN] [7/19/2016 10:35] [PENJUALAN] CASHIER FORM : calculateTotal, totalAfterDisc [68000]
[ADMIN] [7/19/2016 10:35] [PENJUALAN] CASHIER FORM : calculateChangeValue, bayarTextBox.Text [68000]
[ADMIN] [7/19/2016 10:35] [PENJUALAN] CASHIER FORM : calculateChangeValue, sisaBayar [0]
[ADMIN] [7/19/2016 10:35] [PENJUALAN] CASHIER FORM : TextBox_TextChanged, isLoading [False]
[ADMIN] [7/19/2016 10:35] [PENJUALAN] CASHIER FORM : TextBox_TextChanged, rowSelectedIndex [1]
[ADMIN] [7/19/2016 10:35] [PENJUALAN] CASHIER FORM : TextBox_TextChanged, previousInput [0]
[ADMIN] [7/19/2016 10:35] [PENJUALAN] CASHIER FORM : TextBox_TextChanged, dataGridViewTextBoxEditingControl.Text [1]
[ADMIN] [7/19/2016 10:35] [PENJUALAN] CASHIER FORM : TextBox_TextChanged, dataGridViewTextBoxEditingControl.Text pass REGEX Checking
[ADMIN] [7/19/2016 10:35] [PENJUALAN] CASHIER FORM : CHECK STOCK QTY IS ENOUGH [AA-007]
[ADMIN] [7/19/2016 10:35] [PENJUALAN] CASHIER FORM : CHECK STOCK QTY IS ENOUGH [100, 1]
[ADMIN] [7/19/2016 10:35] [PENJUALAN] CASHIER FORM : CALCULATE SUBTOTAL
[ADMIN] [7/19/2016 10:35] [PENJUALAN] CASHIER FORM : SUBTOTAL [32000]
[ADMIN] [7/19/2016 10:35] [PENJUALAN] CASHIER FORM : TextBox_TextChanged, subtotal value [32000]
[ADMIN] [7/19/2016 10:35] [PENJUALAN] CASHIER FORM : TextBox_TextChanged, attempt to calculate total value
[ADMIN] [7/19/2016 10:35] [PENJUALAN] CASHIER FORM : calculateTotal
[ADMIN] [7/19/2016 10:35] [PENJUALAN] CASHIER FORM : calculateTotal [100000]
[ADMIN] [7/19/2016 10:35] [PENJUALAN] CASHIER FORM : calculateTotal, totalAfterDisc [100000]
[ADMIN] [7/19/2016 10:35] [PENJUALAN] CASHIER FORM : calculateChangeValue, bayarTextBox.Text [68000]
[ADMIN] [7/19/2016 10:35] [PENJUALAN] CASHIER FORM : calculateChangeValue, sisaBayar [0]
[ADMIN] [7/19/2016 10:35] [PENJUALAN] CASHIER FORM : TextBox_TextChanged, isLoading [False]
[ADMIN] [7/19/2016 10:35] [PENJUALAN] CASHIER FORM : TextBox_TextChanged, rowSelectedIndex [1]
[ADMIN] [7/19/2016 10:35] [PENJUALAN] CASHIER FORM : TextBox_TextChanged, previousInput [1]
[ADMIN] [7/19/2016 10:35] [PENJUALAN] CASHIER FORM : TextBox_TextChanged, dataGridViewTextBoxEditingControl.Text pass REGEX Checking
[ADMIN] [7/19/2016 10:35] [PENJUALAN] CASHIER FORM : CHECK STOCK QTY IS ENOUGH [AA-007]
[ADMIN] [7/19/2016 10:35] [PENJUALAN] CASHIER FORM : CHECK STOCK QTY IS ENOUGH [100, 1]
[ADMIN] [7/19/2016 10:35] [PENJUALAN] CASHIER FORM : CALCULATE SUBTOTAL
[ADMIN] [7/19/2016 10:35] [PENJUALAN] CASHIER FORM : SUBTOTAL [32000]
[ADMIN] [7/19/2016 10:35] [PENJUALAN] CASHIER FORM : TextBox_TextChanged, subtotal value [32000]
[ADMIN] [7/19/2016 10:35] [PENJUALAN] CASHIER FORM : TextBox_TextChanged, attempt to calculate total value
[ADMIN] [7/19/2016 10:35] [PENJUALAN] CASHIER FORM : calculateTotal
[ADMIN] [7/19/2016 10:35] [PENJUALAN] CASHIER FORM : calculateTotal [100000]
[ADMIN] [7/19/2016 10:35] [PENJUALAN] CASHIER FORM : calculateTotal, totalAfterDisc [100000]
[ADMIN] [7/19/2016 10:35] [PENJUALAN] CASHIER FORM : calculateChangeValue, bayarTextBox.Text [68000]
[ADMIN] [7/19/2016 10:35] [PENJUALAN] CASHIER FORM : calculateChangeValue, sisaBayar [0]
[ADMIN] [7/19/2016 10:35] [PENJUALAN] CASHIER FORM : TextBox_TextChanged, isLoading [False]
[ADMIN] [7/19/2016 10:35] [PENJUALAN] CASHIER FORM : TextBox_TextChanged, rowSelectedIndex [1]
[ADMIN] [7/19/2016 10:35] [PENJUALAN] CASHIER FORM : TextBox_TextChanged, previousInput [1]
[ADMIN] [7/19/2016 10:35] [PENJUALAN] CASHIER FORM : TextBox_TextChanged, dataGridViewTextBoxEditingControl.Text pass REGEX Checking
[ADMIN] [7/19/2016 10:35] [PENJUALAN] CASHIER FORM : CHECK STOCK QTY IS ENOUGH [AA-007]
[ADMIN] [7/19/2016 10:35] [PENJUALAN] CASHIER FORM : CHECK STOCK QTY IS ENOUGH [100, 1]
[ADMIN] [7/19/2016 10:35] [PENJUALAN] CASHIER FORM : CALCULATE SUBTOTAL
[ADMIN] [7/19/2016 10:35] [PENJUALAN] CASHIER FORM : SUBTOTAL [32000]
[ADMIN] [7/19/2016 10:35] [PENJUALAN] CASHIER FORM : TextBox_TextChanged, subtotal value [32000]
[ADMIN] [7/19/2016 10:35] [PENJUALAN] CASHIER FORM : TextBox_TextChanged, attempt to calculate total value
[ADMIN] [7/19/2016 10:35] [PENJUALAN] CASHIER FORM : calculateTotal
[ADMIN] [7/19/2016 10:35] [PENJUALAN] CASHIER FORM : calculateTotal [100000]
[ADMIN] [7/19/2016 10:35] [PENJUALAN] CASHIER FORM : calculateTotal, totalAfterDisc [100000]
[ADMIN] [7/19/2016 10:35] [PENJUALAN] CASHIER FORM : calculateChangeValue, bayarTextBox.Text [68000]
[ADMIN] [7/19/2016 10:35] [PENJUALAN] CASHIER FORM : calculateChangeValue, sisaBayar [0]
[ADMIN] [7/19/2016 10:35] [PENJUALAN] CASHIER FORM : TextBox_TextChanged, isLoading [False]
[ADMIN] [7/19/2016 10:35] [PENJUALAN] CASHIER FORM : TextBox_TextChanged, rowSelectedIndex [2]
[ADMIN] [7/19/2016 10:35] [PENJUALAN] CASHIER FORM : TextBox_TextChanged, previousInput [0]
[ADMIN] [7/19/2016 10:35] [PENJUALAN] CASHIER FORM : TextBox_TextChanged, dataGridViewTextBoxEditingControl.Text [0]
[ADMIN] [7/19/2016 10:35] [PENJUALAN] CASHIER FORM : TextBox_TextChanged, dataGridViewTextBoxEditingControl.Text pass REGEX Checking
[ADMIN] [7/19/2016 10:35] [PENJUALAN] CASHIER FORM : CHECK STOCK QTY IS ENOUGH []
[ADMIN] [7/19/2016 10:35] [PENJUALAN] CASHIER FORM : CALCULATE SUBTOTAL
[ADMIN] [7/19/2016 10:35] [PENJUALAN] CASHIER FORM : SUBTOTAL [0]
[ADMIN] [7/19/2016 10:35] [PENJUALAN] CASHIER FORM : TextBox_TextChanged, subtotal value [0]
[ADMIN] [7/19/2016 10:35] [PENJUALAN] CASHIER FORM : TextBox_TextChanged, attempt to calculate total value
[ADMIN] [7/19/2016 10:35] [PENJUALAN] CASHIER FORM : calculateTotal
[ADMIN] [7/19/2016 10:35] [PENJUALAN] CASHIER FORM : calculateTotal [100000]
[ADMIN] [7/19/2016 10:35] [PENJUALAN] CASHIER FORM : calculateTotal, totalAfterDisc [100000]
[ADMIN] [7/19/2016 10:35] [PENJUALAN] CASHIER FORM : calculateChangeValue, bayarTextBox.Text [68000]
[ADMIN] [7/19/2016 10:35] [PENJUALAN] CASHIER FORM : calculateChangeValue, sisaBayar [0]
[ADMIN] [7/19/2016 10:35] [PENJUALAN] CASHIER FORM : TextBox_TextChanged, isLoading [False]
[ADMIN] [7/19/2016 10:35] [PENJUALAN] CASHIER FORM : TextBox_TextChanged, rowSelectedIndex [2]
[ADMIN] [7/19/2016 10:35] [PENJUALAN] CASHIER FORM : TextBox_TextChanged, previousInput [0]
[ADMIN] [7/19/2016 10:35] [PENJUALAN] CASHIER FORM : TextBox_TextChanged, dataGridViewTextBoxEditingControl.Text [0]
[ADMIN] [7/19/2016 10:35] [PENJUALAN] CASHIER FORM : TextBox_TextChanged, dataGridViewTextBoxEditingControl.Text pass REGEX Checking
[ADMIN] [7/19/2016 10:35] [PENJUALAN] CASHIER FORM : CHECK STOCK QTY IS ENOUGH []
[ADMIN] [7/19/2016 10:35] [PENJUALAN] CASHIER FORM : CALCULATE SUBTOTAL
[ADMIN] [7/19/2016 10:35] [PENJUALAN] CASHIER FORM : SUBTOTAL [0]
[ADMIN] [7/19/2016 10:35] [PENJUALAN] CASHIER FORM : TextBox_TextChanged, subtotal value [0]
[ADMIN] [7/19/2016 10:35] [PENJUALAN] CASHIER FORM : TextBox_TextChanged, attempt to calculate total value
[ADMIN] [7/19/2016 10:35] [PENJUALAN] CASHIER FORM : calculateTotal
[ADMIN] [7/19/2016 10:35] [PENJUALAN] CASHIER FORM : calculateTotal [100000]
[ADMIN] [7/19/2016 10:35] [PENJUALAN] CASHIER FORM : calculateTotal, totalAfterDisc [100000]
[ADMIN] [7/19/2016 10:35] [PENJUALAN] CASHIER FORM : calculateChangeValue, bayarTextBox.Text [68000]
[ADMIN] [7/19/2016 10:35] [PENJUALAN] CASHIER FORM : calculateChangeValue, sisaBayar [0]
[ADMIN] [7/19/2016 10:35] [PENJUALAN] CASHIER FORM : TextBox_TextChanged, isLoading [False]
[ADMIN] [7/19/2016 10:35] [PENJUALAN] CASHIER FORM : TextBox_TextChanged, rowSelectedIndex [2]
[ADMIN] [7/19/2016 10:35] [PENJUALAN] CASHIER FORM : TextBox_TextChanged, previousInput [0]
[ADMIN] [7/19/2016 10:35] [PENJUALAN] CASHIER FORM : TextBox_TextChanged, dataGridViewTextBoxEditingControl.Text [0]
[ADMIN] [7/19/2016 10:35] [PENJUALAN] CASHIER FORM : TextBox_TextChanged, dataGridViewTextBoxEditingControl.Text pass REGEX Checking
[ADMIN] [7/19/2016 10:35] [PENJUALAN] CASHIER FORM : CHECK STOCK QTY IS ENOUGH []
[ADMIN] [7/19/2016 10:35] [PENJUALAN] CASHIER FORM : CALCULATE SUBTOTAL
[ADMIN] [7/19/2016 10:35] [PENJUALAN] CASHIER FORM : SUBTOTAL [0]
[ADMIN] [7/19/2016 10:35] [PENJUALAN] CASHIER FORM : TextBox_TextChanged, subtotal value [0]
[ADMIN] [7/19/2016 10:35] [PENJUALAN] CASHIER FORM : TextBox_TextChanged, attempt to calculate total value
[ADMIN] [7/19/2016 10:35] [PENJUALAN] CASHIER FORM : calculateTotal
[ADMIN] [7/19/2016 10:35] [PENJUALAN] CASHIER FORM : calculateTotal [100000]
[ADMIN] [7/19/2016 10:35] [PENJUALAN] CASHIER FORM : calculateTotal, totalAfterDisc [100000]
[ADMIN] [7/19/2016 10:35] [PENJUALAN] CASHIER FORM : calculateChangeValue, bayarTextBox.Text [68000]
[ADMIN] [7/19/2016 10:35] [PENJUALAN] CASHIER FORM : calculateChangeValue, sisaBayar [0]
[ADMIN] [7/19/2016 10:35] [PENJUALAN] CASHIER FORM : UNREGISTER HOTKEY
[ADMIN] [7/19/2016 10:35] [PENJUALAN] CASHIER FORM : REGISTER HOTKEY
[ADMIN] [7/19/2016 10:35] [PENJUALAN] CASHIER FORM : cashierDataGridView_KeyDown ATTEMPT TO DELETE ROW
[ADMIN] [7/19/2016 10:35] [PENJUALAN] CASHIER FORM : TextBox_TextChanged, isLoading [True]
[ADMIN] [7/19/2016 10:35] [PENJUALAN] CASHIER FORM : TextBox_TextChanged, isLoading [True]
[ADMIN] [7/19/2016 10:35] [PENJUALAN] CASHIER FORM : TextBox_TextChanged, isLoading [True]
[ADMIN] [7/19/2016 10:35] [PENJUALAN] CASHIER FORM : TextBox_TextChanged, isLoading [True]
[ADMIN] [7/19/2016 10:35] [PENJUALAN] CASHIER FORM : deleteCurrentRow [2]
[ADMIN] [7/19/2016 10:35] [PENJUALAN] CASHIER FORM : UPDATE ROW NUMBER, TOTAL ROW [2]
[ADMIN] [7/19/2016 10:35] [PENJUALAN] CASHIER FORM : calculateTotal
[ADMIN] [7/19/2016 10:35] [PENJUALAN] CASHIER FORM : calculateTotal [100000]
[ADMIN] [7/19/2016 10:35] [PENJUALAN] CASHIER FORM : calculateTotal, totalAfterDisc [100000]
[ADMIN] [7/19/2016 10:35] [PENJUALAN] CASHIER FORM : calculateChangeValue, bayarTextBox.Text [68000]
[ADMIN] [7/19/2016 10:35] [PENJUALAN] CASHIER FORM : calculateChangeValue, sisaBayar [0]
[ADMIN] [7/19/2016 10:35] [PENJUALAN] CASHIER FORM : HOTKEY TO SAVE AND PRINT OUT INVOICE PRESSED
[ADMIN] [7/19/2016 10:35] [PENJUALAN] CASHIER FORM : UNREGISTER HOTKEY
[ADMIN] [7/19/2016 10:35] [PENJUALAN] CASHIER FORM : REGISTER HOTKEY
[ADMIN] [7/19/2016 10:35] [PENJUALAN] ATTEMPT TO SAVE AND PRINT OUT INVOICE
[ADMIN] [7/19/2016 10:35] [PENJUALAN] CASHIER FORM : UNREGISTER HOTKEY
[ADMIN] [7/19/2016 10:35] [PENJUALAN] CASHIER FORM : REGISTER HOTKEY
[ADMIN] [7/19/2016 10:36] [PENJUALAN] CASHIER FORM : calculateChangeValue, bayarTextBox.Text [1]
[ADMIN] [7/19/2016 10:36] [PENJUALAN] CASHIER FORM : calculateChangeValue, sisaBayar [0]
[ADMIN] [7/19/2016 10:36] [PENJUALAN] CASHIER FORM : calculateChangeValue, bayarTextBox.Text [10]
[ADMIN] [7/19/2016 10:36] [PENJUALAN] CASHIER FORM : calculateChangeValue, sisaBayar [0]
[ADMIN] [7/19/2016 10:36] [PENJUALAN] CASHIER FORM : calculateChangeValue, bayarTextBox.Text [100]
[ADMIN] [7/19/2016 10:36] [PENJUALAN] CASHIER FORM : calculateChangeValue, sisaBayar [0]
[ADMIN] [7/19/2016 10:36] [PENJUALAN] CASHIER FORM : calculateChangeValue, bayarTextBox.Text [1000]
[ADMIN] [7/19/2016 10:36] [PENJUALAN] CASHIER FORM : calculateChangeValue, sisaBayar [0]
[ADMIN] [7/19/2016 10:36] [PENJUALAN] CASHIER FORM : calculateChangeValue, bayarTextBox.Text [10000]
[ADMIN] [7/19/2016 10:36] [PENJUALAN] CASHIER FORM : calculateChangeValue, sisaBayar [0]
[ADMIN] [7/19/2016 10:36] [PENJUALAN] CASHIER FORM : calculateChangeValue, bayarTextBox.Text [100000]
[ADMIN] [7/19/2016 10:36] [PENJUALAN] CASHIER FORM : calculateChangeValue, sisaBayar [0]
[ADMIN] [7/19/2016 10:36] [PENJUALAN] CASHIER FORM : HOTKEY TO SAVE AND PRINT OUT INVOICE PRESSED
[ADMIN] [7/19/2016 10:36] [PENJUALAN] CASHIER FORM : UNREGISTER HOTKEY
[ADMIN] [7/19/2016 10:36] [PENJUALAN] CASHIER FORM : REGISTER HOTKEY
[ADMIN] [7/19/2016 10:36] [PENJUALAN] ATTEMPT TO SAVE AND PRINT OUT INVOICE
[ADMIN] [7/19/2016 10:36] [PENJUALAN] CASHIER FORM : UNREGISTER HOTKEY
[ADMIN] [7/19/2016 10:36] [PENJUALAN] CASHIER FORM : REGISTER HOTKEY
[ADMIN] [7/19/2016 10:36] [PENJUALAN] CASHIER FORM : UNREGISTER HOTKEY
[ADMIN] [7/19/2016 10:36] [PENJUALAN] CASHIER FORM : ATTEMPT TO SAVE SALES DATA [19-07-2016 10:36]
[ADMIN] [7/19/2016 10:36] [PENJUALAN] CASHIER FORM : CASH SALES
[ADMIN] [7/19/2016 10:36] [PENJUALAN] CHECK IF TAX LIMIT SET FOR PERCENTAGE PURCHASE [0]
[ADMIN] [7/19/2016 10:36] [PENJUALAN] CHECK IF TAX LIMIT SET FOR AVERAGE DAILY PURCHASE [0]
[ADMIN] [7/19/2016 10:36] [PENJUALAN] CASHIER FORM : NO FAKTUR [SLO001]
[ADMIN] [7/19/2016 10:36] [PENJUALAN] CASHIER FORM : MAX SALES INVOICE [1]
[ADMIN] [7/19/2016 10:36] [PENJUALAN] CASHIER FORM : SALES INVOICE [SLO001-2]
[ADMIN] [7/19/2016 10:36] [PENJUALAN] INSERT INTO SALES HEADER [SLO001-2]
[ADMIN] [7/19/2016 10:36] [PENJUALAN] INSERT INTO SALES DETAIL[ALPO-P1, 34000, 2]
[ADMIN] [7/19/2016 10:36] [PENJUALAN] REDUCE STOCK AT MASTER PRODUCT [ALPO-P1]
[ADMIN] [7/19/2016 10:36] [PENJUALAN] INSERT INTO SALES DETAIL[AA-007, 32000, 1]
[ADMIN] [7/19/2016 10:36] [PENJUALAN] REDUCE STOCK AT MASTER PRODUCT [AA-007]
[ADMIN] [7/19/2016 10:36] [PENJUALAN] INSERT TO CREDIT TABLE [SLO001-2]
[ADMIN] [7/19/2016 10:36] [PENJUALAN] INSERT TO DAILY JOURNAL TABLE [100000]
[ADMIN] [7/19/2016 10:36] [PENJUALAN] CASHIER FORM : REGISTER HOTKEY
[ADMIN] [7/19/2016 10:36] [PENJUALAN] TRANSACTION SAVED
[ADMIN] [7/19/2016 10:36] [PENJUALAN] PRINT OUT INVOICE
[ADMIN] [7/19/2016 10:36] [PENJUALAN] CASHIER FORM : PrintReceipt
[ADMIN] [7/19/2016 10:36] [PENJUALAN] CASHIER FORM : PrintReceipt, POS size Paper
[ADMIN] [7/19/2016 10:36] [PENJUALAN] CASHIER FORM : calculatePageLength, totalLengthPage [338]
[ADMIN] [7/19/2016 10:36] [PENJUALAN] CASHIER FORM : printDocument1_PrintPage, print POS size receipt
[ADMIN] [7/19/2016 10:36] [PENJUALAN] CASHIER FORM : loadNamaUser
[ADMIN] [7/19/2016 10:36] [PENJUALAN] CASHIER FORM : UNREGISTER HOTKEY
[ADMIN] [7/19/2016 10:36] [PENJUALAN] CASHIER FORM : REGISTER HOTKEY
[ADMIN] [7/19/2016 10:36] [PENJUALAN] CASHIER FORM : UNREGISTER HOTKEY
[ADMIN] [7/19/2016 10:36] [PENJUALAN] CASHIER FORM : REGISTER HOTKEY
[ADMIN] [7/19/2016 10:36] [PENJUALAN] CASHIER FORM : UNREGISTER HOTKEY
[ADMIN] [7/19/2016 10:36] [PENJUALAN] CASHIER FORM : REGISTER HOTKEY
[ADMIN] [7/19/2016 10:36] [PENJUALAN] CASHIER FORM : UNREGISTER HOTKEY
[ADMIN] [7/19/2016 10:36] [PENJUALAN] CASHIER FORM : REGISTER HOTKEY
[ADMIN] [7/19/2016 10:36] [PENJUALAN] CASHIER FORM : UNREGISTER HOTKEY
[ADMIN] [7/19/2016 10:36] [PENJUALAN] CASHIER FORM : REGISTER HOTKEY
[ADMIN] [7/19/2016 10:36] [PENJUALAN] RE-PRINT INVOICE
[ADMIN] [7/19/2016 10:36] [PENJUALAN] CASHIER FORM : PrintReceipt
[ADMIN] [7/19/2016 10:36] [PENJUALAN] CASHIER FORM : PrintReceipt, POS size Paper
[ADMIN] [7/19/2016 10:36] [PENJUALAN] CASHIER FORM : calculatePageLength, totalLengthPage [338]
[ADMIN] [7/19/2016 10:36] [PENJUALAN] CASHIER FORM : printDocument1_PrintPage, print POS size receipt
[ADMIN] [7/19/2016 10:36] [PENJUALAN] CASHIER FORM : loadNamaUser
[ADMIN] [7/19/2016 10:36] [PENJUALAN] CASHIER FORM : UNREGISTER HOTKEY
[ADMIN] [7/19/2016 10:36] [PENJUALAN] CASHIER FORM : REGISTER HOTKEY
[ADMIN] [7/19/2016 10:36] [PENJUALAN] CASHIER FORM : UNREGISTER HOTKEY
[ADMIN] [7/19/2016 10:36] [PENJUALAN] CASHIER FORM : REGISTER HOTKEY
[ADMIN] [7/19/2016 10:36] [PENJUALAN] CASHIER FORM : UNREGISTER HOTKEY
[ADMIN] [7/19/2016 10:37] [PENJUALAN] CASHIER FORM : REGISTER HOTKEY
[ADMIN] [7/19/2016 10:37] [PENJUALAN] CASHIER FORM : UNREGISTER HOTKEY
[ADMIN] [7/19/2016 10:37] [PENJUALAN] CASHIER FORM : UNREGISTER HOTKEY
[] [7/19/2016 10:40] [] USER = ADMIN IS ACTIVE
[ADMIN] [7/19/2016 10:40] [] USER ID = 1 LOGIN SUCCESSFULLY
[ADMIN] [7/19/2016 10:40] [] ACTIVATE USER ACCESS RIGHT
[ADMIN] [7/19/2016 10:40] [] DISPLAY ADMIN FORM
[ADMIN] [7/19/2016 10:40] [] adminForm Load
[ADMIN] [7/19/2016 10:40] [PENJUALAN] CASHIER FORM : MULTIPLE CASHIER INSTANCE [1]
[ADMIN] [7/19/2016 10:40] [PENJUALAN] CASHIER FORM : REGISTER HOTKEY
[ADMIN] [7/19/2016 10:40] [PENJUALAN] CASHIER FORM : cashierForm_Load, ATTEMPT TO LOAD NO FAKTUR
[ADMIN] [7/19/2016 10:40] [PENJUALAN] CASHIER FORM : loadNoFaktur, noFakturValue [SLO001]
[ADMIN] [7/19/2016 10:40] [PENJUALAN] CASHIER FORM : cashierForm_Load, ATTEMPT TO addColumnToDataGrid
[ADMIN] [7/19/2016 10:40] [PENJUALAN] CASHIER FORM : calculateTotal
[ADMIN] [7/19/2016 10:40] [PENJUALAN] CASHIER FORM : calculateTotal [0]
[ADMIN] [7/19/2016 10:40] [PENJUALAN] CASHIER FORM : calculateTotal, totalAfterDisc [0]
[ADMIN] [7/19/2016 10:40] [PENJUALAN] CASHIER FORM : REGISTER HOTKEY
[ADMIN] [7/19/2016 10:40] [PENJUALAN] CASHIER FORM : HOTKEY TO ADD NEW ROW PRESSED
[ADMIN] [7/19/2016 10:40] [PENJUALAN] CASHIER FORM : ADD NEW ROW,  isActive [True]
[ADMIN] [7/19/2016 10:40] [PENJUALAN] CASHIER FORM : ADD NEW ROW,  ROW COUNT [0]
[ADMIN] [7/19/2016 10:40] [PENJUALAN] CASHIER FORM : ADD NEW ROW,  ALLOW TO ADD [True]
[ADMIN] [7/19/2016 10:40] [PENJUALAN] CASHIER FORM : PRODUCT PRICE TYPE [PRODUCT_BASE_PRICE]
[ADMIN] [7/19/2016 10:40] [PENJUALAN] CASHIER FORM : PRODUCT PRICE [12000]
[ADMIN] [7/19/2016 10:40] [PENJUALAN] CASHIER FORM : ComboBox_SelectedIndexChanged, PRODUCT_BASE_PRICE [12000]
[ADMIN] [7/19/2016 10:40] [PENJUALAN] CASHIER FORM : PRODUCT PRICE TYPE [PRODUCT_RETAIL_PRICE]
[ADMIN] [7/19/2016 10:40] [PENJUALAN] CASHIER FORM : PRODUCT PRICE [35000]
[ADMIN] [7/19/2016 10:40] [PENJUALAN] CASHIER FORM : ComboBox_SelectedIndexChanged, PRODUCT_SALES_PRICE [35000]
[ADMIN] [7/19/2016 10:40] [PENJUALAN] CASHIER FORM : ComboBox_SelectedIndexChanged, attempt to calculate total
[ADMIN] [7/19/2016 10:40] [PENJUALAN] CASHIER FORM : calculateTotal
[ADMIN] [7/19/2016 10:40] [PENJUALAN] CASHIER FORM : calculateTotal [0]
[ADMIN] [7/19/2016 10:40] [PENJUALAN] CASHIER FORM : calculateTotal, totalAfterDisc [0]
[ADMIN] [7/19/2016 10:40] [PENJUALAN] CASHIER FORM : HOTKEY TO SAVE AND PRINT OUT INVOICE PRESSED
[ADMIN] [7/19/2016 10:40] [PENJUALAN] CASHIER FORM : UNREGISTER HOTKEY
[ADMIN] [7/19/2016 10:40] [PENJUALAN] CASHIER FORM : REGISTER HOTKEY
[ADMIN] [7/19/2016 10:40] [PENJUALAN] ATTEMPT TO SAVE AND PRINT OUT INVOICE
[ADMIN] [7/19/2016 10:40] [PENJUALAN] CASHIER FORM : HOTKEY TO ADD NEW ROW PRESSED
[ADMIN] [7/19/2016 10:40] [PENJUALAN] CASHIER FORM : ADD NEW ROW,  isActive [True]
[ADMIN] [7/19/2016 10:40] [PENJUALAN] CASHIER FORM : ADD NEW ROW,  ROW COUNT [1]
[ADMIN] [7/19/2016 10:40] [PENJUALAN] CASHIER FORM : ADD NEW ROW,  ALLOW TO ADD [True]
[ADMIN] [7/19/2016 10:40] [PENJUALAN] CASHIER FORM : TextBox_TextChanged, isLoading [False]
[ADMIN] [7/19/2016 10:40] [PENJUALAN] CASHIER FORM : TextBox_TextChanged, rowSelectedIndex [1]
[ADMIN] [7/19/2016 10:40] [PENJUALAN] CASHIER FORM : TextBox_TextChanged, isLoading [False]
[ADMIN] [7/19/2016 10:40] [PENJUALAN] CASHIER FORM : TextBox_TextChanged, rowSelectedIndex [1]
[ADMIN] [7/19/2016 10:40] [PENJUALAN] CASHIER FORM : TextBox_TextChanged, isLoading [False]
[ADMIN] [7/19/2016 10:40] [PENJUALAN] CASHIER FORM : TextBox_TextChanged, rowSelectedIndex [0]
[ADMIN] [7/19/2016 10:40] [PENJUALAN] CASHIER FORM : PRODUCT PRICE TYPE [PRODUCT_BASE_PRICE]
[ADMIN] [7/19/2016 10:40] [PENJUALAN] CASHIER FORM : PRODUCT PRICE [26625]
[ADMIN] [7/19/2016 10:40] [PENJUALAN] CASHIER FORM : ComboBox_SelectedIndexChanged, PRODUCT_BASE_PRICE [26625]
[ADMIN] [7/19/2016 10:40] [PENJUALAN] CASHIER FORM : PRODUCT PRICE TYPE [PRODUCT_RETAIL_PRICE]
[ADMIN] [7/19/2016 10:40] [PENJUALAN] CASHIER FORM : PRODUCT PRICE [34000]
[ADMIN] [7/19/2016 10:40] [PENJUALAN] CASHIER FORM : ComboBox_SelectedIndexChanged, PRODUCT_SALES_PRICE [34000]
[ADMIN] [7/19/2016 10:40] [PENJUALAN] CASHIER FORM : ComboBox_SelectedIndexChanged, attempt to calculate total
[ADMIN] [7/19/2016 10:40] [PENJUALAN] CASHIER FORM : calculateTotal
[ADMIN] [7/19/2016 10:40] [PENJUALAN] CASHIER FORM : calculateTotal [0]
[ADMIN] [7/19/2016 10:40] [PENJUALAN] CASHIER FORM : calculateTotal, totalAfterDisc [0]
[ADMIN] [7/19/2016 10:40] [PENJUALAN] CASHIER FORM : TextBox_TextChanged, isLoading [False]
[ADMIN] [7/19/2016 10:40] [PENJUALAN] CASHIER FORM : TextBox_TextChanged, rowSelectedIndex [1]
[ADMIN] [7/19/2016 10:40] [PENJUALAN] CASHIER FORM : TextBox_TextChanged, previousInput [0]
[ADMIN] [7/19/2016 10:40] [PENJUALAN] CASHIER FORM : TextBox_TextChanged, dataGridViewTextBoxEditingControl.Text [1]
[ADMIN] [7/19/2016 10:40] [PENJUALAN] CASHIER FORM : TextBox_TextChanged, dataGridViewTextBoxEditingControl.Text pass REGEX Checking
[ADMIN] [7/19/2016 10:40] [PENJUALAN] CASHIER FORM : CHECK STOCK QTY IS ENOUGH []
[ADMIN] [7/19/2016 10:40] [PENJUALAN] CASHIER FORM : CALCULATE SUBTOTAL
[ADMIN] [7/19/2016 10:40] [PENJUALAN] CASHIER FORM : SUBTOTAL [0]
[ADMIN] [7/19/2016 10:40] [PENJUALAN] CASHIER FORM : TextBox_TextChanged, subtotal value [0]
[ADMIN] [7/19/2016 10:40] [PENJUALAN] CASHIER FORM : TextBox_TextChanged, attempt to calculate total value
[ADMIN] [7/19/2016 10:40] [PENJUALAN] CASHIER FORM : calculateTotal
[ADMIN] [7/19/2016 10:40] [PENJUALAN] CASHIER FORM : calculateTotal [0]
[ADMIN] [7/19/2016 10:40] [PENJUALAN] CASHIER FORM : calculateTotal, totalAfterDisc [0]
[ADMIN] [7/19/2016 10:40] [PENJUALAN] CASHIER FORM : TextBox_TextChanged, isLoading [False]
[ADMIN] [7/19/2016 10:40] [PENJUALAN] CASHIER FORM : TextBox_TextChanged, rowSelectedIndex [1]
[ADMIN] [7/19/2016 10:40] [PENJUALAN] CASHIER FORM : TextBox_TextChanged, previousInput [1]
[ADMIN] [7/19/2016 10:40] [PENJUALAN] CASHIER FORM : TextBox_TextChanged, dataGridViewTextBoxEditingControl.Text pass REGEX Checking
[ADMIN] [7/19/2016 10:40] [PENJUALAN] CASHIER FORM : CHECK STOCK QTY IS ENOUGH []
[ADMIN] [7/19/2016 10:40] [PENJUALAN] CASHIER FORM : CALCULATE SUBTOTAL
[ADMIN] [7/19/2016 10:40] [PENJUALAN] CASHIER FORM : SUBTOTAL [0]
[ADMIN] [7/19/2016 10:40] [PENJUALAN] CASHIER FORM : TextBox_TextChanged, subtotal value [0]
[ADMIN] [7/19/2016 10:40] [PENJUALAN] CASHIER FORM : TextBox_TextChanged, attempt to calculate total value
[ADMIN] [7/19/2016 10:40] [PENJUALAN] CASHIER FORM : calculateTotal
[ADMIN] [7/19/2016 10:40] [PENJUALAN] CASHIER FORM : calculateTotal [0]
[ADMIN] [7/19/2016 10:40] [PENJUALAN] CASHIER FORM : calculateTotal, totalAfterDisc [0]
[ADMIN] [7/19/2016 10:40] [PENJUALAN] CASHIER FORM : TextBox_TextChanged, isLoading [False]
[ADMIN] [7/19/2016 10:40] [PENJUALAN] CASHIER FORM : TextBox_TextChanged, rowSelectedIndex [0]
[ADMIN] [7/19/2016 10:40] [PENJUALAN] CASHIER FORM : TextBox_TextChanged, previousInput [0]
[ADMIN] [7/19/2016 10:40] [PENJUALAN] CASHIER FORM : TextBox_TextChanged, dataGridViewTextBoxEditingControl.Text [0]
[ADMIN] [7/19/2016 10:40] [PENJUALAN] CASHIER FORM : TextBox_TextChanged, dataGridViewTextBoxEditingControl.Text pass REGEX Checking
[ADMIN] [7/19/2016 10:40] [PENJUALAN] CASHIER FORM : CHECK STOCK QTY IS ENOUGH [ALPO-P1]
[ADMIN] [7/19/2016 10:40] [PENJUALAN] CASHIER FORM : CHECK STOCK QTY IS ENOUGH [7, 0]
[ADMIN] [7/19/2016 10:40] [PENJUALAN] CASHIER FORM : CALCULATE SUBTOTAL
[ADMIN] [7/19/2016 10:40] [PENJUALAN] CASHIER FORM : SUBTOTAL [0]
[ADMIN] [7/19/2016 10:40] [PENJUALAN] CASHIER FORM : TextBox_TextChanged, subtotal value [0]
[ADMIN] [7/19/2016 10:40] [PENJUALAN] CASHIER FORM : TextBox_TextChanged, attempt to calculate total value
[ADMIN] [7/19/2016 10:40] [PENJUALAN] CASHIER FORM : calculateTotal
[ADMIN] [7/19/2016 10:40] [PENJUALAN] CASHIER FORM : calculateTotal [0]
[ADMIN] [7/19/2016 10:40] [PENJUALAN] CASHIER FORM : calculateTotal, totalAfterDisc [0]
[ADMIN] [7/19/2016 10:40] [PENJUALAN] CASHIER FORM : TextBox_TextChanged, isLoading [False]
[ADMIN] [7/19/2016 10:40] [PENJUALAN] CASHIER FORM : TextBox_TextChanged, rowSelectedIndex [0]
[ADMIN] [7/19/2016 10:40] [PENJUALAN] CASHIER FORM : TextBox_TextChanged, previousInput [0]
[ADMIN] [7/19/2016 10:40] [PENJUALAN] CASHIER FORM : TextBox_TextChanged, dataGridViewTextBoxEditingControl.Text [0]
[ADMIN] [7/19/2016 10:40] [PENJUALAN] CASHIER FORM : TextBox_TextChanged, dataGridViewTextBoxEditingControl.Text pass REGEX Checking
[ADMIN] [7/19/2016 10:40] [PENJUALAN] CASHIER FORM : CHECK STOCK QTY IS ENOUGH [ALPO-P1]
[ADMIN] [7/19/2016 10:40] [PENJUALAN] CASHIER FORM : CHECK STOCK QTY IS ENOUGH [7, 0]
[ADMIN] [7/19/2016 10:40] [PENJUALAN] CASHIER FORM : CALCULATE SUBTOTAL
[ADMIN] [7/19/2016 10:40] [PENJUALAN] CASHIER FORM : SUBTOTAL [0]
[ADMIN] [7/19/2016 10:40] [PENJUALAN] CASHIER FORM : TextBox_TextChanged, subtotal value [0]
[ADMIN] [7/19/2016 10:40] [PENJUALAN] CASHIER FORM : TextBox_TextChanged, attempt to calculate total value
[ADMIN] [7/19/2016 10:40] [PENJUALAN] CASHIER FORM : calculateTotal
[ADMIN] [7/19/2016 10:40] [PENJUALAN] CASHIER FORM : calculateTotal [0]
[ADMIN] [7/19/2016 10:40] [PENJUALAN] CASHIER FORM : calculateTotal, totalAfterDisc [0]
[ADMIN] [7/19/2016 10:40] [PENJUALAN] CASHIER FORM : TextBox_TextChanged, isLoading [False]
[ADMIN] [7/19/2016 10:40] [PENJUALAN] CASHIER FORM : TextBox_TextChanged, rowSelectedIndex [0]
[ADMIN] [7/19/2016 10:40] [PENJUALAN] CASHIER FORM : TextBox_TextChanged, previousInput [0]
[ADMIN] [7/19/2016 10:40] [PENJUALAN] CASHIER FORM : TextBox_TextChanged, dataGridViewTextBoxEditingControl.Text [1]
[ADMIN] [7/19/2016 10:40] [PENJUALAN] CASHIER FORM : TextBox_TextChanged, dataGridViewTextBoxEditingControl.Text pass REGEX Checking
[ADMIN] [7/19/2016 10:40] [PENJUALAN] CASHIER FORM : CHECK STOCK QTY IS ENOUGH [ALPO-P1]
[ADMIN] [7/19/2016 10:40] [PENJUALAN] CASHIER FORM : CHECK STOCK QTY IS ENOUGH [7, 1]
[ADMIN] [7/19/2016 10:40] [PENJUALAN] CASHIER FORM : CALCULATE SUBTOTAL
[ADMIN] [7/19/2016 10:40] [PENJUALAN] CASHIER FORM : SUBTOTAL [34000]
[ADMIN] [7/19/2016 10:40] [PENJUALAN] CASHIER FORM : TextBox_TextChanged, subtotal value [34000]
[ADMIN] [7/19/2016 10:40] [PENJUALAN] CASHIER FORM : TextBox_TextChanged, attempt to calculate total value
[ADMIN] [7/19/2016 10:40] [PENJUALAN] CASHIER FORM : calculateTotal
[ADMIN] [7/19/2016 10:40] [PENJUALAN] CASHIER FORM : calculateTotal [34000]
[ADMIN] [7/19/2016 10:40] [PENJUALAN] CASHIER FORM : calculateTotal, totalAfterDisc [34000]
[ADMIN] [7/19/2016 10:40] [PENJUALAN] CASHIER FORM : TextBox_TextChanged, isLoading [False]
[ADMIN] [7/19/2016 10:40] [PENJUALAN] CASHIER FORM : TextBox_TextChanged, rowSelectedIndex [0]
[ADMIN] [7/19/2016 10:40] [PENJUALAN] CASHIER FORM : TextBox_TextChanged, previousInput [1]
[ADMIN] [7/19/2016 10:40] [PENJUALAN] CASHIER FORM : TextBox_TextChanged, dataGridViewTextBoxEditingControl.Text pass REGEX Checking
[ADMIN] [7/19/2016 10:40] [PENJUALAN] CASHIER FORM : CHECK STOCK QTY IS ENOUGH [ALPO-P1]
[ADMIN] [7/19/2016 10:40] [PENJUALAN] CASHIER FORM : CHECK STOCK QTY IS ENOUGH [7, 1]
[ADMIN] [7/19/2016 10:40] [PENJUALAN] CASHIER FORM : CALCULATE SUBTOTAL
[ADMIN] [7/19/2016 10:40] [PENJUALAN] CASHIER FORM : SUBTOTAL [34000]
[ADMIN] [7/19/2016 10:40] [PENJUALAN] CASHIER FORM : TextBox_TextChanged, subtotal value [34000]
[ADMIN] [7/19/2016 10:40] [PENJUALAN] CASHIER FORM : TextBox_TextChanged, attempt to calculate total value
[ADMIN] [7/19/2016 10:40] [PENJUALAN] CASHIER FORM : calculateTotal
[ADMIN] [7/19/2016 10:40] [PENJUALAN] CASHIER FORM : calculateTotal [34000]
[ADMIN] [7/19/2016 10:40] [PENJUALAN] CASHIER FORM : calculateTotal, totalAfterDisc [34000]
[ADMIN] [7/19/2016 10:40] [PENJUALAN] CASHIER FORM : TextBox_TextChanged, isLoading [False]
[ADMIN] [7/19/2016 10:40] [PENJUALAN] CASHIER FORM : TextBox_TextChanged, rowSelectedIndex [0]
[ADMIN] [7/19/2016 10:40] [PENJUALAN] CASHIER FORM : TextBox_TextChanged, previousInput [1]
[ADMIN] [7/19/2016 10:40] [PENJUALAN] CASHIER FORM : TextBox_TextChanged, dataGridViewTextBoxEditingControl.Text pass REGEX Checking
[ADMIN] [7/19/2016 10:40] [PENJUALAN] CASHIER FORM : CHECK STOCK QTY IS ENOUGH [ALPO-P1]
[ADMIN] [7/19/2016 10:40] [PENJUALAN] CASHIER FORM : CHECK STOCK QTY IS ENOUGH [7, 1]
[ADMIN] [7/19/2016 10:40] [PENJUALAN] CASHIER FORM : CALCULATE SUBTOTAL
[ADMIN] [7/19/2016 10:40] [PENJUALAN] CASHIER FORM : SUBTOTAL [34000]
[ADMIN] [7/19/2016 10:40] [PENJUALAN] CASHIER FORM : TextBox_TextChanged, subtotal value [34000]
[ADMIN] [7/19/2016 10:40] [PENJUALAN] CASHIER FORM : TextBox_TextChanged, attempt to calculate total value
[ADMIN] [7/19/2016 10:40] [PENJUALAN] CASHIER FORM : calculateTotal
[ADMIN] [7/19/2016 10:40] [PENJUALAN] CASHIER FORM : calculateTotal [34000]
[ADMIN] [7/19/2016 10:40] [PENJUALAN] CASHIER FORM : calculateTotal, totalAfterDisc [34000]
[ADMIN] [7/19/2016 10:40] [PENJUALAN] CASHIER FORM : HOTKEY TO SAVE AND PRINT OUT INVOICE PRESSED
[ADMIN] [7/19/2016 10:40] [PENJUALAN] CASHIER FORM : UNREGISTER HOTKEY
[ADMIN] [7/19/2016 10:40] [PENJUALAN] CASHIER FORM : REGISTER HOTKEY
[ADMIN] [7/19/2016 10:40] [PENJUALAN] ATTEMPT TO SAVE AND PRINT OUT INVOICE
[ADMIN] [7/19/2016 10:40] [PENJUALAN] CASHIER FORM : UNREGISTER HOTKEY
[ADMIN] [7/19/2016 10:40] [PENJUALAN] CASHIER FORM : REGISTER HOTKEY
[ADMIN] [7/19/2016 10:40] [PENJUALAN] CASHIER FORM : cashierDataGridView_KeyDown ATTEMPT TO DELETE ROW
[ADMIN] [7/19/2016 10:40] [PENJUALAN] CASHIER FORM : deleteCurrentRow [1]
[ADMIN] [7/19/2016 10:40] [PENJUALAN] CASHIER FORM : UPDATE ROW NUMBER, TOTAL ROW [1]
[ADMIN] [7/19/2016 10:40] [PENJUALAN] CASHIER FORM : calculateTotal
[ADMIN] [7/19/2016 10:40] [PENJUALAN] CASHIER FORM : calculateTotal [34000]
[ADMIN] [7/19/2016 10:40] [PENJUALAN] CASHIER FORM : calculateTotal, totalAfterDisc [34000]
[ADMIN] [7/19/2016 10:40] [PENJUALAN] CASHIER FORM : discJualMaskedTextBox_Validating, totalAfterDisc [34000]
[ADMIN] [7/19/2016 10:40] [PENJUALAN] CASHIER FORM : calculateChangeValue, bayarTextBox.Text [3]
[ADMIN] [7/19/2016 10:40] [PENJUALAN] CASHIER FORM : calculateChangeValue, sisaBayar [0]
[ADMIN] [7/19/2016 10:40] [PENJUALAN] CASHIER FORM : calculateChangeValue, bayarTextBox.Text [34]
[ADMIN] [7/19/2016 10:40] [PENJUALAN] CASHIER FORM : calculateChangeValue, sisaBayar [0]
[ADMIN] [7/19/2016 10:40] [PENJUALAN] CASHIER FORM : calculateChangeValue, bayarTextBox.Text [340]
[ADMIN] [7/19/2016 10:40] [PENJUALAN] CASHIER FORM : calculateChangeValue, sisaBayar [0]
[ADMIN] [7/19/2016 10:40] [PENJUALAN] CASHIER FORM : calculateChangeValue, bayarTextBox.Text [3400]
[ADMIN] [7/19/2016 10:40] [PENJUALAN] CASHIER FORM : calculateChangeValue, sisaBayar [0]
[ADMIN] [7/19/2016 10:40] [PENJUALAN] CASHIER FORM : calculateChangeValue, bayarTextBox.Text [34000]
[ADMIN] [7/19/2016 10:40] [PENJUALAN] CASHIER FORM : calculateChangeValue, sisaBayar [0]
[ADMIN] [7/19/2016 10:40] [PENJUALAN] CASHIER FORM : HOTKEY TO SAVE AND PRINT OUT INVOICE PRESSED
[ADMIN] [7/19/2016 10:40] [PENJUALAN] CASHIER FORM : UNREGISTER HOTKEY
[ADMIN] [7/19/2016 10:40] [PENJUALAN] CASHIER FORM : REGISTER HOTKEY
[ADMIN] [7/19/2016 10:40] [PENJUALAN] ATTEMPT TO SAVE AND PRINT OUT INVOICE
[ADMIN] [7/19/2016 10:40] [PENJUALAN] CASHIER FORM : UNREGISTER HOTKEY
[ADMIN] [7/19/2016 10:40] [PENJUALAN] CASHIER FORM : REGISTER HOTKEY
[ADMIN] [7/19/2016 10:40] [PENJUALAN] CASHIER FORM : UNREGISTER HOTKEY
[ADMIN] [7/19/2016 10:40] [PENJUALAN] CASHIER FORM : ATTEMPT TO SAVE SALES DATA [19-07-2016 10:40]
[ADMIN] [7/19/2016 10:40] [PENJUALAN] CASHIER FORM : CASH SALES
[ADMIN] [7/19/2016 10:40] [PENJUALAN] CHECK IF TAX LIMIT SET FOR PERCENTAGE PURCHASE [0]
[ADMIN] [7/19/2016 10:40] [PENJUALAN] CHECK IF TAX LIMIT SET FOR AVERAGE DAILY PURCHASE [0]
[ADMIN] [7/19/2016 10:40] [PENJUALAN] CASHIER FORM : NO FAKTUR [SLO001]
[ADMIN] [7/19/2016 10:40] [PENJUALAN] CASHIER FORM : MAX SALES INVOICE [2]
[ADMIN] [7/19/2016 10:40] [PENJUALAN] CASHIER FORM : SALES INVOICE [SLO001-3]
[ADMIN] [7/19/2016 10:40] [PENJUALAN] INSERT INTO SALES HEADER [SLO001-3]
[ADMIN] [7/19/2016 10:40] [PENJUALAN] INSERT INTO SALES DETAIL[ALPO-P1, 34000, 1]
[ADMIN] [7/19/2016 10:40] [PENJUALAN] REDUCE STOCK AT MASTER PRODUCT [ALPO-P1]
[ADMIN] [7/19/2016 10:40] [PENJUALAN] INSERT TO CREDIT TABLE [SLO001-3]
[ADMIN] [7/19/2016 10:40] [PENJUALAN] INSERT TO DAILY JOURNAL TABLE [34000]
[ADMIN] [7/19/2016 10:40] [PENJUALAN] CASHIER FORM : REGISTER HOTKEY
[ADMIN] [7/19/2016 10:40] [PENJUALAN] TRANSACTION SAVED
[ADMIN] [7/19/2016 10:40] [PENJUALAN] PRINT OUT INVOICE
[ADMIN] [7/19/2016 10:40] [PENJUALAN] CASHIER FORM : PrintReceipt
[ADMIN] [7/19/2016 10:40] [PENJUALAN] CASHIER FORM : PrintReceipt, POS size Paper
[ADMIN] [7/19/2016 10:40] [PENJUALAN] CASHIER FORM : calculatePageLength, totalLengthPage [324]
[ADMIN] [7/19/2016 10:40] [PENJUALAN] CASHIER FORM : printDocument1_PrintPage, print POS size receipt
[ADMIN] [7/19/2016 10:40] [PENJUALAN] CASHIER FORM : loadNamaUser
[ADMIN] [7/19/2016 10:40] [PENJUALAN] CASHIER FORM : UNREGISTER HOTKEY
[ADMIN] [7/19/2016 10:40] [PENJUALAN] CASHIER FORM : REGISTER HOTKEY
[ADMIN] [7/19/2016 10:40] [PENJUALAN] CASHIER FORM : UNREGISTER HOTKEY
[ADMIN] [7/19/2016 10:40] [PENJUALAN] CASHIER FORM : UNREGISTER HOTKEY
[ADMIN] [7/19/2016 10:40] [] USER ID = 1LOGOUT
