[ADMIN] [1/5/2017 15:01] [PENJUALAN] CASHIER FORM : REGISTER HOTKEY
[ADMIN] [1/5/2017 15:01] [PENJUALAN] CASHIER FORM : UNREGISTER HOTKEY
[] [1/5/2017 15:11] [] USER = ADMIN IS ACTIVE
[ADMIN] [1/5/2017 15:11] [] USER ID = 1 LOGIN SUCCESSFULLY
[ADMIN] [1/5/2017 15:11] [] ACTIVATE USER ACCESS RIGHT
[ADMIN] [1/5/2017 15:11] [] DISPLAY ADMIN FORM
[ADMIN] [1/5/2017 15:11] [] adminForm Load
[ADMIN] [1/5/2017 15:11] [] ACTIVATE USER ACCESS RIGHT
[] [1/5/2017 15:12] [] USER = ADMIN IS ACTIVE
[] [1/5/2017 15:12] [] USER = ADMIN IS ACTIVE
[ADMIN] [1/5/2017 15:12] [] USER ID = 1 LOGIN SUCCESSFULLY
[ADMIN] [1/5/2017 15:12] [] ACTIVATE USER ACCESS RIGHT
[ADMIN] [1/5/2017 15:12] [] DISPLAY ADMIN FORM
[ADMIN] [1/5/2017 15:12] [] adminForm Load
[ADMIN] [1/5/2017 15:12] [] ACTIVATE USER ACCESS RIGHT
[] [1/5/2017 15:13] [] USER = ADMIN IS ACTIVE
[] [1/5/2017 15:13] [] USER = ADMIN IS ACTIVE
[ADMIN] [1/5/2017 15:13] [] USER ID = 1 LOGIN SUCCESSFULLY
[ADMIN] [1/5/2017 15:13] [] ACTIVATE USER ACCESS RIGHT
[ADMIN] [1/5/2017 15:13] [] DISPLAY ADMIN FORM
[ADMIN] [1/5/2017 15:13] [] adminForm Load
[ADMIN] [1/5/2017 15:13] [] ACTIVATE USER ACCESS RIGHT
[] [1/5/2017 15:15] [] USER = ADMIN IS ACTIVE
[ADMIN] [1/5/2017 15:15] [] USER ID = 1 LOGIN SUCCESSFULLY
[ADMIN] [1/5/2017 15:15] [] ACTIVATE USER ACCESS RIGHT
[ADMIN] [1/5/2017 15:15] [] DISPLAY ADMIN FORM
[ADMIN] [1/5/2017 15:15] [] adminForm Load
[ADMIN] [1/5/2017 15:15] [] ACTIVATE USER ACCESS RIGHT
[] [1/5/2017 15:19] [] USER = ADMIN IS ACTIVE
[ADMIN] [1/5/2017 15:19] [] USER ID = 1 LOGIN SUCCESSFULLY
[ADMIN] [1/5/2017 15:19] [] ACTIVATE USER ACCESS RIGHT
[ADMIN] [1/5/2017 15:19] [] DISPLAY ADMIN FORM
[ADMIN] [1/5/2017 15:19] [] adminForm Load
[ADMIN] [1/5/2017 15:19] [] ACTIVATE USER ACCESS RIGHT
[ADMIN] [1/5/2017 15:20] [] USER ID = 1LOGOUT
