[] [30/08/2016 13:31] [] USER = ADMIN IS ACTIVE
[ADMIN] [30/08/2016 13:31] [] USER ID = 1 LOGIN SUCCESSFULLY
[ADMIN] [30/08/2016 13:31] [] ACTIVATE USER ACCESS RIGHT
[ADMIN] [30/08/2016 13:31] [] DISPLAY ADMIN FORM
[ADMIN] [30/08/2016 13:31] [] adminForm Load
[ADMIN] [30/08/2016 13:31] [] ACTIVATE USER ACCESS RIGHT
[ADMIN] [30/08/2016 13:41] [TAMBAH / UPDATE PRODUK] INSERT NEW PRODUCT [089686017748]
[ADMIN] [30/08/2016 13:41] [TAMBAH / UPDATE PRODUK] INSERT PRODUCT CATEGORY FOR [089686017748]
[ADMIN] [30/08/2016 13:42] [TAMBAH / UPDATE PRODUK] INSERT NEW PRODUCT [089686017700]
[ADMIN] [30/08/2016 13:42] [TAMBAH / UPDATE PRODUK] INSERT PRODUCT CATEGORY FOR [089686017700]
[ADMIN] [30/08/2016 13:44] [TAMBAH / UPDATE PRODUK] INSERT NEW PRODUCT [089686017717]
[ADMIN] [30/08/2016 13:44] [TAMBAH / UPDATE PRODUK] INSERT PRODUCT CATEGORY FOR [089686017717]
[ADMIN] [30/08/2016 13:45] [TAMBAH / UPDATE PRODUK] INSERT NEW PRODUCT [089686018011]
[ADMIN] [30/08/2016 13:45] [TAMBAH / UPDATE PRODUK] INSERT PRODUCT CATEGORY FOR [089686018011]
[ADMIN] [30/08/2016 13:46] [PENGATURAN KATEGORI PRODUK] ADD CATEGORY [1] FOR PRODUCT [089686018059]
[ADMIN] [30/08/2016 13:47] [TAMBAH / UPDATE PRODUK] UPDATE CURRENT PRODUCT DATA [101.00022]
[ADMIN] [30/08/2016 13:47] [TAMBAH / UPDATE PRODUK] UPDATE PRODUCT CATEGORY FOR [101.00022]
[ADMIN] [30/08/2016 13:47] [TAMBAH / UPDATE PRODUK] DELETE CURRENT PRODUCT CATEGORY FOR [101.00022]
[ADMIN] [30/08/2016 13:47] [TAMBAH / UPDATE PRODUK] INSERT PRODUCT CATEGORY FOR [101.00022]
[ADMIN] [30/08/2016 13:49] [TAMBAH / UPDATE PRODUK] UPDATE CURRENT PRODUCT DATA [089686017748]
[ADMIN] [30/08/2016 13:49] [TAMBAH / UPDATE PRODUK] UPDATE PRODUCT CATEGORY FOR [089686017748]
[ADMIN] [30/08/2016 13:49] [TAMBAH / UPDATE PRODUK] DELETE CURRENT PRODUCT CATEGORY FOR [089686017748]
[ADMIN] [30/08/2016 13:49] [TAMBAH / UPDATE PRODUK] INSERT PRODUCT CATEGORY FOR [089686017748]
[ADMIN] [30/08/2016 13:49] [] USER ID = 1LOGOUT
