[] [1/9/2017 12:03] [] USER = ADMIN IS ACTIVE
[ADMIN] [1/9/2017 12:04] [] USER ID = 1 LOGIN SUCCESSFULLY
[ADMIN] [1/9/2017 12:04] [] ACTIVATE USER ACCESS RIGHT
[ADMIN] [1/9/2017 12:04] [] DISPLAY ADMIN FORM
[ADMIN] [1/9/2017 12:04] [] adminForm Load
[ADMIN] [1/9/2017 12:04] [] ACTIVATE USER ACCESS RIGHT
[ADMIN] [1/9/2017 12:04] [PENJUALAN] CASHIER FORM : MULTIPLE CASHIER INSTANCE [1]
[ADMIN] [1/9/2017 12:04] [PENJUALAN] CASHIER FORM : REGISTER HOTKEY
[ADMIN] [1/9/2017 12:04] [PENJUALAN] CASHIER FORM : cashierForm_Load, ATTEMPT TO LOAD NO FAKTUR
[ADMIN] [1/9/2017 12:04] [PENJUALAN] CASHIER FORM : loadNoFaktur, noFakturValue [SLO001]
[ADMIN] [1/9/2017 12:04] [PENJUALAN] CASHIER FORM : cashierForm_Load, ATTEMPT TO addColumnToDataGrid
[ADMIN] [1/9/2017 12:04] [PENJUALAN] CASHIER FORM : UPDATE ROW NUMBER, TOTAL ROW [1]
[ADMIN] [1/9/2017 12:04] [PENJUALAN] CASHIER FORM : cashierDataGridView_CellValueChanged [F8]
[ADMIN] [1/9/2017 12:04] [PENJUALAN] CASHIER FORM : calculateTotal
[ADMIN] [1/9/2017 12:04] [PENJUALAN] CASHIER FORM : calculateTotal [0]
[ADMIN] [1/9/2017 12:04] [PENJUALAN] CASHIER FORM : calculateTotal, totalAfterDisc [0]
[ADMIN] [1/9/2017 12:04] [PENJUALAN] CASHIER FORM : calculateChangeValue, bayarTextBox.Text [0]
[ADMIN] [1/9/2017 12:04] [PENJUALAN] CASHIER FORM : calculateChangeValue, sisaBayar [0]
[ADMIN] [1/9/2017 12:04] [PENJUALAN] CASHIER FORM : REGISTER HOTKEY
[ADMIN] [1/9/2017 12:04] [PENJUALAN] CASHIER FORM : Combobox_KeyUp, cashierDataGridView.CurrentCell.OwningColumn.Name  [productID]
[ADMIN] [1/9/2017 12:06] [PENJUALAN] CASHIER FORM : Combobox_previewKeyDown, cashierDataGridView.CurrentCell.OwningColumn.Name  [productID]
[ADMIN] [1/9/2017 12:06] [PENJUALAN] CASHIER FORM : UPDATE ROW NUMBER, TOTAL ROW [2]
[ADMIN] [1/9/2017 12:06] [PENJUALAN] CASHIER FORM : cashierDataGridView_CellValueChanged [F8]
[ADMIN] [1/9/2017 12:06] [PENJUALAN] CASHIER FORM : cashierDataGridView_CellValueChanged [productID]
[ADMIN] [1/9/2017 12:06] [PENJUALAN] CASHIER FORM : Combobox_KeyUp, cashierDataGridView.CurrentCell.OwningColumn.Name  [productID]
[ADMIN] [1/9/2017 12:06] [PENJUALAN] CASHIER FORM : Combobox_previewKeyDown, cashierDataGridView.CurrentCell.OwningColumn.Name  [productID]
[ADMIN] [1/9/2017 12:06] [PENJUALAN] CASHIER FORM : cashierDataGridView_CellValueChanged [productID]
[ADMIN] [1/9/2017 12:06] [PENJUALAN] CASHIER FORM : Combobox_KeyUp, cashierDataGridView.CurrentCell.OwningColumn.Name  [productID]
[ADMIN] [1/9/2017 12:06] [PENJUALAN] CASHIER FORM : Combobox_previewKeyDown, cashierDataGridView.CurrentCell.OwningColumn.Name  [productID]
[ADMIN] [1/9/2017 12:06] [PENJUALAN] CASHIER FORM : UNREGISTER HOTKEY
[ADMIN] [1/9/2017 12:06] [PENJUALAN] CASHIER FORM : ADD NEW ROW FROM BARCODE [SANITISER HEALTY EARS]
[ADMIN] [1/9/2017 12:06] [PENJUALAN] CASHIER FORM : updateSomeRowContents
[ADMIN] [1/9/2017 12:06] [PENJUALAN] CASHIER FORM : cashierDataGridView_CellValueChanged [productID]
[ADMIN] [1/9/2017 12:06] [PENJUALAN] CASHIER FORM : cashierDataGridView_CellValueChanged [productName]
[ADMIN] [1/9/2017 12:06] [PENJUALAN] CASHIER FORM : updateSomeRowContents
[ADMIN] [1/9/2017 12:06] [PENJUALAN] CASHIER FORM : PRODUCT PRICE TYPE [PRODUCT_BASE_PRICE]
[ADMIN] [1/9/2017 12:06] [PENJUALAN] CASHIER FORM : PRODUCT PRICE [9310]
[ADMIN] [1/9/2017 12:06] [PENJUALAN] CASHIER FORM : ComboBox_SelectedIndexChanged, PRODUCT_BASE_PRICE [9310]
[ADMIN] [1/9/2017 12:06] [PENJUALAN] CASHIER FORM : cashierDataGridView_CellValueChanged [hpp]
[ADMIN] [1/9/2017 12:06] [PENJUALAN] CASHIER FORM : PRODUCT PRICE TYPE [PRODUCT_RETAIL_PRICE]
[ADMIN] [1/9/2017 12:06] [PENJUALAN] CASHIER FORM : PRODUCT PRICE [12000]
[ADMIN] [1/9/2017 12:06] [PENJUALAN] CASHIER FORM : ComboBox_SelectedIndexChanged, PRODUCT_SALES_PRICE [12000]
[ADMIN] [1/9/2017 12:06] [PENJUALAN] CASHIER FORM : cashierDataGridView_CellValueChanged [productPrice]
[ADMIN] [1/9/2017 12:06] [PENJUALAN] CASHIER FORM : cashierDataGridView_CellValueChanged, previousInput [0]
[ADMIN] [1/9/2017 12:06] [PENJUALAN] CASHIER FORM : cashierDataGridView_CellValueChanged, cellValue [12000]
[ADMIN] [1/9/2017 12:06] [PENJUALAN] CASHIER FORM : cashierDataGridView_CellValueChanged, dataGridViewTextBoxEditingControl.Text pass REGEX Checking
[ADMIN] [1/9/2017 12:06] [PENJUALAN] CASHIER FORM : CALCULATE SUBTOTAL
[ADMIN] [1/9/2017 12:06] [PENJUALAN] CASHIER FORM : SUBTOTAL [0]
[ADMIN] [1/9/2017 12:06] [PENJUALAN] CASHIER FORM : cashierDataGridView_CellValueChanged, subtotal value [0]
[ADMIN] [1/9/2017 12:06] [PENJUALAN] CASHIER FORM : cashierDataGridView_CellValueChanged, attempt to calculate total value
[ADMIN] [1/9/2017 12:06] [PENJUALAN] CASHIER FORM : calculateTotal
[ADMIN] [1/9/2017 12:06] [PENJUALAN] CASHIER FORM : calculateTotal [0]
[ADMIN] [1/9/2017 12:06] [PENJUALAN] CASHIER FORM : calculateTotal, totalAfterDisc [0]
[ADMIN] [1/9/2017 12:06] [PENJUALAN] CASHIER FORM : calculateChangeValue, bayarTextBox.Text [0]
[ADMIN] [1/9/2017 12:06] [PENJUALAN] CASHIER FORM : calculateChangeValue, sisaBayar [0]
[ADMIN] [1/9/2017 12:06] [PENJUALAN] CASHIER FORM : cashierDataGridView_CellValueChanged [qty]
[ADMIN] [1/9/2017 12:06] [PENJUALAN] CASHIER FORM : cashierDataGridView_CellValueChanged, previousInput [0]
[ADMIN] [1/9/2017 12:06] [PENJUALAN] CASHIER FORM : cashierDataGridView_CellValueChanged [jumlah]
[ADMIN] [1/9/2017 12:06] [PENJUALAN] CASHIER FORM : calculateTotal
[ADMIN] [1/9/2017 12:06] [PENJUALAN] CASHIER FORM : calculateTotal [0]
[ADMIN] [1/9/2017 12:06] [PENJUALAN] CASHIER FORM : calculateTotal, totalAfterDisc [0]
[ADMIN] [1/9/2017 12:06] [PENJUALAN] CASHIER FORM : calculateChangeValue, bayarTextBox.Text [0]
[ADMIN] [1/9/2017 12:06] [PENJUALAN] CASHIER FORM : calculateChangeValue, sisaBayar [0]
[ADMIN] [1/9/2017 12:06] [PENJUALAN] CASHIER FORM : CHECK STOCK QTY IS ENOUGH [HEALTYEAR]
[ADMIN] [1/9/2017 12:06] [PENJUALAN] CASHIER FORM : CHECK STOCK QTY IS ENOUGH [240, 1]
[ADMIN] [1/9/2017 12:06] [PENJUALAN] CASHIER FORM : cashierDataGridView_CellValueChanged [qty]
[ADMIN] [1/9/2017 12:06] [PENJUALAN] CASHIER FORM : cashierDataGridView_CellValueChanged, previousInput [0]
[ADMIN] [1/9/2017 12:06] [PENJUALAN] CASHIER FORM : cashierDataGridView_CellValueChanged, cellValue [1]
[ADMIN] [1/9/2017 12:06] [PENJUALAN] CASHIER FORM : cashierDataGridView_CellValueChanged, dataGridViewTextBoxEditingControl.Text pass REGEX Checking
[ADMIN] [1/9/2017 12:06] [PENJUALAN] CASHIER FORM : CHECK STOCK QTY IS ENOUGH [HEALTYEAR]
[ADMIN] [1/9/2017 12:06] [PENJUALAN] CASHIER FORM : CHECK STOCK QTY IS ENOUGH [240, 1]
[ADMIN] [1/9/2017 12:06] [PENJUALAN] CASHIER FORM : CALCULATE SUBTOTAL
[ADMIN] [1/9/2017 12:06] [PENJUALAN] CASHIER FORM : SUBTOTAL [12000]
[ADMIN] [1/9/2017 12:06] [PENJUALAN] CASHIER FORM : cashierDataGridView_CellValueChanged, subtotal value [12000]
[ADMIN] [1/9/2017 12:06] [PENJUALAN] CASHIER FORM : cashierDataGridView_CellValueChanged, attempt to calculate total value
[ADMIN] [1/9/2017 12:06] [PENJUALAN] CASHIER FORM : calculateTotal
[ADMIN] [1/9/2017 12:06] [PENJUALAN] CASHIER FORM : calculateTotal [12000]
[ADMIN] [1/9/2017 12:06] [PENJUALAN] CASHIER FORM : calculateTotal, totalAfterDisc [12000]
[ADMIN] [1/9/2017 12:06] [PENJUALAN] CASHIER FORM : calculateChangeValue, bayarTextBox.Text [0]
[ADMIN] [1/9/2017 12:06] [PENJUALAN] CASHIER FORM : calculateChangeValue, sisaBayar [0]
[ADMIN] [1/9/2017 12:06] [PENJUALAN] CASHIER FORM : SET QTY TO 1 BECAUSE OF NEW ROW
[ADMIN] [1/9/2017 12:06] [PENJUALAN] CASHIER FORM : CALCULATE SUBTOTAL
[ADMIN] [1/9/2017 12:06] [PENJUALAN] CASHIER FORM : SUBTOTAL [12000]
[ADMIN] [1/9/2017 12:06] [PENJUALAN] CASHIER FORM : calculateTotal
[ADMIN] [1/9/2017 12:06] [PENJUALAN] CASHIER FORM : calculateTotal [12000]
[ADMIN] [1/9/2017 12:06] [PENJUALAN] CASHIER FORM : calculateTotal, totalAfterDisc [12000]
[ADMIN] [1/9/2017 12:06] [PENJUALAN] CASHIER FORM : calculateChangeValue, bayarTextBox.Text [0]
[ADMIN] [1/9/2017 12:06] [PENJUALAN] CASHIER FORM : calculateChangeValue, sisaBayar [0]
[ADMIN] [1/9/2017 12:06] [PENJUALAN] CASHIER FORM : UPDATE ROW NUMBER, TOTAL ROW [2]
[ADMIN] [1/9/2017 12:06] [PENJUALAN] CASHIER FORM : cashierDataGridView_CellValueChanged [F8]
[ADMIN] [1/9/2017 12:06] [PENJUALAN] CASHIER FORM : REGISTER HOTKEY
[ADMIN] [1/9/2017 12:06] [PENJUALAN] CASHIER FORM : Combobox_KeyUp, cashierDataGridView.CurrentCell.OwningColumn.Name  [qty]
[ADMIN] [1/9/2017 12:06] [PENJUALAN] CASHIER FORM : HOTKEY TO SAVE AND PRINT OUT INVOICE PRESSED
[ADMIN] [1/9/2017 12:06] [PENJUALAN] CASHIER FORM : UNREGISTER HOTKEY
[ADMIN] [1/9/2017 12:06] [PENJUALAN] CASHIER FORM : REGISTER HOTKEY
[ADMIN] [1/9/2017 12:06] [PENJUALAN] ATTEMPT TO SAVE AND PRINT OUT INVOICE
[ADMIN] [1/9/2017 12:06] [PENJUALAN] CASHIER FORM : UNREGISTER HOTKEY
[ADMIN] [1/9/2017 12:06] [PENJUALAN] CASHIER FORM : REGISTER HOTKEY
[ADMIN] [1/9/2017 12:06] [PENJUALAN] CASHIER FORM : UNREGISTER HOTKEY
[ADMIN] [1/9/2017 12:06] [PENJUALAN] CASHIER FORM : ATTEMPT TO SAVE SALES DATA [09-01-2017 12:06]
[ADMIN] [1/9/2017 12:06] [PENJUALAN] CASHIER FORM : SALES DISC FINAL [0]
[ADMIN] [1/9/2017 12:06] [PENJUALAN] CASHIER FORM : NON CASH - SALES DUE DATE [12-01-2017]
[ADMIN] [1/9/2017 12:06] [PENJUALAN] CHECK IF TAX LIMIT SET FOR PERCENTAGE PURCHASE [0]
[ADMIN] [1/9/2017 12:06] [PENJUALAN] CHECK IF TAX LIMIT SET FOR AVERAGE DAILY PURCHASE [0]
[ADMIN] [1/9/2017 12:06] [PENJUALAN] CASHIER FORM : NO FAKTUR [SLO001]
[ADMIN] [1/9/2017 12:06] [PENJUALAN] CASHIER FORM : MAX SALES INVOICE [23]
[ADMIN] [1/9/2017 12:06] [PENJUALAN] CASHIER FORM : SALES INVOICE [SLO001-24]
[ADMIN] [1/9/2017 12:06] [PENJUALAN] INSERT INTO SALES HEADER [SLO001-24]
[ADMIN] [1/9/2017 12:06] [PENJUALAN] INSERT INTO SALES DETAIL[HEALTYEAR, 12000, 1]
[ADMIN] [1/9/2017 12:06] [PENJUALAN] REDUCE STOCK AT MASTER PRODUCT [HEALTYEAR]
[ADMIN] [1/9/2017 12:06] [PENJUALAN] INSERT TO CREDIT TABLE [SLO001-24]
[ADMIN] [1/9/2017 12:06] [PENJUALAN] CASHIER FORM : REGISTER HOTKEY
[ADMIN] [1/9/2017 12:06] [PENJUALAN] TRANSACTION SAVED
[ADMIN] [1/9/2017 12:06] [PENJUALAN] PRINT OUT INVOICE
[ADMIN] [1/9/2017 12:06] [PENJUALAN] CASHIER FORM : PrintReceipt
[ADMIN] [1/9/2017 12:06] [PENJUALAN] CASHIER FORM : PrintReceipt, POS size Paper
[ADMIN] [1/9/2017 12:06] [PENJUALAN] CASHIER FORM : loadInfoToko
[ADMIN] [1/9/2017 12:06] [PENJUALAN] CASHIER FORM : calculatePageLength, totalLengthPage [369]
[ADMIN] [1/9/2017 12:06] [PENJUALAN] CASHIER FORM : printDocument1_PrintPage, print POS size receipt
[ADMIN] [1/9/2017 12:06] [PENJUALAN] CASHIER FORM : loadInfoToko
[ADMIN] [1/9/2017 12:06] [PENJUALAN] CASHIER FORM : loadNamaUser
[ADMIN] [1/9/2017 12:06] [PENJUALAN] CASHIER FORM : UNREGISTER HOTKEY
[ADMIN] [1/9/2017 12:07] [PENJUALAN] CASHIER FORM : REGISTER HOTKEY
[ADMIN] [1/9/2017 12:07] [PENJUALAN] CASHIER FORM : UPDATE ROW NUMBER, TOTAL ROW [1]
[ADMIN] [1/9/2017 12:07] [PENJUALAN] CASHIER FORM : cashierDataGridView_CellValueChanged [F8]
[ADMIN] [1/9/2017 12:07] [PENJUALAN] CASHIER FORM : UNREGISTER HOTKEY
[ADMIN] [1/9/2017 12:07] [PENJUALAN] CASHIER FORM : REGISTER HOTKEY
[ADMIN] [1/9/2017 12:07] [PENJUALAN] CASHIER FORM : UNREGISTER HOTKEY
[ADMIN] [1/9/2017 12:07] [PENJUALAN] CASHIER FORM : UNREGISTER HOTKEY
