[] [8/2/2016 3:28 PM] [] USER = ADMIN IS ACTIVE
[ADMIN] [8/2/2016 3:28 PM] [] USER ID = 1 LOGIN SUCCESSFULLY
[ADMIN] [8/2/2016 3:28 PM] [] ACTIVATE USER ACCESS RIGHT
[ADMIN] [8/2/2016 3:28 PM] [] DISPLAY ADMIN FORM
[ADMIN] [8/2/2016 3:28 PM] [] adminForm Load
[ADMIN] [8/2/2016 3:28 PM] [PENJUALAN] CASHIER FORM : MULTIPLE CASHIER INSTANCE [1]
[ADMIN] [8/2/2016 3:28 PM] [PENJUALAN] CASHIER FORM : REGISTER HOTKEY
[ADMIN] [8/2/2016 3:28 PM] [PENJUALAN] CASHIER FORM : cashierForm_Load, ATTEMPT TO LOAD NO FAKTUR
[ADMIN] [8/2/2016 3:28 PM] [PENJUALAN] CASHIER FORM : loadNoFaktur, noFakturValue [SLO001]
[ADMIN] [8/2/2016 3:28 PM] [PENJUALAN] CASHIER FORM : cashierForm_Load, ATTEMPT TO addColumnToDataGrid
[ADMIN] [8/2/2016 3:28 PM] [PENJUALAN] CASHIER FORM : UPDATE ROW NUMBER, TOTAL ROW [1]
[ADMIN] [8/2/2016 3:28 PM] [PENJUALAN] CASHIER FORM : calculateTotal
[ADMIN] [8/2/2016 3:28 PM] [PENJUALAN] CASHIER FORM : calculateTotal [0]
[ADMIN] [8/2/2016 3:28 PM] [PENJUALAN] CASHIER FORM : calculateTotal, totalAfterDisc [0]
[ADMIN] [8/2/2016 3:28 PM] [PENJUALAN] CASHIER FORM : calculateChangeValue, bayarTextBox.Text [0]
[ADMIN] [8/2/2016 3:28 PM] [PENJUALAN] CASHIER FORM : calculateChangeValue, sisaBayar [0]
[ADMIN] [8/2/2016 3:28 PM] [PENJUALAN] CASHIER FORM : REGISTER HOTKEY
[ADMIN] [8/2/2016 3:29 PM] [PENJUALAN] CASHIER FORM : UPDATE ROW NUMBER, TOTAL ROW [2]
[ADMIN] [8/2/2016 3:29 PM] [PENJUALAN] CASHIER FORM : calculateTotal
[ADMIN] [8/2/2016 3:29 PM] [PENJUALAN] CASHIER FORM : calculateTotal [0]
[ADMIN] [8/2/2016 3:29 PM] [PENJUALAN] CASHIER FORM : calculateTotal, totalAfterDisc [0]
[ADMIN] [8/2/2016 3:29 PM] [PENJUALAN] CASHIER FORM : calculateChangeValue, bayarTextBox.Text [0]
[ADMIN] [8/2/2016 3:29 PM] [PENJUALAN] CASHIER FORM : calculateChangeValue, sisaBayar [0]
[ADMIN] [8/2/2016 3:29 PM] [PENJUALAN] CASHIER FORM : PRODUCT PRICE TYPE [PRODUCT_BASE_PRICE]
[ADMIN] [8/2/2016 3:29 PM] [PENJUALAN] CASHIER FORM : PRODUCT PRICE [8570.56]
[ADMIN] [8/2/2016 3:29 PM] [PENJUALAN] CASHIER FORM : ComboBox_SelectedIndexChanged, PRODUCT_BASE_PRICE [8570.56]
[ADMIN] [8/2/2016 3:29 PM] [PENJUALAN] CASHIER FORM : PRODUCT PRICE TYPE [PRODUCT_RETAIL_PRICE]
[ADMIN] [8/2/2016 3:29 PM] [PENJUALAN] CASHIER FORM : PRODUCT PRICE [21000]
[ADMIN] [8/2/2016 3:29 PM] [PENJUALAN] CASHIER FORM : ComboBox_SelectedIndexChanged, PRODUCT_SALES_PRICE [21000]
[ADMIN] [8/2/2016 3:29 PM] [PENJUALAN] CASHIER FORM : calculateTotal
[ADMIN] [8/2/2016 3:29 PM] [PENJUALAN] CASHIER FORM : calculateTotal [0]
[ADMIN] [8/2/2016 3:29 PM] [PENJUALAN] CASHIER FORM : calculateTotal, totalAfterDisc [0]
[ADMIN] [8/2/2016 3:29 PM] [PENJUALAN] CASHIER FORM : calculateChangeValue, bayarTextBox.Text [0]
[ADMIN] [8/2/2016 3:29 PM] [PENJUALAN] CASHIER FORM : calculateChangeValue, sisaBayar [0]
[ADMIN] [8/2/2016 3:29 PM] [PENJUALAN] CASHIER FORM : UPDATE ROW NUMBER, TOTAL ROW [3]
[ADMIN] [8/2/2016 3:29 PM] [PENJUALAN] CASHIER FORM : PRODUCT PRICE TYPE [PRODUCT_BASE_PRICE]
[ADMIN] [8/2/2016 3:29 PM] [PENJUALAN] CASHIER FORM : PRODUCT PRICE [3000]
[ADMIN] [8/2/2016 3:29 PM] [PENJUALAN] CASHIER FORM : ComboBox_SelectedIndexChanged, PRODUCT_BASE_PRICE [3000]
[ADMIN] [8/2/2016 3:29 PM] [PENJUALAN] CASHIER FORM : PRODUCT PRICE TYPE [PRODUCT_RETAIL_PRICE]
[ADMIN] [8/2/2016 3:29 PM] [PENJUALAN] CASHIER FORM : PRODUCT PRICE [5000]
[ADMIN] [8/2/2016 3:29 PM] [PENJUALAN] CASHIER FORM : ComboBox_SelectedIndexChanged, PRODUCT_SALES_PRICE [5000]
[ADMIN] [8/2/2016 3:29 PM] [PENJUALAN] CASHIER FORM : calculateTotal
[ADMIN] [8/2/2016 3:29 PM] [PENJUALAN] CASHIER FORM : calculateTotal [0]
[ADMIN] [8/2/2016 3:29 PM] [PENJUALAN] CASHIER FORM : calculateTotal, totalAfterDisc [0]
[ADMIN] [8/2/2016 3:29 PM] [PENJUALAN] CASHIER FORM : calculateChangeValue, bayarTextBox.Text [0]
[ADMIN] [8/2/2016 3:29 PM] [PENJUALAN] CASHIER FORM : calculateChangeValue, sisaBayar [0]
[ADMIN] [8/2/2016 3:29 PM] [PENJUALAN] CASHIER FORM : UNREGISTER HOTKEY
[ADMIN] [8/2/2016 3:29 PM] [PENJUALAN] CASHIER FORM : REGISTER HOTKEY
[ADMIN] [8/2/2016 3:29 PM] [PENJUALAN] CASHIER FORM : cashierDataGridView_KeyDown ATTEMPT TO DELETE ROW
[ADMIN] [8/2/2016 3:29 PM] [PENJUALAN] CASHIER FORM : deleteCurrentRow [1]
[ADMIN] [8/2/2016 3:29 PM] [PENJUALAN] CASHIER FORM : UPDATE ROW NUMBER, TOTAL ROW [2]
[ADMIN] [8/2/2016 3:29 PM] [PENJUALAN] CASHIER FORM : calculateTotal
[ADMIN] [8/2/2016 3:29 PM] [PENJUALAN] CASHIER FORM : calculateTotal [0]
[ADMIN] [8/2/2016 3:29 PM] [PENJUALAN] CASHIER FORM : calculateTotal, totalAfterDisc [0]
[ADMIN] [8/2/2016 3:29 PM] [PENJUALAN] CASHIER FORM : calculateChangeValue, bayarTextBox.Text [0]
[ADMIN] [8/2/2016 3:29 PM] [PENJUALAN] CASHIER FORM : calculateChangeValue, sisaBayar [0]
[ADMIN] [8/2/2016 3:29 PM] [PENJUALAN] CASHIER FORM : UNREGISTER HOTKEY
[ADMIN] [8/2/2016 3:29 PM] [PENJUALAN] CASHIER FORM : REGISTER HOTKEY
[ADMIN] [8/2/2016 3:29 PM] [PENJUALAN] CASHIER FORM : UNREGISTER HOTKEY
[ADMIN] [8/2/2016 3:29 PM] [PENJUALAN] CASHIER FORM : REGISTER HOTKEY
[ADMIN] [8/2/2016 3:30 PM] [PENJUALAN] CASHIER FORM : UNREGISTER HOTKEY
[ADMIN] [8/2/2016 3:30 PM] [PENJUALAN] CASHIER FORM : REGISTER HOTKEY
[ADMIN] [8/2/2016 3:30 PM] [PENJUALAN] CASHIER FORM : UNREGISTER HOTKEY
[ADMIN] [8/2/2016 3:30 PM] [PENJUALAN] CASHIER FORM : REGISTER HOTKEY
[] [8/2/2016 3:34 PM] [] USER = ADMIN IS ACTIVE
[ADMIN] [8/2/2016 3:34 PM] [] USER ID = 1 LOGIN SUCCESSFULLY
[ADMIN] [8/2/2016 3:34 PM] [] ACTIVATE USER ACCESS RIGHT
[ADMIN] [8/2/2016 3:34 PM] [] DISPLAY ADMIN FORM
[ADMIN] [8/2/2016 3:34 PM] [] adminForm Load
[ADMIN] [8/2/2016 3:34 PM] [PENJUALAN] CASHIER FORM : MULTIPLE CASHIER INSTANCE [1]
[ADMIN] [8/2/2016 3:34 PM] [PENJUALAN] CASHIER FORM : REGISTER HOTKEY
[ADMIN] [8/2/2016 3:34 PM] [PENJUALAN] CASHIER FORM : cashierForm_Load, ATTEMPT TO LOAD NO FAKTUR
[ADMIN] [8/2/2016 3:34 PM] [PENJUALAN] CASHIER FORM : loadNoFaktur, noFakturValue [SLO001]
[ADMIN] [8/2/2016 3:34 PM] [PENJUALAN] CASHIER FORM : cashierForm_Load, ATTEMPT TO addColumnToDataGrid
[ADMIN] [8/2/2016 3:34 PM] [PENJUALAN] CASHIER FORM : UPDATE ROW NUMBER, TOTAL ROW [1]
[ADMIN] [8/2/2016 3:34 PM] [PENJUALAN] CASHIER FORM : calculateTotal
[ADMIN] [8/2/2016 3:34 PM] [PENJUALAN] CASHIER FORM : calculateTotal [0]
[ADMIN] [8/2/2016 3:34 PM] [PENJUALAN] CASHIER FORM : calculateTotal, totalAfterDisc [0]
[ADMIN] [8/2/2016 3:34 PM] [PENJUALAN] CASHIER FORM : calculateChangeValue, bayarTextBox.Text [0]
[ADMIN] [8/2/2016 3:34 PM] [PENJUALAN] CASHIER FORM : calculateChangeValue, sisaBayar [0]
[ADMIN] [8/2/2016 3:34 PM] [PENJUALAN] CASHIER FORM : REGISTER HOTKEY
[ADMIN] [8/2/2016 3:35 PM] [PENJUALAN] CASHIER FORM : UPDATE ROW NUMBER, TOTAL ROW [2]
[ADMIN] [8/2/2016 3:35 PM] [PENJUALAN] CASHIER FORM : PRODUCT PRICE TYPE [PRODUCT_BASE_PRICE]
[ADMIN] [8/2/2016 3:35 PM] [PENJUALAN] CASHIER FORM : PRODUCT PRICE [8570.56]
[ADMIN] [8/2/2016 3:35 PM] [PENJUALAN] CASHIER FORM : ComboBox_SelectedIndexChanged, PRODUCT_BASE_PRICE [8570.56]
[ADMIN] [8/2/2016 3:35 PM] [PENJUALAN] CASHIER FORM : PRODUCT PRICE TYPE [PRODUCT_RETAIL_PRICE]
[ADMIN] [8/2/2016 3:35 PM] [PENJUALAN] CASHIER FORM : PRODUCT PRICE [21000]
[ADMIN] [8/2/2016 3:35 PM] [PENJUALAN] CASHIER FORM : ComboBox_SelectedIndexChanged, PRODUCT_SALES_PRICE [21000]
[ADMIN] [8/2/2016 3:35 PM] [PENJUALAN] CASHIER FORM : calculateTotal
[ADMIN] [8/2/2016 3:35 PM] [PENJUALAN] CASHIER FORM : calculateTotal [0]
[ADMIN] [8/2/2016 3:35 PM] [PENJUALAN] CASHIER FORM : calculateTotal, totalAfterDisc [0]
[ADMIN] [8/2/2016 3:35 PM] [PENJUALAN] CASHIER FORM : calculateChangeValue, bayarTextBox.Text [0]
[ADMIN] [8/2/2016 3:35 PM] [PENJUALAN] CASHIER FORM : calculateChangeValue, sisaBayar [0]
[ADMIN] [8/2/2016 3:35 PM] [PENJUALAN] CASHIER FORM : UNREGISTER HOTKEY
[ADMIN] [8/2/2016 3:35 PM] [PENJUALAN] CASHIER FORM : REGISTER HOTKEY
[ADMIN] [8/2/2016 3:35 PM] [PENJUALAN] CASHIER FORM : cashierDataGridView_KeyDown ATTEMPT TO DELETE ROW
[ADMIN] [8/2/2016 3:35 PM] [PENJUALAN] CASHIER FORM : deleteCurrentRow [0]
[ADMIN] [8/2/2016 3:35 PM] [PENJUALAN] CASHIER FORM : UPDATE ROW NUMBER, TOTAL ROW [1]
[ADMIN] [8/2/2016 3:35 PM] [PENJUALAN] CASHIER FORM : calculateTotal
[ADMIN] [8/2/2016 3:35 PM] [PENJUALAN] CASHIER FORM : calculateTotal [0]
[ADMIN] [8/2/2016 3:35 PM] [PENJUALAN] CASHIER FORM : calculateTotal, totalAfterDisc [0]
[ADMIN] [8/2/2016 3:35 PM] [PENJUALAN] CASHIER FORM : calculateChangeValue, bayarTextBox.Text [0]
[ADMIN] [8/2/2016 3:35 PM] [PENJUALAN] CASHIER FORM : calculateChangeValue, sisaBayar [0]
[ADMIN] [8/2/2016 3:35 PM] [PENJUALAN] CASHIER FORM : UNREGISTER HOTKEY
[ADMIN] [8/2/2016 3:35 PM] [PENJUALAN] CASHIER FORM : UNREGISTER HOTKEY
[ADMIN] [8/2/2016 3:35 PM] [] USER ID = 1LOGOUT
