[] [7/20/2016 11:58 AM] [] USER = ADMIN IS ACTIVE
[ADMIN] [7/20/2016 11:58 AM] [] USER ID = 1 LOGIN SUCCESSFULLY
[ADMIN] [7/20/2016 11:58 AM] [] ACTIVATE USER ACCESS RIGHT
[ADMIN] [7/20/2016 11:58 AM] [] DISPLAY ADMIN FORM
[ADMIN] [7/20/2016 11:58 AM] [] adminForm Load
[ADMIN] [7/20/2016 11:58 AM] [PENJUALAN] CASHIER FORM : REGISTER HOTKEY
[ADMIN] [7/20/2016 11:58 AM] [PENJUALAN] CASHIER FORM : cashierForm_Load, ATTEMPT TO LOAD NO FAKTUR
[ADMIN] [7/20/2016 11:58 AM] [PENJUALAN] CASHIER FORM : loadNoFaktur, noFakturValue [SLO001]
[ADMIN] [7/20/2016 11:58 AM] [PENJUALAN] CASHIER FORM : cashierForm_Load, ATTEMPT TO addColumnToDataGrid
[ADMIN] [7/20/2016 11:58 AM] [PENJUALAN] CASHIER FORM : UPDATE ROW NUMBER, TOTAL ROW [1]
[ADMIN] [7/20/2016 11:58 AM] [PENJUALAN] CASHIER FORM : calculateTotal
[ADMIN] [7/20/2016 11:58 AM] [PENJUALAN] CASHIER FORM : calculateTotal [0]
[ADMIN] [7/20/2016 11:58 AM] [PENJUALAN] CASHIER FORM : calculateTotal, totalAfterDisc [0]
[ADMIN] [7/20/2016 11:58 AM] [PENJUALAN] CASHIER FORM : calculateChangeValue, bayarTextBox.Text [0]
[ADMIN] [7/20/2016 11:58 AM] [PENJUALAN] CASHIER FORM : calculateChangeValue, sisaBayar [0]
[ADMIN] [7/20/2016 11:58 AM] [PENJUALAN] CASHIER FORM : ADD NEW ROW,  isActive [True]
[ADMIN] [7/20/2016 11:58 AM] [PENJUALAN] CASHIER FORM : ADD NEW ROW,  ROW COUNT [0]
[ADMIN] [7/20/2016 11:58 AM] [PENJUALAN] CASHIER FORM : ADD NEW ROW,  ALLOW TO ADD [True]
[ADMIN] [7/20/2016 11:58 AM] [PENJUALAN] CASHIER FORM : UPDATE ROW NUMBER, TOTAL ROW [1]
[ADMIN] [7/20/2016 11:58 AM] [PENJUALAN] CASHIER FORM : REGISTER HOTKEY
[ADMIN] [7/20/2016 11:58 AM] [PENJUALAN] CASHIER FORM : UNREGISTER HOTKEY
[ADMIN] [7/20/2016 11:58 AM] [PENJUALAN] CASHIER FORM : REGISTER HOTKEY
[ADMIN] [7/20/2016 11:59 AM] [PENJUALAN] CASHIER FORM : UNREGISTER HOTKEY
[ADMIN] [7/20/2016 11:59 AM] [PENJUALAN] CASHIER FORM : UNREGISTER HOTKEY
[ADMIN] [7/20/2016 11:59 AM] [] USER ID = 1LOGOUT
