[] [1/12/2017 11:44] [] USER = ADMIN IS ACTIVE
[ADMIN] [1/12/2017 11:44] [] USER ID = 1 LOGIN SUCCESSFULLY
[ADMIN] [1/12/2017 11:44] [] ACTIVATE USER ACCESS RIGHT
[ADMIN] [1/12/2017 11:44] [] DISPLAY ADMIN FORM
[ADMIN] [1/12/2017 11:44] [] adminForm Load
[ADMIN] [1/12/2017 11:44] [] ACTIVATE USER ACCESS RIGHT
[ADMIN] [1/12/2017 11:45] [REQUEST ORDER] REQUEST ORDER : detailRequestOrderDataGridView_CellValueChanged [productID]
[ADMIN] [1/12/2017 11:45] [REQUEST ORDER] REQUEST ORDER : detailRequestOrderDataGridView_CellValueChanged [productID]
[ADMIN] [1/12/2017 11:45] [REQUEST ORDER] REQUEST ORDER : detailRequestOrderDataGridView_CellValueChanged [productID]
[ADMIN] [1/12/2017 11:45] [REQUEST ORDER] REQUEST ORDER : detailRequestOrderDataGridView_CellValueChanged [productID]
[ADMIN] [1/12/2017 11:45] [REQUEST ORDER] REQUEST ORDER : detailRequestOrderDataGridView_CellValueChanged [productName]
[ADMIN] [1/12/2017 11:45] [REQUEST ORDER] updateSomeRowsContent, PRODUCT_BASE_PRICE [100]
[ADMIN] [1/12/2017 11:45] [REQUEST ORDER] REQUEST ORDER : detailRequestOrderDataGridView_CellValueChanged [HPP]
[ADMIN] [1/12/2017 11:45] [REQUEST ORDER] REQUEST ORDER : detailRequestOrderDataGridView_CellValueChanged [qty]
[ADMIN] [1/12/2017 11:45] [REQUEST ORDER] REQUEST ORDER : detailRequestOrderDataGridView_CellValueChanged [subTotal]
[ADMIN] [1/12/2017 11:45] [REQUEST ORDER] REQUEST ORDER : detailRequestOrderDataGridView_CellValueChanged [subTotal]
[ADMIN] [1/12/2017 11:45] [REQUEST ORDER] updateSomeRowsContent, attempt to calculate total
[ADMIN] [1/12/2017 11:45] [REQUEST ORDER] REQUEST ORDER : detailRequestOrderDataGridView_CellValueChanged [qty]
[ADMIN] [1/12/2017 11:45] [REQUEST ORDER] REQUEST ORDER : detailRequestOrderDataGridView_CellValueChanged [subTotal]
[ADMIN] [1/12/2017 11:45] [REQUEST ORDER] REQUEST ORDER : detailRequestOrderDataGridView_CellValueChanged [qty]
[ADMIN] [1/12/2017 11:45] [REQUEST ORDER] REQUEST ORDER : detailRequestOrderDataGridView_CellValueChanged [subTotal]
[ADMIN] [1/12/2017 11:45] [REQUEST ORDER] REQUEST ORDER : detailRequestOrderDataGridView_CellValueChanged [qty]
[ADMIN] [1/12/2017 11:45] [REQUEST ORDER] REQUEST ORDER : detailRequestOrderDataGridView_CellValueChanged [subTotal]
[ADMIN] [1/12/2017 11:45] [REQUEST ORDER] REQUEST ORDER : detailRequestOrderDataGridView_CellValueChanged [qty]
[ADMIN] [1/12/2017 11:45] [REQUEST ORDER] REQUEST ORDER : detailRequestOrderDataGridView_CellValueChanged [subTotal]
[ADMIN] [1/12/2017 11:45] [REQUEST ORDER] ATTEMPT TO SAVE
[ADMIN] [1/12/2017 11:45] [REQUEST ORDER] INSERT NEW REQUEST ORDER [RQ_12JAN_1]
[ADMIN] [1/12/2017 11:45] [REQUEST ORDER] INSERT DETAIL REQUEST ORDER [PROD11JAN_2]
[ADMIN] [1/12/2017 11:45] [REQUEST ORDER] DATA SAVED SUCCESSFULLY
[ADMIN] [1/12/2017 11:46] [] USER ID = 1LOGOUT
