[] [7/19/2016 10:43] [] USER = ADMIN IS ACTIVE
[ADMIN] [7/19/2016 10:43] [] USER ID = 1 LOGIN SUCCESSFULLY
[ADMIN] [7/19/2016 10:43] [] ACTIVATE USER ACCESS RIGHT
[ADMIN] [7/19/2016 10:43] [] DISPLAY ADMIN FORM
[ADMIN] [7/19/2016 10:43] [] adminForm Load
[ADMIN] [7/19/2016 10:51] [TAMBAH TRANSAKSI HARIAN] LOAD DATA TRANSAKSI
[ADMIN] [7/19/2016 11:01] [PENJUALAN] CASHIER FORM : MULTIPLE CASHIER INSTANCE [1]
[ADMIN] [7/19/2016 11:01] [PENJUALAN] CASHIER FORM : REGISTER HOTKEY
[ADMIN] [7/19/2016 11:01] [PENJUALAN] CASHIER FORM : cashierForm_Load, ATTEMPT TO LOAD NO FAKTUR
[ADMIN] [7/19/2016 11:01] [PENJUALAN] CASHIER FORM : loadNoFaktur, noFakturValue [SLO001]
[ADMIN] [7/19/2016 11:01] [PENJUALAN] CASHIER FORM : cashierForm_Load, ATTEMPT TO addColumnToDataGrid
[ADMIN] [7/19/2016 11:01] [PENJUALAN] CASHIER FORM : calculateTotal
[ADMIN] [7/19/2016 11:01] [PENJUALAN] CASHIER FORM : calculateTotal [0]
[ADMIN] [7/19/2016 11:01] [PENJUALAN] CASHIER FORM : calculateTotal, totalAfterDisc [0]
[ADMIN] [7/19/2016 11:01] [PENJUALAN] CASHIER FORM : REGISTER HOTKEY
[ADMIN] [7/19/2016 11:01] [PENJUALAN] CASHIER FORM : HOTKEY TO ADD NEW ROW PRESSED
[ADMIN] [7/19/2016 11:01] [PENJUALAN] CASHIER FORM : ADD NEW ROW,  isActive [True]
[ADMIN] [7/19/2016 11:01] [PENJUALAN] CASHIER FORM : ADD NEW ROW,  ROW COUNT [0]
[ADMIN] [7/19/2016 11:01] [PENJUALAN] CASHIER FORM : ADD NEW ROW,  ALLOW TO ADD [True]
[ADMIN] [7/19/2016 11:01] [PENJUALAN] CASHIER FORM : PRODUCT PRICE TYPE [PRODUCT_BASE_PRICE]
[ADMIN] [7/19/2016 11:01] [PENJUALAN] CASHIER FORM : PRODUCT PRICE [26625]
[ADMIN] [7/19/2016 11:01] [PENJUALAN] CASHIER FORM : ComboBox_SelectedIndexChanged, PRODUCT_BASE_PRICE [26625]
[ADMIN] [7/19/2016 11:01] [PENJUALAN] CASHIER FORM : PRODUCT PRICE TYPE [PRODUCT_RETAIL_PRICE]
[ADMIN] [7/19/2016 11:01] [PENJUALAN] CASHIER FORM : PRODUCT PRICE [34000]
[ADMIN] [7/19/2016 11:01] [PENJUALAN] CASHIER FORM : ComboBox_SelectedIndexChanged, PRODUCT_SALES_PRICE [34000]
[ADMIN] [7/19/2016 11:01] [PENJUALAN] CASHIER FORM : ComboBox_SelectedIndexChanged, attempt to calculate total
[ADMIN] [7/19/2016 11:01] [PENJUALAN] CASHIER FORM : calculateTotal
[ADMIN] [7/19/2016 11:01] [PENJUALAN] CASHIER FORM : calculateTotal [0]
[ADMIN] [7/19/2016 11:01] [PENJUALAN] CASHIER FORM : calculateTotal, totalAfterDisc [0]
[ADMIN] [7/19/2016 11:01] [PENJUALAN] CASHIER FORM : TextBox_TextChanged, isLoading [False]
[ADMIN] [7/19/2016 11:01] [PENJUALAN] CASHIER FORM : TextBox_TextChanged, rowSelectedIndex [0]
[ADMIN] [7/19/2016 11:01] [PENJUALAN] CASHIER FORM : TextBox_TextChanged, isLoading [False]
[ADMIN] [7/19/2016 11:01] [PENJUALAN] CASHIER FORM : TextBox_TextChanged, rowSelectedIndex [0]
[ADMIN] [7/19/2016 11:01] [PENJUALAN] CASHIER FORM : TextBox_TextChanged, previousInput [0]
[ADMIN] [7/19/2016 11:01] [PENJUALAN] CASHIER FORM : TextBox_TextChanged, dataGridViewTextBoxEditingControl.Text [0]
[ADMIN] [7/19/2016 11:01] [PENJUALAN] CASHIER FORM : TextBox_TextChanged, dataGridViewTextBoxEditingControl.Text pass REGEX Checking
[ADMIN] [7/19/2016 11:01] [PENJUALAN] CASHIER FORM : CHECK STOCK QTY IS ENOUGH [ALPO-P1]
[ADMIN] [7/19/2016 11:01] [PENJUALAN] CASHIER FORM : CHECK STOCK QTY IS ENOUGH [6, 0]
[ADMIN] [7/19/2016 11:01] [PENJUALAN] CASHIER FORM : CALCULATE SUBTOTAL
[ADMIN] [7/19/2016 11:01] [PENJUALAN] CASHIER FORM : SUBTOTAL [0]
[ADMIN] [7/19/2016 11:01] [PENJUALAN] CASHIER FORM : TextBox_TextChanged, subtotal value [0]
[ADMIN] [7/19/2016 11:01] [PENJUALAN] CASHIER FORM : TextBox_TextChanged, attempt to calculate total value
[ADMIN] [7/19/2016 11:01] [PENJUALAN] CASHIER FORM : calculateTotal
[ADMIN] [7/19/2016 11:01] [PENJUALAN] CASHIER FORM : calculateTotal [0]
[ADMIN] [7/19/2016 11:01] [PENJUALAN] CASHIER FORM : calculateTotal, totalAfterDisc [0]
[ADMIN] [7/19/2016 11:01] [PENJUALAN] CASHIER FORM : TextBox_TextChanged, isLoading [False]
[ADMIN] [7/19/2016 11:01] [PENJUALAN] CASHIER FORM : TextBox_TextChanged, rowSelectedIndex [0]
[ADMIN] [7/19/2016 11:01] [PENJUALAN] CASHIER FORM : TextBox_TextChanged, isLoading [False]
[ADMIN] [7/19/2016 11:01] [PENJUALAN] CASHIER FORM : TextBox_TextChanged, rowSelectedIndex [0]
[ADMIN] [7/19/2016 11:01] [PENJUALAN] CASHIER FORM : TextBox_TextChanged, isLoading [False]
[ADMIN] [7/19/2016 11:01] [PENJUALAN] CASHIER FORM : TextBox_TextChanged, rowSelectedIndex [0]
[ADMIN] [7/19/2016 11:01] [PENJUALAN] CASHIER FORM : TextBox_TextChanged, isLoading [False]
[ADMIN] [7/19/2016 11:01] [PENJUALAN] CASHIER FORM : TextBox_TextChanged, rowSelectedIndex [0]
[ADMIN] [7/19/2016 11:01] [PENJUALAN] CASHIER FORM : TextBox_TextChanged, isLoading [False]
[ADMIN] [7/19/2016 11:01] [PENJUALAN] CASHIER FORM : TextBox_TextChanged, rowSelectedIndex [0]
[ADMIN] [7/19/2016 11:01] [PENJUALAN] CASHIER FORM : TextBox_TextChanged, isLoading [False]
[ADMIN] [7/19/2016 11:01] [PENJUALAN] CASHIER FORM : TextBox_TextChanged, rowSelectedIndex [0]
[ADMIN] [7/19/2016 11:01] [PENJUALAN] CASHIER FORM : TextBox_TextChanged, isLoading [False]
[ADMIN] [7/19/2016 11:01] [PENJUALAN] CASHIER FORM : TextBox_TextChanged, rowSelectedIndex [0]
[ADMIN] [7/19/2016 11:01] [PENJUALAN] CASHIER FORM : TextBox_TextChanged, isLoading [False]
[ADMIN] [7/19/2016 11:01] [PENJUALAN] CASHIER FORM : TextBox_TextChanged, rowSelectedIndex [0]
[ADMIN] [7/19/2016 11:01] [PENJUALAN] CASHIER FORM : TextBox_TextChanged, isLoading [False]
[ADMIN] [7/19/2016 11:01] [PENJUALAN] CASHIER FORM : TextBox_TextChanged, rowSelectedIndex [0]
[ADMIN] [7/19/2016 11:01] [PENJUALAN] CASHIER FORM : TextBox_TextChanged, isLoading [False]
[ADMIN] [7/19/2016 11:01] [PENJUALAN] CASHIER FORM : TextBox_TextChanged, rowSelectedIndex [0]
[ADMIN] [7/19/2016 11:01] [PENJUALAN] CASHIER FORM : TextBox_TextChanged, isLoading [False]
[ADMIN] [7/19/2016 11:01] [PENJUALAN] CASHIER FORM : TextBox_TextChanged, rowSelectedIndex [0]
[ADMIN] [7/19/2016 11:01] [PENJUALAN] CASHIER FORM : TextBox_TextChanged, isLoading [False]
[ADMIN] [7/19/2016 11:01] [PENJUALAN] CASHIER FORM : TextBox_TextChanged, rowSelectedIndex [0]
[ADMIN] [7/19/2016 11:01] [PENJUALAN] CASHIER FORM : TextBox_TextChanged, isLoading [False]
[ADMIN] [7/19/2016 11:01] [PENJUALAN] CASHIER FORM : TextBox_TextChanged, rowSelectedIndex [0]
[ADMIN] [7/19/2016 11:01] [PENJUALAN] CASHIER FORM : TextBox_TextChanged, isLoading [False]
[ADMIN] [7/19/2016 11:01] [PENJUALAN] CASHIER FORM : TextBox_TextChanged, rowSelectedIndex [0]
[ADMIN] [7/19/2016 11:01] [PENJUALAN] CASHIER FORM : TextBox_TextChanged, isLoading [False]
[ADMIN] [7/19/2016 11:01] [PENJUALAN] CASHIER FORM : TextBox_TextChanged, rowSelectedIndex [0]
[ADMIN] [7/19/2016 11:01] [PENJUALAN] CASHIER FORM : TextBox_TextChanged, isLoading [False]
[ADMIN] [7/19/2016 11:01] [PENJUALAN] CASHIER FORM : TextBox_TextChanged, rowSelectedIndex [0]
[ADMIN] [7/19/2016 11:01] [PENJUALAN] CASHIER FORM : TextBox_TextChanged, isLoading [False]
[ADMIN] [7/19/2016 11:01] [PENJUALAN] CASHIER FORM : TextBox_TextChanged, rowSelectedIndex [0]
[ADMIN] [7/19/2016 11:01] [PENJUALAN] CASHIER FORM : TextBox_TextChanged, isLoading [False]
[ADMIN] [7/19/2016 11:01] [PENJUALAN] CASHIER FORM : TextBox_TextChanged, rowSelectedIndex [0]
[ADMIN] [7/19/2016 11:01] [PENJUALAN] CASHIER FORM : TextBox_TextChanged, previousInput [0]
[ADMIN] [7/19/2016 11:01] [PENJUALAN] CASHIER FORM : TextBox_TextChanged, dataGridViewTextBoxEditingControl.Text [0]
[ADMIN] [7/19/2016 11:01] [PENJUALAN] CASHIER FORM : TextBox_TextChanged, dataGridViewTextBoxEditingControl.Text pass REGEX Checking
[ADMIN] [7/19/2016 11:01] [PENJUALAN] CASHIER FORM : CHECK STOCK QTY IS ENOUGH [ALPO-P1]
[ADMIN] [7/19/2016 11:01] [PENJUALAN] CASHIER FORM : CHECK STOCK QTY IS ENOUGH [6, 0]
[ADMIN] [7/19/2016 11:01] [PENJUALAN] CASHIER FORM : CALCULATE SUBTOTAL
[ADMIN] [7/19/2016 11:01] [PENJUALAN] CASHIER FORM : SUBTOTAL [0]
[ADMIN] [7/19/2016 11:01] [PENJUALAN] CASHIER FORM : TextBox_TextChanged, subtotal value [0]
[ADMIN] [7/19/2016 11:01] [PENJUALAN] CASHIER FORM : TextBox_TextChanged, attempt to calculate total value
[ADMIN] [7/19/2016 11:01] [PENJUALAN] CASHIER FORM : calculateTotal
[ADMIN] [7/19/2016 11:01] [PENJUALAN] CASHIER FORM : calculateTotal [0]
[ADMIN] [7/19/2016 11:01] [PENJUALAN] CASHIER FORM : calculateTotal, totalAfterDisc [0]
[ADMIN] [7/19/2016 11:01] [PENJUALAN] CASHIER FORM : TextBox_TextChanged, isLoading [False]
[ADMIN] [7/19/2016 11:01] [PENJUALAN] CASHIER FORM : TextBox_TextChanged, rowSelectedIndex [0]
[ADMIN] [7/19/2016 11:01] [PENJUALAN] CASHIER FORM : TextBox_TextChanged, previousInput [0]
[ADMIN] [7/19/2016 11:01] [PENJUALAN] CASHIER FORM : TextBox_TextChanged, dataGridViewTextBoxEditingControl.Text [0]
[ADMIN] [7/19/2016 11:01] [PENJUALAN] CASHIER FORM : TextBox_TextChanged, dataGridViewTextBoxEditingControl.Text pass REGEX Checking
[ADMIN] [7/19/2016 11:01] [PENJUALAN] CASHIER FORM : CHECK STOCK QTY IS ENOUGH [ALPO-P1]
[ADMIN] [7/19/2016 11:01] [PENJUALAN] CASHIER FORM : CHECK STOCK QTY IS ENOUGH [6, 0]
[ADMIN] [7/19/2016 11:01] [PENJUALAN] CASHIER FORM : CALCULATE SUBTOTAL
[ADMIN] [7/19/2016 11:01] [PENJUALAN] CASHIER FORM : SUBTOTAL [0]
[ADMIN] [7/19/2016 11:01] [PENJUALAN] CASHIER FORM : TextBox_TextChanged, subtotal value [0]
[ADMIN] [7/19/2016 11:01] [PENJUALAN] CASHIER FORM : TextBox_TextChanged, attempt to calculate total value
[ADMIN] [7/19/2016 11:01] [PENJUALAN] CASHIER FORM : calculateTotal
[ADMIN] [7/19/2016 11:01] [PENJUALAN] CASHIER FORM : calculateTotal [0]
[ADMIN] [7/19/2016 11:01] [PENJUALAN] CASHIER FORM : calculateTotal, totalAfterDisc [0]
[ADMIN] [7/19/2016 11:01] [PENJUALAN] CASHIER FORM : TextBox_TextChanged, isLoading [False]
[ADMIN] [7/19/2016 11:01] [PENJUALAN] CASHIER FORM : TextBox_TextChanged, rowSelectedIndex [0]
[ADMIN] [7/19/2016 11:01] [PENJUALAN] CASHIER FORM : TextBox_TextChanged, previousInput [0]
[ADMIN] [7/19/2016 11:01] [PENJUALAN] CASHIER FORM : TextBox_TextChanged, dataGridViewTextBoxEditingControl.Text [0]
[ADMIN] [7/19/2016 11:01] [PENJUALAN] CASHIER FORM : TextBox_TextChanged, dataGridViewTextBoxEditingControl.Text pass REGEX Checking
[ADMIN] [7/19/2016 11:01] [PENJUALAN] CASHIER FORM : CHECK STOCK QTY IS ENOUGH [ALPO-P1]
[ADMIN] [7/19/2016 11:01] [PENJUALAN] CASHIER FORM : CHECK STOCK QTY IS ENOUGH [6, 0]
[ADMIN] [7/19/2016 11:01] [PENJUALAN] CASHIER FORM : CALCULATE SUBTOTAL
[ADMIN] [7/19/2016 11:01] [PENJUALAN] CASHIER FORM : SUBTOTAL [0]
[ADMIN] [7/19/2016 11:01] [PENJUALAN] CASHIER FORM : TextBox_TextChanged, subtotal value [0]
[ADMIN] [7/19/2016 11:01] [PENJUALAN] CASHIER FORM : TextBox_TextChanged, attempt to calculate total value
[ADMIN] [7/19/2016 11:01] [PENJUALAN] CASHIER FORM : calculateTotal
[ADMIN] [7/19/2016 11:01] [PENJUALAN] CASHIER FORM : calculateTotal [0]
[ADMIN] [7/19/2016 11:01] [PENJUALAN] CASHIER FORM : calculateTotal, totalAfterDisc [0]
[ADMIN] [7/19/2016 11:01] [PENJUALAN] CASHIER FORM : TextBox_TextChanged, isLoading [False]
[ADMIN] [7/19/2016 11:01] [PENJUALAN] CASHIER FORM : TextBox_TextChanged, rowSelectedIndex [0]
[ADMIN] [7/19/2016 11:01] [PENJUALAN] CASHIER FORM : TextBox_TextChanged, previousInput [0]
[ADMIN] [7/19/2016 11:01] [PENJUALAN] CASHIER FORM : TextBox_TextChanged, dataGridViewTextBoxEditingControl.Text [1]
[ADMIN] [7/19/2016 11:01] [PENJUALAN] CASHIER FORM : TextBox_TextChanged, dataGridViewTextBoxEditingControl.Text pass REGEX Checking
[ADMIN] [7/19/2016 11:01] [PENJUALAN] CASHIER FORM : CHECK STOCK QTY IS ENOUGH [ALPO-P1]
[ADMIN] [7/19/2016 11:01] [PENJUALAN] CASHIER FORM : CHECK STOCK QTY IS ENOUGH [6, 1]
[ADMIN] [7/19/2016 11:01] [PENJUALAN] CASHIER FORM : CALCULATE SUBTOTAL
[ADMIN] [7/19/2016 11:01] [PENJUALAN] CASHIER FORM : SUBTOTAL [34000]
[ADMIN] [7/19/2016 11:01] [PENJUALAN] CASHIER FORM : TextBox_TextChanged, subtotal value [34000]
[ADMIN] [7/19/2016 11:01] [PENJUALAN] CASHIER FORM : TextBox_TextChanged, attempt to calculate total value
[ADMIN] [7/19/2016 11:01] [PENJUALAN] CASHIER FORM : calculateTotal
[ADMIN] [7/19/2016 11:01] [PENJUALAN] CASHIER FORM : calculateTotal [34000]
[ADMIN] [7/19/2016 11:01] [PENJUALAN] CASHIER FORM : calculateTotal, totalAfterDisc [34000]
[ADMIN] [7/19/2016 11:01] [PENJUALAN] CASHIER FORM : TextBox_TextChanged, isLoading [False]
[ADMIN] [7/19/2016 11:01] [PENJUALAN] CASHIER FORM : TextBox_TextChanged, rowSelectedIndex [0]
[ADMIN] [7/19/2016 11:01] [PENJUALAN] CASHIER FORM : TextBox_TextChanged, previousInput [1]
[ADMIN] [7/19/2016 11:01] [PENJUALAN] CASHIER FORM : TextBox_TextChanged, dataGridViewTextBoxEditingControl.Text pass REGEX Checking
[ADMIN] [7/19/2016 11:01] [PENJUALAN] CASHIER FORM : CHECK STOCK QTY IS ENOUGH [ALPO-P1]
[ADMIN] [7/19/2016 11:01] [PENJUALAN] CASHIER FORM : CHECK STOCK QTY IS ENOUGH [6, 1]
[ADMIN] [7/19/2016 11:01] [PENJUALAN] CASHIER FORM : CALCULATE SUBTOTAL
[ADMIN] [7/19/2016 11:01] [PENJUALAN] CASHIER FORM : SUBTOTAL [34000]
[ADMIN] [7/19/2016 11:01] [PENJUALAN] CASHIER FORM : TextBox_TextChanged, subtotal value [34000]
[ADMIN] [7/19/2016 11:01] [PENJUALAN] CASHIER FORM : TextBox_TextChanged, attempt to calculate total value
[ADMIN] [7/19/2016 11:01] [PENJUALAN] CASHIER FORM : calculateTotal
[ADMIN] [7/19/2016 11:01] [PENJUALAN] CASHIER FORM : calculateTotal [34000]
[ADMIN] [7/19/2016 11:01] [PENJUALAN] CASHIER FORM : calculateTotal, totalAfterDisc [34000]
[ADMIN] [7/19/2016 11:01] [PENJUALAN] CASHIER FORM : TextBox_TextChanged, isLoading [False]
[ADMIN] [7/19/2016 11:01] [PENJUALAN] CASHIER FORM : TextBox_TextChanged, rowSelectedIndex [0]
[ADMIN] [7/19/2016 11:01] [PENJUALAN] CASHIER FORM : TextBox_TextChanged, previousInput [1]
[ADMIN] [7/19/2016 11:01] [PENJUALAN] CASHIER FORM : TextBox_TextChanged, dataGridViewTextBoxEditingControl.Text pass REGEX Checking
[ADMIN] [7/19/2016 11:01] [PENJUALAN] CASHIER FORM : CHECK STOCK QTY IS ENOUGH [ALPO-P1]
[ADMIN] [7/19/2016 11:01] [PENJUALAN] CASHIER FORM : CHECK STOCK QTY IS ENOUGH [6, 1]
[ADMIN] [7/19/2016 11:01] [PENJUALAN] CASHIER FORM : CALCULATE SUBTOTAL
[ADMIN] [7/19/2016 11:01] [PENJUALAN] CASHIER FORM : SUBTOTAL [34000]
[ADMIN] [7/19/2016 11:01] [PENJUALAN] CASHIER FORM : TextBox_TextChanged, subtotal value [34000]
[ADMIN] [7/19/2016 11:01] [PENJUALAN] CASHIER FORM : TextBox_TextChanged, attempt to calculate total value
[ADMIN] [7/19/2016 11:01] [PENJUALAN] CASHIER FORM : calculateTotal
[ADMIN] [7/19/2016 11:01] [PENJUALAN] CASHIER FORM : calculateTotal [34000]
[ADMIN] [7/19/2016 11:01] [PENJUALAN] CASHIER FORM : calculateTotal, totalAfterDisc [34000]
[ADMIN] [7/19/2016 11:01] [PENJUALAN] CASHIER FORM : TextBox_TextChanged, isLoading [False]
[ADMIN] [7/19/2016 11:01] [PENJUALAN] CASHIER FORM : TextBox_TextChanged, rowSelectedIndex [0]
[ADMIN] [7/19/2016 11:01] [PENJUALAN] CASHIER FORM : TextBox_TextChanged, previousInput [1]
[ADMIN] [7/19/2016 11:01] [PENJUALAN] CASHIER FORM : TextBox_TextChanged, dataGridViewTextBoxEditingControl.Text pass REGEX Checking
[ADMIN] [7/19/2016 11:01] [PENJUALAN] CASHIER FORM : CHECK STOCK QTY IS ENOUGH [ALPO-P1]
[ADMIN] [7/19/2016 11:01] [PENJUALAN] CASHIER FORM : CHECK STOCK QTY IS ENOUGH [6, 1]
[ADMIN] [7/19/2016 11:01] [PENJUALAN] CASHIER FORM : CALCULATE SUBTOTAL
[ADMIN] [7/19/2016 11:01] [PENJUALAN] CASHIER FORM : SUBTOTAL [34000]
[ADMIN] [7/19/2016 11:01] [PENJUALAN] CASHIER FORM : TextBox_TextChanged, subtotal value [34000]
[ADMIN] [7/19/2016 11:01] [PENJUALAN] CASHIER FORM : TextBox_TextChanged, attempt to calculate total value
[ADMIN] [7/19/2016 11:01] [PENJUALAN] CASHIER FORM : calculateTotal
[ADMIN] [7/19/2016 11:01] [PENJUALAN] CASHIER FORM : calculateTotal [34000]
[ADMIN] [7/19/2016 11:01] [PENJUALAN] CASHIER FORM : calculateTotal, totalAfterDisc [34000]
[ADMIN] [7/19/2016 11:02] [PENJUALAN] CASHIER FORM : calculateChangeValue, bayarTextBox.Text [3]
[ADMIN] [7/19/2016 11:02] [PENJUALAN] CASHIER FORM : calculateChangeValue, sisaBayar [0]
[ADMIN] [7/19/2016 11:02] [PENJUALAN] CASHIER FORM : calculateChangeValue, bayarTextBox.Text [34]
[ADMIN] [7/19/2016 11:02] [PENJUALAN] CASHIER FORM : calculateChangeValue, sisaBayar [0]
[ADMIN] [7/19/2016 11:02] [PENJUALAN] CASHIER FORM : calculateChangeValue, bayarTextBox.Text [340]
[ADMIN] [7/19/2016 11:02] [PENJUALAN] CASHIER FORM : calculateChangeValue, sisaBayar [0]
[ADMIN] [7/19/2016 11:02] [PENJUALAN] CASHIER FORM : calculateChangeValue, bayarTextBox.Text [3400]
[ADMIN] [7/19/2016 11:02] [PENJUALAN] CASHIER FORM : calculateChangeValue, sisaBayar [0]
[ADMIN] [7/19/2016 11:02] [PENJUALAN] CASHIER FORM : calculateChangeValue, bayarTextBox.Text [34000]
[ADMIN] [7/19/2016 11:02] [PENJUALAN] CASHIER FORM : calculateChangeValue, sisaBayar [0]
[ADMIN] [7/19/2016 11:02] [PENJUALAN] CASHIER FORM : HOTKEY TO SAVE AND PRINT OUT INVOICE PRESSED
[ADMIN] [7/19/2016 11:02] [PENJUALAN] CASHIER FORM : UNREGISTER HOTKEY
[ADMIN] [7/19/2016 11:02] [PENJUALAN] CASHIER FORM : REGISTER HOTKEY
[ADMIN] [7/19/2016 11:02] [PENJUALAN] ATTEMPT TO SAVE AND PRINT OUT INVOICE
[ADMIN] [7/19/2016 11:02] [PENJUALAN] CASHIER FORM : UNREGISTER HOTKEY
[ADMIN] [7/19/2016 11:02] [PENJUALAN] CASHIER FORM : REGISTER HOTKEY
[ADMIN] [7/19/2016 11:02] [PENJUALAN] CASHIER FORM : UNREGISTER HOTKEY
[ADMIN] [7/19/2016 11:02] [PENJUALAN] CASHIER FORM : ATTEMPT TO SAVE SALES DATA [19-07-2016 11:02]
[ADMIN] [7/19/2016 11:02] [PENJUALAN] CASHIER FORM : CASH SALES
[ADMIN] [7/19/2016 11:02] [PENJUALAN] CHECK IF TAX LIMIT SET FOR PERCENTAGE PURCHASE [0]
[ADMIN] [7/19/2016 11:02] [PENJUALAN] CHECK IF TAX LIMIT SET FOR AVERAGE DAILY PURCHASE [0]
[ADMIN] [7/19/2016 11:02] [PENJUALAN] CASHIER FORM : NO FAKTUR [SLO001]
[ADMIN] [7/19/2016 11:02] [PENJUALAN] CASHIER FORM : MAX SALES INVOICE [3]
[ADMIN] [7/19/2016 11:02] [PENJUALAN] CASHIER FORM : SALES INVOICE [SLO001-4]
[ADMIN] [7/19/2016 11:02] [PENJUALAN] INSERT INTO SALES HEADER [SLO001-4]
[ADMIN] [7/19/2016 11:02] [PENJUALAN] INSERT INTO SALES DETAIL[ALPO-P1, 34000, 1]
[ADMIN] [7/19/2016 11:02] [PENJUALAN] REDUCE STOCK AT MASTER PRODUCT [ALPO-P1]
[ADMIN] [7/19/2016 11:02] [PENJUALAN] INSERT TO CREDIT TABLE [SLO001-4]
[ADMIN] [7/19/2016 11:02] [PENJUALAN] INSERT TO DAILY JOURNAL TABLE [34000]
[ADMIN] [7/19/2016 11:02] [PENJUALAN] CASHIER FORM : REGISTER HOTKEY
[ADMIN] [7/19/2016 11:02] [PENJUALAN] TRANSACTION SAVED
[ADMIN] [7/19/2016 11:02] [PENJUALAN] PRINT OUT INVOICE
[ADMIN] [7/19/2016 11:02] [PENJUALAN] CASHIER FORM : PrintReceipt
[ADMIN] [7/19/2016 11:02] [PENJUALAN] CASHIER FORM : PrintReceipt, POS size Paper
[ADMIN] [7/19/2016 11:02] [PENJUALAN] CASHIER FORM : calculatePageLength, totalLengthPage [324]
[ADMIN] [7/19/2016 11:02] [PENJUALAN] CASHIER FORM : printDocument1_PrintPage, print POS size receipt
[ADMIN] [7/19/2016 11:02] [PENJUALAN] CASHIER FORM : loadNamaUser
[ADMIN] [7/19/2016 11:02] [PENJUALAN] CASHIER FORM : UNREGISTER HOTKEY
[ADMIN] [7/19/2016 11:02] [PENJUALAN] CASHIER FORM : REGISTER HOTKEY
[ADMIN] [7/19/2016 11:02] [PENJUALAN] CASHIER FORM : UNREGISTER HOTKEY
[ADMIN] [7/19/2016 11:02] [PENJUALAN] CASHIER FORM : UNREGISTER HOTKEY
[ADMIN] [7/19/2016 11:28] [PENJUALAN] CASHIER FORM : MULTIPLE CASHIER INSTANCE [1]
[ADMIN] [7/19/2016 11:28] [PENJUALAN] CASHIER FORM : REGISTER HOTKEY
[ADMIN] [7/19/2016 11:28] [PENJUALAN] CASHIER FORM : cashierForm_Load, ATTEMPT TO LOAD NO FAKTUR
[ADMIN] [7/19/2016 11:28] [PENJUALAN] CASHIER FORM : loadNoFaktur, noFakturValue [SLO001]
[ADMIN] [7/19/2016 11:28] [PENJUALAN] CASHIER FORM : cashierForm_Load, ATTEMPT TO addColumnToDataGrid
[ADMIN] [7/19/2016 11:28] [PENJUALAN] CASHIER FORM : calculateTotal
[ADMIN] [7/19/2016 11:28] [PENJUALAN] CASHIER FORM : calculateTotal [0]
[ADMIN] [7/19/2016 11:28] [PENJUALAN] CASHIER FORM : calculateTotal, totalAfterDisc [0]
[ADMIN] [7/19/2016 11:28] [PENJUALAN] CASHIER FORM : REGISTER HOTKEY
[ADMIN] [7/19/2016 11:29] [PENJUALAN] CASHIER FORM : UNREGISTER HOTKEY
[ADMIN] [7/19/2016 11:51] [PENJUALAN] CASHIER FORM : REGISTER HOTKEY
[ADMIN] [7/19/2016 11:51] [PENJUALAN] CASHIER FORM : UNREGISTER HOTKEY
[ADMIN] [7/19/2016 11:53] [PENJUALAN] CASHIER FORM : UNREGISTER HOTKEY
[ADMIN] [7/19/2016 11:53] [] USER ID = 1LOGOUT
