[] [7/20/2016 12:15 PM] [] USER = ADMIN IS ACTIVE
[ADMIN] [7/20/2016 12:15 PM] [] USER ID = 1 LOGIN SUCCESSFULLY
[ADMIN] [7/20/2016 12:15 PM] [] ACTIVATE USER ACCESS RIGHT
[ADMIN] [7/20/2016 12:15 PM] [] DISPLAY ADMIN FORM
[ADMIN] [7/20/2016 12:15 PM] [] adminForm Load
[ADMIN] [7/20/2016 12:15 PM] [PENJUALAN] CASHIER FORM : MULTIPLE CASHIER INSTANCE [1]
[ADMIN] [7/20/2016 12:15 PM] [PENJUALAN] CASHIER FORM : REGISTER HOTKEY
[ADMIN] [7/20/2016 12:15 PM] [PENJUALAN] CASHIER FORM : cashierForm_Load, ATTEMPT TO LOAD NO FAKTUR
[ADMIN] [7/20/2016 12:15 PM] [PENJUALAN] CASHIER FORM : loadNoFaktur, noFakturValue [SLO001]
[ADMIN] [7/20/2016 12:15 PM] [PENJUALAN] CASHIER FORM : cashierForm_Load, ATTEMPT TO addColumnToDataGrid
[ADMIN] [7/20/2016 12:15 PM] [PENJUALAN] CASHIER FORM : UPDATE ROW NUMBER, TOTAL ROW [1]
[ADMIN] [7/20/2016 12:15 PM] [PENJUALAN] CASHIER FORM : calculateTotal
[ADMIN] [7/20/2016 12:15 PM] [PENJUALAN] CASHIER FORM : calculateTotal [0]
[ADMIN] [7/20/2016 12:15 PM] [PENJUALAN] CASHIER FORM : calculateTotal, totalAfterDisc [0]
[ADMIN] [7/20/2016 12:15 PM] [PENJUALAN] CASHIER FORM : calculateChangeValue, bayarTextBox.Text [0]
[ADMIN] [7/20/2016 12:15 PM] [PENJUALAN] CASHIER FORM : calculateChangeValue, sisaBayar [0]
[ADMIN] [7/20/2016 12:15 PM] [PENJUALAN] CASHIER FORM : REGISTER HOTKEY
[ADMIN] [7/20/2016 12:15 PM] [PENJUALAN] CASHIER FORM : UPDATE ROW NUMBER, TOTAL ROW [2]
[ADMIN] [7/20/2016 12:15 PM] [PENJUALAN] CASHIER FORM : PRODUCT PRICE TYPE [PRODUCT_BASE_PRICE]
[ADMIN] [7/20/2016 12:15 PM] [PENJUALAN] CASHIER FORM : PRODUCT PRICE [24800]
[ADMIN] [7/20/2016 12:15 PM] [PENJUALAN] CASHIER FORM : ComboBox_SelectedIndexChanged, PRODUCT_BASE_PRICE [24800]
[ADMIN] [7/20/2016 12:15 PM] [PENJUALAN] CASHIER FORM : PRODUCT PRICE TYPE [PRODUCT_RETAIL_PRICE]
[ADMIN] [7/20/2016 12:15 PM] [PENJUALAN] CASHIER FORM : PRODUCT PRICE [29000]
[ADMIN] [7/20/2016 12:15 PM] [PENJUALAN] CASHIER FORM : ComboBox_SelectedIndexChanged, PRODUCT_SALES_PRICE [29000]
[ADMIN] [7/20/2016 12:15 PM] [PENJUALAN] CASHIER FORM : ComboBox_SelectedIndexChanged, attempt to calculate total
[ADMIN] [7/20/2016 12:15 PM] [PENJUALAN] CASHIER FORM : calculateTotal
[ADMIN] [7/20/2016 12:15 PM] [PENJUALAN] CASHIER FORM : calculateTotal [0]
[ADMIN] [7/20/2016 12:15 PM] [PENJUALAN] CASHIER FORM : calculateTotal, totalAfterDisc [0]
[ADMIN] [7/20/2016 12:15 PM] [PENJUALAN] CASHIER FORM : calculateChangeValue, bayarTextBox.Text [0]
[ADMIN] [7/20/2016 12:15 PM] [PENJUALAN] CASHIER FORM : calculateChangeValue, sisaBayar [0]
[ADMIN] [7/20/2016 12:15 PM] [PENJUALAN] CASHIER FORM : TextBox_TextChanged, isLoading [False]
[ADMIN] [7/20/2016 12:15 PM] [PENJUALAN] CASHIER FORM : TextBox_TextChanged, rowSelectedIndex [1]
[ADMIN] [7/20/2016 12:15 PM] [PENJUALAN] CASHIER FORM : TextBox_TextChanged, empty texbox, reset [qty] value to 0
[ADMIN] [7/20/2016 12:15 PM] [PENJUALAN] CASHIER FORM : TextBox_TextChanged, isLoading [True]
[ADMIN] [7/20/2016 12:15 PM] [PENJUALAN] CASHIER FORM : TextBox_TextChanged, recalculate total value
[ADMIN] [7/20/2016 12:15 PM] [PENJUALAN] CASHIER FORM : calculateTotal
[ADMIN] [7/20/2016 12:15 PM] [PENJUALAN] CASHIER FORM : calculateTotal [0]
[ADMIN] [7/20/2016 12:15 PM] [PENJUALAN] CASHIER FORM : calculateTotal, totalAfterDisc [0]
[ADMIN] [7/20/2016 12:15 PM] [PENJUALAN] CASHIER FORM : calculateChangeValue, bayarTextBox.Text [0]
[ADMIN] [7/20/2016 12:15 PM] [PENJUALAN] CASHIER FORM : calculateChangeValue, sisaBayar [0]
[ADMIN] [7/20/2016 12:15 PM] [PENJUALAN] CASHIER FORM : TextBox_TextChanged, set the cursor to end of textbox
[ADMIN] [7/20/2016 12:15 PM] [PENJUALAN] CASHIER FORM : UNREGISTER HOTKEY
[ADMIN] [7/20/2016 12:15 PM] [PENJUALAN] CASHIER FORM : REGISTER HOTKEY
[ADMIN] [7/20/2016 12:15 PM] [PENJUALAN] CASHIER FORM : UNREGISTER HOTKEY
[ADMIN] [7/20/2016 12:15 PM] [PENJUALAN] CASHIER FORM : UNREGISTER HOTKEY
[ADMIN] [7/20/2016 12:15 PM] [] USER ID = 1LOGOUT
