[] [1/5/2017 23:49] [] USER = ADMIN IS ACTIVE
[ADMIN] [1/5/2017 23:49] [] USER ID = 1 LOGIN SUCCESSFULLY
[ADMIN] [1/5/2017 23:49] [] ACTIVATE USER ACCESS RIGHT
[ADMIN] [1/5/2017 23:49] [] DISPLAY ADMIN FORM
[ADMIN] [1/5/2017 23:49] [] adminForm Load
[ADMIN] [1/5/2017 23:49] [] ACTIVATE USER ACCESS RIGHT
[ADMIN] [1/5/2017 23:50] [PENERIMAAN BARANG] PENERIMAAN BARANG : detailGridView_CellValueChanged [productID]
[ADMIN] [1/5/2017 23:50] [PENERIMAAN BARANG] PENERIMAAN BARANG : detailGridView_CellValueChanged [productName]
[ADMIN] [1/5/2017 23:50] [PENJUALAN] CASHIER FORM : ComboBox_SelectedIndexChanged, PRODUCT_BASE_PRICE [24800]
[ADMIN] [1/5/2017 23:50] [PENERIMAAN BARANG] PENERIMAAN BARANG : detailGridView_CellValueChanged [hpp]
[ADMIN] [1/5/2017 23:50] [PENERIMAAN BARANG] PENERIMAAN BARANG : detailGridView_CellValueChanged [subtotal]
[ADMIN] [1/5/2017 23:50] [PENERIMAAN BARANG] PENERIMAAN BARANG : detailGridView_CellValueChanged [qtyReceived]
[ADMIN] [1/5/2017 23:50] [PENERIMAAN BARANG] PENERIMAAN BARANG : detailGridView_CellValueChanged [subtotal]
[ADMIN] [1/5/2017 23:50] [PENJUALAN] CASHIER FORM : ComboBox_SelectedIndexChanged, attempt to calculate total
[ADMIN] [1/5/2017 23:50] [PENERIMAAN BARANG] PENERIMAAN BARANG : detailGridView_CellValueChanged [qtyReceived]
[ADMIN] [1/5/2017 23:50] [PENERIMAAN BARANG] PENERIMAAN BARANG : detailGridView_CellValueChanged [subtotal]
[ADMIN] [1/5/2017 23:50] [PENERIMAAN BARANG] PENERIMAAN BARANG : detailGridView_CellValueChanged [subtotal]
[ADMIN] [1/5/2017 23:50] [PENERIMAAN BARANG] PENERIMAAN BARANG : detailGridView_CellValueChanged [qtyReceived]
[ADMIN] [1/5/2017 23:50] [PENERIMAAN BARANG] PENERIMAAN BARANG : detailGridView_CellValueChanged [subtotal]
[ADMIN] [1/5/2017 23:50] [PENERIMAAN BARANG] PENERIMAAN BARANG : detailGridView_CellValueChanged [expiryDate]
[ADMIN] [1/5/2017 23:50] [PENERIMAAN BARANG] PENERIMAAN BARANG : detailGridView_CellValueChanged [expiryDateValue]
[ADMIN] [1/5/2017 23:50] [PENERIMAAN BARANG] SAVE PENERIMAAN BARANG
[ADMIN] [1/5/2017 23:50] [PENERIMAAN BARANG] SAVE PENERIMAAN BARANG
[ADMIN] [1/5/2017 23:50] [PENERIMAAN BARANG] SAVE PENERIMAAN BARANG
[ADMIN] [1/5/2017 23:50] [PENERIMAAN BARANG] SAVE PENERIMAAN BARANG
[ADMIN] [1/5/2017 23:50] [PENERIMAAN BARANG] SAVE PENERIMAAN BARANG
[ADMIN] [1/5/2017 23:51] [] USER ID = 1LOGOUT
