[] [20/07/2016 00.48] [] USER = ADMIN IS ACTIVE
[ADMIN] [20/07/2016 00.48] [] USER ID = 1 LOGIN SUCCESSFULLY
[ADMIN] [20/07/2016 00.48] [] ACTIVATE USER ACCESS RIGHT
[ADMIN] [20/07/2016 00.48] [] DISPLAY ADMIN FORM
[ADMIN] [20/07/2016 00.48] [] adminForm Load
[ADMIN] [20/07/2016 00.48] [PENJUALAN] CASHIER FORM : MULTIPLE CASHIER INSTANCE [1]
[ADMIN] [20/07/2016 00.48] [PENJUALAN] CASHIER FORM : REGISTER HOTKEY
[ADMIN] [20/07/2016 00.48] [PENJUALAN] CASHIER FORM : cashierForm_Load, ATTEMPT TO LOAD NO FAKTUR
[ADMIN] [20/07/2016 00.48] [PENJUALAN] CASHIER FORM : loadNoFaktur, noFakturValue [SLO001]
[ADMIN] [20/07/2016 00.48] [PENJUALAN] CASHIER FORM : cashierForm_Load, ATTEMPT TO addColumnToDataGrid
[ADMIN] [20/07/2016 00.48] [PENJUALAN] CASHIER FORM : calculateTotal
[ADMIN] [20/07/2016 00.48] [PENJUALAN] CASHIER FORM : calculateTotal [0]
[ADMIN] [20/07/2016 00.48] [PENJUALAN] CASHIER FORM : calculateTotal, totalAfterDisc [0]
[ADMIN] [20/07/2016 00.48] [PENJUALAN] CASHIER FORM : REGISTER HOTKEY
[ADMIN] [20/07/2016 00.48] [PENJUALAN] CASHIER FORM : HOTKEY TO ADD NEW ROW PRESSED
[ADMIN] [20/07/2016 00.48] [PENJUALAN] CASHIER FORM : ADD NEW ROW,  isActive [True]
[ADMIN] [20/07/2016 00.48] [PENJUALAN] CASHIER FORM : ADD NEW ROW,  ROW COUNT [0]
[ADMIN] [20/07/2016 00.48] [PENJUALAN] CASHIER FORM : ADD NEW ROW,  ALLOW TO ADD [True]
[ADMIN] [20/07/2016 00.48] [PENJUALAN] CASHIER FORM : PRODUCT PRICE TYPE [PRODUCT_BASE_PRICE]
[ADMIN] [20/07/2016 00.48] [PENJUALAN] CASHIER FORM : PRODUCT PRICE [24800]
[ADMIN] [20/07/2016 00.48] [PENJUALAN] CASHIER FORM : ComboBox_SelectedIndexChanged, PRODUCT_BASE_PRICE [24800]
[ADMIN] [20/07/2016 00.48] [PENJUALAN] CASHIER FORM : PRODUCT PRICE TYPE [PRODUCT_RETAIL_PRICE]
[ADMIN] [20/07/2016 00.48] [PENJUALAN] CASHIER FORM : PRODUCT PRICE [29000]
[ADMIN] [20/07/2016 00.48] [PENJUALAN] CASHIER FORM : ComboBox_SelectedIndexChanged, PRODUCT_SALES_PRICE [29000]
[ADMIN] [20/07/2016 00.48] [PENJUALAN] CASHIER FORM : ComboBox_SelectedIndexChanged, attempt to calculate total
[ADMIN] [20/07/2016 00.48] [PENJUALAN] CASHIER FORM : calculateTotal
[ADMIN] [20/07/2016 00.48] [PENJUALAN] CASHIER FORM : calculateTotal [0]
[ADMIN] [20/07/2016 00.48] [PENJUALAN] CASHIER FORM : calculateTotal, totalAfterDisc [0]
[ADMIN] [20/07/2016 00.48] [PENJUALAN] CASHIER FORM : TextBox_TextChanged, isLoading [False]
[ADMIN] [20/07/2016 00.48] [PENJUALAN] CASHIER FORM : TextBox_TextChanged, rowSelectedIndex [0]
[ADMIN] [20/07/2016 00.48] [PENJUALAN] CASHIER FORM : TextBox_TextChanged, previousInput [0]
[ADMIN] [20/07/2016 00.48] [PENJUALAN] CASHIER FORM : TextBox_TextChanged, dataGridViewTextBoxEditingControl.Text [1]
[ADMIN] [20/07/2016 00.48] [PENJUALAN] CASHIER FORM : TextBox_TextChanged, dataGridViewTextBoxEditingControl.Text pass REGEX Checking
[ADMIN] [20/07/2016 00.48] [PENJUALAN] CASHIER FORM : CHECK STOCK QTY IS ENOUGH [ALPO-AD1]
[ADMIN] [20/07/2016 00.48] [PENJUALAN] CASHIER FORM : CHECK STOCK QTY IS ENOUGH [0, 1]
[ADMIN] [20/07/2016 00.48] [PENJUALAN] CASHIER FORM : TextBox_TextChanged, isLoading [True]
[ADMIN] [20/07/2016 00.48] [PENJUALAN] CASHIER FORM : CALCULATE SUBTOTAL
[ADMIN] [20/07/2016 00.48] [PENJUALAN] CASHIER FORM : SUBTOTAL [0]
[ADMIN] [20/07/2016 00.48] [PENJUALAN] CASHIER FORM : TextBox_TextChanged, subtotal value [0]
[ADMIN] [20/07/2016 00.48] [PENJUALAN] CASHIER FORM : TextBox_TextChanged, attempt to calculate total value
[ADMIN] [20/07/2016 00.48] [PENJUALAN] CASHIER FORM : calculateTotal
[ADMIN] [20/07/2016 00.48] [PENJUALAN] CASHIER FORM : calculateTotal [0]
[ADMIN] [20/07/2016 00.48] [PENJUALAN] CASHIER FORM : calculateTotal, totalAfterDisc [0]
[ADMIN] [20/07/2016 00.48] [PENJUALAN] CASHIER FORM : TextBox_TextChanged, isLoading [False]
[ADMIN] [20/07/2016 00.48] [PENJUALAN] CASHIER FORM : TextBox_TextChanged, rowSelectedIndex [0]
[ADMIN] [20/07/2016 00.49] [PENJUALAN] CASHIER FORM : PRODUCT PRICE TYPE [PRODUCT_BASE_PRICE]
[ADMIN] [20/07/2016 00.49] [PENJUALAN] CASHIER FORM : PRODUCT PRICE [26625]
[ADMIN] [20/07/2016 00.49] [PENJUALAN] CASHIER FORM : ComboBox_SelectedIndexChanged, PRODUCT_BASE_PRICE [26625]
[ADMIN] [20/07/2016 00.49] [PENJUALAN] CASHIER FORM : PRODUCT PRICE TYPE [PRODUCT_RETAIL_PRICE]
[ADMIN] [20/07/2016 00.49] [PENJUALAN] CASHIER FORM : PRODUCT PRICE [34000]
[ADMIN] [20/07/2016 00.49] [PENJUALAN] CASHIER FORM : ComboBox_SelectedIndexChanged, PRODUCT_SALES_PRICE [34000]
[ADMIN] [20/07/2016 00.49] [PENJUALAN] CASHIER FORM : ComboBox_SelectedIndexChanged, attempt to calculate total
[ADMIN] [20/07/2016 00.49] [PENJUALAN] CASHIER FORM : calculateTotal
[ADMIN] [20/07/2016 00.49] [PENJUALAN] CASHIER FORM : calculateTotal [0]
[ADMIN] [20/07/2016 00.49] [PENJUALAN] CASHIER FORM : calculateTotal, totalAfterDisc [0]
[ADMIN] [20/07/2016 00.49] [PENJUALAN] CASHIER FORM : TextBox_TextChanged, isLoading [False]
[ADMIN] [20/07/2016 00.49] [PENJUALAN] CASHIER FORM : TextBox_TextChanged, rowSelectedIndex [0]
[ADMIN] [20/07/2016 00.49] [PENJUALAN] CASHIER FORM : TextBox_TextChanged, previousInput [0]
[ADMIN] [20/07/2016 00.49] [PENJUALAN] CASHIER FORM : TextBox_TextChanged, dataGridViewTextBoxEditingControl.Text [1]
[ADMIN] [20/07/2016 00.49] [PENJUALAN] CASHIER FORM : TextBox_TextChanged, dataGridViewTextBoxEditingControl.Text pass REGEX Checking
[ADMIN] [20/07/2016 00.49] [PENJUALAN] CASHIER FORM : CHECK STOCK QTY IS ENOUGH [ALPO-P1]
[ADMIN] [20/07/2016 00.49] [PENJUALAN] CASHIER FORM : CHECK STOCK QTY IS ENOUGH [100, 1]
[ADMIN] [20/07/2016 00.49] [PENJUALAN] CASHIER FORM : CALCULATE SUBTOTAL
[ADMIN] [20/07/2016 00.49] [PENJUALAN] CASHIER FORM : SUBTOTAL [34000]
[ADMIN] [20/07/2016 00.49] [PENJUALAN] CASHIER FORM : TextBox_TextChanged, subtotal value [34000]
[ADMIN] [20/07/2016 00.49] [PENJUALAN] CASHIER FORM : TextBox_TextChanged, attempt to calculate total value
[ADMIN] [20/07/2016 00.49] [PENJUALAN] CASHIER FORM : calculateTotal
[ADMIN] [20/07/2016 00.49] [PENJUALAN] CASHIER FORM : calculateTotal [34000]
[ADMIN] [20/07/2016 00.49] [PENJUALAN] CASHIER FORM : calculateTotal, totalAfterDisc [34000]
[ADMIN] [20/07/2016 00.49] [PENJUALAN] CASHIER FORM : TextBox_TextChanged, isLoading [False]
[ADMIN] [20/07/2016 00.49] [PENJUALAN] CASHIER FORM : TextBox_TextChanged, rowSelectedIndex [0]
[ADMIN] [20/07/2016 00.49] [PENJUALAN] CASHIER FORM : TextBox_TextChanged, previousInput [0]
[ADMIN] [20/07/2016 00.49] [PENJUALAN] CASHIER FORM : TextBox_TextChanged, dataGridViewTextBoxEditingControl.Text [0]
[ADMIN] [20/07/2016 00.49] [PENJUALAN] CASHIER FORM : TextBox_TextChanged, dataGridViewTextBoxEditingControl.Text pass REGEX Checking
[ADMIN] [20/07/2016 00.49] [PENJUALAN] CASHIER FORM : CALCULATE SUBTOTAL
[ADMIN] [20/07/2016 00.49] [PENJUALAN] CASHIER FORM : SUBTOTAL [34000]
[ADMIN] [20/07/2016 00.49] [PENJUALAN] CASHIER FORM : TextBox_TextChanged, subtotal value [34000]
[ADMIN] [20/07/2016 00.49] [PENJUALAN] CASHIER FORM : TextBox_TextChanged, attempt to calculate total value
[ADMIN] [20/07/2016 00.49] [PENJUALAN] CASHIER FORM : calculateTotal
[ADMIN] [20/07/2016 00.49] [PENJUALAN] CASHIER FORM : calculateTotal [34000]
[ADMIN] [20/07/2016 00.49] [PENJUALAN] CASHIER FORM : calculateTotal, totalAfterDisc [34000]
[ADMIN] [20/07/2016 00.49] [PENJUALAN] CASHIER FORM : HOTKEY TO ADD NEW ROW PRESSED
[ADMIN] [20/07/2016 00.49] [PENJUALAN] CASHIER FORM : ADD NEW ROW,  isActive [True]
[ADMIN] [20/07/2016 00.49] [PENJUALAN] CASHIER FORM : ADD NEW ROW,  ROW COUNT [1]
[ADMIN] [20/07/2016 00.49] [PENJUALAN] CASHIER FORM : ADD NEW ROW,  ALLOW TO ADD [True]
[ADMIN] [20/07/2016 00.49] [PENJUALAN] CASHIER FORM : TextBox_TextChanged, isLoading [False]
[ADMIN] [20/07/2016 00.49] [PENJUALAN] CASHIER FORM : TextBox_TextChanged, rowSelectedIndex [1]
[ADMIN] [20/07/2016 00.49] [PENJUALAN] CASHIER FORM : TextBox_TextChanged, isLoading [False]
[ADMIN] [20/07/2016 00.49] [PENJUALAN] CASHIER FORM : TextBox_TextChanged, rowSelectedIndex [1]
[ADMIN] [20/07/2016 00.49] [PENJUALAN] CASHIER FORM : TextBox_TextChanged, isLoading [False]
[ADMIN] [20/07/2016 00.49] [PENJUALAN] CASHIER FORM : TextBox_TextChanged, rowSelectedIndex [1]
[ADMIN] [20/07/2016 00.49] [PENJUALAN] CASHIER FORM : TextBox_TextChanged, isLoading [False]
[ADMIN] [20/07/2016 00.49] [PENJUALAN] CASHIER FORM : TextBox_TextChanged, rowSelectedIndex [1]
[ADMIN] [20/07/2016 00.49] [PENJUALAN] CASHIER FORM : TextBox_TextChanged, isLoading [False]
[ADMIN] [20/07/2016 00.49] [PENJUALAN] CASHIER FORM : TextBox_TextChanged, rowSelectedIndex [1]
[ADMIN] [20/07/2016 00.49] [PENJUALAN] CASHIER FORM : TextBox_TextChanged, isLoading [False]
[ADMIN] [20/07/2016 00.49] [PENJUALAN] CASHIER FORM : TextBox_TextChanged, rowSelectedIndex [1]
[ADMIN] [20/07/2016 00.49] [PENJUALAN] CASHIER FORM : TextBox_TextChanged, isLoading [False]
[ADMIN] [20/07/2016 00.49] [PENJUALAN] CASHIER FORM : TextBox_TextChanged, rowSelectedIndex [1]
[ADMIN] [20/07/2016 00.49] [PENJUALAN] CASHIER FORM : TextBox_TextChanged, isLoading [False]
[ADMIN] [20/07/2016 00.49] [PENJUALAN] CASHIER FORM : TextBox_TextChanged, rowSelectedIndex [1]
[ADMIN] [20/07/2016 00.49] [PENJUALAN] CASHIER FORM : TextBox_TextChanged, isLoading [False]
[ADMIN] [20/07/2016 00.49] [PENJUALAN] CASHIER FORM : TextBox_TextChanged, rowSelectedIndex [1]
[ADMIN] [20/07/2016 00.49] [PENJUALAN] CASHIER FORM : TextBox_TextChanged, isLoading [False]
[ADMIN] [20/07/2016 00.49] [PENJUALAN] CASHIER FORM : TextBox_TextChanged, rowSelectedIndex [1]
[ADMIN] [20/07/2016 00.49] [PENJUALAN] CASHIER FORM : TextBox_TextChanged, isLoading [False]
[ADMIN] [20/07/2016 00.49] [PENJUALAN] CASHIER FORM : TextBox_TextChanged, rowSelectedIndex [1]
[ADMIN] [20/07/2016 00.49] [PENJUALAN] CASHIER FORM : TextBox_TextChanged, isLoading [False]
[ADMIN] [20/07/2016 00.49] [PENJUALAN] CASHIER FORM : TextBox_TextChanged, rowSelectedIndex [1]
[ADMIN] [20/07/2016 00.49] [PENJUALAN] CASHIER FORM : TextBox_TextChanged, isLoading [False]
[ADMIN] [20/07/2016 00.49] [PENJUALAN] CASHIER FORM : TextBox_TextChanged, rowSelectedIndex [1]
[ADMIN] [20/07/2016 00.49] [PENJUALAN] CASHIER FORM : TextBox_TextChanged, isLoading [False]
[ADMIN] [20/07/2016 00.49] [PENJUALAN] CASHIER FORM : TextBox_TextChanged, rowSelectedIndex [1]
[ADMIN] [20/07/2016 00.49] [PENJUALAN] CASHIER FORM : TextBox_TextChanged, isLoading [False]
[ADMIN] [20/07/2016 00.49] [PENJUALAN] CASHIER FORM : TextBox_TextChanged, rowSelectedIndex [1]
[ADMIN] [20/07/2016 00.49] [PENJUALAN] CASHIER FORM : TextBox_TextChanged, isLoading [False]
[ADMIN] [20/07/2016 00.49] [PENJUALAN] CASHIER FORM : TextBox_TextChanged, rowSelectedIndex [1]
[ADMIN] [20/07/2016 00.49] [PENJUALAN] CASHIER FORM : TextBox_TextChanged, isLoading [False]
[ADMIN] [20/07/2016 00.49] [PENJUALAN] CASHIER FORM : TextBox_TextChanged, rowSelectedIndex [1]
[ADMIN] [20/07/2016 00.49] [PENJUALAN] CASHIER FORM : TextBox_TextChanged, isLoading [False]
[ADMIN] [20/07/2016 00.49] [PENJUALAN] CASHIER FORM : TextBox_TextChanged, rowSelectedIndex [1]
[ADMIN] [20/07/2016 00.49] [PENJUALAN] CASHIER FORM : TextBox_TextChanged, isLoading [False]
[ADMIN] [20/07/2016 00.49] [PENJUALAN] CASHIER FORM : TextBox_TextChanged, rowSelectedIndex [1]
[ADMIN] [20/07/2016 00.49] [PENJUALAN] CASHIER FORM : TextBox_TextChanged, isLoading [False]
[ADMIN] [20/07/2016 00.49] [PENJUALAN] CASHIER FORM : TextBox_TextChanged, rowSelectedIndex [1]
[ADMIN] [20/07/2016 00.49] [PENJUALAN] CASHIER FORM : TextBox_TextChanged, isLoading [False]
[ADMIN] [20/07/2016 00.49] [PENJUALAN] CASHIER FORM : TextBox_TextChanged, rowSelectedIndex [1]
[ADMIN] [20/07/2016 00.49] [PENJUALAN] CASHIER FORM : TextBox_TextChanged, isLoading [False]
[ADMIN] [20/07/2016 00.49] [PENJUALAN] CASHIER FORM : TextBox_TextChanged, rowSelectedIndex [1]
[ADMIN] [20/07/2016 00.49] [PENJUALAN] CASHIER FORM : TextBox_TextChanged, isLoading [False]
[ADMIN] [20/07/2016 00.49] [PENJUALAN] CASHIER FORM : TextBox_TextChanged, rowSelectedIndex [1]
[ADMIN] [20/07/2016 00.49] [PENJUALAN] CASHIER FORM : TextBox_TextChanged, isLoading [False]
[ADMIN] [20/07/2016 00.49] [PENJUALAN] CASHIER FORM : TextBox_TextChanged, rowSelectedIndex [1]
[ADMIN] [20/07/2016 00.49] [PENJUALAN] CASHIER FORM : TextBox_TextChanged, isLoading [False]
[ADMIN] [20/07/2016 00.49] [PENJUALAN] CASHIER FORM : TextBox_TextChanged, rowSelectedIndex [1]
[ADMIN] [20/07/2016 00.49] [PENJUALAN] CASHIER FORM : TextBox_TextChanged, isLoading [False]
[ADMIN] [20/07/2016 00.49] [PENJUALAN] CASHIER FORM : TextBox_TextChanged, rowSelectedIndex [1]
[ADMIN] [20/07/2016 00.49] [PENJUALAN] CASHIER FORM : PRODUCT PRICE TYPE [PRODUCT_BASE_PRICE]
[ADMIN] [20/07/2016 00.49] [PENJUALAN] CASHIER FORM : PRODUCT PRICE [28000]
[ADMIN] [20/07/2016 00.49] [PENJUALAN] CASHIER FORM : ComboBox_SelectedIndexChanged, PRODUCT_BASE_PRICE [28000]
[ADMIN] [20/07/2016 00.49] [PENJUALAN] CASHIER FORM : PRODUCT PRICE TYPE [PRODUCT_RETAIL_PRICE]
[ADMIN] [20/07/2016 00.49] [PENJUALAN] CASHIER FORM : PRODUCT PRICE [30000]
[ADMIN] [20/07/2016 00.49] [PENJUALAN] CASHIER FORM : ComboBox_SelectedIndexChanged, PRODUCT_SALES_PRICE [30000]
[ADMIN] [20/07/2016 00.49] [PENJUALAN] CASHIER FORM : ComboBox_SelectedIndexChanged, attempt to calculate total
[ADMIN] [20/07/2016 00.49] [PENJUALAN] CASHIER FORM : calculateTotal
[ADMIN] [20/07/2016 00.49] [PENJUALAN] CASHIER FORM : calculateTotal [34000]
[ADMIN] [20/07/2016 00.49] [PENJUALAN] CASHIER FORM : calculateTotal, totalAfterDisc [34000]
[ADMIN] [20/07/2016 00.49] [PENJUALAN] CASHIER FORM : TextBox_TextChanged, isLoading [False]
[ADMIN] [20/07/2016 00.49] [PENJUALAN] CASHIER FORM : TextBox_TextChanged, rowSelectedIndex [1]
[ADMIN] [20/07/2016 00.49] [PENJUALAN] CASHIER FORM : TextBox_TextChanged, previousInput [0]
[ADMIN] [20/07/2016 00.49] [PENJUALAN] CASHIER FORM : TextBox_TextChanged, dataGridViewTextBoxEditingControl.Text [0]
[ADMIN] [20/07/2016 00.49] [PENJUALAN] CASHIER FORM : TextBox_TextChanged, dataGridViewTextBoxEditingControl.Text pass REGEX Checking
[ADMIN] [20/07/2016 00.49] [PENJUALAN] CASHIER FORM : CHECK STOCK QTY IS ENOUGH [ANF-P1]
[ADMIN] [20/07/2016 00.49] [PENJUALAN] CASHIER FORM : CHECK STOCK QTY IS ENOUGH [100, 0]
[ADMIN] [20/07/2016 00.49] [PENJUALAN] CASHIER FORM : CALCULATE SUBTOTAL
[ADMIN] [20/07/2016 00.49] [PENJUALAN] CASHIER FORM : SUBTOTAL [0]
[ADMIN] [20/07/2016 00.49] [PENJUALAN] CASHIER FORM : TextBox_TextChanged, subtotal value [0]
[ADMIN] [20/07/2016 00.49] [PENJUALAN] CASHIER FORM : TextBox_TextChanged, attempt to calculate total value
[ADMIN] [20/07/2016 00.49] [PENJUALAN] CASHIER FORM : calculateTotal
[ADMIN] [20/07/2016 00.49] [PENJUALAN] CASHIER FORM : calculateTotal [34000]
[ADMIN] [20/07/2016 00.49] [PENJUALAN] CASHIER FORM : calculateTotal, totalAfterDisc [34000]
[ADMIN] [20/07/2016 00.49] [PENJUALAN] CASHIER FORM : TextBox_TextChanged, isLoading [False]
[ADMIN] [20/07/2016 00.49] [PENJUALAN] CASHIER FORM : TextBox_TextChanged, rowSelectedIndex [1]
[ADMIN] [20/07/2016 00.49] [PENJUALAN] CASHIER FORM : TextBox_TextChanged, previousInput [0]
[ADMIN] [20/07/2016 00.49] [PENJUALAN] CASHIER FORM : TextBox_TextChanged, dataGridViewTextBoxEditingControl.Text [1]
[ADMIN] [20/07/2016 00.49] [PENJUALAN] CASHIER FORM : TextBox_TextChanged, dataGridViewTextBoxEditingControl.Text pass REGEX Checking
[ADMIN] [20/07/2016 00.49] [PENJUALAN] CASHIER FORM : CHECK STOCK QTY IS ENOUGH [ANF-P1]
[ADMIN] [20/07/2016 00.49] [PENJUALAN] CASHIER FORM : CHECK STOCK QTY IS ENOUGH [100, 1]
[ADMIN] [20/07/2016 00.49] [PENJUALAN] CASHIER FORM : CALCULATE SUBTOTAL
[ADMIN] [20/07/2016 00.49] [PENJUALAN] CASHIER FORM : SUBTOTAL [30000]
[ADMIN] [20/07/2016 00.49] [PENJUALAN] CASHIER FORM : TextBox_TextChanged, subtotal value [30000]
[ADMIN] [20/07/2016 00.49] [PENJUALAN] CASHIER FORM : TextBox_TextChanged, attempt to calculate total value
[ADMIN] [20/07/2016 00.49] [PENJUALAN] CASHIER FORM : calculateTotal
[ADMIN] [20/07/2016 00.49] [PENJUALAN] CASHIER FORM : calculateTotal [64000]
[ADMIN] [20/07/2016 00.49] [PENJUALAN] CASHIER FORM : calculateTotal, totalAfterDisc [64000]
[ADMIN] [20/07/2016 00.49] [PENJUALAN] CASHIER FORM : TextBox_TextChanged, isLoading [False]
[ADMIN] [20/07/2016 00.49] [PENJUALAN] CASHIER FORM : TextBox_TextChanged, rowSelectedIndex [1]
[ADMIN] [20/07/2016 00.49] [PENJUALAN] CASHIER FORM : TextBox_TextChanged, previousInput [1]
[ADMIN] [20/07/2016 00.49] [PENJUALAN] CASHIER FORM : TextBox_TextChanged, dataGridViewTextBoxEditingControl.Text pass REGEX Checking
[ADMIN] [20/07/2016 00.49] [PENJUALAN] CASHIER FORM : CHECK STOCK QTY IS ENOUGH [ANF-P1]
[ADMIN] [20/07/2016 00.49] [PENJUALAN] CASHIER FORM : CHECK STOCK QTY IS ENOUGH [100, 1]
[ADMIN] [20/07/2016 00.49] [PENJUALAN] CASHIER FORM : CALCULATE SUBTOTAL
[ADMIN] [20/07/2016 00.49] [PENJUALAN] CASHIER FORM : SUBTOTAL [30000]
[ADMIN] [20/07/2016 00.49] [PENJUALAN] CASHIER FORM : TextBox_TextChanged, subtotal value [30000]
[ADMIN] [20/07/2016 00.49] [PENJUALAN] CASHIER FORM : TextBox_TextChanged, attempt to calculate total value
[ADMIN] [20/07/2016 00.49] [PENJUALAN] CASHIER FORM : calculateTotal
[ADMIN] [20/07/2016 00.49] [PENJUALAN] CASHIER FORM : calculateTotal [64000]
[ADMIN] [20/07/2016 00.49] [PENJUALAN] CASHIER FORM : calculateTotal, totalAfterDisc [64000]
[ADMIN] [20/07/2016 00.49] [PENJUALAN] CASHIER FORM : TextBox_TextChanged, isLoading [False]
[ADMIN] [20/07/2016 00.49] [PENJUALAN] CASHIER FORM : TextBox_TextChanged, rowSelectedIndex [1]
[ADMIN] [20/07/2016 00.49] [PENJUALAN] CASHIER FORM : TextBox_TextChanged, previousInput [0]
[ADMIN] [20/07/2016 00.49] [PENJUALAN] CASHIER FORM : TextBox_TextChanged, dataGridViewTextBoxEditingControl.Text [0]
[ADMIN] [20/07/2016 00.49] [PENJUALAN] CASHIER FORM : TextBox_TextChanged, dataGridViewTextBoxEditingControl.Text pass REGEX Checking
[ADMIN] [20/07/2016 00.49] [PENJUALAN] CASHIER FORM : CALCULATE SUBTOTAL
[ADMIN] [20/07/2016 00.49] [PENJUALAN] CASHIER FORM : SUBTOTAL [30000]
[ADMIN] [20/07/2016 00.49] [PENJUALAN] CASHIER FORM : TextBox_TextChanged, subtotal value [30000]
[ADMIN] [20/07/2016 00.49] [PENJUALAN] CASHIER FORM : TextBox_TextChanged, attempt to calculate total value
[ADMIN] [20/07/2016 00.49] [PENJUALAN] CASHIER FORM : calculateTotal
[ADMIN] [20/07/2016 00.49] [PENJUALAN] CASHIER FORM : calculateTotal [64000]
[ADMIN] [20/07/2016 00.49] [PENJUALAN] CASHIER FORM : calculateTotal, totalAfterDisc [64000]
[ADMIN] [20/07/2016 00.49] [PENJUALAN] CASHIER FORM : TextBox_TextChanged, isLoading [False]
[ADMIN] [20/07/2016 00.49] [PENJUALAN] CASHIER FORM : TextBox_TextChanged, rowSelectedIndex [1]
[ADMIN] [20/07/2016 00.49] [PENJUALAN] CASHIER FORM : TextBox_TextChanged, previousInput [0]
[ADMIN] [20/07/2016 00.49] [PENJUALAN] CASHIER FORM : TextBox_TextChanged, dataGridViewTextBoxEditingControl.Text [0]
[ADMIN] [20/07/2016 00.49] [PENJUALAN] CASHIER FORM : TextBox_TextChanged, dataGridViewTextBoxEditingControl.Text pass REGEX Checking
[ADMIN] [20/07/2016 00.49] [PENJUALAN] CASHIER FORM : CALCULATE SUBTOTAL
[ADMIN] [20/07/2016 00.49] [PENJUALAN] CASHIER FORM : SUBTOTAL [30000]
[ADMIN] [20/07/2016 00.49] [PENJUALAN] CASHIER FORM : TextBox_TextChanged, subtotal value [30000]
[ADMIN] [20/07/2016 00.49] [PENJUALAN] CASHIER FORM : TextBox_TextChanged, attempt to calculate total value
[ADMIN] [20/07/2016 00.49] [PENJUALAN] CASHIER FORM : calculateTotal
[ADMIN] [20/07/2016 00.49] [PENJUALAN] CASHIER FORM : calculateTotal [64000]
[ADMIN] [20/07/2016 00.49] [PENJUALAN] CASHIER FORM : calculateTotal, totalAfterDisc [64000]
[ADMIN] [20/07/2016 00.49] [PENJUALAN] CASHIER FORM : calculateChangeValue, bayarTextBox.Text [1]
[ADMIN] [20/07/2016 00.49] [PENJUALAN] CASHIER FORM : calculateChangeValue, sisaBayar [0]
[ADMIN] [20/07/2016 00.49] [PENJUALAN] CASHIER FORM : calculateChangeValue, bayarTextBox.Text [10]
[ADMIN] [20/07/2016 00.49] [PENJUALAN] CASHIER FORM : calculateChangeValue, sisaBayar [0]
[ADMIN] [20/07/2016 00.49] [PENJUALAN] CASHIER FORM : calculateChangeValue, bayarTextBox.Text [100]
[ADMIN] [20/07/2016 00.49] [PENJUALAN] CASHIER FORM : calculateChangeValue, sisaBayar [0]
[ADMIN] [20/07/2016 00.49] [PENJUALAN] CASHIER FORM : calculateChangeValue, bayarTextBox.Text [1000]
[ADMIN] [20/07/2016 00.49] [PENJUALAN] CASHIER FORM : calculateChangeValue, sisaBayar [0]
[ADMIN] [20/07/2016 00.49] [PENJUALAN] CASHIER FORM : calculateChangeValue, bayarTextBox.Text [10000]
[ADMIN] [20/07/2016 00.49] [PENJUALAN] CASHIER FORM : calculateChangeValue, sisaBayar [0]
[ADMIN] [20/07/2016 00.49] [PENJUALAN] CASHIER FORM : calculateChangeValue, bayarTextBox.Text [100000]
[ADMIN] [20/07/2016 00.49] [PENJUALAN] CASHIER FORM : calculateChangeValue, sisaBayar [36000]
[ADMIN] [20/07/2016 00.49] [PENJUALAN] CASHIER FORM : HOTKEY TO SAVE AND PRINT OUT INVOICE PRESSED
[ADMIN] [20/07/2016 00.49] [PENJUALAN] CASHIER FORM : UNREGISTER HOTKEY
[ADMIN] [20/07/2016 00.49] [PENJUALAN] CASHIER FORM : REGISTER HOTKEY
[ADMIN] [20/07/2016 00.49] [PENJUALAN] ATTEMPT TO SAVE AND PRINT OUT INVOICE
[ADMIN] [20/07/2016 00.49] [PENJUALAN] CASHIER FORM : discJualMaskedTextBox_Validating, totalAfterDisc [64000]
[ADMIN] [20/07/2016 00.49] [PENJUALAN] CASHIER FORM : UNREGISTER HOTKEY
[ADMIN] [20/07/2016 00.49] [PENJUALAN] CASHIER FORM : REGISTER HOTKEY
[ADMIN] [20/07/2016 00.49] [PENJUALAN] CASHIER FORM : UNREGISTER HOTKEY
[ADMIN] [20/07/2016 00.49] [PENJUALAN] CASHIER FORM : ATTEMPT TO SAVE SALES DATA [20-07-2016 00.49]
[ADMIN] [20/07/2016 00.49] [PENJUALAN] CASHIER FORM : CASH SALES
[ADMIN] [20/07/2016 00.49] [PENJUALAN] CHECK IF TAX LIMIT SET FOR PERCENTAGE PURCHASE [0]
[ADMIN] [20/07/2016 00.49] [PENJUALAN] CHECK IF TAX LIMIT SET FOR AVERAGE DAILY PURCHASE [0]
[ADMIN] [20/07/2016 00.49] [PENJUALAN] CASHIER FORM : NO FAKTUR [SLO001]
[ADMIN] [20/07/2016 00.49] [PENJUALAN] CASHIER FORM : MAX SALES INVOICE [0]
[ADMIN] [20/07/2016 00.49] [PENJUALAN] CASHIER FORM : SALES INVOICE [SLO001-1]
[ADMIN] [20/07/2016 00.49] [PENJUALAN] INSERT INTO SALES HEADER [SLO001-1]
[ADMIN] [20/07/2016 00.49] [PENJUALAN] EXCEPTION THROWN [Incorrect datetime value: '20-07-2016 00.49' for function str_to_date]
[ADMIN] [20/07/2016 00.49] [PENJUALAN] CASHIER FORM : REGISTER HOTKEY
[ADMIN] [20/07/2016 00.49] [PENJUALAN] CASHIER FORM : UNREGISTER HOTKEY
[ADMIN] [20/07/2016 00.49] [PENJUALAN] CASHIER FORM : UNREGISTER HOTKEY
[ADMIN] [20/07/2016 00.49] [] USER ID = 1LOGOUT
