[] [8/2/2016 11:26 PM] [] USER = ADMIN IS ACTIVE
[ADMIN] [8/2/2016 11:26 PM] [] USER ID = 1 LOGIN SUCCESSFULLY
[ADMIN] [8/2/2016 11:26 PM] [] ACTIVATE USER ACCESS RIGHT
[ADMIN] [8/2/2016 11:26 PM] [] DISPLAY ADMIN FORM
[ADMIN] [8/2/2016 11:26 PM] [] adminForm Load
[ADMIN] [8/2/2016 11:27 PM] [PENJUALAN] CASHIER FORM : MULTIPLE CASHIER INSTANCE [1]
[ADMIN] [8/2/2016 11:27 PM] [PENJUALAN] CASHIER FORM : REGISTER HOTKEY
[ADMIN] [8/2/2016 11:27 PM] [PENJUALAN] CASHIER FORM : cashierForm_Load, ATTEMPT TO LOAD NO FAKTUR
[ADMIN] [8/2/2016 11:27 PM] [PENJUALAN] CASHIER FORM : loadNoFaktur, noFakturValue [SLO001]
[ADMIN] [8/2/2016 11:27 PM] [PENJUALAN] CASHIER FORM : cashierForm_Load, ATTEMPT TO addColumnToDataGrid
[ADMIN] [8/2/2016 11:27 PM] [PENJUALAN] CASHIER FORM : UPDATE ROW NUMBER, TOTAL ROW [1]
[ADMIN] [8/2/2016 11:27 PM] [PENJUALAN] CASHIER FORM : calculateTotal
[ADMIN] [8/2/2016 11:27 PM] [PENJUALAN] CASHIER FORM : calculateTotal [0]
[ADMIN] [8/2/2016 11:27 PM] [PENJUALAN] CASHIER FORM : calculateTotal, totalAfterDisc [0]
[ADMIN] [8/2/2016 11:27 PM] [PENJUALAN] CASHIER FORM : calculateChangeValue, bayarTextBox.Text [0]
[ADMIN] [8/2/2016 11:27 PM] [PENJUALAN] CASHIER FORM : calculateChangeValue, sisaBayar [0]
[ADMIN] [8/2/2016 11:27 PM] [PENJUALAN] CASHIER FORM : REGISTER HOTKEY
[ADMIN] [8/2/2016 11:27 PM] [PENJUALAN] CASHIER FORM : UPDATE ROW NUMBER, TOTAL ROW [2]
[ADMIN] [8/2/2016 11:27 PM] [PENJUALAN] CASHIER FORM : PRODUCT PRICE TYPE [PRODUCT_BASE_PRICE]
[ADMIN] [8/2/2016 11:27 PM] [PENJUALAN] CASHIER FORM : PRODUCT PRICE [1950000]
[ADMIN] [8/2/2016 11:27 PM] [PENJUALAN] CASHIER FORM : ComboBox_SelectedIndexChanged, PRODUCT_BASE_PRICE [1950000]
[ADMIN] [8/2/2016 11:27 PM] [PENJUALAN] CASHIER FORM : PRODUCT PRICE TYPE [PRODUCT_RETAIL_PRICE]
[ADMIN] [8/2/2016 11:27 PM] [PENJUALAN] CASHIER FORM : PRODUCT PRICE [2800000]
[ADMIN] [8/2/2016 11:27 PM] [PENJUALAN] CASHIER FORM : ComboBox_SelectedIndexChanged, PRODUCT_SALES_PRICE [2800000]
[ADMIN] [8/2/2016 11:27 PM] [PENJUALAN] CASHIER FORM : calculateTotal
[ADMIN] [8/2/2016 11:27 PM] [PENJUALAN] CASHIER FORM : calculateTotal [0]
[ADMIN] [8/2/2016 11:27 PM] [PENJUALAN] CASHIER FORM : calculateTotal, totalAfterDisc [0]
[ADMIN] [8/2/2016 11:27 PM] [PENJUALAN] CASHIER FORM : calculateChangeValue, bayarTextBox.Text [0]
[ADMIN] [8/2/2016 11:27 PM] [PENJUALAN] CASHIER FORM : calculateChangeValue, sisaBayar [0]
[ADMIN] [8/2/2016 11:27 PM] [PENJUALAN] CASHIER FORM : UNREGISTER HOTKEY
[ADMIN] [8/2/2016 11:27 PM] [PENJUALAN] CASHIER FORM : REGISTER HOTKEY
[ADMIN] [8/2/2016 11:27 PM] [PENJUALAN] CASHIER FORM : DISPLAY PELANGGAN FORM
[ADMIN] [8/2/2016 11:27 PM] [PENJUALAN] CASHIER FORM : UNREGISTER HOTKEY
[ADMIN] [8/2/2016 11:27 PM] [PENJUALAN] CASHIER FORM : REGISTER HOTKEY
[ADMIN] [8/2/2016 11:27 PM] [PENJUALAN] CASHIER FORM : UNREGISTER HOTKEY
[ADMIN] [8/2/2016 11:27 PM] [PENJUALAN] CASHIER FORM : REGISTER HOTKEY
[ADMIN] [8/2/2016 11:27 PM] [PENJUALAN] CASHIER FORM : TextBox_TextChanged, isLoading [False]
[ADMIN] [8/2/2016 11:27 PM] [PENJUALAN] CASHIER FORM : TextBox_TextChanged, rowSelectedIndex [0]
[ADMIN] [8/2/2016 11:27 PM] [PENJUALAN] CASHIER FORM : TextBox_TextChanged, previousInput [0]
[ADMIN] [8/2/2016 11:27 PM] [PENJUALAN] CASHIER FORM : TextBox_TextChanged, dataGridViewTextBoxEditingControl.Text [0]
[ADMIN] [8/2/2016 11:27 PM] [PENJUALAN] CASHIER FORM : TextBox_TextChanged, dataGridViewTextBoxEditingControl.Text pass REGEX Checking
[ADMIN] [8/2/2016 11:27 PM] [PENJUALAN] CASHIER FORM : CHECK STOCK QTY IS ENOUGH [AS-2200]
[ADMIN] [8/2/2016 11:27 PM] [PENJUALAN] CASHIER FORM : CHECK STOCK QTY IS ENOUGH [0, 0]
[ADMIN] [8/2/2016 11:27 PM] [PENJUALAN] CASHIER FORM : CALCULATE SUBTOTAL
[ADMIN] [8/2/2016 11:27 PM] [PENJUALAN] CASHIER FORM : SUBTOTAL [0]
[ADMIN] [8/2/2016 11:27 PM] [PENJUALAN] CASHIER FORM : TextBox_TextChanged, subtotal value [0]
[ADMIN] [8/2/2016 11:27 PM] [PENJUALAN] CASHIER FORM : TextBox_TextChanged, attempt to calculate total value
[ADMIN] [8/2/2016 11:27 PM] [PENJUALAN] CASHIER FORM : calculateTotal
[ADMIN] [8/2/2016 11:27 PM] [PENJUALAN] CASHIER FORM : calculateTotal [0]
[ADMIN] [8/2/2016 11:27 PM] [PENJUALAN] CASHIER FORM : calculateTotal, totalAfterDisc [0]
[ADMIN] [8/2/2016 11:27 PM] [PENJUALAN] CASHIER FORM : calculateChangeValue, bayarTextBox.Text [0]
[ADMIN] [8/2/2016 11:27 PM] [PENJUALAN] CASHIER FORM : calculateChangeValue, sisaBayar [0]
[ADMIN] [8/2/2016 11:27 PM] [PENJUALAN] CASHIER FORM : DISPLAY PELANGGAN FORM
[ADMIN] [8/2/2016 11:27 PM] [PENJUALAN] CASHIER FORM : UNREGISTER HOTKEY
[ADMIN] [8/2/2016 11:27 PM] [PENJUALAN] CASHIER FORM : REGISTER HOTKEY
[ADMIN] [8/2/2016 11:27 PM] [PENJUALAN] CASHIER FORM : UNREGISTER HOTKEY
[ADMIN] [8/2/2016 11:27 PM] [PENJUALAN] CASHIER FORM : UNREGISTER HOTKEY
[ADMIN] [8/2/2016 11:27 PM] [] USER ID = 1LOGOUT
