[] [1/11/2017 12:09] [] USER = ADMIN IS ACTIVE
[ADMIN] [1/11/2017 12:09] [] USER ID = 1 LOGIN SUCCESSFULLY
[ADMIN] [1/11/2017 12:10] [] ACTIVATE USER ACCESS RIGHT
[ADMIN] [1/11/2017 12:10] [] DISPLAY ADMIN FORM
[ADMIN] [1/11/2017 12:10] [] adminForm Load
[ADMIN] [1/11/2017 12:10] [] ACTIVATE USER ACCESS RIGHT
[ADMIN] [1/11/2017 12:10] [] USER ID = 1LOGOUT
[ADMIN] [1/11/2017 12:10] [] USER = ADMIN IS ACTIVE
[ADMIN] [1/11/2017 12:10] [] USER ID = 1 LOGIN SUCCESSFULLY
[ADMIN] [1/11/2017 12:10] [] ACTIVATE USER ACCESS RIGHT
[ADMIN] [1/11/2017 12:10] [] DISPLAY ADMIN FORM
[ADMIN] [1/11/2017 12:10] [] adminForm Load
[ADMIN] [1/11/2017 12:10] [] ACTIVATE USER ACCESS RIGHT
[ADMIN] [1/11/2017 12:11] [KATEGORI PRODUK] ADD NEW CATEGORY [CAT_11JAN]
[ADMIN] [1/11/2017 12:11] [SATUAN PRODUK] ADD NEW UNIT [SAT_11JAN]
[ADMIN] [1/11/2017 12:16] [TAMBAH / UPDATE PRODUK] INSERT NEW PRODUCT [PROD11JAN]
[ADMIN] [1/11/2017 12:16] [TAMBAH / UPDATE PRODUK] INSERT PRODUCT CATEGORY FOR [PROD11JAN]
[ADMIN] [1/11/2017 13:03] [TAMBAH / UPDATE PRODUK] INSERT NEW PRODUCT [PROD11JAN_1]
[ADMIN] [1/11/2017 13:03] [TAMBAH / UPDATE PRODUK] INSERT PRODUCT CATEGORY FOR [PROD11JAN_1]
[] [1/11/2017 13:29] [] USER = ADMIN IS ACTIVE
[ADMIN] [1/11/2017 13:29] [] USER ID = 1 LOGIN SUCCESSFULLY
[ADMIN] [1/11/2017 13:30] [] ACTIVATE USER ACCESS RIGHT
[ADMIN] [1/11/2017 13:30] [] DISPLAY ADMIN FORM
[ADMIN] [1/11/2017 13:30] [] adminForm Load
[ADMIN] [1/11/2017 13:30] [] ACTIVATE USER ACCESS RIGHT
[ADMIN] [1/11/2017 13:31] [TAMBAH / UPDATE PRODUK] INSERT NEW PRODUCT [PROD11JAN_2]
[ADMIN] [1/11/2017 13:31] [TAMBAH / UPDATE PRODUK] INSERT PRODUCT CATEGORY FOR [PROD11JAN_2]
[ADMIN] [1/11/2017 13:31] [PENERIMAAN BARANG] INSERT TO PRODUCT EXPIRY [PROD11JAN_2]
[ADMIN] [1/11/2017 13:35] [] USER ID = 1LOGOUT
