[] [7/30/2016 3:26 PM] [] USER = ADMIN IS ACTIVE
[ADMIN] [7/30/2016 3:26 PM] [] USER ID = 1 LOGIN SUCCESSFULLY
[ADMIN] [7/30/2016 3:26 PM] [] ACTIVATE USER ACCESS RIGHT
[ADMIN] [7/30/2016 3:26 PM] [] DISPLAY ADMIN FORM
[ADMIN] [7/30/2016 3:26 PM] [] adminForm Load
[] [7/30/2016 3:29 PM] [] USER = ADMIN IS ACTIVE
[ADMIN] [7/30/2016 3:29 PM] [] USER ID = 1 LOGIN SUCCESSFULLY
[ADMIN] [7/30/2016 3:29 PM] [] ACTIVATE USER ACCESS RIGHT
[ADMIN] [7/30/2016 3:29 PM] [] DISPLAY ADMIN FORM
[ADMIN] [7/30/2016 3:29 PM] [] adminForm Load
[] [8/1/2016 12:38 PM] [] USER = ADMIN IS ACTIVE
[ADMIN] [8/1/2016 12:38 PM] [] USER ID = 1 LOGIN SUCCESSFULLY
[ADMIN] [8/1/2016 12:38 PM] [] ACTIVATE USER ACCESS RIGHT
[ADMIN] [8/1/2016 12:38 PM] [] DISPLAY ADMIN FORM
[ADMIN] [8/1/2016 12:38 PM] [] adminForm Load
[ADMIN] [8/1/2016 12:38 PM] [] CREATE DATA GROUP FORM MODULE_ID [2]
[] [8/1/2016 12:39 PM] [] USER = ADMIN IS ACTIVE
[ADMIN] [8/1/2016 12:39 PM] [] USER ID = 1 LOGIN SUCCESSFULLY
[ADMIN] [8/1/2016 12:39 PM] [] ACTIVATE USER ACCESS RIGHT
[ADMIN] [8/1/2016 12:39 PM] [] DISPLAY ADMIN FORM
[ADMIN] [8/1/2016 12:39 PM] [] adminForm Load
[ADMIN] [8/1/2016 12:39 PM] [] CREATE DATA GROUP FORM MODULE_ID [2]
[] [8/1/2016 12:40 PM] [] USER = ADMIN IS ACTIVE
[ADMIN] [8/1/2016 12:40 PM] [] USER ID = 1 LOGIN SUCCESSFULLY
[ADMIN] [8/1/2016 12:40 PM] [] ACTIVATE USER ACCESS RIGHT
[ADMIN] [8/1/2016 12:40 PM] [] DISPLAY ADMIN FORM
[ADMIN] [8/1/2016 12:40 PM] [] adminForm Load
[ADMIN] [8/1/2016 12:41 PM] [] CREATE DATA GROUP FORM MODULE_ID [2]
[ADMIN] [8/1/2016 12:41 PM] [] USER ID = 1LOGOUT
