[] [30/08/2016 13:55] [] USER = ADMIN IS ACTIVE
[ADMIN] [30/08/2016 13:55] [] USER ID = 1 LOGIN SUCCESSFULLY
[ADMIN] [30/08/2016 13:55] [] ACTIVATE USER ACCESS RIGHT
[ADMIN] [30/08/2016 13:55] [] DISPLAY ADMIN FORM
[ADMIN] [30/08/2016 13:55] [] adminForm Load
[ADMIN] [30/08/2016 13:55] [] ACTIVATE USER ACCESS RIGHT
[ADMIN] [30/08/2016 13:57] [TAMBAH / UPDATE PRODUK] INSERT NEW PRODUCT [8999999034153]
[ADMIN] [30/08/2016 13:57] [TAMBAH / UPDATE PRODUK] INSERT PRODUCT CATEGORY FOR [8999999034153]
[ADMIN] [30/08/2016 13:59] [TAMBAH / UPDATE PRODUK] INSERT NEW PRODUCT [8999999034160]
[ADMIN] [30/08/2016 13:59] [TAMBAH / UPDATE PRODUK] INSERT PRODUCT CATEGORY FOR [8999999034160]
[ADMIN] [30/08/2016 14:00] [TAMBAH / UPDATE PRODUK] INSERT NEW PRODUCT [8992628510158]
[ADMIN] [30/08/2016 14:00] [TAMBAH / UPDATE PRODUK] INSERT PRODUCT CATEGORY FOR [8992628510158]
[ADMIN] [30/08/2016 14:01] [TAMBAH / UPDATE PRODUK] INSERT NEW PRODUCT [8992826211017]
[ADMIN] [30/08/2016 14:01] [TAMBAH / UPDATE PRODUK] INSERT PRODUCT CATEGORY FOR [8992826211017]
[ADMIN] [30/08/2016 14:02] [TAMBAH / UPDATE PRODUK] UPDATE CURRENT PRODUCT DATA [8999999034153]
[ADMIN] [30/08/2016 14:02] [TAMBAH / UPDATE PRODUK] UPDATE PRODUCT CATEGORY FOR [8999999034153]
[ADMIN] [30/08/2016 14:02] [TAMBAH / UPDATE PRODUK] DELETE CURRENT PRODUCT CATEGORY FOR [8999999034153]
[ADMIN] [30/08/2016 14:02] [TAMBAH / UPDATE PRODUK] INSERT PRODUCT CATEGORY FOR [8999999034153]
[ADMIN] [30/08/2016 14:02] [TAMBAH / UPDATE PRODUK] UPDATE CURRENT PRODUCT DATA [8999999034160]
[ADMIN] [30/08/2016 14:02] [TAMBAH / UPDATE PRODUK] UPDATE PRODUCT CATEGORY FOR [8999999034160]
[ADMIN] [30/08/2016 14:02] [TAMBAH / UPDATE PRODUK] DELETE CURRENT PRODUCT CATEGORY FOR [8999999034160]
[ADMIN] [30/08/2016 14:02] [TAMBAH / UPDATE PRODUK] INSERT PRODUCT CATEGORY FOR [8999999034160]
[ADMIN] [30/08/2016 14:03] [TAMBAH / UPDATE PRODUK] UPDATE CURRENT PRODUCT DATA [8992628510158]
[ADMIN] [30/08/2016 14:03] [TAMBAH / UPDATE PRODUK] UPDATE PRODUCT CATEGORY FOR [8992628510158]
[ADMIN] [30/08/2016 14:03] [TAMBAH / UPDATE PRODUK] DELETE CURRENT PRODUCT CATEGORY FOR [8992628510158]
[ADMIN] [30/08/2016 14:03] [TAMBAH / UPDATE PRODUK] INSERT PRODUCT CATEGORY FOR [8992628510158]
[ADMIN] [30/08/2016 14:03] [PENJUALAN] CASHIER FORM : MULTIPLE CASHIER INSTANCE [1]
[ADMIN] [30/08/2016 14:03] [PENJUALAN] CASHIER FORM : REGISTER HOTKEY
[ADMIN] [30/08/2016 14:03] [PENJUALAN] CASHIER FORM : cashierForm_Load, ATTEMPT TO LOAD NO FAKTUR
[ADMIN] [30/08/2016 14:03] [PENJUALAN] CASHIER FORM : loadNoFaktur, noFakturValue [SLO001]
[ADMIN] [30/08/2016 14:03] [PENJUALAN] CASHIER FORM : cashierForm_Load, ATTEMPT TO addColumnToDataGrid
[ADMIN] [30/08/2016 14:03] [PENJUALAN] CASHIER FORM : UPDATE ROW NUMBER, TOTAL ROW [1]
[ADMIN] [30/08/2016 14:03] [PENJUALAN] CASHIER FORM : calculateTotal
[ADMIN] [30/08/2016 14:03] [PENJUALAN] CASHIER FORM : calculateTotal [0]
[ADMIN] [30/08/2016 14:03] [PENJUALAN] CASHIER FORM : calculateTotal, totalAfterDisc [0]
[ADMIN] [30/08/2016 14:03] [PENJUALAN] CASHIER FORM : calculateChangeValue, bayarTextBox.Text [0]
[ADMIN] [30/08/2016 14:03] [PENJUALAN] CASHIER FORM : calculateChangeValue, sisaBayar [0]
[ADMIN] [30/08/2016 14:03] [PENJUALAN] CASHIER FORM : REGISTER HOTKEY
[ADMIN] [30/08/2016 14:03] [PENJUALAN] CASHIER FORM : UNREGISTER HOTKEY
[ADMIN] [30/08/2016 14:03] [PENJUALAN] CASHIER FORM : REGISTER HOTKEY
[ADMIN] [30/08/2016 14:03] [PENJUALAN] CASHIER FORM : UNREGISTER HOTKEY
[ADMIN] [30/08/2016 14:03] [PENJUALAN] CASHIER FORM : UNREGISTER HOTKEY
[] [30/08/2016 14:05] [] USER = ADMIN IS ACTIVE
[ADMIN] [30/08/2016 14:05] [] USER ID = 1 LOGIN SUCCESSFULLY
[ADMIN] [30/08/2016 14:05] [] ACTIVATE USER ACCESS RIGHT
[ADMIN] [30/08/2016 14:05] [] DISPLAY ADMIN FORM
[ADMIN] [30/08/2016 14:05] [] adminForm Load
[ADMIN] [30/08/2016 14:05] [] ACTIVATE USER ACCESS RIGHT
[ADMIN] [30/08/2016 14:09] [TAMBAH / UPDATE PRODUK] INSERT NEW PRODUCT [8993226112508]
[ADMIN] [30/08/2016 14:09] [TAMBAH / UPDATE PRODUK] INSERT PRODUCT CATEGORY FOR [8993226112508]
[ADMIN] [30/08/2016 14:10] [TAMBAH / UPDATE PRODUK] INSERT NEW PRODUCT [8993226125003]
[ADMIN] [30/08/2016 14:10] [TAMBAH / UPDATE PRODUK] INSERT PRODUCT CATEGORY FOR [8993226125003]
[ADMIN] [30/08/2016 14:12] [TAMBAH / UPDATE PRODUK] INSERT NEW PRODUCT [0117472342177]
[ADMIN] [30/08/2016 14:12] [TAMBAH / UPDATE PRODUK] INSERT PRODUCT CATEGORY FOR [0117472342177]
[ADMIN] [30/08/2016 14:15] [TAMBAH / UPDATE PRODUK] INSERT NEW PRODUCT [011747234160]
[ADMIN] [30/08/2016 14:15] [TAMBAH / UPDATE PRODUK] INSERT PRODUCT CATEGORY FOR [011747234160]
[ADMIN] [30/08/2016 14:16] [TAMBAH / UPDATE PRODUK] UPDATE CURRENT PRODUCT DATA [0117472342177]
[ADMIN] [30/08/2016 14:16] [TAMBAH / UPDATE PRODUK] UPDATE PRODUCT CATEGORY FOR [0117472342177]
[ADMIN] [30/08/2016 14:16] [TAMBAH / UPDATE PRODUK] DELETE CURRENT PRODUCT CATEGORY FOR [0117472342177]
[ADMIN] [30/08/2016 14:16] [TAMBAH / UPDATE PRODUK] INSERT PRODUCT CATEGORY FOR [0117472342177]
[ADMIN] [30/08/2016 14:17] [TAMBAH / UPDATE PRODUK] INSERT NEW PRODUCT [8998008151065]
[ADMIN] [30/08/2016 14:17] [TAMBAH / UPDATE PRODUK] INSERT PRODUCT CATEGORY FOR [8998008151065]
[ADMIN] [30/08/2016 14:18] [TAMBAH / UPDATE PRODUK] INSERT NEW PRODUCT [8998008151058]
[ADMIN] [30/08/2016 14:18] [TAMBAH / UPDATE PRODUK] INSERT PRODUCT CATEGORY FOR [8998008151058]
[ADMIN] [30/08/2016 14:20] [TAMBAH / UPDATE PRODUK] INSERT NEW PRODUCT [8999999192150]
[ADMIN] [30/08/2016 14:20] [TAMBAH / UPDATE PRODUK] INSERT PRODUCT CATEGORY FOR [8999999192150]
[ADMIN] [30/08/2016 14:21] [TAMBAH / UPDATE PRODUK] INSERT NEW PRODUCT [8999999192198]
[ADMIN] [30/08/2016 14:21] [TAMBAH / UPDATE PRODUK] INSERT PRODUCT CATEGORY FOR [8999999192198]
[ADMIN] [30/08/2016 14:23] [TAMBAH / UPDATE PRODUK] INSERT NEW PRODUCT [8999999193324]
[ADMIN] [30/08/2016 14:23] [TAMBAH / UPDATE PRODUK] INSERT PRODUCT CATEGORY FOR [8999999193324]
[ADMIN] [30/08/2016 14:24] [TAMBAH / UPDATE PRODUK] INSERT NEW PRODUCT [8999999193317]
[ADMIN] [30/08/2016 14:24] [TAMBAH / UPDATE PRODUK] INSERT PRODUCT CATEGORY FOR [8999999193317]
[ADMIN] [30/08/2016 14:25] [TAMBAH / UPDATE PRODUK] INSERT NEW PRODUCT [8999999052577]
[ADMIN] [30/08/2016 14:25] [TAMBAH / UPDATE PRODUK] INSERT PRODUCT CATEGORY FOR [8999999052577]
[ADMIN] [30/08/2016 14:28] [TAMBAH / UPDATE PRODUK] INSERT NEW PRODUCT [8997011930636]
[ADMIN] [30/08/2016 14:28] [TAMBAH / UPDATE PRODUK] INSERT PRODUCT CATEGORY FOR [8997011930636]
[ADMIN] [30/08/2016 14:29] [TAMBAH / UPDATE PRODUK] INSERT NEW PRODUCT [8997011930612]
[ADMIN] [30/08/2016 14:30] [TAMBAH / UPDATE PRODUK] INSERT PRODUCT CATEGORY FOR [8997011930612]
[ADMIN] [30/08/2016 14:30] [TAMBAH / UPDATE PRODUK] INSERT NEW PRODUCT [8997011930049]
[ADMIN] [30/08/2016 14:30] [TAMBAH / UPDATE PRODUK] INSERT PRODUCT CATEGORY FOR [8997011930049]
[ADMIN] [30/08/2016 14:32] [TAMBAH / UPDATE PRODUK] INSERT NEW PRODUCT [101.00001]
[ADMIN] [30/08/2016 14:32] [TAMBAH / UPDATE PRODUK] INSERT PRODUCT CATEGORY FOR [101.00001]
[ADMIN] [30/08/2016 14:32] [TAMBAH / UPDATE PRODUK] EXCEPTION THROWN [Duplicate entry '101.00001-1' for key 'PRIMARY']
[ADMIN] [30/08/2016 14:32] [TAMBAH / UPDATE PRODUK] INSERT NEW PRODUCT [101.00002]
[ADMIN] [30/08/2016 14:32] [TAMBAH / UPDATE PRODUK] INSERT PRODUCT CATEGORY FOR [101.00002]
[ADMIN] [30/08/2016 14:32] [TAMBAH / UPDATE PRODUK] EXCEPTION THROWN [Duplicate entry '101.00002-1' for key 'PRIMARY']
[ADMIN] [30/08/2016 14:33] [TAMBAH / UPDATE PRODUK] INSERT NEW PRODUCT [101.00001]
[ADMIN] [30/08/2016 14:33] [TAMBAH / UPDATE PRODUK] INSERT PRODUCT CATEGORY FOR [101.00001]
[ADMIN] [30/08/2016 14:33] [TAMBAH / UPDATE PRODUK] EXCEPTION THROWN [Duplicate entry '101.00001-1' for key 'PRIMARY']
[ADMIN] [30/08/2016 14:33] [TAMBAH / UPDATE PRODUK] INSERT NEW PRODUCT [101.10001]
[ADMIN] [30/08/2016 14:33] [TAMBAH / UPDATE PRODUK] INSERT PRODUCT CATEGORY FOR [101.10001]
[] [30/08/2016 18:42] [] USER = ADMIN IS ACTIVE
[ADMIN] [30/08/2016 18:42] [] USER ID = 1 LOGIN SUCCESSFULLY
[ADMIN] [30/08/2016 18:42] [] ACTIVATE USER ACCESS RIGHT
[ADMIN] [30/08/2016 18:42] [] DISPLAY ADMIN FORM
[ADMIN] [30/08/2016 18:42] [] adminForm Load
[ADMIN] [30/08/2016 18:42] [] ACTIVATE USER ACCESS RIGHT
[ADMIN] [30/08/2016 18:43] [] USER ID = 1LOGOUT
