[] [1/12/2017 11:31] [] USER = ADMIN IS ACTIVE
[ADMIN] [1/12/2017 11:31] [] USER ID = 1 LOGIN SUCCESSFULLY
[ADMIN] [1/12/2017 11:32] [] ACTIVATE USER ACCESS RIGHT
[ADMIN] [1/12/2017 11:32] [] DISPLAY ADMIN FORM
[ADMIN] [1/12/2017 11:32] [] adminForm Load
[ADMIN] [1/12/2017 11:32] [] ACTIVATE USER ACCESS RIGHT
[ADMIN] [1/12/2017 11:32] [REQUEST ORDER] REQUEST ORDER : detailRequestOrderDataGridView_CellValueChanged [productID]
[ADMIN] [1/12/2017 11:32] [REQUEST ORDER] REQUEST ORDER : detailRequestOrderDataGridView_CellValueChanged [productID]
[ADMIN] [1/12/2017 11:32] [REQUEST ORDER] REQUEST ORDER : detailRequestOrderDataGridView_CellValueChanged [productID]
[ADMIN] [1/12/2017 11:32] [REQUEST ORDER] REQUEST ORDER : detailRequestOrderDataGridView_CellValueChanged [productID]
[ADMIN] [1/12/2017 11:32] [REQUEST ORDER] REQUEST ORDER : detailRequestOrderDataGridView_CellValueChanged [productName]
[ADMIN] [1/12/2017 11:32] [REQUEST ORDER] updateSomeRowsContent, PRODUCT_BASE_PRICE [100]
[ADMIN] [1/12/2017 11:32] [REQUEST ORDER] REQUEST ORDER : detailRequestOrderDataGridView_CellValueChanged [HPP]
[ADMIN] [1/12/2017 11:32] [REQUEST ORDER] REQUEST ORDER : detailRequestOrderDataGridView_CellValueChanged [qty]
[ADMIN] [1/12/2017 11:32] [REQUEST ORDER] REQUEST ORDER : detailRequestOrderDataGridView_CellValueChanged [subTotal]
[ADMIN] [1/12/2017 11:32] [REQUEST ORDER] REQUEST ORDER : detailRequestOrderDataGridView_CellValueChanged [subTotal]
[ADMIN] [1/12/2017 11:32] [REQUEST ORDER] updateSomeRowsContent, attempt to calculate total
[ADMIN] [1/12/2017 11:32] [REQUEST ORDER] REQUEST ORDER : detailRequestOrderDataGridView_CellValueChanged [qty]
[ADMIN] [1/12/2017 11:32] [REQUEST ORDER] REQUEST ORDER : detailRequestOrderDataGridView_CellValueChanged [subTotal]
[ADMIN] [1/12/2017 11:32] [REQUEST ORDER] REQUEST ORDER : detailRequestOrderDataGridView_CellValueChanged [qty]
[ADMIN] [1/12/2017 11:32] [REQUEST ORDER] REQUEST ORDER : detailRequestOrderDataGridView_CellValueChanged [qty]
[ADMIN] [1/12/2017 11:32] [REQUEST ORDER] REQUEST ORDER : detailRequestOrderDataGridView_CellValueChanged [subTotal]
[ADMIN] [1/12/2017 11:32] [REQUEST ORDER] REQUEST ORDER : detailRequestOrderDataGridView_CellValueChanged [qty]
[ADMIN] [1/12/2017 11:32] [REQUEST ORDER] REQUEST ORDER : detailRequestOrderDataGridView_CellValueChanged [subTotal]
[ADMIN] [1/12/2017 11:33] [REQUEST ORDER] ATTEMPT TO SAVE
[ADMIN] [1/12/2017 11:33] [REQUEST ORDER] INSERT NEW REQUEST ORDER [RQ_12JAN]
[ADMIN] [1/12/2017 11:33] [REQUEST ORDER] INSERT DETAIL REQUEST ORDER [PROD11JAN_2]
[ADMIN] [1/12/2017 11:33] [REQUEST ORDER] DATA SAVED SUCCESSFULLY
[ADMIN] [1/12/2017 11:33] [REQUEST ORDER] ATTEMPT TO SAVE AND SEND DATA TO HQ
[ADMIN] [1/12/2017 11:33] [REQUEST ORDER] ATTEMPT TO SAVE TO LOCAL DATABASE
[ADMIN] [1/12/2017 11:33] [MUTASI BARANG] MUTASI BARANG : detailRequestOrderDataGridView_CellValueChanged [expiryDate]
[ADMIN] [1/12/2017 11:33] [MUTASI BARANG] MUTASI BARANG : detailRequestOrderDataGridView_CellValueChanged [expiryDateValue]
[ADMIN] [1/12/2017 11:33] [MUTASI BARANG] MUTASI BARANG : detailRequestOrderDataGridView_CellValueChanged [qty]
[ADMIN] [1/12/2017 11:33] [MUTASI BARANG] MUTASI BARANG : detailRequestOrderDataGridView_CellValueChanged [qty]
[ADMIN] [1/12/2017 11:33] [MUTASI BARANG] MUTASI BARANG : detailRequestOrderDataGridView_CellValueChanged [expiryDate]
[ADMIN] [1/12/2017 11:33] [MUTASI BARANG] MUTASI BARANG : detailRequestOrderDataGridView_CellValueChanged [expiryDateValue]
[ADMIN] [1/12/2017 11:33] [MUTASI BARANG] MUTASI BARANG : detailRequestOrderDataGridView_CellValueChanged [qty]
[ADMIN] [1/12/2017 11:33] [MUTASI BARANG] MUTASI BARANG : detailRequestOrderDataGridView_CellValueChanged [subtotal]
[ADMIN] [1/12/2017 11:33] [MUTASI BARANG] MUTASI BARANG : detailRequestOrderDataGridView_CellValueChanged [qty]
[ADMIN] [1/12/2017 11:33] [MUTASI BARANG] MUTASI BARANG : detailRequestOrderDataGridView_CellValueChanged [subtotal]
[ADMIN] [1/12/2017 11:33] [MUTASI BARANG] MUTASI BARANG : detailRequestOrderDataGridView_CellValueChanged [expiryDateValue]
[ADMIN] [1/12/2017 11:33] [MUTASI BARANG] MUTASI BARANG : detailRequestOrderDataGridView_CellValueChanged [expiryDate]
[ADMIN] [1/12/2017 11:33] [MUTASI BARANG] MUTASI BARANG : detailRequestOrderDataGridView_CellValueChanged [qty]
[ADMIN] [1/12/2017 11:33] [MUTASI BARANG] MUTASI BARANG : detailRequestOrderDataGridView_CellValueChanged [subtotal]
[ADMIN] [1/12/2017 11:39] [] USER ID = 1LOGOUT
