[] [7/20/2016 9:13 AM] [] USER = ADMIN IS ACTIVE
[ADMIN] [7/20/2016 9:13 AM] [] USER ID = 1 LOGIN SUCCESSFULLY
[ADMIN] [7/20/2016 9:13 AM] [] ACTIVATE USER ACCESS RIGHT
[ADMIN] [7/20/2016 9:13 AM] [] DISPLAY ADMIN FORM
[ADMIN] [7/20/2016 9:13 AM] [] adminForm Load
[ADMIN] [7/20/2016 9:13 AM] [PENJUALAN] CASHIER FORM : REGISTER HOTKEY
[ADMIN] [7/20/2016 9:13 AM] [PENJUALAN] CASHIER FORM : cashierForm_Load, ATTEMPT TO LOAD NO FAKTUR
[ADMIN] [7/20/2016 9:13 AM] [PENJUALAN] CASHIER FORM : loadNoFaktur, noFakturValue [SLO001]
[ADMIN] [7/20/2016 9:13 AM] [PENJUALAN] CASHIER FORM : cashierForm_Load, ATTEMPT TO addColumnToDataGrid
[ADMIN] [7/20/2016 9:13 AM] [PENJUALAN] CASHIER FORM : UPDATE ROW NUMBER, TOTAL ROW [1]
[ADMIN] [7/20/2016 9:13 AM] [PENJUALAN] CASHIER FORM : calculateTotal
[ADMIN] [7/20/2016 9:13 AM] [PENJUALAN] CASHIER FORM : calculateTotal [0]
[ADMIN] [7/20/2016 9:13 AM] [PENJUALAN] CASHIER FORM : calculateTotal, totalAfterDisc [0]
[ADMIN] [7/20/2016 9:13 AM] [PENJUALAN] CASHIER FORM : calculateChangeValue, bayarTextBox.Text [0]
[ADMIN] [7/20/2016 9:13 AM] [PENJUALAN] CASHIER FORM : calculateChangeValue, sisaBayar [0]
[ADMIN] [7/20/2016 9:13 AM] [PENJUALAN] CASHIER FORM : ADD NEW ROW,  isActive [True]
[ADMIN] [7/20/2016 9:13 AM] [PENJUALAN] CASHIER FORM : ADD NEW ROW,  ROW COUNT [1]
[ADMIN] [7/20/2016 9:13 AM] [PENJUALAN] CASHIER FORM : ADD NEW ROW,  ALLOW TO ADD [False]
[] [7/20/2016 9:16 AM] [] USER = ADMIN IS ACTIVE
[ADMIN] [7/20/2016 9:16 AM] [] USER ID = 1 LOGIN SUCCESSFULLY
[ADMIN] [7/20/2016 9:16 AM] [] ACTIVATE USER ACCESS RIGHT
[ADMIN] [7/20/2016 9:16 AM] [] DISPLAY ADMIN FORM
[ADMIN] [7/20/2016 9:16 AM] [] adminForm Load
[ADMIN] [7/20/2016 9:16 AM] [PENJUALAN] CASHIER FORM : REGISTER HOTKEY
[ADMIN] [7/20/2016 9:16 AM] [PENJUALAN] CASHIER FORM : cashierForm_Load, ATTEMPT TO LOAD NO FAKTUR
[ADMIN] [7/20/2016 9:16 AM] [PENJUALAN] CASHIER FORM : loadNoFaktur, noFakturValue [SLO001]
[ADMIN] [7/20/2016 9:16 AM] [PENJUALAN] CASHIER FORM : cashierForm_Load, ATTEMPT TO addColumnToDataGrid
[ADMIN] [7/20/2016 9:16 AM] [PENJUALAN] CASHIER FORM : UPDATE ROW NUMBER, TOTAL ROW [1]
[ADMIN] [7/20/2016 9:16 AM] [PENJUALAN] CASHIER FORM : calculateTotal
[ADMIN] [7/20/2016 9:16 AM] [PENJUALAN] CASHIER FORM : calculateTotal [0]
[ADMIN] [7/20/2016 9:16 AM] [PENJUALAN] CASHIER FORM : calculateTotal, totalAfterDisc [0]
[ADMIN] [7/20/2016 9:16 AM] [PENJUALAN] CASHIER FORM : calculateChangeValue, bayarTextBox.Text [0]
[ADMIN] [7/20/2016 9:16 AM] [PENJUALAN] CASHIER FORM : calculateChangeValue, sisaBayar [0]
[ADMIN] [7/20/2016 9:16 AM] [PENJUALAN] CASHIER FORM : ADD NEW ROW,  isActive [True]
[ADMIN] [7/20/2016 9:16 AM] [PENJUALAN] CASHIER FORM : ADD NEW ROW,  ROW COUNT [1]
[ADMIN] [7/20/2016 9:16 AM] [PENJUALAN] CASHIER FORM : ADD NEW ROW,  ALLOW TO ADD [False]
[] [7/20/2016 9:17 AM] [] USER = ADMIN IS ACTIVE
[ADMIN] [7/20/2016 9:17 AM] [] USER ID = 1 LOGIN SUCCESSFULLY
[ADMIN] [7/20/2016 9:17 AM] [] ACTIVATE USER ACCESS RIGHT
[ADMIN] [7/20/2016 9:17 AM] [] DISPLAY ADMIN FORM
[ADMIN] [7/20/2016 9:17 AM] [] adminForm Load
[ADMIN] [7/20/2016 9:17 AM] [PENJUALAN] CASHIER FORM : REGISTER HOTKEY
[ADMIN] [7/20/2016 9:17 AM] [PENJUALAN] CASHIER FORM : cashierForm_Load, ATTEMPT TO LOAD NO FAKTUR
[ADMIN] [7/20/2016 9:17 AM] [PENJUALAN] CASHIER FORM : loadNoFaktur, noFakturValue [SLO001]
[ADMIN] [7/20/2016 9:17 AM] [PENJUALAN] CASHIER FORM : cashierForm_Load, ATTEMPT TO addColumnToDataGrid
[ADMIN] [7/20/2016 9:17 AM] [PENJUALAN] CASHIER FORM : UPDATE ROW NUMBER, TOTAL ROW [1]
[ADMIN] [7/20/2016 9:17 AM] [PENJUALAN] CASHIER FORM : calculateTotal
[ADMIN] [7/20/2016 9:17 AM] [PENJUALAN] CASHIER FORM : calculateTotal [0]
[ADMIN] [7/20/2016 9:17 AM] [PENJUALAN] CASHIER FORM : calculateTotal, totalAfterDisc [0]
[ADMIN] [7/20/2016 9:17 AM] [PENJUALAN] CASHIER FORM : calculateChangeValue, bayarTextBox.Text [0]
[ADMIN] [7/20/2016 9:17 AM] [PENJUALAN] CASHIER FORM : calculateChangeValue, sisaBayar [0]
[ADMIN] [7/20/2016 9:17 AM] [PENJUALAN] CASHIER FORM : ADD NEW ROW,  isActive [True]
[ADMIN] [7/20/2016 9:17 AM] [PENJUALAN] CASHIER FORM : ADD NEW ROW,  ROW COUNT [1]
[ADMIN] [7/20/2016 9:17 AM] [PENJUALAN] CASHIER FORM : ADD NEW ROW,  ALLOW TO ADD [False]
[] [7/20/2016 9:18 AM] [] USER = ADMIN IS ACTIVE
[ADMIN] [7/20/2016 9:18 AM] [] USER ID = 1 LOGIN SUCCESSFULLY
[ADMIN] [7/20/2016 9:18 AM] [] ACTIVATE USER ACCESS RIGHT
[ADMIN] [7/20/2016 9:18 AM] [] DISPLAY ADMIN FORM
[ADMIN] [7/20/2016 9:18 AM] [] adminForm Load
[ADMIN] [7/20/2016 9:19 AM] [PENJUALAN] CASHIER FORM : REGISTER HOTKEY
[ADMIN] [7/20/2016 9:19 AM] [PENJUALAN] CASHIER FORM : cashierForm_Load, ATTEMPT TO LOAD NO FAKTUR
[ADMIN] [7/20/2016 9:19 AM] [PENJUALAN] CASHIER FORM : loadNoFaktur, noFakturValue [SLO001]
[ADMIN] [7/20/2016 9:19 AM] [PENJUALAN] CASHIER FORM : cashierForm_Load, ATTEMPT TO addColumnToDataGrid
[ADMIN] [7/20/2016 9:19 AM] [PENJUALAN] CASHIER FORM : UPDATE ROW NUMBER, TOTAL ROW [1]
[ADMIN] [7/20/2016 9:19 AM] [PENJUALAN] CASHIER FORM : calculateTotal
[ADMIN] [7/20/2016 9:19 AM] [PENJUALAN] CASHIER FORM : calculateTotal [0]
[ADMIN] [7/20/2016 9:19 AM] [PENJUALAN] CASHIER FORM : calculateTotal, totalAfterDisc [0]
[ADMIN] [7/20/2016 9:19 AM] [PENJUALAN] CASHIER FORM : calculateChangeValue, bayarTextBox.Text [0]
[ADMIN] [7/20/2016 9:19 AM] [PENJUALAN] CASHIER FORM : calculateChangeValue, sisaBayar [0]
[ADMIN] [7/20/2016 9:19 AM] [PENJUALAN] CASHIER FORM : ADD NEW ROW,  isActive [True]
[ADMIN] [7/20/2016 9:19 AM] [PENJUALAN] CASHIER FORM : ADD NEW ROW,  ROW COUNT [1]
[ADMIN] [7/20/2016 9:19 AM] [PENJUALAN] CASHIER FORM : ADD NEW ROW,  ALLOW TO ADD [False]
[] [7/20/2016 9:20 AM] [] USER = ADMIN IS ACTIVE
[ADMIN] [7/20/2016 9:20 AM] [] USER ID = 1 LOGIN SUCCESSFULLY
[ADMIN] [7/20/2016 9:20 AM] [] ACTIVATE USER ACCESS RIGHT
[ADMIN] [7/20/2016 9:20 AM] [] DISPLAY ADMIN FORM
[ADMIN] [7/20/2016 9:20 AM] [] adminForm Load
[ADMIN] [7/20/2016 9:20 AM] [PENJUALAN] CASHIER FORM : REGISTER HOTKEY
[ADMIN] [7/20/2016 9:20 AM] [PENJUALAN] CASHIER FORM : cashierForm_Load, ATTEMPT TO LOAD NO FAKTUR
[ADMIN] [7/20/2016 9:20 AM] [PENJUALAN] CASHIER FORM : loadNoFaktur, noFakturValue [SLO001]
[ADMIN] [7/20/2016 9:20 AM] [PENJUALAN] CASHIER FORM : cashierForm_Load, ATTEMPT TO addColumnToDataGrid
[ADMIN] [7/20/2016 9:20 AM] [PENJUALAN] CASHIER FORM : UPDATE ROW NUMBER, TOTAL ROW [1]
[ADMIN] [7/20/2016 9:20 AM] [PENJUALAN] CASHIER FORM : calculateTotal
[ADMIN] [7/20/2016 9:20 AM] [PENJUALAN] CASHIER FORM : calculateTotal [0]
[ADMIN] [7/20/2016 9:20 AM] [PENJUALAN] CASHIER FORM : calculateTotal, totalAfterDisc [0]
[ADMIN] [7/20/2016 9:20 AM] [PENJUALAN] CASHIER FORM : calculateChangeValue, bayarTextBox.Text [0]
[ADMIN] [7/20/2016 9:20 AM] [PENJUALAN] CASHIER FORM : calculateChangeValue, sisaBayar [0]
[ADMIN] [7/20/2016 9:21 AM] [PENJUALAN] CASHIER FORM : ADD NEW ROW,  isActive [True]
[ADMIN] [7/20/2016 9:21 AM] [PENJUALAN] CASHIER FORM : ADD NEW ROW,  ROW COUNT [1]
[ADMIN] [7/20/2016 9:21 AM] [PENJUALAN] CASHIER FORM : ADD NEW ROW,  ALLOW TO ADD [False]
[] [7/20/2016 9:22 AM] [] USER = ADMIN IS ACTIVE
[ADMIN] [7/20/2016 9:22 AM] [] USER ID = 1 LOGIN SUCCESSFULLY
[ADMIN] [7/20/2016 9:22 AM] [] ACTIVATE USER ACCESS RIGHT
[ADMIN] [7/20/2016 9:22 AM] [] DISPLAY ADMIN FORM
[ADMIN] [7/20/2016 9:22 AM] [] adminForm Load
[ADMIN] [7/20/2016 9:22 AM] [PENJUALAN] CASHIER FORM : REGISTER HOTKEY
[ADMIN] [7/20/2016 9:22 AM] [PENJUALAN] CASHIER FORM : cashierForm_Load, ATTEMPT TO LOAD NO FAKTUR
[ADMIN] [7/20/2016 9:22 AM] [PENJUALAN] CASHIER FORM : loadNoFaktur, noFakturValue [SLO001]
[ADMIN] [7/20/2016 9:22 AM] [PENJUALAN] CASHIER FORM : cashierForm_Load, ATTEMPT TO addColumnToDataGrid
[ADMIN] [7/20/2016 9:22 AM] [PENJUALAN] CASHIER FORM : UPDATE ROW NUMBER, TOTAL ROW [1]
[ADMIN] [7/20/2016 9:22 AM] [PENJUALAN] CASHIER FORM : calculateTotal
[ADMIN] [7/20/2016 9:22 AM] [PENJUALAN] CASHIER FORM : calculateTotal [0]
[ADMIN] [7/20/2016 9:22 AM] [PENJUALAN] CASHIER FORM : calculateTotal, totalAfterDisc [0]
[ADMIN] [7/20/2016 9:22 AM] [PENJUALAN] CASHIER FORM : calculateChangeValue, bayarTextBox.Text [0]
[ADMIN] [7/20/2016 9:22 AM] [PENJUALAN] CASHIER FORM : calculateChangeValue, sisaBayar [0]
[ADMIN] [7/20/2016 9:22 AM] [PENJUALAN] CASHIER FORM : ADD NEW ROW,  isActive [True]
[ADMIN] [7/20/2016 9:22 AM] [PENJUALAN] CASHIER FORM : ADD NEW ROW,  ROW COUNT [1]
[ADMIN] [7/20/2016 9:23 AM] [PENJUALAN] CASHIER FORM : ADD NEW ROW,  ALLOW TO ADD [False]
[] [7/20/2016 9:24 AM] [] USER = ADMIN IS ACTIVE
[ADMIN] [7/20/2016 9:24 AM] [] USER ID = 1 LOGIN SUCCESSFULLY
[ADMIN] [7/20/2016 9:24 AM] [] ACTIVATE USER ACCESS RIGHT
[ADMIN] [7/20/2016 9:24 AM] [] DISPLAY ADMIN FORM
[ADMIN] [7/20/2016 9:24 AM] [] adminForm Load
[ADMIN] [7/20/2016 9:24 AM] [PENJUALAN] CASHIER FORM : REGISTER HOTKEY
[ADMIN] [7/20/2016 9:24 AM] [PENJUALAN] CASHIER FORM : cashierForm_Load, ATTEMPT TO LOAD NO FAKTUR
[ADMIN] [7/20/2016 9:24 AM] [PENJUALAN] CASHIER FORM : loadNoFaktur, noFakturValue [SLO001]
[ADMIN] [7/20/2016 9:24 AM] [PENJUALAN] CASHIER FORM : cashierForm_Load, ATTEMPT TO addColumnToDataGrid
[ADMIN] [7/20/2016 9:24 AM] [PENJUALAN] CASHIER FORM : UPDATE ROW NUMBER, TOTAL ROW [1]
[ADMIN] [7/20/2016 9:25 AM] [PENJUALAN] CASHIER FORM : calculateTotal
[ADMIN] [7/20/2016 9:25 AM] [PENJUALAN] CASHIER FORM : calculateTotal [0]
[ADMIN] [7/20/2016 9:25 AM] [PENJUALAN] CASHIER FORM : calculateTotal, totalAfterDisc [0]
[ADMIN] [7/20/2016 9:25 AM] [PENJUALAN] CASHIER FORM : calculateChangeValue, bayarTextBox.Text [0]
[ADMIN] [7/20/2016 9:25 AM] [PENJUALAN] CASHIER FORM : calculateChangeValue, sisaBayar [0]
[] [7/20/2016 9:25 AM] [] USER = ADMIN IS ACTIVE
[ADMIN] [7/20/2016 9:25 AM] [] USER ID = 1 LOGIN SUCCESSFULLY
[ADMIN] [7/20/2016 9:25 AM] [] ACTIVATE USER ACCESS RIGHT
[ADMIN] [7/20/2016 9:25 AM] [] DISPLAY ADMIN FORM
[ADMIN] [7/20/2016 9:25 AM] [] adminForm Load
[ADMIN] [7/20/2016 9:25 AM] [PENJUALAN] CASHIER FORM : REGISTER HOTKEY
[ADMIN] [7/20/2016 9:26 AM] [PENJUALAN] CASHIER FORM : cashierForm_Load, ATTEMPT TO LOAD NO FAKTUR
[ADMIN] [7/20/2016 9:26 AM] [PENJUALAN] CASHIER FORM : loadNoFaktur, noFakturValue [SLO001]
[ADMIN] [7/20/2016 9:26 AM] [PENJUALAN] CASHIER FORM : cashierForm_Load, ATTEMPT TO addColumnToDataGrid
[ADMIN] [7/20/2016 9:26 AM] [PENJUALAN] CASHIER FORM : UPDATE ROW NUMBER, TOTAL ROW [1]
[ADMIN] [7/20/2016 9:26 AM] [PENJUALAN] CASHIER FORM : calculateTotal
[ADMIN] [7/20/2016 9:26 AM] [PENJUALAN] CASHIER FORM : calculateTotal [0]
[ADMIN] [7/20/2016 9:26 AM] [PENJUALAN] CASHIER FORM : calculateTotal, totalAfterDisc [0]
[ADMIN] [7/20/2016 9:26 AM] [PENJUALAN] CASHIER FORM : calculateChangeValue, bayarTextBox.Text [0]
[ADMIN] [7/20/2016 9:26 AM] [PENJUALAN] CASHIER FORM : calculateChangeValue, sisaBayar [0]
[ADMIN] [7/20/2016 9:26 AM] [PENJUALAN] CASHIER FORM : ADD NEW ROW,  isActive [True]
[ADMIN] [7/20/2016 9:26 AM] [PENJUALAN] CASHIER FORM : ADD NEW ROW,  ROW COUNT [1]
[ADMIN] [7/20/2016 9:26 AM] [PENJUALAN] CASHIER FORM : ADD NEW ROW,  ALLOW TO ADD [False]
[ADMIN] [7/20/2016 9:26 AM] [PENJUALAN] CASHIER FORM : calculateTotal
[ADMIN] [7/20/2016 9:26 AM] [PENJUALAN] CASHIER FORM : calculateTotal [0]
[ADMIN] [7/20/2016 9:26 AM] [PENJUALAN] CASHIER FORM : calculateTotal, totalAfterDisc [0]
[ADMIN] [7/20/2016 9:26 AM] [PENJUALAN] CASHIER FORM : calculateChangeValue, bayarTextBox.Text [34000]
[ADMIN] [7/20/2016 9:26 AM] [PENJUALAN] CASHIER FORM : calculateChangeValue, sisaBayar [0]
[ADMIN] [7/20/2016 9:26 AM] [PENJUALAN] CASHIER FORM : REGISTER HOTKEY
[ADMIN] [7/20/2016 9:26 AM] [PENJUALAN] CASHIER FORM : UNREGISTER HOTKEY
[ADMIN] [7/20/2016 9:26 AM] [PENJUALAN] CASHIER FORM : REGISTER HOTKEY
[ADMIN] [7/20/2016 9:26 AM] [PENJUALAN] CASHIER FORM : UNREGISTER HOTKEY
[ADMIN] [7/20/2016 9:26 AM] [PENJUALAN] CASHIER FORM : UNREGISTER HOTKEY
[ADMIN] [7/20/2016 9:26 AM] [] USER ID = 1LOGOUT
