[] [7/26/2016 2:15 PM] [] USER = ADMIN IS ACTIVE
[ADMIN] [7/26/2016 2:15 PM] [] USER ID = 1 LOGIN SUCCESSFULLY
[ADMIN] [7/26/2016 2:15 PM] [] ACTIVATE USER ACCESS RIGHT
[ADMIN] [7/26/2016 2:15 PM] [] DISPLAY ADMIN FORM
[ADMIN] [7/26/2016 2:15 PM] [] adminForm Load
[ADMIN] [7/26/2016 2:16 PM] [] CREATE CHANGE PASSWORD FORM UID[1]
[] [7/26/2016 2:29 PM] [] USER = ADMIN IS ACTIVE
[ADMIN] [7/26/2016 2:29 PM] [] USER ID = 1 LOGIN SUCCESSFULLY
[ADMIN] [7/26/2016 2:29 PM] [] ACTIVATE USER ACCESS RIGHT
[ADMIN] [7/26/2016 2:29 PM] [] DISPLAY ADMIN FORM
[ADMIN] [7/26/2016 2:29 PM] [] adminForm Load
[ADMIN] [7/26/2016 2:30 PM] [] CREATE CHANGE PASSWORD FORM UID[1]
[ADMIN] [7/26/2016 2:30 PM] [] CREATE CHANGE PASSWORD FORM UID[1]
[ADMIN] [7/26/2016 2:30 PM] [] CREATE CHANGE PASSWORD FORM UID[1]
[ADMIN] [7/26/2016 2:30 PM] [] CREATE CHANGE PASSWORD FORM UID[1]
[ADMIN] [7/26/2016 2:30 PM] [] CREATE CHANGE PASSWORD FORM UID[1]
[ADMIN] [7/26/2016 2:30 PM] [] CREATE CHANGE PASSWORD FORM UID[1]
[ADMIN] [7/26/2016 2:30 PM] [] CREATE DATA GROUP FORM MODULE_ID [2]
[ADMIN] [7/26/2016 2:30 PM] [] CREATE DATA GROUP FORM MODULE_ID [51]
[ADMIN] [7/26/2016 2:30 PM] [] CREATE DATA GROUP ACCESS MODULE FORM, GROUP USER ID [1]
[ADMIN] [7/26/2016 2:31 PM] [] CREATE DATA GROUP DETAIL FORM, GROUP USER ID [1]
[ADMIN] [7/26/2016 3:03 PM] [] USER ID = 1LOGOUT
