[] [1/5/2017 23:54] [] USER = ADMIN IS ACTIVE
[ADMIN] [1/5/2017 23:54] [] USER ID = 1 LOGIN SUCCESSFULLY
[ADMIN] [1/5/2017 23:54] [] ACTIVATE USER ACCESS RIGHT
[ADMIN] [1/5/2017 23:54] [] DISPLAY ADMIN FORM
[ADMIN] [1/5/2017 23:54] [] adminForm Load
[ADMIN] [1/5/2017 23:54] [] ACTIVATE USER ACCESS RIGHT
[ADMIN] [1/5/2017 23:54] [PENERIMAAN BARANG] PENERIMAAN BARANG : detailGridView_CellValueChanged [productID]
[ADMIN] [1/5/2017 23:54] [PENERIMAAN BARANG] PENERIMAAN BARANG : detailGridView_CellValueChanged [productName]
[ADMIN] [1/5/2017 23:54] [PENJUALAN] CASHIER FORM : ComboBox_SelectedIndexChanged, PRODUCT_BASE_PRICE [28000]
[ADMIN] [1/5/2017 23:54] [PENERIMAAN BARANG] PENERIMAAN BARANG : detailGridView_CellValueChanged [hpp]
[ADMIN] [1/5/2017 23:54] [PENERIMAAN BARANG] PENERIMAAN BARANG : detailGridView_CellValueChanged [subtotal]
[ADMIN] [1/5/2017 23:54] [PENERIMAAN BARANG] PENERIMAAN BARANG : detailGridView_CellValueChanged [qtyReceived]
[ADMIN] [1/5/2017 23:54] [PENERIMAAN BARANG] PENERIMAAN BARANG : detailGridView_CellValueChanged [subtotal]
[ADMIN] [1/5/2017 23:54] [PENJUALAN] CASHIER FORM : ComboBox_SelectedIndexChanged, attempt to calculate total
[ADMIN] [1/5/2017 23:54] [PENERIMAAN BARANG] PENERIMAAN BARANG : detailGridView_CellValueChanged [qtyReceived]
[ADMIN] [1/5/2017 23:54] [PENERIMAAN BARANG] PENERIMAAN BARANG : detailGridView_CellValueChanged [subtotal]
[ADMIN] [1/5/2017 23:54] [PENERIMAAN BARANG] PENERIMAAN BARANG : detailGridView_CellValueChanged [subtotal]
[ADMIN] [1/5/2017 23:54] [PENERIMAAN BARANG] PENERIMAAN BARANG : detailGridView_CellValueChanged [qtyReceived]
[ADMIN] [1/5/2017 23:54] [PENERIMAAN BARANG] PENERIMAAN BARANG : detailGridView_CellValueChanged [subtotal]
[ADMIN] [1/5/2017 23:54] [PENERIMAAN BARANG] PENERIMAAN BARANG : detailGridView_CellValueChanged [expiryDate]
[ADMIN] [1/5/2017 23:54] [PENERIMAAN BARANG] PENERIMAAN BARANG : detailGridView_CellValueChanged [expiryDateValue]
[ADMIN] [1/5/2017 23:54] [PENERIMAAN BARANG] SAVE PENERIMAAN BARANG
[ADMIN] [1/5/2017 23:54] [PENERIMAAN BARANG] DIRECT PENERIMAAN BARANG, THEREFORE CALCULATE TAX LIMIT
[ADMIN] [1/5/2017 23:54] [PENERIMAAN BARANG] CHECK IF TAX LIMIT SET FOR PERCENTAGE PURCHASE [0]
[ADMIN] [1/5/2017 23:54] [PENERIMAAN BARANG] CHECK IF TAX LIMIT SET FOR AVERAGE DAILY PURCHASE [0]
[ADMIN] [1/5/2017 23:54] [PENERIMAAN BARANG] INSERT PENERIMAAN BARANG [PR01]
[ADMIN] [1/5/2017 23:54] [PENERIMAAN BARANG] INSERT PO DATA BECAUSE OF DIRECT PENERIMAAN [PR01]
[] [1/5/2017 23:58] [] USER = ADMIN IS ACTIVE
[ADMIN] [1/5/2017 23:59] [] USER ID = 1 LOGIN SUCCESSFULLY
[ADMIN] [1/5/2017 23:59] [] ACTIVATE USER ACCESS RIGHT
[ADMIN] [1/5/2017 23:59] [] DISPLAY ADMIN FORM
[ADMIN] [1/5/2017 23:59] [] adminForm Load
[ADMIN] [1/5/2017 23:59] [] ACTIVATE USER ACCESS RIGHT
[ADMIN] [1/5/2017 23:59] [PENERIMAAN BARANG] PENERIMAAN BARANG : detailGridView_CellValueChanged [productID]
[ADMIN] [1/5/2017 23:59] [PENERIMAAN BARANG] PENERIMAAN BARANG : detailGridView_CellValueChanged [productName]
[ADMIN] [1/5/2017 23:59] [PENJUALAN] CASHIER FORM : ComboBox_SelectedIndexChanged, PRODUCT_BASE_PRICE [26625]
[ADMIN] [1/5/2017 23:59] [PENERIMAAN BARANG] PENERIMAAN BARANG : detailGridView_CellValueChanged [hpp]
[ADMIN] [1/5/2017 23:59] [PENERIMAAN BARANG] PENERIMAAN BARANG : detailGridView_CellValueChanged [subtotal]
[ADMIN] [1/5/2017 23:59] [PENERIMAAN BARANG] PENERIMAAN BARANG : detailGridView_CellValueChanged [qtyReceived]
[ADMIN] [1/5/2017 23:59] [PENERIMAAN BARANG] PENERIMAAN BARANG : detailGridView_CellValueChanged [subtotal]
[ADMIN] [1/5/2017 23:59] [PENJUALAN] CASHIER FORM : ComboBox_SelectedIndexChanged, attempt to calculate total
[ADMIN] [1/5/2017 23:59] [PENERIMAAN BARANG] PENERIMAAN BARANG : detailGridView_CellValueChanged [qtyReceived]
[ADMIN] [1/5/2017 23:59] [PENERIMAAN BARANG] PENERIMAAN BARANG : detailGridView_CellValueChanged [subtotal]
[ADMIN] [1/5/2017 23:59] [PENERIMAAN BARANG] PENERIMAAN BARANG : detailGridView_CellValueChanged [subtotal]
[ADMIN] [1/5/2017 23:59] [PENERIMAAN BARANG] PENERIMAAN BARANG : detailGridView_CellValueChanged [qtyReceived]
[ADMIN] [1/5/2017 23:59] [PENERIMAAN BARANG] PENERIMAAN BARANG : detailGridView_CellValueChanged [subtotal]
[ADMIN] [1/5/2017 23:59] [PENERIMAAN BARANG] SAVE PENERIMAAN BARANG
[ADMIN] [1/5/2017 23:59] [PENERIMAAN BARANG] PENERIMAAN BARANG : detailGridView_CellValueChanged [expiryDate]
[ADMIN] [1/5/2017 23:59] [PENERIMAAN BARANG] PENERIMAAN BARANG : detailGridView_CellValueChanged [expiryDateValue]
[ADMIN] [1/5/2017 23:59] [PENERIMAAN BARANG] SAVE PENERIMAAN BARANG
[ADMIN] [1/5/2017 23:59] [PENERIMAAN BARANG] DIRECT PENERIMAAN BARANG, THEREFORE CALCULATE TAX LIMIT
[ADMIN] [1/5/2017 23:59] [PENERIMAAN BARANG] CHECK IF TAX LIMIT SET FOR PERCENTAGE PURCHASE [0]
[ADMIN] [1/5/2017 23:59] [PENERIMAAN BARANG] CHECK IF TAX LIMIT SET FOR AVERAGE DAILY PURCHASE [0]
[ADMIN] [1/5/2017 23:59] [PENERIMAAN BARANG] INSERT PENERIMAAN BARANG [PR01]
[ADMIN] [1/5/2017 23:59] [PENERIMAAN BARANG] INSERT PO DATA BECAUSE OF DIRECT PENERIMAAN [PR01]
[ADMIN] [1/5/2017 23:59] [PENERIMAAN BARANG] SAVE DETAIL PENERIMAAN [ALPO-P1, 26625, 2]
[ADMIN] [1/5/2017 23:59] [PENERIMAAN BARANG] UPDATE MASTER PRODUCT DATA [ALPO-P1]
[ADMIN] [1/5/2017 23:59] [PENERIMAAN BARANG] INSERT TO PRODUCT EXPIRY [ALPO-P1]
[ADMIN] [1/5/2017 23:59] [PENERIMAAN BARANG] INSERT TO PURCHASE DETAIL [ALPO-P1]
[ADMIN] [1/5/2017 23:59] [PENERIMAAN BARANG] INSERT INTO DEBT [PR01]
[ADMIN] [1/5/2017 23:59] [PENERIMAAN BARANG] EXCEPTION THROWN [Transaction has already been committed or is not pending]
[] [1/6/2017 00:00] [] USER = ADMIN IS ACTIVE
[ADMIN] [1/6/2017 00:00] [] USER ID = 1 LOGIN SUCCESSFULLY
[ADMIN] [1/6/2017 00:00] [] ACTIVATE USER ACCESS RIGHT
[ADMIN] [1/6/2017 00:00] [] DISPLAY ADMIN FORM
[ADMIN] [1/6/2017 00:00] [] adminForm Load
[ADMIN] [1/6/2017 00:00] [] ACTIVATE USER ACCESS RIGHT
[ADMIN] [1/6/2017 00:00] [PENERIMAAN BARANG] PENERIMAAN BARANG : detailGridView_CellValueChanged [productID]
[ADMIN] [1/6/2017 00:00] [PENERIMAAN BARANG] PENERIMAAN BARANG : detailGridView_CellValueChanged [productName]
[ADMIN] [1/6/2017 00:00] [PENJUALAN] CASHIER FORM : ComboBox_SelectedIndexChanged, PRODUCT_BASE_PRICE [20700]
[ADMIN] [1/6/2017 00:00] [PENERIMAAN BARANG] PENERIMAAN BARANG : detailGridView_CellValueChanged [hpp]
[ADMIN] [1/6/2017 00:00] [PENERIMAAN BARANG] PENERIMAAN BARANG : detailGridView_CellValueChanged [subtotal]
[ADMIN] [1/6/2017 00:00] [PENERIMAAN BARANG] PENERIMAAN BARANG : detailGridView_CellValueChanged [qtyReceived]
[ADMIN] [1/6/2017 00:00] [PENERIMAAN BARANG] PENERIMAAN BARANG : detailGridView_CellValueChanged [subtotal]
[ADMIN] [1/6/2017 00:00] [PENJUALAN] CASHIER FORM : ComboBox_SelectedIndexChanged, attempt to calculate total
[ADMIN] [1/6/2017 00:00] [PENERIMAAN BARANG] PENERIMAAN BARANG : detailGridView_CellValueChanged [qtyReceived]
[ADMIN] [1/6/2017 00:00] [PENERIMAAN BARANG] PENERIMAAN BARANG : detailGridView_CellValueChanged [subtotal]
[ADMIN] [1/6/2017 00:00] [PENERIMAAN BARANG] PENERIMAAN BARANG : detailGridView_CellValueChanged [subtotal]
[ADMIN] [1/6/2017 00:01] [PENERIMAAN BARANG] PENERIMAAN BARANG : detailGridView_CellValueChanged [qtyReceived]
[ADMIN] [1/6/2017 00:01] [PENERIMAAN BARANG] PENERIMAAN BARANG : detailGridView_CellValueChanged [subtotal]
[ADMIN] [1/6/2017 00:01] [PENERIMAAN BARANG] SAVE PENERIMAAN BARANG
[ADMIN] [1/6/2017 00:01] [PENERIMAAN BARANG] PENERIMAAN BARANG : detailGridView_CellValueChanged [expiryDate]
[ADMIN] [1/6/2017 00:01] [PENERIMAAN BARANG] PENERIMAAN BARANG : detailGridView_CellValueChanged [expiryDateValue]
[ADMIN] [1/6/2017 00:01] [PENERIMAAN BARANG] SAVE PENERIMAAN BARANG
[ADMIN] [1/6/2017 00:01] [PENERIMAAN BARANG] DIRECT PENERIMAAN BARANG, THEREFORE CALCULATE TAX LIMIT
[ADMIN] [1/6/2017 00:01] [PENERIMAAN BARANG] CHECK IF TAX LIMIT SET FOR PERCENTAGE PURCHASE [0]
[ADMIN] [1/6/2017 00:01] [PENERIMAAN BARANG] CHECK IF TAX LIMIT SET FOR AVERAGE DAILY PURCHASE [0]
[ADMIN] [1/6/2017 00:01] [PENERIMAAN BARANG] INSERT PENERIMAAN BARANG [PR01]
[ADMIN] [1/6/2017 00:01] [PENERIMAAN BARANG] INSERT PO DATA BECAUSE OF DIRECT PENERIMAAN [PR01]
[] [1/6/2017 00:03] [] USER = ADMIN IS ACTIVE
[ADMIN] [1/6/2017 00:03] [] USER ID = 1 LOGIN SUCCESSFULLY
[ADMIN] [1/6/2017 00:03] [] ACTIVATE USER ACCESS RIGHT
[ADMIN] [1/6/2017 00:03] [] DISPLAY ADMIN FORM
[ADMIN] [1/6/2017 00:03] [] adminForm Load
[ADMIN] [1/6/2017 00:03] [] ACTIVATE USER ACCESS RIGHT
[ADMIN] [1/6/2017 00:04] [PENERIMAAN BARANG] PENERIMAAN BARANG : detailGridView_CellValueChanged [productID]
[ADMIN] [1/6/2017 00:04] [PENERIMAAN BARANG] PENERIMAAN BARANG : detailGridView_CellValueChanged [productName]
[ADMIN] [1/6/2017 00:04] [PENJUALAN] CASHIER FORM : ComboBox_SelectedIndexChanged, PRODUCT_BASE_PRICE [248465]
[ADMIN] [1/6/2017 00:04] [PENERIMAAN BARANG] PENERIMAAN BARANG : detailGridView_CellValueChanged [hpp]
[ADMIN] [1/6/2017 00:04] [PENERIMAAN BARANG] PENERIMAAN BARANG : detailGridView_CellValueChanged [subtotal]
[ADMIN] [1/6/2017 00:04] [PENERIMAAN BARANG] PENERIMAAN BARANG : detailGridView_CellValueChanged [qtyReceived]
[ADMIN] [1/6/2017 00:04] [PENERIMAAN BARANG] PENERIMAAN BARANG : detailGridView_CellValueChanged [subtotal]
[ADMIN] [1/6/2017 00:04] [PENJUALAN] CASHIER FORM : ComboBox_SelectedIndexChanged, attempt to calculate total
[ADMIN] [1/6/2017 00:04] [PENERIMAAN BARANG] PENERIMAAN BARANG : detailGridView_CellValueChanged [qtyReceived]
[ADMIN] [1/6/2017 00:04] [PENERIMAAN BARANG] PENERIMAAN BARANG : detailGridView_CellValueChanged [subtotal]
[ADMIN] [1/6/2017 00:04] [PENERIMAAN BARANG] PENERIMAAN BARANG : detailGridView_CellValueChanged [subtotal]
[ADMIN] [1/6/2017 00:05] [PENERIMAAN BARANG] PENERIMAAN BARANG : detailGridView_CellValueChanged [qtyReceived]
[ADMIN] [1/6/2017 00:05] [PENERIMAAN BARANG] PENERIMAAN BARANG : detailGridView_CellValueChanged [subtotal]
[ADMIN] [1/6/2017 00:05] [PENERIMAAN BARANG] SAVE PENERIMAAN BARANG
[ADMIN] [1/6/2017 00:05] [PENERIMAAN BARANG] PENERIMAAN BARANG : detailGridView_CellValueChanged [expiryDate]
[ADMIN] [1/6/2017 00:05] [PENERIMAAN BARANG] PENERIMAAN BARANG : detailGridView_CellValueChanged [expiryDateValue]
[ADMIN] [1/6/2017 00:05] [PENERIMAAN BARANG] SAVE PENERIMAAN BARANG
[ADMIN] [1/6/2017 00:05] [PENERIMAAN BARANG] DIRECT PENERIMAAN BARANG, THEREFORE CALCULATE TAX LIMIT
[ADMIN] [1/6/2017 00:05] [PENERIMAAN BARANG] CHECK IF TAX LIMIT SET FOR PERCENTAGE PURCHASE [0]
[ADMIN] [1/6/2017 00:05] [PENERIMAAN BARANG] CHECK IF TAX LIMIT SET FOR AVERAGE DAILY PURCHASE [0]
[ADMIN] [1/6/2017 00:05] [PENERIMAAN BARANG] INSERT PENERIMAAN BARANG [PR01]
[ADMIN] [1/6/2017 00:05] [PENERIMAAN BARANG] INSERT PO DATA BECAUSE OF DIRECT PENERIMAAN [PR01]
[] [1/6/2017 00:06] [] USER = ADMIN IS ACTIVE
[ADMIN] [1/6/2017 00:06] [] USER ID = 1 LOGIN SUCCESSFULLY
[ADMIN] [1/6/2017 00:06] [] ACTIVATE USER ACCESS RIGHT
[ADMIN] [1/6/2017 00:06] [] DISPLAY ADMIN FORM
[ADMIN] [1/6/2017 00:06] [] adminForm Load
[ADMIN] [1/6/2017 00:06] [] ACTIVATE USER ACCESS RIGHT
[ADMIN] [1/6/2017 00:07] [PENERIMAAN BARANG] PENERIMAAN BARANG : detailGridView_CellValueChanged [productID]
[ADMIN] [1/6/2017 00:07] [PENERIMAAN BARANG] PENERIMAAN BARANG : detailGridView_CellValueChanged [productName]
[ADMIN] [1/6/2017 00:07] [PENJUALAN] CASHIER FORM : ComboBox_SelectedIndexChanged, PRODUCT_BASE_PRICE [24800]
[ADMIN] [1/6/2017 00:07] [PENERIMAAN BARANG] PENERIMAAN BARANG : detailGridView_CellValueChanged [hpp]
[ADMIN] [1/6/2017 00:07] [PENERIMAAN BARANG] PENERIMAAN BARANG : detailGridView_CellValueChanged [subtotal]
[ADMIN] [1/6/2017 00:07] [PENERIMAAN BARANG] PENERIMAAN BARANG : detailGridView_CellValueChanged [qtyReceived]
[ADMIN] [1/6/2017 00:07] [PENERIMAAN BARANG] PENERIMAAN BARANG : detailGridView_CellValueChanged [subtotal]
[ADMIN] [1/6/2017 00:07] [PENJUALAN] CASHIER FORM : ComboBox_SelectedIndexChanged, attempt to calculate total
[ADMIN] [1/6/2017 00:07] [PENERIMAAN BARANG] PENERIMAAN BARANG : detailGridView_CellValueChanged [qtyReceived]
[ADMIN] [1/6/2017 00:07] [PENERIMAAN BARANG] PENERIMAAN BARANG : detailGridView_CellValueChanged [subtotal]
[ADMIN] [1/6/2017 00:07] [PENERIMAAN BARANG] PENERIMAAN BARANG : detailGridView_CellValueChanged [subtotal]
[ADMIN] [1/6/2017 00:07] [PENERIMAAN BARANG] PENERIMAAN BARANG : detailGridView_CellValueChanged [qtyReceived]
[ADMIN] [1/6/2017 00:07] [PENERIMAAN BARANG] PENERIMAAN BARANG : detailGridView_CellValueChanged [subtotal]
[ADMIN] [1/6/2017 00:07] [PENERIMAAN BARANG] PENERIMAAN BARANG : detailGridView_CellValueChanged [expiryDate]
[ADMIN] [1/6/2017 00:07] [PENERIMAAN BARANG] PENERIMAAN BARANG : detailGridView_CellValueChanged [expiryDateValue]
[ADMIN] [1/6/2017 00:07] [PENERIMAAN BARANG] SAVE PENERIMAAN BARANG
[ADMIN] [1/6/2017 00:07] [PENERIMAAN BARANG] DIRECT PENERIMAAN BARANG, THEREFORE CALCULATE TAX LIMIT
[ADMIN] [1/6/2017 00:07] [PENERIMAAN BARANG] CHECK IF TAX LIMIT SET FOR PERCENTAGE PURCHASE [0]
[ADMIN] [1/6/2017 00:07] [PENERIMAAN BARANG] CHECK IF TAX LIMIT SET FOR AVERAGE DAILY PURCHASE [0]
[ADMIN] [1/6/2017 00:07] [PENERIMAAN BARANG] INSERT PENERIMAAN BARANG [PR01]
[ADMIN] [1/6/2017 00:07] [PENERIMAAN BARANG] INSERT PO DATA BECAUSE OF DIRECT PENERIMAAN [PR01]
[ADMIN] [1/6/2017 00:07] [PENERIMAAN BARANG] SAVE DETAIL PENERIMAAN [ALPO-AD1, 24800, 2]
[ADMIN] [1/6/2017 00:07] [PENERIMAAN BARANG] UPDATE MASTER PRODUCT DATA [ALPO-AD1]
[ADMIN] [1/6/2017 00:07] [PENERIMAAN BARANG] INSERT TO PRODUCT EXPIRY [ALPO-AD1]
[ADMIN] [1/6/2017 00:07] [PENERIMAAN BARANG] INSERT TO PURCHASE DETAIL [ALPO-AD1]
[ADMIN] [1/6/2017 00:07] [PENERIMAAN BARANG] INSERT INTO DEBT [PR01]
[ADMIN] [1/6/2017 00:07] [PENERIMAAN BARANG] EXCEPTION THROWN [Transaction has already been committed or is not pending]
[] [1/6/2017 00:08] [] USER = ADMIN IS ACTIVE
[ADMIN] [1/6/2017 00:08] [] USER ID = 1 LOGIN SUCCESSFULLY
[ADMIN] [1/6/2017 00:08] [] ACTIVATE USER ACCESS RIGHT
[ADMIN] [1/6/2017 00:08] [] DISPLAY ADMIN FORM
[ADMIN] [1/6/2017 00:08] [] adminForm Load
[ADMIN] [1/6/2017 00:08] [] ACTIVATE USER ACCESS RIGHT
[ADMIN] [1/6/2017 00:08] [PENERIMAAN BARANG] PENERIMAAN BARANG : detailGridView_CellValueChanged [productID]
[ADMIN] [1/6/2017 00:08] [PENERIMAAN BARANG] PENERIMAAN BARANG : detailGridView_CellValueChanged [productName]
[ADMIN] [1/6/2017 00:08] [PENJUALAN] CASHIER FORM : ComboBox_SelectedIndexChanged, PRODUCT_BASE_PRICE [34000]
[ADMIN] [1/6/2017 00:08] [PENERIMAAN BARANG] PENERIMAAN BARANG : detailGridView_CellValueChanged [hpp]
[ADMIN] [1/6/2017 00:08] [PENERIMAAN BARANG] PENERIMAAN BARANG : detailGridView_CellValueChanged [subtotal]
[ADMIN] [1/6/2017 00:08] [PENERIMAAN BARANG] PENERIMAAN BARANG : detailGridView_CellValueChanged [qtyReceived]
[ADMIN] [1/6/2017 00:08] [PENERIMAAN BARANG] PENERIMAAN BARANG : detailGridView_CellValueChanged [subtotal]
[ADMIN] [1/6/2017 00:08] [PENJUALAN] CASHIER FORM : ComboBox_SelectedIndexChanged, attempt to calculate total
[ADMIN] [1/6/2017 00:08] [PENERIMAAN BARANG] PENERIMAAN BARANG : detailGridView_CellValueChanged [qtyReceived]
[ADMIN] [1/6/2017 00:08] [PENERIMAAN BARANG] PENERIMAAN BARANG : detailGridView_CellValueChanged [subtotal]
[ADMIN] [1/6/2017 00:08] [PENERIMAAN BARANG] PENERIMAAN BARANG : detailGridView_CellValueChanged [subtotal]
[ADMIN] [1/6/2017 00:08] [PENERIMAAN BARANG] PENERIMAAN BARANG : detailGridView_CellValueChanged [qtyReceived]
[ADMIN] [1/6/2017 00:08] [PENERIMAAN BARANG] PENERIMAAN BARANG : detailGridView_CellValueChanged [subtotal]
[ADMIN] [1/6/2017 00:08] [PENERIMAAN BARANG] PENERIMAAN BARANG : detailGridView_CellValueChanged [expiryDate]
[ADMIN] [1/6/2017 00:08] [PENERIMAAN BARANG] PENERIMAAN BARANG : detailGridView_CellValueChanged [expiryDateValue]
[ADMIN] [1/6/2017 00:08] [PENERIMAAN BARANG] SAVE PENERIMAAN BARANG
[ADMIN] [1/6/2017 00:08] [PENERIMAAN BARANG] DIRECT PENERIMAAN BARANG, THEREFORE CALCULATE TAX LIMIT
[ADMIN] [1/6/2017 00:08] [PENERIMAAN BARANG] CHECK IF TAX LIMIT SET FOR PERCENTAGE PURCHASE [0]
[ADMIN] [1/6/2017 00:08] [PENERIMAAN BARANG] CHECK IF TAX LIMIT SET FOR AVERAGE DAILY PURCHASE [0]
[ADMIN] [1/6/2017 00:08] [PENERIMAAN BARANG] INSERT PENERIMAAN BARANG [PR01]
[ADMIN] [1/6/2017 00:08] [PENERIMAAN BARANG] INSERT PO DATA BECAUSE OF DIRECT PENERIMAAN [PR01]
[] [1/6/2017 00:10] [] USER = ADMIN IS ACTIVE
[ADMIN] [1/6/2017 00:10] [] USER ID = 1 LOGIN SUCCESSFULLY
[ADMIN] [1/6/2017 00:10] [] ACTIVATE USER ACCESS RIGHT
[ADMIN] [1/6/2017 00:10] [] DISPLAY ADMIN FORM
[ADMIN] [1/6/2017 00:10] [] adminForm Load
[ADMIN] [1/6/2017 00:10] [] ACTIVATE USER ACCESS RIGHT
[ADMIN] [1/6/2017 00:10] [PENERIMAAN BARANG] PENERIMAAN BARANG : detailGridView_CellValueChanged [productID]
[ADMIN] [1/6/2017 00:10] [PENERIMAAN BARANG] PENERIMAAN BARANG : detailGridView_CellValueChanged [productName]
[ADMIN] [1/6/2017 00:10] [PENJUALAN] CASHIER FORM : ComboBox_SelectedIndexChanged, PRODUCT_BASE_PRICE [16000]
[ADMIN] [1/6/2017 00:10] [PENERIMAAN BARANG] PENERIMAAN BARANG : detailGridView_CellValueChanged [hpp]
[ADMIN] [1/6/2017 00:10] [PENERIMAAN BARANG] PENERIMAAN BARANG : detailGridView_CellValueChanged [subtotal]
[ADMIN] [1/6/2017 00:10] [PENERIMAAN BARANG] PENERIMAAN BARANG : detailGridView_CellValueChanged [qtyReceived]
[ADMIN] [1/6/2017 00:10] [PENERIMAAN BARANG] PENERIMAAN BARANG : detailGridView_CellValueChanged [subtotal]
[ADMIN] [1/6/2017 00:10] [PENJUALAN] CASHIER FORM : ComboBox_SelectedIndexChanged, attempt to calculate total
[ADMIN] [1/6/2017 00:10] [PENERIMAAN BARANG] PENERIMAAN BARANG : detailGridView_CellValueChanged [qtyReceived]
[ADMIN] [1/6/2017 00:10] [PENERIMAAN BARANG] PENERIMAAN BARANG : detailGridView_CellValueChanged [subtotal]
[ADMIN] [1/6/2017 00:10] [PENERIMAAN BARANG] PENERIMAAN BARANG : detailGridView_CellValueChanged [subtotal]
[ADMIN] [1/6/2017 00:10] [PENERIMAAN BARANG] PENERIMAAN BARANG : detailGridView_CellValueChanged [qtyReceived]
[ADMIN] [1/6/2017 00:10] [PENERIMAAN BARANG] PENERIMAAN BARANG : detailGridView_CellValueChanged [subtotal]
[ADMIN] [1/6/2017 00:10] [PENERIMAAN BARANG] PENERIMAAN BARANG : detailGridView_CellValueChanged [expiryDate]
[ADMIN] [1/6/2017 00:10] [PENERIMAAN BARANG] PENERIMAAN BARANG : detailGridView_CellValueChanged [expiryDateValue]
[ADMIN] [1/6/2017 00:10] [PENERIMAAN BARANG] SAVE PENERIMAAN BARANG
[ADMIN] [1/6/2017 00:10] [PENERIMAAN BARANG] DIRECT PENERIMAAN BARANG, THEREFORE CALCULATE TAX LIMIT
[ADMIN] [1/6/2017 00:10] [PENERIMAAN BARANG] CHECK IF TAX LIMIT SET FOR PERCENTAGE PURCHASE [0]
[ADMIN] [1/6/2017 00:10] [PENERIMAAN BARANG] CHECK IF TAX LIMIT SET FOR AVERAGE DAILY PURCHASE [0]
[ADMIN] [1/6/2017 00:10] [PENERIMAAN BARANG] INSERT PENERIMAAN BARANG [PR01]
[ADMIN] [1/6/2017 00:10] [PENERIMAAN BARANG] INSERT PO DATA BECAUSE OF DIRECT PENERIMAAN [PR01]
[ADMIN] [1/6/2017 00:11] [PENERIMAAN BARANG] SAVE DETAIL PENERIMAAN [OAK-AD1, 16000, 2]
[ADMIN] [1/6/2017 00:11] [PENERIMAAN BARANG] UPDATE MASTER PRODUCT DATA [OAK-AD1]
[ADMIN] [1/6/2017 00:11] [PENERIMAAN BARANG] INSERT TO PRODUCT EXPIRY [OAK-AD1]
[ADMIN] [1/6/2017 00:11] [PENERIMAAN BARANG] INSERT TO PURCHASE DETAIL [OAK-AD1]
[ADMIN] [1/6/2017 00:11] [PENERIMAAN BARANG] INSERT INTO DEBT [PR01]
[ADMIN] [1/6/2017 00:11] [PENERIMAAN BARANG] EXCEPTION THROWN [Transaction has already been committed or is not pending]
[] [1/6/2017 00:14] [] USER = ADMIN IS ACTIVE
[ADMIN] [1/6/2017 00:14] [] USER ID = 1 LOGIN SUCCESSFULLY
[ADMIN] [1/6/2017 00:14] [] ACTIVATE USER ACCESS RIGHT
[ADMIN] [1/6/2017 00:14] [] DISPLAY ADMIN FORM
[ADMIN] [1/6/2017 00:14] [] adminForm Load
[ADMIN] [1/6/2017 00:14] [] ACTIVATE USER ACCESS RIGHT
[ADMIN] [1/6/2017 00:16] [PENERIMAAN BARANG] PENERIMAAN BARANG : detailGridView_CellValueChanged [productID]
[ADMIN] [1/6/2017 00:16] [PENERIMAAN BARANG] PENERIMAAN BARANG : detailGridView_CellValueChanged [productName]
[ADMIN] [1/6/2017 00:16] [PENJUALAN] CASHIER FORM : ComboBox_SelectedIndexChanged, PRODUCT_BASE_PRICE [41000]
[ADMIN] [1/6/2017 00:16] [PENERIMAAN BARANG] PENERIMAAN BARANG : detailGridView_CellValueChanged [hpp]
[ADMIN] [1/6/2017 00:16] [PENERIMAAN BARANG] PENERIMAAN BARANG : detailGridView_CellValueChanged [subtotal]
[ADMIN] [1/6/2017 00:16] [PENERIMAAN BARANG] PENERIMAAN BARANG : detailGridView_CellValueChanged [qtyReceived]
[ADMIN] [1/6/2017 00:16] [PENERIMAAN BARANG] PENERIMAAN BARANG : detailGridView_CellValueChanged [subtotal]
[ADMIN] [1/6/2017 00:16] [PENJUALAN] CASHIER FORM : ComboBox_SelectedIndexChanged, attempt to calculate total
[ADMIN] [1/6/2017 00:16] [PENERIMAAN BARANG] PENERIMAAN BARANG : detailGridView_CellValueChanged [qtyReceived]
[ADMIN] [1/6/2017 00:16] [PENERIMAAN BARANG] PENERIMAAN BARANG : detailGridView_CellValueChanged [subtotal]
[ADMIN] [1/6/2017 00:16] [PENERIMAAN BARANG] PENERIMAAN BARANG : detailGridView_CellValueChanged [subtotal]
[ADMIN] [1/6/2017 00:16] [PENERIMAAN BARANG] PENERIMAAN BARANG : detailGridView_CellValueChanged [qtyReceived]
[ADMIN] [1/6/2017 00:16] [PENERIMAAN BARANG] PENERIMAAN BARANG : detailGridView_CellValueChanged [subtotal]
[ADMIN] [1/6/2017 00:16] [PENERIMAAN BARANG] PENERIMAAN BARANG : detailGridView_CellValueChanged [expiryDate]
[ADMIN] [1/6/2017 00:16] [PENERIMAAN BARANG] PENERIMAAN BARANG : detailGridView_CellValueChanged [expiryDateValue]
[ADMIN] [1/6/2017 00:16] [PENERIMAAN BARANG] SAVE PENERIMAAN BARANG
[ADMIN] [1/6/2017 00:16] [PENERIMAAN BARANG] DIRECT PENERIMAAN BARANG, THEREFORE CALCULATE TAX LIMIT
[ADMIN] [1/6/2017 00:16] [PENERIMAAN BARANG] CHECK IF TAX LIMIT SET FOR PERCENTAGE PURCHASE [0]
[ADMIN] [1/6/2017 00:16] [PENERIMAAN BARANG] CHECK IF TAX LIMIT SET FOR AVERAGE DAILY PURCHASE [0]
[ADMIN] [1/6/2017 00:16] [PENERIMAAN BARANG] INSERT PENERIMAAN BARANG [PR01]
[ADMIN] [1/6/2017 00:16] [PENERIMAAN BARANG] INSERT PO DATA BECAUSE OF DIRECT PENERIMAAN [PR01]
[ADMIN] [1/6/2017 00:16] [PENERIMAAN BARANG] SAVE DETAIL PENERIMAAN [ARTEMIS-PSB1, 41000, 2]
[ADMIN] [1/6/2017 00:16] [PENERIMAAN BARANG] UPDATE MASTER PRODUCT DATA [ARTEMIS-PSB1]
[ADMIN] [1/6/2017 00:16] [PENERIMAAN BARANG] INSERT TO PRODUCT EXPIRY [ARTEMIS-PSB1]
[ADMIN] [1/6/2017 00:16] [PENERIMAAN BARANG] INSERT TO PURCHASE DETAIL [ARTEMIS-PSB1]
[ADMIN] [1/6/2017 00:16] [PENERIMAAN BARANG] INSERT INTO DEBT [PR01]
[ADMIN] [1/6/2017 00:16] [PENERIMAAN BARANG] PENERIMAAN BARANG SAVED
[] [1/6/2017 12:34] [] USER = ADMIN IS ACTIVE
[ADMIN] [1/6/2017 12:35] [] USER ID = 1 LOGIN SUCCESSFULLY
[ADMIN] [1/6/2017 12:35] [] ACTIVATE USER ACCESS RIGHT
[ADMIN] [1/6/2017 12:35] [] DISPLAY ADMIN FORM
[ADMIN] [1/6/2017 12:35] [] adminForm Load
[ADMIN] [1/6/2017 12:35] [] ACTIVATE USER ACCESS RIGHT
[ADMIN] [1/6/2017 12:35] [] USER ID = 1LOGOUT
