[] [7/23/2016 7:53 PM] [] USER = ADMIN IS ACTIVE
[ADMIN] [7/23/2016 7:53 PM] [] USER ID = 1 LOGIN SUCCESSFULLY
[ADMIN] [7/23/2016 7:53 PM] [] ACTIVATE USER ACCESS RIGHT
[ADMIN] [7/23/2016 7:53 PM] [] DISPLAY ADMIN FORM
[ADMIN] [7/23/2016 7:53 PM] [] adminForm Load
[ADMIN] [7/23/2016 7:59 PM] [PENJUALAN] CASHIER FORM : REGISTER HOTKEY
[ADMIN] [7/23/2016 7:59 PM] [PENJUALAN] CASHIER FORM : cashierForm_Load, ATTEMPT TO LOAD NO FAKTUR
[ADMIN] [7/23/2016 7:59 PM] [PENJUALAN] CASHIER FORM : loadNoFaktur, noFakturValue [SLO001]
[ADMIN] [7/23/2016 7:59 PM] [PENJUALAN] CASHIER FORM : cashierForm_Load, ATTEMPT TO addColumnToDataGrid
[ADMIN] [7/23/2016 7:59 PM] [PENJUALAN] CASHIER FORM : UPDATE ROW NUMBER, TOTAL ROW [1]
[ADMIN] [7/23/2016 7:59 PM] [PENJUALAN] CASHIER FORM : calculateTotal
[ADMIN] [7/23/2016 7:59 PM] [PENJUALAN] CASHIER FORM : calculateTotal [0]
[ADMIN] [7/23/2016 7:59 PM] [PENJUALAN] CASHIER FORM : calculateTotal, totalAfterDisc [0]
[ADMIN] [7/23/2016 7:59 PM] [PENJUALAN] CASHIER FORM : calculateChangeValue, bayarTextBox.Text [0]
[ADMIN] [7/23/2016 7:59 PM] [PENJUALAN] CASHIER FORM : calculateChangeValue, sisaBayar [0]
[ADMIN] [7/23/2016 7:59 PM] [PENJUALAN] CASHIER FORM : ADD NEW ROW,  isActive [True]
[ADMIN] [7/23/2016 7:59 PM] [PENJUALAN] CASHIER FORM : ADD NEW ROW,  ROW COUNT [0]
[ADMIN] [7/23/2016 7:59 PM] [PENJUALAN] CASHIER FORM : ADD NEW ROW,  ALLOW TO ADD [True]
[ADMIN] [7/23/2016 7:59 PM] [PENJUALAN] CASHIER FORM : UPDATE ROW NUMBER, TOTAL ROW [1]
[ADMIN] [7/23/2016 7:59 PM] [PENJUALAN] CASHIER FORM : ADD NEW ROW,  isActive [True]
[ADMIN] [7/23/2016 7:59 PM] [PENJUALAN] CASHIER FORM : ADD NEW ROW,  ROW COUNT [1]
[ADMIN] [7/23/2016 7:59 PM] [PENJUALAN] CASHIER FORM : ADD NEW ROW,  ALLOW TO ADD [True]
[ADMIN] [7/23/2016 7:59 PM] [PENJUALAN] CASHIER FORM : UPDATE ROW NUMBER, TOTAL ROW [2]
[ADMIN] [7/23/2016 7:59 PM] [PENJUALAN] CASHIER FORM : REGISTER HOTKEY
[ADMIN] [7/23/2016 7:59 PM] [PENJUALAN] CASHIER FORM : UNREGISTER HOTKEY
[ADMIN] [7/23/2016 7:59 PM] [PENJUALAN] CASHIER FORM : REGISTER HOTKEY
[ADMIN] [7/23/2016 7:59 PM] [PENJUALAN] RE-PRINT INVOICE
[ADMIN] [7/23/2016 7:59 PM] [PENJUALAN] CASHIER FORM : PrintReceipt
[ADMIN] [7/23/2016 7:59 PM] [PENJUALAN] CASHIER FORM : PrintReceipt, POS size Paper
[ADMIN] [7/23/2016 7:59 PM] [PENJUALAN] CASHIER FORM : loadInfoToko
[ADMIN] [7/23/2016 7:59 PM] [PENJUALAN] CASHIER FORM : calculatePageLength, totalLengthPage [383]
[ADMIN] [7/23/2016 7:59 PM] [PENJUALAN] CASHIER FORM : printDocument1_PrintPage, print POS size receipt
[ADMIN] [7/23/2016 7:59 PM] [PENJUALAN] CASHIER FORM : loadInfoToko
[ADMIN] [7/23/2016 7:59 PM] [PENJUALAN] CASHIER FORM : loadNamaUser
[ADMIN] [7/23/2016 7:59 PM] [PENJUALAN] CASHIER FORM : UNREGISTER HOTKEY
[ADMIN] [7/23/2016 7:59 PM] [PENJUALAN] CASHIER FORM : REGISTER HOTKEY
[ADMIN] [7/23/2016 7:59 PM] [PENJUALAN] CASHIER FORM : UNREGISTER HOTKEY
[ADMIN] [7/23/2016 7:59 PM] [PENJUALAN] CASHIER FORM : REGISTER HOTKEY
[ADMIN] [7/23/2016 7:59 PM] [PENJUALAN] CASHIER FORM : UNREGISTER HOTKEY
[ADMIN] [7/23/2016 7:59 PM] [PENJUALAN] CASHIER FORM : REGISTER HOTKEY
[ADMIN] [7/23/2016 7:59 PM] [PENJUALAN] CASHIER FORM : UNREGISTER HOTKEY
[ADMIN] [7/23/2016 7:59 PM] [PENJUALAN] CASHIER FORM : REGISTER HOTKEY
[ADMIN] [7/23/2016 7:59 PM] [PENJUALAN] CASHIER FORM : ChangePrinterButton_Click, DISPLAY PRINTER SELECTION FORM
[ADMIN] [7/23/2016 7:59 PM] [PENJUALAN] CASHIER FORM : UNREGISTER HOTKEY
[ADMIN] [7/23/2016 7:59 PM] [PENGATURAN PRINTER] PAPER SIZE CHANGED [1]
[ADMIN] [7/23/2016 7:59 PM] [PENGATURAN PRINTER] DEFAULT PRINTER CHANGED [PrimoPDF]
[ADMIN] [7/23/2016 7:59 PM] [PENJUALAN] CASHIER FORM : REGISTER HOTKEY
[ADMIN] [7/23/2016 7:59 PM] [PENJUALAN] CASHIER FORM : UNREGISTER HOTKEY
[ADMIN] [7/23/2016 7:59 PM] [PENJUALAN] CASHIER FORM : REGISTER HOTKEY
[ADMIN] [7/23/2016 7:59 PM] [PENJUALAN] RE-PRINT INVOICE
[ADMIN] [7/23/2016 7:59 PM] [PENJUALAN] CASHIER FORM : PrintReceipt
[ADMIN] [7/23/2016 7:59 PM] [PENJUALAN] CASHIER FORM : PrintReceipt, papermode [1]
[ADMIN] [7/23/2016 7:59 PM] [PENJUALAN] CASHIER FORM : PrintReceipt, display SalesReceiptForm
[ADMIN] [7/23/2016 7:59 PM] [PENJUALAN] CASHIER FORM : UNREGISTER HOTKEY
[ADMIN] [7/23/2016 8:00 PM] [PENJUALAN] CASHIER FORM : REGISTER HOTKEY
[ADMIN] [7/23/2016 8:00 PM] [PENJUALAN] CASHIER FORM : UNREGISTER HOTKEY
[ADMIN] [7/23/2016 8:00 PM] [PENJUALAN] CASHIER FORM : UNREGISTER HOTKEY
[ADMIN] [7/23/2016 8:05 PM] [SATUAN PRODUK] ADD NEW UNIT CONVERT [4/16/100]
[ADMIN] [7/23/2016 8:08 PM] [PECAH SATUAN PRODUK] REDUCE QTY [4906295014844] AMT [1]
[ADMIN] [7/23/2016 8:08 PM] [PECAH SATUAN PRODUK] ADD QTY [MEO TUNA W CHICKEN 80 GR] AMT [100]
[ADMIN] [7/23/2016 8:22 PM] [PENJUALAN] CASHIER FORM : MULTIPLE CASHIER INSTANCE [1]
[ADMIN] [7/23/2016 8:22 PM] [PENJUALAN] CASHIER FORM : REGISTER HOTKEY
[ADMIN] [7/23/2016 8:22 PM] [PENJUALAN] CASHIER FORM : cashierForm_Load, ATTEMPT TO LOAD NO FAKTUR
[ADMIN] [7/23/2016 8:22 PM] [PENJUALAN] CASHIER FORM : loadNoFaktur, noFakturValue [SLO001]
[ADMIN] [7/23/2016 8:22 PM] [PENJUALAN] CASHIER FORM : cashierForm_Load, ATTEMPT TO addColumnToDataGrid
[ADMIN] [7/23/2016 8:22 PM] [PENJUALAN] CASHIER FORM : UPDATE ROW NUMBER, TOTAL ROW [1]
[ADMIN] [7/23/2016 8:22 PM] [PENJUALAN] CASHIER FORM : calculateTotal
[ADMIN] [7/23/2016 8:22 PM] [PENJUALAN] CASHIER FORM : calculateTotal [0]
[ADMIN] [7/23/2016 8:22 PM] [PENJUALAN] CASHIER FORM : calculateTotal, totalAfterDisc [0]
[ADMIN] [7/23/2016 8:22 PM] [PENJUALAN] CASHIER FORM : calculateChangeValue, bayarTextBox.Text [0]
[ADMIN] [7/23/2016 8:22 PM] [PENJUALAN] CASHIER FORM : calculateChangeValue, sisaBayar [0]
[ADMIN] [7/23/2016 8:22 PM] [PENJUALAN] CASHIER FORM : REGISTER HOTKEY
[ADMIN] [7/23/2016 8:22 PM] [PENJUALAN] CASHIER FORM : UNREGISTER HOTKEY
[ADMIN] [7/23/2016 8:22 PM] [PENJUALAN] CASHIER FORM : UNREGISTER HOTKEY
[ADMIN] [7/23/2016 8:23 PM] [] CREATE DATA GROUP FORM MODULE_ID [51]
[ADMIN] [7/23/2016 8:23 PM] [] CREATE DATA GROUP ACCESS MODULE FORM, GROUP USER ID [1]
[ADMIN] [7/23/2016 8:24 PM] [PENJUALAN] CASHIER FORM : REGISTER HOTKEY
[ADMIN] [7/23/2016 8:24 PM] [PENJUALAN] CASHIER FORM : cashierForm_Load, ATTEMPT TO LOAD NO FAKTUR
[ADMIN] [7/23/2016 8:24 PM] [PENJUALAN] CASHIER FORM : loadNoFaktur, noFakturValue [SLO001]
[ADMIN] [7/23/2016 8:24 PM] [PENJUALAN] CASHIER FORM : cashierForm_Load, ATTEMPT TO addColumnToDataGrid
[ADMIN] [7/23/2016 8:24 PM] [PENJUALAN] CASHIER FORM : UPDATE ROW NUMBER, TOTAL ROW [1]
[ADMIN] [7/23/2016 8:24 PM] [PENJUALAN] CASHIER FORM : calculateTotal
[ADMIN] [7/23/2016 8:24 PM] [PENJUALAN] CASHIER FORM : calculateTotal [0]
[ADMIN] [7/23/2016 8:24 PM] [PENJUALAN] CASHIER FORM : calculateTotal, totalAfterDisc [0]
[ADMIN] [7/23/2016 8:24 PM] [PENJUALAN] CASHIER FORM : calculateChangeValue, bayarTextBox.Text [0]
[ADMIN] [7/23/2016 8:24 PM] [PENJUALAN] CASHIER FORM : calculateChangeValue, sisaBayar [0]
[ADMIN] [7/23/2016 8:24 PM] [PENJUALAN] CASHIER FORM : REGISTER HOTKEY
[ADMIN] [7/23/2016 8:24 PM] [PENJUALAN] CASHIER FORM : UNREGISTER HOTKEY
[ADMIN] [7/23/2016 8:24 PM] [PENJUALAN] CASHIER FORM : UNREGISTER HOTKEY
[ADMIN] [7/23/2016 8:26 PM] [PENJUALAN] CASHIER FORM : MULTIPLE CASHIER INSTANCE [1]
[ADMIN] [7/23/2016 8:26 PM] [PENJUALAN] CASHIER FORM : REGISTER HOTKEY
[ADMIN] [7/23/2016 8:26 PM] [PENJUALAN] CASHIER FORM : cashierForm_Load, ATTEMPT TO LOAD NO FAKTUR
[ADMIN] [7/23/2016 8:26 PM] [PENJUALAN] CASHIER FORM : loadNoFaktur, noFakturValue [SLO001]
[ADMIN] [7/23/2016 8:26 PM] [PENJUALAN] CASHIER FORM : cashierForm_Load, ATTEMPT TO addColumnToDataGrid
[ADMIN] [7/23/2016 8:26 PM] [PENJUALAN] CASHIER FORM : UPDATE ROW NUMBER, TOTAL ROW [1]
[ADMIN] [7/23/2016 8:26 PM] [PENJUALAN] CASHIER FORM : calculateTotal
[ADMIN] [7/23/2016 8:26 PM] [PENJUALAN] CASHIER FORM : calculateTotal [0]
[ADMIN] [7/23/2016 8:26 PM] [PENJUALAN] CASHIER FORM : calculateTotal, totalAfterDisc [0]
[ADMIN] [7/23/2016 8:26 PM] [PENJUALAN] CASHIER FORM : calculateChangeValue, bayarTextBox.Text [0]
[ADMIN] [7/23/2016 8:26 PM] [PENJUALAN] CASHIER FORM : calculateChangeValue, sisaBayar [0]
[ADMIN] [7/23/2016 8:26 PM] [PENJUALAN] CASHIER FORM : REGISTER HOTKEY
[ADMIN] [7/23/2016 8:26 PM] [PENJUALAN] CASHIER FORM : UNREGISTER HOTKEY
[ADMIN] [7/23/2016 8:26 PM] [PENJUALAN] CASHIER FORM : UNREGISTER HOTKEY
[ADMIN] [7/23/2016 8:51 PM] [] USER ID = 1LOGOUT
