[] [1/16/2017 15:01] [] USER = ADMIN IS ACTIVE
[ADMIN] [1/16/2017 15:01] [] USER ID = 1 LOGIN SUCCESSFULLY
[ADMIN] [1/16/2017 15:01] [] ACTIVATE USER ACCESS RIGHT
[ADMIN] [1/16/2017 15:01] [] DISPLAY ADMIN FORM
[ADMIN] [1/16/2017 15:01] [] adminForm Load
[ADMIN] [1/16/2017 15:01] [] ACTIVATE USER ACCESS RIGHT
[] [1/16/2017 15:37] [] USER = ADMIN IS ACTIVE
[ADMIN] [1/16/2017 15:37] [] USER ID = 1 LOGIN SUCCESSFULLY
[ADMIN] [1/16/2017 15:37] [] ACTIVATE USER ACCESS RIGHT
[ADMIN] [1/16/2017 15:37] [] DISPLAY ADMIN FORM
[ADMIN] [1/16/2017 15:37] [] adminForm Load
[ADMIN] [1/16/2017 15:37] [] ACTIVATE USER ACCESS RIGHT
[] [1/16/2017 15:41] [] USER = ADMIN IS ACTIVE
[ADMIN] [1/16/2017 15:41] [] USER ID = 1 LOGIN SUCCESSFULLY
[ADMIN] [1/16/2017 15:41] [] ACTIVATE USER ACCESS RIGHT
[ADMIN] [1/16/2017 15:41] [] DISPLAY ADMIN FORM
[ADMIN] [1/16/2017 15:41] [] adminForm Load
[ADMIN] [1/16/2017 15:41] [] ACTIVATE USER ACCESS RIGHT
[] [1/16/2017 15:42] [] USER = ADMIN IS ACTIVE
[ADMIN] [1/16/2017 15:42] [] USER ID = 1 LOGIN SUCCESSFULLY
[ADMIN] [1/16/2017 15:42] [] ACTIVATE USER ACCESS RIGHT
[ADMIN] [1/16/2017 15:42] [] DISPLAY ADMIN FORM
[ADMIN] [1/16/2017 15:42] [] adminForm Load
[ADMIN] [1/16/2017 15:42] [] ACTIVATE USER ACCESS RIGHT
[] [1/16/2017 15:44] [] USER = ADMIN IS ACTIVE
[ADMIN] [1/16/2017 15:44] [] USER ID = 1 LOGIN SUCCESSFULLY
[ADMIN] [1/16/2017 15:44] [] ACTIVATE USER ACCESS RIGHT
[ADMIN] [1/16/2017 15:44] [] DISPLAY ADMIN FORM
[ADMIN] [1/16/2017 15:44] [] adminForm Load
[ADMIN] [1/16/2017 15:44] [] ACTIVATE USER ACCESS RIGHT
[] [1/16/2017 15:45] [] USER = ADMIN IS ACTIVE
[ADMIN] [1/16/2017 15:45] [] USER ID = 1 LOGIN SUCCESSFULLY
[ADMIN] [1/16/2017 15:45] [] ACTIVATE USER ACCESS RIGHT
[ADMIN] [1/16/2017 15:45] [] DISPLAY ADMIN FORM
[ADMIN] [1/16/2017 15:45] [] adminForm Load
[ADMIN] [1/16/2017 15:45] [] ACTIVATE USER ACCESS RIGHT
[ADMIN] [1/16/2017 15:45] [] USER ID = 1LOGOUT
