[ADMIN] [9/6/2016 13:42] [PENJUALAN] CASHIER FORM : REGISTER HOTKEY
[ADMIN] [9/6/2016 13:42] [PENJUALAN] CASHIER FORM : Combobox_KeyUp, cashierDataGridView.CurrentCell.OwningColumn.Name  [productPrice]
[ADMIN] [9/6/2016 13:42] [PENJUALAN] CASHIER FORM : Combobox_KeyUp, cashierDataGridView.CurrentCell.OwningColumn.Name  [productPrice]
[ADMIN] [9/6/2016 13:42] [PENJUALAN] CASHIER FORM : Combobox_KeyUp, cashierDataGridView.CurrentCell.OwningColumn.Name  [productPrice]
[ADMIN] [9/6/2016 13:42] [PENJUALAN] CASHIER FORM : Combobox_KeyUp, cashierDataGridView.CurrentCell.OwningColumn.Name  [productPrice]
[ADMIN] [9/6/2016 13:42] [PENJUALAN] CASHIER FORM : Combobox_KeyUp, cashierDataGridView.CurrentCell.OwningColumn.Name  [productPrice]
[ADMIN] [9/6/2016 13:42] [PENJUALAN] CASHIER FORM : Combobox_KeyUp, cashierDataGridView.CurrentCell.OwningColumn.Name  [productPrice]
[ADMIN] [9/6/2016 13:42] [PENJUALAN] CASHIER FORM : Combobox_KeyUp, cashierDataGridView.CurrentCell.OwningColumn.Name  [productPrice]
[ADMIN] [9/6/2016 13:42] [PENJUALAN] CASHIER FORM : Combobox_KeyUp, cashierDataGridView.CurrentCell.OwningColumn.Name  [productPrice]
[ADMIN] [9/6/2016 13:42] [PENJUALAN] CASHIER FORM : Combobox_KeyUp, cashierDataGridView.CurrentCell.OwningColumn.Name  [productPrice]
[ADMIN] [9/6/2016 13:42] [PENJUALAN] CASHIER FORM : Combobox_KeyUp, cashierDataGridView.CurrentCell.OwningColumn.Name  [productPrice]
[ADMIN] [9/6/2016 13:42] [PENJUALAN] CASHIER FORM : TextBox_TextChanged, isLoading [False]
[ADMIN] [9/6/2016 13:42] [PENJUALAN] CASHIER FORM : TextBox_TextChanged, rowSelectedIndex [0]
[ADMIN] [9/6/2016 13:42] [PENJUALAN] CASHIER FORM : TextBox_TextChanged, isLoading [False]
[ADMIN] [9/6/2016 13:42] [PENJUALAN] CASHIER FORM : TextBox_TextChanged, rowSelectedIndex [0]
[ADMIN] [9/6/2016 13:42] [PENJUALAN] CASHIER FORM : TextBox_TextChanged, isLoading [False]
[ADMIN] [9/6/2016 13:42] [PENJUALAN] CASHIER FORM : TextBox_TextChanged, rowSelectedIndex [0]
[ADMIN] [9/6/2016 13:42] [PENJUALAN] CASHIER FORM : TextBox_TextChanged, isLoading [False]
[ADMIN] [9/6/2016 13:42] [PENJUALAN] CASHIER FORM : TextBox_TextChanged, rowSelectedIndex [0]
[ADMIN] [9/6/2016 13:42] [PENJUALAN] CASHIER FORM : TextBox_TextChanged, isLoading [False]
[ADMIN] [9/6/2016 13:42] [PENJUALAN] CASHIER FORM : TextBox_TextChanged, rowSelectedIndex [0]
[ADMIN] [9/6/2016 13:42] [PENJUALAN] CASHIER FORM : productName_previewKeyDown, cashierDataGridView.CurrentCell.OwningColumn.Name  [productName]
[ADMIN] [9/6/2016 13:42] [PENJUALAN] CASHIER FORM : productName_previewKeyDown, cashierDataGridView.CurrentCell.OwningColumn.Name  [productName]
[ADMIN] [9/6/2016 13:42] [PENJUALAN] CASHIER FORM : Combobox_KeyUp, cashierDataGridView.CurrentCell.OwningColumn.Name  [productName]
[ADMIN] [9/6/2016 13:42] [PENJUALAN] CASHIER FORM : Combobox_KeyUp, cashierDataGridView.CurrentCell.OwningColumn.Name  [productName]
[ADMIN] [9/6/2016 13:42] [PENJUALAN] CASHIER FORM : Combobox_KeyUp, cashierDataGridView.CurrentCell.OwningColumn.Name  [productName]
[ADMIN] [9/6/2016 13:42] [PENJUALAN] CASHIER FORM : productName_previewKeyDown, cashierDataGridView.CurrentCell.OwningColumn.Name  [productName]
[ADMIN] [9/6/2016 13:42] [PENJUALAN] CASHIER FORM : productName_previewKeyDown, cashierDataGridView.CurrentCell.OwningColumn.Name  [productName]
[ADMIN] [9/6/2016 13:42] [PENJUALAN] CASHIER FORM : TextBox_TextChanged, isLoading [False]
[ADMIN] [9/6/2016 13:42] [PENJUALAN] CASHIER FORM : TextBox_TextChanged, rowSelectedIndex [0]
[ADMIN] [9/6/2016 13:42] [PENJUALAN] CASHIER FORM : TextBox_TextChanged, previousInput [34000]
[ADMIN] [9/6/2016 13:42] [PENJUALAN] CASHIER FORM : TextBox_TextChanged, dataGridViewTextBoxEditingControl.Text did not pass REGEX Checking
[ADMIN] [9/6/2016 13:42] [PENJUALAN] CASHIER FORM : TextBox_TextChanged, isLoading [True]
[ADMIN] [9/6/2016 13:42] [PENJUALAN] CASHIER FORM : TextBox_TextChanged, isLoading [True]
[ADMIN] [9/6/2016 13:42] [PENJUALAN] CASHIER FORM : TextBox_TextChanged, isLoading [True]
[ADMIN] [9/6/2016 13:42] [PENJUALAN] CASHIER FORM : TextBox_TextChanged, isLoading [True]
[ADMIN] [9/6/2016 13:42] [PENJUALAN] CASHIER FORM : TextBox_TextChanged, isLoading [True]
[ADMIN] [9/6/2016 13:42] [PENJUALAN] CASHIER FORM : CALCULATE SUBTOTAL
[ADMIN] [9/6/2016 13:42] [PENJUALAN] CASHIER FORM : SUBTOTAL [0]
[ADMIN] [9/6/2016 13:42] [PENJUALAN] CASHIER FORM : TextBox_TextChanged, subtotal value [0]
[ADMIN] [9/6/2016 13:42] [PENJUALAN] CASHIER FORM : TextBox_TextChanged, attempt to calculate total value
[ADMIN] [9/6/2016 13:42] [PENJUALAN] CASHIER FORM : calculateTotal
[ADMIN] [9/6/2016 13:42] [PENJUALAN] CASHIER FORM : calculateTotal [0]
[ADMIN] [9/6/2016 13:42] [PENJUALAN] CASHIER FORM : calculateTotal, totalAfterDisc [0]
[ADMIN] [9/6/2016 13:42] [PENJUALAN] CASHIER FORM : calculateChangeValue, bayarTextBox.Text [0]
[ADMIN] [9/6/2016 13:42] [PENJUALAN] CASHIER FORM : calculateChangeValue, sisaBayar [0]
[ADMIN] [9/6/2016 13:42] [PENJUALAN] CASHIER FORM : TextBox_TextChanged, isLoading [False]
[ADMIN] [9/6/2016 13:42] [PENJUALAN] CASHIER FORM : TextBox_TextChanged, rowSelectedIndex [0]
[ADMIN] [9/6/2016 13:42] [PENJUALAN] CASHIER FORM : TextBox_TextChanged, previousInput [34000]
[ADMIN] [9/6/2016 13:42] [PENJUALAN] CASHIER FORM : TextBox_TextChanged, dataGridViewTextBoxEditingControl.Text pass REGEX Checking
[ADMIN] [9/6/2016 13:42] [PENJUALAN] CASHIER FORM : CALCULATE SUBTOTAL
[ADMIN] [9/6/2016 13:42] [PENJUALAN] CASHIER FORM : SUBTOTAL [0]
[ADMIN] [9/6/2016 13:42] [PENJUALAN] CASHIER FORM : TextBox_TextChanged, subtotal value [0]
[ADMIN] [9/6/2016 13:42] [PENJUALAN] CASHIER FORM : TextBox_TextChanged, attempt to calculate total value
[ADMIN] [9/6/2016 13:42] [PENJUALAN] CASHIER FORM : calculateTotal
[ADMIN] [9/6/2016 13:42] [PENJUALAN] CASHIER FORM : calculateTotal [0]
[ADMIN] [9/6/2016 13:42] [PENJUALAN] CASHIER FORM : calculateTotal, totalAfterDisc [0]
[ADMIN] [9/6/2016 13:42] [PENJUALAN] CASHIER FORM : calculateChangeValue, bayarTextBox.Text [0]
[ADMIN] [9/6/2016 13:42] [PENJUALAN] CASHIER FORM : calculateChangeValue, sisaBayar [0]
[ADMIN] [9/6/2016 13:42] [PENJUALAN] CASHIER FORM : TextBox_TextChanged, isLoading [False]
[ADMIN] [9/6/2016 13:42] [PENJUALAN] CASHIER FORM : TextBox_TextChanged, rowSelectedIndex [0]
[ADMIN] [9/6/2016 13:42] [PENJUALAN] CASHIER FORM : TextBox_TextChanged, previousInput [34000]
[ADMIN] [9/6/2016 13:42] [PENJUALAN] CASHIER FORM : TextBox_TextChanged, dataGridViewTextBoxEditingControl.Text pass REGEX Checking
[ADMIN] [9/6/2016 13:42] [PENJUALAN] CASHIER FORM : CALCULATE SUBTOTAL
[ADMIN] [9/6/2016 13:42] [PENJUALAN] CASHIER FORM : SUBTOTAL [0]
[ADMIN] [9/6/2016 13:42] [PENJUALAN] CASHIER FORM : TextBox_TextChanged, subtotal value [0]
[ADMIN] [9/6/2016 13:42] [PENJUALAN] CASHIER FORM : TextBox_TextChanged, attempt to calculate total value
[ADMIN] [9/6/2016 13:42] [PENJUALAN] CASHIER FORM : calculateTotal
[ADMIN] [9/6/2016 13:42] [PENJUALAN] CASHIER FORM : calculateTotal [0]
[ADMIN] [9/6/2016 13:42] [PENJUALAN] CASHIER FORM : calculateTotal, totalAfterDisc [0]
[ADMIN] [9/6/2016 13:42] [PENJUALAN] CASHIER FORM : calculateChangeValue, bayarTextBox.Text [0]
[ADMIN] [9/6/2016 13:42] [PENJUALAN] CASHIER FORM : calculateChangeValue, sisaBayar [0]
[ADMIN] [9/6/2016 13:42] [PENJUALAN] CASHIER FORM : TextBox_TextChanged, isLoading [False]
[ADMIN] [9/6/2016 13:42] [PENJUALAN] CASHIER FORM : TextBox_TextChanged, rowSelectedIndex [0]
[ADMIN] [9/6/2016 13:42] [PENJUALAN] CASHIER FORM : TextBox_TextChanged, previousInput [34000]
[ADMIN] [9/6/2016 13:42] [PENJUALAN] CASHIER FORM : TextBox_TextChanged, dataGridViewTextBoxEditingControl.Text pass REGEX Checking
[ADMIN] [9/6/2016 13:42] [PENJUALAN] CASHIER FORM : CALCULATE SUBTOTAL
[ADMIN] [9/6/2016 13:42] [PENJUALAN] CASHIER FORM : SUBTOTAL [0]
[ADMIN] [9/6/2016 13:42] [PENJUALAN] CASHIER FORM : TextBox_TextChanged, subtotal value [0]
[ADMIN] [9/6/2016 13:42] [PENJUALAN] CASHIER FORM : TextBox_TextChanged, attempt to calculate total value
[ADMIN] [9/6/2016 13:42] [PENJUALAN] CASHIER FORM : calculateTotal
[ADMIN] [9/6/2016 13:42] [PENJUALAN] CASHIER FORM : calculateTotal [0]
[ADMIN] [9/6/2016 13:42] [PENJUALAN] CASHIER FORM : calculateTotal, totalAfterDisc [0]
[ADMIN] [9/6/2016 13:42] [PENJUALAN] CASHIER FORM : calculateChangeValue, bayarTextBox.Text [0]
[ADMIN] [9/6/2016 13:42] [PENJUALAN] CASHIER FORM : calculateChangeValue, sisaBayar [0]
[ADMIN] [9/6/2016 13:42] [PENJUALAN] CASHIER FORM : TextBox_TextChanged, isLoading [False]
[ADMIN] [9/6/2016 13:42] [PENJUALAN] CASHIER FORM : TextBox_TextChanged, rowSelectedIndex [0]
[ADMIN] [9/6/2016 13:42] [PENJUALAN] CASHIER FORM : TextBox_TextChanged, previousInput [34000]
[ADMIN] [9/6/2016 13:42] [PENJUALAN] CASHIER FORM : TextBox_TextChanged, dataGridViewTextBoxEditingControl.Text pass REGEX Checking
[ADMIN] [9/6/2016 13:42] [PENJUALAN] CASHIER FORM : CALCULATE SUBTOTAL
[ADMIN] [9/6/2016 13:42] [PENJUALAN] CASHIER FORM : SUBTOTAL [0]
[ADMIN] [9/6/2016 13:42] [PENJUALAN] CASHIER FORM : TextBox_TextChanged, subtotal value [0]
[ADMIN] [9/6/2016 13:42] [PENJUALAN] CASHIER FORM : TextBox_TextChanged, attempt to calculate total value
[ADMIN] [9/6/2016 13:42] [PENJUALAN] CASHIER FORM : calculateTotal
[ADMIN] [9/6/2016 13:42] [PENJUALAN] CASHIER FORM : calculateTotal [0]
[ADMIN] [9/6/2016 13:42] [PENJUALAN] CASHIER FORM : calculateTotal, totalAfterDisc [0]
[ADMIN] [9/6/2016 13:42] [PENJUALAN] CASHIER FORM : calculateChangeValue, bayarTextBox.Text [0]
[ADMIN] [9/6/2016 13:42] [PENJUALAN] CASHIER FORM : calculateChangeValue, sisaBayar [0]
[ADMIN] [9/6/2016 13:45] [PENJUALAN] CASHIER FORM : UNREGISTER HOTKEY
[ADMIN] [9/6/2016 13:45] [PENJUALAN] CASHIER FORM : UNREGISTER HOTKEY
[ADMIN] [9/6/2016 13:48] [] USER ID = 1LOGOUT
