[] [1/5/2017 15:26] [] USER = ADMIN IS ACTIVE
[ADMIN] [1/5/2017 15:26] [] USER ID = 1 LOGIN SUCCESSFULLY
[ADMIN] [1/5/2017 15:26] [] ACTIVATE USER ACCESS RIGHT
[ADMIN] [1/5/2017 15:26] [] DISPLAY ADMIN FORM
[ADMIN] [1/5/2017 15:26] [] adminForm Load
[ADMIN] [1/5/2017 15:26] [] ACTIVATE USER ACCESS RIGHT
[ADMIN] [1/5/2017 15:26] [PENERIMAAN BARANG] PENERIMAAN BARANG : detailGridView_CellValueChanged [productID]
[ADMIN] [1/5/2017 15:26] [PENERIMAAN BARANG] PENERIMAAN BARANG : detailGridView_CellValueChanged [productName]
[ADMIN] [1/5/2017 15:26] [PENJUALAN] CASHIER FORM : ComboBox_SelectedIndexChanged, PRODUCT_BASE_PRICE [26625]
[ADMIN] [1/5/2017 15:26] [PENERIMAAN BARANG] PENERIMAAN BARANG : detailGridView_CellValueChanged [hpp]
[] [1/5/2017 15:27] [] USER = ADMIN IS ACTIVE
[ADMIN] [1/5/2017 15:27] [] USER ID = 1 LOGIN SUCCESSFULLY
[ADMIN] [1/5/2017 15:27] [] ACTIVATE USER ACCESS RIGHT
[ADMIN] [1/5/2017 15:27] [] DISPLAY ADMIN FORM
[ADMIN] [1/5/2017 15:27] [] adminForm Load
[ADMIN] [1/5/2017 15:27] [] ACTIVATE USER ACCESS RIGHT
[ADMIN] [1/5/2017 15:28] [PENERIMAAN BARANG] PENERIMAAN BARANG : detailGridView_CellValueChanged [productID]
[ADMIN] [1/5/2017 15:28] [PENERIMAAN BARANG] PENERIMAAN BARANG : detailGridView_CellValueChanged [productName]
[ADMIN] [1/5/2017 15:28] [PENJUALAN] CASHIER FORM : ComboBox_SelectedIndexChanged, PRODUCT_BASE_PRICE [26625]
[ADMIN] [1/5/2017 15:28] [PENERIMAAN BARANG] PENERIMAAN BARANG : detailGridView_CellValueChanged [hpp]
[] [1/5/2017 15:30] [] USER = ADMIN IS ACTIVE
[ADMIN] [1/5/2017 15:30] [] USER ID = 1 LOGIN SUCCESSFULLY
[ADMIN] [1/5/2017 15:30] [] ACTIVATE USER ACCESS RIGHT
[ADMIN] [1/5/2017 15:30] [] DISPLAY ADMIN FORM
[ADMIN] [1/5/2017 15:30] [] adminForm Load
[ADMIN] [1/5/2017 15:30] [] ACTIVATE USER ACCESS RIGHT
[ADMIN] [1/5/2017 15:30] [PENERIMAAN BARANG] PENERIMAAN BARANG : detailGridView_CellValueChanged [productID]
[ADMIN] [1/5/2017 15:30] [PENERIMAAN BARANG] PENERIMAAN BARANG : detailGridView_CellValueChanged [productName]
[ADMIN] [1/5/2017 15:30] [PENJUALAN] CASHIER FORM : ComboBox_SelectedIndexChanged, PRODUCT_BASE_PRICE [26625]
[ADMIN] [1/5/2017 15:30] [PENERIMAAN BARANG] PENERIMAAN BARANG : detailGridView_CellValueChanged [hpp]
[ADMIN] [1/5/2017 15:30] [PENERIMAAN BARANG] PENERIMAAN BARANG : detailGridView_CellValueChanged [subtotal]
[ADMIN] [1/5/2017 15:30] [PENERIMAAN BARANG] PENERIMAAN BARANG : detailGridView_CellValueChanged [qtyReceived]
[ADMIN] [1/5/2017 15:30] [PENERIMAAN BARANG] PENERIMAAN BARANG : detailGridView_CellValueChanged [subtotal]
[ADMIN] [1/5/2017 15:30] [PENJUALAN] CASHIER FORM : ComboBox_SelectedIndexChanged, attempt to calculate total
[ADMIN] [1/5/2017 15:30] [PENERIMAAN BARANG] PENERIMAAN BARANG : detailGridView_CellValueChanged [qtyReceived]
[ADMIN] [1/5/2017 15:30] [PENERIMAAN BARANG] PENERIMAAN BARANG : detailGridView_CellValueChanged [subtotal]
[ADMIN] [1/5/2017 15:30] [PENERIMAAN BARANG] PENERIMAAN BARANG : detailGridView_CellValueChanged [subtotal]
[ADMIN] [1/5/2017 15:31] [PENJUALAN] CASHIER FORM : MULTIPLE CASHIER INSTANCE [1]
[ADMIN] [1/5/2017 15:31] [PENJUALAN] CASHIER FORM : REGISTER HOTKEY
[ADMIN] [1/5/2017 15:31] [PENJUALAN] CASHIER FORM : cashierForm_Load, ATTEMPT TO LOAD NO FAKTUR
[ADMIN] [1/5/2017 15:32] [PENJUALAN] CASHIER FORM : loadNoFaktur, noFakturValue [SLO001]
[ADMIN] [1/5/2017 15:32] [PENJUALAN] CASHIER FORM : cashierForm_Load, ATTEMPT TO addColumnToDataGrid
[ADMIN] [1/5/2017 15:32] [PENJUALAN] CASHIER FORM : UPDATE ROW NUMBER, TOTAL ROW [1]
[ADMIN] [1/5/2017 15:32] [PENJUALAN] CASHIER FORM : cashierDataGridView_CellValueChanged [F8]
[ADMIN] [1/5/2017 15:32] [PENJUALAN] CASHIER FORM : calculateTotal
[ADMIN] [1/5/2017 15:32] [PENJUALAN] CASHIER FORM : calculateTotal [0]
[ADMIN] [1/5/2017 15:32] [PENJUALAN] CASHIER FORM : calculateTotal, totalAfterDisc [0]
[ADMIN] [1/5/2017 15:32] [PENJUALAN] CASHIER FORM : calculateChangeValue, bayarTextBox.Text [0]
[ADMIN] [1/5/2017 15:32] [PENJUALAN] CASHIER FORM : calculateChangeValue, sisaBayar [0]
[ADMIN] [1/5/2017 15:32] [PENJUALAN] CASHIER FORM : REGISTER HOTKEY
[ADMIN] [1/5/2017 15:32] [PENJUALAN] CASHIER FORM : HOTKEY TO OPEN PRODUK SEARCH FORM PRESSED
[ADMIN] [1/5/2017 15:32] [PENJUALAN] CASHIER FORM : UNREGISTER HOTKEY
[ADMIN] [1/5/2017 15:32] [PENJUALAN] CASHIER FORM : ADD NEW ROW FROM BARCODE [ALPO PUPPY 1 KG]
[ADMIN] [1/5/2017 15:32] [PENJUALAN] CASHIER FORM : ADD NEW ROW,  isActive [False]
[ADMIN] [1/5/2017 15:32] [PENJUALAN] CASHIER FORM : ADD NEW ROW,  ROW COUNT [0]
[ADMIN] [1/5/2017 15:32] [PENJUALAN] CASHIER FORM : ADD NEW ROW,  ALLOW TO ADD [True]
[ADMIN] [1/5/2017 15:32] [PENJUALAN] CASHIER FORM : UPDATE ROW NUMBER, TOTAL ROW [1]
[ADMIN] [1/5/2017 15:32] [PENJUALAN] CASHIER FORM : cashierDataGridView_CellValueChanged [F8]
[ADMIN] [1/5/2017 15:32] [PENJUALAN] CASHIER FORM : cashierDataGridView_CellValueChanged [hpp]
[ADMIN] [1/5/2017 15:32] [PENJUALAN] CASHIER FORM : cashierDataGridView_CellValueChanged [productPrice]
[ADMIN] [1/5/2017 15:32] [PENJUALAN] CASHIER FORM : cashierDataGridView_CellValueChanged, previousInput [0]
[ADMIN] [1/5/2017 15:32] [PENJUALAN] CASHIER FORM : cashierDataGridView_CellValueChanged [qty]
[ADMIN] [1/5/2017 15:32] [PENJUALAN] CASHIER FORM : cashierDataGridView_CellValueChanged, previousInput [0]
[ADMIN] [1/5/2017 15:32] [PENJUALAN] CASHIER FORM : cashierDataGridView_CellValueChanged [jumlah]
[ADMIN] [1/5/2017 15:32] [PENJUALAN] CASHIER FORM : NEW ROW ADDED [0]
[ADMIN] [1/5/2017 15:32] [PENJUALAN] CASHIER FORM : updateSomeRowContents
[ADMIN] [1/5/2017 15:32] [PENJUALAN] CASHIER FORM : cashierDataGridView_CellValueChanged [productID]
[ADMIN] [1/5/2017 15:32] [PENJUALAN] CASHIER FORM : cashierDataGridView_CellValueChanged [productName]
[ADMIN] [1/5/2017 15:32] [PENJUALAN] CASHIER FORM : updateSomeRowContents
[ADMIN] [1/5/2017 15:32] [PENJUALAN] CASHIER FORM : PRODUCT PRICE TYPE [PRODUCT_BASE_PRICE]
[ADMIN] [1/5/2017 15:32] [PENJUALAN] CASHIER FORM : PRODUCT PRICE [26625]
[ADMIN] [1/5/2017 15:32] [PENJUALAN] CASHIER FORM : ComboBox_SelectedIndexChanged, PRODUCT_BASE_PRICE [26625]
[ADMIN] [1/5/2017 15:32] [PENJUALAN] CASHIER FORM : cashierDataGridView_CellValueChanged [hpp]
[ADMIN] [1/5/2017 15:32] [PENJUALAN] CASHIER FORM : PRODUCT PRICE TYPE [PRODUCT_RETAIL_PRICE]
[ADMIN] [1/5/2017 15:32] [PENJUALAN] CASHIER FORM : PRODUCT PRICE [34000]
[ADMIN] [1/5/2017 15:32] [PENJUALAN] CASHIER FORM : ComboBox_SelectedIndexChanged, PRODUCT_SALES_PRICE [34000]
[ADMIN] [1/5/2017 15:32] [PENJUALAN] CASHIER FORM : cashierDataGridView_CellValueChanged [productPrice]
[ADMIN] [1/5/2017 15:32] [PENJUALAN] CASHIER FORM : cashierDataGridView_CellValueChanged, previousInput [0]
[ADMIN] [1/5/2017 15:32] [PENJUALAN] CASHIER FORM : cashierDataGridView_CellValueChanged, cellValue [34000]
[ADMIN] [1/5/2017 15:32] [PENJUALAN] CASHIER FORM : cashierDataGridView_CellValueChanged, dataGridViewTextBoxEditingControl.Text pass REGEX Checking
[ADMIN] [1/5/2017 15:32] [PENJUALAN] CASHIER FORM : CALCULATE SUBTOTAL
[ADMIN] [1/5/2017 15:32] [PENJUALAN] CASHIER FORM : SUBTOTAL [0]
[ADMIN] [1/5/2017 15:32] [PENJUALAN] CASHIER FORM : cashierDataGridView_CellValueChanged, subtotal value [0]
[ADMIN] [1/5/2017 15:32] [PENJUALAN] CASHIER FORM : cashierDataGridView_CellValueChanged, attempt to calculate total value
[ADMIN] [1/5/2017 15:32] [PENJUALAN] CASHIER FORM : calculateTotal
[ADMIN] [1/5/2017 15:32] [PENJUALAN] CASHIER FORM : calculateTotal [0]
[ADMIN] [1/5/2017 15:32] [PENJUALAN] CASHIER FORM : calculateTotal, totalAfterDisc [0]
[ADMIN] [1/5/2017 15:32] [PENJUALAN] CASHIER FORM : calculateChangeValue, bayarTextBox.Text [0]
[ADMIN] [1/5/2017 15:32] [PENJUALAN] CASHIER FORM : calculateChangeValue, sisaBayar [0]
[ADMIN] [1/5/2017 15:32] [PENJUALAN] CASHIER FORM : cashierDataGridView_CellValueChanged [qty]
[ADMIN] [1/5/2017 15:32] [PENJUALAN] CASHIER FORM : cashierDataGridView_CellValueChanged, previousInput [0]
[ADMIN] [1/5/2017 15:32] [PENJUALAN] CASHIER FORM : cashierDataGridView_CellValueChanged [jumlah]
[ADMIN] [1/5/2017 15:32] [PENJUALAN] CASHIER FORM : calculateTotal
[ADMIN] [1/5/2017 15:32] [PENJUALAN] CASHIER FORM : calculateTotal [0]
[ADMIN] [1/5/2017 15:32] [PENJUALAN] CASHIER FORM : calculateTotal, totalAfterDisc [0]
[ADMIN] [1/5/2017 15:32] [PENJUALAN] CASHIER FORM : calculateChangeValue, bayarTextBox.Text [0]
[ADMIN] [1/5/2017 15:32] [PENJUALAN] CASHIER FORM : calculateChangeValue, sisaBayar [0]
[ADMIN] [1/5/2017 15:32] [PENJUALAN] CASHIER FORM : CHECK STOCK QTY IS ENOUGH [ALPO-P1]
[ADMIN] [1/5/2017 15:32] [PENJUALAN] CASHIER FORM : CHECK STOCK QTY IS ENOUGH [9949, 1]
[ADMIN] [1/5/2017 15:32] [PENJUALAN] CASHIER FORM : cashierDataGridView_CellValueChanged [qty]
[ADMIN] [1/5/2017 15:32] [PENJUALAN] CASHIER FORM : cashierDataGridView_CellValueChanged, previousInput [0]
[ADMIN] [1/5/2017 15:32] [PENJUALAN] CASHIER FORM : cashierDataGridView_CellValueChanged, cellValue [1]
[ADMIN] [1/5/2017 15:32] [PENJUALAN] CASHIER FORM : cashierDataGridView_CellValueChanged, dataGridViewTextBoxEditingControl.Text pass REGEX Checking
[ADMIN] [1/5/2017 15:32] [PENJUALAN] CASHIER FORM : CHECK STOCK QTY IS ENOUGH [ALPO-P1]
[ADMIN] [1/5/2017 15:32] [PENJUALAN] CASHIER FORM : CHECK STOCK QTY IS ENOUGH [9949, 1]
[ADMIN] [1/5/2017 15:32] [PENJUALAN] CASHIER FORM : CALCULATE SUBTOTAL
[ADMIN] [1/5/2017 15:32] [PENJUALAN] CASHIER FORM : SUBTOTAL [34000]
[ADMIN] [1/5/2017 15:32] [PENJUALAN] CASHIER FORM : cashierDataGridView_CellValueChanged, subtotal value [34000]
[ADMIN] [1/5/2017 15:32] [PENJUALAN] CASHIER FORM : cashierDataGridView_CellValueChanged, attempt to calculate total value
[ADMIN] [1/5/2017 15:32] [PENJUALAN] CASHIER FORM : calculateTotal
[ADMIN] [1/5/2017 15:32] [PENJUALAN] CASHIER FORM : calculateTotal [34000]
[ADMIN] [1/5/2017 15:32] [PENJUALAN] CASHIER FORM : calculateTotal, totalAfterDisc [34000]
[ADMIN] [1/5/2017 15:32] [PENJUALAN] CASHIER FORM : calculateChangeValue, bayarTextBox.Text [0]
[ADMIN] [1/5/2017 15:32] [PENJUALAN] CASHIER FORM : calculateChangeValue, sisaBayar [0]
[ADMIN] [1/5/2017 15:32] [PENJUALAN] CASHIER FORM : SET QTY TO 1 BECAUSE OF NEW ROW
[ADMIN] [1/5/2017 15:32] [PENJUALAN] CASHIER FORM : CALCULATE SUBTOTAL
[ADMIN] [1/5/2017 15:32] [PENJUALAN] CASHIER FORM : SUBTOTAL [34000]
[ADMIN] [1/5/2017 15:32] [PENJUALAN] CASHIER FORM : calculateTotal
[ADMIN] [1/5/2017 15:32] [PENJUALAN] CASHIER FORM : calculateTotal [34000]
[ADMIN] [1/5/2017 15:32] [PENJUALAN] CASHIER FORM : calculateTotal, totalAfterDisc [34000]
[ADMIN] [1/5/2017 15:32] [PENJUALAN] CASHIER FORM : calculateChangeValue, bayarTextBox.Text [0]
[ADMIN] [1/5/2017 15:32] [PENJUALAN] CASHIER FORM : calculateChangeValue, sisaBayar [0]
[ADMIN] [1/5/2017 15:32] [PENJUALAN] CASHIER FORM : UPDATE ROW NUMBER, TOTAL ROW [2]
[ADMIN] [1/5/2017 15:32] [PENJUALAN] CASHIER FORM : cashierDataGridView_CellValueChanged [F8]
[ADMIN] [1/5/2017 15:32] [PENJUALAN] CASHIER FORM : REGISTER HOTKEY
[ADMIN] [1/5/2017 15:32] [PENJUALAN] CASHIER FORM : UNREGISTER HOTKEY
[ADMIN] [1/5/2017 15:32] [PENJUALAN] CASHIER FORM : UNREGISTER HOTKEY
[] [1/5/2017 15:33] [] USER = ADMIN IS ACTIVE
[ADMIN] [1/5/2017 15:33] [] USER ID = 1 LOGIN SUCCESSFULLY
[ADMIN] [1/5/2017 15:33] [] ACTIVATE USER ACCESS RIGHT
[ADMIN] [1/5/2017 15:33] [] DISPLAY ADMIN FORM
[ADMIN] [1/5/2017 15:33] [] adminForm Load
[ADMIN] [1/5/2017 15:33] [] ACTIVATE USER ACCESS RIGHT
[ADMIN] [1/5/2017 15:34] [PENERIMAAN BARANG] PENERIMAAN BARANG : detailGridView_CellValueChanged [productID]
[ADMIN] [1/5/2017 15:34] [PENERIMAAN BARANG] PENERIMAAN BARANG : detailGridView_CellValueChanged [productName]
[ADMIN] [1/5/2017 15:34] [PENJUALAN] CASHIER FORM : ComboBox_SelectedIndexChanged, PRODUCT_BASE_PRICE [26625]
[ADMIN] [1/5/2017 15:34] [PENERIMAAN BARANG] PENERIMAAN BARANG : detailGridView_CellValueChanged [hpp]
[ADMIN] [1/5/2017 15:34] [PENERIMAAN BARANG] PENERIMAAN BARANG : detailGridView_CellValueChanged [subtotal]
[ADMIN] [1/5/2017 15:34] [PENERIMAAN BARANG] PENERIMAAN BARANG : detailGridView_CellValueChanged [qtyReceived]
[ADMIN] [1/5/2017 15:34] [PENERIMAAN BARANG] PENERIMAAN BARANG : detailGridView_CellValueChanged [subtotal]
[ADMIN] [1/5/2017 15:34] [PENJUALAN] CASHIER FORM : ComboBox_SelectedIndexChanged, attempt to calculate total
[ADMIN] [1/5/2017 15:34] [PENERIMAAN BARANG] PENERIMAAN BARANG : detailGridView_CellValueChanged [qtyReceived]
[ADMIN] [1/5/2017 15:34] [PENERIMAAN BARANG] PENERIMAAN BARANG : detailGridView_CellValueChanged [subtotal]
[ADMIN] [1/5/2017 15:34] [PENERIMAAN BARANG] PENERIMAAN BARANG : detailGridView_CellValueChanged [subtotal]
[] [1/5/2017 15:34] [] USER = ADMIN IS ACTIVE
[ADMIN] [1/5/2017 15:34] [] USER ID = 1 LOGIN SUCCESSFULLY
[ADMIN] [1/5/2017 15:34] [] ACTIVATE USER ACCESS RIGHT
[ADMIN] [1/5/2017 15:34] [] DISPLAY ADMIN FORM
[ADMIN] [1/5/2017 15:34] [] adminForm Load
[ADMIN] [1/5/2017 15:34] [] ACTIVATE USER ACCESS RIGHT
[ADMIN] [1/5/2017 15:35] [PENERIMAAN BARANG] PENERIMAAN BARANG : detailGridView_CellValueChanged [productID]
[ADMIN] [1/5/2017 15:35] [PENERIMAAN BARANG] PENERIMAAN BARANG : detailGridView_CellValueChanged [productName]
[ADMIN] [1/5/2017 15:35] [PENJUALAN] CASHIER FORM : ComboBox_SelectedIndexChanged, PRODUCT_BASE_PRICE [26625]
[ADMIN] [1/5/2017 15:35] [PENERIMAAN BARANG] PENERIMAAN BARANG : detailGridView_CellValueChanged [hpp]
[ADMIN] [1/5/2017 15:35] [PENERIMAAN BARANG] PENERIMAAN BARANG : detailGridView_CellValueChanged [subtotal]
[ADMIN] [1/5/2017 15:35] [PENERIMAAN BARANG] PENERIMAAN BARANG : detailGridView_CellValueChanged [qtyReceived]
[ADMIN] [1/5/2017 15:35] [PENERIMAAN BARANG] PENERIMAAN BARANG : detailGridView_CellValueChanged [subtotal]
[ADMIN] [1/5/2017 15:35] [PENJUALAN] CASHIER FORM : ComboBox_SelectedIndexChanged, attempt to calculate total
[ADMIN] [1/5/2017 15:35] [PENERIMAAN BARANG] PENERIMAAN BARANG : detailGridView_CellValueChanged [qtyReceived]
[ADMIN] [1/5/2017 15:35] [PENERIMAAN BARANG] PENERIMAAN BARANG : detailGridView_CellValueChanged [subtotal]
[ADMIN] [1/5/2017 15:35] [PENERIMAAN BARANG] PENERIMAAN BARANG : detailGridView_CellValueChanged [subtotal]
[] [05/01/2017 16.43] [] USER = ADMIN IS ACTIVE
[ADMIN] [05/01/2017 16.43] [] USER ID = 1 LOGIN SUCCESSFULLY
[ADMIN] [05/01/2017 16.43] [] ACTIVATE USER ACCESS RIGHT
[ADMIN] [05/01/2017 16.43] [] DISPLAY ADMIN FORM
[ADMIN] [05/01/2017 16.43] [] adminForm Load
[ADMIN] [05/01/2017 16.43] [] ACTIVATE USER ACCESS RIGHT
[ADMIN] [05/01/2017 16.43] [PENJUALAN] CASHIER FORM : MULTIPLE CASHIER INSTANCE [1]
[ADMIN] [05/01/2017 16.43] [PENJUALAN] CASHIER FORM : REGISTER HOTKEY
[ADMIN] [05/01/2017 16.43] [PENJUALAN] CASHIER FORM : cashierForm_Load, ATTEMPT TO LOAD NO FAKTUR
[ADMIN] [05/01/2017 16.43] [PENJUALAN] CASHIER FORM : loadNoFaktur, noFakturValue [SLO001]
[ADMIN] [05/01/2017 16.43] [PENJUALAN] CASHIER FORM : cashierForm_Load, ATTEMPT TO addColumnToDataGrid
[ADMIN] [05/01/2017 16.43] [PENJUALAN] CASHIER FORM : UPDATE ROW NUMBER, TOTAL ROW [1]
[ADMIN] [05/01/2017 16.43] [PENJUALAN] CASHIER FORM : cashierDataGridView_CellValueChanged [F8]
[ADMIN] [05/01/2017 16.43] [PENJUALAN] CASHIER FORM : calculateTotal
[ADMIN] [05/01/2017 16.43] [PENJUALAN] CASHIER FORM : calculateTotal [0]
[ADMIN] [05/01/2017 16.43] [PENJUALAN] CASHIER FORM : calculateTotal, totalAfterDisc [0]
[ADMIN] [05/01/2017 16.43] [PENJUALAN] CASHIER FORM : calculateChangeValue, bayarTextBox.Text [0]
[ADMIN] [05/01/2017 16.43] [PENJUALAN] CASHIER FORM : calculateChangeValue, sisaBayar [0]
[ADMIN] [05/01/2017 16.43] [PENJUALAN] CASHIER FORM : REGISTER HOTKEY
[ADMIN] [05/01/2017 16.43] [PENJUALAN] CASHIER FORM : UNREGISTER HOTKEY
[ADMIN] [05/01/2017 16.43] [PENJUALAN] CASHIER FORM : UNREGISTER HOTKEY
[] [05/01/2017 16.45] [] USER = ADMIN IS ACTIVE
[ADMIN] [05/01/2017 16.45] [] USER ID = 1 LOGIN SUCCESSFULLY
[ADMIN] [05/01/2017 16.45] [] ACTIVATE USER ACCESS RIGHT
[ADMIN] [05/01/2017 16.45] [] DISPLAY ADMIN FORM
[ADMIN] [05/01/2017 16.45] [] adminForm Load
[ADMIN] [05/01/2017 16.45] [] ACTIVATE USER ACCESS RIGHT
[] [05/01/2017 16.46] [] USER = ADMIN IS ACTIVE
[ADMIN] [05/01/2017 16.46] [] USER ID = 1 LOGIN SUCCESSFULLY
[ADMIN] [05/01/2017 16.46] [] ACTIVATE USER ACCESS RIGHT
[ADMIN] [05/01/2017 16.46] [] DISPLAY ADMIN FORM
[ADMIN] [05/01/2017 16.46] [] adminForm Load
[ADMIN] [05/01/2017 16.46] [] ACTIVATE USER ACCESS RIGHT
[] [05/01/2017 16.55] [] USER = ADMIN IS ACTIVE
[] [05/01/2017 16.56] [] USER = ADMIN IS ACTIVE
[ADMIN] [05/01/2017 16.56] [] USER ID = 1 LOGIN SUCCESSFULLY
[ADMIN] [05/01/2017 16.56] [] ACTIVATE USER ACCESS RIGHT
[ADMIN] [05/01/2017 16.56] [] DISPLAY ADMIN FORM
[ADMIN] [05/01/2017 16.56] [] adminForm Load
[ADMIN] [05/01/2017 16.56] [] ACTIVATE USER ACCESS RIGHT
[] [05/01/2017 16.57] [] USER = ADMIN IS ACTIVE
[ADMIN] [05/01/2017 16.57] [] USER ID = 1 LOGIN SUCCESSFULLY
[ADMIN] [05/01/2017 16.57] [] ACTIVATE USER ACCESS RIGHT
[ADMIN] [05/01/2017 16.57] [] DISPLAY ADMIN FORM
[ADMIN] [05/01/2017 16.57] [] adminForm Load
[ADMIN] [05/01/2017 16.57] [] ACTIVATE USER ACCESS RIGHT
[] [05/01/2017 17.00] [] USER = ADMIN IS ACTIVE
[ADMIN] [05/01/2017 17.00] [] USER ID = 1 LOGIN SUCCESSFULLY
[ADMIN] [05/01/2017 17.00] [] ACTIVATE USER ACCESS RIGHT
[ADMIN] [05/01/2017 17.00] [] DISPLAY ADMIN FORM
[ADMIN] [05/01/2017 17.00] [] adminForm Load
[ADMIN] [05/01/2017 17.00] [] ACTIVATE USER ACCESS RIGHT
[] [05/01/2017 17.05] [] USER = ADMIN IS ACTIVE
[ADMIN] [05/01/2017 17.05] [] USER ID = 1 LOGIN SUCCESSFULLY
[ADMIN] [05/01/2017 17.05] [] ACTIVATE USER ACCESS RIGHT
[ADMIN] [05/01/2017 17.05] [] DISPLAY ADMIN FORM
[ADMIN] [05/01/2017 17.05] [] adminForm Load
[ADMIN] [05/01/2017 17.05] [] ACTIVATE USER ACCESS RIGHT
[] [05/01/2017 17.40] [] USER = ADMIN IS ACTIVE
[ADMIN] [05/01/2017 17.40] [] USER ID = 1 LOGIN SUCCESSFULLY
[ADMIN] [05/01/2017 17.40] [] ACTIVATE USER ACCESS RIGHT
[ADMIN] [05/01/2017 17.40] [] DISPLAY ADMIN FORM
[ADMIN] [05/01/2017 17.40] [] adminForm Load
[ADMIN] [05/01/2017 17.40] [] ACTIVATE USER ACCESS RIGHT
[] [05/01/2017 17.42] [] USER = ADMIN IS ACTIVE
[ADMIN] [05/01/2017 17.42] [] USER ID = 1 LOGIN SUCCESSFULLY
[ADMIN] [05/01/2017 17.42] [] ACTIVATE USER ACCESS RIGHT
[ADMIN] [05/01/2017 17.42] [] DISPLAY ADMIN FORM
[ADMIN] [05/01/2017 17.42] [] adminForm Load
[ADMIN] [05/01/2017 17.42] [] ACTIVATE USER ACCESS RIGHT
[] [05/01/2017 17.44] [] USER = ADMIN IS ACTIVE
[ADMIN] [05/01/2017 17.44] [] USER ID = 1 LOGIN SUCCESSFULLY
[ADMIN] [05/01/2017 17.44] [] ACTIVATE USER ACCESS RIGHT
[ADMIN] [05/01/2017 17.44] [] DISPLAY ADMIN FORM
[ADMIN] [05/01/2017 17.44] [] adminForm Load
[ADMIN] [05/01/2017 17.44] [] ACTIVATE USER ACCESS RIGHT
[ADMIN] [05/01/2017 17.44] [] USER ID = 1LOGOUT
