[] [1/10/2017 12:37] [] USER = ADMIN IS ACTIVE
[ADMIN] [1/10/2017 12:37] [] USER ID = 1 LOGIN SUCCESSFULLY
[ADMIN] [1/10/2017 12:37] [] ACTIVATE USER ACCESS RIGHT
[ADMIN] [1/10/2017 12:37] [] DISPLAY ADMIN FORM
[ADMIN] [1/10/2017 12:37] [] adminForm Load
[ADMIN] [1/10/2017 12:37] [] ACTIVATE USER ACCESS RIGHT
[ADMIN] [1/10/2017 12:41] [PENERIMAAN BARANG] PENERIMAAN BARANG : detailGridView_CellValueChanged [productID]
[ADMIN] [1/10/2017 12:41] [PENERIMAAN BARANG] PENERIMAAN BARANG : detailGridView_CellValueChanged [productID]
[ADMIN] [1/10/2017 12:41] [PENERIMAAN BARANG] PENERIMAAN BARANG : detailGridView_CellValueChanged [productID]
[ADMIN] [1/10/2017 12:41] [PENERIMAAN BARANG] PENERIMAAN BARANG : detailGridView_CellValueChanged [productName]
[ADMIN] [1/10/2017 12:41] [PENJUALAN] CASHIER FORM : ComboBox_SelectedIndexChanged, PRODUCT_BASE_PRICE [453750]
[ADMIN] [1/10/2017 12:41] [PENERIMAAN BARANG] PENERIMAAN BARANG : detailGridView_CellValueChanged [hpp]
[ADMIN] [1/10/2017 12:41] [PENERIMAAN BARANG] PENERIMAAN BARANG : detailGridView_CellValueChanged [subtotal]
[ADMIN] [1/10/2017 12:41] [PENERIMAAN BARANG] PENERIMAAN BARANG : detailGridView_CellValueChanged [qtyReceived]
[ADMIN] [1/10/2017 12:41] [PENERIMAAN BARANG] PENERIMAAN BARANG : detailGridView_CellValueChanged [subtotal]
[ADMIN] [1/10/2017 12:41] [PENJUALAN] CASHIER FORM : ComboBox_SelectedIndexChanged, attempt to calculate total
[ADMIN] [1/10/2017 12:41] [PENERIMAAN BARANG] PENERIMAAN BARANG : detailGridView_CellValueChanged [qtyReceived]
[ADMIN] [1/10/2017 12:41] [PENERIMAAN BARANG] PENERIMAAN BARANG : detailGridView_CellValueChanged [subtotal]
[ADMIN] [1/10/2017 12:41] [PENERIMAAN BARANG] PENERIMAAN BARANG : detailGridView_CellValueChanged [subtotal]
[ADMIN] [1/10/2017 12:42] [PENERIMAAN BARANG] PENERIMAAN BARANG : detailGridView_CellValueChanged [qtyReceived]
[ADMIN] [1/10/2017 12:42] [PENERIMAAN BARANG] PENERIMAAN BARANG : detailGridView_CellValueChanged [subtotal]
[ADMIN] [1/10/2017 12:42] [PENERIMAAN BARANG] PENERIMAAN BARANG : detailGridView_CellValueChanged [qtyReceived]
[ADMIN] [1/10/2017 12:42] [PENERIMAAN BARANG] PENERIMAAN BARANG : detailGridView_CellValueChanged [subtotal]
[ADMIN] [1/10/2017 12:42] [REQUEST ORDER] REQUEST ORDER : detailRequestOrderDataGridView_CellValueChanged [productID]
[ADMIN] [1/10/2017 12:42] [REQUEST ORDER] REQUEST ORDER : detailRequestOrderDataGridView_CellValueChanged [productID]
[ADMIN] [1/10/2017 12:42] [REQUEST ORDER] REQUEST ORDER : detailRequestOrderDataGridView_CellValueChanged [productID]
[ADMIN] [1/10/2017 12:42] [REQUEST ORDER] REQUEST ORDER : detailRequestOrderDataGridView_CellValueChanged [productName]
[ADMIN] [1/10/2017 12:42] [REQUEST ORDER] updateSomeRowsContent, PRODUCT_BASE_PRICE [26625]
[ADMIN] [1/10/2017 12:42] [REQUEST ORDER] REQUEST ORDER : detailRequestOrderDataGridView_CellValueChanged [HPP]
[ADMIN] [1/10/2017 12:42] [REQUEST ORDER] REQUEST ORDER : detailRequestOrderDataGridView_CellValueChanged [qty]
[ADMIN] [1/10/2017 12:42] [REQUEST ORDER] REQUEST ORDER : detailRequestOrderDataGridView_CellValueChanged [subTotal]
[ADMIN] [1/10/2017 12:42] [REQUEST ORDER] REQUEST ORDER : detailRequestOrderDataGridView_CellValueChanged [subTotal]
[ADMIN] [1/10/2017 12:42] [REQUEST ORDER] updateSomeRowsContent, attempt to calculate total
[ADMIN] [1/10/2017 12:42] [REQUEST ORDER] REQUEST ORDER : detailRequestOrderDataGridView_CellValueChanged [qty]
[ADMIN] [1/10/2017 12:42] [REQUEST ORDER] REQUEST ORDER : detailRequestOrderDataGridView_CellValueChanged [subTotal]
[ADMIN] [1/10/2017 12:42] [] USER ID = 1LOGOUT
