[] [7/28/2016 12:24 AM] [] USER = ADMIN IS ACTIVE
[ADMIN] [7/28/2016 12:24 AM] [] USER ID = 1 LOGIN SUCCESSFULLY
[ADMIN] [7/28/2016 12:24 AM] [] ACTIVATE USER ACCESS RIGHT
[ADMIN] [7/28/2016 12:24 AM] [] DISPLAY ADMIN FORM
[ADMIN] [7/28/2016 12:24 AM] [] adminForm Load
[ADMIN] [7/28/2016 12:25 AM] [] CREATE CHANGE PASSWORD FORM UID[1]
[] [7/28/2016 2:02 PM] [] USER = ADMIN IS ACTIVE
[ADMIN] [7/28/2016 2:02 PM] [] USER ID = 1 LOGIN SUCCESSFULLY
[ADMIN] [7/28/2016 2:02 PM] [] ACTIVATE USER ACCESS RIGHT
[ADMIN] [7/28/2016 2:02 PM] [] DISPLAY ADMIN FORM
[ADMIN] [7/28/2016 2:02 PM] [] adminForm Load
[ADMIN] [7/28/2016 2:04 PM] [PENJUALAN] CASHIER FORM : MULTIPLE CASHIER INSTANCE [1]
[ADMIN] [7/28/2016 2:04 PM] [PENJUALAN] CASHIER FORM : REGISTER HOTKEY
[ADMIN] [7/28/2016 2:04 PM] [PENJUALAN] CASHIER FORM : cashierForm_Load, ATTEMPT TO LOAD NO FAKTUR
[ADMIN] [7/28/2016 2:04 PM] [PENJUALAN] CASHIER FORM : loadNoFaktur, noFakturValue [SLO001]
[ADMIN] [7/28/2016 2:04 PM] [PENJUALAN] CASHIER FORM : cashierForm_Load, ATTEMPT TO addColumnToDataGrid
[ADMIN] [7/28/2016 2:04 PM] [PENJUALAN] CASHIER FORM : UPDATE ROW NUMBER, TOTAL ROW [1]
[ADMIN] [7/28/2016 2:04 PM] [PENJUALAN] CASHIER FORM : calculateTotal
[ADMIN] [7/28/2016 2:04 PM] [PENJUALAN] CASHIER FORM : calculateTotal [0]
[ADMIN] [7/28/2016 2:04 PM] [PENJUALAN] CASHIER FORM : calculateTotal, totalAfterDisc [0]
[ADMIN] [7/28/2016 2:04 PM] [PENJUALAN] CASHIER FORM : calculateChangeValue, bayarTextBox.Text [0]
[ADMIN] [7/28/2016 2:04 PM] [PENJUALAN] CASHIER FORM : calculateChangeValue, sisaBayar [0]
[ADMIN] [7/28/2016 2:04 PM] [PENJUALAN] CASHIER FORM : REGISTER HOTKEY
[ADMIN] [7/28/2016 2:04 PM] [PENJUALAN] CASHIER FORM : UNREGISTER HOTKEY
[ADMIN] [7/28/2016 2:04 PM] [PENJUALAN] CASHIER FORM : REGISTER HOTKEY
[ADMIN] [7/28/2016 2:04 PM] [PENJUALAN] CASHIER FORM : UNREGISTER HOTKEY
[ADMIN] [7/28/2016 2:04 PM] [PENJUALAN] CASHIER FORM : UNREGISTER HOTKEY
[ADMIN] [7/28/2016 2:04 PM] [] USER ID = 1LOGOUT
