[] [1/10/2017 11:20] [] USER = ADMIN IS ACTIVE
[ADMIN] [1/10/2017 11:20] [] USER ID = 1 LOGIN SUCCESSFULLY
[ADMIN] [1/10/2017 11:20] [] ACTIVATE USER ACCESS RIGHT
[ADMIN] [1/10/2017 11:20] [] DISPLAY ADMIN FORM
[ADMIN] [1/10/2017 11:20] [] adminForm Load
[ADMIN] [1/10/2017 11:20] [] ACTIVATE USER ACCESS RIGHT
[ADMIN] [1/10/2017 11:20] [PENERIMAAN BARANG] PENERIMAAN BARANG : detailGridView_CellValueChanged [productID]
[ADMIN] [1/10/2017 11:20] [PENERIMAAN BARANG] PENERIMAAN BARANG : detailGridView_CellValueChanged [productID]
[ADMIN] [1/10/2017 11:21] [PENERIMAAN BARANG] PENERIMAAN BARANG : detailGridView_CellValueChanged [productID]
[ADMIN] [1/10/2017 11:21] [PENERIMAAN BARANG] PENERIMAAN BARANG : detailGridView_CellValueChanged [productName]
[ADMIN] [1/10/2017 11:21] [PENJUALAN] CASHIER FORM : ComboBox_SelectedIndexChanged, PRODUCT_BASE_PRICE [20700]
[ADMIN] [1/10/2017 11:21] [PENERIMAAN BARANG] PENERIMAAN BARANG : detailGridView_CellValueChanged [hpp]
[ADMIN] [1/10/2017 11:21] [PENERIMAAN BARANG] PENERIMAAN BARANG : detailGridView_CellValueChanged [subtotal]
[ADMIN] [1/10/2017 11:21] [PENERIMAAN BARANG] PENERIMAAN BARANG : detailGridView_CellValueChanged [qtyReceived]
[ADMIN] [1/10/2017 11:21] [PENERIMAAN BARANG] PENERIMAAN BARANG : detailGridView_CellValueChanged [subtotal]
[ADMIN] [1/10/2017 11:21] [PENJUALAN] CASHIER FORM : ComboBox_SelectedIndexChanged, attempt to calculate total
[ADMIN] [1/10/2017 11:21] [PENERIMAAN BARANG] PENERIMAAN BARANG : detailGridView_CellValueChanged [qtyReceived]
[ADMIN] [1/10/2017 11:21] [PENERIMAAN BARANG] PENERIMAAN BARANG : detailGridView_CellValueChanged [subtotal]
[ADMIN] [1/10/2017 11:21] [PENERIMAAN BARANG] PENERIMAAN BARANG : detailGridView_CellValueChanged [subtotal]
[ADMIN] [1/10/2017 12:04] [PENERIMAAN BARANG] PENERIMAAN BARANG : detailGridView_CellValueChanged [expiryDate]
[ADMIN] [1/10/2017 12:04] [PENERIMAAN BARANG] PENERIMAAN BARANG : detailGridView_CellValueChanged [expiryDateValue]
[ADMIN] [1/10/2017 12:28] [PENERIMAAN BARANG] SAVE PENERIMAAN BARANG
[ADMIN] [1/10/2017 12:28] [PENERIMAAN BARANG] SAVE PENERIMAAN BARANG
[ADMIN] [1/10/2017 12:35] [] USER ID = 1LOGOUT
