[] [1/11/2017 15:20] [] USER = ADMIN IS ACTIVE
[ADMIN] [1/11/2017 15:20] [] USER ID = 1 LOGIN SUCCESSFULLY
[ADMIN] [1/11/2017 15:20] [] ACTIVATE USER ACCESS RIGHT
[ADMIN] [1/11/2017 15:20] [] DISPLAY ADMIN FORM
[ADMIN] [1/11/2017 15:20] [] adminForm Load
[ADMIN] [1/11/2017 15:20] [] ACTIVATE USER ACCESS RIGHT
[ADMIN] [1/11/2017 15:24] [] SERVER IP IS LOCALHOST
[ADMIN] [1/11/2017 15:24] [] UPDATE DATA ID 2
[ADMIN] [1/11/2017 15:25] [REQUEST ORDER] REQUEST ORDER : detailRequestOrderDataGridView_CellValueChanged [productID]
[ADMIN] [1/11/2017 15:25] [REQUEST ORDER] REQUEST ORDER : detailRequestOrderDataGridView_CellValueChanged [productID]
[ADMIN] [1/11/2017 15:25] [REQUEST ORDER] REQUEST ORDER : detailRequestOrderDataGridView_CellValueChanged [productID]
[ADMIN] [1/11/2017 15:25] [REQUEST ORDER] REQUEST ORDER : detailRequestOrderDataGridView_CellValueChanged [productID]
[ADMIN] [1/11/2017 15:25] [REQUEST ORDER] REQUEST ORDER : detailRequestOrderDataGridView_CellValueChanged [productName]
[ADMIN] [1/11/2017 15:25] [REQUEST ORDER] updateSomeRowsContent, PRODUCT_BASE_PRICE [100]
[ADMIN] [1/11/2017 15:25] [REQUEST ORDER] REQUEST ORDER : detailRequestOrderDataGridView_CellValueChanged [HPP]
[ADMIN] [1/11/2017 15:25] [REQUEST ORDER] REQUEST ORDER : detailRequestOrderDataGridView_CellValueChanged [qty]
[ADMIN] [1/11/2017 15:25] [REQUEST ORDER] REQUEST ORDER : detailRequestOrderDataGridView_CellValueChanged [subTotal]
[ADMIN] [1/11/2017 15:25] [REQUEST ORDER] REQUEST ORDER : detailRequestOrderDataGridView_CellValueChanged [subTotal]
[ADMIN] [1/11/2017 15:25] [REQUEST ORDER] updateSomeRowsContent, attempt to calculate total
[ADMIN] [1/11/2017 15:25] [REQUEST ORDER] REQUEST ORDER : detailRequestOrderDataGridView_CellValueChanged [qty]
[ADMIN] [1/11/2017 15:25] [REQUEST ORDER] REQUEST ORDER : detailRequestOrderDataGridView_CellValueChanged [subTotal]
[ADMIN] [1/11/2017 15:25] [REQUEST ORDER] REQUEST ORDER : detailRequestOrderDataGridView_CellValueChanged [qty]
[ADMIN] [1/11/2017 15:25] [REQUEST ORDER] REQUEST ORDER : detailRequestOrderDataGridView_CellValueChanged [subTotal]
[ADMIN] [1/11/2017 15:25] [REQUEST ORDER] REQUEST ORDER : detailRequestOrderDataGridView_CellValueChanged [qty]
[ADMIN] [1/11/2017 15:25] [REQUEST ORDER] REQUEST ORDER : detailRequestOrderDataGridView_CellValueChanged [subTotal]
[ADMIN] [1/11/2017 15:25] [REQUEST ORDER] ATTEMPT TO SAVE AND SEND DATA TO HQ
[ADMIN] [1/11/2017 15:25] [REQUEST ORDER] ATTEMPT TO SAVE TO LOCAL DATABASE
[ADMIN] [1/11/2017 15:25] [REQUEST ORDER] INSERT NEW REQUEST ORDER [RQ_11JAN]
[ADMIN] [1/11/2017 15:25] [REQUEST ORDER] INSERT DETAIL REQUEST ORDER [PROD11JAN_2]
[ADMIN] [1/11/2017 15:25] [REQUEST ORDER] REQUEST ORDER SAVED TO LOCAL DATABASE
[ADMIN] [1/11/2017 15:25] [REQUEST ORDER] ATTEMPT TO CONNECT TO HQ
[ADMIN] [1/11/2017 15:25] [REQUEST ORDER] CONNECTION TO HQ CREATED
[ADMIN] [1/11/2017 15:25] [REQUEST ORDER] ATTEMPT TO INSERT DATA TO HQ
[ADMIN] [1/11/2017 15:25] [REQUEST ORDER] INSERT REQUEST ORDER [RQ_11JAN] TO HQ
[ADMIN] [1/11/2017 15:25] [REQUEST ORDER] EXCEPTION THROWN [Duplicate entry 'RQ_11JAN' for key 'RO_INVOICE_UNIQUE']
[ADMIN] [1/11/2017 15:25] [REQUEST ORDER] REQUEST ORDER FAILED TO SENT TO HQ
[ADMIN] [1/11/2017 15:25] [REQUEST ORDER] ATTEMPT TO SAVE
[ADMIN] [1/11/2017 15:25] [REQUEST ORDER] INSERT NEW REQUEST ORDER [RQ_11JAN]
[ADMIN] [1/11/2017 15:25] [REQUEST ORDER] EXCEPTION THROWN [Duplicate entry 'RQ_11JAN' for key 'RO_INVOICE_UNIQUE']
[ADMIN] [1/11/2017 15:27] [MUTASI BARANG] SAVE/APPROVE MUTASI
[ADMIN] [1/11/2017 15:27] [] USER ID = 1LOGOUT
