[] [01/09/2016 8:27] [] USER = ADMIN IS ACTIVE
[ADMIN] [01/09/2016 8:27] [] USER ID = 1 LOGIN SUCCESSFULLY
[ADMIN] [01/09/2016 8:27] [] ACTIVATE USER ACCESS RIGHT
[ADMIN] [01/09/2016 8:27] [] DISPLAY ADMIN FORM
[ADMIN] [01/09/2016 8:27] [] adminForm Load
[ADMIN] [01/09/2016 8:27] [] ACTIVATE USER ACCESS RIGHT
[ADMIN] [01/09/2016 8:27] [PENJUALAN] CASHIER FORM : MULTIPLE CASHIER INSTANCE [1]
[ADMIN] [01/09/2016 8:27] [PENJUALAN] CASHIER FORM : REGISTER HOTKEY
[ADMIN] [01/09/2016 8:27] [PENJUALAN] CASHIER FORM : cashierForm_Load, ATTEMPT TO LOAD NO FAKTUR
[ADMIN] [01/09/2016 8:27] [PENJUALAN] CASHIER FORM : loadNoFaktur, noFakturValue [SLO001]
[ADMIN] [01/09/2016 8:27] [PENJUALAN] CASHIER FORM : cashierForm_Load, ATTEMPT TO addColumnToDataGrid
[ADMIN] [01/09/2016 8:27] [PENJUALAN] CASHIER FORM : UPDATE ROW NUMBER, TOTAL ROW [1]
[ADMIN] [01/09/2016 8:27] [PENJUALAN] CASHIER FORM : calculateTotal
[ADMIN] [01/09/2016 8:27] [PENJUALAN] CASHIER FORM : calculateTotal [0]
[ADMIN] [01/09/2016 8:27] [PENJUALAN] CASHIER FORM : calculateTotal, totalAfterDisc [0]
[ADMIN] [01/09/2016 8:27] [PENJUALAN] CASHIER FORM : calculateChangeValue, bayarTextBox.Text [0]
[ADMIN] [01/09/2016 8:27] [PENJUALAN] CASHIER FORM : calculateChangeValue, sisaBayar [0]
[ADMIN] [01/09/2016 8:27] [PENJUALAN] CASHIER FORM : REGISTER HOTKEY
[ADMIN] [01/09/2016 8:27] [PENJUALAN] CASHIER FORM : UPDATE ROW NUMBER, TOTAL ROW [2]
[ADMIN] [01/09/2016 8:27] [PENJUALAN] CASHIER FORM : UPDATE ROW NUMBER, TOTAL ROW [3]
[ADMIN] [01/09/2016 8:28] [PENJUALAN] CASHIER FORM : HOTKEY TO OPEN PRODUK SEARCH FORM PRESSED
[ADMIN] [01/09/2016 8:28] [PENJUALAN] CASHIER FORM : UNREGISTER HOTKEY
[ADMIN] [01/09/2016 8:28] [PENJUALAN] CASHIER FORM : REGISTER HOTKEY
[ADMIN] [01/09/2016 8:28] [PENJUALAN] CASHIER FORM : UNREGISTER HOTKEY
[ADMIN] [01/09/2016 8:28] [PENJUALAN] CASHIER FORM : UNREGISTER HOTKEY
[ADMIN] [01/09/2016 8:28] [] USER ID = 1LOGOUT
