[] [1/9/2017 12:13] [] USER = ADMIN IS ACTIVE
[ADMIN] [1/9/2017 12:13] [] USER ID = 1 LOGIN SUCCESSFULLY
[ADMIN] [1/9/2017 12:13] [] ACTIVATE USER ACCESS RIGHT
[ADMIN] [1/9/2017 12:13] [] DISPLAY ADMIN FORM
[ADMIN] [1/9/2017 12:13] [] adminForm Load
[ADMIN] [1/9/2017 12:13] [] ACTIVATE USER ACCESS RIGHT
[] [1/9/2017 12:17] [] USER = ADMIN IS ACTIVE
[ADMIN] [1/9/2017 12:17] [] USER ID = 1 LOGIN SUCCESSFULLY
[ADMIN] [1/9/2017 12:17] [] ACTIVATE USER ACCESS RIGHT
[ADMIN] [1/9/2017 12:17] [] DISPLAY ADMIN FORM
[ADMIN] [1/9/2017 12:17] [] adminForm Load
[ADMIN] [1/9/2017 12:17] [] ACTIVATE USER ACCESS RIGHT
[ADMIN] [1/9/2017 12:17] [MUTASI BARANG] MUTASI BARANG : detailRequestOrderDataGridView_CellValueChanged [productID]
[ADMIN] [1/9/2017 12:17] [MUTASI BARANG] MUTASI BARANG : detailRequestOrderDataGridView_CellValueChanged [productID]
[ADMIN] [1/9/2017 12:17] [MUTASI BARANG] MUTASI BARANG : detailRequestOrderDataGridView_CellValueChanged [productID]
[ADMIN] [1/9/2017 12:17] [MUTASI BARANG] MUTASI BARANG : detailRequestOrderDataGridView_CellValueChanged [productName]
[ADMIN] [1/9/2017 12:17] [MUTASI BARANG] updateSomeRowsContent, PRODUCT_BASE_PRICE [26625]
[ADMIN] [1/9/2017 12:17] [MUTASI BARANG] MUTASI BARANG : detailRequestOrderDataGridView_CellValueChanged [hpp]
[ADMIN] [1/9/2017 12:17] [MUTASI BARANG] MUTASI BARANG : detailRequestOrderDataGridView_CellValueChanged [qty]
[ADMIN] [1/9/2017 12:17] [MUTASI BARANG] MUTASI BARANG : detailRequestOrderDataGridView_CellValueChanged [qty]
[ADMIN] [1/9/2017 12:17] [MUTASI BARANG] MUTASI BARANG : detailRequestOrderDataGridView_CellValueChanged [subtotal]
[ADMIN] [1/9/2017 12:17] [MUTASI BARANG] updateSomeRowsContent, attempt to calculate total
[ADMIN] [1/9/2017 12:17] [MUTASI BARANG] MUTASI BARANG : detailRequestOrderDataGridView_CellValueChanged [qty]
[ADMIN] [1/9/2017 12:17] [MUTASI BARANG] MUTASI BARANG : detailRequestOrderDataGridView_CellValueChanged [qty]
[ADMIN] [1/9/2017 12:17] [MUTASI BARANG] MUTASI BARANG : detailRequestOrderDataGridView_CellValueChanged [subtotal]
[ADMIN] [1/9/2017 12:17] [MUTASI BARANG] MUTASI BARANG : detailRequestOrderDataGridView_CellValueChanged [qty]
[ADMIN] [1/9/2017 12:17] [MUTASI BARANG] MUTASI BARANG : detailRequestOrderDataGridView_CellValueChanged [qty]
[ADMIN] [1/9/2017 12:17] [MUTASI BARANG] MUTASI BARANG : detailRequestOrderDataGridView_CellValueChanged [qty]
[ADMIN] [1/9/2017 12:17] [MUTASI BARANG] MUTASI BARANG : detailRequestOrderDataGridView_CellValueChanged [qty]
[ADMIN] [1/9/2017 12:17] [MUTASI BARANG] MUTASI BARANG : detailRequestOrderDataGridView_CellValueChanged [qty]
[ADMIN] [1/9/2017 12:17] [MUTASI BARANG] MUTASI BARANG : detailRequestOrderDataGridView_CellValueChanged [qty]
[ADMIN] [1/9/2017 12:17] [MUTASI BARANG] MUTASI BARANG : detailRequestOrderDataGridView_CellValueChanged [qty]
[ADMIN] [1/9/2017 12:17] [MUTASI BARANG] MUTASI BARANG : detailRequestOrderDataGridView_CellValueChanged [subtotal]
[ADMIN] [1/9/2017 12:17] [MUTASI BARANG] MUTASI BARANG : detailRequestOrderDataGridView_CellValueChanged [qty]
[ADMIN] [1/9/2017 12:17] [MUTASI BARANG] MUTASI BARANG : detailRequestOrderDataGridView_CellValueChanged [qty]
[ADMIN] [1/9/2017 12:17] [MUTASI BARANG] MUTASI BARANG : detailRequestOrderDataGridView_CellValueChanged [qty]
[] [1/9/2017 12:21] [] USER = ADMIN IS ACTIVE
[ADMIN] [1/9/2017 12:21] [] USER ID = 1 LOGIN SUCCESSFULLY
[ADMIN] [1/9/2017 12:21] [] ACTIVATE USER ACCESS RIGHT
[ADMIN] [1/9/2017 12:21] [] DISPLAY ADMIN FORM
[ADMIN] [1/9/2017 12:21] [] adminForm Load
[ADMIN] [1/9/2017 12:21] [] ACTIVATE USER ACCESS RIGHT
[ADMIN] [1/9/2017 12:22] [] USER ID = 1LOGOUT
