[] [30/08/2016 12:33] [] USER = ADMIN IS ACTIVE
[ADMIN] [30/08/2016 12:33] [] USER ID = 1 LOGIN SUCCESSFULLY
[ADMIN] [30/08/2016 12:33] [] ACTIVATE USER ACCESS RIGHT
[ADMIN] [30/08/2016 12:33] [] DISPLAY ADMIN FORM
[ADMIN] [30/08/2016 12:33] [] adminForm Load
[ADMIN] [30/08/2016 12:33] [] ACTIVATE USER ACCESS RIGHT
[ADMIN] [30/08/2016 12:36] [TAMBAH / UPDATE PRODUK] UPDATE CURRENT PRODUCT DATA [101.00011]
[ADMIN] [30/08/2016 12:36] [TAMBAH / UPDATE PRODUK] UPDATE PRODUCT CATEGORY FOR [101.00011]
[ADMIN] [30/08/2016 12:36] [TAMBAH / UPDATE PRODUK] DELETE CURRENT PRODUCT CATEGORY FOR [101.00011]
[ADMIN] [30/08/2016 12:36] [TAMBAH / UPDATE PRODUK] INSERT PRODUCT CATEGORY FOR [101.00011]
[ADMIN] [30/08/2016 12:41] [TAMBAH / UPDATE PRODUK] UPDATE CURRENT PRODUCT DATA [089686041767]
[ADMIN] [30/08/2016 12:41] [TAMBAH / UPDATE PRODUK] UPDATE PRODUCT CATEGORY FOR [089686041767]
[ADMIN] [30/08/2016 12:41] [TAMBAH / UPDATE PRODUK] DELETE CURRENT PRODUCT CATEGORY FOR [089686041767]
[ADMIN] [30/08/2016 12:41] [TAMBAH / UPDATE PRODUK] INSERT PRODUCT CATEGORY FOR [089686041767]
[ADMIN] [30/08/2016 12:41] [TAMBAH / UPDATE PRODUK] UPDATE CURRENT PRODUCT DATA [089686041705]
[ADMIN] [30/08/2016 12:41] [TAMBAH / UPDATE PRODUK] UPDATE PRODUCT CATEGORY FOR [089686041705]
[ADMIN] [30/08/2016 12:41] [TAMBAH / UPDATE PRODUK] DELETE CURRENT PRODUCT CATEGORY FOR [089686041705]
[ADMIN] [30/08/2016 12:41] [TAMBAH / UPDATE PRODUK] INSERT PRODUCT CATEGORY FOR [089686041705]
[ADMIN] [30/08/2016 12:41] [TAMBAH / UPDATE PRODUK] UPDATE CURRENT PRODUCT DATA [089686041767]
[ADMIN] [30/08/2016 12:41] [TAMBAH / UPDATE PRODUK] UPDATE PRODUCT CATEGORY FOR [089686041767]
[ADMIN] [30/08/2016 12:41] [TAMBAH / UPDATE PRODUK] DELETE CURRENT PRODUCT CATEGORY FOR [089686041767]
[ADMIN] [30/08/2016 12:41] [TAMBAH / UPDATE PRODUK] INSERT PRODUCT CATEGORY FOR [089686041767]
[ADMIN] [30/08/2016 12:48] [TAMBAH / UPDATE PRODUK] UPDATE CURRENT PRODUCT DATA [089686043334]
[ADMIN] [30/08/2016 12:48] [TAMBAH / UPDATE PRODUK] UPDATE PRODUCT CATEGORY FOR [089686043334]
[ADMIN] [30/08/2016 12:48] [TAMBAH / UPDATE PRODUK] DELETE CURRENT PRODUCT CATEGORY FOR [089686043334]
[ADMIN] [30/08/2016 12:48] [TAMBAH / UPDATE PRODUK] INSERT PRODUCT CATEGORY FOR [089686043334]
[ADMIN] [30/08/2016 12:51] [PENGATURAN KATEGORI PRODUK] ADD CATEGORY [1] FOR PRODUCT [089686910704]
[ADMIN] [30/08/2016 12:51] [PENGATURAN KATEGORI PRODUK] ADD CATEGORY [1] FOR PRODUCT [089686010947]
[ADMIN] [30/08/2016 12:51] [PENGATURAN KATEGORI PRODUK] ADD CATEGORY [1] FOR PRODUCT [089686011036]
[ADMIN] [30/08/2016 12:51] [PENGATURAN KATEGORI PRODUK] ADD CATEGORY [1] FOR PRODUCT [089686010015]
[ADMIN] [30/08/2016 12:51] [PENGATURAN KATEGORI PRODUK] ADD CATEGORY [1] FOR PRODUCT [089686010046]
[ADMIN] [30/08/2016 12:51] [PENGATURAN KATEGORI PRODUK] ADD CATEGORY [1] FOR PRODUCT [089686010527]
[ADMIN] [30/08/2016 12:51] [PENGATURAN KATEGORI PRODUK] ADD CATEGORY [1] FOR PRODUCT [089686010343]
[ADMIN] [30/08/2016 12:51] [PENGATURAN KATEGORI PRODUK] ADD CATEGORY [1] FOR PRODUCT [089686910384]
[ADMIN] [30/08/2016 12:51] [PENGATURAN KATEGORI PRODUK] ADD CATEGORY [1] FOR PRODUCT [089686043358]
[ADMIN] [30/08/2016 12:51] [PENGATURAN KATEGORI PRODUK] ADD CATEGORY [1] FOR PRODUCT [089686043334]
[ADMIN] [30/08/2016 12:53] [TAMBAH / UPDATE PRODUK] INSERT NEW PRODUCT [8998866200998]
[ADMIN] [30/08/2016 12:53] [TAMBAH / UPDATE PRODUK] INSERT PRODUCT CATEGORY FOR [8998866200998]
[ADMIN] [30/08/2016 12:57] [TAMBAH / UPDATE PRODUK] INSERT NEW PRODUCT [8998866201346]
[ADMIN] [30/08/2016 12:57] [TAMBAH / UPDATE PRODUK] INSERT PRODUCT CATEGORY FOR [8998866201346]
[ADMIN] [30/08/2016 12:58] [TAMBAH / UPDATE PRODUK] UPDATE CURRENT PRODUCT DATA [8998866200578]
[ADMIN] [30/08/2016 12:58] [TAMBAH / UPDATE PRODUK] UPDATE PRODUCT CATEGORY FOR [8998866200578]
[ADMIN] [30/08/2016 12:58] [TAMBAH / UPDATE PRODUK] DELETE CURRENT PRODUCT CATEGORY FOR [8998866200578]
[ADMIN] [30/08/2016 12:58] [TAMBAH / UPDATE PRODUK] INSERT PRODUCT CATEGORY FOR [8998866200578]
[ADMIN] [30/08/2016 12:59] [TAMBAH / UPDATE PRODUK] UPDATE CURRENT PRODUCT DATA [8998866200929]
[ADMIN] [30/08/2016 12:59] [TAMBAH / UPDATE PRODUK] UPDATE PRODUCT CATEGORY FOR [8998866200929]
[ADMIN] [30/08/2016 12:59] [TAMBAH / UPDATE PRODUK] DELETE CURRENT PRODUCT CATEGORY FOR [8998866200929]
[ADMIN] [30/08/2016 12:59] [TAMBAH / UPDATE PRODUK] INSERT PRODUCT CATEGORY FOR [8998866200929]
[ADMIN] [30/08/2016 12:59] [TAMBAH / UPDATE PRODUK] UPDATE CURRENT PRODUCT DATA [8998866200325]
[ADMIN] [30/08/2016 12:59] [TAMBAH / UPDATE PRODUK] UPDATE PRODUCT CATEGORY FOR [8998866200325]
[ADMIN] [30/08/2016 12:59] [TAMBAH / UPDATE PRODUK] DELETE CURRENT PRODUCT CATEGORY FOR [8998866200325]
[ADMIN] [30/08/2016 12:59] [TAMBAH / UPDATE PRODUK] INSERT PRODUCT CATEGORY FOR [8998866200325]
[ADMIN] [30/08/2016 12:59] [TAMBAH / UPDATE PRODUK] UPDATE CURRENT PRODUCT DATA [8998866200332]
[ADMIN] [30/08/2016 12:59] [TAMBAH / UPDATE PRODUK] UPDATE PRODUCT CATEGORY FOR [8998866200332]
[ADMIN] [30/08/2016 12:59] [TAMBAH / UPDATE PRODUK] DELETE CURRENT PRODUCT CATEGORY FOR [8998866200332]
[ADMIN] [30/08/2016 12:59] [TAMBAH / UPDATE PRODUK] INSERT PRODUCT CATEGORY FOR [8998866200332]
[ADMIN] [30/08/2016 13:00] [TAMBAH / UPDATE PRODUK] UPDATE CURRENT PRODUCT DATA [8998866200509]
[ADMIN] [30/08/2016 13:00] [TAMBAH / UPDATE PRODUK] UPDATE PRODUCT CATEGORY FOR [8998866200509]
[ADMIN] [30/08/2016 13:00] [TAMBAH / UPDATE PRODUK] DELETE CURRENT PRODUCT CATEGORY FOR [8998866200509]
[ADMIN] [30/08/2016 13:00] [TAMBAH / UPDATE PRODUK] INSERT PRODUCT CATEGORY FOR [8998866200509]
[ADMIN] [30/08/2016 13:00] [TAMBAH / UPDATE PRODUK] UPDATE CURRENT PRODUCT DATA [8998866200578]
[ADMIN] [30/08/2016 13:00] [TAMBAH / UPDATE PRODUK] UPDATE PRODUCT CATEGORY FOR [8998866200578]
[ADMIN] [30/08/2016 13:00] [TAMBAH / UPDATE PRODUK] DELETE CURRENT PRODUCT CATEGORY FOR [8998866200578]
[ADMIN] [30/08/2016 13:00] [TAMBAH / UPDATE PRODUK] INSERT PRODUCT CATEGORY FOR [8998866200578]
[ADMIN] [30/08/2016 13:00] [TAMBAH / UPDATE PRODUK] UPDATE CURRENT PRODUCT DATA [8998866200448]
[ADMIN] [30/08/2016 13:00] [TAMBAH / UPDATE PRODUK] UPDATE PRODUCT CATEGORY FOR [8998866200448]
[ADMIN] [30/08/2016 13:00] [TAMBAH / UPDATE PRODUK] DELETE CURRENT PRODUCT CATEGORY FOR [8998866200448]
[ADMIN] [30/08/2016 13:00] [TAMBAH / UPDATE PRODUK] INSERT PRODUCT CATEGORY FOR [8998866200448]
[ADMIN] [30/08/2016 13:01] [TAMBAH / UPDATE PRODUK] UPDATE CURRENT PRODUCT DATA [8998866200936]
[ADMIN] [30/08/2016 13:01] [TAMBAH / UPDATE PRODUK] UPDATE PRODUCT CATEGORY FOR [8998866200936]
[ADMIN] [30/08/2016 13:01] [TAMBAH / UPDATE PRODUK] DELETE CURRENT PRODUCT CATEGORY FOR [8998866200936]
[ADMIN] [30/08/2016 13:01] [TAMBAH / UPDATE PRODUK] INSERT PRODUCT CATEGORY FOR [8998866200936]
[ADMIN] [30/08/2016 13:01] [TAMBAH / UPDATE PRODUK] UPDATE CURRENT PRODUCT DATA [8998866200318]
[ADMIN] [30/08/2016 13:01] [TAMBAH / UPDATE PRODUK] UPDATE PRODUCT CATEGORY FOR [8998866200318]
[ADMIN] [30/08/2016 13:01] [TAMBAH / UPDATE PRODUK] DELETE CURRENT PRODUCT CATEGORY FOR [8998866200318]
[ADMIN] [30/08/2016 13:01] [TAMBAH / UPDATE PRODUK] INSERT PRODUCT CATEGORY FOR [8998866200318]
[ADMIN] [30/08/2016 13:03] [PENGATURAN KATEGORI PRODUK] ADD CATEGORY [1] FOR PRODUCT [8998866200448]
[ADMIN] [30/08/2016 13:03] [PENGATURAN KATEGORI PRODUK] ADD CATEGORY [1] FOR PRODUCT [8998866200936]
[ADMIN] [30/08/2016 13:03] [PENGATURAN KATEGORI PRODUK] ADD CATEGORY [1] FOR PRODUCT [8998866200509]
[ADMIN] [30/08/2016 13:03] [PENGATURAN KATEGORI PRODUK] ADD CATEGORY [1] FOR PRODUCT [8998866200929]
[ADMIN] [30/08/2016 13:03] [PENGATURAN KATEGORI PRODUK] ADD CATEGORY [1] FOR PRODUCT [8998866200332]
[ADMIN] [30/08/2016 13:03] [PENGATURAN KATEGORI PRODUK] ADD CATEGORY [1] FOR PRODUCT [8998866200318]
[ADMIN] [30/08/2016 13:03] [PENGATURAN KATEGORI PRODUK] ADD CATEGORY [1] FOR PRODUCT [8998866200578]
[ADMIN] [30/08/2016 13:03] [PENGATURAN KATEGORI PRODUK] ADD CATEGORY [1] FOR PRODUCT [8998866200301]
[ADMIN] [30/08/2016 13:09] [TAMBAH / UPDATE PRODUK] INSERT NEW PRODUCT [8992388111206]
[ADMIN] [30/08/2016 13:09] [TAMBAH / UPDATE PRODUK] INSERT PRODUCT CATEGORY FOR [8992388111206]
[ADMIN] [30/08/2016 13:10] [TAMBAH / UPDATE PRODUK] INSERT NEW PRODUCT [8992388111145]
[ADMIN] [30/08/2016 13:10] [TAMBAH / UPDATE PRODUK] INSERT PRODUCT CATEGORY FOR [8992388111145]
[ADMIN] [30/08/2016 13:11] [TAMBAH / UPDATE PRODUK] INSERT NEW PRODUCT [8992388112401]
[ADMIN] [30/08/2016 13:11] [TAMBAH / UPDATE PRODUK] INSERT PRODUCT CATEGORY FOR [8992388112401]
[ADMIN] [30/08/2016 13:12] [PENGATURAN KATEGORI PRODUK] ADD CATEGORY [1] FOR PRODUCT [8992388111237]
[ADMIN] [30/08/2016 13:12] [PENGATURAN KATEGORI PRODUK] ADD CATEGORY [1] FOR PRODUCT [8992388111206]
[ADMIN] [30/08/2016 13:12] [PENGATURAN KATEGORI PRODUK] ADD CATEGORY [1] FOR PRODUCT [8992388111145]
[ADMIN] [30/08/2016 13:12] [PENGATURAN KATEGORI PRODUK] ADD CATEGORY [1] FOR PRODUCT [8992388112401]
[ADMIN] [30/08/2016 13:15] [TAMBAH / UPDATE PRODUK] INSERT NEW PRODUCT [8996001520291]
[ADMIN] [30/08/2016 13:15] [TAMBAH / UPDATE PRODUK] INSERT PRODUCT CATEGORY FOR [8996001520291]
[ADMIN] [30/08/2016 13:18] [TAMBAH / UPDATE PRODUK] UPDATE CURRENT PRODUCT DATA [101.00022]
[ADMIN] [30/08/2016 13:18] [TAMBAH / UPDATE PRODUK] UPDATE PRODUCT CATEGORY FOR [101.00022]
[ADMIN] [30/08/2016 13:18] [TAMBAH / UPDATE PRODUK] DELETE CURRENT PRODUCT CATEGORY FOR [101.00022]
[ADMIN] [30/08/2016 13:18] [TAMBAH / UPDATE PRODUK] INSERT PRODUCT CATEGORY FOR [101.00022]
[ADMIN] [30/08/2016 13:18] [TAMBAH / UPDATE PRODUK] UPDATE CURRENT PRODUCT DATA [101.00022]
[ADMIN] [30/08/2016 13:18] [TAMBAH / UPDATE PRODUK] UPDATE PRODUCT CATEGORY FOR [101.00022]
[ADMIN] [30/08/2016 13:18] [TAMBAH / UPDATE PRODUK] DELETE CURRENT PRODUCT CATEGORY FOR [101.00022]
[ADMIN] [30/08/2016 13:18] [TAMBAH / UPDATE PRODUK] INSERT PRODUCT CATEGORY FOR [101.00022]
[ADMIN] [30/08/2016 13:19] [TAMBAH / UPDATE PRODUK] UPDATE CURRENT PRODUCT DATA [089686018059]
[ADMIN] [30/08/2016 13:19] [TAMBAH / UPDATE PRODUK] UPDATE PRODUCT CATEGORY FOR [089686018059]
[ADMIN] [30/08/2016 13:19] [TAMBAH / UPDATE PRODUK] DELETE CURRENT PRODUCT CATEGORY FOR [089686018059]
[ADMIN] [30/08/2016 13:19] [TAMBAH / UPDATE PRODUK] INSERT PRODUCT CATEGORY FOR [089686018059]
[ADMIN] [30/08/2016 13:19] [] USER ID = 1LOGOUT
