[] [1/10/2017 12:54] [] USER = ADMIN IS ACTIVE
[ADMIN] [1/10/2017 12:54] [] USER ID = 1 LOGIN SUCCESSFULLY
[ADMIN] [1/10/2017 12:54] [] ACTIVATE USER ACCESS RIGHT
[ADMIN] [1/10/2017 12:54] [] DISPLAY ADMIN FORM
[ADMIN] [1/10/2017 12:54] [] adminForm Load
[ADMIN] [1/10/2017 12:54] [] ACTIVATE USER ACCESS RIGHT
[ADMIN] [1/10/2017 12:54] [REQUEST ORDER] REQUEST ORDER : detailRequestOrderDataGridView_CellValueChanged [productID]
[ADMIN] [1/10/2017 12:54] [REQUEST ORDER] REQUEST ORDER : detailRequestOrderDataGridView_CellValueChanged [productID]
[ADMIN] [1/10/2017 12:54] [REQUEST ORDER] REQUEST ORDER : detailRequestOrderDataGridView_CellValueChanged [productID]
[ADMIN] [1/10/2017 12:54] [REQUEST ORDER] REQUEST ORDER : detailRequestOrderDataGridView_CellValueChanged [productID]
[ADMIN] [1/10/2017 12:54] [REQUEST ORDER] REQUEST ORDER : detailRequestOrderDataGridView_CellValueChanged [productID]
[ADMIN] [1/10/2017 12:54] [REQUEST ORDER] REQUEST ORDER : detailRequestOrderDataGridView_CellValueChanged [productName]
[ADMIN] [1/10/2017 12:54] [REQUEST ORDER] updateSomeRowsContent, PRODUCT_BASE_PRICE [233845]
[ADMIN] [1/10/2017 12:54] [REQUEST ORDER] REQUEST ORDER : detailRequestOrderDataGridView_CellValueChanged [HPP]
[ADMIN] [1/10/2017 12:54] [REQUEST ORDER] REQUEST ORDER : detailRequestOrderDataGridView_CellValueChanged [qty]
[ADMIN] [1/10/2017 12:54] [REQUEST ORDER] REQUEST ORDER : detailRequestOrderDataGridView_CellValueChanged [subTotal]
[ADMIN] [1/10/2017 12:54] [REQUEST ORDER] REQUEST ORDER : detailRequestOrderDataGridView_CellValueChanged [subTotal]
[ADMIN] [1/10/2017 12:54] [REQUEST ORDER] updateSomeRowsContent, attempt to calculate total
[ADMIN] [1/10/2017 12:54] [REQUEST ORDER] REQUEST ORDER : detailRequestOrderDataGridView_CellValueChanged [qty]
[ADMIN] [1/10/2017 12:54] [REQUEST ORDER] REQUEST ORDER : detailRequestOrderDataGridView_CellValueChanged [subTotal]
[] [1/10/2017 12:55] [] USER = ADMIN IS ACTIVE
[ADMIN] [1/10/2017 12:55] [] USER ID = 1 LOGIN SUCCESSFULLY
[ADMIN] [1/10/2017 12:55] [] ACTIVATE USER ACCESS RIGHT
[ADMIN] [1/10/2017 12:55] [] DISPLAY ADMIN FORM
[ADMIN] [1/10/2017 12:55] [] adminForm Load
[ADMIN] [1/10/2017 12:55] [] ACTIVATE USER ACCESS RIGHT
[ADMIN] [1/10/2017 12:55] [REQUEST ORDER] REQUEST ORDER : detailRequestOrderDataGridView_CellValueChanged [productID]
[ADMIN] [1/10/2017 12:55] [REQUEST ORDER] REQUEST ORDER : detailRequestOrderDataGridView_CellValueChanged [productID]
[ADMIN] [1/10/2017 12:57] [REQUEST ORDER] REQUEST ORDER : detailRequestOrderDataGridView_CellValueChanged [productID]
[ADMIN] [1/10/2017 12:57] [REQUEST ORDER] REQUEST ORDER : detailRequestOrderDataGridView_CellValueChanged [productName]
[ADMIN] [1/10/2017 12:57] [REQUEST ORDER] updateSomeRowsContent, PRODUCT_BASE_PRICE [16625]
[ADMIN] [1/10/2017 12:57] [REQUEST ORDER] REQUEST ORDER : detailRequestOrderDataGridView_CellValueChanged [HPP]
[ADMIN] [1/10/2017 12:57] [REQUEST ORDER] REQUEST ORDER : detailRequestOrderDataGridView_CellValueChanged [qty]
[ADMIN] [1/10/2017 12:57] [REQUEST ORDER] REQUEST ORDER : detailRequestOrderDataGridView_CellValueChanged [subTotal]
[ADMIN] [1/10/2017 12:57] [REQUEST ORDER] REQUEST ORDER : detailRequestOrderDataGridView_CellValueChanged [subTotal]
[ADMIN] [1/10/2017 12:57] [REQUEST ORDER] updateSomeRowsContent, attempt to calculate total
[ADMIN] [1/10/2017 12:57] [REQUEST ORDER] REQUEST ORDER : detailRequestOrderDataGridView_CellValueChanged [qty]
[ADMIN] [1/10/2017 12:57] [REQUEST ORDER] REQUEST ORDER : detailRequestOrderDataGridView_CellValueChanged [subTotal]
[ADMIN] [1/10/2017 12:58] [PURCHASE ORDER] PURCHASE ORDER : detailPODataGridView_CellValueChanged [productID]
[ADMIN] [1/10/2017 12:58] [PURCHASE ORDER] PURCHASE ORDER : detailPODataGridView_CellValueChanged [productID]
[ADMIN] [1/10/2017 12:58] [PURCHASE ORDER] PURCHASE ORDER : detailPODataGridView_CellValueChanged [productID]
[ADMIN] [1/10/2017 12:58] [PURCHASE ORDER] PURCHASE ORDER : detailPODataGridView_CellValueChanged [productName]
[ADMIN] [1/10/2017 12:58] [PURCHASE ORDER] updateSomeRowsContent, PRODUCT_BASE_PRICE [9310]
[ADMIN] [1/10/2017 12:58] [PURCHASE ORDER] PURCHASE ORDER : detailPODataGridView_CellValueChanged [HPP]
[ADMIN] [1/10/2017 12:58] [PURCHASE ORDER] PURCHASE ORDER : detailPODataGridView_CellValueChanged [qty]
[ADMIN] [1/10/2017 12:58] [PURCHASE ORDER] PURCHASE ORDER : detailPODataGridView_CellValueChanged [subTotal]
[ADMIN] [1/10/2017 12:58] [PURCHASE ORDER] updateSomeRowsContent, attempt to calculate total
[ADMIN] [1/10/2017 12:58] [PURCHASE ORDER] PURCHASE ORDER : detailPODataGridView_CellValueChanged [qty]
[ADMIN] [1/10/2017 12:58] [PURCHASE ORDER] PURCHASE ORDER : detailPODataGridView_CellValueChanged [subTotal]
[ADMIN] [1/10/2017 12:58] [] USER ID = 1LOGOUT
