[] [1/23/2017 20:42] [] USER = ADMIN IS ACTIVE
[ADMIN] [1/23/2017 20:42] [] USER ID = 1 LOGIN SUCCESSFULLY
[ADMIN] [1/23/2017 20:42] [] ACTIVATE USER ACCESS RIGHT
[ADMIN] [1/23/2017 20:42] [] DISPLAY ADMIN FORM
[ADMIN] [1/23/2017 20:42] [] adminForm Load
[ADMIN] [1/23/2017 20:42] [] ACTIVATE USER ACCESS RIGHT
[ADMIN] [1/23/2017 20:42] [] USER ID = 1LOGOUT
[] [1/23/2017 20:47] [] USER = ADMIN IS ACTIVE
[ADMIN] [1/23/2017 20:47] [] USER ID = 1 LOGIN SUCCESSFULLY
[ADMIN] [1/23/2017 20:47] [] ACTIVATE USER ACCESS RIGHT
[ADMIN] [1/23/2017 20:47] [] DISPLAY ADMIN FORM
[ADMIN] [1/23/2017 20:47] [] adminForm Load
[ADMIN] [1/23/2017 20:47] [] ACTIVATE USER ACCESS RIGHT
[ADMIN] [1/23/2017 20:51] [PENJUALAN] CASHIER FORM : MULTIPLE CASHIER INSTANCE [1]
[ADMIN] [1/23/2017 20:51] [PENJUALAN] CASHIER FORM : REGISTER HOTKEY
[ADMIN] [1/23/2017 20:51] [PENJUALAN] CASHIER FORM : cashierForm_Load, ATTEMPT TO LOAD NO FAKTUR
[ADMIN] [1/23/2017 20:51] [PENJUALAN] CASHIER FORM : loadNoFaktur, noFakturValue [SLO001]
[ADMIN] [1/23/2017 20:51] [PENJUALAN] CASHIER FORM : cashierForm_Load, ATTEMPT TO addColumnToDataGrid
[ADMIN] [1/23/2017 20:51] [PENJUALAN] CASHIER FORM : UPDATE ROW NUMBER, TOTAL ROW [1]
[ADMIN] [1/23/2017 20:51] [PENJUALAN] CASHIER FORM : calculateTotal
[ADMIN] [1/23/2017 20:51] [PENJUALAN] CASHIER FORM : calculateTotal [0]
[ADMIN] [1/23/2017 20:51] [PENJUALAN] CASHIER FORM : calculateTotal, totalAfterDisc [0]
[ADMIN] [1/23/2017 20:51] [PENJUALAN] CASHIER FORM : calculateChangeValue, bayarTextBox.Text [0]
[ADMIN] [1/23/2017 20:51] [PENJUALAN] CASHIER FORM : calculateChangeValue, sisaBayar [0]
[ADMIN] [1/23/2017 20:51] [PENJUALAN] CASHIER FORM : REGISTER HOTKEY
[ADMIN] [1/23/2017 20:51] [PENJUALAN] CASHIER FORM : UNREGISTER HOTKEY
[ADMIN] [1/23/2017 20:51] [PENJUALAN] CASHIER FORM : REGISTER HOTKEY
[ADMIN] [1/23/2017 20:52] [PENJUALAN] CASHIER FORM : UNREGISTER HOTKEY
[ADMIN] [1/23/2017 20:52] [PENJUALAN] CASHIER FORM : REGISTER HOTKEY
[ADMIN] [1/23/2017 21:01] [PENJUALAN] CASHIER FORM : UNREGISTER HOTKEY
[ADMIN] [1/23/2017 21:01] [PENJUALAN] CASHIER FORM : UNREGISTER HOTKEY
[ADMIN] [1/23/2017 21:20] [] USER ID = 1LOGOUT
