[] [1/12/2017 10:40] [] USER = ADMIN IS ACTIVE
[ADMIN] [1/12/2017 10:40] [] USER ID = 1 LOGIN SUCCESSFULLY
[ADMIN] [1/12/2017 10:40] [] ACTIVATE USER ACCESS RIGHT
[ADMIN] [1/12/2017 10:40] [] DISPLAY ADMIN FORM
[ADMIN] [1/12/2017 10:40] [] adminForm Load
[ADMIN] [1/12/2017 10:40] [] ACTIVATE USER ACCESS RIGHT
[ADMIN] [1/12/2017 10:41] [MUTASI BARANG] SAVE/APPROVE MUTASI
[ADMIN] [1/12/2017 10:42] [MUTASI BARANG] MUTASI BARANG : detailRequestOrderDataGridView_CellValueChanged [expiryDate]
[ADMIN] [1/12/2017 10:42] [MUTASI BARANG] MUTASI BARANG : detailRequestOrderDataGridView_CellValueChanged [expiryDateValue]
[ADMIN] [1/12/2017 10:42] [MUTASI BARANG] MUTASI BARANG : detailRequestOrderDataGridView_CellValueChanged [qty]
[ADMIN] [1/12/2017 10:42] [MUTASI BARANG] MUTASI BARANG : detailRequestOrderDataGridView_CellValueChanged [qty]
[ADMIN] [1/12/2017 10:42] [MUTASI BARANG] MUTASI BARANG : detailRequestOrderDataGridView_CellValueChanged [qty]
[ADMIN] [1/12/2017 10:42] [MUTASI BARANG] MUTASI BARANG : detailRequestOrderDataGridView_CellValueChanged [qty]
[ADMIN] [1/12/2017 10:42] [MUTASI BARANG] MUTASI BARANG : detailRequestOrderDataGridView_CellValueChanged [qty]
[ADMIN] [1/12/2017 10:42] [MUTASI BARANG] MUTASI BARANG : detailRequestOrderDataGridView_CellValueChanged [qty]
[ADMIN] [1/12/2017 10:42] [MUTASI BARANG] MUTASI BARANG : detailRequestOrderDataGridView_CellValueChanged [qty]
[ADMIN] [1/12/2017 10:42] [MUTASI BARANG] MUTASI BARANG : detailRequestOrderDataGridView_CellValueChanged [qty]
[ADMIN] [1/12/2017 10:42] [MUTASI BARANG] MUTASI BARANG : detailRequestOrderDataGridView_CellValueChanged [qty]
[ADMIN] [1/12/2017 10:42] [MUTASI BARANG] MUTASI BARANG : detailRequestOrderDataGridView_CellValueChanged [qty]
[ADMIN] [1/12/2017 10:42] [MUTASI BARANG] MUTASI BARANG : detailRequestOrderDataGridView_CellValueChanged [expiryDate]
[ADMIN] [1/12/2017 10:42] [MUTASI BARANG] MUTASI BARANG : detailRequestOrderDataGridView_CellValueChanged [expiryDateValue]
[ADMIN] [1/12/2017 10:42] [MUTASI BARANG] MUTASI BARANG : detailRequestOrderDataGridView_CellValueChanged [qty]
[ADMIN] [1/12/2017 10:42] [MUTASI BARANG] MUTASI BARANG : detailRequestOrderDataGridView_CellValueChanged [subtotal]
[ADMIN] [1/12/2017 10:42] [MUTASI BARANG] MUTASI BARANG : detailRequestOrderDataGridView_CellValueChanged [qty]
[ADMIN] [1/12/2017 10:42] [MUTASI BARANG] MUTASI BARANG : detailRequestOrderDataGridView_CellValueChanged [subtotal]
[ADMIN] [1/12/2017 10:43] [MUTASI BARANG] MUTASI BARANG : detailRequestOrderDataGridView_CellValueChanged [expiryDate]
[ADMIN] [1/12/2017 10:43] [MUTASI BARANG] MUTASI BARANG : detailRequestOrderDataGridView_CellValueChanged [expiryDateValue]
[ADMIN] [1/12/2017 10:43] [MUTASI BARANG] MUTASI BARANG : detailRequestOrderDataGridView_CellValueChanged [qty]
[ADMIN] [1/12/2017 10:43] [MUTASI BARANG] MUTASI BARANG : detailRequestOrderDataGridView_CellValueChanged [qty]
[ADMIN] [1/12/2017 10:43] [MUTASI BARANG] MUTASI BARANG : detailRequestOrderDataGridView_CellValueChanged [qty]
[ADMIN] [1/12/2017 10:43] [MUTASI BARANG] MUTASI BARANG : detailRequestOrderDataGridView_CellValueChanged [qty]
[ADMIN] [1/12/2017 10:43] [MUTASI BARANG] MUTASI BARANG : detailRequestOrderDataGridView_CellValueChanged [qty]
[ADMIN] [1/12/2017 10:43] [MUTASI BARANG] MUTASI BARANG : detailRequestOrderDataGridView_CellValueChanged [qty]
[ADMIN] [1/12/2017 10:43] [MUTASI BARANG] MUTASI BARANG : detailRequestOrderDataGridView_CellValueChanged [qty]
[ADMIN] [1/12/2017 10:43] [MUTASI BARANG] MUTASI BARANG : detailRequestOrderDataGridView_CellValueChanged [qty]
[ADMIN] [1/12/2017 10:43] [MUTASI BARANG] MUTASI BARANG : detailRequestOrderDataGridView_CellValueChanged [qty]
[ADMIN] [1/12/2017 10:43] [MUTASI BARANG] MUTASI BARANG : detailRequestOrderDataGridView_CellValueChanged [qty]
[ADMIN] [1/12/2017 10:43] [MUTASI BARANG] MUTASI BARANG : detailRequestOrderDataGridView_CellValueChanged [qty]
[ADMIN] [1/12/2017 10:43] [MUTASI BARANG] MUTASI BARANG : detailRequestOrderDataGridView_CellValueChanged [qty]
[ADMIN] [1/12/2017 10:43] [MUTASI BARANG] MUTASI BARANG : detailRequestOrderDataGridView_CellValueChanged [qty]
[ADMIN] [1/12/2017 10:43] [MUTASI BARANG] MUTASI BARANG : detailRequestOrderDataGridView_CellValueChanged [qty]
[ADMIN] [1/12/2017 10:43] [MUTASI BARANG] MUTASI BARANG : detailRequestOrderDataGridView_CellValueChanged [qty]
[ADMIN] [1/12/2017 10:43] [MUTASI BARANG] MUTASI BARANG : detailRequestOrderDataGridView_CellValueChanged [qty]
[ADMIN] [1/12/2017 10:43] [MUTASI BARANG] MUTASI BARANG : detailRequestOrderDataGridView_CellValueChanged [qty]
[ADMIN] [1/12/2017 10:43] [MUTASI BARANG] MUTASI BARANG : detailRequestOrderDataGridView_CellValueChanged [qty]
[ADMIN] [1/12/2017 10:43] [MUTASI BARANG] MUTASI BARANG : detailRequestOrderDataGridView_CellValueChanged [qty]
[ADMIN] [1/12/2017 10:43] [MUTASI BARANG] MUTASI BARANG : detailRequestOrderDataGridView_CellValueChanged [qty]
[ADMIN] [1/12/2017 10:43] [MUTASI BARANG] MUTASI BARANG : detailRequestOrderDataGridView_CellValueChanged [expiryDate]
[ADMIN] [1/12/2017 10:43] [MUTASI BARANG] MUTASI BARANG : detailRequestOrderDataGridView_CellValueChanged [expiryDateValue]
[] [1/12/2017 10:46] [] USER = ADMIN IS ACTIVE
[ADMIN] [1/12/2017 10:46] [] USER ID = 1 LOGIN SUCCESSFULLY
[ADMIN] [1/12/2017 10:46] [] ACTIVATE USER ACCESS RIGHT
[ADMIN] [1/12/2017 10:46] [] DISPLAY ADMIN FORM
[ADMIN] [1/12/2017 10:46] [] adminForm Load
[ADMIN] [1/12/2017 10:46] [] ACTIVATE USER ACCESS RIGHT
[ADMIN] [1/12/2017 10:51] [MUTASI BARANG] SAVE/APPROVE MUTASI
[ADMIN] [1/12/2017 10:51] [MUTASI BARANG] MUTASI BARANG : detailRequestOrderDataGridView_CellValueChanged [expiryDate]
[ADMIN] [1/12/2017 10:51] [MUTASI BARANG] MUTASI BARANG : detailRequestOrderDataGridView_CellValueChanged [expiryDateValue]
[ADMIN] [1/12/2017 10:51] [MUTASI BARANG] MUTASI BARANG : detailRequestOrderDataGridView_CellValueChanged [expiryDate]
[ADMIN] [1/12/2017 10:51] [MUTASI BARANG] MUTASI BARANG : detailRequestOrderDataGridView_CellValueChanged [expiryDateValue]
[ADMIN] [1/12/2017 10:51] [MUTASI BARANG] MUTASI BARANG : detailRequestOrderDataGridView_CellValueChanged [qty]
[ADMIN] [1/12/2017 10:51] [MUTASI BARANG] MUTASI BARANG : detailRequestOrderDataGridView_CellValueChanged [qty]
[ADMIN] [1/12/2017 10:51] [MUTASI BARANG] MUTASI BARANG : detailRequestOrderDataGridView_CellValueChanged [expiryDate]
[ADMIN] [1/12/2017 10:51] [MUTASI BARANG] MUTASI BARANG : detailRequestOrderDataGridView_CellValueChanged [expiryDateValue]
[ADMIN] [1/12/2017 10:52] [MUTASI BARANG] SAVE/APPROVE MUTASI
[] [1/12/2017 10:55] [] USER = ADMIN IS ACTIVE
[ADMIN] [1/12/2017 10:55] [] USER ID = 1 LOGIN SUCCESSFULLY
[ADMIN] [1/12/2017 10:55] [] ACTIVATE USER ACCESS RIGHT
[ADMIN] [1/12/2017 10:55] [] DISPLAY ADMIN FORM
[ADMIN] [1/12/2017 10:55] [] adminForm Load
[ADMIN] [1/12/2017 10:55] [] ACTIVATE USER ACCESS RIGHT
[ADMIN] [1/12/2017 10:56] [MUTASI BARANG] SAVE/APPROVE MUTASI
[ADMIN] [1/12/2017 10:56] [MUTASI BARANG] GET NEW NO MUTASI [PM-8]
[ADMIN] [1/12/2017 10:56] [MUTASI BARANG] ADD NEW MUTASI [PM-8]
[ADMIN] [1/12/2017 10:56] [MUTASI BARANG] ADD DETAIL NEW MUTASI [PROD11JAN_2, 22]
[ADMIN] [1/12/2017 10:56] [MUTASI BARANG] REDUCE MASTER PRODUCT [PROD11JAN_2, 22]
[ADMIN] [1/12/2017 10:56] [MUTASI BARANG] EXCEPTION THROWN [Unable to cast object of type 'System.Windows.Forms.DataGridViewTextBoxCell' to type 'System.IConvertible'.]
[ADMIN] [1/12/2017 10:56] [MUTASI BARANG] SAVE/APPROVE MUTASI
[] [1/12/2017 10:58] [] USER = ADMIN IS ACTIVE
[ADMIN] [1/12/2017 10:58] [] USER ID = 1 LOGIN SUCCESSFULLY
[ADMIN] [1/12/2017 10:58] [] ACTIVATE USER ACCESS RIGHT
[ADMIN] [1/12/2017 10:58] [] DISPLAY ADMIN FORM
[ADMIN] [1/12/2017 10:58] [] adminForm Load
[ADMIN] [1/12/2017 10:58] [] ACTIVATE USER ACCESS RIGHT
[ADMIN] [1/12/2017 10:59] [MUTASI BARANG] SAVE/APPROVE MUTASI
[ADMIN] [1/12/2017 11:00] [MUTASI BARANG] GET NEW NO MUTASI [PM-8]
[ADMIN] [1/12/2017 11:00] [MUTASI BARANG] ADD NEW MUTASI [PM-8]
[ADMIN] [1/12/2017 11:00] [MUTASI BARANG] ADD DETAIL NEW MUTASI [PROD11JAN_2, 22]
[ADMIN] [1/12/2017 11:00] [MUTASI BARANG] REDUCE MASTER PRODUCT [PROD11JAN_2, 22]
[ADMIN] [1/12/2017 11:00] [MUTASI BARANG] EXCEPTION THROWN [Unable to cast object of type 'System.Windows.Forms.DataGridViewTextBoxCell' to type 'System.IConvertible'.]
[] [1/12/2017 11:01] [] USER = ADMIN IS ACTIVE
[ADMIN] [1/12/2017 11:01] [] USER ID = 1 LOGIN SUCCESSFULLY
[ADMIN] [1/12/2017 11:01] [] ACTIVATE USER ACCESS RIGHT
[ADMIN] [1/12/2017 11:01] [] DISPLAY ADMIN FORM
[ADMIN] [1/12/2017 11:01] [] adminForm Load
[ADMIN] [1/12/2017 11:01] [] ACTIVATE USER ACCESS RIGHT
[ADMIN] [1/12/2017 11:02] [MUTASI BARANG] SAVE/APPROVE MUTASI
[ADMIN] [1/12/2017 11:02] [MUTASI BARANG] MUTASI BARANG : detailRequestOrderDataGridView_CellValueChanged [expiryDate]
[ADMIN] [1/12/2017 11:02] [MUTASI BARANG] MUTASI BARANG : detailRequestOrderDataGridView_CellValueChanged [expiryDateValue]
[ADMIN] [1/12/2017 11:02] [MUTASI BARANG] MUTASI BARANG : detailRequestOrderDataGridView_CellValueChanged [expiryDate]
[ADMIN] [1/12/2017 11:02] [MUTASI BARANG] MUTASI BARANG : detailRequestOrderDataGridView_CellValueChanged [expiryDateValue]
[ADMIN] [1/12/2017 11:02] [MUTASI BARANG] SAVE/APPROVE MUTASI
[ADMIN] [1/12/2017 11:02] [MUTASI BARANG] GET NEW NO MUTASI [PM-8]
[ADMIN] [1/12/2017 11:02] [MUTASI BARANG] ADD NEW MUTASI [PM-8]
[ADMIN] [1/12/2017 11:02] [MUTASI BARANG] ADD DETAIL NEW MUTASI [PROD11JAN_2, 22]
[ADMIN] [1/12/2017 11:02] [MUTASI BARANG] REDUCE MASTER PRODUCT [PROD11JAN_2, 22]
[ADMIN] [1/12/2017 11:02] [MUTASI BARANG] EXCEPTION THROWN [Unable to cast object of type 'System.Windows.Forms.DataGridViewTextBoxCell' to type 'System.IConvertible'.]
[] [1/12/2017 11:04] [] USER = ADMIN IS ACTIVE
[ADMIN] [1/12/2017 11:04] [] USER ID = 1 LOGIN SUCCESSFULLY
[ADMIN] [1/12/2017 11:04] [] ACTIVATE USER ACCESS RIGHT
[ADMIN] [1/12/2017 11:04] [] DISPLAY ADMIN FORM
[ADMIN] [1/12/2017 11:04] [] adminForm Load
[ADMIN] [1/12/2017 11:04] [] ACTIVATE USER ACCESS RIGHT
[ADMIN] [1/12/2017 11:04] [MUTASI BARANG] SAVE/APPROVE MUTASI
[ADMIN] [1/12/2017 11:05] [MUTASI BARANG] MUTASI BARANG : detailRequestOrderDataGridView_CellValueChanged [expiryDate]
[ADMIN] [1/12/2017 11:05] [MUTASI BARANG] MUTASI BARANG : detailRequestOrderDataGridView_CellValueChanged [expiryDateValue]
[ADMIN] [1/12/2017 11:05] [MUTASI BARANG] SAVE/APPROVE MUTASI
[ADMIN] [1/12/2017 11:05] [MUTASI BARANG] GET NEW NO MUTASI [PM-8]
[ADMIN] [1/12/2017 11:05] [MUTASI BARANG] ADD NEW MUTASI [PM-8]
[ADMIN] [1/12/2017 11:05] [MUTASI BARANG] ADD DETAIL NEW MUTASI [PROD11JAN_2, 22]
[ADMIN] [1/12/2017 11:05] [MUTASI BARANG] REDUCE MASTER PRODUCT [PROD11JAN_2, 22]
[ADMIN] [1/12/2017 11:05] [MUTASI BARANG] REDUCE PRODUCT EXPIRY [PROD11JAN_2, 22]
[ADMIN] [1/12/2017 11:05] [MUTASI BARANG] UPDATE REQUEST ORDER [RQ_11JAN]
[ADMIN] [1/12/2017 11:05] [MUTASI BARANG] INSERT TO CREDIT TABLE [PM-8]
[ADMIN] [1/12/2017 11:05] [MUTASI BARANG] MUTASI SAVED TO LOCAL DATA
[ADMIN] [1/12/2017 11:05] [MUTASI BARANG] GET BRANCH ID TO UPDATE [1]
[ADMIN] [1/12/2017 11:05] [MUTASI BARANG] TRY TO CONNECT TO BRANCH [1]
[ADMIN] [1/12/2017 11:05] [MUTASI BARANG] FAILED TO UPDATE BRANCH DATA
[ADMIN] [1/12/2017 11:28] [] USER ID = 1LOGOUT
