[] [1/12/2017 13:42] [] USER = ADMIN IS ACTIVE
[ADMIN] [1/12/2017 13:42] [] USER ID = 1 LOGIN SUCCESSFULLY
[ADMIN] [1/12/2017 13:43] [] ACTIVATE USER ACCESS RIGHT
[ADMIN] [1/12/2017 13:43] [] DISPLAY ADMIN FORM
[ADMIN] [1/12/2017 13:43] [] adminForm Load
[ADMIN] [1/12/2017 13:43] [] ACTIVATE USER ACCESS RIGHT
[ADMIN] [1/12/2017 13:43] [RETUR PERMINTAAN KE PUSAT] RETUR PERMINTAAN : detailReturDataGridView_CellValueChanged [productID]
[ADMIN] [1/12/2017 13:43] [RETUR PERMINTAAN KE PUSAT] RETUR PERMINTAAN : detailReturDataGridView_CellValueChanged [productID]
[ADMIN] [1/12/2017 13:43] [RETUR PERMINTAAN KE PUSAT] RETUR PERMINTAAN : detailReturDataGridView_CellValueChanged [productID]
[ADMIN] [1/12/2017 13:43] [RETUR PERMINTAAN KE PUSAT] RETUR PERMINTAAN : detailReturDataGridView_CellValueChanged [productID]
[ADMIN] [1/12/2017 13:43] [RETUR PERMINTAAN KE PUSAT] RETUR PERMINTAAN : detailReturDataGridView_CellValueChanged [productID]
[ADMIN] [1/12/2017 13:43] [RETUR PERMINTAAN KE PUSAT] RETUR PERMINTAAN : detailReturDataGridView_CellValueChanged [productName]
[ADMIN] [1/12/2017 13:43] [RETUR PERMINTAAN KE PUSAT] updateSomeRowsContent, PRODUCT_BASE_PRICE [100]
[ADMIN] [1/12/2017 13:43] [RETUR PERMINTAAN KE PUSAT] RETUR PERMINTAAN : detailReturDataGridView_CellValueChanged [HPP]
[ADMIN] [1/12/2017 13:43] [RETUR PERMINTAAN KE PUSAT] RETUR PERMINTAAN : detailReturDataGridView_CellValueChanged [qty]
[ADMIN] [1/12/2017 13:43] [RETUR PERMINTAAN KE PUSAT] RETUR PERMINTAAN : detailReturDataGridView_CellValueChanged [subTotal]
[ADMIN] [1/12/2017 13:43] [RETUR PERMINTAAN KE PUSAT] RETUR PERMINTAAN : detailReturDataGridView_CellValueChanged [subTotal]
[ADMIN] [1/12/2017 13:43] [RETUR PERMINTAAN KE PUSAT] updateSomeRowsContent, attempt to calculate total
[ADMIN] [1/12/2017 13:43] [RETUR PERMINTAAN KE PUSAT] RETUR PERMINTAAN : detailReturDataGridView_CellValueChanged [expiryDateValue]
[ADMIN] [1/12/2017 13:43] [RETUR PERMINTAAN KE PUSAT] RETUR PERMINTAAN : detailReturDataGridView_CellValueChanged [expiryDate]
[ADMIN] [1/12/2017 13:43] [RETUR PERMINTAAN KE PUSAT] RETUR PERMINTAAN : detailReturDataGridView_CellValueChanged [qty]
[ADMIN] [1/12/2017 13:43] [RETUR PERMINTAAN KE PUSAT] RETUR PERMINTAAN : detailReturDataGridView_CellValueChanged [subTotal]
[ADMIN] [1/12/2017 13:43] [RETUR PERMINTAAN KE PUSAT] RETUR PERMINTAAN : detailReturDataGridView_CellValueChanged [subTotal]
[ADMIN] [1/12/2017 13:43] [RETUR PERMINTAAN KE PUSAT] RETUR PERMINTAAN : detailReturDataGridView_CellValueChanged [qty]
[ADMIN] [1/12/2017 13:43] [RETUR PERMINTAAN KE PUSAT] RETUR PERMINTAAN : detailReturDataGridView_CellValueChanged [subTotal]
[ADMIN] [1/12/2017 13:43] [RETUR PERMINTAAN KE PUSAT] RETUR PERMINTAAN : detailReturDataGridView_CellValueChanged [qty]
[ADMIN] [1/12/2017 13:43] [RETUR PERMINTAAN KE PUSAT] RETUR PERMINTAAN : detailReturDataGridView_CellValueChanged [subTotal]
[ADMIN] [1/12/2017 13:43] [RETUR PERMINTAAN KE PUSAT] RETUR PERMINTAAN : detailReturDataGridView_CellValueChanged [description]
[ADMIN] [1/12/2017 13:43] [RETUR PERMINTAAN KE PUSAT] RETUR PERMINTAAN : detailReturDataGridView_CellValueChanged [description]
[ADMIN] [1/12/2017 13:43] [RETUR PERMINTAAN KE PUSAT] RETUR PERMINTAAN : detailReturDataGridView_CellValueChanged [description]
[ADMIN] [1/12/2017 13:43] [RETUR PERMINTAAN KE PUSAT] RETUR PERMINTAAN : detailReturDataGridView_CellValueChanged [description]
[ADMIN] [1/12/2017 13:43] [RETUR PERMINTAAN KE PUSAT] RETUR PERMINTAAN : detailReturDataGridView_CellValueChanged [description]
[ADMIN] [1/12/2017 13:43] [RETUR PERMINTAAN KE PUSAT] RETUR PERMINTAAN : detailReturDataGridView_CellValueChanged [description]
[ADMIN] [1/12/2017 13:43] [RETUR PEMBELIAN KE SUPPLIER] ATTEMPT TO SAVE TO LOCAL DATA FIRST
[ADMIN] [1/12/2017 13:43] [RETUR PEMBELIAN KE SUPPLIER] INSERT TO RETURN PURCHASE HEADER
[ADMIN] [1/12/2017 13:43] [RETUR PEMBELIAN KE SUPPLIER] INSERT TO RETURN PURCHASE DETAIL
[ADMIN] [1/12/2017 13:43] [RETUR PEMBELIAN KE SUPPLIER] UPDATE MASTER PRODUCT
[ADMIN] [1/12/2017 13:43] [RETUR PENJUALAN] UPDATE PRODUCT EXPIRY QTY [1/27/2017 00:00:00]
[ADMIN] [1/12/2017 13:54] [RETUR PERMINTAAN KE PUSAT] RETUR PERMINTAAN : detailReturDataGridView_CellValueChanged [productID]
[ADMIN] [1/12/2017 13:54] [RETUR PERMINTAAN KE PUSAT] RETUR PERMINTAAN : detailReturDataGridView_CellValueChanged [productID]
[ADMIN] [1/12/2017 13:54] [RETUR PERMINTAAN KE PUSAT] RETUR PERMINTAAN : detailReturDataGridView_CellValueChanged [productID]
[ADMIN] [1/12/2017 13:54] [RETUR PERMINTAAN KE PUSAT] RETUR PERMINTAAN : detailReturDataGridView_CellValueChanged [productID]
[ADMIN] [1/12/2017 13:54] [RETUR PERMINTAAN KE PUSAT] RETUR PERMINTAAN : detailReturDataGridView_CellValueChanged [productID]
[ADMIN] [1/12/2017 13:54] [RETUR PERMINTAAN KE PUSAT] RETUR PERMINTAAN : detailReturDataGridView_CellValueChanged [productID]
[ADMIN] [1/12/2017 13:54] [RETUR PERMINTAAN KE PUSAT] RETUR PERMINTAAN : detailReturDataGridView_CellValueChanged [productID]
[ADMIN] [1/12/2017 13:54] [RETUR PERMINTAAN KE PUSAT] RETUR PERMINTAAN : detailReturDataGridView_CellValueChanged [productID]
[ADMIN] [1/12/2017 13:54] [RETUR PERMINTAAN KE PUSAT] RETUR PERMINTAAN : detailReturDataGridView_CellValueChanged [productID]
[ADMIN] [1/12/2017 13:54] [RETUR PERMINTAAN KE PUSAT] RETUR PERMINTAAN : detailReturDataGridView_CellValueChanged [productID]
[ADMIN] [1/12/2017 13:54] [RETUR PERMINTAAN KE PUSAT] RETUR PERMINTAAN : detailReturDataGridView_CellValueChanged [productID]
[ADMIN] [1/12/2017 13:54] [RETUR PERMINTAAN KE PUSAT] RETUR PERMINTAAN : detailReturDataGridView_CellValueChanged [productID]
[ADMIN] [1/12/2017 13:54] [RETUR PERMINTAAN KE PUSAT] RETUR PERMINTAAN : detailReturDataGridView_CellValueChanged [productID]
[ADMIN] [1/12/2017 13:54] [RETUR PERMINTAAN KE PUSAT] RETUR PERMINTAAN : detailReturDataGridView_CellValueChanged [productID]
[ADMIN] [1/12/2017 13:54] [RETUR PERMINTAAN KE PUSAT] RETUR PERMINTAAN : detailReturDataGridView_CellValueChanged [productID]
[ADMIN] [1/12/2017 13:54] [RETUR PERMINTAAN KE PUSAT] RETUR PERMINTAAN : detailReturDataGridView_CellValueChanged [productName]
[ADMIN] [1/12/2017 13:54] [RETUR PERMINTAAN KE PUSAT] updateSomeRowsContent, PRODUCT_BASE_PRICE [100]
[ADMIN] [1/12/2017 13:54] [RETUR PERMINTAAN KE PUSAT] RETUR PERMINTAAN : detailReturDataGridView_CellValueChanged [HPP]
[ADMIN] [1/12/2017 13:54] [RETUR PERMINTAAN KE PUSAT] RETUR PERMINTAAN : detailReturDataGridView_CellValueChanged [qty]
[ADMIN] [1/12/2017 13:54] [RETUR PERMINTAAN KE PUSAT] RETUR PERMINTAAN : detailReturDataGridView_CellValueChanged [subTotal]
[ADMIN] [1/12/2017 13:54] [RETUR PERMINTAAN KE PUSAT] RETUR PERMINTAAN : detailReturDataGridView_CellValueChanged [subTotal]
[ADMIN] [1/12/2017 13:54] [RETUR PERMINTAAN KE PUSAT] updateSomeRowsContent, attempt to calculate total
[ADMIN] [1/12/2017 13:54] [RETUR PERMINTAAN KE PUSAT] RETUR PERMINTAAN : detailReturDataGridView_CellValueChanged [expiryDateValue]
[ADMIN] [1/12/2017 13:54] [RETUR PERMINTAAN KE PUSAT] RETUR PERMINTAAN : detailReturDataGridView_CellValueChanged [expiryDate]
[ADMIN] [1/12/2017 13:54] [RETUR PERMINTAAN KE PUSAT] RETUR PERMINTAAN : detailReturDataGridView_CellValueChanged [qty]
[ADMIN] [1/12/2017 13:54] [RETUR PERMINTAAN KE PUSAT] RETUR PERMINTAAN : detailReturDataGridView_CellValueChanged [subTotal]
[ADMIN] [1/12/2017 13:54] [RETUR PERMINTAAN KE PUSAT] RETUR PERMINTAAN : detailReturDataGridView_CellValueChanged [subTotal]
[ADMIN] [1/12/2017 13:54] [RETUR PERMINTAAN KE PUSAT] RETUR PERMINTAAN : detailReturDataGridView_CellValueChanged [qty]
[ADMIN] [1/12/2017 13:54] [RETUR PERMINTAAN KE PUSAT] RETUR PERMINTAAN : detailReturDataGridView_CellValueChanged [subTotal]
[ADMIN] [1/12/2017 13:54] [RETUR PERMINTAAN KE PUSAT] RETUR PERMINTAAN : detailReturDataGridView_CellValueChanged [qty]
[ADMIN] [1/12/2017 13:54] [RETUR PERMINTAAN KE PUSAT] RETUR PERMINTAAN : detailReturDataGridView_CellValueChanged [subTotal]
[ADMIN] [1/12/2017 13:54] [RETUR PERMINTAAN KE PUSAT] RETUR PERMINTAAN : detailReturDataGridView_CellValueChanged [description]
[ADMIN] [1/12/2017 13:54] [RETUR PERMINTAAN KE PUSAT] RETUR PERMINTAAN : detailReturDataGridView_CellValueChanged [description]
[ADMIN] [1/12/2017 13:54] [RETUR PERMINTAAN KE PUSAT] RETUR PERMINTAAN : detailReturDataGridView_CellValueChanged [description]
[ADMIN] [1/12/2017 13:54] [RETUR PERMINTAAN KE PUSAT] RETUR PERMINTAAN : detailReturDataGridView_CellValueChanged [description]
[ADMIN] [1/12/2017 13:54] [RETUR PERMINTAAN KE PUSAT] RETUR PERMINTAAN : detailReturDataGridView_CellValueChanged [description]
[ADMIN] [1/12/2017 13:54] [RETUR PERMINTAAN KE PUSAT] RETUR PERMINTAAN : detailReturDataGridView_CellValueChanged [description]
[ADMIN] [1/12/2017 13:54] [RETUR PERMINTAAN KE PUSAT] RETUR PERMINTAAN : detailReturDataGridView_CellValueChanged [description]
[ADMIN] [1/12/2017 13:54] [RETUR PERMINTAAN KE PUSAT] RETUR PERMINTAAN : detailReturDataGridView_CellValueChanged [description]
[ADMIN] [1/12/2017 13:54] [RETUR PERMINTAAN KE PUSAT] RETUR PERMINTAAN : detailReturDataGridView_CellValueChanged [description]
[ADMIN] [1/12/2017 13:54] [RETUR PERMINTAAN KE PUSAT] RETUR PERMINTAAN : detailReturDataGridView_CellValueChanged [description]
[ADMIN] [1/12/2017 13:54] [RETUR PERMINTAAN KE PUSAT] RETUR PERMINTAAN : detailReturDataGridView_CellValueChanged [description]
[ADMIN] [1/12/2017 13:54] [RETUR PERMINTAAN KE PUSAT] RETUR PERMINTAAN : detailReturDataGridView_CellValueChanged [description]
[ADMIN] [1/12/2017 13:54] [RETUR PERMINTAAN KE PUSAT] RETUR PERMINTAAN : detailReturDataGridView_CellValueChanged [description]
[ADMIN] [1/12/2017 13:54] [RETUR PEMBELIAN KE SUPPLIER] ATTEMPT TO SAVE TO LOCAL DATA FIRST
[ADMIN] [1/12/2017 13:54] [RETUR PEMBELIAN KE SUPPLIER] INSERT TO RETURN PURCHASE HEADER
[ADMIN] [1/12/2017 13:54] [RETUR PEMBELIAN KE SUPPLIER] INSERT TO RETURN PURCHASE DETAIL
[ADMIN] [1/12/2017 13:54] [RETUR PEMBELIAN KE SUPPLIER] UPDATE MASTER PRODUCT
[ADMIN] [1/12/2017 13:54] [RETUR PENJUALAN] UPDATE PRODUCT EXPIRY QTY [1/27/2017 00:00:00]
[ADMIN] [1/12/2017 14:19] [PENERIMAAN BARANG] PENERIMAAN BARANG : detailGridView_CellValueChanged [productID]
[ADMIN] [1/12/2017 14:19] [PENERIMAAN BARANG] PENERIMAAN BARANG : detailGridView_CellValueChanged [productID]
[ADMIN] [1/12/2017 14:19] [PENERIMAAN BARANG] PENERIMAAN BARANG : detailGridView_CellValueChanged [productID]
[] [1/12/2017 14:25] [] USER = ADMIN IS ACTIVE
[ADMIN] [1/12/2017 14:26] [] USER ID = 1 LOGIN SUCCESSFULLY
[ADMIN] [1/12/2017 14:26] [] ACTIVATE USER ACCESS RIGHT
[ADMIN] [1/12/2017 14:26] [] DISPLAY ADMIN FORM
[ADMIN] [1/12/2017 14:26] [] adminForm Load
[ADMIN] [1/12/2017 14:26] [] ACTIVATE USER ACCESS RIGHT
[] [1/12/2017 14:28] [] USER = ADMIN IS ACTIVE
[ADMIN] [1/12/2017 14:28] [] USER ID = 1 LOGIN SUCCESSFULLY
[ADMIN] [1/12/2017 14:28] [] ACTIVATE USER ACCESS RIGHT
[ADMIN] [1/12/2017 14:28] [] DISPLAY ADMIN FORM
[ADMIN] [1/12/2017 14:28] [] adminForm Load
[ADMIN] [1/12/2017 14:28] [] ACTIVATE USER ACCESS RIGHT
[ADMIN] [1/12/2017 14:29] [] USER ID = 1LOGOUT
