[] [9/29/2016 22:39] [] USER = ADMIN IS ACTIVE
[ADMIN] [9/29/2016 22:39] [] USER ID = 1 LOGIN SUCCESSFULLY
[ADMIN] [9/29/2016 22:39] [] ACTIVATE USER ACCESS RIGHT
[ADMIN] [9/29/2016 22:39] [] DISPLAY ADMIN FORM
[ADMIN] [9/29/2016 22:39] [] adminForm Load
[ADMIN] [9/29/2016 22:39] [] ACTIVATE USER ACCESS RIGHT
[ADMIN] [9/29/2016 22:39] [PENJUALAN] CASHIER FORM : MULTIPLE CASHIER INSTANCE [1]
[ADMIN] [9/29/2016 22:39] [PENJUALAN] CASHIER FORM : REGISTER HOTKEY
[ADMIN] [9/29/2016 22:39] [PENJUALAN] CASHIER FORM : cashierForm_Load, ATTEMPT TO LOAD NO FAKTUR
[ADMIN] [9/29/2016 22:39] [PENJUALAN] CASHIER FORM : loadNoFaktur, noFakturValue [SLO001]
[ADMIN] [9/29/2016 22:39] [PENJUALAN] CASHIER FORM : cashierForm_Load, ATTEMPT TO addColumnToDataGrid
[ADMIN] [9/29/2016 22:39] [PENJUALAN] CASHIER FORM : UPDATE ROW NUMBER, TOTAL ROW [1]
[ADMIN] [9/29/2016 22:39] [PENJUALAN] CASHIER FORM : cashierDataGridView_CellValueChanged [F8]
[ADMIN] [9/29/2016 22:39] [PENJUALAN] CASHIER FORM : calculateTotal
[ADMIN] [9/29/2016 22:39] [PENJUALAN] CASHIER FORM : calculateTotal [0]
[ADMIN] [9/29/2016 22:39] [PENJUALAN] CASHIER FORM : calculateTotal, totalAfterDisc [0]
[ADMIN] [9/29/2016 22:39] [PENJUALAN] CASHIER FORM : calculateChangeValue, bayarTextBox.Text [0]
[ADMIN] [9/29/2016 22:39] [PENJUALAN] CASHIER FORM : calculateChangeValue, sisaBayar [0]
[ADMIN] [9/29/2016 22:39] [PENJUALAN] CASHIER FORM : REGISTER HOTKEY
[ADMIN] [9/29/2016 22:40] [PENJUALAN] CASHIER FORM : HOTKEY TO OPEN PRODUK SEARCH FORM PRESSED
[ADMIN] [9/29/2016 22:40] [PENJUALAN] CASHIER FORM : UNREGISTER HOTKEY
[ADMIN] [9/29/2016 22:40] [PENJUALAN] CASHIER FORM : ADD NEW ROW FROM BARCODE [ALPO PUPPY 1 KG]
[ADMIN] [9/29/2016 22:40] [PENJUALAN] CASHIER FORM : ADD NEW ROW,  isActive [False]
[ADMIN] [9/29/2016 22:40] [PENJUALAN] CASHIER FORM : ADD NEW ROW,  ROW COUNT [0]
[ADMIN] [9/29/2016 22:40] [PENJUALAN] CASHIER FORM : ADD NEW ROW,  ALLOW TO ADD [True]
[ADMIN] [9/29/2016 22:40] [PENJUALAN] CASHIER FORM : UPDATE ROW NUMBER, TOTAL ROW [1]
[ADMIN] [9/29/2016 22:40] [PENJUALAN] CASHIER FORM : cashierDataGridView_CellValueChanged [F8]
[ADMIN] [9/29/2016 22:40] [PENJUALAN] CASHIER FORM : cashierDataGridView_CellValueChanged [hpp]
[ADMIN] [9/29/2016 22:40] [PENJUALAN] CASHIER FORM : cashierDataGridView_CellValueChanged [productPrice]
[ADMIN] [9/29/2016 22:40] [PENJUALAN] CASHIER FORM : cashierDataGridView_CellValueChanged, previousInput [0]
[ADMIN] [9/29/2016 22:40] [PENJUALAN] CASHIER FORM : cashierDataGridView_CellValueChanged [qty]
[ADMIN] [9/29/2016 22:40] [PENJUALAN] CASHIER FORM : cashierDataGridView_CellValueChanged, previousInput [0]
[ADMIN] [9/29/2016 22:40] [PENJUALAN] CASHIER FORM : cashierDataGridView_CellValueChanged [jumlah]
[ADMIN] [9/29/2016 22:40] [PENJUALAN] CASHIER FORM : NEW ROW ADDED [0]
[ADMIN] [9/29/2016 22:40] [PENJUALAN] CASHIER FORM : updateSomeRowContents
[ADMIN] [9/29/2016 22:40] [PENJUALAN] CASHIER FORM : cashierDataGridView_CellValueChanged [productID]
[ADMIN] [9/29/2016 22:40] [PENJUALAN] CASHIER FORM : cashierDataGridView_CellValueChanged [productName]
[ADMIN] [9/29/2016 22:40] [PENJUALAN] CASHIER FORM : updateSomeRowContents
[ADMIN] [9/29/2016 22:40] [PENJUALAN] CASHIER FORM : PRODUCT PRICE TYPE [PRODUCT_BASE_PRICE]
[ADMIN] [9/29/2016 22:40] [PENJUALAN] CASHIER FORM : PRODUCT PRICE [26625]
[ADMIN] [9/29/2016 22:40] [PENJUALAN] CASHIER FORM : ComboBox_SelectedIndexChanged, PRODUCT_BASE_PRICE [26625]
[ADMIN] [9/29/2016 22:40] [PENJUALAN] CASHIER FORM : cashierDataGridView_CellValueChanged [hpp]
[ADMIN] [9/29/2016 22:40] [PENJUALAN] CASHIER FORM : PRODUCT PRICE TYPE [PRODUCT_RETAIL_PRICE]
[ADMIN] [9/29/2016 22:40] [PENJUALAN] CASHIER FORM : PRODUCT PRICE [34000]
[ADMIN] [9/29/2016 22:40] [PENJUALAN] CASHIER FORM : ComboBox_SelectedIndexChanged, PRODUCT_SALES_PRICE [34000]
[ADMIN] [9/29/2016 22:40] [PENJUALAN] CASHIER FORM : cashierDataGridView_CellValueChanged [productPrice]
[ADMIN] [9/29/2016 22:40] [PENJUALAN] CASHIER FORM : cashierDataGridView_CellValueChanged, previousInput [0]
[ADMIN] [9/29/2016 22:40] [PENJUALAN] CASHIER FORM : cashierDataGridView_CellValueChanged, cellValue [34000]
[ADMIN] [9/29/2016 22:40] [PENJUALAN] CASHIER FORM : cashierDataGridView_CellValueChanged, dataGridViewTextBoxEditingControl.Text pass REGEX Checking
[ADMIN] [9/29/2016 22:40] [PENJUALAN] CASHIER FORM : CALCULATE SUBTOTAL
[ADMIN] [9/29/2016 22:40] [PENJUALAN] CASHIER FORM : SUBTOTAL [0]
[ADMIN] [9/29/2016 22:40] [PENJUALAN] CASHIER FORM : cashierDataGridView_CellValueChanged, subtotal value [0]
[ADMIN] [9/29/2016 22:40] [PENJUALAN] CASHIER FORM : cashierDataGridView_CellValueChanged [jumlah]
[ADMIN] [9/29/2016 22:40] [PENJUALAN] CASHIER FORM : cashierDataGridView_CellValueChanged, attempt to calculate total value
[ADMIN] [9/29/2016 22:40] [PENJUALAN] CASHIER FORM : calculateTotal
[ADMIN] [9/29/2016 22:40] [PENJUALAN] CASHIER FORM : calculateTotal [0]
[ADMIN] [9/29/2016 22:40] [PENJUALAN] CASHIER FORM : calculateTotal, totalAfterDisc [0]
[ADMIN] [9/29/2016 22:40] [PENJUALAN] CASHIER FORM : calculateChangeValue, bayarTextBox.Text [0]
[ADMIN] [9/29/2016 22:40] [PENJUALAN] CASHIER FORM : calculateChangeValue, sisaBayar [0]
[ADMIN] [9/29/2016 22:40] [PENJUALAN] CASHIER FORM : cashierDataGridView_CellValueChanged [qty]
[ADMIN] [9/29/2016 22:40] [PENJUALAN] CASHIER FORM : cashierDataGridView_CellValueChanged, previousInput [0]
[ADMIN] [9/29/2016 22:40] [PENJUALAN] CASHIER FORM : cashierDataGridView_CellValueChanged [jumlah]
[ADMIN] [9/29/2016 22:40] [PENJUALAN] CASHIER FORM : calculateTotal
[ADMIN] [9/29/2016 22:40] [PENJUALAN] CASHIER FORM : calculateTotal [0]
[ADMIN] [9/29/2016 22:40] [PENJUALAN] CASHIER FORM : calculateTotal, totalAfterDisc [0]
[ADMIN] [9/29/2016 22:40] [PENJUALAN] CASHIER FORM : calculateChangeValue, bayarTextBox.Text [0]
[ADMIN] [9/29/2016 22:40] [PENJUALAN] CASHIER FORM : calculateChangeValue, sisaBayar [0]
[ADMIN] [9/29/2016 22:40] [PENJUALAN] CASHIER FORM : CHECK STOCK QTY IS ENOUGH [ALPO-P1]
[ADMIN] [9/29/2016 22:40] [PENJUALAN] CASHIER FORM : CHECK STOCK QTY IS ENOUGH [9953, 1]
[ADMIN] [9/29/2016 22:40] [PENJUALAN] CASHIER FORM : cashierDataGridView_CellValueChanged [qty]
[ADMIN] [9/29/2016 22:40] [PENJUALAN] CASHIER FORM : cashierDataGridView_CellValueChanged, previousInput [0]
[ADMIN] [9/29/2016 22:40] [PENJUALAN] CASHIER FORM : cashierDataGridView_CellValueChanged, cellValue [1]
[ADMIN] [9/29/2016 22:40] [PENJUALAN] CASHIER FORM : cashierDataGridView_CellValueChanged, dataGridViewTextBoxEditingControl.Text pass REGEX Checking
[ADMIN] [9/29/2016 22:40] [PENJUALAN] CASHIER FORM : CHECK STOCK QTY IS ENOUGH [ALPO-P1]
[ADMIN] [9/29/2016 22:40] [PENJUALAN] CASHIER FORM : CHECK STOCK QTY IS ENOUGH [9953, 1]
[ADMIN] [9/29/2016 22:40] [PENJUALAN] CASHIER FORM : CALCULATE SUBTOTAL
[ADMIN] [9/29/2016 22:40] [PENJUALAN] CASHIER FORM : SUBTOTAL [34000]
[ADMIN] [9/29/2016 22:40] [PENJUALAN] CASHIER FORM : cashierDataGridView_CellValueChanged, subtotal value [34000]
[ADMIN] [9/29/2016 22:40] [PENJUALAN] CASHIER FORM : cashierDataGridView_CellValueChanged [jumlah]
[ADMIN] [9/29/2016 22:40] [PENJUALAN] CASHIER FORM : cashierDataGridView_CellValueChanged, attempt to calculate total value
[ADMIN] [9/29/2016 22:40] [PENJUALAN] CASHIER FORM : calculateTotal
[ADMIN] [9/29/2016 22:40] [PENJUALAN] CASHIER FORM : calculateTotal [0]
[ADMIN] [9/29/2016 22:40] [PENJUALAN] CASHIER FORM : calculateTotal, totalAfterDisc [0]
[ADMIN] [9/29/2016 22:40] [PENJUALAN] CASHIER FORM : calculateChangeValue, bayarTextBox.Text [0]
[ADMIN] [9/29/2016 22:40] [PENJUALAN] CASHIER FORM : calculateChangeValue, sisaBayar [0]
[ADMIN] [9/29/2016 22:40] [PENJUALAN] CASHIER FORM : SET QTY TO 1 BECAUSE OF NEW ROW
[ADMIN] [9/29/2016 22:40] [PENJUALAN] CASHIER FORM : CALCULATE SUBTOTAL
[ADMIN] [9/29/2016 22:40] [PENJUALAN] CASHIER FORM : SUBTOTAL [34000]
[ADMIN] [9/29/2016 22:40] [PENJUALAN] CASHIER FORM : calculateTotal
[ADMIN] [9/29/2016 22:40] [PENJUALAN] CASHIER FORM : calculateTotal [0]
[ADMIN] [9/29/2016 22:40] [PENJUALAN] CASHIER FORM : calculateTotal, totalAfterDisc [0]
[ADMIN] [9/29/2016 22:40] [PENJUALAN] CASHIER FORM : calculateChangeValue, bayarTextBox.Text [0]
[ADMIN] [9/29/2016 22:40] [PENJUALAN] CASHIER FORM : calculateChangeValue, sisaBayar [0]
[ADMIN] [9/29/2016 22:40] [PENJUALAN] CASHIER FORM : UPDATE ROW NUMBER, TOTAL ROW [2]
[ADMIN] [9/29/2016 22:40] [PENJUALAN] CASHIER FORM : cashierDataGridView_CellValueChanged [F8]
[ADMIN] [9/29/2016 22:40] [PENJUALAN] CASHIER FORM : REGISTER HOTKEY
[ADMIN] [9/29/2016 22:40] [PENJUALAN] CASHIER FORM : Combobox_previewKeyDown, cashierDataGridView.CurrentCell.OwningColumn.Name  [productID]
[ADMIN] [9/29/2016 22:40] [PENJUALAN] CASHIER FORM : Combobox_previewKeyDown, cashierDataGridView.CurrentCell.OwningColumn.Name  [productID]
[ADMIN] [9/29/2016 22:40] [PENJUALAN] CASHIER FORM : productName_previewKeyDown, cashierDataGridView.CurrentCell.OwningColumn.Name  [productName]
[ADMIN] [9/29/2016 22:40] [PENJUALAN] CASHIER FORM : productName_previewKeyDown, cashierDataGridView.CurrentCell.OwningColumn.Name  [productName]
[ADMIN] [9/29/2016 22:40] [PENJUALAN] CASHIER FORM : productName_previewKeyDown, cashierDataGridView.CurrentCell.OwningColumn.Name  [productName]
[ADMIN] [9/29/2016 22:40] [PENJUALAN] CASHIER FORM : UNREGISTER HOTKEY
[ADMIN] [9/29/2016 22:40] [PENJUALAN] CASHIER FORM : UNREGISTER HOTKEY
[ADMIN] [9/29/2016 22:40] [] USER ID = 1LOGOUT
