[] [9/21/2016 12:08] [] USER = ADMIN IS ACTIVE
[ADMIN] [9/21/2016 12:08] [] USER ID = 1 LOGIN SUCCESSFULLY
[ADMIN] [9/21/2016 12:08] [] ACTIVATE USER ACCESS RIGHT
[ADMIN] [9/21/2016 12:08] [] DISPLAY ADMIN FORM
[ADMIN] [9/21/2016 12:08] [] adminForm Load
[ADMIN] [9/21/2016 12:08] [] ACTIVATE USER ACCESS RIGHT
[ADMIN] [9/21/2016 12:08] [PENJUALAN] CASHIER FORM : MULTIPLE CASHIER INSTANCE [1]
[ADMIN] [9/21/2016 12:08] [PENJUALAN] CASHIER FORM : REGISTER HOTKEY
[ADMIN] [9/21/2016 12:08] [PENJUALAN] CASHIER FORM : cashierForm_Load, ATTEMPT TO LOAD NO FAKTUR
[ADMIN] [9/21/2016 12:08] [PENJUALAN] CASHIER FORM : loadNoFaktur, noFakturValue [SLO001]
[ADMIN] [9/21/2016 12:08] [PENJUALAN] CASHIER FORM : cashierForm_Load, ATTEMPT TO addColumnToDataGrid
[ADMIN] [9/21/2016 12:08] [PENJUALAN] CASHIER FORM : UPDATE ROW NUMBER, TOTAL ROW [1]
[ADMIN] [9/21/2016 12:08] [PENJUALAN] CASHIER FORM : cashierDataGridView_CellValueChanged [F8]
[ADMIN] [9/21/2016 12:08] [PENJUALAN] CASHIER FORM : calculateTotal
[ADMIN] [9/21/2016 12:08] [PENJUALAN] CASHIER FORM : calculateTotal [0]
[ADMIN] [9/21/2016 12:08] [PENJUALAN] CASHIER FORM : calculateTotal, totalAfterDisc [0]
[ADMIN] [9/21/2016 12:08] [PENJUALAN] CASHIER FORM : calculateChangeValue, bayarTextBox.Text [0]
[ADMIN] [9/21/2016 12:08] [PENJUALAN] CASHIER FORM : calculateChangeValue, sisaBayar [0]
[ADMIN] [9/21/2016 12:08] [PENJUALAN] CASHIER FORM : REGISTER HOTKEY
[ADMIN] [9/21/2016 12:08] [PENJUALAN] CASHIER FORM : Combobox_KeyUp, cashierDataGridView.CurrentCell.OwningColumn.Name  [productID]
[ADMIN] [9/21/2016 12:08] [PENJUALAN] CASHIER FORM : UNREGISTER HOTKEY
[ADMIN] [9/21/2016 12:08] [PENJUALAN] CASHIER FORM : REGISTER HOTKEY
[ADMIN] [9/21/2016 12:08] [PENJUALAN] CASHIER FORM : Combobox_previewKeyDown, cashierDataGridView.CurrentCell.OwningColumn.Name  [productID]
[ADMIN] [9/21/2016 12:08] [PENJUALAN] CASHIER FORM : productName_previewKeyDown, cashierDataGridView.CurrentCell.OwningColumn.Name  [productName]
[ADMIN] [9/21/2016 12:08] [PENJUALAN] CASHIER FORM : Combobox_KeyUp, cashierDataGridView.CurrentCell.OwningColumn.Name  [productPrice]
[ADMIN] [9/21/2016 12:08] [PENJUALAN] CASHIER FORM : Combobox_KeyUp, cashierDataGridView.CurrentCell.OwningColumn.Name  [productPrice]
[ADMIN] [9/21/2016 12:08] [PENJUALAN] CASHIER FORM : Combobox_KeyUp, cashierDataGridView.CurrentCell.OwningColumn.Name  [productPrice]
[ADMIN] [9/21/2016 12:08] [PENJUALAN] CASHIER FORM : Combobox_KeyUp, cashierDataGridView.CurrentCell.OwningColumn.Name  [productPrice]
[ADMIN] [9/21/2016 12:08] [PENJUALAN] CASHIER FORM : Combobox_KeyUp, cashierDataGridView.CurrentCell.OwningColumn.Name  [productPrice]
[ADMIN] [9/21/2016 12:08] [PENJUALAN] CASHIER FORM : Combobox_KeyUp, cashierDataGridView.CurrentCell.OwningColumn.Name  [productPrice]
[ADMIN] [9/21/2016 12:08] [PENJUALAN] CASHIER FORM : Combobox_KeyUp, cashierDataGridView.CurrentCell.OwningColumn.Name  [productPrice]
[ADMIN] [9/21/2016 12:08] [PENJUALAN] CASHIER FORM : Combobox_KeyUp, cashierDataGridView.CurrentCell.OwningColumn.Name  [productPrice]
[ADMIN] [9/21/2016 12:08] [PENJUALAN] CASHIER FORM : Combobox_KeyUp, cashierDataGridView.CurrentCell.OwningColumn.Name  [productPrice]
[ADMIN] [9/21/2016 12:08] [PENJUALAN] CASHIER FORM : Combobox_KeyUp, cashierDataGridView.CurrentCell.OwningColumn.Name  [productPrice]
[ADMIN] [9/21/2016 12:08] [PENJUALAN] CASHIER FORM : Combobox_KeyUp, cashierDataGridView.CurrentCell.OwningColumn.Name  [productPrice]
[ADMIN] [9/21/2016 12:08] [PENJUALAN] CASHIER FORM : Combobox_KeyUp, cashierDataGridView.CurrentCell.OwningColumn.Name  [productPrice]
[ADMIN] [9/21/2016 12:08] [PENJUALAN] CASHIER FORM : Combobox_KeyUp, cashierDataGridView.CurrentCell.OwningColumn.Name  [productPrice]
[ADMIN] [9/21/2016 12:08] [PENJUALAN] CASHIER FORM : Combobox_KeyUp, cashierDataGridView.CurrentCell.OwningColumn.Name  [productPrice]
[ADMIN] [9/21/2016 12:08] [PENJUALAN] CASHIER FORM : Combobox_KeyUp, cashierDataGridView.CurrentCell.OwningColumn.Name  [productPrice]
[ADMIN] [9/21/2016 12:08] [PENJUALAN] CASHIER FORM : Combobox_KeyUp, cashierDataGridView.CurrentCell.OwningColumn.Name  [productPrice]
[ADMIN] [9/21/2016 12:08] [PENJUALAN] CASHIER FORM : Combobox_KeyUp, cashierDataGridView.CurrentCell.OwningColumn.Name  [productPrice]
[ADMIN] [9/21/2016 12:08] [PENJUALAN] CASHIER FORM : Combobox_KeyUp, cashierDataGridView.CurrentCell.OwningColumn.Name  [productPrice]
[ADMIN] [9/21/2016 12:08] [PENJUALAN] CASHIER FORM : UNREGISTER HOTKEY
[ADMIN] [9/21/2016 12:08] [PENJUALAN] CASHIER FORM : UNREGISTER HOTKEY
[ADMIN] [9/21/2016 12:08] [] USER ID = 1LOGOUT
