[] [14/01/2017 17:54] [] USER = ADMIN IS ACTIVE
[ADMIN] [14/01/2017 17:54] [] USER ID = 1 LOGIN SUCCESSFULLY
[ADMIN] [14/01/2017 17:54] [] ACTIVATE USER ACCESS RIGHT
[ADMIN] [14/01/2017 17:54] [] DISPLAY ADMIN FORM
[ADMIN] [14/01/2017 17:54] [] adminForm Load
[ADMIN] [14/01/2017 17:54] [] CREATE PRODUCT_PHOTO FOLDER
[ADMIN] [14/01/2017 17:54] [] ACTIVATE USER ACCESS RIGHT
[] [14/01/2017 18:02] [] USER = ADMIN IS ACTIVE
[ADMIN] [14/01/2017 18:02] [] USER ID = 1 LOGIN SUCCESSFULLY
[ADMIN] [14/01/2017 18:02] [] ACTIVATE USER ACCESS RIGHT
[ADMIN] [14/01/2017 18:02] [] DISPLAY ADMIN FORM
[ADMIN] [14/01/2017 18:02] [] adminForm Load
[ADMIN] [14/01/2017 18:02] [] ACTIVATE USER ACCESS RIGHT
[ADMIN] [14/01/2017 18:02] [PEMBAYARAN PIUTANG] ATTEMPT TO SAVE PAYMENT CREDIT
[ADMIN] [14/01/2017 18:02] [PEMBAYARAN PIUTANG] PAYMENT CREDIT BY CASH
[ADMIN] [14/01/2017 18:02] [PEMBAYARAN PIUTANG] BRANCH ID [0]
[ADMIN] [14/01/2017 18:02] [PEMBAYARAN PIUTANG] INSERT INTO PAYMENT CREDIT [521, 27800]
[ADMIN] [14/01/2017 18:02] [PEMBAYARAN PIUTANG] UPDATE CREDIT SET TO FULLY PAID [521]
[ADMIN] [14/01/2017 18:02] [PEMBAYARAN PIUTANG] UPDATE SALES HEADER SET TO FULLY PAID [SLO001-521]
[ADMIN] [14/01/2017 18:02] [PEMBAYARAN PIUTANG] UPDATE SALES HEADER TAX SET TO FULLY PAID [SLO001-521]
[ADMIN] [14/01/2017 18:02] [PEMBAYARAN PIUTANG] EXCEPTION THROWN [Unknown column 'ORIGIN_SALES_INVOICE' in 'where clause']
[ADMIN] [14/01/2017 18:03] [PEMBAYARAN PIUTANG] ATTEMPT TO SAVE PAYMENT CREDIT
[ADMIN] [14/01/2017 18:03] [PEMBAYARAN PIUTANG] PAYMENT CREDIT BY CASH
[ADMIN] [14/01/2017 18:03] [PEMBAYARAN PIUTANG] BRANCH ID [0]
[ADMIN] [14/01/2017 18:03] [PEMBAYARAN PIUTANG] INSERT INTO PAYMENT CREDIT [521, 27800]
[ADMIN] [14/01/2017 18:03] [PEMBAYARAN PIUTANG] UPDATE CREDIT SET TO FULLY PAID [521]
[ADMIN] [14/01/2017 18:03] [PEMBAYARAN PIUTANG] UPDATE SALES HEADER SET TO FULLY PAID [SLO001-521]
[ADMIN] [14/01/2017 18:03] [PEMBAYARAN PIUTANG] UPDATE SALES HEADER TAX SET TO FULLY PAID [SLO001-521]
[ADMIN] [14/01/2017 18:03] [PEMBAYARAN PIUTANG] EXCEPTION THROWN [Unknown column 'ORIGIN_SALES_INVOICE' in 'where clause']
[] [14/01/2017 18:08] [] USER = ADMIN IS ACTIVE
[] [14/01/2017 18:08] [] USER = ADMIN IS ACTIVE
[] [14/01/2017 18:08] [] USER = ADMIN IS ACTIVE
[ADMIN] [14/01/2017 18:08] [] USER ID = 1 LOGIN SUCCESSFULLY
[ADMIN] [14/01/2017 18:08] [] ACTIVATE USER ACCESS RIGHT
[ADMIN] [14/01/2017 18:08] [] DISPLAY ADMIN FORM
[ADMIN] [14/01/2017 18:08] [] adminForm Load
[ADMIN] [14/01/2017 18:08] [] ACTIVATE USER ACCESS RIGHT
[] [14/01/2017 18:09] [] USER = ADMIN IS ACTIVE
[ADMIN] [14/01/2017 18:09] [] USER ID = 1 LOGIN SUCCESSFULLY
[ADMIN] [14/01/2017 18:09] [] ACTIVATE USER ACCESS RIGHT
[ADMIN] [14/01/2017 18:09] [] DISPLAY ADMIN FORM
[ADMIN] [14/01/2017 18:09] [] adminForm Load
[ADMIN] [14/01/2017 18:09] [] ACTIVATE USER ACCESS RIGHT
[ADMIN] [14/01/2017 18:10] [PENJUALAN] RETUR PENJUALAN FORM : ChangePrinterButton_Click, DISPLAY PRINTER SELECTION FORM
[ADMIN] [14/01/2017 18:11] [] USER ID = 1LOGOUT
