[] [8/31/2016 15:17] [] USER = ADMIN IS ACTIVE
[ADMIN] [8/31/2016 15:17] [] USER ID = 1 LOGIN SUCCESSFULLY
[ADMIN] [8/31/2016 15:17] [] ACTIVATE USER ACCESS RIGHT
[ADMIN] [8/31/2016 15:17] [] DISPLAY ADMIN FORM
[ADMIN] [8/31/2016 15:17] [] adminForm Load
[ADMIN] [8/31/2016 15:17] [] ACTIVATE USER ACCESS RIGHT
[ADMIN] [8/31/2016 15:17] [PENJUALAN] CASHIER FORM : MULTIPLE CASHIER INSTANCE [1]
[ADMIN] [8/31/2016 15:17] [PENJUALAN] CASHIER FORM : REGISTER HOTKEY
[ADMIN] [8/31/2016 15:17] [PENJUALAN] CASHIER FORM : cashierForm_Load, ATTEMPT TO LOAD NO FAKTUR
[ADMIN] [8/31/2016 15:17] [PENJUALAN] CASHIER FORM : loadNoFaktur, noFakturValue [SLO001]
[ADMIN] [8/31/2016 15:17] [PENJUALAN] CASHIER FORM : cashierForm_Load, ATTEMPT TO addColumnToDataGrid
[ADMIN] [8/31/2016 15:17] [PENJUALAN] CASHIER FORM : UPDATE ROW NUMBER, TOTAL ROW [1]
[ADMIN] [8/31/2016 15:17] [PENJUALAN] CASHIER FORM : calculateTotal
[ADMIN] [8/31/2016 15:17] [PENJUALAN] CASHIER FORM : calculateTotal [0]
[ADMIN] [8/31/2016 15:17] [PENJUALAN] CASHIER FORM : calculateTotal, totalAfterDisc [0]
[ADMIN] [8/31/2016 15:17] [PENJUALAN] CASHIER FORM : calculateChangeValue, bayarTextBox.Text [0]
[ADMIN] [8/31/2016 15:17] [PENJUALAN] CASHIER FORM : calculateChangeValue, sisaBayar [0]
[ADMIN] [8/31/2016 15:17] [PENJUALAN] CASHIER FORM : REGISTER HOTKEY
[ADMIN] [8/31/2016 15:17] [PENJUALAN] CASHIER FORM : UNREGISTER HOTKEY
[ADMIN] [8/31/2016 15:17] [PENJUALAN] CASHIER FORM : UNREGISTER HOTKEY
[ADMIN] [8/31/2016 15:17] [] USER ID = 1LOGOUT
