[] [7/22/2016 11:59 AM] [] USER = ADMIN IS ACTIVE
[ADMIN] [7/22/2016 11:59 AM] [] USER ID = 1 LOGIN SUCCESSFULLY
[ADMIN] [7/22/2016 11:59 AM] [] ACTIVATE USER ACCESS RIGHT
[ADMIN] [7/22/2016 11:59 AM] [] DISPLAY ADMIN FORM
[ADMIN] [7/22/2016 11:59 AM] [] adminForm Load
[ADMIN] [7/22/2016 11:59 AM] [PENJUALAN] CASHIER FORM : MULTIPLE CASHIER INSTANCE [1]
[ADMIN] [7/22/2016 11:59 AM] [PENJUALAN] CASHIER FORM : REGISTER HOTKEY
[ADMIN] [7/22/2016 11:59 AM] [PENJUALAN] CASHIER FORM : cashierForm_Load, ATTEMPT TO LOAD NO FAKTUR
[ADMIN] [7/22/2016 11:59 AM] [PENJUALAN] CASHIER FORM : loadNoFaktur, noFakturValue [SLO001]
[ADMIN] [7/22/2016 11:59 AM] [PENJUALAN] CASHIER FORM : cashierForm_Load, ATTEMPT TO addColumnToDataGrid
[ADMIN] [7/22/2016 11:59 AM] [PENJUALAN] CASHIER FORM : UPDATE ROW NUMBER, TOTAL ROW [1]
[ADMIN] [7/22/2016 11:59 AM] [PENJUALAN] CASHIER FORM : calculateTotal
[ADMIN] [7/22/2016 11:59 AM] [PENJUALAN] CASHIER FORM : calculateTotal [0]
[ADMIN] [7/22/2016 11:59 AM] [PENJUALAN] CASHIER FORM : calculateTotal, totalAfterDisc [0]
[ADMIN] [7/22/2016 11:59 AM] [PENJUALAN] CASHIER FORM : calculateChangeValue, bayarTextBox.Text [0]
[ADMIN] [7/22/2016 11:59 AM] [PENJUALAN] CASHIER FORM : calculateChangeValue, sisaBayar [0]
[ADMIN] [7/22/2016 11:59 AM] [PENJUALAN] CASHIER FORM : REGISTER HOTKEY
[ADMIN] [7/22/2016 11:59 AM] [PENJUALAN] CASHIER FORM : UPDATE ROW NUMBER, TOTAL ROW [2]
[ADMIN] [7/22/2016 11:59 AM] [PENJUALAN] CASHIER FORM : PRODUCT PRICE TYPE [PRODUCT_BASE_PRICE]
[ADMIN] [7/22/2016 11:59 AM] [PENJUALAN] CASHIER FORM : PRODUCT PRICE [26625]
[ADMIN] [7/22/2016 11:59 AM] [PENJUALAN] CASHIER FORM : ComboBox_SelectedIndexChanged, PRODUCT_BASE_PRICE [26625]
[ADMIN] [7/22/2016 11:59 AM] [PENJUALAN] CASHIER FORM : PRODUCT PRICE TYPE [PRODUCT_RETAIL_PRICE]
[ADMIN] [7/22/2016 11:59 AM] [PENJUALAN] CASHIER FORM : PRODUCT PRICE [34000]
[ADMIN] [7/22/2016 11:59 AM] [PENJUALAN] CASHIER FORM : ComboBox_SelectedIndexChanged, PRODUCT_SALES_PRICE [34000]
[ADMIN] [7/22/2016 11:59 AM] [PENJUALAN] CASHIER FORM : calculateTotal
[ADMIN] [7/22/2016 11:59 AM] [PENJUALAN] CASHIER FORM : calculateTotal [0]
[ADMIN] [7/22/2016 11:59 AM] [PENJUALAN] CASHIER FORM : calculateTotal, totalAfterDisc [0]
[ADMIN] [7/22/2016 11:59 AM] [PENJUALAN] CASHIER FORM : calculateChangeValue, bayarTextBox.Text [0]
[ADMIN] [7/22/2016 11:59 AM] [PENJUALAN] CASHIER FORM : calculateChangeValue, sisaBayar [0]
[ADMIN] [7/22/2016 11:59 AM] [PENJUALAN] CASHIER FORM : TextBox_TextChanged, isLoading [False]
[ADMIN] [7/22/2016 11:59 AM] [PENJUALAN] CASHIER FORM : TextBox_TextChanged, rowSelectedIndex [0]
[ADMIN] [7/22/2016 11:59 AM] [PENJUALAN] CASHIER FORM : TextBox_TextChanged, previousInput [0]
[ADMIN] [7/22/2016 11:59 AM] [PENJUALAN] CASHIER FORM : TextBox_TextChanged, dataGridViewTextBoxEditingControl.Text [0]
[ADMIN] [7/22/2016 11:59 AM] [PENJUALAN] CASHIER FORM : TextBox_TextChanged, dataGridViewTextBoxEditingControl.Text pass REGEX Checking
[ADMIN] [7/22/2016 11:59 AM] [PENJUALAN] CASHIER FORM : CHECK STOCK QTY IS ENOUGH [ALPO-P1]
[ADMIN] [7/22/2016 11:59 AM] [PENJUALAN] CASHIER FORM : CHECK STOCK QTY IS ENOUGH [9956, 0]
[ADMIN] [7/22/2016 11:59 AM] [PENJUALAN] CASHIER FORM : CALCULATE SUBTOTAL
[ADMIN] [7/22/2016 11:59 AM] [PENJUALAN] CASHIER FORM : SUBTOTAL [0]
[ADMIN] [7/22/2016 11:59 AM] [PENJUALAN] CASHIER FORM : TextBox_TextChanged, subtotal value [0]
[ADMIN] [7/22/2016 11:59 AM] [PENJUALAN] CASHIER FORM : TextBox_TextChanged, attempt to calculate total value
[ADMIN] [7/22/2016 11:59 AM] [PENJUALAN] CASHIER FORM : calculateTotal
[ADMIN] [7/22/2016 11:59 AM] [PENJUALAN] CASHIER FORM : calculateTotal [0]
[ADMIN] [7/22/2016 11:59 AM] [PENJUALAN] CASHIER FORM : calculateTotal, totalAfterDisc [0]
[ADMIN] [7/22/2016 11:59 AM] [PENJUALAN] CASHIER FORM : calculateChangeValue, bayarTextBox.Text [0]
[ADMIN] [7/22/2016 11:59 AM] [PENJUALAN] CASHIER FORM : calculateChangeValue, sisaBayar [0]
[ADMIN] [7/22/2016 11:59 AM] [PENJUALAN] CASHIER FORM : TextBox_TextChanged, isLoading [False]
[ADMIN] [7/22/2016 11:59 AM] [PENJUALAN] CASHIER FORM : TextBox_TextChanged, rowSelectedIndex [0]
[ADMIN] [7/22/2016 11:59 AM] [PENJUALAN] CASHIER FORM : TextBox_TextChanged, previousInput [0]
[ADMIN] [7/22/2016 11:59 AM] [PENJUALAN] CASHIER FORM : TextBox_TextChanged, dataGridViewTextBoxEditingControl.Text [2]
[ADMIN] [7/22/2016 11:59 AM] [PENJUALAN] CASHIER FORM : TextBox_TextChanged, dataGridViewTextBoxEditingControl.Text pass REGEX Checking
[ADMIN] [7/22/2016 11:59 AM] [PENJUALAN] CASHIER FORM : CHECK STOCK QTY IS ENOUGH [ALPO-P1]
[ADMIN] [7/22/2016 11:59 AM] [PENJUALAN] CASHIER FORM : CHECK STOCK QTY IS ENOUGH [9956, 2]
[ADMIN] [7/22/2016 11:59 AM] [PENJUALAN] CASHIER FORM : CALCULATE SUBTOTAL
[ADMIN] [7/22/2016 11:59 AM] [PENJUALAN] CASHIER FORM : SUBTOTAL [68000]
[ADMIN] [7/22/2016 11:59 AM] [PENJUALAN] CASHIER FORM : TextBox_TextChanged, subtotal value [68000]
[ADMIN] [7/22/2016 11:59 AM] [PENJUALAN] CASHIER FORM : TextBox_TextChanged, attempt to calculate total value
[ADMIN] [7/22/2016 11:59 AM] [PENJUALAN] CASHIER FORM : calculateTotal
[ADMIN] [7/22/2016 11:59 AM] [PENJUALAN] CASHIER FORM : calculateTotal [68000]
[ADMIN] [7/22/2016 11:59 AM] [PENJUALAN] CASHIER FORM : calculateTotal, totalAfterDisc [68000]
[ADMIN] [7/22/2016 11:59 AM] [PENJUALAN] CASHIER FORM : calculateChangeValue, bayarTextBox.Text [0]
[ADMIN] [7/22/2016 11:59 AM] [PENJUALAN] CASHIER FORM : calculateChangeValue, sisaBayar [0]
[ADMIN] [7/22/2016 11:59 AM] [PENJUALAN] CASHIER FORM : TextBox_TextChanged, isLoading [False]
[ADMIN] [7/22/2016 11:59 AM] [PENJUALAN] CASHIER FORM : TextBox_TextChanged, rowSelectedIndex [0]
[ADMIN] [7/22/2016 11:59 AM] [PENJUALAN] CASHIER FORM : TextBox_TextChanged, previousInput [2]
[ADMIN] [7/22/2016 11:59 AM] [PENJUALAN] CASHIER FORM : TextBox_TextChanged, dataGridViewTextBoxEditingControl.Text pass REGEX Checking
[ADMIN] [7/22/2016 11:59 AM] [PENJUALAN] CASHIER FORM : CHECK STOCK QTY IS ENOUGH [ALPO-P1]
[ADMIN] [7/22/2016 11:59 AM] [PENJUALAN] CASHIER FORM : CHECK STOCK QTY IS ENOUGH [9956, 2]
[ADMIN] [7/22/2016 11:59 AM] [PENJUALAN] CASHIER FORM : CALCULATE SUBTOTAL
[ADMIN] [7/22/2016 11:59 AM] [PENJUALAN] CASHIER FORM : SUBTOTAL [68000]
[ADMIN] [7/22/2016 11:59 AM] [PENJUALAN] CASHIER FORM : TextBox_TextChanged, subtotal value [68000]
[ADMIN] [7/22/2016 11:59 AM] [PENJUALAN] CASHIER FORM : TextBox_TextChanged, attempt to calculate total value
[ADMIN] [7/22/2016 11:59 AM] [PENJUALAN] CASHIER FORM : calculateTotal
[ADMIN] [7/22/2016 11:59 AM] [PENJUALAN] CASHIER FORM : calculateTotal [68000]
[ADMIN] [7/22/2016 11:59 AM] [PENJUALAN] CASHIER FORM : calculateTotal, totalAfterDisc [68000]
[ADMIN] [7/22/2016 11:59 AM] [PENJUALAN] CASHIER FORM : calculateChangeValue, bayarTextBox.Text [0]
[ADMIN] [7/22/2016 11:59 AM] [PENJUALAN] CASHIER FORM : calculateChangeValue, sisaBayar [0]
[ADMIN] [7/22/2016 11:59 AM] [PENJUALAN] CASHIER FORM : calculateChangeValue, bayarTextBox.Text [6]
[ADMIN] [7/22/2016 11:59 AM] [PENJUALAN] CASHIER FORM : calculateChangeValue, sisaBayar [0]
[ADMIN] [7/22/2016 11:59 AM] [PENJUALAN] CASHIER FORM : calculateChangeValue, bayarTextBox.Text [68]
[ADMIN] [7/22/2016 11:59 AM] [PENJUALAN] CASHIER FORM : calculateChangeValue, sisaBayar [0]
[ADMIN] [7/22/2016 11:59 AM] [PENJUALAN] CASHIER FORM : calculateChangeValue, bayarTextBox.Text [680]
[ADMIN] [7/22/2016 11:59 AM] [PENJUALAN] CASHIER FORM : calculateChangeValue, sisaBayar [0]
[ADMIN] [7/22/2016 11:59 AM] [PENJUALAN] CASHIER FORM : calculateChangeValue, bayarTextBox.Text [6800]
[ADMIN] [7/22/2016 11:59 AM] [PENJUALAN] CASHIER FORM : calculateChangeValue, sisaBayar [0]
[ADMIN] [7/22/2016 11:59 AM] [PENJUALAN] CASHIER FORM : calculateChangeValue, bayarTextBox.Text [68000]
[ADMIN] [7/22/2016 11:59 AM] [PENJUALAN] CASHIER FORM : calculateChangeValue, sisaBayar [0]
[ADMIN] [7/22/2016 11:59 AM] [PENJUALAN] CASHIER FORM : discJualMaskedTextBox_Validating, totalAfterDisc [67995]
[ADMIN] [7/22/2016 11:59 AM] [PENJUALAN] CASHIER FORM : discJualMaskedTextBox_Validating, totalAfterDisc [67950]
[ADMIN] [7/22/2016 11:59 AM] [PENJUALAN] CASHIER FORM : discJualMaskedTextBox_Validating, totalAfterDisc [67500]
[ADMIN] [7/22/2016 11:59 AM] [PENJUALAN] CASHIER FORM : discJualMaskedTextBox_Validating, totalAfterDisc [63000]
[ADMIN] [7/22/2016 11:59 AM] [PENJUALAN] CASHIER FORM : calculateChangeValue, bayarTextBox.Text [68000]
[ADMIN] [7/22/2016 11:59 AM] [PENJUALAN] CASHIER FORM : calculateChangeValue, sisaBayar [5000]
[ADMIN] [7/22/2016 12:00 PM] [PENJUALAN] CASHIER FORM : HOTKEY TO SAVE AND PRINT OUT INVOICE PRESSED
[ADMIN] [7/22/2016 12:00 PM] [PENJUALAN] CASHIER FORM : UNREGISTER HOTKEY
[ADMIN] [7/22/2016 12:00 PM] [PENJUALAN] CASHIER FORM : REGISTER HOTKEY
[ADMIN] [7/22/2016 12:00 PM] [PENJUALAN] ATTEMPT TO SAVE AND PRINT OUT INVOICE
[ADMIN] [7/22/2016 12:00 PM] [PENJUALAN] CASHIER FORM : UNREGISTER HOTKEY
[ADMIN] [7/22/2016 12:00 PM] [PENJUALAN] CASHIER FORM : REGISTER HOTKEY
[ADMIN] [7/22/2016 12:00 PM] [PENJUALAN] CASHIER FORM : UNREGISTER HOTKEY
[ADMIN] [7/22/2016 12:00 PM] [PENJUALAN] CASHIER FORM : ATTEMPT TO SAVE SALES DATA [22-07-2016 12:00]
[ADMIN] [7/22/2016 12:00 PM] [PENJUALAN] CASHIER FORM : SALES DISC FINAL [Rp5.000]
[ADMIN] [7/22/2016 12:00 PM] [PENJUALAN] CASHIER FORM : CASH SALES
[ADMIN] [7/22/2016 12:00 PM] [PENJUALAN] CHECK IF TAX LIMIT SET FOR PERCENTAGE PURCHASE [0]
[ADMIN] [7/22/2016 12:00 PM] [PENJUALAN] CHECK IF TAX LIMIT SET FOR AVERAGE DAILY PURCHASE [0]
[ADMIN] [7/22/2016 12:00 PM] [PENJUALAN] CASHIER FORM : NO FAKTUR [SLO001]
[ADMIN] [7/22/2016 12:00 PM] [PENJUALAN] CASHIER FORM : MAX SALES INVOICE [17]
[ADMIN] [7/22/2016 12:00 PM] [PENJUALAN] CASHIER FORM : SALES INVOICE [SLO001-18]
[ADMIN] [7/22/2016 12:00 PM] [PENJUALAN] INSERT INTO SALES HEADER [SLO001-18]
[ADMIN] [7/22/2016 12:00 PM] [PENJUALAN] INSERT INTO SALES DETAIL[ALPO-P1, 34000, 2]
[ADMIN] [7/22/2016 12:00 PM] [PENJUALAN] REDUCE STOCK AT MASTER PRODUCT [ALPO-P1]
[ADMIN] [7/22/2016 12:00 PM] [PENJUALAN] INSERT TO CREDIT TABLE [SLO001-18]
[ADMIN] [7/22/2016 12:00 PM] [PENJUALAN] INSERT TO DAILY JOURNAL TABLE [68000]
[ADMIN] [7/22/2016 12:00 PM] [PENJUALAN] CASHIER FORM : REGISTER HOTKEY
[ADMIN] [7/22/2016 12:00 PM] [PENJUALAN] TRANSACTION SAVED
[ADMIN] [7/22/2016 12:00 PM] [PENJUALAN] PRINT OUT INVOICE
[ADMIN] [7/22/2016 12:00 PM] [PENJUALAN] CASHIER FORM : PrintReceipt
[ADMIN] [7/22/2016 12:00 PM] [PENJUALAN] CASHIER FORM : PrintReceipt, POS size Paper
[ADMIN] [7/22/2016 12:00 PM] [PENJUALAN] CASHIER FORM : loadInfoToko
[ADMIN] [7/22/2016 12:00 PM] [PENJUALAN] CASHIER FORM : calculatePageLength, totalLengthPage [355]
[ADMIN] [7/22/2016 12:00 PM] [PENJUALAN] CASHIER FORM : printDocument1_PrintPage, print POS size receipt
[ADMIN] [7/22/2016 12:00 PM] [PENJUALAN] CASHIER FORM : loadInfoToko
[ADMIN] [7/22/2016 12:00 PM] [PENJUALAN] CASHIER FORM : loadNamaUser
[ADMIN] [7/22/2016 12:00 PM] [PENJUALAN] CASHIER FORM : UNREGISTER HOTKEY
[ADMIN] [7/22/2016 12:00 PM] [PENJUALAN] CASHIER FORM : REGISTER HOTKEY
[ADMIN] [7/22/2016 12:00 PM] [PENJUALAN] CASHIER FORM : UPDATE ROW NUMBER, TOTAL ROW [1]
[ADMIN] [7/22/2016 12:00 PM] [PENJUALAN] CASHIER FORM : UNREGISTER HOTKEY
[ADMIN] [7/22/2016 12:00 PM] [PENJUALAN] CASHIER FORM : REGISTER HOTKEY
[ADMIN] [7/22/2016 12:00 PM] [PENJUALAN] CASHIER FORM : TextBox_TextChanged, isLoading [False]
[ADMIN] [7/22/2016 12:00 PM] [PENJUALAN] CASHIER FORM : TextBox_TextChanged, rowSelectedIndex [0]
[ADMIN] [7/22/2016 12:00 PM] [PENJUALAN] CASHIER FORM : TextBox_TextChanged, isLoading [False]
[ADMIN] [7/22/2016 12:00 PM] [PENJUALAN] CASHIER FORM : TextBox_TextChanged, rowSelectedIndex [0]
[ADMIN] [7/22/2016 12:00 PM] [PENJUALAN] CASHIER FORM : TextBox_TextChanged, isLoading [False]
[ADMIN] [7/22/2016 12:00 PM] [PENJUALAN] CASHIER FORM : TextBox_TextChanged, rowSelectedIndex [0]
[ADMIN] [7/22/2016 12:00 PM] [PENJUALAN] CASHIER FORM : TextBox_TextChanged, isLoading [False]
[ADMIN] [7/22/2016 12:00 PM] [PENJUALAN] CASHIER FORM : TextBox_TextChanged, rowSelectedIndex [0]
[ADMIN] [7/22/2016 12:00 PM] [PENJUALAN] CASHIER FORM : TextBox_TextChanged, isLoading [False]
[ADMIN] [7/22/2016 12:00 PM] [PENJUALAN] CASHIER FORM : TextBox_TextChanged, rowSelectedIndex [0]
[ADMIN] [7/22/2016 12:00 PM] [PENJUALAN] CASHIER FORM : UPDATE ROW NUMBER, TOTAL ROW [2]
[ADMIN] [7/22/2016 12:00 PM] [PENJUALAN] CASHIER FORM : TextBox_TextChanged, isLoading [False]
[ADMIN] [7/22/2016 12:00 PM] [PENJUALAN] CASHIER FORM : TextBox_TextChanged, rowSelectedIndex [0]
[ADMIN] [7/22/2016 12:00 PM] [PENJUALAN] CASHIER FORM : TextBox_TextChanged, isLoading [False]
[ADMIN] [7/22/2016 12:00 PM] [PENJUALAN] CASHIER FORM : TextBox_TextChanged, rowSelectedIndex [0]
[ADMIN] [7/22/2016 12:00 PM] [PENJUALAN] CASHIER FORM : TextBox_TextChanged, isLoading [False]
[ADMIN] [7/22/2016 12:00 PM] [PENJUALAN] CASHIER FORM : TextBox_TextChanged, rowSelectedIndex [0]
[ADMIN] [7/22/2016 12:00 PM] [PENJUALAN] CASHIER FORM : TextBox_TextChanged, isLoading [False]
[ADMIN] [7/22/2016 12:00 PM] [PENJUALAN] CASHIER FORM : TextBox_TextChanged, rowSelectedIndex [0]
[ADMIN] [7/22/2016 12:00 PM] [PENJUALAN] CASHIER FORM : TextBox_TextChanged, isLoading [False]
[ADMIN] [7/22/2016 12:00 PM] [PENJUALAN] CASHIER FORM : TextBox_TextChanged, rowSelectedIndex [0]
[ADMIN] [7/22/2016 12:00 PM] [PENJUALAN] CASHIER FORM : TextBox_TextChanged, isLoading [False]
[ADMIN] [7/22/2016 12:00 PM] [PENJUALAN] CASHIER FORM : TextBox_TextChanged, rowSelectedIndex [0]
[ADMIN] [7/22/2016 12:00 PM] [PENJUALAN] CASHIER FORM : TextBox_TextChanged, isLoading [False]
[ADMIN] [7/22/2016 12:00 PM] [PENJUALAN] CASHIER FORM : TextBox_TextChanged, rowSelectedIndex [0]
[ADMIN] [7/22/2016 12:00 PM] [PENJUALAN] CASHIER FORM : TextBox_TextChanged, isLoading [False]
[ADMIN] [7/22/2016 12:00 PM] [PENJUALAN] CASHIER FORM : TextBox_TextChanged, rowSelectedIndex [0]
[ADMIN] [7/22/2016 12:00 PM] [PENJUALAN] CASHIER FORM : TextBox_TextChanged, isLoading [False]
[ADMIN] [7/22/2016 12:00 PM] [PENJUALAN] CASHIER FORM : TextBox_TextChanged, rowSelectedIndex [0]
[ADMIN] [7/22/2016 12:00 PM] [PENJUALAN] CASHIER FORM : TextBox_TextChanged, isLoading [False]
[ADMIN] [7/22/2016 12:00 PM] [PENJUALAN] CASHIER FORM : TextBox_TextChanged, rowSelectedIndex [0]
[ADMIN] [7/22/2016 12:00 PM] [PENJUALAN] CASHIER FORM : TextBox_TextChanged, isLoading [False]
[ADMIN] [7/22/2016 12:00 PM] [PENJUALAN] CASHIER FORM : TextBox_TextChanged, rowSelectedIndex [0]
[ADMIN] [7/22/2016 12:00 PM] [PENJUALAN] CASHIER FORM : TextBox_TextChanged, isLoading [False]
[ADMIN] [7/22/2016 12:00 PM] [PENJUALAN] CASHIER FORM : TextBox_TextChanged, rowSelectedIndex [0]
[ADMIN] [7/22/2016 12:00 PM] [PENJUALAN] CASHIER FORM : TextBox_TextChanged, isLoading [False]
[ADMIN] [7/22/2016 12:00 PM] [PENJUALAN] CASHIER FORM : TextBox_TextChanged, rowSelectedIndex [0]
[ADMIN] [7/22/2016 12:00 PM] [PENJUALAN] CASHIER FORM : TextBox_TextChanged, isLoading [False]
[ADMIN] [7/22/2016 12:00 PM] [PENJUALAN] CASHIER FORM : TextBox_TextChanged, rowSelectedIndex [0]
[ADMIN] [7/22/2016 12:00 PM] [PENJUALAN] CASHIER FORM : TextBox_TextChanged, isLoading [False]
[ADMIN] [7/22/2016 12:00 PM] [PENJUALAN] CASHIER FORM : TextBox_TextChanged, rowSelectedIndex [0]
[ADMIN] [7/22/2016 12:00 PM] [PENJUALAN] CASHIER FORM : TextBox_TextChanged, isLoading [False]
[ADMIN] [7/22/2016 12:00 PM] [PENJUALAN] CASHIER FORM : TextBox_TextChanged, rowSelectedIndex [0]
[ADMIN] [7/22/2016 12:00 PM] [PENJUALAN] CASHIER FORM : TextBox_TextChanged, isLoading [False]
[ADMIN] [7/22/2016 12:00 PM] [PENJUALAN] CASHIER FORM : TextBox_TextChanged, rowSelectedIndex [0]
[ADMIN] [7/22/2016 12:00 PM] [PENJUALAN] CASHIER FORM : TextBox_TextChanged, isLoading [False]
[ADMIN] [7/22/2016 12:00 PM] [PENJUALAN] CASHIER FORM : TextBox_TextChanged, rowSelectedIndex [0]
[ADMIN] [7/22/2016 12:00 PM] [PENJUALAN] CASHIER FORM : TextBox_TextChanged, isLoading [False]
[ADMIN] [7/22/2016 12:00 PM] [PENJUALAN] CASHIER FORM : TextBox_TextChanged, rowSelectedIndex [0]
[ADMIN] [7/22/2016 12:00 PM] [PENJUALAN] CASHIER FORM : TextBox_TextChanged, isLoading [False]
[ADMIN] [7/22/2016 12:00 PM] [PENJUALAN] CASHIER FORM : TextBox_TextChanged, rowSelectedIndex [0]
[ADMIN] [7/22/2016 12:00 PM] [PENJUALAN] CASHIER FORM : TextBox_TextChanged, isLoading [False]
[ADMIN] [7/22/2016 12:00 PM] [PENJUALAN] CASHIER FORM : TextBox_TextChanged, rowSelectedIndex [0]
[ADMIN] [7/22/2016 12:00 PM] [PENJUALAN] CASHIER FORM : TextBox_TextChanged, isLoading [False]
[ADMIN] [7/22/2016 12:00 PM] [PENJUALAN] CASHIER FORM : TextBox_TextChanged, rowSelectedIndex [0]
[ADMIN] [7/22/2016 12:00 PM] [PENJUALAN] CASHIER FORM : TextBox_TextChanged, isLoading [False]
[ADMIN] [7/22/2016 12:00 PM] [PENJUALAN] CASHIER FORM : TextBox_TextChanged, rowSelectedIndex [0]
[ADMIN] [7/22/2016 12:00 PM] [PENJUALAN] CASHIER FORM : TextBox_TextChanged, isLoading [False]
[ADMIN] [7/22/2016 12:00 PM] [PENJUALAN] CASHIER FORM : TextBox_TextChanged, rowSelectedIndex [0]
[ADMIN] [7/22/2016 12:00 PM] [PENJUALAN] CASHIER FORM : TextBox_TextChanged, isLoading [False]
[ADMIN] [7/22/2016 12:00 PM] [PENJUALAN] CASHIER FORM : TextBox_TextChanged, rowSelectedIndex [0]
[ADMIN] [7/22/2016 12:00 PM] [PENJUALAN] CASHIER FORM : TextBox_TextChanged, isLoading [False]
[ADMIN] [7/22/2016 12:00 PM] [PENJUALAN] CASHIER FORM : TextBox_TextChanged, rowSelectedIndex [0]
[ADMIN] [7/22/2016 12:00 PM] [PENJUALAN] CASHIER FORM : TextBox_TextChanged, isLoading [False]
[ADMIN] [7/22/2016 12:00 PM] [PENJUALAN] CASHIER FORM : TextBox_TextChanged, rowSelectedIndex [0]
[ADMIN] [7/22/2016 12:00 PM] [PENJUALAN] CASHIER FORM : TextBox_TextChanged, isLoading [False]
[ADMIN] [7/22/2016 12:00 PM] [PENJUALAN] CASHIER FORM : TextBox_TextChanged, rowSelectedIndex [0]
[ADMIN] [7/22/2016 12:00 PM] [PENJUALAN] CASHIER FORM : TextBox_TextChanged, isLoading [False]
[ADMIN] [7/22/2016 12:00 PM] [PENJUALAN] CASHIER FORM : TextBox_TextChanged, rowSelectedIndex [0]
[ADMIN] [7/22/2016 12:00 PM] [PENJUALAN] CASHIER FORM : TextBox_TextChanged, isLoading [False]
[ADMIN] [7/22/2016 12:00 PM] [PENJUALAN] CASHIER FORM : TextBox_TextChanged, rowSelectedIndex [0]
[ADMIN] [7/22/2016 12:00 PM] [PENJUALAN] CASHIER FORM : TextBox_TextChanged, isLoading [False]
[ADMIN] [7/22/2016 12:00 PM] [PENJUALAN] CASHIER FORM : TextBox_TextChanged, rowSelectedIndex [0]
[ADMIN] [7/22/2016 12:00 PM] [PENJUALAN] CASHIER FORM : TextBox_TextChanged, isLoading [False]
[ADMIN] [7/22/2016 12:00 PM] [PENJUALAN] CASHIER FORM : TextBox_TextChanged, rowSelectedIndex [0]
[ADMIN] [7/22/2016 12:00 PM] [PENJUALAN] CASHIER FORM : TextBox_TextChanged, isLoading [False]
[ADMIN] [7/22/2016 12:00 PM] [PENJUALAN] CASHIER FORM : TextBox_TextChanged, rowSelectedIndex [0]
[ADMIN] [7/22/2016 12:00 PM] [PENJUALAN] CASHIER FORM : TextBox_TextChanged, isLoading [False]
[ADMIN] [7/22/2016 12:00 PM] [PENJUALAN] CASHIER FORM : TextBox_TextChanged, rowSelectedIndex [0]
[ADMIN] [7/22/2016 12:00 PM] [PENJUALAN] CASHIER FORM : PRODUCT PRICE TYPE [PRODUCT_BASE_PRICE]
[ADMIN] [7/22/2016 12:00 PM] [PENJUALAN] CASHIER FORM : PRODUCT PRICE [26625]
[ADMIN] [7/22/2016 12:00 PM] [PENJUALAN] CASHIER FORM : ComboBox_SelectedIndexChanged, PRODUCT_BASE_PRICE [26625]
[ADMIN] [7/22/2016 12:00 PM] [PENJUALAN] CASHIER FORM : PRODUCT PRICE TYPE [PRODUCT_RETAIL_PRICE]
[ADMIN] [7/22/2016 12:00 PM] [PENJUALAN] CASHIER FORM : PRODUCT PRICE [34000]
[ADMIN] [7/22/2016 12:00 PM] [PENJUALAN] CASHIER FORM : ComboBox_SelectedIndexChanged, PRODUCT_SALES_PRICE [34000]
[ADMIN] [7/22/2016 12:00 PM] [PENJUALAN] CASHIER FORM : calculateTotal
[ADMIN] [7/22/2016 12:00 PM] [PENJUALAN] CASHIER FORM : calculateTotal [0]
[ADMIN] [7/22/2016 12:00 PM] [PENJUALAN] CASHIER FORM : calculateTotal, totalAfterDisc [0]
[ADMIN] [7/22/2016 12:00 PM] [PENJUALAN] CASHIER FORM : calculateChangeValue, bayarTextBox.Text [0]
[ADMIN] [7/22/2016 12:00 PM] [PENJUALAN] CASHIER FORM : calculateChangeValue, sisaBayar [68000]
[ADMIN] [7/22/2016 12:00 PM] [PENJUALAN] CASHIER FORM : TextBox_TextChanged, isLoading [False]
[ADMIN] [7/22/2016 12:00 PM] [PENJUALAN] CASHIER FORM : TextBox_TextChanged, rowSelectedIndex [0]
[ADMIN] [7/22/2016 12:00 PM] [PENJUALAN] CASHIER FORM : TextBox_TextChanged, previousInput [34000]
[ADMIN] [7/22/2016 12:00 PM] [PENJUALAN] CASHIER FORM : TextBox_TextChanged, dataGridViewTextBoxEditingControl.Text did not pass REGEX Checking
[ADMIN] [7/22/2016 12:00 PM] [PENJUALAN] CASHIER FORM : TextBox_TextChanged, isLoading [True]
[ADMIN] [7/22/2016 12:00 PM] [PENJUALAN] CASHIER FORM : TextBox_TextChanged, isLoading [True]
[ADMIN] [7/22/2016 12:00 PM] [PENJUALAN] CASHIER FORM : CALCULATE SUBTOTAL
[ADMIN] [7/22/2016 12:00 PM] [PENJUALAN] CASHIER FORM : SUBTOTAL [0]
[ADMIN] [7/22/2016 12:00 PM] [PENJUALAN] CASHIER FORM : TextBox_TextChanged, subtotal value [0]
[ADMIN] [7/22/2016 12:00 PM] [PENJUALAN] CASHIER FORM : TextBox_TextChanged, attempt to calculate total value
[ADMIN] [7/22/2016 12:00 PM] [PENJUALAN] CASHIER FORM : calculateTotal
[ADMIN] [7/22/2016 12:00 PM] [PENJUALAN] CASHIER FORM : calculateTotal [0]
[ADMIN] [7/22/2016 12:00 PM] [PENJUALAN] CASHIER FORM : calculateTotal, totalAfterDisc [0]
[ADMIN] [7/22/2016 12:00 PM] [PENJUALAN] CASHIER FORM : calculateChangeValue, bayarTextBox.Text [0]
[ADMIN] [7/22/2016 12:00 PM] [PENJUALAN] CASHIER FORM : calculateChangeValue, sisaBayar [68000]
[ADMIN] [7/22/2016 12:00 PM] [PENJUALAN] CASHIER FORM : TextBox_TextChanged, isLoading [False]
[ADMIN] [7/22/2016 12:00 PM] [PENJUALAN] CASHIER FORM : TextBox_TextChanged, rowSelectedIndex [0]
[ADMIN] [7/22/2016 12:00 PM] [PENJUALAN] CASHIER FORM : TextBox_TextChanged, previousInput [34000]
[ADMIN] [7/22/2016 12:00 PM] [PENJUALAN] CASHIER FORM : TextBox_TextChanged, dataGridViewTextBoxEditingControl.Text pass REGEX Checking
[ADMIN] [7/22/2016 12:00 PM] [PENJUALAN] CASHIER FORM : CALCULATE SUBTOTAL
[ADMIN] [7/22/2016 12:00 PM] [PENJUALAN] CASHIER FORM : SUBTOTAL [0]
[ADMIN] [7/22/2016 12:00 PM] [PENJUALAN] CASHIER FORM : TextBox_TextChanged, subtotal value [0]
[ADMIN] [7/22/2016 12:00 PM] [PENJUALAN] CASHIER FORM : TextBox_TextChanged, attempt to calculate total value
[ADMIN] [7/22/2016 12:00 PM] [PENJUALAN] CASHIER FORM : calculateTotal
[ADMIN] [7/22/2016 12:00 PM] [PENJUALAN] CASHIER FORM : calculateTotal [0]
[ADMIN] [7/22/2016 12:00 PM] [PENJUALAN] CASHIER FORM : calculateTotal, totalAfterDisc [0]
[ADMIN] [7/22/2016 12:00 PM] [PENJUALAN] CASHIER FORM : calculateChangeValue, bayarTextBox.Text [0]
[ADMIN] [7/22/2016 12:00 PM] [PENJUALAN] CASHIER FORM : calculateChangeValue, sisaBayar [68000]
[ADMIN] [7/22/2016 12:00 PM] [PENJUALAN] CASHIER FORM : TextBox_TextChanged, isLoading [False]
[ADMIN] [7/22/2016 12:00 PM] [PENJUALAN] CASHIER FORM : TextBox_TextChanged, rowSelectedIndex [0]
[ADMIN] [7/22/2016 12:00 PM] [PENJUALAN] CASHIER FORM : TextBox_TextChanged, previousInput [0]
[ADMIN] [7/22/2016 12:00 PM] [PENJUALAN] CASHIER FORM : TextBox_TextChanged, dataGridViewTextBoxEditingControl.Text [0]
[ADMIN] [7/22/2016 12:00 PM] [PENJUALAN] CASHIER FORM : TextBox_TextChanged, dataGridViewTextBoxEditingControl.Text pass REGEX Checking
[ADMIN] [7/22/2016 12:00 PM] [PENJUALAN] CASHIER FORM : CHECK STOCK QTY IS ENOUGH [ALPO-P1]
[ADMIN] [7/22/2016 12:00 PM] [PENJUALAN] CASHIER FORM : CHECK STOCK QTY IS ENOUGH [9954, 0]
[ADMIN] [7/22/2016 12:00 PM] [PENJUALAN] CASHIER FORM : CALCULATE SUBTOTAL
[ADMIN] [7/22/2016 12:00 PM] [PENJUALAN] CASHIER FORM : SUBTOTAL [0]
[ADMIN] [7/22/2016 12:00 PM] [PENJUALAN] CASHIER FORM : TextBox_TextChanged, subtotal value [0]
[ADMIN] [7/22/2016 12:00 PM] [PENJUALAN] CASHIER FORM : TextBox_TextChanged, attempt to calculate total value
[ADMIN] [7/22/2016 12:00 PM] [PENJUALAN] CASHIER FORM : calculateTotal
[ADMIN] [7/22/2016 12:00 PM] [PENJUALAN] CASHIER FORM : calculateTotal [0]
[ADMIN] [7/22/2016 12:00 PM] [PENJUALAN] CASHIER FORM : calculateTotal, totalAfterDisc [0]
[ADMIN] [7/22/2016 12:00 PM] [PENJUALAN] CASHIER FORM : calculateChangeValue, bayarTextBox.Text [0]
[ADMIN] [7/22/2016 12:00 PM] [PENJUALAN] CASHIER FORM : calculateChangeValue, sisaBayar [68000]
[ADMIN] [7/22/2016 12:00 PM] [PENJUALAN] CASHIER FORM : TextBox_TextChanged, isLoading [False]
[ADMIN] [7/22/2016 12:00 PM] [PENJUALAN] CASHIER FORM : TextBox_TextChanged, rowSelectedIndex [0]
[ADMIN] [7/22/2016 12:00 PM] [PENJUALAN] CASHIER FORM : TextBox_TextChanged, previousInput [0]
[ADMIN] [7/22/2016 12:00 PM] [PENJUALAN] CASHIER FORM : TextBox_TextChanged, dataGridViewTextBoxEditingControl.Text [0]
[ADMIN] [7/22/2016 12:00 PM] [PENJUALAN] CASHIER FORM : TextBox_TextChanged, dataGridViewTextBoxEditingControl.Text pass REGEX Checking
[ADMIN] [7/22/2016 12:00 PM] [PENJUALAN] CASHIER FORM : CHECK STOCK QTY IS ENOUGH [ALPO-P1]
[ADMIN] [7/22/2016 12:00 PM] [PENJUALAN] CASHIER FORM : CHECK STOCK QTY IS ENOUGH [9954, 0]
[ADMIN] [7/22/2016 12:00 PM] [PENJUALAN] CASHIER FORM : CALCULATE SUBTOTAL
[ADMIN] [7/22/2016 12:00 PM] [PENJUALAN] CASHIER FORM : SUBTOTAL [0]
[ADMIN] [7/22/2016 12:00 PM] [PENJUALAN] CASHIER FORM : TextBox_TextChanged, subtotal value [0]
[ADMIN] [7/22/2016 12:00 PM] [PENJUALAN] CASHIER FORM : TextBox_TextChanged, attempt to calculate total value
[ADMIN] [7/22/2016 12:00 PM] [PENJUALAN] CASHIER FORM : calculateTotal
[ADMIN] [7/22/2016 12:00 PM] [PENJUALAN] CASHIER FORM : calculateTotal [0]
[ADMIN] [7/22/2016 12:00 PM] [PENJUALAN] CASHIER FORM : calculateTotal, totalAfterDisc [0]
[ADMIN] [7/22/2016 12:00 PM] [PENJUALAN] CASHIER FORM : calculateChangeValue, bayarTextBox.Text [0]
[ADMIN] [7/22/2016 12:00 PM] [PENJUALAN] CASHIER FORM : calculateChangeValue, sisaBayar [68000]
[ADMIN] [7/22/2016 12:00 PM] [PENJUALAN] CASHIER FORM : TextBox_TextChanged, isLoading [False]
[ADMIN] [7/22/2016 12:00 PM] [PENJUALAN] CASHIER FORM : TextBox_TextChanged, rowSelectedIndex [0]
[ADMIN] [7/22/2016 12:00 PM] [PENJUALAN] CASHIER FORM : TextBox_TextChanged, previousInput [0]
[ADMIN] [7/22/2016 12:00 PM] [PENJUALAN] CASHIER FORM : TextBox_TextChanged, dataGridViewTextBoxEditingControl.Text [0]
[ADMIN] [7/22/2016 12:00 PM] [PENJUALAN] CASHIER FORM : TextBox_TextChanged, dataGridViewTextBoxEditingControl.Text pass REGEX Checking
[ADMIN] [7/22/2016 12:00 PM] [PENJUALAN] CASHIER FORM : CHECK STOCK QTY IS ENOUGH [ALPO-P1]
[ADMIN] [7/22/2016 12:00 PM] [PENJUALAN] CASHIER FORM : CHECK STOCK QTY IS ENOUGH [9954, 0]
[ADMIN] [7/22/2016 12:00 PM] [PENJUALAN] CASHIER FORM : CALCULATE SUBTOTAL
[ADMIN] [7/22/2016 12:00 PM] [PENJUALAN] CASHIER FORM : SUBTOTAL [0]
[ADMIN] [7/22/2016 12:00 PM] [PENJUALAN] CASHIER FORM : TextBox_TextChanged, subtotal value [0]
[ADMIN] [7/22/2016 12:00 PM] [PENJUALAN] CASHIER FORM : TextBox_TextChanged, attempt to calculate total value
[ADMIN] [7/22/2016 12:00 PM] [PENJUALAN] CASHIER FORM : calculateTotal
[ADMIN] [7/22/2016 12:00 PM] [PENJUALAN] CASHIER FORM : calculateTotal [0]
[ADMIN] [7/22/2016 12:00 PM] [PENJUALAN] CASHIER FORM : calculateTotal, totalAfterDisc [0]
[ADMIN] [7/22/2016 12:00 PM] [PENJUALAN] CASHIER FORM : calculateChangeValue, bayarTextBox.Text [0]
[ADMIN] [7/22/2016 12:00 PM] [PENJUALAN] CASHIER FORM : calculateChangeValue, sisaBayar [68000]
[ADMIN] [7/22/2016 12:00 PM] [PENJUALAN] CASHIER FORM : TextBox_TextChanged, isLoading [False]
[ADMIN] [7/22/2016 12:00 PM] [PENJUALAN] CASHIER FORM : TextBox_TextChanged, rowSelectedIndex [0]
[ADMIN] [7/22/2016 12:00 PM] [PENJUALAN] CASHIER FORM : TextBox_TextChanged, previousInput [0]
[ADMIN] [7/22/2016 12:00 PM] [PENJUALAN] CASHIER FORM : TextBox_TextChanged, dataGridViewTextBoxEditingControl.Text [2]
[ADMIN] [7/22/2016 12:00 PM] [PENJUALAN] CASHIER FORM : TextBox_TextChanged, dataGridViewTextBoxEditingControl.Text pass REGEX Checking
[ADMIN] [7/22/2016 12:00 PM] [PENJUALAN] CASHIER FORM : CHECK STOCK QTY IS ENOUGH [ALPO-P1]
[ADMIN] [7/22/2016 12:00 PM] [PENJUALAN] CASHIER FORM : CHECK STOCK QTY IS ENOUGH [9954, 2]
[ADMIN] [7/22/2016 12:00 PM] [PENJUALAN] CASHIER FORM : CALCULATE SUBTOTAL
[ADMIN] [7/22/2016 12:00 PM] [PENJUALAN] CASHIER FORM : SUBTOTAL [68000]
[ADMIN] [7/22/2016 12:00 PM] [PENJUALAN] CASHIER FORM : TextBox_TextChanged, subtotal value [68000]
[ADMIN] [7/22/2016 12:00 PM] [PENJUALAN] CASHIER FORM : TextBox_TextChanged, attempt to calculate total value
[ADMIN] [7/22/2016 12:00 PM] [PENJUALAN] CASHIER FORM : calculateTotal
[ADMIN] [7/22/2016 12:00 PM] [PENJUALAN] CASHIER FORM : calculateTotal [68000]
[ADMIN] [7/22/2016 12:00 PM] [PENJUALAN] CASHIER FORM : calculateTotal, totalAfterDisc [68000]
[ADMIN] [7/22/2016 12:00 PM] [PENJUALAN] CASHIER FORM : calculateChangeValue, bayarTextBox.Text [0]
[ADMIN] [7/22/2016 12:00 PM] [PENJUALAN] CASHIER FORM : calculateChangeValue, sisaBayar [0]
[ADMIN] [7/22/2016 12:00 PM] [PENJUALAN] CASHIER FORM : TextBox_TextChanged, isLoading [False]
[ADMIN] [7/22/2016 12:00 PM] [PENJUALAN] CASHIER FORM : TextBox_TextChanged, rowSelectedIndex [0]
[ADMIN] [7/22/2016 12:00 PM] [PENJUALAN] CASHIER FORM : TextBox_TextChanged, previousInput [2]
[ADMIN] [7/22/2016 12:00 PM] [PENJUALAN] CASHIER FORM : TextBox_TextChanged, dataGridViewTextBoxEditingControl.Text pass REGEX Checking
[ADMIN] [7/22/2016 12:00 PM] [PENJUALAN] CASHIER FORM : CHECK STOCK QTY IS ENOUGH [ALPO-P1]
[ADMIN] [7/22/2016 12:00 PM] [PENJUALAN] CASHIER FORM : CHECK STOCK QTY IS ENOUGH [9954, 2]
[ADMIN] [7/22/2016 12:00 PM] [PENJUALAN] CASHIER FORM : CALCULATE SUBTOTAL
[ADMIN] [7/22/2016 12:00 PM] [PENJUALAN] CASHIER FORM : SUBTOTAL [68000]
[ADMIN] [7/22/2016 12:00 PM] [PENJUALAN] CASHIER FORM : TextBox_TextChanged, subtotal value [68000]
[ADMIN] [7/22/2016 12:00 PM] [PENJUALAN] CASHIER FORM : TextBox_TextChanged, attempt to calculate total value
[ADMIN] [7/22/2016 12:00 PM] [PENJUALAN] CASHIER FORM : calculateTotal
[ADMIN] [7/22/2016 12:00 PM] [PENJUALAN] CASHIER FORM : calculateTotal [68000]
[ADMIN] [7/22/2016 12:00 PM] [PENJUALAN] CASHIER FORM : calculateTotal, totalAfterDisc [68000]
[ADMIN] [7/22/2016 12:00 PM] [PENJUALAN] CASHIER FORM : calculateChangeValue, bayarTextBox.Text [0]
[ADMIN] [7/22/2016 12:00 PM] [PENJUALAN] CASHIER FORM : calculateChangeValue, sisaBayar [0]
[ADMIN] [7/22/2016 12:00 PM] [PENJUALAN] CASHIER FORM : TextBox_TextChanged, isLoading [False]
[ADMIN] [7/22/2016 12:00 PM] [PENJUALAN] CASHIER FORM : TextBox_TextChanged, rowSelectedIndex [0]
[ADMIN] [7/22/2016 12:00 PM] [PENJUALAN] CASHIER FORM : TextBox_TextChanged, previousInput [2]
[ADMIN] [7/22/2016 12:00 PM] [PENJUALAN] CASHIER FORM : TextBox_TextChanged, dataGridViewTextBoxEditingControl.Text pass REGEX Checking
[ADMIN] [7/22/2016 12:00 PM] [PENJUALAN] CASHIER FORM : CHECK STOCK QTY IS ENOUGH [ALPO-P1]
[ADMIN] [7/22/2016 12:00 PM] [PENJUALAN] CASHIER FORM : CHECK STOCK QTY IS ENOUGH [9954, 2]
[ADMIN] [7/22/2016 12:00 PM] [PENJUALAN] CASHIER FORM : CALCULATE SUBTOTAL
[ADMIN] [7/22/2016 12:00 PM] [PENJUALAN] CASHIER FORM : SUBTOTAL [68000]
[ADMIN] [7/22/2016 12:00 PM] [PENJUALAN] CASHIER FORM : TextBox_TextChanged, subtotal value [68000]
[ADMIN] [7/22/2016 12:00 PM] [PENJUALAN] CASHIER FORM : TextBox_TextChanged, attempt to calculate total value
[ADMIN] [7/22/2016 12:00 PM] [PENJUALAN] CASHIER FORM : calculateTotal
[ADMIN] [7/22/2016 12:00 PM] [PENJUALAN] CASHIER FORM : calculateTotal [68000]
[ADMIN] [7/22/2016 12:00 PM] [PENJUALAN] CASHIER FORM : calculateTotal, totalAfterDisc [68000]
[ADMIN] [7/22/2016 12:00 PM] [PENJUALAN] CASHIER FORM : calculateChangeValue, bayarTextBox.Text [0]
[ADMIN] [7/22/2016 12:00 PM] [PENJUALAN] CASHIER FORM : calculateChangeValue, sisaBayar [0]
[ADMIN] [7/22/2016 12:00 PM] [PENJUALAN] CASHIER FORM : TextBox_TextChanged, isLoading [False]
[ADMIN] [7/22/2016 12:00 PM] [PENJUALAN] CASHIER FORM : TextBox_TextChanged, rowSelectedIndex [0]
[ADMIN] [7/22/2016 12:00 PM] [PENJUALAN] CASHIER FORM : TextBox_TextChanged, previousInput [2]
[ADMIN] [7/22/2016 12:00 PM] [PENJUALAN] CASHIER FORM : TextBox_TextChanged, dataGridViewTextBoxEditingControl.Text pass REGEX Checking
[ADMIN] [7/22/2016 12:00 PM] [PENJUALAN] CASHIER FORM : CHECK STOCK QTY IS ENOUGH [ALPO-P1]
[ADMIN] [7/22/2016 12:00 PM] [PENJUALAN] CASHIER FORM : CHECK STOCK QTY IS ENOUGH [9954, 2]
[ADMIN] [7/22/2016 12:00 PM] [PENJUALAN] CASHIER FORM : CALCULATE SUBTOTAL
[ADMIN] [7/22/2016 12:00 PM] [PENJUALAN] CASHIER FORM : SUBTOTAL [68000]
[ADMIN] [7/22/2016 12:00 PM] [PENJUALAN] CASHIER FORM : TextBox_TextChanged, subtotal value [68000]
[ADMIN] [7/22/2016 12:00 PM] [PENJUALAN] CASHIER FORM : TextBox_TextChanged, attempt to calculate total value
[ADMIN] [7/22/2016 12:00 PM] [PENJUALAN] CASHIER FORM : calculateTotal
[ADMIN] [7/22/2016 12:00 PM] [PENJUALAN] CASHIER FORM : calculateTotal [68000]
[ADMIN] [7/22/2016 12:00 PM] [PENJUALAN] CASHIER FORM : calculateTotal, totalAfterDisc [68000]
[ADMIN] [7/22/2016 12:00 PM] [PENJUALAN] CASHIER FORM : calculateChangeValue, bayarTextBox.Text [0]
[ADMIN] [7/22/2016 12:00 PM] [PENJUALAN] CASHIER FORM : calculateChangeValue, sisaBayar [0]
[ADMIN] [7/22/2016 12:00 PM] [PENJUALAN] CASHIER FORM : TextBox_TextChanged, isLoading [False]
[ADMIN] [7/22/2016 12:00 PM] [PENJUALAN] CASHIER FORM : TextBox_TextChanged, rowSelectedIndex [1]
[ADMIN] [7/22/2016 12:00 PM] [PENJUALAN] CASHIER FORM : TextBox_TextChanged, empty texbox, reset [qty] value to 0
[ADMIN] [7/22/2016 12:00 PM] [PENJUALAN] CASHIER FORM : TextBox_TextChanged, isLoading [True]
[ADMIN] [7/22/2016 12:00 PM] [PENJUALAN] CASHIER FORM : TextBox_TextChanged, isLoading [True]
[ADMIN] [7/22/2016 12:00 PM] [PENJUALAN] CASHIER FORM : TextBox_TextChanged, isLoading [True]
[ADMIN] [7/22/2016 12:00 PM] [PENJUALAN] CASHIER FORM : TextBox_TextChanged, isLoading [True]
[ADMIN] [7/22/2016 12:00 PM] [PENJUALAN] CASHIER FORM : TextBox_TextChanged, recalculate total value
[ADMIN] [7/22/2016 12:00 PM] [PENJUALAN] CASHIER FORM : calculateTotal
[ADMIN] [7/22/2016 12:00 PM] [PENJUALAN] CASHIER FORM : calculateTotal [68000]
[ADMIN] [7/22/2016 12:00 PM] [PENJUALAN] CASHIER FORM : calculateTotal, totalAfterDisc [68000]
[ADMIN] [7/22/2016 12:00 PM] [PENJUALAN] CASHIER FORM : calculateChangeValue, bayarTextBox.Text [0]
[ADMIN] [7/22/2016 12:00 PM] [PENJUALAN] CASHIER FORM : calculateChangeValue, sisaBayar [0]
[ADMIN] [7/22/2016 12:00 PM] [PENJUALAN] CASHIER FORM : TextBox_TextChanged, set the cursor to end of textbox
[ADMIN] [7/22/2016 12:00 PM] [PENJUALAN] CASHIER FORM : TextBox_TextChanged, isLoading [False]
[ADMIN] [7/22/2016 12:00 PM] [PENJUALAN] CASHIER FORM : TextBox_TextChanged, rowSelectedIndex [1]
[ADMIN] [7/22/2016 12:00 PM] [PENJUALAN] CASHIER FORM : TextBox_TextChanged, previousInput [0]
[ADMIN] [7/22/2016 12:00 PM] [PENJUALAN] CASHIER FORM : TextBox_TextChanged, dataGridViewTextBoxEditingControl.Text [0]
[ADMIN] [7/22/2016 12:00 PM] [PENJUALAN] CASHIER FORM : TextBox_TextChanged, dataGridViewTextBoxEditingControl.Text pass REGEX Checking
[ADMIN] [7/22/2016 12:00 PM] [PENJUALAN] CASHIER FORM : CHECK STOCK QTY IS ENOUGH []
[ADMIN] [7/22/2016 12:00 PM] [PENJUALAN] CASHIER FORM : CALCULATE SUBTOTAL
[ADMIN] [7/22/2016 12:00 PM] [PENJUALAN] CASHIER FORM : SUBTOTAL [0]
[ADMIN] [7/22/2016 12:00 PM] [PENJUALAN] CASHIER FORM : TextBox_TextChanged, subtotal value [0]
[ADMIN] [7/22/2016 12:00 PM] [PENJUALAN] CASHIER FORM : TextBox_TextChanged, attempt to calculate total value
[ADMIN] [7/22/2016 12:00 PM] [PENJUALAN] CASHIER FORM : calculateTotal
[ADMIN] [7/22/2016 12:00 PM] [PENJUALAN] CASHIER FORM : calculateTotal [68000]
[ADMIN] [7/22/2016 12:00 PM] [PENJUALAN] CASHIER FORM : calculateTotal, totalAfterDisc [68000]
[ADMIN] [7/22/2016 12:00 PM] [PENJUALAN] CASHIER FORM : calculateChangeValue, bayarTextBox.Text [0]
[ADMIN] [7/22/2016 12:00 PM] [PENJUALAN] CASHIER FORM : calculateChangeValue, sisaBayar [0]
[ADMIN] [7/22/2016 12:00 PM] [PENJUALAN] CASHIER FORM : TextBox_TextChanged, isLoading [False]
[ADMIN] [7/22/2016 12:00 PM] [PENJUALAN] CASHIER FORM : TextBox_TextChanged, rowSelectedIndex [1]
[ADMIN] [7/22/2016 12:00 PM] [PENJUALAN] CASHIER FORM : TextBox_TextChanged, previousInput [0]
[ADMIN] [7/22/2016 12:00 PM] [PENJUALAN] CASHIER FORM : TextBox_TextChanged, dataGridViewTextBoxEditingControl.Text [0]
[ADMIN] [7/22/2016 12:00 PM] [PENJUALAN] CASHIER FORM : TextBox_TextChanged, dataGridViewTextBoxEditingControl.Text pass REGEX Checking
[ADMIN] [7/22/2016 12:00 PM] [PENJUALAN] CASHIER FORM : CHECK STOCK QTY IS ENOUGH []
[ADMIN] [7/22/2016 12:00 PM] [PENJUALAN] CASHIER FORM : CALCULATE SUBTOTAL
[ADMIN] [7/22/2016 12:00 PM] [PENJUALAN] CASHIER FORM : SUBTOTAL [0]
[ADMIN] [7/22/2016 12:00 PM] [PENJUALAN] CASHIER FORM : TextBox_TextChanged, subtotal value [0]
[ADMIN] [7/22/2016 12:00 PM] [PENJUALAN] CASHIER FORM : TextBox_TextChanged, attempt to calculate total value
[ADMIN] [7/22/2016 12:00 PM] [PENJUALAN] CASHIER FORM : calculateTotal
[ADMIN] [7/22/2016 12:00 PM] [PENJUALAN] CASHIER FORM : calculateTotal [68000]
[ADMIN] [7/22/2016 12:00 PM] [PENJUALAN] CASHIER FORM : calculateTotal, totalAfterDisc [68000]
[ADMIN] [7/22/2016 12:00 PM] [PENJUALAN] CASHIER FORM : calculateChangeValue, bayarTextBox.Text [0]
[ADMIN] [7/22/2016 12:00 PM] [PENJUALAN] CASHIER FORM : calculateChangeValue, sisaBayar [0]
[ADMIN] [7/22/2016 12:00 PM] [PENJUALAN] CASHIER FORM : TextBox_TextChanged, isLoading [False]
[ADMIN] [7/22/2016 12:00 PM] [PENJUALAN] CASHIER FORM : TextBox_TextChanged, rowSelectedIndex [1]
[ADMIN] [7/22/2016 12:00 PM] [PENJUALAN] CASHIER FORM : TextBox_TextChanged, previousInput [0]
[ADMIN] [7/22/2016 12:00 PM] [PENJUALAN] CASHIER FORM : TextBox_TextChanged, dataGridViewTextBoxEditingControl.Text [0]
[ADMIN] [7/22/2016 12:00 PM] [PENJUALAN] CASHIER FORM : TextBox_TextChanged, dataGridViewTextBoxEditingControl.Text pass REGEX Checking
[ADMIN] [7/22/2016 12:00 PM] [PENJUALAN] CASHIER FORM : CHECK STOCK QTY IS ENOUGH []
[ADMIN] [7/22/2016 12:00 PM] [PENJUALAN] CASHIER FORM : CALCULATE SUBTOTAL
[ADMIN] [7/22/2016 12:00 PM] [PENJUALAN] CASHIER FORM : SUBTOTAL [0]
[ADMIN] [7/22/2016 12:00 PM] [PENJUALAN] CASHIER FORM : TextBox_TextChanged, subtotal value [0]
[ADMIN] [7/22/2016 12:00 PM] [PENJUALAN] CASHIER FORM : TextBox_TextChanged, attempt to calculate total value
[ADMIN] [7/22/2016 12:00 PM] [PENJUALAN] CASHIER FORM : calculateTotal
[ADMIN] [7/22/2016 12:00 PM] [PENJUALAN] CASHIER FORM : calculateTotal [68000]
[ADMIN] [7/22/2016 12:00 PM] [PENJUALAN] CASHIER FORM : calculateTotal, totalAfterDisc [68000]
[ADMIN] [7/22/2016 12:00 PM] [PENJUALAN] CASHIER FORM : calculateChangeValue, bayarTextBox.Text [0]
[ADMIN] [7/22/2016 12:00 PM] [PENJUALAN] CASHIER FORM : calculateChangeValue, sisaBayar [0]
[ADMIN] [7/22/2016 12:00 PM] [PENJUALAN] CASHIER FORM : TextBox_TextChanged, isLoading [False]
[ADMIN] [7/22/2016 12:00 PM] [PENJUALAN] CASHIER FORM : TextBox_TextChanged, rowSelectedIndex [0]
[ADMIN] [7/22/2016 12:00 PM] [PENJUALAN] CASHIER FORM : TextBox_TextChanged, previousInput [2]
[ADMIN] [7/22/2016 12:00 PM] [PENJUALAN] CASHIER FORM : TextBox_TextChanged, dataGridViewTextBoxEditingControl.Text pass REGEX Checking
[ADMIN] [7/22/2016 12:00 PM] [PENJUALAN] CASHIER FORM : CHECK STOCK QTY IS ENOUGH [ALPO-P1]
[ADMIN] [7/22/2016 12:00 PM] [PENJUALAN] CASHIER FORM : CHECK STOCK QTY IS ENOUGH [9954, 2]
[ADMIN] [7/22/2016 12:00 PM] [PENJUALAN] CASHIER FORM : CALCULATE SUBTOTAL
[ADMIN] [7/22/2016 12:00 PM] [PENJUALAN] CASHIER FORM : SUBTOTAL [68000]
[ADMIN] [7/22/2016 12:00 PM] [PENJUALAN] CASHIER FORM : TextBox_TextChanged, subtotal value [68000]
[ADMIN] [7/22/2016 12:00 PM] [PENJUALAN] CASHIER FORM : TextBox_TextChanged, attempt to calculate total value
[ADMIN] [7/22/2016 12:00 PM] [PENJUALAN] CASHIER FORM : calculateTotal
[ADMIN] [7/22/2016 12:00 PM] [PENJUALAN] CASHIER FORM : calculateTotal [68000]
[ADMIN] [7/22/2016 12:00 PM] [PENJUALAN] CASHIER FORM : calculateTotal, totalAfterDisc [68000]
[ADMIN] [7/22/2016 12:00 PM] [PENJUALAN] CASHIER FORM : calculateChangeValue, bayarTextBox.Text [0]
[ADMIN] [7/22/2016 12:00 PM] [PENJUALAN] CASHIER FORM : calculateChangeValue, sisaBayar [0]
[ADMIN] [7/22/2016 12:00 PM] [PENJUALAN] CASHIER FORM : TextBox_TextChanged, isLoading [False]
[ADMIN] [7/22/2016 12:00 PM] [PENJUALAN] CASHIER FORM : TextBox_TextChanged, rowSelectedIndex [0]
[ADMIN] [7/22/2016 12:00 PM] [PENJUALAN] CASHIER FORM : TextBox_TextChanged, previousInput [2]
[ADMIN] [7/22/2016 12:00 PM] [PENJUALAN] CASHIER FORM : TextBox_TextChanged, dataGridViewTextBoxEditingControl.Text pass REGEX Checking
[ADMIN] [7/22/2016 12:00 PM] [PENJUALAN] CASHIER FORM : CHECK STOCK QTY IS ENOUGH [ALPO-P1]
[ADMIN] [7/22/2016 12:00 PM] [PENJUALAN] CASHIER FORM : CHECK STOCK QTY IS ENOUGH [9954, 2]
[ADMIN] [7/22/2016 12:00 PM] [PENJUALAN] CASHIER FORM : CALCULATE SUBTOTAL
[ADMIN] [7/22/2016 12:00 PM] [PENJUALAN] CASHIER FORM : SUBTOTAL [68000]
[ADMIN] [7/22/2016 12:00 PM] [PENJUALAN] CASHIER FORM : TextBox_TextChanged, subtotal value [68000]
[ADMIN] [7/22/2016 12:00 PM] [PENJUALAN] CASHIER FORM : TextBox_TextChanged, attempt to calculate total value
[ADMIN] [7/22/2016 12:00 PM] [PENJUALAN] CASHIER FORM : calculateTotal
[ADMIN] [7/22/2016 12:00 PM] [PENJUALAN] CASHIER FORM : calculateTotal [68000]
[ADMIN] [7/22/2016 12:00 PM] [PENJUALAN] CASHIER FORM : calculateTotal, totalAfterDisc [68000]
[ADMIN] [7/22/2016 12:00 PM] [PENJUALAN] CASHIER FORM : calculateChangeValue, bayarTextBox.Text [0]
[ADMIN] [7/22/2016 12:00 PM] [PENJUALAN] CASHIER FORM : calculateChangeValue, sisaBayar [0]
[ADMIN] [7/22/2016 12:00 PM] [PENJUALAN] CASHIER FORM : TextBox_TextChanged, isLoading [False]
[ADMIN] [7/22/2016 12:00 PM] [PENJUALAN] CASHIER FORM : TextBox_TextChanged, rowSelectedIndex [0]
[ADMIN] [7/22/2016 12:00 PM] [PENJUALAN] CASHIER FORM : TextBox_TextChanged, previousInput [2]
[ADMIN] [7/22/2016 12:00 PM] [PENJUALAN] CASHIER FORM : TextBox_TextChanged, dataGridViewTextBoxEditingControl.Text pass REGEX Checking
[ADMIN] [7/22/2016 12:00 PM] [PENJUALAN] CASHIER FORM : CHECK STOCK QTY IS ENOUGH [ALPO-P1]
[ADMIN] [7/22/2016 12:00 PM] [PENJUALAN] CASHIER FORM : CHECK STOCK QTY IS ENOUGH [9954, 2]
[ADMIN] [7/22/2016 12:00 PM] [PENJUALAN] CASHIER FORM : CALCULATE SUBTOTAL
[ADMIN] [7/22/2016 12:00 PM] [PENJUALAN] CASHIER FORM : SUBTOTAL [68000]
[ADMIN] [7/22/2016 12:00 PM] [PENJUALAN] CASHIER FORM : TextBox_TextChanged, subtotal value [68000]
[ADMIN] [7/22/2016 12:00 PM] [PENJUALAN] CASHIER FORM : TextBox_TextChanged, attempt to calculate total value
[ADMIN] [7/22/2016 12:00 PM] [PENJUALAN] CASHIER FORM : calculateTotal
[ADMIN] [7/22/2016 12:00 PM] [PENJUALAN] CASHIER FORM : calculateTotal [68000]
[ADMIN] [7/22/2016 12:00 PM] [PENJUALAN] CASHIER FORM : calculateTotal, totalAfterDisc [68000]
[ADMIN] [7/22/2016 12:00 PM] [PENJUALAN] CASHIER FORM : calculateChangeValue, bayarTextBox.Text [0]
[ADMIN] [7/22/2016 12:00 PM] [PENJUALAN] CASHIER FORM : calculateChangeValue, sisaBayar [0]
[ADMIN] [7/22/2016 12:00 PM] [PENJUALAN] CASHIER FORM : TextBox_TextChanged, isLoading [False]
[ADMIN] [7/22/2016 12:00 PM] [PENJUALAN] CASHIER FORM : TextBox_TextChanged, rowSelectedIndex [0]
[ADMIN] [7/22/2016 12:00 PM] [PENJUALAN] CASHIER FORM : TextBox_TextChanged, previousInput [2]
[ADMIN] [7/22/2016 12:00 PM] [PENJUALAN] CASHIER FORM : TextBox_TextChanged, dataGridViewTextBoxEditingControl.Text pass REGEX Checking
[ADMIN] [7/22/2016 12:00 PM] [PENJUALAN] CASHIER FORM : CHECK STOCK QTY IS ENOUGH [ALPO-P1]
[ADMIN] [7/22/2016 12:00 PM] [PENJUALAN] CASHIER FORM : CHECK STOCK QTY IS ENOUGH [9954, 2]
[ADMIN] [7/22/2016 12:00 PM] [PENJUALAN] CASHIER FORM : CALCULATE SUBTOTAL
[ADMIN] [7/22/2016 12:00 PM] [PENJUALAN] CASHIER FORM : SUBTOTAL [68000]
[ADMIN] [7/22/2016 12:00 PM] [PENJUALAN] CASHIER FORM : TextBox_TextChanged, subtotal value [68000]
[ADMIN] [7/22/2016 12:00 PM] [PENJUALAN] CASHIER FORM : TextBox_TextChanged, attempt to calculate total value
[ADMIN] [7/22/2016 12:00 PM] [PENJUALAN] CASHIER FORM : calculateTotal
[ADMIN] [7/22/2016 12:00 PM] [PENJUALAN] CASHIER FORM : calculateTotal [68000]
[ADMIN] [7/22/2016 12:00 PM] [PENJUALAN] CASHIER FORM : calculateTotal, totalAfterDisc [68000]
[ADMIN] [7/22/2016 12:00 PM] [PENJUALAN] CASHIER FORM : calculateChangeValue, bayarTextBox.Text [0]
[ADMIN] [7/22/2016 12:00 PM] [PENJUALAN] CASHIER FORM : calculateChangeValue, sisaBayar [0]
[ADMIN] [7/22/2016 12:00 PM] [PENJUALAN] CASHIER FORM : TextBox_TextChanged, isLoading [False]
[ADMIN] [7/22/2016 12:00 PM] [PENJUALAN] CASHIER FORM : TextBox_TextChanged, rowSelectedIndex [0]
[ADMIN] [7/22/2016 12:00 PM] [PENJUALAN] CASHIER FORM : TextBox_TextChanged, previousInput [2]
[ADMIN] [7/22/2016 12:00 PM] [PENJUALAN] CASHIER FORM : TextBox_TextChanged, dataGridViewTextBoxEditingControl.Text pass REGEX Checking
[ADMIN] [7/22/2016 12:00 PM] [PENJUALAN] CASHIER FORM : CHECK STOCK QTY IS ENOUGH [ALPO-P1]
[ADMIN] [7/22/2016 12:00 PM] [PENJUALAN] CASHIER FORM : CHECK STOCK QTY IS ENOUGH [9954, 2]
[ADMIN] [7/22/2016 12:00 PM] [PENJUALAN] CASHIER FORM : CALCULATE SUBTOTAL
[ADMIN] [7/22/2016 12:00 PM] [PENJUALAN] CASHIER FORM : SUBTOTAL [68000]
[ADMIN] [7/22/2016 12:00 PM] [PENJUALAN] CASHIER FORM : TextBox_TextChanged, subtotal value [68000]
[ADMIN] [7/22/2016 12:00 PM] [PENJUALAN] CASHIER FORM : TextBox_TextChanged, attempt to calculate total value
[ADMIN] [7/22/2016 12:00 PM] [PENJUALAN] CASHIER FORM : calculateTotal
[ADMIN] [7/22/2016 12:00 PM] [PENJUALAN] CASHIER FORM : calculateTotal [68000]
[ADMIN] [7/22/2016 12:00 PM] [PENJUALAN] CASHIER FORM : calculateTotal, totalAfterDisc [68000]
[ADMIN] [7/22/2016 12:00 PM] [PENJUALAN] CASHIER FORM : calculateChangeValue, bayarTextBox.Text [0]
[ADMIN] [7/22/2016 12:00 PM] [PENJUALAN] CASHIER FORM : calculateChangeValue, sisaBayar [0]
[ADMIN] [7/22/2016 12:00 PM] [PENJUALAN] CASHIER FORM : TextBox_TextChanged, isLoading [False]
[ADMIN] [7/22/2016 12:00 PM] [PENJUALAN] CASHIER FORM : TextBox_TextChanged, rowSelectedIndex [0]
[ADMIN] [7/22/2016 12:00 PM] [PENJUALAN] CASHIER FORM : TextBox_TextChanged, empty texbox, reset [disc1] value to 0
[ADMIN] [7/22/2016 12:00 PM] [PENJUALAN] CASHIER FORM : TextBox_TextChanged, isLoading [True]
[ADMIN] [7/22/2016 12:00 PM] [PENJUALAN] CASHIER FORM : TextBox_TextChanged, isLoading [True]
[ADMIN] [7/22/2016 12:00 PM] [PENJUALAN] CASHIER FORM : TextBox_TextChanged, isLoading [True]
[ADMIN] [7/22/2016 12:00 PM] [PENJUALAN] CASHIER FORM : TextBox_TextChanged, isLoading [True]
[ADMIN] [7/22/2016 12:00 PM] [PENJUALAN] CASHIER FORM : TextBox_TextChanged, isLoading [True]
[ADMIN] [7/22/2016 12:00 PM] [PENJUALAN] CASHIER FORM : TextBox_TextChanged, isLoading [True]
[ADMIN] [7/22/2016 12:00 PM] [PENJUALAN] CASHIER FORM : TextBox_TextChanged, recalculate total value
[ADMIN] [7/22/2016 12:00 PM] [PENJUALAN] CASHIER FORM : calculateTotal
[ADMIN] [7/22/2016 12:00 PM] [PENJUALAN] CASHIER FORM : calculateTotal [0]
[ADMIN] [7/22/2016 12:00 PM] [PENJUALAN] CASHIER FORM : calculateTotal, totalAfterDisc [0]
[ADMIN] [7/22/2016 12:00 PM] [PENJUALAN] CASHIER FORM : calculateChangeValue, bayarTextBox.Text [0]
[ADMIN] [7/22/2016 12:00 PM] [PENJUALAN] CASHIER FORM : calculateChangeValue, sisaBayar [68000]
[ADMIN] [7/22/2016 12:00 PM] [PENJUALAN] CASHIER FORM : TextBox_TextChanged, set the cursor to end of textbox
[ADMIN] [7/22/2016 12:00 PM] [PENJUALAN] CASHIER FORM : TextBox_TextChanged, isLoading [False]
[ADMIN] [7/22/2016 12:00 PM] [PENJUALAN] CASHIER FORM : TextBox_TextChanged, rowSelectedIndex [0]
[ADMIN] [7/22/2016 12:00 PM] [PENJUALAN] CASHIER FORM : TextBox_TextChanged, previousInput [0]
[ADMIN] [7/22/2016 12:00 PM] [PENJUALAN] CASHIER FORM : TextBox_TextChanged, dataGridViewTextBoxEditingControl.Text [0]
[ADMIN] [7/22/2016 12:00 PM] [PENJUALAN] CASHIER FORM : TextBox_TextChanged, dataGridViewTextBoxEditingControl.Text pass REGEX Checking
[ADMIN] [7/22/2016 12:00 PM] [PENJUALAN] CASHIER FORM : CALCULATE SUBTOTAL
[ADMIN] [7/22/2016 12:00 PM] [PENJUALAN] CASHIER FORM : SUBTOTAL [68000]
[ADMIN] [7/22/2016 12:00 PM] [PENJUALAN] CASHIER FORM : TextBox_TextChanged, subtotal value [68000]
[ADMIN] [7/22/2016 12:00 PM] [PENJUALAN] CASHIER FORM : TextBox_TextChanged, attempt to calculate total value
[ADMIN] [7/22/2016 12:00 PM] [PENJUALAN] CASHIER FORM : calculateTotal
[ADMIN] [7/22/2016 12:00 PM] [PENJUALAN] CASHIER FORM : calculateTotal [68000]
[ADMIN] [7/22/2016 12:00 PM] [PENJUALAN] CASHIER FORM : calculateTotal, totalAfterDisc [68000]
[ADMIN] [7/22/2016 12:00 PM] [PENJUALAN] CASHIER FORM : calculateChangeValue, bayarTextBox.Text [0]
[ADMIN] [7/22/2016 12:00 PM] [PENJUALAN] CASHIER FORM : calculateChangeValue, sisaBayar [0]
[ADMIN] [7/22/2016 12:00 PM] [PENJUALAN] CASHIER FORM : TextBox_TextChanged, isLoading [False]
[ADMIN] [7/22/2016 12:00 PM] [PENJUALAN] CASHIER FORM : TextBox_TextChanged, rowSelectedIndex [0]
[ADMIN] [7/22/2016 12:00 PM] [PENJUALAN] CASHIER FORM : TextBox_TextChanged, previousInput [0]
[ADMIN] [7/22/2016 12:00 PM] [PENJUALAN] CASHIER FORM : TextBox_TextChanged, dataGridViewTextBoxEditingControl.Text [0]
[ADMIN] [7/22/2016 12:00 PM] [PENJUALAN] CASHIER FORM : TextBox_TextChanged, dataGridViewTextBoxEditingControl.Text pass REGEX Checking
[ADMIN] [7/22/2016 12:00 PM] [PENJUALAN] CASHIER FORM : CALCULATE SUBTOTAL
[ADMIN] [7/22/2016 12:00 PM] [PENJUALAN] CASHIER FORM : SUBTOTAL [68000]
[ADMIN] [7/22/2016 12:00 PM] [PENJUALAN] CASHIER FORM : TextBox_TextChanged, subtotal value [68000]
[ADMIN] [7/22/2016 12:00 PM] [PENJUALAN] CASHIER FORM : TextBox_TextChanged, attempt to calculate total value
[ADMIN] [7/22/2016 12:00 PM] [PENJUALAN] CASHIER FORM : calculateTotal
[ADMIN] [7/22/2016 12:00 PM] [PENJUALAN] CASHIER FORM : calculateTotal [68000]
[ADMIN] [7/22/2016 12:00 PM] [PENJUALAN] CASHIER FORM : calculateTotal, totalAfterDisc [68000]
[ADMIN] [7/22/2016 12:00 PM] [PENJUALAN] CASHIER FORM : calculateChangeValue, bayarTextBox.Text [0]
[ADMIN] [7/22/2016 12:00 PM] [PENJUALAN] CASHIER FORM : calculateChangeValue, sisaBayar [0]
[ADMIN] [7/22/2016 12:00 PM] [PENJUALAN] CASHIER FORM : TextBox_TextChanged, isLoading [False]
[ADMIN] [7/22/2016 12:00 PM] [PENJUALAN] CASHIER FORM : TextBox_TextChanged, rowSelectedIndex [0]
[ADMIN] [7/22/2016 12:00 PM] [PENJUALAN] CASHIER FORM : TextBox_TextChanged, previousInput [0]
[ADMIN] [7/22/2016 12:00 PM] [PENJUALAN] CASHIER FORM : TextBox_TextChanged, dataGridViewTextBoxEditingControl.Text [0]
[ADMIN] [7/22/2016 12:00 PM] [PENJUALAN] CASHIER FORM : TextBox_TextChanged, dataGridViewTextBoxEditingControl.Text pass REGEX Checking
[ADMIN] [7/22/2016 12:00 PM] [PENJUALAN] CASHIER FORM : CALCULATE SUBTOTAL
[ADMIN] [7/22/2016 12:00 PM] [PENJUALAN] CASHIER FORM : SUBTOTAL [68000]
[ADMIN] [7/22/2016 12:00 PM] [PENJUALAN] CASHIER FORM : TextBox_TextChanged, subtotal value [68000]
[ADMIN] [7/22/2016 12:00 PM] [PENJUALAN] CASHIER FORM : TextBox_TextChanged, attempt to calculate total value
[ADMIN] [7/22/2016 12:00 PM] [PENJUALAN] CASHIER FORM : calculateTotal
[ADMIN] [7/22/2016 12:00 PM] [PENJUALAN] CASHIER FORM : calculateTotal [68000]
[ADMIN] [7/22/2016 12:00 PM] [PENJUALAN] CASHIER FORM : calculateTotal, totalAfterDisc [68000]
[ADMIN] [7/22/2016 12:00 PM] [PENJUALAN] CASHIER FORM : calculateChangeValue, bayarTextBox.Text [0]
[ADMIN] [7/22/2016 12:00 PM] [PENJUALAN] CASHIER FORM : calculateChangeValue, sisaBayar [0]
[ADMIN] [7/22/2016 12:00 PM] [PENJUALAN] CASHIER FORM : TextBox_TextChanged, isLoading [False]
[ADMIN] [7/22/2016 12:00 PM] [PENJUALAN] CASHIER FORM : TextBox_TextChanged, rowSelectedIndex [0]
[ADMIN] [7/22/2016 12:00 PM] [PENJUALAN] CASHIER FORM : TextBox_TextChanged, previousInput [0]
[ADMIN] [7/22/2016 12:00 PM] [PENJUALAN] CASHIER FORM : TextBox_TextChanged, dataGridViewTextBoxEditingControl.Text [0]
[ADMIN] [7/22/2016 12:00 PM] [PENJUALAN] CASHIER FORM : TextBox_TextChanged, dataGridViewTextBoxEditingControl.Text pass REGEX Checking
[ADMIN] [7/22/2016 12:00 PM] [PENJUALAN] CASHIER FORM : CALCULATE SUBTOTAL
[ADMIN] [7/22/2016 12:00 PM] [PENJUALAN] CASHIER FORM : SUBTOTAL [68000]
[ADMIN] [7/22/2016 12:00 PM] [PENJUALAN] CASHIER FORM : TextBox_TextChanged, subtotal value [68000]
[ADMIN] [7/22/2016 12:00 PM] [PENJUALAN] CASHIER FORM : TextBox_TextChanged, attempt to calculate total value
[ADMIN] [7/22/2016 12:00 PM] [PENJUALAN] CASHIER FORM : calculateTotal
[ADMIN] [7/22/2016 12:00 PM] [PENJUALAN] CASHIER FORM : calculateTotal [68000]
[ADMIN] [7/22/2016 12:00 PM] [PENJUALAN] CASHIER FORM : calculateTotal, totalAfterDisc [68000]
[ADMIN] [7/22/2016 12:00 PM] [PENJUALAN] CASHIER FORM : calculateChangeValue, bayarTextBox.Text [0]
[ADMIN] [7/22/2016 12:00 PM] [PENJUALAN] CASHIER FORM : calculateChangeValue, sisaBayar [0]
[ADMIN] [7/22/2016 12:00 PM] [PENJUALAN] CASHIER FORM : TextBox_TextChanged, isLoading [False]
[ADMIN] [7/22/2016 12:00 PM] [PENJUALAN] CASHIER FORM : TextBox_TextChanged, rowSelectedIndex [0]
[ADMIN] [7/22/2016 12:00 PM] [PENJUALAN] CASHIER FORM : TextBox_TextChanged, previousInput [0]
[ADMIN] [7/22/2016 12:00 PM] [PENJUALAN] CASHIER FORM : TextBox_TextChanged, dataGridViewTextBoxEditingControl.Text [0]
[ADMIN] [7/22/2016 12:00 PM] [PENJUALAN] CASHIER FORM : TextBox_TextChanged, dataGridViewTextBoxEditingControl.Text pass REGEX Checking
[ADMIN] [7/22/2016 12:00 PM] [PENJUALAN] CASHIER FORM : CALCULATE SUBTOTAL
[ADMIN] [7/22/2016 12:00 PM] [PENJUALAN] CASHIER FORM : SUBTOTAL [68000]
[ADMIN] [7/22/2016 12:00 PM] [PENJUALAN] CASHIER FORM : TextBox_TextChanged, subtotal value [68000]
[ADMIN] [7/22/2016 12:00 PM] [PENJUALAN] CASHIER FORM : TextBox_TextChanged, attempt to calculate total value
[ADMIN] [7/22/2016 12:00 PM] [PENJUALAN] CASHIER FORM : calculateTotal
[ADMIN] [7/22/2016 12:00 PM] [PENJUALAN] CASHIER FORM : calculateTotal [68000]
[ADMIN] [7/22/2016 12:00 PM] [PENJUALAN] CASHIER FORM : calculateTotal, totalAfterDisc [68000]
[ADMIN] [7/22/2016 12:00 PM] [PENJUALAN] CASHIER FORM : calculateChangeValue, bayarTextBox.Text [0]
[ADMIN] [7/22/2016 12:00 PM] [PENJUALAN] CASHIER FORM : calculateChangeValue, sisaBayar [0]
[ADMIN] [7/22/2016 12:00 PM] [PENJUALAN] CASHIER FORM : UNREGISTER HOTKEY
[ADMIN] [7/22/2016 12:00 PM] [PENJUALAN] CASHIER FORM : UNREGISTER HOTKEY
[ADMIN] [7/22/2016 12:00 PM] [] USER ID = 1LOGOUT
