[] [7/20/2016 3:14 PM] [] USER = ADMIN IS ACTIVE
[ADMIN] [7/20/2016 3:14 PM] [] USER ID = 1 LOGIN SUCCESSFULLY
[ADMIN] [7/20/2016 3:14 PM] [] ACTIVATE USER ACCESS RIGHT
[ADMIN] [7/20/2016 3:14 PM] [] DISPLAY ADMIN FORM
[ADMIN] [7/20/2016 3:14 PM] [] adminForm Load
[] [7/20/2016 3:15 PM] [] USER = ADMIN IS ACTIVE
[ADMIN] [7/20/2016 3:15 PM] [] USER ID = 1 LOGIN SUCCESSFULLY
[ADMIN] [7/20/2016 3:15 PM] [] ACTIVATE USER ACCESS RIGHT
[ADMIN] [7/20/2016 3:15 PM] [] DISPLAY ADMIN FORM
[ADMIN] [7/20/2016 3:15 PM] [] adminForm Load
[] [7/20/2016 3:16 PM] [] USER = ADMIN IS ACTIVE
[ADMIN] [7/20/2016 3:16 PM] [] USER ID = 1 LOGIN SUCCESSFULLY
[ADMIN] [7/20/2016 3:16 PM] [] ACTIVATE USER ACCESS RIGHT
[ADMIN] [7/20/2016 3:16 PM] [] DISPLAY ADMIN FORM
[ADMIN] [7/20/2016 3:16 PM] [] adminForm Load
[] [7/20/2016 3:17 PM] [] USER = ADMIN IS ACTIVE
[ADMIN] [7/20/2016 3:17 PM] [] USER ID = 1 LOGIN SUCCESSFULLY
[ADMIN] [7/20/2016 3:17 PM] [] ACTIVATE USER ACCESS RIGHT
[ADMIN] [7/20/2016 3:17 PM] [] DISPLAY ADMIN FORM
[ADMIN] [7/20/2016 3:17 PM] [] adminForm Load
[ADMIN] [7/20/2016 3:17 PM] [REQUEST ORDER] updateSomeRowsContent, PRODUCT_BASE_PRICE [26625]
[ADMIN] [7/20/2016 3:17 PM] [REQUEST ORDER] updateSomeRowsContent, attempt to calculate total
[ADMIN] [7/20/2016 3:18 PM] [] USER ID = 1LOGOUT
