[] [7/20/2016 10:37 AM] [] USER = ADMIN IS ACTIVE
[ADMIN] [7/20/2016 10:37 AM] [] USER ID = 1 LOGIN SUCCESSFULLY
[ADMIN] [7/20/2016 10:37 AM] [] ACTIVATE USER ACCESS RIGHT
[ADMIN] [7/20/2016 10:37 AM] [] DISPLAY ADMIN FORM
[ADMIN] [7/20/2016 10:37 AM] [] adminForm Load
[ADMIN] [7/20/2016 10:37 AM] [PENJUALAN] CASHIER FORM : MULTIPLE CASHIER INSTANCE [1]
[ADMIN] [7/20/2016 10:37 AM] [PENJUALAN] CASHIER FORM : REGISTER HOTKEY
[ADMIN] [7/20/2016 10:37 AM] [PENJUALAN] CASHIER FORM : cashierForm_Load, ATTEMPT TO LOAD NO FAKTUR
[ADMIN] [7/20/2016 10:37 AM] [PENJUALAN] CASHIER FORM : loadNoFaktur, noFakturValue [SLO001]
[ADMIN] [7/20/2016 10:37 AM] [PENJUALAN] CASHIER FORM : cashierForm_Load, ATTEMPT TO addColumnToDataGrid
[ADMIN] [7/20/2016 10:37 AM] [PENJUALAN] CASHIER FORM : UPDATE ROW NUMBER, TOTAL ROW [1]
[ADMIN] [7/20/2016 10:37 AM] [PENJUALAN] CASHIER FORM : calculateTotal
[ADMIN] [7/20/2016 10:37 AM] [PENJUALAN] CASHIER FORM : calculateTotal [0]
[ADMIN] [7/20/2016 10:37 AM] [PENJUALAN] CASHIER FORM : calculateTotal, totalAfterDisc [0]
[ADMIN] [7/20/2016 10:37 AM] [PENJUALAN] CASHIER FORM : calculateChangeValue, bayarTextBox.Text [0]
[ADMIN] [7/20/2016 10:37 AM] [PENJUALAN] CASHIER FORM : calculateChangeValue, sisaBayar [0]
[ADMIN] [7/20/2016 10:37 AM] [PENJUALAN] CASHIER FORM : REGISTER HOTKEY
[ADMIN] [7/20/2016 10:37 AM] [PENJUALAN] CASHIER FORM : UNREGISTER HOTKEY
[ADMIN] [7/20/2016 10:37 AM] [PENJUALAN] CASHIER FORM : REGISTER HOTKEY
[ADMIN] [7/20/2016 10:37 AM] [PENJUALAN] CASHIER FORM : UPDATE ROW NUMBER, TOTAL ROW [2]
[ADMIN] [7/20/2016 10:38 AM] [PENJUALAN] CASHIER FORM : PRODUCT PRICE TYPE [PRODUCT_BASE_PRICE]
[ADMIN] [7/20/2016 10:38 AM] [PENJUALAN] CASHIER FORM : PRODUCT PRICE [26625]
[ADMIN] [7/20/2016 10:38 AM] [PENJUALAN] CASHIER FORM : ComboBox_SelectedIndexChanged, PRODUCT_BASE_PRICE [26625]
[ADMIN] [7/20/2016 10:38 AM] [PENJUALAN] CASHIER FORM : PRODUCT PRICE TYPE [PRODUCT_RETAIL_PRICE]
[ADMIN] [7/20/2016 10:38 AM] [PENJUALAN] CASHIER FORM : PRODUCT PRICE [34000]
[ADMIN] [7/20/2016 10:38 AM] [PENJUALAN] CASHIER FORM : ComboBox_SelectedIndexChanged, PRODUCT_SALES_PRICE [34000]
[ADMIN] [7/20/2016 10:38 AM] [PENJUALAN] CASHIER FORM : ComboBox_SelectedIndexChanged, attempt to calculate total
[ADMIN] [7/20/2016 10:38 AM] [PENJUALAN] CASHIER FORM : calculateTotal
[ADMIN] [7/20/2016 10:38 AM] [PENJUALAN] CASHIER FORM : calculateTotal [0]
[ADMIN] [7/20/2016 10:38 AM] [PENJUALAN] CASHIER FORM : calculateTotal, totalAfterDisc [0]
[ADMIN] [7/20/2016 10:38 AM] [PENJUALAN] CASHIER FORM : calculateChangeValue, bayarTextBox.Text [0]
[ADMIN] [7/20/2016 10:38 AM] [PENJUALAN] CASHIER FORM : calculateChangeValue, sisaBayar [0]
[ADMIN] [7/20/2016 10:38 AM] [PENJUALAN] CASHIER FORM : TextBox_TextChanged, isLoading [False]
[ADMIN] [7/20/2016 10:38 AM] [PENJUALAN] CASHIER FORM : TextBox_TextChanged, rowSelectedIndex [1]
[ADMIN] [7/20/2016 10:38 AM] [PENJUALAN] CASHIER FORM : TextBox_TextChanged, empty texbox, reset [qty] value to 0
[ADMIN] [7/20/2016 10:38 AM] [PENJUALAN] CASHIER FORM : TextBox_TextChanged, isLoading [True]
[ADMIN] [7/20/2016 10:38 AM] [PENJUALAN] CASHIER FORM : TextBox_TextChanged, recalculate total value
[ADMIN] [7/20/2016 10:38 AM] [PENJUALAN] CASHIER FORM : calculateTotal
[ADMIN] [7/20/2016 10:38 AM] [PENJUALAN] CASHIER FORM : calculateTotal [0]
[ADMIN] [7/20/2016 10:38 AM] [PENJUALAN] CASHIER FORM : calculateTotal, totalAfterDisc [0]
[ADMIN] [7/20/2016 10:38 AM] [PENJUALAN] CASHIER FORM : calculateChangeValue, bayarTextBox.Text [0]
[ADMIN] [7/20/2016 10:38 AM] [PENJUALAN] CASHIER FORM : calculateChangeValue, sisaBayar [0]
[ADMIN] [7/20/2016 10:38 AM] [PENJUALAN] CASHIER FORM : TextBox_TextChanged, set the cursor to end of textbox
[ADMIN] [7/20/2016 10:38 AM] [PENJUALAN] CASHIER FORM : TextBox_TextChanged, isLoading [False]
[ADMIN] [7/20/2016 10:38 AM] [PENJUALAN] CASHIER FORM : TextBox_TextChanged, rowSelectedIndex [0]
[ADMIN] [7/20/2016 10:38 AM] [PENJUALAN] CASHIER FORM : TextBox_TextChanged, empty texbox, reset [disc1] value to 0
[ADMIN] [7/20/2016 10:38 AM] [PENJUALAN] CASHIER FORM : TextBox_TextChanged, isLoading [True]
[ADMIN] [7/20/2016 10:38 AM] [PENJUALAN] CASHIER FORM : TextBox_TextChanged, isLoading [True]
[ADMIN] [7/20/2016 10:38 AM] [PENJUALAN] CASHIER FORM : TextBox_TextChanged, isLoading [True]
[ADMIN] [7/20/2016 10:38 AM] [PENJUALAN] CASHIER FORM : TextBox_TextChanged, recalculate total value
[ADMIN] [7/20/2016 10:38 AM] [PENJUALAN] CASHIER FORM : calculateTotal
[ADMIN] [7/20/2016 10:38 AM] [PENJUALAN] CASHIER FORM : calculateTotal [0]
[ADMIN] [7/20/2016 10:38 AM] [PENJUALAN] CASHIER FORM : calculateTotal, totalAfterDisc [0]
[ADMIN] [7/20/2016 10:38 AM] [PENJUALAN] CASHIER FORM : calculateChangeValue, bayarTextBox.Text [0]
[ADMIN] [7/20/2016 10:38 AM] [PENJUALAN] CASHIER FORM : calculateChangeValue, sisaBayar [0]
[ADMIN] [7/20/2016 10:38 AM] [PENJUALAN] CASHIER FORM : TextBox_TextChanged, set the cursor to end of textbox
[ADMIN] [7/20/2016 10:38 AM] [PENJUALAN] CASHIER FORM : TextBox_TextChanged, isLoading [False]
[ADMIN] [7/20/2016 10:38 AM] [PENJUALAN] CASHIER FORM : TextBox_TextChanged, rowSelectedIndex [0]
[ADMIN] [7/20/2016 10:38 AM] [PENJUALAN] CASHIER FORM : TextBox_TextChanged, previousInput [0]
[ADMIN] [7/20/2016 10:38 AM] [PENJUALAN] CASHIER FORM : TextBox_TextChanged, dataGridViewTextBoxEditingControl.Text [0]
[ADMIN] [7/20/2016 10:38 AM] [PENJUALAN] CASHIER FORM : TextBox_TextChanged, dataGridViewTextBoxEditingControl.Text pass REGEX Checking
[ADMIN] [7/20/2016 10:38 AM] [PENJUALAN] CASHIER FORM : CALCULATE SUBTOTAL
[ADMIN] [7/20/2016 10:38 AM] [PENJUALAN] CASHIER FORM : SUBTOTAL [0]
[ADMIN] [7/20/2016 10:38 AM] [PENJUALAN] CASHIER FORM : TextBox_TextChanged, subtotal value [0]
[ADMIN] [7/20/2016 10:38 AM] [PENJUALAN] CASHIER FORM : TextBox_TextChanged, attempt to calculate total value
[ADMIN] [7/20/2016 10:38 AM] [PENJUALAN] CASHIER FORM : calculateTotal
[ADMIN] [7/20/2016 10:38 AM] [PENJUALAN] CASHIER FORM : calculateTotal [0]
[ADMIN] [7/20/2016 10:38 AM] [PENJUALAN] CASHIER FORM : calculateTotal, totalAfterDisc [0]
[ADMIN] [7/20/2016 10:38 AM] [PENJUALAN] CASHIER FORM : calculateChangeValue, bayarTextBox.Text [0]
[ADMIN] [7/20/2016 10:38 AM] [PENJUALAN] CASHIER FORM : calculateChangeValue, sisaBayar [0]
[ADMIN] [7/20/2016 10:38 AM] [PENJUALAN] CASHIER FORM : TextBox_TextChanged, isLoading [False]
[ADMIN] [7/20/2016 10:38 AM] [PENJUALAN] CASHIER FORM : TextBox_TextChanged, rowSelectedIndex [0]
[ADMIN] [7/20/2016 10:38 AM] [PENJUALAN] CASHIER FORM : TextBox_TextChanged, previousInput [0]
[ADMIN] [7/20/2016 10:38 AM] [PENJUALAN] CASHIER FORM : TextBox_TextChanged, dataGridViewTextBoxEditingControl.Text [0]
[ADMIN] [7/20/2016 10:38 AM] [PENJUALAN] CASHIER FORM : TextBox_TextChanged, dataGridViewTextBoxEditingControl.Text pass REGEX Checking
[ADMIN] [7/20/2016 10:38 AM] [PENJUALAN] CASHIER FORM : CALCULATE SUBTOTAL
[ADMIN] [7/20/2016 10:38 AM] [PENJUALAN] CASHIER FORM : SUBTOTAL [0]
[ADMIN] [7/20/2016 10:38 AM] [PENJUALAN] CASHIER FORM : TextBox_TextChanged, subtotal value [0]
[ADMIN] [7/20/2016 10:38 AM] [PENJUALAN] CASHIER FORM : TextBox_TextChanged, attempt to calculate total value
[ADMIN] [7/20/2016 10:38 AM] [PENJUALAN] CASHIER FORM : calculateTotal
[ADMIN] [7/20/2016 10:38 AM] [PENJUALAN] CASHIER FORM : calculateTotal [0]
[ADMIN] [7/20/2016 10:38 AM] [PENJUALAN] CASHIER FORM : calculateTotal, totalAfterDisc [0]
[ADMIN] [7/20/2016 10:38 AM] [PENJUALAN] CASHIER FORM : calculateChangeValue, bayarTextBox.Text [0]
[ADMIN] [7/20/2016 10:38 AM] [PENJUALAN] CASHIER FORM : calculateChangeValue, sisaBayar [0]
[ADMIN] [7/20/2016 10:38 AM] [PENJUALAN] CASHIER FORM : TextBox_TextChanged, isLoading [False]
[ADMIN] [7/20/2016 10:38 AM] [PENJUALAN] CASHIER FORM : TextBox_TextChanged, rowSelectedIndex [0]
[ADMIN] [7/20/2016 10:38 AM] [PENJUALAN] CASHIER FORM : TextBox_TextChanged, previousInput [0]
[ADMIN] [7/20/2016 10:38 AM] [PENJUALAN] CASHIER FORM : TextBox_TextChanged, dataGridViewTextBoxEditingControl.Text [1]
[ADMIN] [7/20/2016 10:38 AM] [PENJUALAN] CASHIER FORM : TextBox_TextChanged, dataGridViewTextBoxEditingControl.Text pass REGEX Checking
[ADMIN] [7/20/2016 10:38 AM] [PENJUALAN] CASHIER FORM : CHECK STOCK QTY IS ENOUGH [ALPO-P1]
[ADMIN] [7/20/2016 10:38 AM] [PENJUALAN] CASHIER FORM : CHECK STOCK QTY IS ENOUGH [9998, 1]
[ADMIN] [7/20/2016 10:38 AM] [PENJUALAN] CASHIER FORM : CALCULATE SUBTOTAL
[ADMIN] [7/20/2016 10:38 AM] [PENJUALAN] CASHIER FORM : SUBTOTAL [34000]
[ADMIN] [7/20/2016 10:38 AM] [PENJUALAN] CASHIER FORM : TextBox_TextChanged, subtotal value [34000]
[ADMIN] [7/20/2016 10:38 AM] [PENJUALAN] CASHIER FORM : TextBox_TextChanged, attempt to calculate total value
[ADMIN] [7/20/2016 10:38 AM] [PENJUALAN] CASHIER FORM : calculateTotal
[ADMIN] [7/20/2016 10:38 AM] [PENJUALAN] CASHIER FORM : calculateTotal [34000]
[ADMIN] [7/20/2016 10:38 AM] [PENJUALAN] CASHIER FORM : calculateTotal, totalAfterDisc [34000]
[ADMIN] [7/20/2016 10:38 AM] [PENJUALAN] CASHIER FORM : calculateChangeValue, bayarTextBox.Text [0]
[ADMIN] [7/20/2016 10:38 AM] [PENJUALAN] CASHIER FORM : calculateChangeValue, sisaBayar [0]
[ADMIN] [7/20/2016 10:38 AM] [PENJUALAN] CASHIER FORM : TextBox_TextChanged, isLoading [False]
[ADMIN] [7/20/2016 10:38 AM] [PENJUALAN] CASHIER FORM : TextBox_TextChanged, rowSelectedIndex [0]
[ADMIN] [7/20/2016 10:38 AM] [PENJUALAN] CASHIER FORM : TextBox_TextChanged, previousInput [1]
[ADMIN] [7/20/2016 10:38 AM] [PENJUALAN] CASHIER FORM : TextBox_TextChanged, dataGridViewTextBoxEditingControl.Text pass REGEX Checking
[ADMIN] [7/20/2016 10:38 AM] [PENJUALAN] CASHIER FORM : CHECK STOCK QTY IS ENOUGH [ALPO-P1]
[ADMIN] [7/20/2016 10:38 AM] [PENJUALAN] CASHIER FORM : CHECK STOCK QTY IS ENOUGH [9998, 1]
[ADMIN] [7/20/2016 10:38 AM] [PENJUALAN] CASHIER FORM : CALCULATE SUBTOTAL
[ADMIN] [7/20/2016 10:38 AM] [PENJUALAN] CASHIER FORM : SUBTOTAL [34000]
[ADMIN] [7/20/2016 10:38 AM] [PENJUALAN] CASHIER FORM : TextBox_TextChanged, subtotal value [34000]
[ADMIN] [7/20/2016 10:38 AM] [PENJUALAN] CASHIER FORM : TextBox_TextChanged, attempt to calculate total value
[ADMIN] [7/20/2016 10:38 AM] [PENJUALAN] CASHIER FORM : calculateTotal
[ADMIN] [7/20/2016 10:38 AM] [PENJUALAN] CASHIER FORM : calculateTotal [34000]
[ADMIN] [7/20/2016 10:38 AM] [PENJUALAN] CASHIER FORM : calculateTotal, totalAfterDisc [34000]
[ADMIN] [7/20/2016 10:38 AM] [PENJUALAN] CASHIER FORM : calculateChangeValue, bayarTextBox.Text [0]
[ADMIN] [7/20/2016 10:38 AM] [PENJUALAN] CASHIER FORM : calculateChangeValue, sisaBayar [0]
[ADMIN] [7/20/2016 10:38 AM] [PENJUALAN] CASHIER FORM : TextBox_TextChanged, isLoading [False]
[ADMIN] [7/20/2016 10:38 AM] [PENJUALAN] CASHIER FORM : TextBox_TextChanged, rowSelectedIndex [0]
[ADMIN] [7/20/2016 10:38 AM] [PENJUALAN] CASHIER FORM : TextBox_TextChanged, previousInput [1]
[ADMIN] [7/20/2016 10:38 AM] [PENJUALAN] CASHIER FORM : TextBox_TextChanged, dataGridViewTextBoxEditingControl.Text pass REGEX Checking
[ADMIN] [7/20/2016 10:38 AM] [PENJUALAN] CASHIER FORM : CHECK STOCK QTY IS ENOUGH [ALPO-P1]
[ADMIN] [7/20/2016 10:38 AM] [PENJUALAN] CASHIER FORM : CHECK STOCK QTY IS ENOUGH [9998, 1]
[ADMIN] [7/20/2016 10:38 AM] [PENJUALAN] CASHIER FORM : CALCULATE SUBTOTAL
[ADMIN] [7/20/2016 10:38 AM] [PENJUALAN] CASHIER FORM : SUBTOTAL [34000]
[ADMIN] [7/20/2016 10:38 AM] [PENJUALAN] CASHIER FORM : TextBox_TextChanged, subtotal value [34000]
[ADMIN] [7/20/2016 10:38 AM] [PENJUALAN] CASHIER FORM : TextBox_TextChanged, attempt to calculate total value
[ADMIN] [7/20/2016 10:38 AM] [PENJUALAN] CASHIER FORM : calculateTotal
[ADMIN] [7/20/2016 10:38 AM] [PENJUALAN] CASHIER FORM : calculateTotal [34000]
[ADMIN] [7/20/2016 10:38 AM] [PENJUALAN] CASHIER FORM : calculateTotal, totalAfterDisc [34000]
[ADMIN] [7/20/2016 10:38 AM] [PENJUALAN] CASHIER FORM : calculateChangeValue, bayarTextBox.Text [0]
[ADMIN] [7/20/2016 10:38 AM] [PENJUALAN] CASHIER FORM : calculateChangeValue, sisaBayar [0]
[ADMIN] [7/20/2016 10:38 AM] [PENJUALAN] CASHIER FORM : TextBox_TextChanged, isLoading [False]
[ADMIN] [7/20/2016 10:38 AM] [PENJUALAN] CASHIER FORM : TextBox_TextChanged, rowSelectedIndex [0]
[ADMIN] [7/20/2016 10:38 AM] [PENJUALAN] CASHIER FORM : TextBox_TextChanged, previousInput [1]
[ADMIN] [7/20/2016 10:38 AM] [PENJUALAN] CASHIER FORM : TextBox_TextChanged, dataGridViewTextBoxEditingControl.Text pass REGEX Checking
[ADMIN] [7/20/2016 10:38 AM] [PENJUALAN] CASHIER FORM : CHECK STOCK QTY IS ENOUGH [ALPO-P1]
[ADMIN] [7/20/2016 10:38 AM] [PENJUALAN] CASHIER FORM : CHECK STOCK QTY IS ENOUGH [9998, 1]
[ADMIN] [7/20/2016 10:38 AM] [PENJUALAN] CASHIER FORM : CALCULATE SUBTOTAL
[ADMIN] [7/20/2016 10:38 AM] [PENJUALAN] CASHIER FORM : SUBTOTAL [34000]
[ADMIN] [7/20/2016 10:38 AM] [PENJUALAN] CASHIER FORM : TextBox_TextChanged, subtotal value [34000]
[ADMIN] [7/20/2016 10:38 AM] [PENJUALAN] CASHIER FORM : TextBox_TextChanged, attempt to calculate total value
[ADMIN] [7/20/2016 10:38 AM] [PENJUALAN] CASHIER FORM : calculateTotal
[ADMIN] [7/20/2016 10:38 AM] [PENJUALAN] CASHIER FORM : calculateTotal [34000]
[ADMIN] [7/20/2016 10:38 AM] [PENJUALAN] CASHIER FORM : calculateTotal, totalAfterDisc [34000]
[ADMIN] [7/20/2016 10:38 AM] [PENJUALAN] CASHIER FORM : calculateChangeValue, bayarTextBox.Text [0]
[ADMIN] [7/20/2016 10:38 AM] [PENJUALAN] CASHIER FORM : calculateChangeValue, sisaBayar [0]
[ADMIN] [7/20/2016 10:38 AM] [PENJUALAN] CASHIER FORM : TextBox_TextChanged, isLoading [False]
[ADMIN] [7/20/2016 10:38 AM] [PENJUALAN] CASHIER FORM : TextBox_TextChanged, rowSelectedIndex [0]
[ADMIN] [7/20/2016 10:38 AM] [PENJUALAN] CASHIER FORM : TextBox_TextChanged, previousInput [1]
[ADMIN] [7/20/2016 10:38 AM] [PENJUALAN] CASHIER FORM : TextBox_TextChanged, dataGridViewTextBoxEditingControl.Text pass REGEX Checking
[ADMIN] [7/20/2016 10:38 AM] [PENJUALAN] CASHIER FORM : CHECK STOCK QTY IS ENOUGH [ALPO-P1]
[ADMIN] [7/20/2016 10:38 AM] [PENJUALAN] CASHIER FORM : CHECK STOCK QTY IS ENOUGH [9998, 1]
[ADMIN] [7/20/2016 10:38 AM] [PENJUALAN] CASHIER FORM : CALCULATE SUBTOTAL
[ADMIN] [7/20/2016 10:38 AM] [PENJUALAN] CASHIER FORM : SUBTOTAL [34000]
[ADMIN] [7/20/2016 10:38 AM] [PENJUALAN] CASHIER FORM : TextBox_TextChanged, subtotal value [34000]
[ADMIN] [7/20/2016 10:38 AM] [PENJUALAN] CASHIER FORM : TextBox_TextChanged, attempt to calculate total value
[ADMIN] [7/20/2016 10:38 AM] [PENJUALAN] CASHIER FORM : calculateTotal
[ADMIN] [7/20/2016 10:38 AM] [PENJUALAN] CASHIER FORM : calculateTotal [34000]
[ADMIN] [7/20/2016 10:38 AM] [PENJUALAN] CASHIER FORM : calculateTotal, totalAfterDisc [34000]
[ADMIN] [7/20/2016 10:38 AM] [PENJUALAN] CASHIER FORM : calculateChangeValue, bayarTextBox.Text [0]
[ADMIN] [7/20/2016 10:38 AM] [PENJUALAN] CASHIER FORM : calculateChangeValue, sisaBayar [0]
[ADMIN] [7/20/2016 10:38 AM] [PENJUALAN] CASHIER FORM : calculateChangeValue, bayarTextBox.Text [40]
[ADMIN] [7/20/2016 10:38 AM] [PENJUALAN] CASHIER FORM : calculateChangeValue, sisaBayar [0]
[ADMIN] [7/20/2016 10:38 AM] [PENJUALAN] CASHIER FORM : calculateChangeValue, bayarTextBox.Text [400]
[ADMIN] [7/20/2016 10:38 AM] [PENJUALAN] CASHIER FORM : calculateChangeValue, sisaBayar [0]
[ADMIN] [7/20/2016 10:38 AM] [PENJUALAN] CASHIER FORM : calculateChangeValue, bayarTextBox.Text [4000]
[ADMIN] [7/20/2016 10:38 AM] [PENJUALAN] CASHIER FORM : calculateChangeValue, sisaBayar [0]
[ADMIN] [7/20/2016 10:38 AM] [PENJUALAN] CASHIER FORM : calculateChangeValue, bayarTextBox.Text [40000]
[ADMIN] [7/20/2016 10:38 AM] [PENJUALAN] CASHIER FORM : calculateChangeValue, sisaBayar [6000]
[ADMIN] [7/20/2016 10:38 AM] [PENJUALAN] CASHIER FORM : calculateChangeValue, bayarTextBox.Text [400000]
[ADMIN] [7/20/2016 10:38 AM] [PENJUALAN] CASHIER FORM : calculateChangeValue, sisaBayar [366000]
[ADMIN] [7/20/2016 10:38 AM] [PENJUALAN] CASHIER FORM : calculateChangeValue, bayarTextBox.Text [400000]
[ADMIN] [7/20/2016 10:38 AM] [PENJUALAN] CASHIER FORM : calculateChangeValue, sisaBayar [366000]
[ADMIN] [7/20/2016 10:38 AM] [PENJUALAN] CASHIER FORM : HOTKEY TO SAVE AND PRINT OUT INVOICE PRESSED
[ADMIN] [7/20/2016 10:38 AM] [PENJUALAN] CASHIER FORM : UNREGISTER HOTKEY
[ADMIN] [7/20/2016 10:38 AM] [PENJUALAN] CASHIER FORM : REGISTER HOTKEY
[ADMIN] [7/20/2016 10:38 AM] [PENJUALAN] ATTEMPT TO SAVE AND PRINT OUT INVOICE
[ADMIN] [7/20/2016 10:38 AM] [PENJUALAN] CASHIER FORM : UNREGISTER HOTKEY
[ADMIN] [7/20/2016 10:38 AM] [PENJUALAN] CASHIER FORM : REGISTER HOTKEY
[ADMIN] [7/20/2016 10:38 AM] [PENJUALAN] CASHIER FORM : UNREGISTER HOTKEY
[ADMIN] [7/20/2016 10:38 AM] [PENJUALAN] CASHIER FORM : ATTEMPT TO SAVE SALES DATA [20-07-2016 10:38]
[ADMIN] [7/20/2016 10:38 AM] [PENJUALAN] CASHIER FORM : SALES DISC FINAL [0]
[ADMIN] [7/20/2016 10:38 AM] [PENJUALAN] CASHIER FORM : CASH SALES
[ADMIN] [7/20/2016 10:38 AM] [PENJUALAN] CHECK IF TAX LIMIT SET FOR PERCENTAGE PURCHASE [0]
[ADMIN] [7/20/2016 10:38 AM] [PENJUALAN] CHECK IF TAX LIMIT SET FOR AVERAGE DAILY PURCHASE [0]
[ADMIN] [7/20/2016 10:38 AM] [PENJUALAN] CASHIER FORM : NO FAKTUR [SLO001]
[ADMIN] [7/20/2016 10:38 AM] [PENJUALAN] CASHIER FORM : MAX SALES INVOICE [9]
[ADMIN] [7/20/2016 10:38 AM] [PENJUALAN] CASHIER FORM : SALES INVOICE [SLO001-10]
[ADMIN] [7/20/2016 10:38 AM] [PENJUALAN] INSERT INTO SALES HEADER [SLO001-10]
[ADMIN] [7/20/2016 10:38 AM] [PENJUALAN] INSERT INTO SALES DETAIL[ALPO-P1, 34, 1]
[ADMIN] [7/20/2016 10:38 AM] [PENJUALAN] REDUCE STOCK AT MASTER PRODUCT [ALPO-P1]
[ADMIN] [7/20/2016 10:38 AM] [PENJUALAN] INSERT TO CREDIT TABLE [SLO001-10]
[ADMIN] [7/20/2016 10:38 AM] [PENJUALAN] INSERT TO DAILY JOURNAL TABLE [34000]
[ADMIN] [7/20/2016 10:38 AM] [PENJUALAN] CASHIER FORM : REGISTER HOTKEY
[ADMIN] [7/20/2016 10:38 AM] [PENJUALAN] TRANSACTION SAVED
[ADMIN] [7/20/2016 10:38 AM] [PENJUALAN] PRINT OUT INVOICE
[ADMIN] [7/20/2016 10:38 AM] [PENJUALAN] CASHIER FORM : PrintReceipt
[ADMIN] [7/20/2016 10:38 AM] [PENJUALAN] CASHIER FORM : PrintReceipt, POS size Paper
[ADMIN] [7/20/2016 10:38 AM] [PENJUALAN] CASHIER FORM : calculatePageLength, totalLengthPage [324]
[ADMIN] [7/20/2016 10:38 AM] [PENJUALAN] CASHIER FORM : UNREGISTER HOTKEY
[ADMIN] [7/20/2016 10:38 AM] [PENJUALAN] CASHIER FORM : printDocument1_PrintPage, print POS size receipt
[ADMIN] [7/20/2016 10:38 AM] [PENJUALAN] CASHIER FORM : loadNamaUser
[ADMIN] [7/20/2016 10:38 AM] [PENJUALAN] CASHIER FORM : REGISTER HOTKEY
[] [7/20/2016 10:48 AM] [] USER = ADMIN IS ACTIVE
[ADMIN] [7/20/2016 10:48 AM] [] USER ID = 1 LOGIN SUCCESSFULLY
[ADMIN] [7/20/2016 10:48 AM] [] ACTIVATE USER ACCESS RIGHT
[ADMIN] [7/20/2016 10:48 AM] [] DISPLAY ADMIN FORM
[ADMIN] [7/20/2016 10:48 AM] [] adminForm Load
[ADMIN] [7/20/2016 10:56 AM] [PENJUALAN] CASHIER FORM : MULTIPLE CASHIER INSTANCE [1]
[ADMIN] [7/20/2016 10:56 AM] [PENJUALAN] CASHIER FORM : REGISTER HOTKEY
[ADMIN] [7/20/2016 10:56 AM] [PENJUALAN] CASHIER FORM : cashierForm_Load, ATTEMPT TO LOAD NO FAKTUR
[ADMIN] [7/20/2016 10:56 AM] [PENJUALAN] CASHIER FORM : loadNoFaktur, noFakturValue [SLO001]
[ADMIN] [7/20/2016 10:56 AM] [PENJUALAN] CASHIER FORM : cashierForm_Load, ATTEMPT TO addColumnToDataGrid
[ADMIN] [7/20/2016 10:56 AM] [PENJUALAN] CASHIER FORM : UPDATE ROW NUMBER, TOTAL ROW [1]
[ADMIN] [7/20/2016 10:56 AM] [PENJUALAN] CASHIER FORM : calculateTotal
[ADMIN] [7/20/2016 10:56 AM] [PENJUALAN] CASHIER FORM : calculateTotal [0]
[ADMIN] [7/20/2016 10:56 AM] [PENJUALAN] CASHIER FORM : calculateTotal, totalAfterDisc [0]
[ADMIN] [7/20/2016 10:56 AM] [PENJUALAN] CASHIER FORM : calculateChangeValue, bayarTextBox.Text [0]
[ADMIN] [7/20/2016 10:56 AM] [PENJUALAN] CASHIER FORM : calculateChangeValue, sisaBayar [0]
[ADMIN] [7/20/2016 10:56 AM] [PENJUALAN] CASHIER FORM : REGISTER HOTKEY
[ADMIN] [7/20/2016 10:56 AM] [PENJUALAN] CASHIER FORM : UNREGISTER HOTKEY
[ADMIN] [7/20/2016 10:56 AM] [PENJUALAN] CASHIER FORM : REGISTER HOTKEY
[ADMIN] [7/20/2016 10:59 AM] [PENJUALAN] CASHIER FORM : UPDATE ROW NUMBER, TOTAL ROW [2]
[ADMIN] [7/20/2016 10:59 AM] [PENJUALAN] CASHIER FORM : PRODUCT PRICE TYPE [PRODUCT_BASE_PRICE]
[ADMIN] [7/20/2016 10:59 AM] [PENJUALAN] CASHIER FORM : PRODUCT PRICE [26625]
[ADMIN] [7/20/2016 10:59 AM] [PENJUALAN] CASHIER FORM : ComboBox_SelectedIndexChanged, PRODUCT_BASE_PRICE [26625]
[ADMIN] [7/20/2016 10:59 AM] [PENJUALAN] CASHIER FORM : PRODUCT PRICE TYPE [PRODUCT_RETAIL_PRICE]
[ADMIN] [7/20/2016 10:59 AM] [PENJUALAN] CASHIER FORM : PRODUCT PRICE [34000]
[ADMIN] [7/20/2016 10:59 AM] [PENJUALAN] CASHIER FORM : ComboBox_SelectedIndexChanged, PRODUCT_SALES_PRICE [34000]
[ADMIN] [7/20/2016 10:59 AM] [PENJUALAN] CASHIER FORM : ComboBox_SelectedIndexChanged, attempt to calculate total
[ADMIN] [7/20/2016 10:59 AM] [PENJUALAN] CASHIER FORM : calculateTotal
[ADMIN] [7/20/2016 10:59 AM] [PENJUALAN] CASHIER FORM : calculateTotal [0]
[ADMIN] [7/20/2016 10:59 AM] [PENJUALAN] CASHIER FORM : calculateTotal, totalAfterDisc [0]
[ADMIN] [7/20/2016 10:59 AM] [PENJUALAN] CASHIER FORM : calculateChangeValue, bayarTextBox.Text [0]
[ADMIN] [7/20/2016 10:59 AM] [PENJUALAN] CASHIER FORM : calculateChangeValue, sisaBayar [0]
[ADMIN] [7/20/2016 10:59 AM] [PENJUALAN] CASHIER FORM : TextBox_TextChanged, isLoading [False]
[ADMIN] [7/20/2016 10:59 AM] [PENJUALAN] CASHIER FORM : TextBox_TextChanged, rowSelectedIndex [0]
[ADMIN] [7/20/2016 10:59 AM] [PENJUALAN] CASHIER FORM : TextBox_TextChanged, previousInput [0]
[ADMIN] [7/20/2016 10:59 AM] [PENJUALAN] CASHIER FORM : TextBox_TextChanged, dataGridViewTextBoxEditingControl.Text [0]
[ADMIN] [7/20/2016 10:59 AM] [PENJUALAN] CASHIER FORM : TextBox_TextChanged, dataGridViewTextBoxEditingControl.Text pass REGEX Checking
[ADMIN] [7/20/2016 10:59 AM] [PENJUALAN] CASHIER FORM : CHECK STOCK QTY IS ENOUGH [ALPO-P1]
[ADMIN] [7/20/2016 10:59 AM] [PENJUALAN] CASHIER FORM : CHECK STOCK QTY IS ENOUGH [9997, 0]
[ADMIN] [7/20/2016 10:59 AM] [PENJUALAN] CASHIER FORM : CALCULATE SUBTOTAL
[ADMIN] [7/20/2016 10:59 AM] [PENJUALAN] CASHIER FORM : SUBTOTAL [0]
[ADMIN] [7/20/2016 10:59 AM] [PENJUALAN] CASHIER FORM : TextBox_TextChanged, subtotal value [0]
[ADMIN] [7/20/2016 10:59 AM] [PENJUALAN] CASHIER FORM : TextBox_TextChanged, attempt to calculate total value
[ADMIN] [7/20/2016 10:59 AM] [PENJUALAN] CASHIER FORM : calculateTotal
[ADMIN] [7/20/2016 10:59 AM] [PENJUALAN] CASHIER FORM : calculateTotal [0]
[ADMIN] [7/20/2016 10:59 AM] [PENJUALAN] CASHIER FORM : calculateTotal, totalAfterDisc [0]
[ADMIN] [7/20/2016 10:59 AM] [PENJUALAN] CASHIER FORM : calculateChangeValue, bayarTextBox.Text [0]
[ADMIN] [7/20/2016 10:59 AM] [PENJUALAN] CASHIER FORM : calculateChangeValue, sisaBayar [0]
[ADMIN] [7/20/2016 10:59 AM] [PENJUALAN] CASHIER FORM : TextBox_TextChanged, isLoading [False]
[ADMIN] [7/20/2016 10:59 AM] [PENJUALAN] CASHIER FORM : TextBox_TextChanged, rowSelectedIndex [0]
[ADMIN] [7/20/2016 10:59 AM] [PENJUALAN] CASHIER FORM : TextBox_TextChanged, previousInput [0]
[ADMIN] [7/20/2016 10:59 AM] [PENJUALAN] CASHIER FORM : TextBox_TextChanged, dataGridViewTextBoxEditingControl.Text [1]
[ADMIN] [7/20/2016 10:59 AM] [PENJUALAN] CASHIER FORM : TextBox_TextChanged, dataGridViewTextBoxEditingControl.Text pass REGEX Checking
[ADMIN] [7/20/2016 10:59 AM] [PENJUALAN] CASHIER FORM : CHECK STOCK QTY IS ENOUGH [ALPO-P1]
[ADMIN] [7/20/2016 10:59 AM] [PENJUALAN] CASHIER FORM : CHECK STOCK QTY IS ENOUGH [9997, 1]
[ADMIN] [7/20/2016 10:59 AM] [PENJUALAN] CASHIER FORM : CALCULATE SUBTOTAL
[ADMIN] [7/20/2016 10:59 AM] [PENJUALAN] CASHIER FORM : SUBTOTAL [34000]
[ADMIN] [7/20/2016 10:59 AM] [PENJUALAN] CASHIER FORM : TextBox_TextChanged, subtotal value [34000]
[ADMIN] [7/20/2016 10:59 AM] [PENJUALAN] CASHIER FORM : TextBox_TextChanged, attempt to calculate total value
[ADMIN] [7/20/2016 10:59 AM] [PENJUALAN] CASHIER FORM : calculateTotal
[ADMIN] [7/20/2016 10:59 AM] [PENJUALAN] CASHIER FORM : calculateTotal [34000]
[ADMIN] [7/20/2016 10:59 AM] [PENJUALAN] CASHIER FORM : calculateTotal, totalAfterDisc [34000]
[ADMIN] [7/20/2016 10:59 AM] [PENJUALAN] CASHIER FORM : calculateChangeValue, bayarTextBox.Text [0]
[ADMIN] [7/20/2016 10:59 AM] [PENJUALAN] CASHIER FORM : calculateChangeValue, sisaBayar [0]
[ADMIN] [7/20/2016 10:59 AM] [PENJUALAN] CASHIER FORM : TextBox_TextChanged, isLoading [False]
[ADMIN] [7/20/2016 10:59 AM] [PENJUALAN] CASHIER FORM : TextBox_TextChanged, rowSelectedIndex [0]
[ADMIN] [7/20/2016 10:59 AM] [PENJUALAN] CASHIER FORM : TextBox_TextChanged, previousInput [1]
[ADMIN] [7/20/2016 10:59 AM] [PENJUALAN] CASHIER FORM : TextBox_TextChanged, dataGridViewTextBoxEditingControl.Text pass REGEX Checking
[ADMIN] [7/20/2016 10:59 AM] [PENJUALAN] CASHIER FORM : CHECK STOCK QTY IS ENOUGH [ALPO-P1]
[ADMIN] [7/20/2016 10:59 AM] [PENJUALAN] CASHIER FORM : CHECK STOCK QTY IS ENOUGH [9997, 1]
[ADMIN] [7/20/2016 10:59 AM] [PENJUALAN] CASHIER FORM : CALCULATE SUBTOTAL
[ADMIN] [7/20/2016 10:59 AM] [PENJUALAN] CASHIER FORM : SUBTOTAL [34000]
[ADMIN] [7/20/2016 10:59 AM] [PENJUALAN] CASHIER FORM : TextBox_TextChanged, subtotal value [34000]
[ADMIN] [7/20/2016 10:59 AM] [PENJUALAN] CASHIER FORM : TextBox_TextChanged, attempt to calculate total value
[ADMIN] [7/20/2016 10:59 AM] [PENJUALAN] CASHIER FORM : calculateTotal
[ADMIN] [7/20/2016 10:59 AM] [PENJUALAN] CASHIER FORM : calculateTotal [34000]
[ADMIN] [7/20/2016 10:59 AM] [PENJUALAN] CASHIER FORM : calculateTotal, totalAfterDisc [34000]
[ADMIN] [7/20/2016 10:59 AM] [PENJUALAN] CASHIER FORM : calculateChangeValue, bayarTextBox.Text [0]
[ADMIN] [7/20/2016 10:59 AM] [PENJUALAN] CASHIER FORM : calculateChangeValue, sisaBayar [0]
[ADMIN] [7/20/2016 10:59 AM] [PENJUALAN] CASHIER FORM : TextBox_TextChanged, isLoading [False]
[ADMIN] [7/20/2016 10:59 AM] [PENJUALAN] CASHIER FORM : TextBox_TextChanged, rowSelectedIndex [0]
[ADMIN] [7/20/2016 10:59 AM] [PENJUALAN] CASHIER FORM : TextBox_TextChanged, empty texbox, reset [disc1] value to 0
[ADMIN] [7/20/2016 10:59 AM] [PENJUALAN] CASHIER FORM : TextBox_TextChanged, isLoading [True]
[ADMIN] [7/20/2016 10:59 AM] [PENJUALAN] CASHIER FORM : TextBox_TextChanged, isLoading [True]
[ADMIN] [7/20/2016 10:59 AM] [PENJUALAN] CASHIER FORM : TextBox_TextChanged, recalculate total value
[ADMIN] [7/20/2016 10:59 AM] [PENJUALAN] CASHIER FORM : calculateTotal
[ADMIN] [7/20/2016 10:59 AM] [PENJUALAN] CASHIER FORM : calculateTotal [0]
[ADMIN] [7/20/2016 10:59 AM] [PENJUALAN] CASHIER FORM : calculateTotal, totalAfterDisc [0]
[ADMIN] [7/20/2016 10:59 AM] [PENJUALAN] CASHIER FORM : calculateChangeValue, bayarTextBox.Text [0]
[ADMIN] [7/20/2016 10:59 AM] [PENJUALAN] CASHIER FORM : calculateChangeValue, sisaBayar [0]
[ADMIN] [7/20/2016 10:59 AM] [PENJUALAN] CASHIER FORM : TextBox_TextChanged, set the cursor to end of textbox
[ADMIN] [7/20/2016 10:59 AM] [PENJUALAN] CASHIER FORM : TextBox_TextChanged, isLoading [False]
[ADMIN] [7/20/2016 10:59 AM] [PENJUALAN] CASHIER FORM : TextBox_TextChanged, rowSelectedIndex [0]
[ADMIN] [7/20/2016 10:59 AM] [PENJUALAN] CASHIER FORM : TextBox_TextChanged, previousInput [0]
[ADMIN] [7/20/2016 10:59 AM] [PENJUALAN] CASHIER FORM : TextBox_TextChanged, dataGridViewTextBoxEditingControl.Text [0]
[ADMIN] [7/20/2016 10:59 AM] [PENJUALAN] CASHIER FORM : TextBox_TextChanged, dataGridViewTextBoxEditingControl.Text pass REGEX Checking
[ADMIN] [7/20/2016 10:59 AM] [PENJUALAN] CASHIER FORM : CALCULATE SUBTOTAL
[ADMIN] [7/20/2016 10:59 AM] [PENJUALAN] CASHIER FORM : SUBTOTAL [34000]
[ADMIN] [7/20/2016 10:59 AM] [PENJUALAN] CASHIER FORM : TextBox_TextChanged, subtotal value [34000]
[ADMIN] [7/20/2016 10:59 AM] [PENJUALAN] CASHIER FORM : TextBox_TextChanged, attempt to calculate total value
[ADMIN] [7/20/2016 10:59 AM] [PENJUALAN] CASHIER FORM : calculateTotal
[ADMIN] [7/20/2016 10:59 AM] [PENJUALAN] CASHIER FORM : calculateTotal [34000]
[ADMIN] [7/20/2016 10:59 AM] [PENJUALAN] CASHIER FORM : calculateTotal, totalAfterDisc [34000]
[ADMIN] [7/20/2016 10:59 AM] [PENJUALAN] CASHIER FORM : calculateChangeValue, bayarTextBox.Text [0]
[ADMIN] [7/20/2016 10:59 AM] [PENJUALAN] CASHIER FORM : calculateChangeValue, sisaBayar [0]
[ADMIN] [7/20/2016 11:00 AM] [PENJUALAN] CASHIER FORM : discJualMaskedTextBox_Validating, totalAfterDisc [33990]
[ADMIN] [7/20/2016 11:00 AM] [PENJUALAN] CASHIER FORM : calculateChangeValue, bayarTextBox.Text [6]
[ADMIN] [7/20/2016 11:00 AM] [PENJUALAN] CASHIER FORM : calculateChangeValue, sisaBayar [0]
[ADMIN] [7/20/2016 11:00 AM] [PENJUALAN] CASHIER FORM : calculateChangeValue, bayarTextBox.Text [67]
[ADMIN] [7/20/2016 11:00 AM] [PENJUALAN] CASHIER FORM : calculateChangeValue, sisaBayar [0]
[ADMIN] [7/20/2016 11:00 AM] [PENJUALAN] CASHIER FORM : calculateChangeValue, bayarTextBox.Text [678]
[ADMIN] [7/20/2016 11:00 AM] [PENJUALAN] CASHIER FORM : calculateChangeValue, sisaBayar [0]
[ADMIN] [7/20/2016 11:00 AM] [PENJUALAN] CASHIER FORM : calculateChangeValue, bayarTextBox.Text [6780]
[ADMIN] [7/20/2016 11:00 AM] [PENJUALAN] CASHIER FORM : calculateChangeValue, sisaBayar [0]
[ADMIN] [7/20/2016 11:00 AM] [PENJUALAN] CASHIER FORM : TRIGGER SAVE INVOICE FROM BAYAR TEXTBOX
[ADMIN] [7/20/2016 11:00 AM] [PENJUALAN] CASHIER FORM : UNREGISTER HOTKEY
[ADMIN] [7/20/2016 11:00 AM] [PENJUALAN] CASHIER FORM : REGISTER HOTKEY
[ADMIN] [7/20/2016 11:00 AM] [PENJUALAN] ATTEMPT TO SAVE AND PRINT OUT INVOICE
[ADMIN] [7/20/2016 11:00 AM] [PENJUALAN] CASHIER FORM : UNREGISTER HOTKEY
[ADMIN] [7/20/2016 11:00 AM] [PENJUALAN] CASHIER FORM : REGISTER HOTKEY
[ADMIN] [7/20/2016 11:00 AM] [PENJUALAN] CASHIER FORM : UNREGISTER HOTKEY
[ADMIN] [7/20/2016 11:00 AM] [PENJUALAN] CASHIER FORM : UNREGISTER HOTKEY
[ADMIN] [7/20/2016 11:00 AM] [] USER ID = 1LOGOUT
