[] [1/12/2017 20:36] [] USER = ADMIN IS ACTIVE
[ADMIN] [1/12/2017 20:36] [] USER ID = 1 LOGIN SUCCESSFULLY
[ADMIN] [1/12/2017 20:36] [] ACTIVATE USER ACCESS RIGHT
[ADMIN] [1/12/2017 20:36] [] DISPLAY ADMIN FORM
[ADMIN] [1/12/2017 20:36] [] adminForm Load
[ADMIN] [1/12/2017 20:36] [] ACTIVATE USER ACCESS RIGHT
[ADMIN] [1/12/2017 20:37] [RETUR PERMINTAAN KE PUSAT] RETUR PERMINTAAN : detailReturDataGridView_CellValueChanged [productID]
[ADMIN] [1/12/2017 20:37] [RETUR PERMINTAAN KE PUSAT] RETUR PERMINTAAN : detailReturDataGridView_CellValueChanged [productID]
[ADMIN] [1/12/2017 20:37] [RETUR PERMINTAAN KE PUSAT] RETUR PERMINTAAN : detailReturDataGridView_CellValueChanged [productID]
[ADMIN] [1/12/2017 20:37] [RETUR PERMINTAAN KE PUSAT] RETUR PERMINTAAN : detailReturDataGridView_CellValueChanged [productID]
[ADMIN] [1/12/2017 20:37] [RETUR PERMINTAAN KE PUSAT] RETUR PERMINTAAN : detailReturDataGridView_CellValueChanged [productID]
[ADMIN] [1/12/2017 20:37] [RETUR PERMINTAAN KE PUSAT] RETUR PERMINTAAN : detailReturDataGridView_CellValueChanged [productName]
[ADMIN] [1/12/2017 20:37] [RETUR PERMINTAAN KE PUSAT] updateSomeRowsContent, PRODUCT_BASE_PRICE [100]
[ADMIN] [1/12/2017 20:37] [RETUR PERMINTAAN KE PUSAT] RETUR PERMINTAAN : detailReturDataGridView_CellValueChanged [HPP]
[ADMIN] [1/12/2017 20:37] [RETUR PERMINTAAN KE PUSAT] RETUR PERMINTAAN : detailReturDataGridView_CellValueChanged [qty]
[ADMIN] [1/12/2017 20:37] [RETUR PERMINTAAN KE PUSAT] RETUR PERMINTAAN : detailReturDataGridView_CellValueChanged [subTotal]
[ADMIN] [1/12/2017 20:37] [RETUR PERMINTAAN KE PUSAT] RETUR PERMINTAAN : detailReturDataGridView_CellValueChanged [subTotal]
[ADMIN] [1/12/2017 20:37] [RETUR PERMINTAAN KE PUSAT] updateSomeRowsContent, attempt to calculate total
[ADMIN] [1/12/2017 20:37] [RETUR PERMINTAAN KE PUSAT] RETUR PERMINTAAN : detailReturDataGridView_CellValueChanged [expiryDateValue]
[ADMIN] [1/12/2017 20:37] [RETUR PERMINTAAN KE PUSAT] RETUR PERMINTAAN : detailReturDataGridView_CellValueChanged [expiryDate]
[ADMIN] [1/12/2017 20:37] [RETUR PERMINTAAN KE PUSAT] RETUR PERMINTAAN : detailReturDataGridView_CellValueChanged [qty]
[ADMIN] [1/12/2017 20:37] [RETUR PERMINTAAN KE PUSAT] RETUR PERMINTAAN : detailReturDataGridView_CellValueChanged [subTotal]
[ADMIN] [1/12/2017 20:37] [RETUR PERMINTAAN KE PUSAT] RETUR PERMINTAAN : detailReturDataGridView_CellValueChanged [subTotal]
[ADMIN] [1/12/2017 20:37] [] USER ID = 1LOGOUT
