[] [7/20/2016 12:00 PM] [] USER = ADMIN IS ACTIVE
[ADMIN] [7/20/2016 12:00 PM] [] USER ID = 1 LOGIN SUCCESSFULLY
[ADMIN] [7/20/2016 12:00 PM] [] ACTIVATE USER ACCESS RIGHT
[ADMIN] [7/20/2016 12:00 PM] [] DISPLAY ADMIN FORM
[ADMIN] [7/20/2016 12:00 PM] [] adminForm Load
[ADMIN] [7/20/2016 12:00 PM] [PENJUALAN] CASHIER FORM : REGISTER HOTKEY
[ADMIN] [7/20/2016 12:00 PM] [PENJUALAN] CASHIER FORM : cashierForm_Load, ATTEMPT TO LOAD NO FAKTUR
[ADMIN] [7/20/2016 12:00 PM] [PENJUALAN] CASHIER FORM : loadNoFaktur, noFakturValue [SLO001]
[ADMIN] [7/20/2016 12:00 PM] [PENJUALAN] CASHIER FORM : cashierForm_Load, ATTEMPT TO addColumnToDataGrid
[ADMIN] [7/20/2016 12:00 PM] [PENJUALAN] CASHIER FORM : UPDATE ROW NUMBER, TOTAL ROW [1]
[ADMIN] [7/20/2016 12:00 PM] [PENJUALAN] CASHIER FORM : calculateTotal
[ADMIN] [7/20/2016 12:00 PM] [PENJUALAN] CASHIER FORM : calculateTotal [0]
[ADMIN] [7/20/2016 12:00 PM] [PENJUALAN] CASHIER FORM : calculateTotal, totalAfterDisc [0]
[ADMIN] [7/20/2016 12:00 PM] [PENJUALAN] CASHIER FORM : calculateChangeValue, bayarTextBox.Text [0]
[ADMIN] [7/20/2016 12:00 PM] [PENJUALAN] CASHIER FORM : calculateChangeValue, sisaBayar [0]
[ADMIN] [7/20/2016 12:00 PM] [PENJUALAN] CASHIER FORM : ADD NEW ROW,  isActive [True]
[ADMIN] [7/20/2016 12:00 PM] [PENJUALAN] CASHIER FORM : ADD NEW ROW,  ROW COUNT [0]
[ADMIN] [7/20/2016 12:00 PM] [PENJUALAN] CASHIER FORM : ADD NEW ROW,  ALLOW TO ADD [True]
[ADMIN] [7/20/2016 12:00 PM] [PENJUALAN] CASHIER FORM : UPDATE ROW NUMBER, TOTAL ROW [1]
[ADMIN] [7/20/2016 12:00 PM] [PENJUALAN] CASHIER FORM : REGISTER HOTKEY
[ADMIN] [7/20/2016 12:00 PM] [PENJUALAN] CASHIER FORM : UNREGISTER HOTKEY
[ADMIN] [7/20/2016 12:00 PM] [PENJUALAN] CASHIER FORM : REGISTER HOTKEY
[ADMIN] [7/20/2016 12:00 PM] [PENJUALAN] RE-PRINT INVOICE
[ADMIN] [7/20/2016 12:00 PM] [PENJUALAN] CASHIER FORM : PrintReceipt
[ADMIN] [7/20/2016 12:00 PM] [PENJUALAN] CASHIER FORM : PrintReceipt, POS size Paper
[ADMIN] [7/20/2016 12:00 PM] [PENJUALAN] CASHIER FORM : calculatePageLength, totalLengthPage [324]
[ADMIN] [7/20/2016 12:00 PM] [PENJUALAN] CASHIER FORM : UNREGISTER HOTKEY
[ADMIN] [7/20/2016 12:00 PM] [PENJUALAN] CASHIER FORM : printDocument1_PrintPage, print POS size receipt
[ADMIN] [7/20/2016 12:00 PM] [PENJUALAN] CASHIER FORM : loadNamaUser
[ADMIN] [7/20/2016 12:01 PM] [PENJUALAN] CASHIER FORM : REGISTER HOTKEY
[ADMIN] [7/20/2016 12:01 PM] [PENJUALAN] CASHIER FORM : UNREGISTER HOTKEY
[ADMIN] [7/20/2016 12:01 PM] [PENJUALAN] CASHIER FORM : UNREGISTER HOTKEY
[ADMIN] [7/20/2016 12:01 PM] [PENJUALAN] CASHIER FORM : REGISTER HOTKEY
[ADMIN] [7/20/2016 12:01 PM] [PENJUALAN] CASHIER FORM : cashierForm_Load, ATTEMPT TO LOAD NO FAKTUR
[ADMIN] [7/20/2016 12:01 PM] [PENJUALAN] CASHIER FORM : loadNoFaktur, noFakturValue [SLO001]
[ADMIN] [7/20/2016 12:01 PM] [PENJUALAN] CASHIER FORM : cashierForm_Load, ATTEMPT TO addColumnToDataGrid
[ADMIN] [7/20/2016 12:01 PM] [PENJUALAN] CASHIER FORM : UPDATE ROW NUMBER, TOTAL ROW [1]
[ADMIN] [7/20/2016 12:01 PM] [PENJUALAN] CASHIER FORM : calculateTotal
[ADMIN] [7/20/2016 12:01 PM] [PENJUALAN] CASHIER FORM : calculateTotal [0]
[ADMIN] [7/20/2016 12:01 PM] [PENJUALAN] CASHIER FORM : calculateTotal, totalAfterDisc [0]
[ADMIN] [7/20/2016 12:01 PM] [PENJUALAN] CASHIER FORM : calculateChangeValue, bayarTextBox.Text [0]
[ADMIN] [7/20/2016 12:01 PM] [PENJUALAN] CASHIER FORM : calculateChangeValue, sisaBayar [0]
[ADMIN] [7/20/2016 12:01 PM] [PENJUALAN] CASHIER FORM : ADD NEW ROW,  isActive [True]
[ADMIN] [7/20/2016 12:01 PM] [PENJUALAN] CASHIER FORM : ADD NEW ROW,  ROW COUNT [0]
[ADMIN] [7/20/2016 12:01 PM] [PENJUALAN] CASHIER FORM : ADD NEW ROW,  ALLOW TO ADD [True]
[ADMIN] [7/20/2016 12:01 PM] [PENJUALAN] CASHIER FORM : UPDATE ROW NUMBER, TOTAL ROW [1]
[ADMIN] [7/20/2016 12:01 PM] [PENJUALAN] CASHIER FORM : REGISTER HOTKEY
[ADMIN] [7/20/2016 12:01 PM] [PENJUALAN] CASHIER FORM : UNREGISTER HOTKEY
[ADMIN] [7/20/2016 12:01 PM] [PENJUALAN] CASHIER FORM : REGISTER HOTKEY
[ADMIN] [7/20/2016 12:01 PM] [PENJUALAN] RE-PRINT INVOICE
[ADMIN] [7/20/2016 12:01 PM] [PENJUALAN] CASHIER FORM : PrintReceipt
[ADMIN] [7/20/2016 12:01 PM] [PENJUALAN] CASHIER FORM : PrintReceipt, POS size Paper
[ADMIN] [7/20/2016 12:01 PM] [PENJUALAN] CASHIER FORM : calculatePageLength, totalLengthPage [324]
[ADMIN] [7/20/2016 12:01 PM] [PENJUALAN] CASHIER FORM : UNREGISTER HOTKEY
[ADMIN] [7/20/2016 12:01 PM] [PENJUALAN] CASHIER FORM : printDocument1_PrintPage, print POS size receipt
[ADMIN] [7/20/2016 12:01 PM] [PENJUALAN] CASHIER FORM : loadNamaUser
[ADMIN] [7/20/2016 12:02 PM] [PENJUALAN] CASHIER FORM : REGISTER HOTKEY
[ADMIN] [7/20/2016 12:02 PM] [PENJUALAN] CASHIER FORM : UNREGISTER HOTKEY
[ADMIN] [7/20/2016 12:02 PM] [PENJUALAN] CASHIER FORM : UNREGISTER HOTKEY
[ADMIN] [7/20/2016 12:02 PM] [] USER ID = 1LOGOUT
