[] [7/20/2016 1:35 PM] [] USER = ADMIN IS ACTIVE
[ADMIN] [7/20/2016 1:35 PM] [] USER ID = 1 LOGIN SUCCESSFULLY
[ADMIN] [7/20/2016 1:35 PM] [] ACTIVATE USER ACCESS RIGHT
[ADMIN] [7/20/2016 1:35 PM] [] DISPLAY ADMIN FORM
[ADMIN] [7/20/2016 1:35 PM] [] adminForm Load
[ADMIN] [7/20/2016 1:35 PM] [PURCHASE ORDER] updateSomeRowsContent, PRODUCT_BASE_PRICE [24800]
[ADMIN] [7/20/2016 1:35 PM] [PURCHASE ORDER] updateSomeRowsContent, attempt to calculate total
[ADMIN] [7/20/2016 1:35 PM] [PURCHASE ORDER] updateSomeRowsContent, PRODUCT_BASE_PRICE [15000]
[ADMIN] [7/20/2016 1:35 PM] [PURCHASE ORDER] updateSomeRowsContent, attempt to calculate total
[] [7/20/2016 2:06 PM] [] USER = ADMIN IS ACTIVE
[ADMIN] [7/20/2016 2:06 PM] [] USER ID = 1 LOGIN SUCCESSFULLY
[ADMIN] [7/20/2016 2:06 PM] [] ACTIVATE USER ACCESS RIGHT
[ADMIN] [7/20/2016 2:06 PM] [] DISPLAY ADMIN FORM
[ADMIN] [7/20/2016 2:06 PM] [] adminForm Load
[ADMIN] [7/20/2016 2:07 PM] [MUTASI BARANG] updateSomeRowsContent, PRODUCT_BASE_PRICE [26625]
[ADMIN] [7/20/2016 2:07 PM] [MUTASI BARANG] updateSomeRowsContent, attempt to calculate total
[ADMIN] [7/20/2016 2:07 PM] [MUTASI BARANG] updateSomeRowsContent, PRODUCT_BASE_PRICE [8570.56]
[ADMIN] [7/20/2016 2:07 PM] [MUTASI BARANG] updateSomeRowsContent, attempt to calculate total
[ADMIN] [7/20/2016 2:08 PM] [MUTASI BARANG] updateSomeRowsContent, PRODUCT_BASE_PRICE [28000]
[ADMIN] [7/20/2016 2:08 PM] [MUTASI BARANG] updateSomeRowsContent, attempt to calculate total
[ADMIN] [7/20/2016 2:08 PM] [MUTASI BARANG] SAVE/APPROVE MUTASI
[ADMIN] [7/20/2016 2:08 PM] [MUTASI BARANG] SAVE/APPROVE MUTASI
[ADMIN] [7/20/2016 2:08 PM] [MUTASI BARANG] GET NEW NO MUTASI [PM-1]
[ADMIN] [7/20/2016 2:08 PM] [MUTASI BARANG] ADD NEW MUTASI [PM-1]
[ADMIN] [7/20/2016 2:08 PM] [MUTASI BARANG] ADD DETAIL NEW MUTASI [ALPO-P1, 2]
[ADMIN] [7/20/2016 2:08 PM] [MUTASI BARANG] ADD DETAIL NEW MUTASI [ANF-P1, 2]
[ADMIN] [7/20/2016 2:08 PM] [MUTASI BARANG] INSERT TO CREDIT TABLE [PM-1]
[ADMIN] [7/20/2016 2:08 PM] [MUTASI BARANG] MUTASI SAVED TO LOCAL DATA
[ADMIN] [7/20/2016 2:08 PM] [MUTASI BARANG] GET BRANCH ID TO UPDATE [1]
[ADMIN] [7/20/2016 2:08 PM] [MUTASI BARANG] TRY TO CONNECT TO BRANCH [1]
[] [7/20/2016 2:13 PM] [] USER = ADMIN IS ACTIVE
[ADMIN] [7/20/2016 2:13 PM] [] USER ID = 1 LOGIN SUCCESSFULLY
[ADMIN] [7/20/2016 2:13 PM] [] ACTIVATE USER ACCESS RIGHT
[ADMIN] [7/20/2016 2:13 PM] [] DISPLAY ADMIN FORM
[ADMIN] [7/20/2016 2:13 PM] [] adminForm Load
[ADMIN] [7/20/2016 2:13 PM] [MUTASI BARANG] updateSomeRowsContent, PRODUCT_BASE_PRICE [24000]
[ADMIN] [7/20/2016 2:13 PM] [MUTASI BARANG] updateSomeRowsContent, attempt to calculate total
[ADMIN] [7/20/2016 2:14 PM] [MUTASI BARANG] updateSomeRowsContent, PRODUCT_BASE_PRICE [26625]
[ADMIN] [7/20/2016 2:14 PM] [MUTASI BARANG] updateSomeRowsContent, attempt to calculate total
[ADMIN] [7/20/2016 2:14 PM] [MUTASI BARANG] SAVE/APPROVE MUTASI
[ADMIN] [7/20/2016 2:14 PM] [MUTASI BARANG] GET NEW NO MUTASI [PM-2]
[ADMIN] [7/20/2016 2:14 PM] [MUTASI BARANG] ADD NEW MUTASI [PM-2]
[ADMIN] [7/20/2016 2:14 PM] [MUTASI BARANG] ADD DETAIL NEW MUTASI [ALPO-P1, 1]
[ADMIN] [7/20/2016 2:14 PM] [MUTASI BARANG] INSERT TO CREDIT TABLE [PM-2]
[ADMIN] [7/20/2016 2:14 PM] [MUTASI BARANG] MUTASI SAVED TO LOCAL DATA
[ADMIN] [7/20/2016 2:14 PM] [MUTASI BARANG] GET BRANCH ID TO UPDATE [1]
[ADMIN] [7/20/2016 2:14 PM] [MUTASI BARANG] TRY TO CONNECT TO BRANCH [1]
[ADMIN] [7/20/2016 2:14 PM] [MUTASI BARANG] FAILED TO UPDATE BRANCH DATA
[ADMIN] [7/20/2016 2:17 PM] [MUTASI BARANG] TRY TO EXPORT DATA [C:\Users\Andri\Desktop\PM_PM-2_20072016.exp]
[ADMIN] [7/20/2016 2:17 PM] [MUTASI BARANG] DATA EXPORTED [C:\Users\Andri\Desktop\PM_PM-2_20072016.exp]
[ADMIN] [7/20/2016 2:21 PM] [] USER ID = 1LOGOUT
