[] [27/08/2016 12:53] [] USER = ADMIN IS ACTIVE
[ADMIN] [27/08/2016 12:53] [] USER ID = 1 LOGIN SUCCESSFULLY
[ADMIN] [27/08/2016 12:53] [] ACTIVATE USER ACCESS RIGHT
[ADMIN] [27/08/2016 12:53] [] DISPLAY ADMIN FORM
[ADMIN] [27/08/2016 12:53] [] adminForm Load
[ADMIN] [27/08/2016 12:53] [] ACTIVATE USER ACCESS RIGHT
[ADMIN] [27/08/2016 12:55] [TAMBAH / UPDATE PRODUK] INSERT NEW PRODUCT [8999999406974]
[ADMIN] [27/08/2016 12:55] [TAMBAH / UPDATE PRODUK] INSERT PRODUCT CATEGORY FOR [8999999406974]
[ADMIN] [27/08/2016 12:56] [TAMBAH / UPDATE PRODUK] INSERT NEW PRODUCT [8999999406912]
[ADMIN] [27/08/2016 12:56] [TAMBAH / UPDATE PRODUK] INSERT PRODUCT CATEGORY FOR [8999999406912]
[ADMIN] [27/08/2016 12:57] [TAMBAH / UPDATE PRODUK] INSERT NEW PRODUCT [8999999407001]
[ADMIN] [27/08/2016 12:57] [TAMBAH / UPDATE PRODUK] INSERT PRODUCT CATEGORY FOR [8999999407001]
[] [27/08/2016 12:59] [] USER = ADMIN IS ACTIVE
[ADMIN] [27/08/2016 12:59] [] USER ID = 1 LOGIN SUCCESSFULLY
[ADMIN] [27/08/2016 12:59] [] ACTIVATE USER ACCESS RIGHT
[ADMIN] [27/08/2016 12:59] [] DISPLAY ADMIN FORM
[ADMIN] [27/08/2016 12:59] [] adminForm Load
[ADMIN] [27/08/2016 12:59] [] ACTIVATE USER ACCESS RIGHT
[] [27/08/2016 12:59] [] USER = ADMIN IS ACTIVE
[ADMIN] [27/08/2016 12:59] [] USER ID = 1 LOGIN SUCCESSFULLY
[ADMIN] [27/08/2016 12:59] [] ACTIVATE USER ACCESS RIGHT
[ADMIN] [27/08/2016 12:59] [] DISPLAY ADMIN FORM
[ADMIN] [27/08/2016 12:59] [] adminForm Load
[ADMIN] [27/08/2016 12:59] [] ACTIVATE USER ACCESS RIGHT
[] [27/08/2016 13:01] [] USER = ADMIN IS ACTIVE
[ADMIN] [27/08/2016 13:01] [] USER ID = 1 LOGIN SUCCESSFULLY
[ADMIN] [27/08/2016 13:01] [] ACTIVATE USER ACCESS RIGHT
[ADMIN] [27/08/2016 13:01] [] DISPLAY ADMIN FORM
[ADMIN] [27/08/2016 13:01] [] adminForm Load
[ADMIN] [27/08/2016 13:01] [] ACTIVATE USER ACCESS RIGHT
[] [27/08/2016 13:05] [] USER = ADMIN IS ACTIVE
[ADMIN] [27/08/2016 13:05] [] USER ID = 1 LOGIN SUCCESSFULLY
[ADMIN] [27/08/2016 13:05] [] ACTIVATE USER ACCESS RIGHT
[ADMIN] [27/08/2016 13:05] [] DISPLAY ADMIN FORM
[ADMIN] [27/08/2016 13:05] [] adminForm Load
[ADMIN] [27/08/2016 13:05] [] ACTIVATE USER ACCESS RIGHT
[] [27/08/2016 13:12] [] USER = ADMIN IS ACTIVE
[ADMIN] [27/08/2016 13:12] [] USER ID = 1 LOGIN SUCCESSFULLY
[ADMIN] [27/08/2016 13:12] [] ACTIVATE USER ACCESS RIGHT
[ADMIN] [27/08/2016 13:12] [] DISPLAY ADMIN FORM
[ADMIN] [27/08/2016 13:12] [] adminForm Load
[ADMIN] [27/08/2016 13:12] [] ACTIVATE USER ACCESS RIGHT
[] [8/27/2016 14:37] [] USER = ADMIN IS ACTIVE
[ADMIN] [8/27/2016 14:37] [] USER ID = 1 LOGIN SUCCESSFULLY
[ADMIN] [8/27/2016 14:37] [] ACTIVATE USER ACCESS RIGHT
[ADMIN] [8/27/2016 14:37] [] DISPLAY ADMIN FORM
[ADMIN] [8/27/2016 14:37] [] adminForm Load
[ADMIN] [8/27/2016 14:37] [] ACTIVATE USER ACCESS RIGHT
[ADMIN] [8/27/2016 14:38] [] USER ID = 1LOGOUT
