[] [1/7/2017 23:35] [] USER = ADMIN IS ACTIVE
[ADMIN] [1/7/2017 23:35] [] USER ID = 1 LOGIN SUCCESSFULLY
[ADMIN] [1/7/2017 23:35] [] ACTIVATE USER ACCESS RIGHT
[ADMIN] [1/7/2017 23:35] [] DISPLAY ADMIN FORM
[ADMIN] [1/7/2017 23:35] [] adminForm Load
[ADMIN] [1/7/2017 23:35] [] ACTIVATE USER ACCESS RIGHT
[ADMIN] [1/7/2017 23:35] [PENJUALAN] CASHIER FORM : MULTIPLE CASHIER INSTANCE [1]
[ADMIN] [1/7/2017 23:36] [PENJUALAN] CASHIER FORM : REGISTER HOTKEY
[ADMIN] [1/7/2017 23:36] [PENJUALAN] CASHIER FORM : cashierForm_Load, ATTEMPT TO LOAD NO FAKTUR
[ADMIN] [1/7/2017 23:36] [PENJUALAN] CASHIER FORM : loadNoFaktur, noFakturValue [SLO001]
[ADMIN] [1/7/2017 23:36] [PENJUALAN] CASHIER FORM : cashierForm_Load, ATTEMPT TO addColumnToDataGrid
[ADMIN] [1/7/2017 23:36] [PENJUALAN] CASHIER FORM : UPDATE ROW NUMBER, TOTAL ROW [1]
[ADMIN] [1/7/2017 23:36] [PENJUALAN] CASHIER FORM : cashierDataGridView_CellValueChanged [F8]
[ADMIN] [1/7/2017 23:36] [PENJUALAN] CASHIER FORM : calculateTotal
[ADMIN] [1/7/2017 23:36] [PENJUALAN] CASHIER FORM : calculateTotal [0]
[ADMIN] [1/7/2017 23:36] [PENJUALAN] CASHIER FORM : calculateTotal, totalAfterDisc [0]
[ADMIN] [1/7/2017 23:36] [PENJUALAN] CASHIER FORM : calculateChangeValue, bayarTextBox.Text [0]
[ADMIN] [1/7/2017 23:36] [PENJUALAN] CASHIER FORM : calculateChangeValue, sisaBayar [0]
[ADMIN] [1/7/2017 23:36] [PENJUALAN] CASHIER FORM : REGISTER HOTKEY
[ADMIN] [1/7/2017 23:36] [PENJUALAN] CASHIER FORM : Combobox_previewKeyDown, cashierDataGridView.CurrentCell.OwningColumn.Name  [productID]
[ADMIN] [1/7/2017 23:36] [PENJUALAN] CASHIER FORM : UPDATE ROW NUMBER, TOTAL ROW [2]
[ADMIN] [1/7/2017 23:36] [PENJUALAN] CASHIER FORM : cashierDataGridView_CellValueChanged [F8]
[ADMIN] [1/7/2017 23:36] [PENJUALAN] CASHIER FORM : cashierDataGridView_CellValueChanged [productID]
[ADMIN] [1/7/2017 23:36] [PENJUALAN] CASHIER FORM : Combobox_KeyUp, cashierDataGridView.CurrentCell.OwningColumn.Name  [productID]
[ADMIN] [1/7/2017 23:36] [PENJUALAN] CASHIER FORM : Combobox_previewKeyDown, cashierDataGridView.CurrentCell.OwningColumn.Name  [productID]
[ADMIN] [1/7/2017 23:36] [PENJUALAN] CASHIER FORM : UNREGISTER HOTKEY
[ADMIN] [1/7/2017 23:36] [PENJUALAN] CASHIER FORM : ADD NEW ROW FROM BARCODE [JAMU KNJ SACHET]
[ADMIN] [1/7/2017 23:36] [PENJUALAN] CASHIER FORM : updateSomeRowContents
[ADMIN] [1/7/2017 23:36] [PENJUALAN] CASHIER FORM : cashierDataGridView_CellValueChanged [productID]
[ADMIN] [1/7/2017 23:36] [PENJUALAN] CASHIER FORM : cashierDataGridView_CellValueChanged [productName]
[ADMIN] [1/7/2017 23:36] [PENJUALAN] CASHIER FORM : updateSomeRowContents
[ADMIN] [1/7/2017 23:36] [PENJUALAN] CASHIER FORM : PRODUCT PRICE TYPE [PRODUCT_BASE_PRICE]
[ADMIN] [1/7/2017 23:36] [PENJUALAN] CASHIER FORM : PRODUCT PRICE [28125]
[ADMIN] [1/7/2017 23:36] [PENJUALAN] CASHIER FORM : ComboBox_SelectedIndexChanged, PRODUCT_BASE_PRICE [28125]
[ADMIN] [1/7/2017 23:36] [PENJUALAN] CASHIER FORM : cashierDataGridView_CellValueChanged [hpp]
[ADMIN] [1/7/2017 23:36] [PENJUALAN] CASHIER FORM : PRODUCT PRICE TYPE [PRODUCT_RETAIL_PRICE]
[ADMIN] [1/7/2017 23:36] [PENJUALAN] CASHIER FORM : PRODUCT PRICE [39000]
[ADMIN] [1/7/2017 23:36] [PENJUALAN] CASHIER FORM : ComboBox_SelectedIndexChanged, PRODUCT_SALES_PRICE [39000]
[ADMIN] [1/7/2017 23:36] [PENJUALAN] CASHIER FORM : cashierDataGridView_CellValueChanged [productPrice]
[ADMIN] [1/7/2017 23:36] [PENJUALAN] CASHIER FORM : cashierDataGridView_CellValueChanged, previousInput [0]
[ADMIN] [1/7/2017 23:36] [PENJUALAN] CASHIER FORM : cashierDataGridView_CellValueChanged, cellValue [39000]
[ADMIN] [1/7/2017 23:36] [PENJUALAN] CASHIER FORM : cashierDataGridView_CellValueChanged, dataGridViewTextBoxEditingControl.Text pass REGEX Checking
[ADMIN] [1/7/2017 23:36] [PENJUALAN] CASHIER FORM : CALCULATE SUBTOTAL
[ADMIN] [1/7/2017 23:36] [PENJUALAN] CASHIER FORM : SUBTOTAL [0]
[ADMIN] [1/7/2017 23:36] [PENJUALAN] CASHIER FORM : cashierDataGridView_CellValueChanged, subtotal value [0]
[ADMIN] [1/7/2017 23:36] [PENJUALAN] CASHIER FORM : cashierDataGridView_CellValueChanged, attempt to calculate total value
[ADMIN] [1/7/2017 23:36] [PENJUALAN] CASHIER FORM : calculateTotal
[ADMIN] [1/7/2017 23:36] [PENJUALAN] CASHIER FORM : calculateTotal [0]
[ADMIN] [1/7/2017 23:36] [PENJUALAN] CASHIER FORM : calculateTotal, totalAfterDisc [0]
[ADMIN] [1/7/2017 23:36] [PENJUALAN] CASHIER FORM : calculateChangeValue, bayarTextBox.Text [0]
[ADMIN] [1/7/2017 23:36] [PENJUALAN] CASHIER FORM : calculateChangeValue, sisaBayar [0]
[ADMIN] [1/7/2017 23:36] [PENJUALAN] CASHIER FORM : cashierDataGridView_CellValueChanged [qty]
[ADMIN] [1/7/2017 23:36] [PENJUALAN] CASHIER FORM : cashierDataGridView_CellValueChanged, previousInput [0]
[ADMIN] [1/7/2017 23:36] [PENJUALAN] CASHIER FORM : cashierDataGridView_CellValueChanged [jumlah]
[ADMIN] [1/7/2017 23:36] [PENJUALAN] CASHIER FORM : calculateTotal
[ADMIN] [1/7/2017 23:36] [PENJUALAN] CASHIER FORM : calculateTotal [0]
[ADMIN] [1/7/2017 23:36] [PENJUALAN] CASHIER FORM : calculateTotal, totalAfterDisc [0]
[ADMIN] [1/7/2017 23:36] [PENJUALAN] CASHIER FORM : calculateChangeValue, bayarTextBox.Text [0]
[ADMIN] [1/7/2017 23:36] [PENJUALAN] CASHIER FORM : calculateChangeValue, sisaBayar [0]
[ADMIN] [1/7/2017 23:36] [PENJUALAN] CASHIER FORM : CHECK STOCK QTY IS ENOUGH [KNJ-S]
[ADMIN] [1/7/2017 23:36] [PENJUALAN] CASHIER FORM : CHECK STOCK QTY IS ENOUGH [24, 1]
[ADMIN] [1/7/2017 23:36] [PENJUALAN] CASHIER FORM : cashierDataGridView_CellValueChanged [qty]
[ADMIN] [1/7/2017 23:36] [PENJUALAN] CASHIER FORM : cashierDataGridView_CellValueChanged, previousInput [0]
[ADMIN] [1/7/2017 23:36] [PENJUALAN] CASHIER FORM : cashierDataGridView_CellValueChanged, cellValue [1]
[ADMIN] [1/7/2017 23:36] [PENJUALAN] CASHIER FORM : cashierDataGridView_CellValueChanged, dataGridViewTextBoxEditingControl.Text pass REGEX Checking
[ADMIN] [1/7/2017 23:36] [PENJUALAN] CASHIER FORM : CHECK STOCK QTY IS ENOUGH [KNJ-S]
[ADMIN] [1/7/2017 23:36] [PENJUALAN] CASHIER FORM : CHECK STOCK QTY IS ENOUGH [24, 1]
[ADMIN] [1/7/2017 23:36] [PENJUALAN] CASHIER FORM : CALCULATE SUBTOTAL
[ADMIN] [1/7/2017 23:36] [PENJUALAN] CASHIER FORM : SUBTOTAL [39000]
[ADMIN] [1/7/2017 23:36] [PENJUALAN] CASHIER FORM : cashierDataGridView_CellValueChanged, subtotal value [39000]
[ADMIN] [1/7/2017 23:36] [PENJUALAN] CASHIER FORM : cashierDataGridView_CellValueChanged, attempt to calculate total value
[ADMIN] [1/7/2017 23:36] [PENJUALAN] CASHIER FORM : calculateTotal
[ADMIN] [1/7/2017 23:36] [PENJUALAN] CASHIER FORM : calculateTotal [39000]
[ADMIN] [1/7/2017 23:36] [PENJUALAN] CASHIER FORM : calculateTotal, totalAfterDisc [39000]
[ADMIN] [1/7/2017 23:36] [PENJUALAN] CASHIER FORM : calculateChangeValue, bayarTextBox.Text [0]
[ADMIN] [1/7/2017 23:36] [PENJUALAN] CASHIER FORM : calculateChangeValue, sisaBayar [0]
[ADMIN] [1/7/2017 23:36] [PENJUALAN] CASHIER FORM : SET QTY TO 1 BECAUSE OF NEW ROW
[ADMIN] [1/7/2017 23:36] [PENJUALAN] CASHIER FORM : CALCULATE SUBTOTAL
[ADMIN] [1/7/2017 23:36] [PENJUALAN] CASHIER FORM : SUBTOTAL [39000]
[ADMIN] [1/7/2017 23:36] [PENJUALAN] CASHIER FORM : calculateTotal
[ADMIN] [1/7/2017 23:36] [PENJUALAN] CASHIER FORM : calculateTotal [39000]
[ADMIN] [1/7/2017 23:36] [PENJUALAN] CASHIER FORM : calculateTotal, totalAfterDisc [39000]
[ADMIN] [1/7/2017 23:36] [PENJUALAN] CASHIER FORM : calculateChangeValue, bayarTextBox.Text [0]
[ADMIN] [1/7/2017 23:36] [PENJUALAN] CASHIER FORM : calculateChangeValue, sisaBayar [0]
[ADMIN] [1/7/2017 23:36] [PENJUALAN] CASHIER FORM : UPDATE ROW NUMBER, TOTAL ROW [2]
[ADMIN] [1/7/2017 23:36] [PENJUALAN] CASHIER FORM : cashierDataGridView_CellValueChanged [F8]
[ADMIN] [1/7/2017 23:36] [PENJUALAN] CASHIER FORM : REGISTER HOTKEY
[ADMIN] [1/7/2017 23:36] [PENJUALAN] CASHIER FORM : Combobox_KeyUp, cashierDataGridView.CurrentCell.OwningColumn.Name  [qty]
[ADMIN] [1/7/2017 23:36] [PENJUALAN] CASHIER FORM : Combobox_KeyUp, cashierDataGridView.CurrentCell.OwningColumn.Name  [qty]
[ADMIN] [1/7/2017 23:36] [PENJUALAN] CASHIER FORM : HOTKEY TO OPEN PRODUK SEARCH FORM PRESSED
[ADMIN] [1/7/2017 23:36] [PENJUALAN] CASHIER FORM : UNREGISTER HOTKEY
[ADMIN] [1/7/2017 23:36] [PENJUALAN] CASHIER FORM : ADD NEW ROW FROM BARCODE [JAMU KNJ SACHET]
[ADMIN] [1/7/2017 23:36] [PENJUALAN] CASHIER FORM : updateSomeRowContents
[ADMIN] [1/7/2017 23:36] [PENJUALAN] CASHIER FORM : CHECK STOCK QTY IS ENOUGH [KNJ-S]
[ADMIN] [1/7/2017 23:36] [PENJUALAN] CASHIER FORM : CHECK STOCK QTY IS ENOUGH [24, 1]
[ADMIN] [1/7/2017 23:36] [PENJUALAN] CASHIER FORM : SET QTY TO 1 BECAUSE OF NEW ROW
[ADMIN] [1/7/2017 23:36] [PENJUALAN] CASHIER FORM : CALCULATE SUBTOTAL
[ADMIN] [1/7/2017 23:36] [PENJUALAN] CASHIER FORM : SUBTOTAL [39000]
[ADMIN] [1/7/2017 23:36] [PENJUALAN] CASHIER FORM : calculateTotal
[ADMIN] [1/7/2017 23:36] [PENJUALAN] CASHIER FORM : calculateTotal [39000]
[ADMIN] [1/7/2017 23:36] [PENJUALAN] CASHIER FORM : calculateTotal, totalAfterDisc [39000]
[ADMIN] [1/7/2017 23:36] [PENJUALAN] CASHIER FORM : calculateChangeValue, bayarTextBox.Text [0]
[ADMIN] [1/7/2017 23:36] [PENJUALAN] CASHIER FORM : calculateChangeValue, sisaBayar [0]
[ADMIN] [1/7/2017 23:36] [PENJUALAN] CASHIER FORM : UPDATE ROW NUMBER, TOTAL ROW [2]
[ADMIN] [1/7/2017 23:36] [PENJUALAN] CASHIER FORM : cashierDataGridView_CellValueChanged [F8]
[ADMIN] [1/7/2017 23:36] [PENJUALAN] CASHIER FORM : REGISTER HOTKEY
[ADMIN] [1/7/2017 23:36] [PENJUALAN] CASHIER FORM : Combobox_KeyUp, cashierDataGridView.CurrentCell.OwningColumn.Name  [qty]
[ADMIN] [1/7/2017 23:36] [PENJUALAN] CASHIER FORM : Combobox_KeyUp, cashierDataGridView.CurrentCell.OwningColumn.Name  [disc1]
[ADMIN] [1/7/2017 23:36] [PENJUALAN] CASHIER FORM : Combobox_KeyUp, cashierDataGridView.CurrentCell.OwningColumn.Name  [disc1]
[ADMIN] [1/7/2017 23:36] [PENJUALAN] CASHIER FORM : HOTKEY TO OPEN PRODUK SEARCH FORM PRESSED
[ADMIN] [1/7/2017 23:36] [PENJUALAN] CASHIER FORM : UNREGISTER HOTKEY
[ADMIN] [1/7/2017 23:36] [PENJUALAN] CASHIER FORM : ADD NEW ROW FROM BARCODE [CLASSIC BBQ 20 KG]
[ADMIN] [1/7/2017 23:36] [PENJUALAN] CASHIER FORM : updateSomeRowContents
[ADMIN] [1/7/2017 23:36] [PENJUALAN] CASHIER FORM : cashierDataGridView_CellValueChanged [productID]
[ADMIN] [1/7/2017 23:36] [PENJUALAN] CASHIER FORM : cashierDataGridView_CellValueChanged [productName]
[ADMIN] [1/7/2017 23:36] [PENJUALAN] CASHIER FORM : updateSomeRowContents
[ADMIN] [1/7/2017 23:36] [PENJUALAN] CASHIER FORM : PRODUCT PRICE TYPE [PRODUCT_BASE_PRICE]
[ADMIN] [1/7/2017 23:36] [PENJUALAN] CASHIER FORM : PRODUCT PRICE [324520]
[ADMIN] [1/7/2017 23:36] [PENJUALAN] CASHIER FORM : ComboBox_SelectedIndexChanged, PRODUCT_BASE_PRICE [324520]
[ADMIN] [1/7/2017 23:36] [PENJUALAN] CASHIER FORM : cashierDataGridView_CellValueChanged [hpp]
[ADMIN] [1/7/2017 23:36] [PENJUALAN] CASHIER FORM : PRODUCT PRICE TYPE [PRODUCT_RETAIL_PRICE]
[ADMIN] [1/7/2017 23:36] [PENJUALAN] CASHIER FORM : PRODUCT PRICE [390000]
[ADMIN] [1/7/2017 23:36] [PENJUALAN] CASHIER FORM : ComboBox_SelectedIndexChanged, PRODUCT_SALES_PRICE [390000]
[ADMIN] [1/7/2017 23:36] [PENJUALAN] CASHIER FORM : cashierDataGridView_CellValueChanged [productPrice]
[ADMIN] [1/7/2017 23:36] [PENJUALAN] CASHIER FORM : cashierDataGridView_CellValueChanged, previousInput [39000]
[ADMIN] [1/7/2017 23:36] [PENJUALAN] CASHIER FORM : cashierDataGridView_CellValueChanged, dataGridViewTextBoxEditingControl.Text pass REGEX Checking
[ADMIN] [1/7/2017 23:36] [PENJUALAN] CASHIER FORM : CALCULATE SUBTOTAL
[ADMIN] [1/7/2017 23:36] [PENJUALAN] CASHIER FORM : SUBTOTAL [390000]
[ADMIN] [1/7/2017 23:36] [PENJUALAN] CASHIER FORM : cashierDataGridView_CellValueChanged, subtotal value [390000]
[ADMIN] [1/7/2017 23:36] [PENJUALAN] CASHIER FORM : cashierDataGridView_CellValueChanged, attempt to calculate total value
[ADMIN] [1/7/2017 23:36] [PENJUALAN] CASHIER FORM : calculateTotal
[ADMIN] [1/7/2017 23:36] [PENJUALAN] CASHIER FORM : calculateTotal [390000]
[ADMIN] [1/7/2017 23:36] [PENJUALAN] CASHIER FORM : calculateTotal, totalAfterDisc [390000]
[ADMIN] [1/7/2017 23:36] [PENJUALAN] CASHIER FORM : calculateChangeValue, bayarTextBox.Text [0]
[ADMIN] [1/7/2017 23:36] [PENJUALAN] CASHIER FORM : calculateChangeValue, sisaBayar [0]
[ADMIN] [1/7/2017 23:36] [PENJUALAN] CASHIER FORM : cashierDataGridView_CellValueChanged [qty]
[ADMIN] [1/7/2017 23:36] [PENJUALAN] CASHIER FORM : cashierDataGridView_CellValueChanged, previousInput [1]
[ADMIN] [1/7/2017 23:36] [PENJUALAN] CASHIER FORM : cashierDataGridView_CellValueChanged, dataGridViewTextBoxEditingControl.Text pass REGEX Checking
[ADMIN] [1/7/2017 23:36] [PENJUALAN] CASHIER FORM : CHECK STOCK QTY IS ENOUGH [CLASSIC-BBQ20]
[ADMIN] [1/7/2017 23:36] [PENJUALAN] CASHIER FORM : CHECK STOCK QTY IS ENOUGH [26, 0]
[ADMIN] [1/7/2017 23:36] [PENJUALAN] CASHIER FORM : CALCULATE SUBTOTAL
[ADMIN] [1/7/2017 23:36] [PENJUALAN] CASHIER FORM : SUBTOTAL [0]
[ADMIN] [1/7/2017 23:36] [PENJUALAN] CASHIER FORM : cashierDataGridView_CellValueChanged, subtotal value [0]
[ADMIN] [1/7/2017 23:36] [PENJUALAN] CASHIER FORM : cashierDataGridView_CellValueChanged, attempt to calculate total value
[ADMIN] [1/7/2017 23:36] [PENJUALAN] CASHIER FORM : calculateTotal
[ADMIN] [1/7/2017 23:36] [PENJUALAN] CASHIER FORM : calculateTotal [0]
[ADMIN] [1/7/2017 23:36] [PENJUALAN] CASHIER FORM : calculateTotal, totalAfterDisc [0]
[ADMIN] [1/7/2017 23:36] [PENJUALAN] CASHIER FORM : calculateChangeValue, bayarTextBox.Text [0]
[ADMIN] [1/7/2017 23:36] [PENJUALAN] CASHIER FORM : calculateChangeValue, sisaBayar [0]
[ADMIN] [1/7/2017 23:36] [PENJUALAN] CASHIER FORM : cashierDataGridView_CellValueChanged [jumlah]
[ADMIN] [1/7/2017 23:36] [PENJUALAN] CASHIER FORM : calculateTotal
[ADMIN] [1/7/2017 23:36] [PENJUALAN] CASHIER FORM : calculateTotal [0]
[ADMIN] [1/7/2017 23:36] [PENJUALAN] CASHIER FORM : calculateTotal, totalAfterDisc [0]
[ADMIN] [1/7/2017 23:36] [PENJUALAN] CASHIER FORM : calculateChangeValue, bayarTextBox.Text [0]
[ADMIN] [1/7/2017 23:36] [PENJUALAN] CASHIER FORM : calculateChangeValue, sisaBayar [0]
[ADMIN] [1/7/2017 23:36] [PENJUALAN] CASHIER FORM : CHECK STOCK QTY IS ENOUGH [CLASSIC-BBQ20]
[ADMIN] [1/7/2017 23:36] [PENJUALAN] CASHIER FORM : CHECK STOCK QTY IS ENOUGH [26, 1]
[ADMIN] [1/7/2017 23:36] [PENJUALAN] CASHIER FORM : cashierDataGridView_CellValueChanged [qty]
[ADMIN] [1/7/2017 23:36] [PENJUALAN] CASHIER FORM : cashierDataGridView_CellValueChanged, previousInput [0]
[ADMIN] [1/7/2017 23:36] [PENJUALAN] CASHIER FORM : cashierDataGridView_CellValueChanged, cellValue [1]
[ADMIN] [1/7/2017 23:36] [PENJUALAN] CASHIER FORM : cashierDataGridView_CellValueChanged, dataGridViewTextBoxEditingControl.Text pass REGEX Checking
[ADMIN] [1/7/2017 23:36] [PENJUALAN] CASHIER FORM : CHECK STOCK QTY IS ENOUGH [CLASSIC-BBQ20]
[ADMIN] [1/7/2017 23:36] [PENJUALAN] CASHIER FORM : CHECK STOCK QTY IS ENOUGH [26, 1]
[ADMIN] [1/7/2017 23:36] [PENJUALAN] CASHIER FORM : CALCULATE SUBTOTAL
[ADMIN] [1/7/2017 23:36] [PENJUALAN] CASHIER FORM : SUBTOTAL [390000]
[ADMIN] [1/7/2017 23:36] [PENJUALAN] CASHIER FORM : cashierDataGridView_CellValueChanged, subtotal value [390000]
[ADMIN] [1/7/2017 23:36] [PENJUALAN] CASHIER FORM : cashierDataGridView_CellValueChanged, attempt to calculate total value
[ADMIN] [1/7/2017 23:36] [PENJUALAN] CASHIER FORM : calculateTotal
[ADMIN] [1/7/2017 23:36] [PENJUALAN] CASHIER FORM : calculateTotal [390000]
[ADMIN] [1/7/2017 23:36] [PENJUALAN] CASHIER FORM : calculateTotal, totalAfterDisc [390000]
[ADMIN] [1/7/2017 23:36] [PENJUALAN] CASHIER FORM : calculateChangeValue, bayarTextBox.Text [0]
[ADMIN] [1/7/2017 23:36] [PENJUALAN] CASHIER FORM : calculateChangeValue, sisaBayar [0]
[ADMIN] [1/7/2017 23:36] [PENJUALAN] CASHIER FORM : SET QTY TO 1 BECAUSE OF NEW ROW
[ADMIN] [1/7/2017 23:36] [PENJUALAN] CASHIER FORM : CALCULATE SUBTOTAL
[ADMIN] [1/7/2017 23:36] [PENJUALAN] CASHIER FORM : SUBTOTAL [390000]
[ADMIN] [1/7/2017 23:36] [PENJUALAN] CASHIER FORM : calculateTotal
[ADMIN] [1/7/2017 23:36] [PENJUALAN] CASHIER FORM : calculateTotal [390000]
[ADMIN] [1/7/2017 23:36] [PENJUALAN] CASHIER FORM : calculateTotal, totalAfterDisc [390000]
[ADMIN] [1/7/2017 23:36] [PENJUALAN] CASHIER FORM : calculateChangeValue, bayarTextBox.Text [0]
[ADMIN] [1/7/2017 23:36] [PENJUALAN] CASHIER FORM : calculateChangeValue, sisaBayar [0]
[ADMIN] [1/7/2017 23:36] [PENJUALAN] CASHIER FORM : UPDATE ROW NUMBER, TOTAL ROW [2]
[ADMIN] [1/7/2017 23:36] [PENJUALAN] CASHIER FORM : cashierDataGridView_CellValueChanged [F8]
[ADMIN] [1/7/2017 23:36] [PENJUALAN] CASHIER FORM : REGISTER HOTKEY
[ADMIN] [1/7/2017 23:36] [PENJUALAN] CASHIER FORM : UNREGISTER HOTKEY
[] [1/7/2017 23:37] [] USER = ADMIN IS ACTIVE
[ADMIN] [1/7/2017 23:37] [] USER ID = 1 LOGIN SUCCESSFULLY
[ADMIN] [1/7/2017 23:38] [] ACTIVATE USER ACCESS RIGHT
[ADMIN] [1/7/2017 23:38] [] DISPLAY ADMIN FORM
[ADMIN] [1/7/2017 23:38] [] adminForm Load
[ADMIN] [1/7/2017 23:38] [] ACTIVATE USER ACCESS RIGHT
[ADMIN] [1/7/2017 23:38] [PENJUALAN] CASHIER FORM : MULTIPLE CASHIER INSTANCE [1]
[ADMIN] [1/7/2017 23:38] [PENJUALAN] CASHIER FORM : REGISTER HOTKEY
[ADMIN] [1/7/2017 23:38] [PENJUALAN] CASHIER FORM : cashierForm_Load, ATTEMPT TO LOAD NO FAKTUR
[ADMIN] [1/7/2017 23:38] [PENJUALAN] CASHIER FORM : loadNoFaktur, noFakturValue [SLO001]
[ADMIN] [1/7/2017 23:38] [PENJUALAN] CASHIER FORM : cashierForm_Load, ATTEMPT TO addColumnToDataGrid
[ADMIN] [1/7/2017 23:38] [PENJUALAN] CASHIER FORM : UPDATE ROW NUMBER, TOTAL ROW [1]
[ADMIN] [1/7/2017 23:38] [PENJUALAN] CASHIER FORM : cashierDataGridView_CellValueChanged [F8]
[ADMIN] [1/7/2017 23:38] [PENJUALAN] CASHIER FORM : calculateTotal
[ADMIN] [1/7/2017 23:38] [PENJUALAN] CASHIER FORM : calculateTotal [0]
[ADMIN] [1/7/2017 23:38] [PENJUALAN] CASHIER FORM : calculateTotal, totalAfterDisc [0]
[ADMIN] [1/7/2017 23:38] [PENJUALAN] CASHIER FORM : calculateChangeValue, bayarTextBox.Text [0]
[ADMIN] [1/7/2017 23:38] [PENJUALAN] CASHIER FORM : calculateChangeValue, sisaBayar [0]
[ADMIN] [1/7/2017 23:38] [PENJUALAN] CASHIER FORM : REGISTER HOTKEY
[ADMIN] [1/7/2017 23:38] [PENJUALAN] CASHIER FORM : Combobox_previewKeyDown, cashierDataGridView.CurrentCell.OwningColumn.Name  [productID]
[ADMIN] [1/7/2017 23:38] [PENJUALAN] CASHIER FORM : UPDATE ROW NUMBER, TOTAL ROW [2]
[ADMIN] [1/7/2017 23:38] [PENJUALAN] CASHIER FORM : cashierDataGridView_CellValueChanged [F8]
[ADMIN] [1/7/2017 23:38] [PENJUALAN] CASHIER FORM : cashierDataGridView_CellValueChanged [productID]
[ADMIN] [1/7/2017 23:38] [PENJUALAN] CASHIER FORM : Combobox_KeyUp, cashierDataGridView.CurrentCell.OwningColumn.Name  [productID]
[ADMIN] [1/7/2017 23:38] [PENJUALAN] CASHIER FORM : Combobox_previewKeyDown, cashierDataGridView.CurrentCell.OwningColumn.Name  [productID]
[ADMIN] [1/7/2017 23:38] [PENJUALAN] CASHIER FORM : UNREGISTER HOTKEY
[ADMIN] [1/7/2017 23:38] [PENJUALAN] CASHIER FORM : ADD NEW ROW FROM BARCODE [CLASSIC BBQ 20 KG]
[ADMIN] [1/7/2017 23:38] [PENJUALAN] CASHIER FORM : updateSomeRowContents
[ADMIN] [1/7/2017 23:38] [PENJUALAN] CASHIER FORM : cashierDataGridView_CellValueChanged [productID]
[ADMIN] [1/7/2017 23:38] [PENJUALAN] CASHIER FORM : cashierDataGridView_CellValueChanged [productName]
[ADMIN] [1/7/2017 23:38] [PENJUALAN] CASHIER FORM : updateSomeRowContents
[ADMIN] [1/7/2017 23:38] [PENJUALAN] CASHIER FORM : PRODUCT PRICE TYPE [PRODUCT_BASE_PRICE]
[ADMIN] [1/7/2017 23:38] [PENJUALAN] CASHIER FORM : PRODUCT PRICE [324520]
[ADMIN] [1/7/2017 23:38] [PENJUALAN] CASHIER FORM : ComboBox_SelectedIndexChanged, PRODUCT_BASE_PRICE [324520]
[ADMIN] [1/7/2017 23:38] [PENJUALAN] CASHIER FORM : cashierDataGridView_CellValueChanged [hpp]
[ADMIN] [1/7/2017 23:38] [PENJUALAN] CASHIER FORM : PRODUCT PRICE TYPE [PRODUCT_RETAIL_PRICE]
[ADMIN] [1/7/2017 23:38] [PENJUALAN] CASHIER FORM : PRODUCT PRICE [390000]
[ADMIN] [1/7/2017 23:38] [PENJUALAN] CASHIER FORM : ComboBox_SelectedIndexChanged, PRODUCT_SALES_PRICE [390000]
[ADMIN] [1/7/2017 23:38] [PENJUALAN] CASHIER FORM : cashierDataGridView_CellValueChanged [productPrice]
[ADMIN] [1/7/2017 23:38] [PENJUALAN] CASHIER FORM : cashierDataGridView_CellValueChanged, previousInput [0]
[ADMIN] [1/7/2017 23:38] [PENJUALAN] CASHIER FORM : cashierDataGridView_CellValueChanged, cellValue [390000]
[ADMIN] [1/7/2017 23:38] [PENJUALAN] CASHIER FORM : cashierDataGridView_CellValueChanged, dataGridViewTextBoxEditingControl.Text pass REGEX Checking
[ADMIN] [1/7/2017 23:38] [PENJUALAN] CASHIER FORM : CALCULATE SUBTOTAL
[ADMIN] [1/7/2017 23:38] [PENJUALAN] CASHIER FORM : SUBTOTAL [0]
[ADMIN] [1/7/2017 23:38] [PENJUALAN] CASHIER FORM : cashierDataGridView_CellValueChanged, subtotal value [0]
[ADMIN] [1/7/2017 23:38] [PENJUALAN] CASHIER FORM : cashierDataGridView_CellValueChanged, attempt to calculate total value
[ADMIN] [1/7/2017 23:38] [PENJUALAN] CASHIER FORM : calculateTotal
[ADMIN] [1/7/2017 23:38] [PENJUALAN] CASHIER FORM : calculateTotal [0]
[ADMIN] [1/7/2017 23:38] [PENJUALAN] CASHIER FORM : calculateTotal, totalAfterDisc [0]
[ADMIN] [1/7/2017 23:38] [PENJUALAN] CASHIER FORM : calculateChangeValue, bayarTextBox.Text [0]
[ADMIN] [1/7/2017 23:38] [PENJUALAN] CASHIER FORM : calculateChangeValue, sisaBayar [0]
[ADMIN] [1/7/2017 23:38] [PENJUALAN] CASHIER FORM : cashierDataGridView_CellValueChanged [qty]
[ADMIN] [1/7/2017 23:38] [PENJUALAN] CASHIER FORM : cashierDataGridView_CellValueChanged, previousInput [0]
[ADMIN] [1/7/2017 23:38] [PENJUALAN] CASHIER FORM : cashierDataGridView_CellValueChanged [jumlah]
[ADMIN] [1/7/2017 23:38] [PENJUALAN] CASHIER FORM : calculateTotal
[ADMIN] [1/7/2017 23:38] [PENJUALAN] CASHIER FORM : calculateTotal [0]
[ADMIN] [1/7/2017 23:38] [PENJUALAN] CASHIER FORM : calculateTotal, totalAfterDisc [0]
[ADMIN] [1/7/2017 23:38] [PENJUALAN] CASHIER FORM : calculateChangeValue, bayarTextBox.Text [0]
[ADMIN] [1/7/2017 23:38] [PENJUALAN] CASHIER FORM : calculateChangeValue, sisaBayar [0]
[ADMIN] [1/7/2017 23:38] [PENJUALAN] CASHIER FORM : CHECK STOCK QTY IS ENOUGH [CLASSIC-BBQ20]
[ADMIN] [1/7/2017 23:38] [PENJUALAN] CASHIER FORM : CHECK STOCK QTY IS ENOUGH [26, 1]
[ADMIN] [1/7/2017 23:38] [PENJUALAN] CASHIER FORM : cashierDataGridView_CellValueChanged [qty]
[ADMIN] [1/7/2017 23:38] [PENJUALAN] CASHIER FORM : cashierDataGridView_CellValueChanged, previousInput [0]
[ADMIN] [1/7/2017 23:38] [PENJUALAN] CASHIER FORM : cashierDataGridView_CellValueChanged, cellValue [1]
[ADMIN] [1/7/2017 23:38] [PENJUALAN] CASHIER FORM : cashierDataGridView_CellValueChanged, dataGridViewTextBoxEditingControl.Text pass REGEX Checking
[ADMIN] [1/7/2017 23:38] [PENJUALAN] CASHIER FORM : CHECK STOCK QTY IS ENOUGH [CLASSIC-BBQ20]
[ADMIN] [1/7/2017 23:38] [PENJUALAN] CASHIER FORM : CHECK STOCK QTY IS ENOUGH [26, 1]
[ADMIN] [1/7/2017 23:38] [PENJUALAN] CASHIER FORM : CALCULATE SUBTOTAL
[ADMIN] [1/7/2017 23:38] [PENJUALAN] CASHIER FORM : SUBTOTAL [390000]
[ADMIN] [1/7/2017 23:38] [PENJUALAN] CASHIER FORM : cashierDataGridView_CellValueChanged, subtotal value [390000]
[ADMIN] [1/7/2017 23:38] [PENJUALAN] CASHIER FORM : cashierDataGridView_CellValueChanged, attempt to calculate total value
[ADMIN] [1/7/2017 23:38] [PENJUALAN] CASHIER FORM : calculateTotal
[ADMIN] [1/7/2017 23:38] [PENJUALAN] CASHIER FORM : calculateTotal [390000]
[ADMIN] [1/7/2017 23:38] [PENJUALAN] CASHIER FORM : calculateTotal, totalAfterDisc [390000]
[ADMIN] [1/7/2017 23:38] [PENJUALAN] CASHIER FORM : calculateChangeValue, bayarTextBox.Text [0]
[ADMIN] [1/7/2017 23:38] [PENJUALAN] CASHIER FORM : calculateChangeValue, sisaBayar [0]
[ADMIN] [1/7/2017 23:38] [PENJUALAN] CASHIER FORM : SET QTY TO 1 BECAUSE OF NEW ROW
[ADMIN] [1/7/2017 23:38] [PENJUALAN] CASHIER FORM : CALCULATE SUBTOTAL
[ADMIN] [1/7/2017 23:38] [PENJUALAN] CASHIER FORM : SUBTOTAL [390000]
[ADMIN] [1/7/2017 23:38] [PENJUALAN] CASHIER FORM : calculateTotal
[ADMIN] [1/7/2017 23:38] [PENJUALAN] CASHIER FORM : calculateTotal [390000]
[ADMIN] [1/7/2017 23:38] [PENJUALAN] CASHIER FORM : calculateTotal, totalAfterDisc [390000]
[ADMIN] [1/7/2017 23:38] [PENJUALAN] CASHIER FORM : calculateChangeValue, bayarTextBox.Text [0]
[ADMIN] [1/7/2017 23:38] [PENJUALAN] CASHIER FORM : calculateChangeValue, sisaBayar [0]
[ADMIN] [1/7/2017 23:38] [PENJUALAN] CASHIER FORM : UPDATE ROW NUMBER, TOTAL ROW [2]
[ADMIN] [1/7/2017 23:38] [PENJUALAN] CASHIER FORM : cashierDataGridView_CellValueChanged [F8]
[ADMIN] [1/7/2017 23:38] [PENJUALAN] CASHIER FORM : REGISTER HOTKEY
[ADMIN] [1/7/2017 23:38] [PENJUALAN] CASHIER FORM : Combobox_KeyUp, cashierDataGridView.CurrentCell.OwningColumn.Name  [qty]
[ADMIN] [1/7/2017 23:38] [PENJUALAN] CASHIER FORM : HOTKEY TO OPEN PRODUK SEARCH FORM PRESSED
[ADMIN] [1/7/2017 23:38] [PENJUALAN] CASHIER FORM : UNREGISTER HOTKEY
[ADMIN] [1/7/2017 23:38] [PENJUALAN] CASHIER FORM : ADD NEW ROW FROM BARCODE [SANITISER HEALTY EARS]
[ADMIN] [1/7/2017 23:38] [PENJUALAN] CASHIER FORM : ADD NEW ROW,  isActive [False]
[ADMIN] [1/7/2017 23:38] [PENJUALAN] CASHIER FORM : ADD NEW ROW,  ROW COUNT [1]
[ADMIN] [1/7/2017 23:38] [PENJUALAN] CASHIER FORM : ADD NEW ROW,  ALLOW TO ADD [True]
[ADMIN] [1/7/2017 23:38] [PENJUALAN] CASHIER FORM : UPDATE ROW NUMBER, TOTAL ROW [2]
[ADMIN] [1/7/2017 23:38] [PENJUALAN] CASHIER FORM : cashierDataGridView_CellValueChanged [F8]
[ADMIN] [1/7/2017 23:38] [PENJUALAN] CASHIER FORM : cashierDataGridView_CellValueChanged [hpp]
[ADMIN] [1/7/2017 23:38] [PENJUALAN] CASHIER FORM : cashierDataGridView_CellValueChanged [productPrice]
[ADMIN] [1/7/2017 23:38] [PENJUALAN] CASHIER FORM : cashierDataGridView_CellValueChanged, previousInput [0]
[ADMIN] [1/7/2017 23:38] [PENJUALAN] CASHIER FORM : cashierDataGridView_CellValueChanged [qty]
[ADMIN] [1/7/2017 23:38] [PENJUALAN] CASHIER FORM : cashierDataGridView_CellValueChanged, previousInput [0]
[ADMIN] [1/7/2017 23:38] [PENJUALAN] CASHIER FORM : cashierDataGridView_CellValueChanged [jumlah]
[ADMIN] [1/7/2017 23:38] [PENJUALAN] CASHIER FORM : NEW ROW ADDED [1]
[ADMIN] [1/7/2017 23:38] [PENJUALAN] CASHIER FORM : updateSomeRowContents
[ADMIN] [1/7/2017 23:38] [PENJUALAN] CASHIER FORM : cashierDataGridView_CellValueChanged [productID]
[ADMIN] [1/7/2017 23:38] [PENJUALAN] CASHIER FORM : cashierDataGridView_CellValueChanged [productName]
[ADMIN] [1/7/2017 23:38] [PENJUALAN] CASHIER FORM : updateSomeRowContents
[ADMIN] [1/7/2017 23:38] [PENJUALAN] CASHIER FORM : PRODUCT PRICE TYPE [PRODUCT_BASE_PRICE]
[ADMIN] [1/7/2017 23:38] [PENJUALAN] CASHIER FORM : PRODUCT PRICE [9310]
[ADMIN] [1/7/2017 23:38] [PENJUALAN] CASHIER FORM : ComboBox_SelectedIndexChanged, PRODUCT_BASE_PRICE [9310]
[ADMIN] [1/7/2017 23:38] [PENJUALAN] CASHIER FORM : cashierDataGridView_CellValueChanged [hpp]
[ADMIN] [1/7/2017 23:38] [PENJUALAN] CASHIER FORM : PRODUCT PRICE TYPE [PRODUCT_RETAIL_PRICE]
[ADMIN] [1/7/2017 23:38] [PENJUALAN] CASHIER FORM : PRODUCT PRICE [12000]
[ADMIN] [1/7/2017 23:38] [PENJUALAN] CASHIER FORM : ComboBox_SelectedIndexChanged, PRODUCT_SALES_PRICE [12000]
[ADMIN] [1/7/2017 23:38] [PENJUALAN] CASHIER FORM : cashierDataGridView_CellValueChanged [productPrice]
[ADMIN] [1/7/2017 23:38] [PENJUALAN] CASHIER FORM : cashierDataGridView_CellValueChanged, previousInput [0]
[ADMIN] [1/7/2017 23:38] [PENJUALAN] CASHIER FORM : cashierDataGridView_CellValueChanged, cellValue [12000]
[ADMIN] [1/7/2017 23:38] [PENJUALAN] CASHIER FORM : cashierDataGridView_CellValueChanged, dataGridViewTextBoxEditingControl.Text pass REGEX Checking
[ADMIN] [1/7/2017 23:38] [PENJUALAN] CASHIER FORM : CALCULATE SUBTOTAL
[ADMIN] [1/7/2017 23:38] [PENJUALAN] CASHIER FORM : SUBTOTAL [0]
[ADMIN] [1/7/2017 23:38] [PENJUALAN] CASHIER FORM : cashierDataGridView_CellValueChanged, subtotal value [0]
[ADMIN] [1/7/2017 23:38] [PENJUALAN] CASHIER FORM : cashierDataGridView_CellValueChanged, attempt to calculate total value
[ADMIN] [1/7/2017 23:38] [PENJUALAN] CASHIER FORM : calculateTotal
[ADMIN] [1/7/2017 23:38] [PENJUALAN] CASHIER FORM : calculateTotal [390000]
[ADMIN] [1/7/2017 23:38] [PENJUALAN] CASHIER FORM : calculateTotal, totalAfterDisc [390000]
[ADMIN] [1/7/2017 23:38] [PENJUALAN] CASHIER FORM : calculateChangeValue, bayarTextBox.Text [0]
[ADMIN] [1/7/2017 23:38] [PENJUALAN] CASHIER FORM : calculateChangeValue, sisaBayar [0]
[ADMIN] [1/7/2017 23:38] [PENJUALAN] CASHIER FORM : cashierDataGridView_CellValueChanged [qty]
[ADMIN] [1/7/2017 23:38] [PENJUALAN] CASHIER FORM : cashierDataGridView_CellValueChanged, previousInput [0]
[ADMIN] [1/7/2017 23:38] [PENJUALAN] CASHIER FORM : cashierDataGridView_CellValueChanged [jumlah]
[ADMIN] [1/7/2017 23:38] [PENJUALAN] CASHIER FORM : calculateTotal
[ADMIN] [1/7/2017 23:38] [PENJUALAN] CASHIER FORM : calculateTotal [390000]
[ADMIN] [1/7/2017 23:38] [PENJUALAN] CASHIER FORM : calculateTotal, totalAfterDisc [390000]
[ADMIN] [1/7/2017 23:38] [PENJUALAN] CASHIER FORM : calculateChangeValue, bayarTextBox.Text [0]
[ADMIN] [1/7/2017 23:38] [PENJUALAN] CASHIER FORM : calculateChangeValue, sisaBayar [0]
[ADMIN] [1/7/2017 23:38] [PENJUALAN] CASHIER FORM : CHECK STOCK QTY IS ENOUGH [HEALTYEAR]
[ADMIN] [1/7/2017 23:38] [PENJUALAN] CASHIER FORM : CHECK STOCK QTY IS ENOUGH [240, 1]
[ADMIN] [1/7/2017 23:38] [PENJUALAN] CASHIER FORM : cashierDataGridView_CellValueChanged [qty]
[ADMIN] [1/7/2017 23:38] [PENJUALAN] CASHIER FORM : cashierDataGridView_CellValueChanged, previousInput [0]
[ADMIN] [1/7/2017 23:38] [PENJUALAN] CASHIER FORM : cashierDataGridView_CellValueChanged, cellValue [1]
[ADMIN] [1/7/2017 23:38] [PENJUALAN] CASHIER FORM : cashierDataGridView_CellValueChanged, dataGridViewTextBoxEditingControl.Text pass REGEX Checking
[ADMIN] [1/7/2017 23:38] [PENJUALAN] CASHIER FORM : CHECK STOCK QTY IS ENOUGH [HEALTYEAR]
[ADMIN] [1/7/2017 23:38] [PENJUALAN] CASHIER FORM : CHECK STOCK QTY IS ENOUGH [240, 1]
[ADMIN] [1/7/2017 23:38] [PENJUALAN] CASHIER FORM : CALCULATE SUBTOTAL
[ADMIN] [1/7/2017 23:38] [PENJUALAN] CASHIER FORM : SUBTOTAL [12000]
[ADMIN] [1/7/2017 23:38] [PENJUALAN] CASHIER FORM : cashierDataGridView_CellValueChanged, subtotal value [12000]
[ADMIN] [1/7/2017 23:38] [PENJUALAN] CASHIER FORM : cashierDataGridView_CellValueChanged, attempt to calculate total value
[ADMIN] [1/7/2017 23:38] [PENJUALAN] CASHIER FORM : calculateTotal
[ADMIN] [1/7/2017 23:38] [PENJUALAN] CASHIER FORM : calculateTotal [402000]
[ADMIN] [1/7/2017 23:38] [PENJUALAN] CASHIER FORM : calculateTotal, totalAfterDisc [402000]
[ADMIN] [1/7/2017 23:38] [PENJUALAN] CASHIER FORM : calculateChangeValue, bayarTextBox.Text [0]
[ADMIN] [1/7/2017 23:38] [PENJUALAN] CASHIER FORM : calculateChangeValue, sisaBayar [0]
[ADMIN] [1/7/2017 23:38] [PENJUALAN] CASHIER FORM : SET QTY TO 1 BECAUSE OF NEW ROW
[ADMIN] [1/7/2017 23:38] [PENJUALAN] CASHIER FORM : CALCULATE SUBTOTAL
[ADMIN] [1/7/2017 23:38] [PENJUALAN] CASHIER FORM : SUBTOTAL [12000]
[ADMIN] [1/7/2017 23:38] [PENJUALAN] CASHIER FORM : calculateTotal
[ADMIN] [1/7/2017 23:38] [PENJUALAN] CASHIER FORM : calculateTotal [402000]
[ADMIN] [1/7/2017 23:38] [PENJUALAN] CASHIER FORM : calculateTotal, totalAfterDisc [402000]
[ADMIN] [1/7/2017 23:38] [PENJUALAN] CASHIER FORM : calculateChangeValue, bayarTextBox.Text [0]
[ADMIN] [1/7/2017 23:38] [PENJUALAN] CASHIER FORM : calculateChangeValue, sisaBayar [0]
[ADMIN] [1/7/2017 23:38] [PENJUALAN] CASHIER FORM : UPDATE ROW NUMBER, TOTAL ROW [3]
[ADMIN] [1/7/2017 23:38] [PENJUALAN] CASHIER FORM : cashierDataGridView_CellValueChanged [F8]
[ADMIN] [1/7/2017 23:38] [PENJUALAN] CASHIER FORM : REGISTER HOTKEY
[ADMIN] [1/7/2017 23:38] [PENJUALAN] CASHIER FORM : Combobox_KeyUp, cashierDataGridView.CurrentCell.OwningColumn.Name  [qty]
[ADMIN] [1/7/2017 23:38] [PENJUALAN] CASHIER FORM : UNREGISTER HOTKEY
[ADMIN] [1/7/2017 23:38] [PENJUALAN] CASHIER FORM : UNREGISTER HOTKEY
[ADMIN] [1/7/2017 23:38] [] USER ID = 1LOGOUT
