[] [1/9/2017 23:14] [] USER = ADMIN IS ACTIVE
[ADMIN] [1/9/2017 23:15] [] USER ID = 1 LOGIN SUCCESSFULLY
[ADMIN] [1/9/2017 23:15] [] ACTIVATE USER ACCESS RIGHT
[ADMIN] [1/9/2017 23:15] [] DISPLAY ADMIN FORM
[ADMIN] [1/9/2017 23:15] [] adminForm Load
[ADMIN] [1/9/2017 23:15] [] ACTIVATE USER ACCESS RIGHT
[ADMIN] [1/9/2017 23:16] [PENJUALAN] CASHIER FORM : MULTIPLE CASHIER INSTANCE [1]
[ADMIN] [1/9/2017 23:16] [PENJUALAN] CASHIER FORM : REGISTER HOTKEY
[ADMIN] [1/9/2017 23:16] [PENJUALAN] CASHIER FORM : cashierForm_Load, ATTEMPT TO LOAD NO FAKTUR
[ADMIN] [1/9/2017 23:16] [PENJUALAN] CASHIER FORM : loadNoFaktur, noFakturValue [SLO001]
[ADMIN] [1/9/2017 23:16] [PENJUALAN] CASHIER FORM : cashierForm_Load, ATTEMPT TO addColumnToDataGrid
[ADMIN] [1/9/2017 23:16] [PENJUALAN] CASHIER FORM : UPDATE ROW NUMBER, TOTAL ROW [1]
[ADMIN] [1/9/2017 23:16] [PENJUALAN] CASHIER FORM : cashierDataGridView_CellValueChanged [F8]
[ADMIN] [1/9/2017 23:16] [PENJUALAN] CASHIER FORM : calculateTotal
[ADMIN] [1/9/2017 23:16] [PENJUALAN] CASHIER FORM : calculateTotal [0]
[ADMIN] [1/9/2017 23:16] [PENJUALAN] CASHIER FORM : calculateTotal, totalAfterDisc [0]
[ADMIN] [1/9/2017 23:16] [PENJUALAN] CASHIER FORM : calculateChangeValue, bayarTextBox.Text [0]
[ADMIN] [1/9/2017 23:16] [PENJUALAN] CASHIER FORM : calculateChangeValue, sisaBayar [0]
[ADMIN] [1/9/2017 23:16] [PENJUALAN] CASHIER FORM : REGISTER HOTKEY
[ADMIN] [1/9/2017 23:16] [PENJUALAN] CASHIER FORM : UNREGISTER HOTKEY
[ADMIN] [1/9/2017 23:16] [PENJUALAN] CASHIER FORM : UNREGISTER HOTKEY
[ADMIN] [1/9/2017 23:26] [MUTASI BARANG] MUTASI BARANG : detailRequestOrderDataGridView_CellValueChanged [productID]
[ADMIN] [1/9/2017 23:26] [MUTASI BARANG] MUTASI BARANG : detailRequestOrderDataGridView_CellValueChanged [productID]
[ADMIN] [1/9/2017 23:26] [PENJUALAN] MUTASI FORM : Combobox_KeyUp, cashierDataGridView.CurrentCell.OwningColumn.Name  [productID]
[ADMIN] [1/9/2017 23:26] [PENJUALAN] MUTASI FORM : Combobox_KeyUp, cashierDataGridView.CurrentCell.OwningColumn.Name  [productID]
[ADMIN] [1/9/2017 23:26] [MUTASI BARANG] MUTASI BARANG : detailRequestOrderDataGridView_CellValueChanged [productID]
[ADMIN] [1/9/2017 23:26] [MUTASI BARANG] MUTASI BARANG : detailRequestOrderDataGridView_CellValueChanged [productName]
[ADMIN] [1/9/2017 23:26] [MUTASI BARANG] updateSomeRowsContent, PRODUCT_BASE_PRICE [26625]
[ADMIN] [1/9/2017 23:26] [MUTASI BARANG] MUTASI BARANG : detailRequestOrderDataGridView_CellValueChanged [hpp]
[ADMIN] [1/9/2017 23:26] [MUTASI BARANG] MUTASI BARANG : detailRequestOrderDataGridView_CellValueChanged [qty]
[ADMIN] [1/9/2017 23:26] [MUTASI BARANG] MUTASI BARANG : detailRequestOrderDataGridView_CellValueChanged [subtotal]
[ADMIN] [1/9/2017 23:26] [MUTASI BARANG] updateSomeRowsContent, attempt to calculate total
[ADMIN] [1/9/2017 23:26] [MUTASI BARANG] MUTASI BARANG : detailRequestOrderDataGridView_CellValueChanged [expiryDateValue]
[ADMIN] [1/9/2017 23:26] [MUTASI BARANG] MUTASI BARANG : detailRequestOrderDataGridView_CellValueChanged [expiryDate]
[ADMIN] [1/9/2017 23:26] [MUTASI BARANG] MUTASI BARANG : detailRequestOrderDataGridView_CellValueChanged [qty]
[ADMIN] [1/9/2017 23:26] [MUTASI BARANG] MUTASI BARANG : detailRequestOrderDataGridView_CellValueChanged [subtotal]
[ADMIN] [1/9/2017 23:26] [MUTASI BARANG] MUTASI BARANG : detailRequestOrderDataGridView_CellValueChanged [subtotal]
[ADMIN] [1/9/2017 23:26] [PENJUALAN] MUTASI FORM : Combobox_KeyUp, cashierDataGridView.CurrentCell.OwningColumn.Name  [qty]
[ADMIN] [1/9/2017 23:26] [PENJUALAN] MUTASI FORM : Combobox_KeyUp, cashierDataGridView.CurrentCell.OwningColumn.Name  [qty]
[ADMIN] [1/9/2017 23:26] [PENJUALAN] MUTASI FORM : Combobox_KeyUp, cashierDataGridView.CurrentCell.OwningColumn.Name  [qty]
[ADMIN] [1/9/2017 23:26] [PENJUALAN] MUTASI FORM : Combobox_KeyUp, cashierDataGridView.CurrentCell.OwningColumn.Name  [productName]
[ADMIN] [1/9/2017 23:26] [PENJUALAN] MUTASI FORM : Combobox_KeyUp, cashierDataGridView.CurrentCell.OwningColumn.Name  [qty]
[ADMIN] [1/9/2017 23:26] [PENJUALAN] MUTASI FORM : Combobox_KeyUp, cashierDataGridView.CurrentCell.OwningColumn.Name  [qty]
[ADMIN] [1/9/2017 23:26] [MUTASI BARANG] MUTASI BARANG : detailRequestOrderDataGridView_CellValueChanged [qty]
[ADMIN] [1/9/2017 23:26] [MUTASI BARANG] MUTASI BARANG : detailRequestOrderDataGridView_CellValueChanged [subtotal]
[ADMIN] [1/9/2017 23:26] [PENJUALAN] MUTASI FORM : Combobox_KeyUp, cashierDataGridView.CurrentCell.OwningColumn.Name  [qty]
[ADMIN] [1/9/2017 23:26] [MUTASI BARANG] MUTASI BARANG : detailRequestOrderDataGridView_CellValueChanged [qty]
[ADMIN] [1/9/2017 23:26] [MUTASI BARANG] MUTASI BARANG : detailRequestOrderDataGridView_CellValueChanged [qty]
[ADMIN] [1/9/2017 23:26] [PENJUALAN] MUTASI FORM : Combobox_KeyUp, cashierDataGridView.CurrentCell.OwningColumn.Name  [qty]
[ADMIN] [1/9/2017 23:26] [PENJUALAN] MUTASI FORM : Combobox_KeyUp, cashierDataGridView.CurrentCell.OwningColumn.Name  [qty]
[ADMIN] [1/9/2017 23:26] [MUTASI BARANG] MUTASI BARANG : detailRequestOrderDataGridView_CellValueChanged [qty]
[ADMIN] [1/9/2017 23:26] [MUTASI BARANG] MUTASI BARANG : detailRequestOrderDataGridView_CellValueChanged [subtotal]
[ADMIN] [1/9/2017 23:26] [PENJUALAN] MUTASI FORM : Combobox_KeyUp, cashierDataGridView.CurrentCell.OwningColumn.Name  [qty]
[ADMIN] [1/9/2017 23:26] [MUTASI BARANG] MUTASI BARANG : detailRequestOrderDataGridView_CellValueChanged [qty]
[ADMIN] [1/9/2017 23:26] [MUTASI BARANG] MUTASI BARANG : detailRequestOrderDataGridView_CellValueChanged [subtotal]
[ADMIN] [1/9/2017 23:26] [PENJUALAN] MUTASI FORM : Combobox_KeyUp, cashierDataGridView.CurrentCell.OwningColumn.Name  [qty]
[ADMIN] [1/9/2017 23:26] [MUTASI BARANG] MUTASI BARANG : detailRequestOrderDataGridView_CellValueChanged [qty]
[ADMIN] [1/9/2017 23:26] [MUTASI BARANG] MUTASI BARANG : detailRequestOrderDataGridView_CellValueChanged [qty]
[ADMIN] [1/9/2017 23:26] [PENJUALAN] MUTASI FORM : Combobox_KeyUp, cashierDataGridView.CurrentCell.OwningColumn.Name  [qty]
[ADMIN] [1/9/2017 23:26] [MUTASI BARANG] MUTASI BARANG : detailRequestOrderDataGridView_CellValueChanged [qty]
[ADMIN] [1/9/2017 23:26] [MUTASI BARANG] MUTASI BARANG : detailRequestOrderDataGridView_CellValueChanged [qty]
[ADMIN] [1/9/2017 23:26] [PENJUALAN] MUTASI FORM : Combobox_KeyUp, cashierDataGridView.CurrentCell.OwningColumn.Name  [qty]
[ADMIN] [1/9/2017 23:26] [MUTASI BARANG] MUTASI BARANG : detailRequestOrderDataGridView_CellValueChanged [qty]
[ADMIN] [1/9/2017 23:26] [MUTASI BARANG] MUTASI BARANG : detailRequestOrderDataGridView_CellValueChanged [qty]
[ADMIN] [1/9/2017 23:26] [PENJUALAN] MUTASI FORM : Combobox_KeyUp, cashierDataGridView.CurrentCell.OwningColumn.Name  [qty]
[ADMIN] [1/9/2017 23:26] [PENJUALAN] MUTASI FORM : Combobox_KeyUp, cashierDataGridView.CurrentCell.OwningColumn.Name  [qty]
[ADMIN] [1/9/2017 23:26] [MUTASI BARANG] MUTASI BARANG : detailRequestOrderDataGridView_CellValueChanged [qty]
[ADMIN] [1/9/2017 23:26] [MUTASI BARANG] MUTASI BARANG : detailRequestOrderDataGridView_CellValueChanged [subtotal]
[ADMIN] [1/9/2017 23:26] [MUTASI BARANG] MUTASI BARANG : detailRequestOrderDataGridView_CellValueChanged [qty]
[ADMIN] [1/9/2017 23:26] [PENJUALAN] MUTASI FORM : Combobox_KeyUp, cashierDataGridView.CurrentCell.OwningColumn.Name  [qty]
[ADMIN] [1/9/2017 23:26] [MUTASI BARANG] MUTASI BARANG : detailRequestOrderDataGridView_CellValueChanged [qty]
[ADMIN] [1/9/2017 23:26] [MUTASI BARANG] MUTASI BARANG : detailRequestOrderDataGridView_CellValueChanged [subtotal]
[ADMIN] [1/9/2017 23:26] [PENJUALAN] MUTASI FORM : Combobox_KeyUp, cashierDataGridView.CurrentCell.OwningColumn.Name  [qty]
[ADMIN] [1/9/2017 23:26] [PENJUALAN] MUTASI FORM : Combobox_KeyUp, cashierDataGridView.CurrentCell.OwningColumn.Name  [qty]
[ADMIN] [1/9/2017 23:26] [PENJUALAN] MUTASI FORM : Combobox_KeyUp, cashierDataGridView.CurrentCell.OwningColumn.Name  [productName]
[ADMIN] [1/9/2017 23:27] [] USER ID = 1LOGOUT
