[] [21/10/2016 14.42] [] USER = ADMIN IS ACTIVE
[] [21/10/2016 14.42] [] USER = ADMIN IS ACTIVE
[ADMIN] [21/10/2016 14.42] [] USER ID = 1 LOGIN SUCCESSFULLY
[ADMIN] [21/10/2016 14.42] [] ACTIVATE USER ACCESS RIGHT
[ADMIN] [21/10/2016 14.42] [] DISPLAY ADMIN FORM
[ADMIN] [21/10/2016 14.42] [] adminForm Load
[ADMIN] [21/10/2016 14.42] [] ACTIVATE USER ACCESS RIGHT
[] [21/10/2016 15.42] [] USER = ADMIN IS ACTIVE
[ADMIN] [21/10/2016 15.42] [] USER ID = 1 LOGIN SUCCESSFULLY
[ADMIN] [21/10/2016 15.42] [] ACTIVATE USER ACCESS RIGHT
[ADMIN] [21/10/2016 15.42] [] DISPLAY ADMIN FORM
[ADMIN] [21/10/2016 15.42] [] adminForm Load
[ADMIN] [21/10/2016 15.42] [] ACTIVATE USER ACCESS RIGHT
[] [21/10/2016 15.44] [] USER = ADMIN IS ACTIVE
[ADMIN] [21/10/2016 15.44] [] USER ID = 1 LOGIN SUCCESSFULLY
[ADMIN] [21/10/2016 15.44] [] ACTIVATE USER ACCESS RIGHT
[ADMIN] [21/10/2016 15.44] [] DISPLAY ADMIN FORM
[ADMIN] [21/10/2016 15.44] [] adminForm Load
[ADMIN] [21/10/2016 15.44] [] ACTIVATE USER ACCESS RIGHT
[ADMIN] [21/10/2016 16.06] [] USER ID = 1LOGOUT
