[] [6/4/2017 01:12] [] USER = ADMIN IS ACTIVE
[ADMIN] [6/4/2017 01:12] [] USER ID = 1 LOGIN SUCCESSFULLY
[ADMIN] [6/4/2017 01:12] [] ACTIVATE USER ACCESS RIGHT
[ADMIN] [6/4/2017 01:12] [] DISPLAY ADMIN FORM
[ADMIN] [6/4/2017 01:12] [] adminForm Load
[ADMIN] [6/4/2017 01:12] [] ACTIVATE USER ACCESS RIGHT
[ADMIN] [6/4/2017 01:12] [PENYESUAIAN STOK] TRY TO DO MANUAL STOCK ADJUSTMENT
[ADMIN] [6/4/2017 01:12] [PENERIMAAN BARANG] INSERT TO PRODUCT EXPIRY [SD-PSB1]
[ADMIN] [6/4/2017 01:12] [PENYESUAIAN STOK] UPDATE STOCK QTY [2]
[ADMIN] [6/4/2017 01:12] [PENYESUAIAN STOK] INSERT INTO PRODUCT ADJUSTMENT TABLE [SD-PSB1, 5, 10]
[ADMIN] [6/4/2017 01:12] [PENYESUAIAN STOK] TRY TO DO MANUAL STOCK ADJUSTMENT
[ADMIN] [6/4/2017 01:12] [PENERIMAAN BARANG] INSERT TO PRODUCT EXPIRY [SD-PSB1]
[ADMIN] [6/4/2017 01:12] [PENYESUAIAN STOK] UPDATE STOCK QTY [2]
[ADMIN] [6/4/2017 01:12] [PENYESUAIAN STOK] INSERT INTO PRODUCT ADJUSTMENT TABLE [SD-PSB1, 8, 5]
[ADMIN] [6/4/2017 01:13] [PENERIMAAN BARANG] INSERT TO PRODUCT EXPIRY [SD-PSB1]
[ADMIN] [6/4/2017 01:13] [TAMBAH / UPDATE PRODUK] UPDATE CURRENT PRODUCT DATA [SD-PSB1]
[ADMIN] [6/4/2017 01:13] [TAMBAH / UPDATE PRODUK] UPDATE PRODUCT CATEGORY FOR [SD-PSB1]
[ADMIN] [6/4/2017 01:13] [TAMBAH / UPDATE PRODUK] DELETE CURRENT PRODUCT CATEGORY FOR [SD-PSB1]
[ADMIN] [6/4/2017 01:13] [TAMBAH / UPDATE PRODUK] INSERT PRODUCT CATEGORY FOR [SD-PSB1]
[ADMIN] [6/4/2017 01:13] [] USER ID = 1LOGOUT
