[] [2/9/2017 15:28] [] USER = ADMIN IS ACTIVE
[ADMIN] [2/9/2017 15:28] [] USER ID = 1 LOGIN SUCCESSFULLY
[ADMIN] [2/9/2017 15:28] [] ACTIVATE USER ACCESS RIGHT
[ADMIN] [2/9/2017 15:28] [] DISPLAY ADMIN FORM
[ADMIN] [2/9/2017 15:28] [] adminForm Load
[ADMIN] [2/9/2017 15:28] [] ACTIVATE USER ACCESS RIGHT
[ADMIN] [2/9/2017 15:28] [MUTASI BARANG] MUTASI BARANG : detailRequestOrderDataGridView_CellValueChanged [productID]
[ADMIN] [2/9/2017 15:28] [PENJUALAN] MUTASI FORM : Combobox_KeyUp, cashierDataGridView.CurrentCell.OwningColumn.Name  [productID]
[ADMIN] [2/9/2017 15:28] [MUTASI BARANG] MUTASI BARANG : detailRequestOrderDataGridView_CellValueChanged [productID]
[ADMIN] [2/9/2017 15:28] [MUTASI BARANG] MUTASI BARANG : detailRequestOrderDataGridView_CellValueChanged [productName]
[ADMIN] [2/9/2017 15:28] [MUTASI BARANG] updateSomeRowsContent, PRODUCT_BASE_PRICE [356250]
[ADMIN] [2/9/2017 15:28] [MUTASI BARANG] MUTASI BARANG : detailRequestOrderDataGridView_CellValueChanged [hpp]
[ADMIN] [2/9/2017 15:28] [MUTASI BARANG] MUTASI BARANG : detailRequestOrderDataGridView_CellValueChanged [qty]
[ADMIN] [2/9/2017 15:28] [MUTASI BARANG] MUTASI BARANG : detailRequestOrderDataGridView_CellValueChanged [subtotal]
[ADMIN] [2/9/2017 15:28] [MUTASI BARANG] updateSomeRowsContent, attempt to calculate total
[ADMIN] [2/9/2017 15:28] [MUTASI BARANG] MUTASI BARANG : detailRequestOrderDataGridView_CellValueChanged [expiryDateValue]
[ADMIN] [2/9/2017 15:28] [MUTASI BARANG] MUTASI BARANG : detailRequestOrderDataGridView_CellValueChanged [expiryDate]
[ADMIN] [2/9/2017 15:28] [MUTASI BARANG] MUTASI BARANG : detailRequestOrderDataGridView_CellValueChanged [qty]
[ADMIN] [2/9/2017 15:28] [MUTASI BARANG] MUTASI BARANG : detailRequestOrderDataGridView_CellValueChanged [subtotal]
[ADMIN] [2/9/2017 15:28] [PENJUALAN] MUTASI FORM : Combobox_KeyUp, cashierDataGridView.CurrentCell.OwningColumn.Name  [qty]
[ADMIN] [2/9/2017 15:28] [MUTASI BARANG] SAVE/APPROVE MUTASI
[ADMIN] [2/9/2017 15:28] [MUTASI BARANG] GET NEW NO MUTASI [PM-11]
[ADMIN] [2/9/2017 15:28] [MUTASI BARANG] ADD NEW MUTASI [PM-11]
[ADMIN] [2/9/2017 15:28] [MUTASI BARANG] ADD DETAIL NEW MUTASI [CALIBER-PSB23, 1]
[ADMIN] [2/9/2017 15:28] [MUTASI BARANG] REDUCE MASTER PRODUCT [CALIBER-PSB23, 1]
[ADMIN] [2/9/2017 15:28] [MUTASI BARANG] REDUCE PRODUCT EXPIRY [CALIBER-PSB23, 1]
[ADMIN] [2/9/2017 15:28] [MUTASI BARANG] INSERT TO CREDIT TABLE [PM-11]
[ADMIN] [2/9/2017 15:28] [MUTASI BARANG] MUTASI SAVED TO LOCAL DATA
[ADMIN] [2/9/2017 15:28] [MUTASI BARANG] GET BRANCH ID TO UPDATE [3]
[ADMIN] [2/9/2017 15:28] [MUTASI BARANG] TRY TO CONNECT TO BRANCH [192.0.0.2]
[ADMIN] [2/9/2017 15:28] [MUTASI BARANG] FAILED TO UPDATE BRANCH DATA
[] [2/9/2017 23:06] [] USER = ADMIN IS ACTIVE
[ADMIN] [2/9/2017 23:06] [] USER ID = 1 LOGIN SUCCESSFULLY
[ADMIN] [2/9/2017 23:06] [] ACTIVATE USER ACCESS RIGHT
[ADMIN] [2/9/2017 23:06] [] DISPLAY ADMIN FORM
[ADMIN] [2/9/2017 23:06] [] adminForm Load
[ADMIN] [2/9/2017 23:06] [] ACTIVATE USER ACCESS RIGHT
[ADMIN] [2/9/2017 23:09] [REQUEST ORDER] REQUEST ORDER : detailRequestOrderDataGridView_CellValueChanged [productID]
[ADMIN] [2/9/2017 23:09] [REQUEST ORDER] REQUEST ORDER : detailRequestOrderDataGridView_CellValueChanged [productID]
[ADMIN] [2/9/2017 23:09] [REQUEST ORDER] REQUEST ORDER : detailRequestOrderDataGridView_CellValueChanged [productName]
[ADMIN] [2/9/2017 23:09] [REQUEST ORDER] updateSomeRowsContent, PRODUCT_BASE_PRICE [8550]
[ADMIN] [2/9/2017 23:09] [REQUEST ORDER] REQUEST ORDER : detailRequestOrderDataGridView_CellValueChanged [HPP]
[ADMIN] [2/9/2017 23:09] [REQUEST ORDER] REQUEST ORDER : detailRequestOrderDataGridView_CellValueChanged [qty]
[ADMIN] [2/9/2017 23:09] [REQUEST ORDER] REQUEST ORDER : detailRequestOrderDataGridView_CellValueChanged [subTotal]
[ADMIN] [2/9/2017 23:09] [REQUEST ORDER] REQUEST ORDER : detailRequestOrderDataGridView_CellValueChanged [subTotal]
[ADMIN] [2/9/2017 23:09] [REQUEST ORDER] updateSomeRowsContent, attempt to calculate total
[ADMIN] [2/9/2017 23:09] [REQUEST ORDER] REQUEST ORDER : detailRequestOrderDataGridView_CellValueChanged [qty]
[ADMIN] [2/9/2017 23:09] [REQUEST ORDER] REQUEST ORDER : detailRequestOrderDataGridView_CellValueChanged [subTotal]
[ADMIN] [2/9/2017 23:09] [REQUEST ORDER] REQUEST ORDER : detailRequestOrderDataGridView_CellValueChanged [qty]
[ADMIN] [2/9/2017 23:09] [REQUEST ORDER] REQUEST ORDER : detailRequestOrderDataGridView_CellValueChanged [subTotal]
[ADMIN] [2/9/2017 23:09] [REQUEST ORDER] ATTEMPT TO SAVE
[ADMIN] [2/9/2017 23:09] [REQUEST ORDER] INSERT NEW REQUEST ORDER [RO-2]
[ADMIN] [2/9/2017 23:09] [REQUEST ORDER] INSERT DETAIL REQUEST ORDER [JAMUR-WELL]
[ADMIN] [2/9/2017 23:09] [REQUEST ORDER] DATA SAVED SUCCESSFULLY
[ADMIN] [2/9/2017 23:09] [REQUEST ORDER] EXPORT DATA : ATTEMPT TO SAVE TO LOCAL DATA
[ADMIN] [2/9/2017 23:09] [REQUEST ORDER] EXPORT DATA : ATTEMPT TO SAVE TO LOCAL DATA
[ADMIN] [2/9/2017 23:09] [REQUEST ORDER] EDIT REQUEST ORDER [RO-2]
[ADMIN] [2/9/2017 23:09] [REQUEST ORDER] DELETE DETAIL REQUEST ORDER [RO-2]
[ADMIN] [2/9/2017 23:09] [REQUEST ORDER] INSERT NEW DETAIL REQUEST ORDER [JAMUR-WELL]
[ADMIN] [2/9/2017 23:09] [REQUEST ORDER] EXPORT DATA : REQUEST ORDER SAVED TO LOCAL DATA
[ADMIN] [2/9/2017 23:10] [REQUEST ORDER] EXPORT DATA : ATTEMPT TO EXPORT DATA TO [C:\Users\Andri\Desktop\RO_RO-2_09022017.exp]
[ADMIN] [2/9/2017 23:10] [REQUEST ORDER] EXPORT DATA : ATTEMPT TO WRITE HEADER DATA TO FILE
[ADMIN] [2/9/2017 23:10] [REQUEST ORDER] EXPORT DATA : ATTEMPT TO WRITE DETAIL DATA TO FILE
[ADMIN] [2/9/2017 23:10] [REQUEST ORDER] EXPORT DATA : UPDATE FLAG FOR REQUEST ORDER
[ADMIN] [2/9/2017 23:10] [REQUEST ORDER] EXPORT DATA : REQUEST ORDER EXPORTED
[ADMIN] [2/9/2017 23:10] [REQUEST ORDER] ATTEMPT TO SAVE AND SEND DATA TO HQ
[ADMIN] [2/9/2017 23:10] [REQUEST ORDER] ATTEMPT TO SAVE TO LOCAL DATABASE
[ADMIN] [2/9/2017 23:10] [REQUEST ORDER] ATTEMPT TO SAVE AND SEND DATA TO HQ
[ADMIN] [2/9/2017 23:10] [REQUEST ORDER] ATTEMPT TO SAVE TO LOCAL DATABASE
[ADMIN] [2/9/2017 23:10] [REQUEST ORDER] EDIT REQUEST ORDER [RO-2]
[ADMIN] [2/9/2017 23:10] [REQUEST ORDER] DELETE DETAIL REQUEST ORDER [RO-2]
[ADMIN] [2/9/2017 23:10] [REQUEST ORDER] HQ IP AND LOCAL IP ARE THE SAME
[ADMIN] [2/9/2017 23:10] [REQUEST ORDER] REQUEST ORDER SENT TO HQ
[ADMIN] [2/9/2017 23:10] [REQUEST ORDER] EXPORT DATA : UPDATE FLAG FOR REQUEST ORDER
[ADMIN] [2/9/2017 23:13] [REQUEST ORDER] REQUEST ORDER : detailRequestOrderDataGridView_CellValueChanged [productID]
[ADMIN] [2/9/2017 23:13] [REQUEST ORDER] REQUEST ORDER : detailRequestOrderDataGridView_CellValueChanged [productID]
[ADMIN] [2/9/2017 23:13] [REQUEST ORDER] REQUEST ORDER : detailRequestOrderDataGridView_CellValueChanged [productName]
[ADMIN] [2/9/2017 23:13] [REQUEST ORDER] updateSomeRowsContent, PRODUCT_BASE_PRICE [53700]
[ADMIN] [2/9/2017 23:13] [REQUEST ORDER] REQUEST ORDER : detailRequestOrderDataGridView_CellValueChanged [HPP]
[ADMIN] [2/9/2017 23:13] [REQUEST ORDER] REQUEST ORDER : detailRequestOrderDataGridView_CellValueChanged [qty]
[ADMIN] [2/9/2017 23:13] [REQUEST ORDER] REQUEST ORDER : detailRequestOrderDataGridView_CellValueChanged [subTotal]
[ADMIN] [2/9/2017 23:13] [REQUEST ORDER] REQUEST ORDER : detailRequestOrderDataGridView_CellValueChanged [subTotal]
[ADMIN] [2/9/2017 23:13] [REQUEST ORDER] updateSomeRowsContent, attempt to calculate total
[ADMIN] [2/9/2017 23:13] [REQUEST ORDER] REQUEST ORDER : detailRequestOrderDataGridView_CellValueChanged [qty]
[ADMIN] [2/9/2017 23:13] [REQUEST ORDER] REQUEST ORDER : detailRequestOrderDataGridView_CellValueChanged [subTotal]
[ADMIN] [2/9/2017 23:13] [REQUEST ORDER] ATTEMPT TO SAVE AND SEND DATA TO HQ
[ADMIN] [2/9/2017 23:13] [REQUEST ORDER] ATTEMPT TO SAVE TO LOCAL DATABASE
[ADMIN] [2/9/2017 23:13] [REQUEST ORDER] INSERT NEW REQUEST ORDER [RO-3]
[ADMIN] [2/9/2017 23:13] [REQUEST ORDER] INSERT DETAIL REQUEST ORDER [SD-PSB1]
[ADMIN] [2/9/2017 23:13] [REQUEST ORDER] HQ IP AND LOCAL IP ARE THE SAME
[ADMIN] [2/9/2017 23:13] [REQUEST ORDER] REQUEST ORDER SENT TO HQ
[ADMIN] [2/9/2017 23:13] [REQUEST ORDER] EXPORT DATA : UPDATE FLAG FOR REQUEST ORDER
[ADMIN] [2/9/2017 23:13] [REQUEST ORDER] ATTEMPT TO SAVE AND SEND DATA TO HQ
[ADMIN] [2/9/2017 23:13] [REQUEST ORDER] ATTEMPT TO SAVE TO LOCAL DATABASE
[ADMIN] [2/9/2017 23:13] [REQUEST ORDER] EDIT REQUEST ORDER [RO-3]
[ADMIN] [2/9/2017 23:13] [REQUEST ORDER] DELETE DETAIL REQUEST ORDER [RO-3]
[ADMIN] [2/9/2017 23:14] [REQUEST ORDER] HQ IP AND LOCAL IP ARE THE SAME
[ADMIN] [2/9/2017 23:14] [REQUEST ORDER] REQUEST ORDER SENT TO HQ
[ADMIN] [2/9/2017 23:14] [REQUEST ORDER] EXPORT DATA : UPDATE FLAG FOR REQUEST ORDER
[ADMIN] [2/9/2017 23:14] [REQUEST ORDER] REQUEST ORDER : detailRequestOrderDataGridView_CellValueChanged [productID]
[ADMIN] [2/9/2017 23:14] [REQUEST ORDER] REQUEST ORDER : detailRequestOrderDataGridView_CellValueChanged [productID]
[ADMIN] [2/9/2017 23:14] [REQUEST ORDER] REQUEST ORDER : detailRequestOrderDataGridView_CellValueChanged [productName]
[ADMIN] [2/9/2017 23:14] [REQUEST ORDER] updateSomeRowsContent, PRODUCT_BASE_PRICE [29250]
[ADMIN] [2/9/2017 23:14] [REQUEST ORDER] REQUEST ORDER : detailRequestOrderDataGridView_CellValueChanged [HPP]
[ADMIN] [2/9/2017 23:14] [REQUEST ORDER] REQUEST ORDER : detailRequestOrderDataGridView_CellValueChanged [qty]
[ADMIN] [2/9/2017 23:14] [REQUEST ORDER] REQUEST ORDER : detailRequestOrderDataGridView_CellValueChanged [subTotal]
[ADMIN] [2/9/2017 23:14] [REQUEST ORDER] REQUEST ORDER : detailRequestOrderDataGridView_CellValueChanged [subTotal]
[ADMIN] [2/9/2017 23:14] [REQUEST ORDER] updateSomeRowsContent, attempt to calculate total
[ADMIN] [2/9/2017 23:14] [REQUEST ORDER] REQUEST ORDER : detailRequestOrderDataGridView_CellValueChanged [qty]
[ADMIN] [2/9/2017 23:14] [REQUEST ORDER] REQUEST ORDER : detailRequestOrderDataGridView_CellValueChanged [subTotal]
[ADMIN] [2/9/2017 23:14] [REQUEST ORDER] ATTEMPT TO SAVE
[ADMIN] [2/9/2017 23:14] [REQUEST ORDER] INSERT NEW REQUEST ORDER [RO-4]
[ADMIN] [2/9/2017 23:14] [REQUEST ORDER] INSERT DETAIL REQUEST ORDER [ALPO-P1]
[ADMIN] [2/9/2017 23:14] [REQUEST ORDER] DATA SAVED SUCCESSFULLY
[ADMIN] [2/9/2017 23:15] [REQUEST ORDER] ATTEMPT TO SAVE AND SEND DATA TO HQ
[ADMIN] [2/9/2017 23:15] [REQUEST ORDER] ATTEMPT TO SAVE TO LOCAL DATABASE
[ADMIN] [2/9/2017 23:15] [REQUEST ORDER] EDIT REQUEST ORDER [RO-4]
[ADMIN] [2/9/2017 23:15] [REQUEST ORDER] DELETE DETAIL REQUEST ORDER [RO-4]
[ADMIN] [2/9/2017 23:15] [REQUEST ORDER] INSERT NEW DETAIL REQUEST ORDER [ALPO-P1]
[ADMIN] [2/9/2017 23:15] [REQUEST ORDER] HQ IP AND LOCAL IP ARE THE SAME
[ADMIN] [2/9/2017 23:15] [REQUEST ORDER] REQUEST ORDER SENT TO HQ
[ADMIN] [2/9/2017 23:15] [REQUEST ORDER] EXPORT DATA : UPDATE FLAG FOR REQUEST ORDER
[ADMIN] [2/9/2017 23:15] [] USER ID = 1LOGOUT
