[] [6/11/2017 00:06] [] USER = ADMIN IS ACTIVE
[ADMIN] [6/11/2017 00:06] [] USER ID = 1 LOGIN SUCCESSFULLY
[ADMIN] [6/11/2017 00:06] [] ACTIVATE USER ACCESS RIGHT
[ADMIN] [6/11/2017 00:06] [] DISPLAY ADMIN FORM
[ADMIN] [6/11/2017 00:06] [] adminForm Load
[ADMIN] [6/11/2017 00:06] [] ACTIVATE USER ACCESS RIGHT
[ADMIN] [6/11/2017 00:07] [TAMBAH / UPDATE PRODUK] deleteCurrentRow [0]
[ADMIN] [6/11/2017 00:07] [TAMBAH / UPDATE PRODUK] deleteCurrentRow [1]
[ADMIN] [6/11/2017 00:07] [TAMBAH / UPDATE PRODUK] deleteCurrentRow [2]
[ADMIN] [6/11/2017 00:07] [TAMBAH / UPDATE PRODUK] deleteCurrentRow [3]
[ADMIN] [6/11/2017 00:07] [TAMBAH / UPDATE PRODUK] deleteCurrentRow [4]
[ADMIN] [6/11/2017 00:07] [TAMBAH / UPDATE PRODUK] DETAIL PRODUK : detailGridView_CellValueChanged [lotID]
[ADMIN] [6/11/2017 00:07] [TAMBAH / UPDATE PRODUK] DETAIL PRODUK : detailGridView_CellValueChanged [status]
[ADMIN] [6/11/2017 00:07] [TAMBAH / UPDATE PRODUK] DETAIL PRODUK : detailGridView_CellValueChanged [qty]
[ADMIN] [6/11/2017 00:07] [TAMBAH / UPDATE PRODUK] DETAIL PRODUK : detailGridView_CellValueChanged [expiryDate]
[ADMIN] [6/11/2017 00:07] [TAMBAH / UPDATE PRODUK] DETAIL PRODUK : detailGridView_CellValueChanged [expiryDateValue]
[ADMIN] [6/11/2017 00:07] [TAMBAH / UPDATE PRODUK] DETAIL PRODUK : detailGridView_CellValueChanged [lotID]
[ADMIN] [6/11/2017 00:07] [TAMBAH / UPDATE PRODUK] DETAIL PRODUK : detailGridView_CellValueChanged [status]
[ADMIN] [6/11/2017 00:07] [TAMBAH / UPDATE PRODUK] DETAIL PRODUK : detailGridView_CellValueChanged [qty]
[ADMIN] [6/11/2017 00:07] [] USER ID = 1LOGOUT
