[] [2/21/2017 12:06] [] USER = ADMIN IS ACTIVE
[ADMIN] [2/21/2017 12:06] [] USER ID = 1 LOGIN SUCCESSFULLY
[ADMIN] [2/21/2017 12:06] [] ACTIVATE USER ACCESS RIGHT
[ADMIN] [2/21/2017 12:06] [] DISPLAY ADMIN FORM
[ADMIN] [2/21/2017 12:06] [] adminForm Load
[ADMIN] [2/21/2017 12:06] [] ACTIVATE USER ACCESS RIGHT
[ADMIN] [2/21/2017 12:06] [TAMBAH TRANSAKSI HARIAN] LOAD DATA TRANSAKSI
[ADMIN] [2/21/2017 12:06] [TAMBAH TRANSAKSI HARIAN] ATTEMPT TO SAVE DATA TRANSAKSI JURNAL HARIAN
[ADMIN] [2/21/2017 12:06] [TAMBAH TRANSAKSI HARIAN] UPDATE DATA ON DAILY JOURNAL TABLE [1]
[ADMIN] [2/21/2017 12:06] [TAMBAH TRANSAKSI HARIAN] INSERT NEW DATA TO DAILY JOURNAL TABLE [1, 55555]
[ADMIN] [2/21/2017 12:06] [TAMBAH TRANSAKSI HARIAN] INSERT NEW DATA TO DAILY JOURNAL TABLE [1, 55555]
[ADMIN] [2/21/2017 12:06] [TAMBAH TRANSAKSI HARIAN] INSERT NEW DATA TO DAILY JOURNAL TABLE [1, 55555]
[ADMIN] [2/21/2017 12:06] [TAMBAH TRANSAKSI HARIAN] INSERT NEW DATA TO DAILY JOURNAL TABLE [1, 55555]
[ADMIN] [2/21/2017 12:06] [TAMBAH TRANSAKSI HARIAN] INSERT NEW DATA TO DAILY JOURNAL TABLE [1, 6666]
[ADMIN] [2/21/2017 12:06] [TAMBAH TRANSAKSI HARIAN] DATA TRANSAKSI JURNAL HARIAN SAVED
[ADMIN] [2/21/2017 12:06] [TAMBAH TRANSAKSI HARIAN] LOAD DATA TRANSAKSI
[] [2/21/2017 12:12] [] USER = ADMIN IS ACTIVE
[ADMIN] [2/21/2017 12:12] [] USER ID = 1 LOGIN SUCCESSFULLY
[ADMIN] [2/21/2017 12:12] [] ACTIVATE USER ACCESS RIGHT
[ADMIN] [2/21/2017 12:12] [] DISPLAY ADMIN FORM
[ADMIN] [2/21/2017 12:12] [] adminForm Load
[ADMIN] [2/21/2017 12:12] [] ACTIVATE USER ACCESS RIGHT
[] [2/21/2017 12:15] [] USER = ADMIN IS ACTIVE
[ADMIN] [2/21/2017 12:15] [] USER ID = 1 LOGIN SUCCESSFULLY
[ADMIN] [2/21/2017 12:15] [] ACTIVATE USER ACCESS RIGHT
[ADMIN] [2/21/2017 12:15] [] DISPLAY ADMIN FORM
[ADMIN] [2/21/2017 12:15] [] adminForm Load
[ADMIN] [2/21/2017 12:15] [] ACTIVATE USER ACCESS RIGHT
[ADMIN] [2/21/2017 12:15] [TAMBAH TRANSAKSI HARIAN] LOAD DATA TRANSAKSI
[ADMIN] [2/21/2017 12:16] [] USER ID = 1LOGOUT
