[] [2/8/2017 13:25] [] USER = ADMIN IS ACTIVE
[ADMIN] [2/8/2017 13:25] [] USER ID = 1 LOGIN SUCCESSFULLY
[ADMIN] [2/8/2017 13:25] [] ACTIVATE USER ACCESS RIGHT
[ADMIN] [2/8/2017 13:25] [] DISPLAY ADMIN FORM
[ADMIN] [2/8/2017 13:25] [] adminForm Load
[ADMIN] [2/8/2017 13:25] [] ACTIVATE USER ACCESS RIGHT
[ADMIN] [2/8/2017 13:25] [PENJUALAN] CASHIER FORM : REGISTER HOTKEY
[ADMIN] [2/8/2017 13:25] [PENJUALAN] CASHIER FORM : cashierForm_Load, ATTEMPT TO LOAD NO FAKTUR
[ADMIN] [2/8/2017 13:25] [PENJUALAN] CASHIER FORM : loadNoFaktur, noFakturValue [SLO001]
[ADMIN] [2/8/2017 13:25] [PENJUALAN] CASHIER FORM : cashierForm_Load, ATTEMPT TO addColumnToDataGrid
[ADMIN] [2/8/2017 13:25] [PENJUALAN] CASHIER FORM : UPDATE ROW NUMBER, TOTAL ROW [1]
[ADMIN] [2/8/2017 13:25] [PENJUALAN] CASHIER FORM : calculateTotal
[ADMIN] [2/8/2017 13:25] [PENJUALAN] CASHIER FORM : calculateTotal [0]
[ADMIN] [2/8/2017 13:25] [PENJUALAN] CASHIER FORM : calculateTotal, totalAfterDisc [0]
[ADMIN] [2/8/2017 13:25] [PENJUALAN] CASHIER FORM : calculateChangeValue, bayarTextBox.Text [0]
[ADMIN] [2/8/2017 13:25] [PENJUALAN] CASHIER FORM : calculateChangeValue, sisaBayar [0]
[ADMIN] [2/8/2017 13:25] [PENJUALAN] CASHIER FORM : ADD NEW ROW,  isActive [True]
[ADMIN] [2/8/2017 13:25] [PENJUALAN] CASHIER FORM : ADD NEW ROW,  ROW COUNT [0]
[ADMIN] [2/8/2017 13:25] [PENJUALAN] CASHIER FORM : ADD NEW ROW,  ALLOW TO ADD [True]
[ADMIN] [2/8/2017 13:25] [PENJUALAN] CASHIER FORM : UPDATE ROW NUMBER, TOTAL ROW [1]
[ADMIN] [2/8/2017 13:25] [PENJUALAN] CASHIER FORM : UPDATE ROW NUMBER, TOTAL ROW [2]
[ADMIN] [2/8/2017 13:25] [PENJUALAN] CASHIER FORM : cashierDataGridView_CellValueChanged [F8]
[ADMIN] [2/8/2017 13:25] [PENJUALAN] CASHIER FORM : REGISTER HOTKEY
[ADMIN] [2/8/2017 13:25] [PENJUALAN] CASHIER FORM : cashierDataGridView_CellValueChanged [disc1]
[ADMIN] [2/8/2017 13:25] [PENJUALAN] CASHIER FORM : cashierDataGridView_CellValueChanged, previousInput [0]
[ADMIN] [2/8/2017 13:25] [PENJUALAN] CASHIER FORM : cashierDataGridView_CellValueChanged, cellValue [1]
[ADMIN] [2/8/2017 13:25] [PENJUALAN] CASHIER FORM : cashierDataGridView_CellValueChanged, dataGridViewTextBoxEditingControl.Text pass REGEX Checking
[ADMIN] [2/8/2017 13:25] [PENJUALAN] CASHIER FORM : CALCULATE SUBTOTAL
[ADMIN] [2/8/2017 13:25] [PENJUALAN] CASHIER FORM : SUBTOTAL [69300]
[ADMIN] [2/8/2017 13:25] [PENJUALAN] CASHIER FORM : cashierDataGridView_CellValueChanged, subtotal value [69300]
[ADMIN] [2/8/2017 13:25] [PENJUALAN] CASHIER FORM : cashierDataGridView_CellValueChanged, attempt to calculate total value
[ADMIN] [2/8/2017 13:25] [PENJUALAN] CASHIER FORM : calculateTotal
[ADMIN] [2/8/2017 13:25] [PENJUALAN] CASHIER FORM : calculateTotal [69300]
[ADMIN] [2/8/2017 13:25] [PENJUALAN] CASHIER FORM : calculateTotal, totalAfterDisc [69300]
[ADMIN] [2/8/2017 13:25] [PENJUALAN] CASHIER FORM : calculateChangeValue, bayarTextBox.Text [Rp70.000]
[ADMIN] [2/8/2017 13:25] [PENJUALAN] CASHIER FORM : calculateChangeValue, sisaBayar [700]
[ADMIN] [2/8/2017 13:25] [PENJUALAN] CASHIER FORM : Combobox_KeyUp, cashierDataGridView.CurrentCell.OwningColumn.Name  [disc1]
[ADMIN] [2/8/2017 13:25] [PENJUALAN] CASHIER FORM : Combobox_KeyUp, cashierDataGridView.CurrentCell.OwningColumn.Name  [disc1]
[ADMIN] [2/8/2017 13:25] [PENJUALAN] CASHIER FORM : cashierDataGridView_CellValueChanged [disc1]
[ADMIN] [2/8/2017 13:25] [PENJUALAN] CASHIER FORM : cashierDataGridView_CellValueChanged, previousInput [1]
[ADMIN] [2/8/2017 13:25] [PENJUALAN] CASHIER FORM : cashierDataGridView_CellValueChanged, dataGridViewTextBoxEditingControl.Text pass REGEX Checking
[ADMIN] [2/8/2017 13:25] [PENJUALAN] CASHIER FORM : CALCULATE SUBTOTAL
[ADMIN] [2/8/2017 13:25] [PENJUALAN] CASHIER FORM : SUBTOTAL [63000]
[ADMIN] [2/8/2017 13:25] [PENJUALAN] CASHIER FORM : cashierDataGridView_CellValueChanged, subtotal value [63000]
[ADMIN] [2/8/2017 13:25] [PENJUALAN] CASHIER FORM : cashierDataGridView_CellValueChanged, attempt to calculate total value
[ADMIN] [2/8/2017 13:25] [PENJUALAN] CASHIER FORM : calculateTotal
[ADMIN] [2/8/2017 13:25] [PENJUALAN] CASHIER FORM : calculateTotal [63000]
[ADMIN] [2/8/2017 13:25] [PENJUALAN] CASHIER FORM : calculateTotal, totalAfterDisc [63000]
[ADMIN] [2/8/2017 13:25] [PENJUALAN] CASHIER FORM : calculateChangeValue, bayarTextBox.Text [Rp70.000]
[ADMIN] [2/8/2017 13:25] [PENJUALAN] CASHIER FORM : calculateChangeValue, sisaBayar [7000]
[ADMIN] [2/8/2017 13:25] [PENJUALAN] CASHIER FORM : Combobox_KeyUp, cashierDataGridView.CurrentCell.OwningColumn.Name  [disc1]
[ADMIN] [2/8/2017 13:25] [PENJUALAN] CASHIER FORM : Combobox_KeyUp, cashierDataGridView.CurrentCell.OwningColumn.Name  [disc1]
[ADMIN] [2/8/2017 13:25] [PENJUALAN] CASHIER FORM : HOTKEY TO SAVE AND PRINT OUT INVOICE PRESSED
[ADMIN] [2/8/2017 13:25] [PENJUALAN] CASHIER FORM : UNREGISTER HOTKEY
[ADMIN] [2/8/2017 13:25] [PENJUALAN] CASHIER FORM : REGISTER HOTKEY
[ADMIN] [2/8/2017 13:25] [PENJUALAN] ATTEMPT TO SAVE AND PRINT OUT INVOICE
[ADMIN] [2/8/2017 13:25] [PENJUALAN] CASHIER FORM : UNREGISTER HOTKEY
[ADMIN] [2/8/2017 13:25] [PENJUALAN] CASHIER FORM : REGISTER HOTKEY
[ADMIN] [2/8/2017 13:25] [PENJUALAN] CASHIER FORM : UNREGISTER HOTKEY
[ADMIN] [2/8/2017 13:25] [PENJUALAN] CASHIER FORM : ATTEMPT TO SAVE SALES DATA [08-02-2017 13:25]
[ADMIN] [2/8/2017 13:25] [PENJUALAN] CASHIER FORM : SALES DISC FINAL [0]
[ADMIN] [2/8/2017 13:25] [PENJUALAN] CASHIER FORM : CASH SALES
[ADMIN] [2/8/2017 13:25] [PENJUALAN] RETURN SALES DETAIL EXPIRY AMOUNT [SLO001-1]
[ADMIN] [2/8/2017 13:25] [PENJUALAN] RETURN SALES DETAIL AMOUNT [SLO001-1]
[ADMIN] [2/8/2017 13:25] [PENJUALAN] UPDATE SALES HEADER [SLO001-1]
[ADMIN] [2/8/2017 13:25] [PENJUALAN] DELETE SALES DETAIL EXPIRY [SLO001-1]
[ADMIN] [2/8/2017 13:25] [PENJUALAN] DELETE SALES DETAIL[SLO001-1]
[ADMIN] [2/8/2017 13:25] [PENJUALAN] INSERT INTO SALES DETAIL[ALPO-P1, 35000, 2]
[ADMIN] [2/8/2017 13:25] [PENJUALAN] REDUCE STOCK AT MASTER PRODUCT [ALPO-P1]
[ADMIN] [2/8/2017 13:25] [PENJUALAN] REDUCE STOCK AT PRODUCT_EXPIRY LOT [1]
[ADMIN] [2/8/2017 13:25] [PENJUALAN] SAVE PRODUCT LOT INFORMATION FOR EACH ITEM AND AMOUNT
[ADMIN] [2/8/2017 13:25] [PENJUALAN] UPDATE CREDIT TABLE [SLO001-1]
[ADMIN] [2/8/2017 13:25] [PENJUALAN] INSERT TO DAILY JOURNAL TABLE [7000]
[ADMIN] [2/8/2017 13:25] [PENJUALAN] CASHIER FORM : REGISTER HOTKEY
[ADMIN] [2/8/2017 13:25] [PENJUALAN] TRANSACTION SAVED
[ADMIN] [2/8/2017 13:25] [PENJUALAN] PRINT OUT INVOICE
[ADMIN] [2/8/2017 13:25] [PENJUALAN] CASHIER FORM : PrintReceipt
[ADMIN] [2/8/2017 13:25] [PENJUALAN] CASHIER FORM : PrintReceipt, POS size Paper
[ADMIN] [2/8/2017 13:25] [PENJUALAN] CASHIER FORM : loadInfoToko
[ADMIN] [2/8/2017 13:25] [PENJUALAN] CASHIER FORM : calculatePageLength, totalLengthPage [369]
[ADMIN] [2/8/2017 13:25] [PENJUALAN] CASHIER FORM : printDocument1_PrintPage, print POS size receipt
[ADMIN] [2/8/2017 13:25] [PENJUALAN] CASHIER FORM : loadInfoToko
[ADMIN] [2/8/2017 13:26] [PENJUALAN] CASHIER FORM : loadNamaUser
[ADMIN] [2/8/2017 13:26] [PENJUALAN] CASHIER FORM : UNREGISTER HOTKEY
[ADMIN] [2/8/2017 13:26] [PENJUALAN] CASHIER FORM : REGISTER HOTKEY
[ADMIN] [2/8/2017 13:26] [PENJUALAN] CASHIER FORM : UPDATE ROW NUMBER, TOTAL ROW [1]
[ADMIN] [2/8/2017 13:26] [PENJUALAN] CASHIER FORM : UNREGISTER HOTKEY
[ADMIN] [2/8/2017 13:26] [PENJUALAN] CASHIER FORM : UNREGISTER HOTKEY
[] [2/8/2017 14:55] [] USER = ADMIN IS ACTIVE
[ADMIN] [2/8/2017 14:55] [] USER ID = 1 LOGIN SUCCESSFULLY
[ADMIN] [2/8/2017 14:55] [] ACTIVATE USER ACCESS RIGHT
[ADMIN] [2/8/2017 14:55] [] DISPLAY ADMIN FORM
[ADMIN] [2/8/2017 14:55] [] adminForm Load
[ADMIN] [2/8/2017 14:55] [] ACTIVATE USER ACCESS RIGHT
[ADMIN] [2/8/2017 14:56] [TAMBAH / UPDATE PRODUK] UPDATE CURRENT PRODUCT DATA [B-4104]
[ADMIN] [2/8/2017 14:56] [TAMBAH / UPDATE PRODUK] UPDATE PRODUCT CATEGORY FOR [B-4104]
[ADMIN] [2/8/2017 14:56] [TAMBAH / UPDATE PRODUK] DELETE CURRENT PRODUCT CATEGORY FOR [B-4104]
[ADMIN] [2/8/2017 14:56] [TAMBAH / UPDATE PRODUK] INSERT PRODUCT CATEGORY FOR [B-4104]
[ADMIN] [2/8/2017 14:56] [PENERIMAAN BARANG] INSERT TO PRODUCT EXPIRY [B-4104]
[ADMIN] [2/8/2017 14:56] [] USER ID = 1LOGOUT
