[] [6/10/2017 23:46] [] USER = ADMIN IS ACTIVE
[ADMIN] [6/10/2017 23:46] [] USER ID = 1 LOGIN SUCCESSFULLY
[ADMIN] [6/10/2017 23:46] [] ACTIVATE USER ACCESS RIGHT
[ADMIN] [6/10/2017 23:46] [] DISPLAY ADMIN FORM
[ADMIN] [6/10/2017 23:46] [] adminForm Load
[ADMIN] [6/10/2017 23:46] [] ACTIVATE USER ACCESS RIGHT
[ADMIN] [6/10/2017 23:46] [TAMBAH / UPDATE PRODUK] deleteCurrentRow [0]
[ADMIN] [6/10/2017 23:46] [TAMBAH / UPDATE PRODUK] deleteCurrentRow [1]
[ADMIN] [6/10/2017 23:46] [TAMBAH / UPDATE PRODUK] deleteCurrentRow [2]
[ADMIN] [6/10/2017 23:46] [TAMBAH / UPDATE PRODUK] DETAIL PRODUK : detailGridView_CellValueChanged [lotID]
[ADMIN] [6/10/2017 23:46] [TAMBAH / UPDATE PRODUK] DETAIL PRODUK : detailGridView_CellValueChanged [qty]
[ADMIN] [6/10/2017 23:46] [TAMBAH / UPDATE PRODUK] DETAIL PRODUK : detailGridView_CellValueChanged [expiryDate]
[ADMIN] [6/10/2017 23:46] [TAMBAH / UPDATE PRODUK] DETAIL PRODUK : detailGridView_CellValueChanged [expiryDateValue]
[ADMIN] [6/10/2017 23:47] [TAMBAH / UPDATE PRODUK] deleteCurrentRow [0]
[ADMIN] [6/10/2017 23:47] [TAMBAH / UPDATE PRODUK] deleteCurrentRow [1]
[ADMIN] [6/10/2017 23:47] [TAMBAH / UPDATE PRODUK] deleteCurrentRow [2]
[ADMIN] [6/10/2017 23:47] [TAMBAH / UPDATE PRODUK] DETAIL PRODUK : detailGridView_CellValueChanged [lotID]
[ADMIN] [6/10/2017 23:47] [TAMBAH / UPDATE PRODUK] DETAIL PRODUK : detailGridView_CellValueChanged [qty]
[ADMIN] [6/10/2017 23:47] [TAMBAH / UPDATE PRODUK] DETAIL PRODUK : detailGridView_CellValueChanged [expiryDate]
[ADMIN] [6/10/2017 23:47] [TAMBAH / UPDATE PRODUK] DETAIL PRODUK : detailGridView_CellValueChanged [expiryDateValue]
[] [6/10/2017 23:49] [] USER = ADMIN IS ACTIVE
[ADMIN] [6/10/2017 23:49] [] USER ID = 1 LOGIN SUCCESSFULLY
[ADMIN] [6/10/2017 23:49] [] ACTIVATE USER ACCESS RIGHT
[ADMIN] [6/10/2017 23:49] [] DISPLAY ADMIN FORM
[ADMIN] [6/10/2017 23:49] [] adminForm Load
[ADMIN] [6/10/2017 23:49] [] ACTIVATE USER ACCESS RIGHT
[ADMIN] [6/10/2017 23:49] [TAMBAH / UPDATE PRODUK] deleteCurrentRow [0]
[ADMIN] [6/10/2017 23:49] [TAMBAH / UPDATE PRODUK] deleteCurrentRow [1]
[ADMIN] [6/10/2017 23:49] [TAMBAH / UPDATE PRODUK] deleteCurrentRow [2]
[ADMIN] [6/10/2017 23:49] [TAMBAH / UPDATE PRODUK] DETAIL PRODUK : detailGridView_CellValueChanged [lotID]
[ADMIN] [6/10/2017 23:49] [TAMBAH / UPDATE PRODUK] DETAIL PRODUK : detailGridView_CellValueChanged [qty]
[ADMIN] [6/10/2017 23:49] [TAMBAH / UPDATE PRODUK] DETAIL PRODUK : detailGridView_CellValueChanged [expiryDate]
[ADMIN] [6/10/2017 23:49] [TAMBAH / UPDATE PRODUK] DETAIL PRODUK : detailGridView_CellValueChanged [expiryDateValue]
[] [6/10/2017 23:51] [] USER = ADMIN IS ACTIVE
[ADMIN] [6/10/2017 23:51] [] USER ID = 1 LOGIN SUCCESSFULLY
[ADMIN] [6/10/2017 23:51] [] ACTIVATE USER ACCESS RIGHT
[ADMIN] [6/10/2017 23:51] [] DISPLAY ADMIN FORM
[ADMIN] [6/10/2017 23:51] [] adminForm Load
[ADMIN] [6/10/2017 23:51] [] ACTIVATE USER ACCESS RIGHT
[ADMIN] [6/10/2017 23:51] [TAMBAH / UPDATE PRODUK] deleteCurrentRow [0]
[ADMIN] [6/10/2017 23:51] [TAMBAH / UPDATE PRODUK] deleteCurrentRow [1]
[ADMIN] [6/10/2017 23:51] [TAMBAH / UPDATE PRODUK] deleteCurrentRow [2]
[ADMIN] [6/10/2017 23:51] [TAMBAH / UPDATE PRODUK] deleteCurrentRow [3]
[ADMIN] [6/10/2017 23:51] [TAMBAH / UPDATE PRODUK] deleteCurrentRow [4]
[ADMIN] [6/10/2017 23:51] [TAMBAH / UPDATE PRODUK] DETAIL PRODUK : detailGridView_CellValueChanged [lotID]
[ADMIN] [6/10/2017 23:51] [TAMBAH / UPDATE PRODUK] DETAIL PRODUK : detailGridView_CellValueChanged [status]
[ADMIN] [6/10/2017 23:51] [TAMBAH / UPDATE PRODUK] DETAIL PRODUK : detailGridView_CellValueChanged [qty]
[ADMIN] [6/10/2017 23:51] [TAMBAH / UPDATE PRODUK] DETAIL PRODUK : detailGridView_CellValueChanged [expiryDate]
[ADMIN] [6/10/2017 23:51] [TAMBAH / UPDATE PRODUK] DETAIL PRODUK : detailGridView_CellValueChanged [expiryDateValue]
[] [6/10/2017 23:52] [] USER = ADMIN IS ACTIVE
[ADMIN] [6/10/2017 23:52] [] USER ID = 1 LOGIN SUCCESSFULLY
[ADMIN] [6/10/2017 23:52] [] ACTIVATE USER ACCESS RIGHT
[ADMIN] [6/10/2017 23:52] [] DISPLAY ADMIN FORM
[ADMIN] [6/10/2017 23:52] [] adminForm Load
[ADMIN] [6/10/2017 23:52] [] ACTIVATE USER ACCESS RIGHT
[ADMIN] [6/10/2017 23:53] [TAMBAH / UPDATE PRODUK] deleteCurrentRow [0]
[ADMIN] [6/10/2017 23:53] [TAMBAH / UPDATE PRODUK] deleteCurrentRow [1]
[ADMIN] [6/10/2017 23:53] [TAMBAH / UPDATE PRODUK] deleteCurrentRow [2]
[ADMIN] [6/10/2017 23:53] [TAMBAH / UPDATE PRODUK] deleteCurrentRow [3]
[ADMIN] [6/10/2017 23:53] [TAMBAH / UPDATE PRODUK] deleteCurrentRow [4]
[ADMIN] [6/10/2017 23:53] [TAMBAH / UPDATE PRODUK] DETAIL PRODUK : detailGridView_CellValueChanged [lotID]
[ADMIN] [6/10/2017 23:53] [TAMBAH / UPDATE PRODUK] DETAIL PRODUK : detailGridView_CellValueChanged [qty]
[ADMIN] [6/10/2017 23:53] [TAMBAH / UPDATE PRODUK] DETAIL PRODUK : detailGridView_CellValueChanged [expiryDate]
[ADMIN] [6/10/2017 23:53] [TAMBAH / UPDATE PRODUK] DETAIL PRODUK : detailGridView_CellValueChanged [expiryDateValue]
[] [6/10/2017 23:56] [] USER = ADMIN IS ACTIVE
[ADMIN] [6/10/2017 23:56] [] USER ID = 1 LOGIN SUCCESSFULLY
[ADMIN] [6/10/2017 23:56] [] ACTIVATE USER ACCESS RIGHT
[ADMIN] [6/10/2017 23:56] [] DISPLAY ADMIN FORM
[ADMIN] [6/10/2017 23:56] [] adminForm Load
[ADMIN] [6/10/2017 23:56] [] ACTIVATE USER ACCESS RIGHT
[ADMIN] [6/10/2017 23:56] [TAMBAH / UPDATE PRODUK] deleteCurrentRow [0]
[ADMIN] [6/10/2017 23:57] [TAMBAH / UPDATE PRODUK] deleteCurrentRow [1]
[ADMIN] [6/10/2017 23:57] [TAMBAH / UPDATE PRODUK] deleteCurrentRow [2]
[ADMIN] [6/10/2017 23:57] [TAMBAH / UPDATE PRODUK] deleteCurrentRow [3]
[ADMIN] [6/10/2017 23:57] [TAMBAH / UPDATE PRODUK] deleteCurrentRow [4]
[ADMIN] [6/10/2017 23:57] [TAMBAH / UPDATE PRODUK] DETAIL PRODUK : detailGridView_CellValueChanged [lotID]
[ADMIN] [6/10/2017 23:57] [TAMBAH / UPDATE PRODUK] DETAIL PRODUK : detailGridView_CellValueChanged [qty]
[ADMIN] [6/10/2017 23:57] [TAMBAH / UPDATE PRODUK] DETAIL PRODUK : detailGridView_CellValueChanged [expiryDate]
[ADMIN] [6/10/2017 23:57] [TAMBAH / UPDATE PRODUK] DETAIL PRODUK : detailGridView_CellValueChanged [expiryDateValue]
[ADMIN] [6/10/2017 23:57] [] USER ID = 1LOGOUT
