[] [4/13/2017 09:41] [] USER = ADMIN IS ACTIVE
[ADMIN] [4/13/2017 09:41] [] USER ID = 1 LOGIN SUCCESSFULLY
[ADMIN] [4/13/2017 09:41] [] ACTIVATE USER ACCESS RIGHT
[ADMIN] [4/13/2017 09:41] [] DISPLAY ADMIN FORM
[ADMIN] [4/13/2017 09:41] [] adminForm Load
[ADMIN] [4/13/2017 09:41] [] ACTIVATE USER ACCESS RIGHT
[ADMIN] [4/13/2017 09:41] [PENJUALAN] CASHIER FORM : REGISTER HOTKEY
[ADMIN] [4/13/2017 09:41] [PENJUALAN] CASHIER FORM : cashierForm_Load, ATTEMPT TO LOAD NO FAKTUR
[ADMIN] [4/13/2017 09:41] [PENJUALAN] CASHIER FORM : loadNoFaktur, noFakturValue [SLO001]
[ADMIN] [4/13/2017 09:41] [PENJUALAN] CASHIER FORM : cashierForm_Load, ATTEMPT TO addColumnToDataGrid
[ADMIN] [4/13/2017 09:41] [PENJUALAN] CASHIER FORM : UPDATE ROW NUMBER, TOTAL ROW [1]
[ADMIN] [4/13/2017 09:41] [PENJUALAN] CASHIER FORM : calculateTotal
[ADMIN] [4/13/2017 09:41] [PENJUALAN] CASHIER FORM : calculateTotal [0]
[ADMIN] [4/13/2017 09:41] [PENJUALAN] CASHIER FORM : calculateTotal, totalAfterDisc [0]
[ADMIN] [4/13/2017 09:41] [PENJUALAN] CASHIER FORM : calculateChangeValue, bayarTextBox.Text [0]
[ADMIN] [4/13/2017 09:41] [PENJUALAN] CASHIER FORM : calculateChangeValue, sisaBayar [0]
[ADMIN] [4/13/2017 09:41] [PENJUALAN] CASHIER FORM : ADD NEW ROW,  isActive [True]
[ADMIN] [4/13/2017 09:41] [PENJUALAN] CASHIER FORM : ADD NEW ROW,  ROW COUNT [0]
[ADMIN] [4/13/2017 09:41] [PENJUALAN] CASHIER FORM : ADD NEW ROW,  ALLOW TO ADD [True]
[ADMIN] [4/13/2017 09:41] [PENJUALAN] CASHIER FORM : UPDATE ROW NUMBER, TOTAL ROW [1]
[ADMIN] [4/13/2017 09:41] [PENJUALAN] CASHIER FORM : UPDATE ROW NUMBER, TOTAL ROW [2]
[ADMIN] [4/13/2017 09:41] [PENJUALAN] CASHIER FORM : cashierDataGridView_CellValueChanged [F8]
[ADMIN] [4/13/2017 09:41] [PENJUALAN] CASHIER FORM : REGISTER HOTKEY
[ADMIN] [4/13/2017 09:41] [PENJUALAN] CASHIER FORM : Combobox_previewKeyDown, cashierDataGridView.CurrentCell.OwningColumn.Name  [productID]
[ADMIN] [4/13/2017 09:41] [PENJUALAN] CASHIER FORM : Combobox_KeyUp, cashierDataGridView.CurrentCell.OwningColumn.Name  [productID]
[ADMIN] [4/13/2017 09:42] [PENJUALAN] CASHIER FORM : HOTKEY TO SAVE AND PRINT OUT INVOICE PRESSED
[ADMIN] [4/13/2017 09:42] [PENJUALAN] CASHIER FORM : UNREGISTER HOTKEY
[ADMIN] [4/13/2017 09:42] [PENJUALAN] CASHIER FORM : REGISTER HOTKEY
[ADMIN] [4/13/2017 09:42] [PENJUALAN] ATTEMPT TO SAVE AND PRINT OUT INVOICE
[ADMIN] [4/13/2017 09:42] [PENJUALAN] CASHIER FORM : UNREGISTER HOTKEY
[ADMIN] [4/13/2017 09:42] [PENJUALAN] CASHIER FORM : REGISTER HOTKEY
[ADMIN] [4/13/2017 09:42] [PENJUALAN] CASHIER FORM : ChangePrinterButton_Click, DISPLAY PRINTER SELECTION FORM
[ADMIN] [4/13/2017 09:42] [PENJUALAN] CASHIER FORM : UNREGISTER HOTKEY
[ADMIN] [4/13/2017 09:42] [PENGATURAN PRINTER] PAPER SIZE CHANGED [0]
[ADMIN] [4/13/2017 09:42] [PENGATURAN PRINTER] DEFAULT PRINTER CHANGED [Microsoft Print to PDF]
[ADMIN] [4/13/2017 09:42] [PENJUALAN] CASHIER FORM : REGISTER HOTKEY
[ADMIN] [4/13/2017 09:42] [PENJUALAN] CASHIER FORM : HOTKEY TO SAVE AND PRINT OUT INVOICE PRESSED
[ADMIN] [4/13/2017 09:42] [PENJUALAN] CASHIER FORM : UNREGISTER HOTKEY
[ADMIN] [4/13/2017 09:42] [PENJUALAN] CASHIER FORM : REGISTER HOTKEY
[ADMIN] [4/13/2017 09:42] [PENJUALAN] ATTEMPT TO SAVE AND PRINT OUT INVOICE
[ADMIN] [4/13/2017 09:42] [PENJUALAN] CASHIER FORM : UNREGISTER HOTKEY
[ADMIN] [4/13/2017 09:42] [PENJUALAN] CASHIER FORM : REGISTER HOTKEY
[ADMIN] [4/13/2017 09:42] [PENJUALAN] CASHIER FORM : UNREGISTER HOTKEY
[ADMIN] [4/13/2017 09:42] [PENJUALAN] CASHIER FORM : ATTEMPT TO SAVE SALES DATA [13-04-2017 09:42]
[ADMIN] [4/13/2017 09:42] [PENJUALAN] CASHIER FORM : SALES DISC FINAL [0]
[ADMIN] [4/13/2017 09:42] [PENJUALAN] CASHIER FORM : CASH SALES
[ADMIN] [4/13/2017 09:42] [PENJUALAN] RETURN SALES DETAIL EXPIRY AMOUNT [SLO001-2]
[ADMIN] [4/13/2017 09:42] [PENJUALAN] RETURN SALES DETAIL AMOUNT [SLO001-2]
[ADMIN] [4/13/2017 09:42] [PENJUALAN] UPDATE SALES HEADER [SLO001-2]
[ADMIN] [4/13/2017 09:42] [PENJUALAN] DELETE SALES DETAIL EXPIRY [SLO001-2]
[ADMIN] [4/13/2017 09:42] [PENJUALAN] DELETE SALES DETAIL[SLO001-2]
[ADMIN] [4/13/2017 09:42] [PENJUALAN] SAVE TO SALES REVISI HISTORY [SLO001-2]
[ADMIN] [4/13/2017 09:42] [PENJUALAN] INSERT INTO SALES DETAIL[PF-102, 5500, 10]
[ADMIN] [4/13/2017 09:42] [PENJUALAN] REDUCE STOCK AT MASTER PRODUCT [PF-102]
[ADMIN] [4/13/2017 09:42] [PENJUALAN] REDUCE STOCK AT PRODUCT_EXPIRY LOT [231]
[ADMIN] [4/13/2017 09:42] [PENJUALAN] SAVE PRODUCT LOT INFORMATION FOR EACH ITEM AND AMOUNT
[ADMIN] [4/13/2017 09:42] [PENJUALAN] UPDATE CREDIT TABLE [SLO001-2]
[ADMIN] [4/13/2017 09:42] [PENJUALAN] INSERT TO DAILY JOURNAL TABLE [0]
[ADMIN] [4/13/2017 09:42] [PENJUALAN] CASHIER FORM : REGISTER HOTKEY
[ADMIN] [4/13/2017 09:42] [PENJUALAN] TRANSACTION SAVED
[ADMIN] [4/13/2017 09:42] [PENJUALAN] PRINT OUT INVOICE
[ADMIN] [4/13/2017 09:42] [PENJUALAN] CASHIER FORM : PrintReceipt
[ADMIN] [4/13/2017 09:42] [PENJUALAN] CASHIER FORM : PrintReceipt, POS size Paper
[ADMIN] [4/13/2017 09:42] [PENJUALAN] CASHIER FORM : loadInfoToko
[ADMIN] [4/13/2017 09:42] [PENJUALAN] CASHIER FORM : calculatePageLength, totalLengthPage [355]
[ADMIN] [4/13/2017 09:42] [PENJUALAN] CASHIER FORM : UNREGISTER HOTKEY
[ADMIN] [4/13/2017 09:42] [PENJUALAN] CASHIER FORM : REGISTER HOTKEY
[ADMIN] [4/13/2017 09:42] [PENJUALAN] CASHIER FORM : UNREGISTER HOTKEY
[ADMIN] [4/13/2017 09:42] [PENJUALAN] CASHIER FORM : printDocument1_PrintPage, print POS size receipt
[ADMIN] [4/13/2017 09:42] [PENJUALAN] CASHIER FORM : loadInfoToko
[ADMIN] [4/13/2017 09:42] [PENJUALAN] CASHIER FORM : loadNamaUser
[ADMIN] [4/13/2017 09:42] [PENJUALAN] CASHIER FORM : UPDATE ROW NUMBER, TOTAL ROW [1]
[ADMIN] [4/13/2017 09:42] [PENJUALAN] CASHIER FORM : REGISTER HOTKEY
[ADMIN] [4/13/2017 09:42] [PENJUALAN] CASHIER FORM : UNREGISTER HOTKEY
[ADMIN] [4/13/2017 09:42] [PENJUALAN] CASHIER FORM : UNREGISTER HOTKEY
[ADMIN] [4/13/2017 09:42] [PENJUALAN] CASHIER FORM : REGISTER HOTKEY
[ADMIN] [4/13/2017 09:42] [PENJUALAN] CASHIER FORM : cashierForm_Load, ATTEMPT TO LOAD NO FAKTUR
[ADMIN] [4/13/2017 09:42] [PENJUALAN] CASHIER FORM : loadNoFaktur, noFakturValue [SLO001]
[ADMIN] [4/13/2017 09:42] [PENJUALAN] CASHIER FORM : cashierForm_Load, ATTEMPT TO addColumnToDataGrid
[ADMIN] [4/13/2017 09:42] [PENJUALAN] CASHIER FORM : UPDATE ROW NUMBER, TOTAL ROW [1]
[ADMIN] [4/13/2017 09:42] [PENJUALAN] CASHIER FORM : calculateTotal
[ADMIN] [4/13/2017 09:42] [PENJUALAN] CASHIER FORM : calculateTotal [0]
[ADMIN] [4/13/2017 09:42] [PENJUALAN] CASHIER FORM : calculateTotal, totalAfterDisc [0]
[ADMIN] [4/13/2017 09:42] [PENJUALAN] CASHIER FORM : calculateChangeValue, bayarTextBox.Text [0]
[ADMIN] [4/13/2017 09:42] [PENJUALAN] CASHIER FORM : calculateChangeValue, sisaBayar [0]
[ADMIN] [4/13/2017 09:42] [PENJUALAN] CASHIER FORM : ADD NEW ROW,  isActive [True]
[ADMIN] [4/13/2017 09:42] [PENJUALAN] CASHIER FORM : ADD NEW ROW,  ROW COUNT [0]
[ADMIN] [4/13/2017 09:42] [PENJUALAN] CASHIER FORM : ADD NEW ROW,  ALLOW TO ADD [True]
[ADMIN] [4/13/2017 09:42] [PENJUALAN] CASHIER FORM : UPDATE ROW NUMBER, TOTAL ROW [1]
[ADMIN] [4/13/2017 09:42] [PENJUALAN] CASHIER FORM : UPDATE ROW NUMBER, TOTAL ROW [2]
[ADMIN] [4/13/2017 09:42] [PENJUALAN] CASHIER FORM : cashierDataGridView_CellValueChanged [F8]
[ADMIN] [4/13/2017 09:42] [PENJUALAN] CASHIER FORM : REGISTER HOTKEY
[ADMIN] [4/13/2017 09:42] [PENJUALAN] CASHIER FORM : ChangePrinterButton_Click, DISPLAY PRINTER SELECTION FORM
[ADMIN] [4/13/2017 09:43] [PENJUALAN] CASHIER FORM : UNREGISTER HOTKEY
[ADMIN] [4/13/2017 09:43] [PENGATURAN PRINTER] PAPER SIZE CHANGED [1]
[ADMIN] [4/13/2017 09:43] [PENGATURAN PRINTER] DEFAULT PRINTER CHANGED [Microsoft Print to PDF]
[ADMIN] [4/13/2017 09:43] [PENJUALAN] CASHIER FORM : REGISTER HOTKEY
[ADMIN] [4/13/2017 09:43] [PENJUALAN] CASHIER FORM : HOTKEY TO SAVE AND PRINT OUT INVOICE PRESSED
[ADMIN] [4/13/2017 09:43] [PENJUALAN] CASHIER FORM : UNREGISTER HOTKEY
[ADMIN] [4/13/2017 09:43] [PENJUALAN] CASHIER FORM : REGISTER HOTKEY
[ADMIN] [4/13/2017 09:43] [PENJUALAN] ATTEMPT TO SAVE AND PRINT OUT INVOICE
[ADMIN] [4/13/2017 09:43] [PENJUALAN] CASHIER FORM : UNREGISTER HOTKEY
[ADMIN] [4/13/2017 09:43] [PENJUALAN] CASHIER FORM : REGISTER HOTKEY
[ADMIN] [4/13/2017 09:43] [PENJUALAN] CASHIER FORM : UNREGISTER HOTKEY
[ADMIN] [4/13/2017 09:43] [PENJUALAN] CASHIER FORM : ATTEMPT TO SAVE SALES DATA [13-04-2017 09:43]
[ADMIN] [4/13/2017 09:43] [PENJUALAN] CASHIER FORM : SALES DISC FINAL [0]
[ADMIN] [4/13/2017 09:43] [PENJUALAN] CASHIER FORM : CASH SALES
[ADMIN] [4/13/2017 09:43] [PENJUALAN] RETURN SALES DETAIL EXPIRY AMOUNT [SLO001-2]
[ADMIN] [4/13/2017 09:43] [PENJUALAN] RETURN SALES DETAIL AMOUNT [SLO001-2]
[ADMIN] [4/13/2017 09:43] [PENJUALAN] UPDATE SALES HEADER [SLO001-2]
[ADMIN] [4/13/2017 09:43] [PENJUALAN] DELETE SALES DETAIL EXPIRY [SLO001-2]
[ADMIN] [4/13/2017 09:43] [PENJUALAN] DELETE SALES DETAIL[SLO001-2]
[ADMIN] [4/13/2017 09:43] [PENJUALAN] SAVE TO SALES REVISI HISTORY [SLO001-2]
[ADMIN] [4/13/2017 09:43] [PENJUALAN] INSERT INTO SALES DETAIL[PF-102, 5500, 10]
[ADMIN] [4/13/2017 09:43] [PENJUALAN] REDUCE STOCK AT MASTER PRODUCT [PF-102]
[ADMIN] [4/13/2017 09:43] [PENJUALAN] REDUCE STOCK AT PRODUCT_EXPIRY LOT [231]
[ADMIN] [4/13/2017 09:43] [PENJUALAN] SAVE PRODUCT LOT INFORMATION FOR EACH ITEM AND AMOUNT
[ADMIN] [4/13/2017 09:43] [PENJUALAN] UPDATE CREDIT TABLE [SLO001-2]
[ADMIN] [4/13/2017 09:43] [PENJUALAN] INSERT TO DAILY JOURNAL TABLE [0]
[ADMIN] [4/13/2017 09:43] [PENJUALAN] CASHIER FORM : REGISTER HOTKEY
[ADMIN] [4/13/2017 09:43] [PENJUALAN] TRANSACTION SAVED
[ADMIN] [4/13/2017 09:43] [PENJUALAN] PRINT OUT INVOICE
[ADMIN] [4/13/2017 09:43] [PENJUALAN] CASHIER FORM : PrintReceipt
[ADMIN] [4/13/2017 09:43] [PENJUALAN] CASHIER FORM : PrintReceipt, papermode [1]
[ADMIN] [4/13/2017 09:43] [PENJUALAN] CASHIER FORM : PrintReceipt, display SalesReceiptForm
[ADMIN] [4/13/2017 09:43] [PENJUALAN] CASHIER FORM : UNREGISTER HOTKEY
[ADMIN] [4/13/2017 09:43] [PENJUALAN] CASHIER FORM : REGISTER HOTKEY
[ADMIN] [4/13/2017 09:43] [PENJUALAN] CASHIER FORM : UNREGISTER HOTKEY
[ADMIN] [4/13/2017 09:43] [PENJUALAN] CASHIER FORM : REGISTER HOTKEY
[ADMIN] [4/13/2017 09:43] [PENJUALAN] CASHIER FORM : UNREGISTER HOTKEY
[ADMIN] [4/13/2017 09:43] [PENJUALAN] CASHIER FORM : REGISTER HOTKEY
[ADMIN] [4/13/2017 09:43] [PENJUALAN] CASHIER FORM : UPDATE ROW NUMBER, TOTAL ROW [1]
[ADMIN] [4/13/2017 09:43] [PENJUALAN] CASHIER FORM : UNREGISTER HOTKEY
[ADMIN] [4/13/2017 09:43] [PENJUALAN] CASHIER FORM : UNREGISTER HOTKEY
[ADMIN] [4/13/2017 09:43] [PENJUALAN] CASHIER FORM : REGISTER HOTKEY
[ADMIN] [4/13/2017 09:43] [PENJUALAN] CASHIER FORM : cashierForm_Load, ATTEMPT TO LOAD NO FAKTUR
[ADMIN] [4/13/2017 09:43] [PENJUALAN] CASHIER FORM : loadNoFaktur, noFakturValue [SLO001]
[ADMIN] [4/13/2017 09:43] [PENJUALAN] CASHIER FORM : cashierForm_Load, ATTEMPT TO addColumnToDataGrid
[ADMIN] [4/13/2017 09:43] [PENJUALAN] CASHIER FORM : UPDATE ROW NUMBER, TOTAL ROW [1]
[ADMIN] [4/13/2017 09:43] [PENJUALAN] CASHIER FORM : calculateTotal
[ADMIN] [4/13/2017 09:43] [PENJUALAN] CASHIER FORM : calculateTotal [0]
[ADMIN] [4/13/2017 09:43] [PENJUALAN] CASHIER FORM : calculateTotal, totalAfterDisc [0]
[ADMIN] [4/13/2017 09:43] [PENJUALAN] CASHIER FORM : calculateChangeValue, bayarTextBox.Text [0]
[ADMIN] [4/13/2017 09:43] [PENJUALAN] CASHIER FORM : calculateChangeValue, sisaBayar [0]
[ADMIN] [4/13/2017 09:43] [PENJUALAN] CASHIER FORM : ADD NEW ROW,  isActive [True]
[ADMIN] [4/13/2017 09:43] [PENJUALAN] CASHIER FORM : ADD NEW ROW,  ROW COUNT [0]
[ADMIN] [4/13/2017 09:43] [PENJUALAN] CASHIER FORM : ADD NEW ROW,  ALLOW TO ADD [True]
[ADMIN] [4/13/2017 09:43] [PENJUALAN] CASHIER FORM : UPDATE ROW NUMBER, TOTAL ROW [1]
[ADMIN] [4/13/2017 09:43] [PENJUALAN] CASHIER FORM : UPDATE ROW NUMBER, TOTAL ROW [2]
[ADMIN] [4/13/2017 09:43] [PENJUALAN] CASHIER FORM : cashierDataGridView_CellValueChanged [F8]
[ADMIN] [4/13/2017 09:43] [PENJUALAN] CASHIER FORM : REGISTER HOTKEY
[ADMIN] [4/13/2017 09:44] [PENJUALAN] CASHIER FORM : cashierDataGridView_CellValueChanged [disc1]
[ADMIN] [4/13/2017 09:44] [PENJUALAN] CASHIER FORM : cashierDataGridView_CellValueChanged, previousInput [1]
[ADMIN] [4/13/2017 09:44] [PENJUALAN] CASHIER FORM : cashierDataGridView_CellValueChanged, dataGridViewTextBoxEditingControl.Text pass REGEX Checking
[ADMIN] [4/13/2017 09:44] [PENJUALAN] CASHIER FORM : CALCULATE SUBTOTAL
[ADMIN] [4/13/2017 09:44] [PENJUALAN] CASHIER FORM : SUBTOTAL [48949]
[ADMIN] [4/13/2017 09:44] [PENJUALAN] CASHIER FORM : cashierDataGridView_CellValueChanged, subtotal value [48949]
[ADMIN] [4/13/2017 09:44] [PENJUALAN] CASHIER FORM : cashierDataGridView_CellValueChanged, attempt to calculate total value
[ADMIN] [4/13/2017 09:44] [PENJUALAN] CASHIER FORM : calculateTotal
[ADMIN] [4/13/2017 09:44] [PENJUALAN] CASHIER FORM : calculateTotal [48949]
[ADMIN] [4/13/2017 09:44] [PENJUALAN] CASHIER FORM : calculateTotal, totalAfterDisc [48949]
[ADMIN] [4/13/2017 09:44] [PENJUALAN] CASHIER FORM : calculateChangeValue, bayarTextBox.Text [Rp53.261]
[ADMIN] [4/13/2017 09:44] [PENJUALAN] CASHIER FORM : calculateChangeValue, sisaBayar [4312]
[ADMIN] [4/13/2017 09:44] [PENJUALAN] CASHIER FORM : Combobox_KeyUp, cashierDataGridView.CurrentCell.OwningColumn.Name  [disc1]
[ADMIN] [4/13/2017 09:44] [PENJUALAN] CASHIER FORM : cashierDataGridView_CellValueChanged [disc1]
[ADMIN] [4/13/2017 09:44] [PENJUALAN] CASHIER FORM : cashierDataGridView_CellValueChanged, previousInput [9]
[ADMIN] [4/13/2017 09:44] [PENJUALAN] CASHIER FORM : cashierDataGridView_CellValueChanged, dataGridViewTextBoxEditingControl.Text pass REGEX Checking
[ADMIN] [4/13/2017 09:44] [PENJUALAN] CASHIER FORM : CALCULATE SUBTOTAL
[ADMIN] [4/13/2017 09:44] [PENJUALAN] CASHIER FORM : SUBTOTAL [439]
[ADMIN] [4/13/2017 09:44] [PENJUALAN] CASHIER FORM : cashierDataGridView_CellValueChanged, subtotal value [439]
[ADMIN] [4/13/2017 09:44] [PENJUALAN] CASHIER FORM : cashierDataGridView_CellValueChanged, attempt to calculate total value
[ADMIN] [4/13/2017 09:44] [PENJUALAN] CASHIER FORM : calculateTotal
[ADMIN] [4/13/2017 09:44] [PENJUALAN] CASHIER FORM : calculateTotal [439]
[ADMIN] [4/13/2017 09:44] [PENJUALAN] CASHIER FORM : calculateTotal, totalAfterDisc [439]
[ADMIN] [4/13/2017 09:44] [PENJUALAN] CASHIER FORM : calculateChangeValue, bayarTextBox.Text [Rp53.261]
[ADMIN] [4/13/2017 09:44] [PENJUALAN] CASHIER FORM : calculateChangeValue, sisaBayar [52822]
[ADMIN] [4/13/2017 09:44] [PENJUALAN] CASHIER FORM : Combobox_KeyUp, cashierDataGridView.CurrentCell.OwningColumn.Name  [disc1]
[ADMIN] [4/13/2017 09:44] [PENJUALAN] CASHIER FORM : cashierDataGridView_CellValueChanged [disc1]
[ADMIN] [4/13/2017 09:44] [PENJUALAN] CASHIER FORM : cashierDataGridView_CellValueChanged, previousInput [99]
[ADMIN] [4/13/2017 09:44] [PENJUALAN] CASHIER FORM : cashierDataGridView_CellValueChanged, dataGridViewTextBoxEditingControl.Text pass REGEX Checking
[ADMIN] [4/13/2017 09:44] [PENJUALAN] CASHIER FORM : CALCULATE SUBTOTAL
[ADMIN] [4/13/2017 09:44] [PENJUALAN] CASHIER FORM : SUBTOTAL [439]
[ADMIN] [4/13/2017 09:44] [PENJUALAN] CASHIER FORM : cashierDataGridView_CellValueChanged, subtotal value [439]
[ADMIN] [4/13/2017 09:44] [PENJUALAN] CASHIER FORM : cashierDataGridView_CellValueChanged, attempt to calculate total value
[ADMIN] [4/13/2017 09:44] [PENJUALAN] CASHIER FORM : calculateTotal
[ADMIN] [4/13/2017 09:44] [PENJUALAN] CASHIER FORM : calculateTotal [439]
[ADMIN] [4/13/2017 09:44] [PENJUALAN] CASHIER FORM : calculateTotal, totalAfterDisc [439]
[ADMIN] [4/13/2017 09:44] [PENJUALAN] CASHIER FORM : calculateChangeValue, bayarTextBox.Text [Rp53.261]
[ADMIN] [4/13/2017 09:44] [PENJUALAN] CASHIER FORM : calculateChangeValue, sisaBayar [52822]
[ADMIN] [4/13/2017 09:44] [PENJUALAN] CASHIER FORM : Combobox_KeyUp, cashierDataGridView.CurrentCell.OwningColumn.Name  [disc1]
[ADMIN] [4/13/2017 09:44] [PENJUALAN] CASHIER FORM : cashierDataGridView_CellValueChanged [disc1]
[ADMIN] [4/13/2017 09:44] [PENJUALAN] CASHIER FORM : cashierDataGridView_CellValueChanged, previousInput [99.]
[ADMIN] [4/13/2017 09:44] [PENJUALAN] CASHIER FORM : cashierDataGridView_CellValueChanged, dataGridViewTextBoxEditingControl.Text pass REGEX Checking
[ADMIN] [4/13/2017 09:44] [PENJUALAN] CASHIER FORM : CALCULATE SUBTOTAL
[ADMIN] [4/13/2017 09:44] [PENJUALAN] CASHIER FORM : SUBTOTAL [-46.1]
[ADMIN] [4/13/2017 09:44] [PENJUALAN] CASHIER FORM : cashierDataGridView_CellValueChanged, subtotal value [-46.1]
[ADMIN] [4/13/2017 09:44] [PENJUALAN] CASHIER FORM : cashierDataGridView_CellValueChanged, attempt to calculate total value
[ADMIN] [4/13/2017 09:44] [PENJUALAN] CASHIER FORM : calculateTotal
[ADMIN] [4/13/2017 09:44] [PENJUALAN] CASHIER FORM : calculateTotal [-46.1]
[ADMIN] [4/13/2017 09:44] [PENJUALAN] CASHIER FORM : calculateTotal, totalAfterDisc [-46.1]
[ADMIN] [4/13/2017 09:44] [PENJUALAN] CASHIER FORM : calculateChangeValue, bayarTextBox.Text [Rp53.261]
[ADMIN] [4/13/2017 09:44] [PENJUALAN] CASHIER FORM : calculateChangeValue, sisaBayar [53307.1]
[ADMIN] [4/13/2017 09:44] [PENJUALAN] CASHIER FORM : Combobox_KeyUp, cashierDataGridView.CurrentCell.OwningColumn.Name  [disc1]
[ADMIN] [4/13/2017 09:44] [PENJUALAN] CASHIER FORM : cashierDataGridView_CellValueChanged [disc1]
[ADMIN] [4/13/2017 09:44] [PENJUALAN] CASHIER FORM : cashierDataGridView_CellValueChanged, previousInput [99.9]
[ADMIN] [4/13/2017 09:44] [PENJUALAN] CASHIER FORM : cashierDataGridView_CellValueChanged, dataGridViewTextBoxEditingControl.Text pass REGEX Checking
[ADMIN] [4/13/2017 09:44] [PENJUALAN] CASHIER FORM : CALCULATE SUBTOTAL
[ADMIN] [4/13/2017 09:44] [PENJUALAN] CASHIER FORM : SUBTOTAL [-94.61]
[ADMIN] [4/13/2017 09:44] [PENJUALAN] CASHIER FORM : cashierDataGridView_CellValueChanged, subtotal value [-94.61]
[ADMIN] [4/13/2017 09:44] [PENJUALAN] CASHIER FORM : cashierDataGridView_CellValueChanged, attempt to calculate total value
[ADMIN] [4/13/2017 09:44] [PENJUALAN] CASHIER FORM : calculateTotal
[ADMIN] [4/13/2017 09:44] [PENJUALAN] CASHIER FORM : calculateTotal [-94.61]
[ADMIN] [4/13/2017 09:44] [PENJUALAN] CASHIER FORM : calculateTotal, totalAfterDisc [-94.61]
[ADMIN] [4/13/2017 09:44] [PENJUALAN] CASHIER FORM : calculateChangeValue, bayarTextBox.Text [Rp53.261]
[ADMIN] [4/13/2017 09:44] [PENJUALAN] CASHIER FORM : calculateChangeValue, sisaBayar [53355.61]
[ADMIN] [4/13/2017 09:44] [PENJUALAN] CASHIER FORM : Combobox_KeyUp, cashierDataGridView.CurrentCell.OwningColumn.Name  [disc1]
[ADMIN] [4/13/2017 09:44] [PENJUALAN] CASHIER FORM : Combobox_KeyUp, cashierDataGridView.CurrentCell.OwningColumn.Name  [disc2]
[ADMIN] [4/13/2017 09:44] [PENJUALAN] CASHIER FORM : cashierDataGridView_CellValueChanged [disc2]
[ADMIN] [4/13/2017 09:44] [PENJUALAN] CASHIER FORM : cashierDataGridView_CellValueChanged, previousInput [2]
[ADMIN] [4/13/2017 09:44] [PENJUALAN] CASHIER FORM : cashierDataGridView_CellValueChanged, dataGridViewTextBoxEditingControl.Text pass REGEX Checking
[ADMIN] [4/13/2017 09:44] [PENJUALAN] CASHIER FORM : CALCULATE SUBTOTAL
[ADMIN] [4/13/2017 09:44] [PENJUALAN] CASHIER FORM : SUBTOTAL [-95]
[ADMIN] [4/13/2017 09:44] [PENJUALAN] CASHIER FORM : cashierDataGridView_CellValueChanged, subtotal value [-95]
[ADMIN] [4/13/2017 09:44] [PENJUALAN] CASHIER FORM : cashierDataGridView_CellValueChanged, attempt to calculate total value
[ADMIN] [4/13/2017 09:44] [PENJUALAN] CASHIER FORM : calculateTotal
[ADMIN] [4/13/2017 09:44] [PENJUALAN] CASHIER FORM : calculateTotal [-95]
[ADMIN] [4/13/2017 09:44] [PENJUALAN] CASHIER FORM : calculateTotal, totalAfterDisc [-95]
[ADMIN] [4/13/2017 09:44] [PENJUALAN] CASHIER FORM : calculateChangeValue, bayarTextBox.Text [Rp53.261]
[ADMIN] [4/13/2017 09:44] [PENJUALAN] CASHIER FORM : calculateChangeValue, sisaBayar [53356]
[ADMIN] [4/13/2017 09:44] [PENJUALAN] CASHIER FORM : Combobox_KeyUp, cashierDataGridView.CurrentCell.OwningColumn.Name  [disc2]
[ADMIN] [4/13/2017 09:44] [PENJUALAN] CASHIER FORM : cashierDataGridView_CellValueChanged [disc2]
[ADMIN] [4/13/2017 09:44] [PENJUALAN] CASHIER FORM : cashierDataGridView_CellValueChanged, previousInput [9]
[ADMIN] [4/13/2017 09:44] [PENJUALAN] CASHIER FORM : cashierDataGridView_CellValueChanged, dataGridViewTextBoxEditingControl.Text pass REGEX Checking
[ADMIN] [4/13/2017 09:44] [PENJUALAN] CASHIER FORM : CALCULATE SUBTOTAL
[ADMIN] [4/13/2017 09:44] [PENJUALAN] CASHIER FORM : SUBTOTAL [-99.95]
[ADMIN] [4/13/2017 09:44] [PENJUALAN] CASHIER FORM : cashierDataGridView_CellValueChanged, subtotal value [-99.95]
[ADMIN] [4/13/2017 09:44] [PENJUALAN] CASHIER FORM : cashierDataGridView_CellValueChanged, attempt to calculate total value
[ADMIN] [4/13/2017 09:44] [PENJUALAN] CASHIER FORM : calculateTotal
[ADMIN] [4/13/2017 09:44] [PENJUALAN] CASHIER FORM : calculateTotal [-99.95]
[ADMIN] [4/13/2017 09:44] [PENJUALAN] CASHIER FORM : calculateTotal, totalAfterDisc [-99.95]
[ADMIN] [4/13/2017 09:44] [PENJUALAN] CASHIER FORM : calculateChangeValue, bayarTextBox.Text [Rp53.261]
[ADMIN] [4/13/2017 09:44] [PENJUALAN] CASHIER FORM : calculateChangeValue, sisaBayar [53360.95]
[ADMIN] [4/13/2017 09:44] [PENJUALAN] CASHIER FORM : Combobox_KeyUp, cashierDataGridView.CurrentCell.OwningColumn.Name  [disc2]
[ADMIN] [4/13/2017 09:44] [PENJUALAN] CASHIER FORM : cashierDataGridView_CellValueChanged [disc2]
[ADMIN] [4/13/2017 09:44] [PENJUALAN] CASHIER FORM : cashierDataGridView_CellValueChanged, previousInput [99]
[ADMIN] [4/13/2017 09:44] [PENJUALAN] CASHIER FORM : cashierDataGridView_CellValueChanged, dataGridViewTextBoxEditingControl.Text pass REGEX Checking
[ADMIN] [4/13/2017 09:44] [PENJUALAN] CASHIER FORM : CALCULATE SUBTOTAL
[ADMIN] [4/13/2017 09:44] [PENJUALAN] CASHIER FORM : SUBTOTAL [-99.95]
[ADMIN] [4/13/2017 09:44] [PENJUALAN] CASHIER FORM : cashierDataGridView_CellValueChanged, subtotal value [-99.95]
[ADMIN] [4/13/2017 09:44] [PENJUALAN] CASHIER FORM : cashierDataGridView_CellValueChanged, attempt to calculate total value
[ADMIN] [4/13/2017 09:44] [PENJUALAN] CASHIER FORM : calculateTotal
[ADMIN] [4/13/2017 09:44] [PENJUALAN] CASHIER FORM : calculateTotal [-99.95]
[ADMIN] [4/13/2017 09:44] [PENJUALAN] CASHIER FORM : calculateTotal, totalAfterDisc [-99.95]
[ADMIN] [4/13/2017 09:44] [PENJUALAN] CASHIER FORM : calculateChangeValue, bayarTextBox.Text [Rp53.261]
[ADMIN] [4/13/2017 09:44] [PENJUALAN] CASHIER FORM : calculateChangeValue, sisaBayar [53360.95]
[ADMIN] [4/13/2017 09:44] [PENJUALAN] CASHIER FORM : Combobox_KeyUp, cashierDataGridView.CurrentCell.OwningColumn.Name  [disc2]
[ADMIN] [4/13/2017 09:44] [PENJUALAN] CASHIER FORM : cashierDataGridView_CellValueChanged [disc2]
[ADMIN] [4/13/2017 09:44] [PENJUALAN] CASHIER FORM : cashierDataGridView_CellValueChanged, previousInput [99.]
[ADMIN] [4/13/2017 09:44] [PENJUALAN] CASHIER FORM : cashierDataGridView_CellValueChanged, dataGridViewTextBoxEditingControl.Text pass REGEX Checking
[ADMIN] [4/13/2017 09:44] [PENJUALAN] CASHIER FORM : CALCULATE SUBTOTAL
[ADMIN] [4/13/2017 09:44] [PENJUALAN] CASHIER FORM : SUBTOTAL [-99.99]
[ADMIN] [4/13/2017 09:44] [PENJUALAN] CASHIER FORM : cashierDataGridView_CellValueChanged, subtotal value [-99.99]
[ADMIN] [4/13/2017 09:44] [PENJUALAN] CASHIER FORM : cashierDataGridView_CellValueChanged, attempt to calculate total value
[ADMIN] [4/13/2017 09:44] [PENJUALAN] CASHIER FORM : calculateTotal
[ADMIN] [4/13/2017 09:44] [PENJUALAN] CASHIER FORM : calculateTotal [-99.99]
[ADMIN] [4/13/2017 09:44] [PENJUALAN] CASHIER FORM : calculateTotal, totalAfterDisc [-99.99]
[ADMIN] [4/13/2017 09:44] [PENJUALAN] CASHIER FORM : calculateChangeValue, bayarTextBox.Text [Rp53.261]
[ADMIN] [4/13/2017 09:44] [PENJUALAN] CASHIER FORM : calculateChangeValue, sisaBayar [53360.99]
[ADMIN] [4/13/2017 09:44] [PENJUALAN] CASHIER FORM : Combobox_KeyUp, cashierDataGridView.CurrentCell.OwningColumn.Name  [disc2]
[ADMIN] [4/13/2017 09:44] [PENJUALAN] CASHIER FORM : cashierDataGridView_CellValueChanged [disc2]
[ADMIN] [4/13/2017 09:44] [PENJUALAN] CASHIER FORM : cashierDataGridView_CellValueChanged, previousInput [99.9]
[ADMIN] [4/13/2017 09:44] [PENJUALAN] CASHIER FORM : cashierDataGridView_CellValueChanged, dataGridViewTextBoxEditingControl.Text pass REGEX Checking
[ADMIN] [4/13/2017 09:44] [PENJUALAN] CASHIER FORM : CALCULATE SUBTOTAL
[ADMIN] [4/13/2017 09:44] [PENJUALAN] CASHIER FORM : SUBTOTAL [-100]
[ADMIN] [4/13/2017 09:44] [PENJUALAN] CASHIER FORM : cashierDataGridView_CellValueChanged, subtotal value [-100]
[ADMIN] [4/13/2017 09:44] [PENJUALAN] CASHIER FORM : cashierDataGridView_CellValueChanged, attempt to calculate total value
[ADMIN] [4/13/2017 09:44] [PENJUALAN] CASHIER FORM : calculateTotal
[ADMIN] [4/13/2017 09:44] [PENJUALAN] CASHIER FORM : calculateTotal [-100]
[ADMIN] [4/13/2017 09:44] [PENJUALAN] CASHIER FORM : calculateTotal, totalAfterDisc [-100]
[ADMIN] [4/13/2017 09:44] [PENJUALAN] CASHIER FORM : calculateChangeValue, bayarTextBox.Text [Rp53.261]
[ADMIN] [4/13/2017 09:44] [PENJUALAN] CASHIER FORM : calculateChangeValue, sisaBayar [53361]
[ADMIN] [4/13/2017 09:44] [PENJUALAN] CASHIER FORM : Combobox_KeyUp, cashierDataGridView.CurrentCell.OwningColumn.Name  [disc2]
[ADMIN] [4/13/2017 09:44] [PENJUALAN] CASHIER FORM : Combobox_KeyUp, cashierDataGridView.CurrentCell.OwningColumn.Name  [discRP]
[ADMIN] [4/13/2017 09:44] [PENJUALAN] CASHIER FORM : cashierDataGridView_CellValueChanged [discRP]
[ADMIN] [4/13/2017 09:44] [PENJUALAN] CASHIER FORM : cashierDataGridView_CellValueChanged, previousInput [100]
[ADMIN] [4/13/2017 09:44] [PENJUALAN] CASHIER FORM : cashierDataGridView_CellValueChanged, dataGridViewTextBoxEditingControl.Text pass REGEX Checking
[ADMIN] [4/13/2017 09:44] [PENJUALAN] CASHIER FORM : CALCULATE SUBTOTAL
[ADMIN] [4/13/2017 09:44] [PENJUALAN] CASHIER FORM : SUBTOTAL [-9]
[ADMIN] [4/13/2017 09:44] [PENJUALAN] CASHIER FORM : cashierDataGridView_CellValueChanged, subtotal value [-9]
[ADMIN] [4/13/2017 09:44] [PENJUALAN] CASHIER FORM : cashierDataGridView_CellValueChanged, attempt to calculate total value
[ADMIN] [4/13/2017 09:44] [PENJUALAN] CASHIER FORM : calculateTotal
[ADMIN] [4/13/2017 09:44] [PENJUALAN] CASHIER FORM : calculateTotal [-9]
[ADMIN] [4/13/2017 09:44] [PENJUALAN] CASHIER FORM : calculateTotal, totalAfterDisc [-9]
[ADMIN] [4/13/2017 09:44] [PENJUALAN] CASHIER FORM : calculateChangeValue, bayarTextBox.Text [Rp53.261]
[ADMIN] [4/13/2017 09:44] [PENJUALAN] CASHIER FORM : calculateChangeValue, sisaBayar [53270]
[ADMIN] [4/13/2017 09:44] [PENJUALAN] CASHIER FORM : Combobox_KeyUp, cashierDataGridView.CurrentCell.OwningColumn.Name  [discRP]
[ADMIN] [4/13/2017 09:44] [PENJUALAN] CASHIER FORM : cashierDataGridView_CellValueChanged [discRP]
[ADMIN] [4/13/2017 09:44] [PENJUALAN] CASHIER FORM : cashierDataGridView_CellValueChanged, previousInput [9]
[ADMIN] [4/13/2017 09:44] [PENJUALAN] CASHIER FORM : cashierDataGridView_CellValueChanged, dataGridViewTextBoxEditingControl.Text pass REGEX Checking
[ADMIN] [4/13/2017 09:44] [PENJUALAN] CASHIER FORM : CALCULATE SUBTOTAL
[ADMIN] [4/13/2017 09:44] [PENJUALAN] CASHIER FORM : SUBTOTAL [-99]
[ADMIN] [4/13/2017 09:44] [PENJUALAN] CASHIER FORM : cashierDataGridView_CellValueChanged, subtotal value [-99]
[ADMIN] [4/13/2017 09:44] [PENJUALAN] CASHIER FORM : cashierDataGridView_CellValueChanged, attempt to calculate total value
[ADMIN] [4/13/2017 09:44] [PENJUALAN] CASHIER FORM : calculateTotal
[ADMIN] [4/13/2017 09:44] [PENJUALAN] CASHIER FORM : calculateTotal [-99]
[ADMIN] [4/13/2017 09:44] [PENJUALAN] CASHIER FORM : calculateTotal, totalAfterDisc [-99]
[ADMIN] [4/13/2017 09:44] [PENJUALAN] CASHIER FORM : calculateChangeValue, bayarTextBox.Text [Rp53.261]
[ADMIN] [4/13/2017 09:44] [PENJUALAN] CASHIER FORM : calculateChangeValue, sisaBayar [53360]
[ADMIN] [4/13/2017 09:44] [PENJUALAN] CASHIER FORM : Combobox_KeyUp, cashierDataGridView.CurrentCell.OwningColumn.Name  [discRP]
[ADMIN] [4/13/2017 09:44] [PENJUALAN] CASHIER FORM : cashierDataGridView_CellValueChanged [discRP]
[ADMIN] [4/13/2017 09:44] [PENJUALAN] CASHIER FORM : cashierDataGridView_CellValueChanged, previousInput [99]
[ADMIN] [4/13/2017 09:44] [PENJUALAN] CASHIER FORM : cashierDataGridView_CellValueChanged, dataGridViewTextBoxEditingControl.Text pass REGEX Checking
[ADMIN] [4/13/2017 09:44] [PENJUALAN] CASHIER FORM : CALCULATE SUBTOTAL
[ADMIN] [4/13/2017 09:44] [PENJUALAN] CASHIER FORM : SUBTOTAL [-990]
[ADMIN] [4/13/2017 09:44] [PENJUALAN] CASHIER FORM : cashierDataGridView_CellValueChanged, subtotal value [-990]
[ADMIN] [4/13/2017 09:44] [PENJUALAN] CASHIER FORM : cashierDataGridView_CellValueChanged, attempt to calculate total value
[ADMIN] [4/13/2017 09:44] [PENJUALAN] CASHIER FORM : calculateTotal
[ADMIN] [4/13/2017 09:44] [PENJUALAN] CASHIER FORM : calculateTotal [-990]
[ADMIN] [4/13/2017 09:44] [PENJUALAN] CASHIER FORM : calculateTotal, totalAfterDisc [-990]
[ADMIN] [4/13/2017 09:44] [PENJUALAN] CASHIER FORM : calculateChangeValue, bayarTextBox.Text [Rp53.261]
[ADMIN] [4/13/2017 09:44] [PENJUALAN] CASHIER FORM : calculateChangeValue, sisaBayar [54251]
[ADMIN] [4/13/2017 09:44] [PENJUALAN] CASHIER FORM : Combobox_KeyUp, cashierDataGridView.CurrentCell.OwningColumn.Name  [discRP]
[ADMIN] [4/13/2017 09:44] [PENJUALAN] CASHIER FORM : cashierDataGridView_CellValueChanged [discRP]
[ADMIN] [4/13/2017 09:44] [PENJUALAN] CASHIER FORM : cashierDataGridView_CellValueChanged, previousInput [990]
[ADMIN] [4/13/2017 09:44] [PENJUALAN] CASHIER FORM : cashierDataGridView_CellValueChanged, dataGridViewTextBoxEditingControl.Text pass REGEX Checking
[ADMIN] [4/13/2017 09:44] [PENJUALAN] CASHIER FORM : CALCULATE SUBTOTAL
[ADMIN] [4/13/2017 09:44] [PENJUALAN] CASHIER FORM : SUBTOTAL [-9900]
[ADMIN] [4/13/2017 09:44] [PENJUALAN] CASHIER FORM : cashierDataGridView_CellValueChanged, subtotal value [-9900]
[ADMIN] [4/13/2017 09:44] [PENJUALAN] CASHIER FORM : cashierDataGridView_CellValueChanged, attempt to calculate total value
[ADMIN] [4/13/2017 09:44] [PENJUALAN] CASHIER FORM : calculateTotal
[ADMIN] [4/13/2017 09:44] [PENJUALAN] CASHIER FORM : calculateTotal [-9900]
[ADMIN] [4/13/2017 09:44] [PENJUALAN] CASHIER FORM : calculateTotal, totalAfterDisc [-9900]
[ADMIN] [4/13/2017 09:44] [PENJUALAN] CASHIER FORM : calculateChangeValue, bayarTextBox.Text [Rp53.261]
[ADMIN] [4/13/2017 09:44] [PENJUALAN] CASHIER FORM : calculateChangeValue, sisaBayar [63161]
[ADMIN] [4/13/2017 09:44] [PENJUALAN] CASHIER FORM : Combobox_KeyUp, cashierDataGridView.CurrentCell.OwningColumn.Name  [discRP]
[ADMIN] [4/13/2017 09:44] [PENJUALAN] CASHIER FORM : cashierDataGridView_CellValueChanged [discRP]
[ADMIN] [4/13/2017 09:44] [PENJUALAN] CASHIER FORM : cashierDataGridView_CellValueChanged, previousInput [9900]
[ADMIN] [4/13/2017 09:44] [PENJUALAN] CASHIER FORM : cashierDataGridView_CellValueChanged, dataGridViewTextBoxEditingControl.Text pass REGEX Checking
[ADMIN] [4/13/2017 09:44] [PENJUALAN] CASHIER FORM : CALCULATE SUBTOTAL
[ADMIN] [4/13/2017 09:44] [PENJUALAN] CASHIER FORM : SUBTOTAL [-99000]
[ADMIN] [4/13/2017 09:44] [PENJUALAN] CASHIER FORM : cashierDataGridView_CellValueChanged, subtotal value [-99000]
[ADMIN] [4/13/2017 09:44] [PENJUALAN] CASHIER FORM : cashierDataGridView_CellValueChanged, attempt to calculate total value
[ADMIN] [4/13/2017 09:44] [PENJUALAN] CASHIER FORM : calculateTotal
[ADMIN] [4/13/2017 09:44] [PENJUALAN] CASHIER FORM : calculateTotal [-99000]
[ADMIN] [4/13/2017 09:44] [PENJUALAN] CASHIER FORM : calculateTotal, totalAfterDisc [-99000]
[ADMIN] [4/13/2017 09:44] [PENJUALAN] CASHIER FORM : calculateChangeValue, bayarTextBox.Text [Rp53.261]
[ADMIN] [4/13/2017 09:44] [PENJUALAN] CASHIER FORM : calculateChangeValue, sisaBayar [152261]
[ADMIN] [4/13/2017 09:44] [PENJUALAN] CASHIER FORM : Combobox_KeyUp, cashierDataGridView.CurrentCell.OwningColumn.Name  [discRP]
[ADMIN] [4/13/2017 09:44] [PENJUALAN] CASHIER FORM : Combobox_KeyUp, cashierDataGridView.CurrentCell.OwningColumn.Name  [discRP]
[ADMIN] [4/13/2017 09:44] [PENJUALAN] CASHIER FORM : Combobox_KeyUp, cashierDataGridView.CurrentCell.OwningColumn.Name  [discRP]
[ADMIN] [4/13/2017 09:44] [PENJUALAN] CASHIER FORM : Combobox_KeyUp, cashierDataGridView.CurrentCell.OwningColumn.Name  [discRP]
[ADMIN] [4/13/2017 09:44] [PENJUALAN] CASHIER FORM : Combobox_KeyUp, cashierDataGridView.CurrentCell.OwningColumn.Name  [discRP]
[ADMIN] [4/13/2017 09:44] [PENJUALAN] CASHIER FORM : Combobox_KeyUp, cashierDataGridView.CurrentCell.OwningColumn.Name  [discRP]
[ADMIN] [4/13/2017 09:44] [PENJUALAN] CASHIER FORM : cashierDataGridView_CellValueChanged [discRP]
[ADMIN] [4/13/2017 09:44] [PENJUALAN] CASHIER FORM : cashierDataGridView_CellValueChanged, previousInput [99000]
[ADMIN] [4/13/2017 09:44] [PENJUALAN] CASHIER FORM : cashierDataGridView_CellValueChanged, dataGridViewTextBoxEditingControl.Text pass REGEX Checking
[ADMIN] [4/13/2017 09:44] [PENJUALAN] CASHIER FORM : CALCULATE SUBTOTAL
[ADMIN] [4/13/2017 09:44] [PENJUALAN] CASHIER FORM : SUBTOTAL [-999000]
[ADMIN] [4/13/2017 09:44] [PENJUALAN] CASHIER FORM : cashierDataGridView_CellValueChanged, subtotal value [-999000]
[ADMIN] [4/13/2017 09:44] [PENJUALAN] CASHIER FORM : cashierDataGridView_CellValueChanged, attempt to calculate total value
[ADMIN] [4/13/2017 09:44] [PENJUALAN] CASHIER FORM : calculateTotal
[ADMIN] [4/13/2017 09:44] [PENJUALAN] CASHIER FORM : calculateTotal [-999000]
[ADMIN] [4/13/2017 09:44] [PENJUALAN] CASHIER FORM : calculateTotal, totalAfterDisc [-999000]
[ADMIN] [4/13/2017 09:44] [PENJUALAN] CASHIER FORM : calculateChangeValue, bayarTextBox.Text [Rp53.261]
[ADMIN] [4/13/2017 09:44] [PENJUALAN] CASHIER FORM : calculateChangeValue, sisaBayar [1052261]
[ADMIN] [4/13/2017 09:44] [PENJUALAN] CASHIER FORM : Combobox_KeyUp, cashierDataGridView.CurrentCell.OwningColumn.Name  [discRP]
[ADMIN] [4/13/2017 09:44] [PENJUALAN] CASHIER FORM : cashierDataGridView_CellValueChanged [productPrice]
[ADMIN] [4/13/2017 09:44] [PENJUALAN] CASHIER FORM : cashierDataGridView_CellValueChanged, previousInput [5500]
[ADMIN] [4/13/2017 09:44] [PENJUALAN] CASHIER FORM : cashierDataGridView_CellValueChanged, dataGridViewTextBoxEditingControl.Text pass REGEX Checking
[ADMIN] [4/13/2017 09:44] [PENJUALAN] CASHIER FORM : CALCULATE SUBTOTAL
[ADMIN] [4/13/2017 09:44] [PENJUALAN] CASHIER FORM : SUBTOTAL [-999000]
[ADMIN] [4/13/2017 09:44] [PENJUALAN] CASHIER FORM : cashierDataGridView_CellValueChanged, subtotal value [-999000]
[ADMIN] [4/13/2017 09:44] [PENJUALAN] CASHIER FORM : cashierDataGridView_CellValueChanged, attempt to calculate total value
[ADMIN] [4/13/2017 09:44] [PENJUALAN] CASHIER FORM : calculateTotal
[ADMIN] [4/13/2017 09:44] [PENJUALAN] CASHIER FORM : calculateTotal [-999000]
[ADMIN] [4/13/2017 09:44] [PENJUALAN] CASHIER FORM : calculateTotal, totalAfterDisc [-999000]
[ADMIN] [4/13/2017 09:44] [PENJUALAN] CASHIER FORM : calculateChangeValue, bayarTextBox.Text [Rp53.261]
[ADMIN] [4/13/2017 09:44] [PENJUALAN] CASHIER FORM : calculateChangeValue, sisaBayar [1052261]
[ADMIN] [4/13/2017 09:44] [PENJUALAN] CASHIER FORM : Combobox_KeyUp, cashierDataGridView.CurrentCell.OwningColumn.Name  [productPrice]
[ADMIN] [4/13/2017 09:44] [PENJUALAN] CASHIER FORM : cashierDataGridView_CellValueChanged [productPrice]
[ADMIN] [4/13/2017 09:44] [PENJUALAN] CASHIER FORM : cashierDataGridView_CellValueChanged, previousInput [1]
[ADMIN] [4/13/2017 09:44] [PENJUALAN] CASHIER FORM : cashierDataGridView_CellValueChanged, dataGridViewTextBoxEditingControl.Text pass REGEX Checking
[ADMIN] [4/13/2017 09:44] [PENJUALAN] CASHIER FORM : CALCULATE SUBTOTAL
[ADMIN] [4/13/2017 09:44] [PENJUALAN] CASHIER FORM : SUBTOTAL [-999000]
[ADMIN] [4/13/2017 09:44] [PENJUALAN] CASHIER FORM : cashierDataGridView_CellValueChanged, subtotal value [-999000]
[ADMIN] [4/13/2017 09:44] [PENJUALAN] CASHIER FORM : cashierDataGridView_CellValueChanged, attempt to calculate total value
[ADMIN] [4/13/2017 09:44] [PENJUALAN] CASHIER FORM : calculateTotal
[ADMIN] [4/13/2017 09:44] [PENJUALAN] CASHIER FORM : calculateTotal [-999000]
[ADMIN] [4/13/2017 09:44] [PENJUALAN] CASHIER FORM : calculateTotal, totalAfterDisc [-999000]
[ADMIN] [4/13/2017 09:44] [PENJUALAN] CASHIER FORM : calculateChangeValue, bayarTextBox.Text [Rp53.261]
[ADMIN] [4/13/2017 09:44] [PENJUALAN] CASHIER FORM : calculateChangeValue, sisaBayar [1052261]
[ADMIN] [4/13/2017 09:44] [PENJUALAN] CASHIER FORM : Combobox_KeyUp, cashierDataGridView.CurrentCell.OwningColumn.Name  [productPrice]
[ADMIN] [4/13/2017 09:44] [PENJUALAN] CASHIER FORM : cashierDataGridView_CellValueChanged [productPrice]
[ADMIN] [4/13/2017 09:44] [PENJUALAN] CASHIER FORM : cashierDataGridView_CellValueChanged, previousInput [10]
[ADMIN] [4/13/2017 09:44] [PENJUALAN] CASHIER FORM : cashierDataGridView_CellValueChanged, dataGridViewTextBoxEditingControl.Text pass REGEX Checking
[ADMIN] [4/13/2017 09:44] [PENJUALAN] CASHIER FORM : CALCULATE SUBTOTAL
[ADMIN] [4/13/2017 09:44] [PENJUALAN] CASHIER FORM : SUBTOTAL [-999000]
[ADMIN] [4/13/2017 09:44] [PENJUALAN] CASHIER FORM : cashierDataGridView_CellValueChanged, subtotal value [-999000]
[ADMIN] [4/13/2017 09:44] [PENJUALAN] CASHIER FORM : cashierDataGridView_CellValueChanged, attempt to calculate total value
[ADMIN] [4/13/2017 09:44] [PENJUALAN] CASHIER FORM : calculateTotal
[ADMIN] [4/13/2017 09:44] [PENJUALAN] CASHIER FORM : calculateTotal [-999000]
[ADMIN] [4/13/2017 09:44] [PENJUALAN] CASHIER FORM : calculateTotal, totalAfterDisc [-999000]
[ADMIN] [4/13/2017 09:44] [PENJUALAN] CASHIER FORM : calculateChangeValue, bayarTextBox.Text [Rp53.261]
[ADMIN] [4/13/2017 09:44] [PENJUALAN] CASHIER FORM : calculateChangeValue, sisaBayar [1052261]
[ADMIN] [4/13/2017 09:44] [PENJUALAN] CASHIER FORM : Combobox_KeyUp, cashierDataGridView.CurrentCell.OwningColumn.Name  [productPrice]
[ADMIN] [4/13/2017 09:44] [PENJUALAN] CASHIER FORM : cashierDataGridView_CellValueChanged [productPrice]
[ADMIN] [4/13/2017 09:44] [PENJUALAN] CASHIER FORM : cashierDataGridView_CellValueChanged, previousInput [100]
[ADMIN] [4/13/2017 09:44] [PENJUALAN] CASHIER FORM : cashierDataGridView_CellValueChanged, dataGridViewTextBoxEditingControl.Text pass REGEX Checking
[ADMIN] [4/13/2017 09:44] [PENJUALAN] CASHIER FORM : CALCULATE SUBTOTAL
[ADMIN] [4/13/2017 09:44] [PENJUALAN] CASHIER FORM : SUBTOTAL [-999000]
[ADMIN] [4/13/2017 09:44] [PENJUALAN] CASHIER FORM : cashierDataGridView_CellValueChanged, subtotal value [-999000]
[ADMIN] [4/13/2017 09:44] [PENJUALAN] CASHIER FORM : cashierDataGridView_CellValueChanged, attempt to calculate total value
[ADMIN] [4/13/2017 09:44] [PENJUALAN] CASHIER FORM : calculateTotal
[ADMIN] [4/13/2017 09:44] [PENJUALAN] CASHIER FORM : calculateTotal [-999000]
[ADMIN] [4/13/2017 09:44] [PENJUALAN] CASHIER FORM : calculateTotal, totalAfterDisc [-999000]
[ADMIN] [4/13/2017 09:44] [PENJUALAN] CASHIER FORM : calculateChangeValue, bayarTextBox.Text [Rp53.261]
[ADMIN] [4/13/2017 09:44] [PENJUALAN] CASHIER FORM : calculateChangeValue, sisaBayar [1052261]
[ADMIN] [4/13/2017 09:44] [PENJUALAN] CASHIER FORM : Combobox_KeyUp, cashierDataGridView.CurrentCell.OwningColumn.Name  [productPrice]
[ADMIN] [4/13/2017 09:44] [PENJUALAN] CASHIER FORM : cashierDataGridView_CellValueChanged [productPrice]
[ADMIN] [4/13/2017 09:44] [PENJUALAN] CASHIER FORM : cashierDataGridView_CellValueChanged, previousInput [1000]
[ADMIN] [4/13/2017 09:44] [PENJUALAN] CASHIER FORM : cashierDataGridView_CellValueChanged, dataGridViewTextBoxEditingControl.Text pass REGEX Checking
[ADMIN] [4/13/2017 09:44] [PENJUALAN] CASHIER FORM : CALCULATE SUBTOTAL
[ADMIN] [4/13/2017 09:44] [PENJUALAN] CASHIER FORM : SUBTOTAL [-999000]
[ADMIN] [4/13/2017 09:44] [PENJUALAN] CASHIER FORM : cashierDataGridView_CellValueChanged, subtotal value [-999000]
[ADMIN] [4/13/2017 09:44] [PENJUALAN] CASHIER FORM : cashierDataGridView_CellValueChanged, attempt to calculate total value
[ADMIN] [4/13/2017 09:44] [PENJUALAN] CASHIER FORM : calculateTotal
[ADMIN] [4/13/2017 09:44] [PENJUALAN] CASHIER FORM : calculateTotal [-999000]
[ADMIN] [4/13/2017 09:44] [PENJUALAN] CASHIER FORM : calculateTotal, totalAfterDisc [-999000]
[ADMIN] [4/13/2017 09:44] [PENJUALAN] CASHIER FORM : calculateChangeValue, bayarTextBox.Text [Rp53.261]
[ADMIN] [4/13/2017 09:44] [PENJUALAN] CASHIER FORM : calculateChangeValue, sisaBayar [1052261]
[ADMIN] [4/13/2017 09:44] [PENJUALAN] CASHIER FORM : Combobox_KeyUp, cashierDataGridView.CurrentCell.OwningColumn.Name  [productPrice]
[ADMIN] [4/13/2017 09:44] [PENJUALAN] CASHIER FORM : cashierDataGridView_CellValueChanged [productPrice]
[ADMIN] [4/13/2017 09:44] [PENJUALAN] CASHIER FORM : cashierDataGridView_CellValueChanged, previousInput [10000]
[ADMIN] [4/13/2017 09:44] [PENJUALAN] CASHIER FORM : cashierDataGridView_CellValueChanged, dataGridViewTextBoxEditingControl.Text pass REGEX Checking
[ADMIN] [4/13/2017 09:44] [PENJUALAN] CASHIER FORM : CALCULATE SUBTOTAL
[ADMIN] [4/13/2017 09:44] [PENJUALAN] CASHIER FORM : SUBTOTAL [-998999.99]
[ADMIN] [4/13/2017 09:44] [PENJUALAN] CASHIER FORM : cashierDataGridView_CellValueChanged, subtotal value [-998999.99]
[ADMIN] [4/13/2017 09:44] [PENJUALAN] CASHIER FORM : cashierDataGridView_CellValueChanged, attempt to calculate total value
[ADMIN] [4/13/2017 09:44] [PENJUALAN] CASHIER FORM : calculateTotal
[ADMIN] [4/13/2017 09:44] [PENJUALAN] CASHIER FORM : calculateTotal [-998999.99]
[ADMIN] [4/13/2017 09:44] [PENJUALAN] CASHIER FORM : calculateTotal, totalAfterDisc [-998999.99]
[ADMIN] [4/13/2017 09:44] [PENJUALAN] CASHIER FORM : calculateChangeValue, bayarTextBox.Text [Rp53.261]
[ADMIN] [4/13/2017 09:44] [PENJUALAN] CASHIER FORM : calculateChangeValue, sisaBayar [1052260.99]
[ADMIN] [4/13/2017 09:44] [PENJUALAN] CASHIER FORM : Combobox_KeyUp, cashierDataGridView.CurrentCell.OwningColumn.Name  [productPrice]
[ADMIN] [4/13/2017 09:44] [PENJUALAN] CASHIER FORM : cashierDataGridView_CellValueChanged [productPrice]
[ADMIN] [4/13/2017 09:44] [PENJUALAN] CASHIER FORM : cashierDataGridView_CellValueChanged, previousInput [100000]
[ADMIN] [4/13/2017 09:44] [PENJUALAN] CASHIER FORM : cashierDataGridView_CellValueChanged, dataGridViewTextBoxEditingControl.Text pass REGEX Checking
[ADMIN] [4/13/2017 09:44] [PENJUALAN] CASHIER FORM : CALCULATE SUBTOTAL
[ADMIN] [4/13/2017 09:44] [PENJUALAN] CASHIER FORM : SUBTOTAL [-998999.9]
[ADMIN] [4/13/2017 09:44] [PENJUALAN] CASHIER FORM : cashierDataGridView_CellValueChanged, subtotal value [-998999.9]
[ADMIN] [4/13/2017 09:44] [PENJUALAN] CASHIER FORM : cashierDataGridView_CellValueChanged, attempt to calculate total value
[ADMIN] [4/13/2017 09:44] [PENJUALAN] CASHIER FORM : calculateTotal
[ADMIN] [4/13/2017 09:44] [PENJUALAN] CASHIER FORM : calculateTotal [-998999.9]
[ADMIN] [4/13/2017 09:44] [PENJUALAN] CASHIER FORM : calculateTotal, totalAfterDisc [-998999.9]
[ADMIN] [4/13/2017 09:44] [PENJUALAN] CASHIER FORM : calculateChangeValue, bayarTextBox.Text [Rp53.261]
[ADMIN] [4/13/2017 09:44] [PENJUALAN] CASHIER FORM : calculateChangeValue, sisaBayar [1052260.9]
[ADMIN] [4/13/2017 09:44] [PENJUALAN] CASHIER FORM : Combobox_KeyUp, cashierDataGridView.CurrentCell.OwningColumn.Name  [productPrice]
[ADMIN] [4/13/2017 09:44] [PENJUALAN] CASHIER FORM : cashierDataGridView_CellValueChanged [productPrice]
[ADMIN] [4/13/2017 09:44] [PENJUALAN] CASHIER FORM : cashierDataGridView_CellValueChanged, previousInput [1000000]
[ADMIN] [4/13/2017 09:44] [PENJUALAN] CASHIER FORM : cashierDataGridView_CellValueChanged, dataGridViewTextBoxEditingControl.Text pass REGEX Checking
[ADMIN] [4/13/2017 09:44] [PENJUALAN] CASHIER FORM : CALCULATE SUBTOTAL
[ADMIN] [4/13/2017 09:44] [PENJUALAN] CASHIER FORM : SUBTOTAL [-998999]
[ADMIN] [4/13/2017 09:44] [PENJUALAN] CASHIER FORM : cashierDataGridView_CellValueChanged, subtotal value [-998999]
[ADMIN] [4/13/2017 09:44] [PENJUALAN] CASHIER FORM : cashierDataGridView_CellValueChanged, attempt to calculate total value
[ADMIN] [4/13/2017 09:44] [PENJUALAN] CASHIER FORM : calculateTotal
[ADMIN] [4/13/2017 09:44] [PENJUALAN] CASHIER FORM : calculateTotal [-998999]
[ADMIN] [4/13/2017 09:44] [PENJUALAN] CASHIER FORM : calculateTotal, totalAfterDisc [-998999]
[ADMIN] [4/13/2017 09:44] [PENJUALAN] CASHIER FORM : calculateChangeValue, bayarTextBox.Text [Rp53.261]
[ADMIN] [4/13/2017 09:44] [PENJUALAN] CASHIER FORM : calculateChangeValue, sisaBayar [1052260]
[ADMIN] [4/13/2017 09:44] [PENJUALAN] CASHIER FORM : Combobox_KeyUp, cashierDataGridView.CurrentCell.OwningColumn.Name  [productPrice]
[ADMIN] [4/13/2017 09:44] [PENJUALAN] CASHIER FORM : cashierDataGridView_CellValueChanged [productPrice]
[ADMIN] [4/13/2017 09:44] [PENJUALAN] CASHIER FORM : cashierDataGridView_CellValueChanged, previousInput [10000000]
[ADMIN] [4/13/2017 09:44] [PENJUALAN] CASHIER FORM : cashierDataGridView_CellValueChanged, dataGridViewTextBoxEditingControl.Text pass REGEX Checking
[ADMIN] [4/13/2017 09:44] [PENJUALAN] CASHIER FORM : CALCULATE SUBTOTAL
[ADMIN] [4/13/2017 09:44] [PENJUALAN] CASHIER FORM : SUBTOTAL [-998990]
[ADMIN] [4/13/2017 09:44] [PENJUALAN] CASHIER FORM : cashierDataGridView_CellValueChanged, subtotal value [-998990]
[ADMIN] [4/13/2017 09:44] [PENJUALAN] CASHIER FORM : cashierDataGridView_CellValueChanged, attempt to calculate total value
[ADMIN] [4/13/2017 09:44] [PENJUALAN] CASHIER FORM : calculateTotal
[ADMIN] [4/13/2017 09:44] [PENJUALAN] CASHIER FORM : calculateTotal [-998990]
[ADMIN] [4/13/2017 09:44] [PENJUALAN] CASHIER FORM : calculateTotal, totalAfterDisc [-998990]
[ADMIN] [4/13/2017 09:44] [PENJUALAN] CASHIER FORM : calculateChangeValue, bayarTextBox.Text [Rp53.261]
[ADMIN] [4/13/2017 09:44] [PENJUALAN] CASHIER FORM : calculateChangeValue, sisaBayar [1052251]
[ADMIN] [4/13/2017 09:44] [PENJUALAN] CASHIER FORM : Combobox_KeyUp, cashierDataGridView.CurrentCell.OwningColumn.Name  [productPrice]
[ADMIN] [4/13/2017 09:44] [PENJUALAN] CASHIER FORM : cashierDataGridView_CellValueChanged [productPrice]
[ADMIN] [4/13/2017 09:44] [PENJUALAN] CASHIER FORM : cashierDataGridView_CellValueChanged, previousInput [100000000]
[ADMIN] [4/13/2017 09:44] [PENJUALAN] CASHIER FORM : cashierDataGridView_CellValueChanged, dataGridViewTextBoxEditingControl.Text pass REGEX Checking
[ADMIN] [4/13/2017 09:44] [PENJUALAN] CASHIER FORM : CALCULATE SUBTOTAL
[ADMIN] [4/13/2017 09:44] [PENJUALAN] CASHIER FORM : SUBTOTAL [-998900]
[ADMIN] [4/13/2017 09:44] [PENJUALAN] CASHIER FORM : cashierDataGridView_CellValueChanged, subtotal value [-998900]
[ADMIN] [4/13/2017 09:44] [PENJUALAN] CASHIER FORM : cashierDataGridView_CellValueChanged, attempt to calculate total value
[ADMIN] [4/13/2017 09:44] [PENJUALAN] CASHIER FORM : calculateTotal
[ADMIN] [4/13/2017 09:44] [PENJUALAN] CASHIER FORM : calculateTotal [-998900]
[ADMIN] [4/13/2017 09:44] [PENJUALAN] CASHIER FORM : calculateTotal, totalAfterDisc [-998900]
[ADMIN] [4/13/2017 09:44] [PENJUALAN] CASHIER FORM : calculateChangeValue, bayarTextBox.Text [Rp53.261]
[ADMIN] [4/13/2017 09:44] [PENJUALAN] CASHIER FORM : calculateChangeValue, sisaBayar [1052161]
[ADMIN] [4/13/2017 09:44] [PENJUALAN] CASHIER FORM : Combobox_KeyUp, cashierDataGridView.CurrentCell.OwningColumn.Name  [productPrice]
[ADMIN] [4/13/2017 09:44] [PENJUALAN] CASHIER FORM : cashierDataGridView_CellValueChanged [productPrice]
[ADMIN] [4/13/2017 09:44] [PENJUALAN] CASHIER FORM : cashierDataGridView_CellValueChanged, previousInput [1000000000]
[ADMIN] [4/13/2017 09:44] [PENJUALAN] CASHIER FORM : cashierDataGridView_CellValueChanged, dataGridViewTextBoxEditingControl.Text pass REGEX Checking
[ADMIN] [4/13/2017 09:44] [PENJUALAN] CASHIER FORM : CALCULATE SUBTOTAL
[ADMIN] [4/13/2017 09:44] [PENJUALAN] CASHIER FORM : SUBTOTAL [-998000]
[ADMIN] [4/13/2017 09:44] [PENJUALAN] CASHIER FORM : cashierDataGridView_CellValueChanged, subtotal value [-998000]
[ADMIN] [4/13/2017 09:44] [PENJUALAN] CASHIER FORM : cashierDataGridView_CellValueChanged, attempt to calculate total value
[ADMIN] [4/13/2017 09:44] [PENJUALAN] CASHIER FORM : calculateTotal
[ADMIN] [4/13/2017 09:44] [PENJUALAN] CASHIER FORM : calculateTotal [-998000]
[ADMIN] [4/13/2017 09:44] [PENJUALAN] CASHIER FORM : calculateTotal, totalAfterDisc [-998000]
[ADMIN] [4/13/2017 09:44] [PENJUALAN] CASHIER FORM : calculateChangeValue, bayarTextBox.Text [Rp53.261]
[ADMIN] [4/13/2017 09:44] [PENJUALAN] CASHIER FORM : calculateChangeValue, sisaBayar [1051261]
[ADMIN] [4/13/2017 09:44] [PENJUALAN] CASHIER FORM : Combobox_KeyUp, cashierDataGridView.CurrentCell.OwningColumn.Name  [productPrice]
[ADMIN] [4/13/2017 09:44] [PENJUALAN] CASHIER FORM : cashierDataGridView_CellValueChanged [productPrice]
[ADMIN] [4/13/2017 09:44] [PENJUALAN] CASHIER FORM : cashierDataGridView_CellValueChanged, previousInput [10000000000]
[ADMIN] [4/13/2017 09:44] [PENJUALAN] CASHIER FORM : cashierDataGridView_CellValueChanged, dataGridViewTextBoxEditingControl.Text pass REGEX Checking
[ADMIN] [4/13/2017 09:44] [PENJUALAN] CASHIER FORM : CALCULATE SUBTOTAL
[ADMIN] [4/13/2017 09:44] [PENJUALAN] CASHIER FORM : SUBTOTAL [-989000]
[ADMIN] [4/13/2017 09:44] [PENJUALAN] CASHIER FORM : cashierDataGridView_CellValueChanged, subtotal value [-989000]
[ADMIN] [4/13/2017 09:44] [PENJUALAN] CASHIER FORM : cashierDataGridView_CellValueChanged, attempt to calculate total value
[ADMIN] [4/13/2017 09:44] [PENJUALAN] CASHIER FORM : calculateTotal
[ADMIN] [4/13/2017 09:44] [PENJUALAN] CASHIER FORM : calculateTotal [-989000]
[ADMIN] [4/13/2017 09:44] [PENJUALAN] CASHIER FORM : calculateTotal, totalAfterDisc [-989000]
[ADMIN] [4/13/2017 09:44] [PENJUALAN] CASHIER FORM : calculateChangeValue, bayarTextBox.Text [Rp53.261]
[ADMIN] [4/13/2017 09:44] [PENJUALAN] CASHIER FORM : calculateChangeValue, sisaBayar [1042261]
[ADMIN] [4/13/2017 09:44] [PENJUALAN] CASHIER FORM : Combobox_KeyUp, cashierDataGridView.CurrentCell.OwningColumn.Name  [productPrice]
[ADMIN] [4/13/2017 09:44] [PENJUALAN] CASHIER FORM : cashierDataGridView_CellValueChanged [productPrice]
[ADMIN] [4/13/2017 09:44] [PENJUALAN] CASHIER FORM : cashierDataGridView_CellValueChanged, previousInput [100000000000]
[ADMIN] [4/13/2017 09:44] [PENJUALAN] CASHIER FORM : cashierDataGridView_CellValueChanged, dataGridViewTextBoxEditingControl.Text pass REGEX Checking
[ADMIN] [4/13/2017 09:44] [PENJUALAN] CASHIER FORM : CALCULATE SUBTOTAL
[ADMIN] [4/13/2017 09:44] [PENJUALAN] CASHIER FORM : SUBTOTAL [-899000]
[ADMIN] [4/13/2017 09:44] [PENJUALAN] CASHIER FORM : cashierDataGridView_CellValueChanged, subtotal value [-899000]
[ADMIN] [4/13/2017 09:44] [PENJUALAN] CASHIER FORM : cashierDataGridView_CellValueChanged, attempt to calculate total value
[ADMIN] [4/13/2017 09:44] [PENJUALAN] CASHIER FORM : calculateTotal
[ADMIN] [4/13/2017 09:44] [PENJUALAN] CASHIER FORM : calculateTotal [-899000]
[ADMIN] [4/13/2017 09:44] [PENJUALAN] CASHIER FORM : calculateTotal, totalAfterDisc [-899000]
[ADMIN] [4/13/2017 09:44] [PENJUALAN] CASHIER FORM : calculateChangeValue, bayarTextBox.Text [Rp53.261]
[ADMIN] [4/13/2017 09:44] [PENJUALAN] CASHIER FORM : calculateChangeValue, sisaBayar [952261]
[ADMIN] [4/13/2017 09:44] [PENJUALAN] CASHIER FORM : Combobox_KeyUp, cashierDataGridView.CurrentCell.OwningColumn.Name  [productPrice]
[ADMIN] [4/13/2017 09:44] [PENJUALAN] CASHIER FORM : cashierDataGridView_CellValueChanged [productPrice]
[ADMIN] [4/13/2017 09:44] [PENJUALAN] CASHIER FORM : cashierDataGridView_CellValueChanged, previousInput [1000000000000]
[ADMIN] [4/13/2017 09:44] [PENJUALAN] CASHIER FORM : cashierDataGridView_CellValueChanged, dataGridViewTextBoxEditingControl.Text pass REGEX Checking
[ADMIN] [4/13/2017 09:44] [PENJUALAN] CASHIER FORM : CALCULATE SUBTOTAL
[ADMIN] [4/13/2017 09:44] [PENJUALAN] CASHIER FORM : SUBTOTAL [1000]
[ADMIN] [4/13/2017 09:44] [PENJUALAN] CASHIER FORM : cashierDataGridView_CellValueChanged, subtotal value [1000]
[ADMIN] [4/13/2017 09:44] [PENJUALAN] CASHIER FORM : cashierDataGridView_CellValueChanged, attempt to calculate total value
[ADMIN] [4/13/2017 09:44] [PENJUALAN] CASHIER FORM : calculateTotal
[ADMIN] [4/13/2017 09:44] [PENJUALAN] CASHIER FORM : calculateTotal [1000]
[ADMIN] [4/13/2017 09:44] [PENJUALAN] CASHIER FORM : calculateTotal, totalAfterDisc [1000]
[ADMIN] [4/13/2017 09:44] [PENJUALAN] CASHIER FORM : calculateChangeValue, bayarTextBox.Text [Rp53.261]
[ADMIN] [4/13/2017 09:44] [PENJUALAN] CASHIER FORM : calculateChangeValue, sisaBayar [52261]
[ADMIN] [4/13/2017 09:44] [PENJUALAN] CASHIER FORM : Combobox_KeyUp, cashierDataGridView.CurrentCell.OwningColumn.Name  [productPrice]
[ADMIN] [4/13/2017 09:44] [PENJUALAN] CASHIER FORM : cashierDataGridView_CellValueChanged [productPrice]
[ADMIN] [4/13/2017 09:44] [PENJUALAN] CASHIER FORM : cashierDataGridView_CellValueChanged, previousInput [10000000000000]
[ADMIN] [4/13/2017 09:44] [PENJUALAN] CASHIER FORM : cashierDataGridView_CellValueChanged, dataGridViewTextBoxEditingControl.Text pass REGEX Checking
[ADMIN] [4/13/2017 09:44] [PENJUALAN] CASHIER FORM : CALCULATE SUBTOTAL
[ADMIN] [4/13/2017 09:44] [PENJUALAN] CASHIER FORM : SUBTOTAL [9001000]
[ADMIN] [4/13/2017 09:44] [PENJUALAN] CASHIER FORM : cashierDataGridView_CellValueChanged, subtotal value [9001000]
[ADMIN] [4/13/2017 09:44] [PENJUALAN] CASHIER FORM : cashierDataGridView_CellValueChanged, attempt to calculate total value
[ADMIN] [4/13/2017 09:44] [PENJUALAN] CASHIER FORM : calculateTotal
[ADMIN] [4/13/2017 09:44] [PENJUALAN] CASHIER FORM : calculateTotal [9001000]
[ADMIN] [4/13/2017 09:44] [PENJUALAN] CASHIER FORM : calculateTotal, totalAfterDisc [9001000]
[ADMIN] [4/13/2017 09:44] [PENJUALAN] CASHIER FORM : calculateChangeValue, bayarTextBox.Text [Rp53.261]
[ADMIN] [4/13/2017 09:44] [PENJUALAN] CASHIER FORM : calculateChangeValue, sisaBayar [0]
[ADMIN] [4/13/2017 09:44] [PENJUALAN] CASHIER FORM : Combobox_KeyUp, cashierDataGridView.CurrentCell.OwningColumn.Name  [productPrice]
[ADMIN] [4/13/2017 09:44] [PENJUALAN] CASHIER FORM : cashierDataGridView_CellValueChanged [productPrice]
[ADMIN] [4/13/2017 09:44] [PENJUALAN] CASHIER FORM : cashierDataGridView_CellValueChanged, previousInput [100000000000000]
[ADMIN] [4/13/2017 09:44] [PENJUALAN] CASHIER FORM : cashierDataGridView_CellValueChanged, dataGridViewTextBoxEditingControl.Text pass REGEX Checking
[ADMIN] [4/13/2017 09:44] [PENJUALAN] CASHIER FORM : CALCULATE SUBTOTAL
[ADMIN] [4/13/2017 09:44] [PENJUALAN] CASHIER FORM : SUBTOTAL [1000]
[ADMIN] [4/13/2017 09:44] [PENJUALAN] CASHIER FORM : cashierDataGridView_CellValueChanged, subtotal value [1000]
[ADMIN] [4/13/2017 09:44] [PENJUALAN] CASHIER FORM : cashierDataGridView_CellValueChanged, attempt to calculate total value
[ADMIN] [4/13/2017 09:44] [PENJUALAN] CASHIER FORM : calculateTotal
[ADMIN] [4/13/2017 09:44] [PENJUALAN] CASHIER FORM : calculateTotal [1000]
[ADMIN] [4/13/2017 09:44] [PENJUALAN] CASHIER FORM : calculateTotal, totalAfterDisc [1000]
[ADMIN] [4/13/2017 09:44] [PENJUALAN] CASHIER FORM : calculateChangeValue, bayarTextBox.Text [Rp53.261]
[ADMIN] [4/13/2017 09:44] [PENJUALAN] CASHIER FORM : calculateChangeValue, sisaBayar [52261]
[ADMIN] [4/13/2017 09:44] [PENJUALAN] CASHIER FORM : Combobox_KeyUp, cashierDataGridView.CurrentCell.OwningColumn.Name  [productPrice]
[ADMIN] [4/13/2017 09:44] [PENJUALAN] CASHIER FORM : HOTKEY TO SAVE AND PRINT OUT INVOICE PRESSED
[ADMIN] [4/13/2017 09:44] [PENJUALAN] CASHIER FORM : UNREGISTER HOTKEY
[ADMIN] [4/13/2017 09:44] [PENJUALAN] CASHIER FORM : REGISTER HOTKEY
[ADMIN] [4/13/2017 09:44] [PENJUALAN] ATTEMPT TO SAVE AND PRINT OUT INVOICE
[ADMIN] [4/13/2017 09:44] [PENJUALAN] CASHIER FORM : UNREGISTER HOTKEY
[ADMIN] [4/13/2017 09:44] [PENJUALAN] CASHIER FORM : REGISTER HOTKEY
[ADMIN] [4/13/2017 09:44] [PENJUALAN] CASHIER FORM : UNREGISTER HOTKEY
[ADMIN] [4/13/2017 09:44] [PENJUALAN] CASHIER FORM : ATTEMPT TO SAVE SALES DATA [13-04-2017 09:44]
[ADMIN] [4/13/2017 09:44] [PENJUALAN] CASHIER FORM : SALES DISC FINAL [0]
[ADMIN] [4/13/2017 09:44] [PENJUALAN] CASHIER FORM : CASH SALES
[ADMIN] [4/13/2017 09:44] [PENJUALAN] RETURN SALES DETAIL EXPIRY AMOUNT [SLO001-2]
[ADMIN] [4/13/2017 09:44] [PENJUALAN] RETURN SALES DETAIL AMOUNT [SLO001-2]
[ADMIN] [4/13/2017 09:44] [PENJUALAN] UPDATE SALES HEADER [SLO001-2]
[ADMIN] [4/13/2017 09:44] [PENJUALAN] DELETE SALES DETAIL EXPIRY [SLO001-2]
[ADMIN] [4/13/2017 09:44] [PENJUALAN] DELETE SALES DETAIL[SLO001-2]
[ADMIN] [4/13/2017 09:44] [PENJUALAN] SAVE TO SALES REVISI HISTORY [SLO001-2]
[ADMIN] [4/13/2017 09:44] [PENJUALAN] INSERT INTO SALES DETAIL[PF-102, 10000000000000, 10]
[ADMIN] [4/13/2017 09:44] [PENJUALAN] EXCEPTION THROWN [Out of range value for column 'PRODUCT_SALES_PRICE' at row 1]
[ADMIN] [4/13/2017 09:44] [PENJUALAN] RETURN SALES DETAIL EXPIRY AMOUNT [SLO001-2]
[ADMIN] [4/13/2017 09:44] [PENJUALAN] RETURN SALES DETAIL AMOUNT [SLO001-2]
[ADMIN] [4/13/2017 09:44] [PENJUALAN] CASHIER FORM : REGISTER HOTKEY
[ADMIN] [4/13/2017 09:44] [PENJUALAN] CASHIER FORM : cashierDataGridView_CellValueChanged [productPrice]
[ADMIN] [4/13/2017 09:44] [PENJUALAN] CASHIER FORM : cashierDataGridView_CellValueChanged, previousInput [10000000000000]
[ADMIN] [4/13/2017 09:44] [PENJUALAN] CASHIER FORM : cashierDataGridView_CellValueChanged, dataGridViewTextBoxEditingControl.Text pass REGEX Checking
[ADMIN] [4/13/2017 09:44] [PENJUALAN] CASHIER FORM : CALCULATE SUBTOTAL
[ADMIN] [4/13/2017 09:44] [PENJUALAN] CASHIER FORM : SUBTOTAL [-999000]
[ADMIN] [4/13/2017 09:44] [PENJUALAN] CASHIER FORM : cashierDataGridView_CellValueChanged, subtotal value [-999000]
[ADMIN] [4/13/2017 09:44] [PENJUALAN] CASHIER FORM : cashierDataGridView_CellValueChanged, attempt to calculate total value
[ADMIN] [4/13/2017 09:44] [PENJUALAN] CASHIER FORM : calculateTotal
[ADMIN] [4/13/2017 09:44] [PENJUALAN] CASHIER FORM : calculateTotal [-999000]
[ADMIN] [4/13/2017 09:44] [PENJUALAN] CASHIER FORM : calculateTotal, totalAfterDisc [-999000]
[ADMIN] [4/13/2017 09:44] [PENJUALAN] CASHIER FORM : calculateChangeValue, bayarTextBox.Text [Rp53.261]
[ADMIN] [4/13/2017 09:44] [PENJUALAN] CASHIER FORM : calculateChangeValue, sisaBayar [1052261]
[ADMIN] [4/13/2017 09:44] [PENJUALAN] CASHIER FORM : Combobox_KeyUp, cashierDataGridView.CurrentCell.OwningColumn.Name  [productPrice]
[ADMIN] [4/13/2017 09:44] [PENJUALAN] CASHIER FORM : cashierDataGridView_CellValueChanged [productPrice]
[ADMIN] [4/13/2017 09:44] [PENJUALAN] CASHIER FORM : cashierDataGridView_CellValueChanged, previousInput [1]
[ADMIN] [4/13/2017 09:44] [PENJUALAN] CASHIER FORM : cashierDataGridView_CellValueChanged, dataGridViewTextBoxEditingControl.Text pass REGEX Checking
[ADMIN] [4/13/2017 09:44] [PENJUALAN] CASHIER FORM : CALCULATE SUBTOTAL
[ADMIN] [4/13/2017 09:44] [PENJUALAN] CASHIER FORM : SUBTOTAL [-999000]
[ADMIN] [4/13/2017 09:44] [PENJUALAN] CASHIER FORM : cashierDataGridView_CellValueChanged, subtotal value [-999000]
[ADMIN] [4/13/2017 09:44] [PENJUALAN] CASHIER FORM : cashierDataGridView_CellValueChanged, attempt to calculate total value
[ADMIN] [4/13/2017 09:44] [PENJUALAN] CASHIER FORM : calculateTotal
[ADMIN] [4/13/2017 09:44] [PENJUALAN] CASHIER FORM : calculateTotal [-999000]
[ADMIN] [4/13/2017 09:44] [PENJUALAN] CASHIER FORM : calculateTotal, totalAfterDisc [-999000]
[ADMIN] [4/13/2017 09:44] [PENJUALAN] CASHIER FORM : calculateChangeValue, bayarTextBox.Text [Rp53.261]
[ADMIN] [4/13/2017 09:44] [PENJUALAN] CASHIER FORM : calculateChangeValue, sisaBayar [1052261]
[ADMIN] [4/13/2017 09:44] [PENJUALAN] CASHIER FORM : Combobox_KeyUp, cashierDataGridView.CurrentCell.OwningColumn.Name  [productPrice]
[ADMIN] [4/13/2017 09:44] [PENJUALAN] CASHIER FORM : cashierDataGridView_CellValueChanged [productPrice]
[ADMIN] [4/13/2017 09:44] [PENJUALAN] CASHIER FORM : cashierDataGridView_CellValueChanged, previousInput [10]
[ADMIN] [4/13/2017 09:44] [PENJUALAN] CASHIER FORM : cashierDataGridView_CellValueChanged, dataGridViewTextBoxEditingControl.Text pass REGEX Checking
[ADMIN] [4/13/2017 09:44] [PENJUALAN] CASHIER FORM : CALCULATE SUBTOTAL
[ADMIN] [4/13/2017 09:44] [PENJUALAN] CASHIER FORM : SUBTOTAL [-999000]
[ADMIN] [4/13/2017 09:44] [PENJUALAN] CASHIER FORM : cashierDataGridView_CellValueChanged, subtotal value [-999000]
[ADMIN] [4/13/2017 09:44] [PENJUALAN] CASHIER FORM : cashierDataGridView_CellValueChanged, attempt to calculate total value
[ADMIN] [4/13/2017 09:44] [PENJUALAN] CASHIER FORM : calculateTotal
[ADMIN] [4/13/2017 09:44] [PENJUALAN] CASHIER FORM : calculateTotal [-999000]
[ADMIN] [4/13/2017 09:44] [PENJUALAN] CASHIER FORM : calculateTotal, totalAfterDisc [-999000]
[ADMIN] [4/13/2017 09:44] [PENJUALAN] CASHIER FORM : calculateChangeValue, bayarTextBox.Text [Rp53.261]
[ADMIN] [4/13/2017 09:44] [PENJUALAN] CASHIER FORM : calculateChangeValue, sisaBayar [1052261]
[ADMIN] [4/13/2017 09:44] [PENJUALAN] CASHIER FORM : Combobox_KeyUp, cashierDataGridView.CurrentCell.OwningColumn.Name  [productPrice]
[ADMIN] [4/13/2017 09:44] [PENJUALAN] CASHIER FORM : cashierDataGridView_CellValueChanged [productPrice]
[ADMIN] [4/13/2017 09:44] [PENJUALAN] CASHIER FORM : cashierDataGridView_CellValueChanged, previousInput [100]
[ADMIN] [4/13/2017 09:44] [PENJUALAN] CASHIER FORM : cashierDataGridView_CellValueChanged, dataGridViewTextBoxEditingControl.Text pass REGEX Checking
[ADMIN] [4/13/2017 09:44] [PENJUALAN] CASHIER FORM : CALCULATE SUBTOTAL
[ADMIN] [4/13/2017 09:44] [PENJUALAN] CASHIER FORM : SUBTOTAL [-999000]
[ADMIN] [4/13/2017 09:44] [PENJUALAN] CASHIER FORM : cashierDataGridView_CellValueChanged, subtotal value [-999000]
[ADMIN] [4/13/2017 09:44] [PENJUALAN] CASHIER FORM : cashierDataGridView_CellValueChanged, attempt to calculate total value
[ADMIN] [4/13/2017 09:44] [PENJUALAN] CASHIER FORM : calculateTotal
[ADMIN] [4/13/2017 09:44] [PENJUALAN] CASHIER FORM : calculateTotal [-999000]
[ADMIN] [4/13/2017 09:44] [PENJUALAN] CASHIER FORM : calculateTotal, totalAfterDisc [-999000]
[ADMIN] [4/13/2017 09:44] [PENJUALAN] CASHIER FORM : calculateChangeValue, bayarTextBox.Text [Rp53.261]
[ADMIN] [4/13/2017 09:44] [PENJUALAN] CASHIER FORM : calculateChangeValue, sisaBayar [1052261]
[ADMIN] [4/13/2017 09:44] [PENJUALAN] CASHIER FORM : Combobox_KeyUp, cashierDataGridView.CurrentCell.OwningColumn.Name  [productPrice]
[ADMIN] [4/13/2017 09:44] [PENJUALAN] CASHIER FORM : HOTKEY TO SAVE AND PRINT OUT INVOICE PRESSED
[ADMIN] [4/13/2017 09:44] [PENJUALAN] CASHIER FORM : UNREGISTER HOTKEY
[ADMIN] [4/13/2017 09:44] [PENJUALAN] CASHIER FORM : REGISTER HOTKEY
[ADMIN] [4/13/2017 09:44] [PENJUALAN] ATTEMPT TO SAVE AND PRINT OUT INVOICE
[ADMIN] [4/13/2017 09:44] [PENJUALAN] CASHIER FORM : UNREGISTER HOTKEY
[ADMIN] [4/13/2017 09:44] [PENJUALAN] CASHIER FORM : REGISTER HOTKEY
[ADMIN] [4/13/2017 09:44] [PENJUALAN] CASHIER FORM : UNREGISTER HOTKEY
[ADMIN] [4/13/2017 09:44] [PENJUALAN] CASHIER FORM : ATTEMPT TO SAVE SALES DATA [13-04-2017 09:44]
[ADMIN] [4/13/2017 09:44] [PENJUALAN] CASHIER FORM : SALES DISC FINAL [0]
[ADMIN] [4/13/2017 09:44] [PENJUALAN] CASHIER FORM : CASH SALES
[ADMIN] [4/13/2017 09:44] [PENJUALAN] RETURN SALES DETAIL EXPIRY AMOUNT [SLO001-2]
[ADMIN] [4/13/2017 09:44] [PENJUALAN] RETURN SALES DETAIL AMOUNT [SLO001-2]
[ADMIN] [4/13/2017 09:44] [PENJUALAN] UPDATE SALES HEADER [SLO001-2]
[ADMIN] [4/13/2017 09:44] [PENJUALAN] DELETE SALES DETAIL EXPIRY [SLO001-2]
[ADMIN] [4/13/2017 09:44] [PENJUALAN] DELETE SALES DETAIL[SLO001-2]
[ADMIN] [4/13/2017 09:44] [PENJUALAN] SAVE TO SALES REVISI HISTORY [SLO001-2]
[ADMIN] [4/13/2017 09:44] [PENJUALAN] INSERT INTO SALES DETAIL[PF-102, 1000, 10]
[ADMIN] [4/13/2017 09:44] [PENJUALAN] REDUCE STOCK AT MASTER PRODUCT [PF-102]
[ADMIN] [4/13/2017 09:44] [PENJUALAN] REDUCE STOCK AT PRODUCT_EXPIRY LOT [231]
[ADMIN] [4/13/2017 09:44] [PENJUALAN] SAVE PRODUCT LOT INFORMATION FOR EACH ITEM AND AMOUNT
[ADMIN] [4/13/2017 09:44] [PENJUALAN] UPDATE CREDIT TABLE [SLO001-2]
[ADMIN] [4/13/2017 09:44] [PENJUALAN] INSERT TO DAILY JOURNAL TABLE [1052261]
[ADMIN] [4/13/2017 09:44] [PENJUALAN] CASHIER FORM : REGISTER HOTKEY
[ADMIN] [4/13/2017 09:44] [PENJUALAN] TRANSACTION SAVED
[ADMIN] [4/13/2017 09:44] [PENJUALAN] PRINT OUT INVOICE
[ADMIN] [4/13/2017 09:44] [PENJUALAN] CASHIER FORM : PrintReceipt
[ADMIN] [4/13/2017 09:44] [PENJUALAN] CASHIER FORM : PrintReceipt, papermode [1]
[ADMIN] [4/13/2017 09:45] [PENJUALAN] CASHIER FORM : PrintReceipt, display SalesReceiptForm
[ADMIN] [4/13/2017 09:45] [PENJUALAN] CASHIER FORM : HOTKEY TO SAVE AND PRINT OUT INVOICE PRESSED
[ADMIN] [4/13/2017 09:45] [PENJUALAN] CASHIER FORM : UNREGISTER HOTKEY
[ADMIN] [4/13/2017 09:45] [PENJUALAN] CASHIER FORM : REGISTER HOTKEY
[ADMIN] [4/13/2017 09:45] [PENJUALAN] ATTEMPT TO SAVE AND PRINT OUT INVOICE
[ADMIN] [4/13/2017 09:45] [PENJUALAN] CASHIER FORM : UNREGISTER HOTKEY
[ADMIN] [4/13/2017 09:45] [PENJUALAN] CASHIER FORM : REGISTER HOTKEY
[ADMIN] [4/13/2017 09:45] [PENJUALAN] CASHIER FORM : UNREGISTER HOTKEY
[ADMIN] [4/13/2017 09:45] [PENJUALAN] CASHIER FORM : ATTEMPT TO SAVE SALES DATA [13-04-2017 09:45]
[ADMIN] [4/13/2017 09:45] [PENJUALAN] CASHIER FORM : SALES DISC FINAL [0]
[ADMIN] [4/13/2017 09:45] [PENJUALAN] CASHIER FORM : CASH SALES
[ADMIN] [4/13/2017 09:45] [PENJUALAN] RETURN SALES DETAIL EXPIRY AMOUNT [SLO001-2]
[ADMIN] [4/13/2017 09:45] [PENJUALAN] RETURN SALES DETAIL AMOUNT [SLO001-2]
[ADMIN] [4/13/2017 09:45] [PENJUALAN] UPDATE SALES HEADER [SLO001-2]
[ADMIN] [4/13/2017 09:45] [PENJUALAN] DELETE SALES DETAIL EXPIRY [SLO001-2]
[ADMIN] [4/13/2017 09:45] [PENJUALAN] DELETE SALES DETAIL[SLO001-2]
[ADMIN] [4/13/2017 09:45] [PENJUALAN] SAVE TO SALES REVISI HISTORY [SLO001-2]
[ADMIN] [4/13/2017 09:45] [PENJUALAN] INSERT INTO SALES DETAIL[PF-102, 1000, 10]
[ADMIN] [4/13/2017 09:45] [PENJUALAN] REDUCE STOCK AT MASTER PRODUCT [PF-102]
[ADMIN] [4/13/2017 09:45] [PENJUALAN] REDUCE STOCK AT PRODUCT_EXPIRY LOT [231]
[ADMIN] [4/13/2017 09:45] [PENJUALAN] SAVE PRODUCT LOT INFORMATION FOR EACH ITEM AND AMOUNT
[ADMIN] [4/13/2017 09:45] [PENJUALAN] UPDATE CREDIT TABLE [SLO001-2]
[ADMIN] [4/13/2017 09:45] [PENJUALAN] INSERT TO DAILY JOURNAL TABLE [0]
[ADMIN] [4/13/2017 09:45] [PENJUALAN] CASHIER FORM : REGISTER HOTKEY
[ADMIN] [4/13/2017 09:45] [PENJUALAN] TRANSACTION SAVED
[ADMIN] [4/13/2017 09:45] [PENJUALAN] PRINT OUT INVOICE
[ADMIN] [4/13/2017 09:45] [PENJUALAN] CASHIER FORM : PrintReceipt
[ADMIN] [4/13/2017 09:45] [PENJUALAN] CASHIER FORM : PrintReceipt, papermode [1]
[ADMIN] [4/13/2017 09:45] [PENJUALAN] CASHIER FORM : PrintReceipt, display SalesReceiptForm
[ADMIN] [4/13/2017 09:45] [PENJUALAN] CASHIER FORM : UNREGISTER HOTKEY
[ADMIN] [4/13/2017 09:45] [PENJUALAN] CASHIER FORM : REGISTER HOTKEY
[ADMIN] [4/13/2017 09:45] [PENJUALAN] CASHIER FORM : UNREGISTER HOTKEY
[ADMIN] [4/13/2017 09:45] [PENJUALAN] CASHIER FORM : REGISTER HOTKEY
[ADMIN] [4/13/2017 09:45] [PENJUALAN] CASHIER FORM : UNREGISTER HOTKEY
[ADMIN] [4/13/2017 09:45] [PENJUALAN] CASHIER FORM : REGISTER HOTKEY
[ADMIN] [4/13/2017 09:45] [PENJUALAN] CASHIER FORM : UPDATE ROW NUMBER, TOTAL ROW [1]
[ADMIN] [4/13/2017 09:45] [PENJUALAN] CASHIER FORM : cashierDataGridView_CellValueChanged [F8]
[ADMIN] [4/13/2017 09:45] [PENJUALAN] CASHIER FORM : UNREGISTER HOTKEY
[ADMIN] [4/13/2017 09:45] [PENJUALAN] CASHIER FORM : REGISTER HOTKEY
[ADMIN] [4/13/2017 09:45] [PENJUALAN] CASHIER FORM : UNREGISTER HOTKEY
[ADMIN] [4/13/2017 09:45] [PENJUALAN] CASHIER FORM : REGISTER HOTKEY
[ADMIN] [4/13/2017 09:45] [PENJUALAN] CASHIER FORM : UPDATE ROW NUMBER, TOTAL ROW [1]
[ADMIN] [4/13/2017 09:45] [PENJUALAN] CASHIER FORM : UNREGISTER HOTKEY
[ADMIN] [4/13/2017 09:45] [PENJUALAN] CASHIER FORM : UNREGISTER HOTKEY
[ADMIN] [4/13/2017 09:49] [] USER ID = 1LOGOUT
