[] [7/31/2017 00:00] [] USER = ADMIN IS ACTIVE
[ADMIN] [7/31/2017 00:00] [] USER ID = 1 LOGIN SUCCESSFULLY
[ADMIN] [7/31/2017 00:00] [] ACTIVATE USER ACCESS RIGHT
[ADMIN] [7/31/2017 00:00] [] DISPLAY ADMIN FORM
[ADMIN] [7/31/2017 00:00] [] adminForm Load
[ADMIN] [7/31/2017 00:00] [] ACTIVATE USER ACCESS RIGHT
[ADMIN] [7/31/2017 00:03] [RETUR PERMINTAAN KE PUSAT] RETUR PERMINTAAN : detailReturDataGridView_CellValueChanged [productID]
[ADMIN] [7/31/2017 00:03] [RETUR PERMINTAAN KE PUSAT] RETUR PERMINTAAN : detailReturDataGridView_CellValueChanged [productID]
[ADMIN] [7/31/2017 00:03] [RETUR PERMINTAAN KE PUSAT] RETUR PERMINTAAN : detailReturDataGridView_CellValueChanged [productName]
[ADMIN] [7/31/2017 00:03] [RETUR PERMINTAAN KE PUSAT] updateSomeRowsContent, PRODUCT_BASE_PRICE [17850]
[ADMIN] [7/31/2017 00:03] [RETUR PERMINTAAN KE PUSAT] RETUR PERMINTAAN : detailReturDataGridView_CellValueChanged [HPP]
[ADMIN] [7/31/2017 00:03] [RETUR PERMINTAAN KE PUSAT] RETUR PERMINTAAN : detailReturDataGridView_CellValueChanged [qty]
[ADMIN] [7/31/2017 00:03] [RETUR PERMINTAAN KE PUSAT] RETUR PERMINTAAN : detailReturDataGridView_CellValueChanged [subTotal]
[ADMIN] [7/31/2017 00:03] [RETUR PERMINTAAN KE PUSAT] RETUR PERMINTAAN : detailReturDataGridView_CellValueChanged [subTotal]
[ADMIN] [7/31/2017 00:03] [RETUR PERMINTAAN KE PUSAT] updateSomeRowsContent, attempt to calculate total
[ADMIN] [7/31/2017 00:03] [RETUR PERMINTAAN KE PUSAT] RETUR PERMINTAAN : detailReturDataGridView_CellValueChanged [expiryDateValue]
[ADMIN] [7/31/2017 00:03] [RETUR PERMINTAAN KE PUSAT] RETUR PERMINTAAN : detailReturDataGridView_CellValueChanged [expiryDate]
[ADMIN] [7/31/2017 00:03] [RETUR PERMINTAAN KE PUSAT] RETUR PERMINTAAN : detailReturDataGridView_CellValueChanged [qty]
[ADMIN] [7/31/2017 00:03] [RETUR PERMINTAAN KE PUSAT] RETUR PERMINTAAN : detailReturDataGridView_CellValueChanged [subTotal]
[ADMIN] [7/31/2017 00:03] [RETUR PERMINTAAN KE PUSAT] RETUR PERMINTAAN : detailReturDataGridView_CellValueChanged [subTotal]
[ADMIN] [7/31/2017 00:04] [] USER ID = 1LOGOUT
