[] [4/10/2017 01:39] [] USER = ADMIN IS ACTIVE
[ADMIN] [4/10/2017 01:39] [] USER ID = 1 LOGIN SUCCESSFULLY
[ADMIN] [4/10/2017 01:39] [] ACTIVATE USER ACCESS RIGHT
[ADMIN] [4/10/2017 01:39] [] DISPLAY ADMIN FORM
[ADMIN] [4/10/2017 01:39] [] adminForm Load
[ADMIN] [4/10/2017 01:39] [] ACTIVATE USER ACCESS RIGHT
[ADMIN] [4/10/2017 01:39] [PENJUALAN] CASHIER FORM : MULTIPLE CASHIER INSTANCE [1]
[ADMIN] [4/10/2017 01:39] [PENJUALAN] CASHIER FORM : REGISTER HOTKEY
[ADMIN] [4/10/2017 01:39] [PENJUALAN] CASHIER FORM : cashierForm_Load, ATTEMPT TO LOAD NO FAKTUR
[ADMIN] [4/10/2017 01:39] [PENJUALAN] CASHIER FORM : loadNoFaktur, noFakturValue [SLO001]
[ADMIN] [4/10/2017 01:39] [PENJUALAN] CASHIER FORM : cashierForm_Load, ATTEMPT TO addColumnToDataGrid
[ADMIN] [4/10/2017 01:39] [PENJUALAN] CASHIER FORM : UPDATE ROW NUMBER, TOTAL ROW [1]
[ADMIN] [4/10/2017 01:39] [PENJUALAN] CASHIER FORM : calculateTotal
[ADMIN] [4/10/2017 01:39] [PENJUALAN] CASHIER FORM : calculateTotal [0]
[ADMIN] [4/10/2017 01:39] [PENJUALAN] CASHIER FORM : calculateTotal, totalAfterDisc [0]
[ADMIN] [4/10/2017 01:39] [PENJUALAN] CASHIER FORM : calculateChangeValue, bayarTextBox.Text [0]
[ADMIN] [4/10/2017 01:39] [PENJUALAN] CASHIER FORM : calculateChangeValue, sisaBayar [0]
[ADMIN] [4/10/2017 01:39] [PENJUALAN] CASHIER FORM : REGISTER HOTKEY
[ADMIN] [4/10/2017 01:39] [PENJUALAN] CASHIER FORM : Combobox_previewKeyDown, cashierDataGridView.CurrentCell.OwningColumn.Name  [productID]
[ADMIN] [4/10/2017 01:39] [PENJUALAN] CASHIER FORM : UPDATE ROW NUMBER, TOTAL ROW [2]
[ADMIN] [4/10/2017 01:39] [PENJUALAN] CASHIER FORM : cashierDataGridView_CellValueChanged [F8]
[ADMIN] [4/10/2017 01:39] [PENJUALAN] CASHIER FORM : cashierDataGridView_CellValueChanged [productID]
[ADMIN] [4/10/2017 01:39] [PENJUALAN] CASHIER FORM : Combobox_KeyUp, cashierDataGridView.CurrentCell.OwningColumn.Name  [productID]
[ADMIN] [4/10/2017 01:39] [PENJUALAN] CASHIER FORM : Combobox_previewKeyDown, cashierDataGridView.CurrentCell.OwningColumn.Name  [productID]
[ADMIN] [4/10/2017 01:39] [PENJUALAN] CASHIER FORM : cashierDataGridView_CellValueChanged [productID]
[ADMIN] [4/10/2017 01:39] [PENJUALAN] CASHIER FORM : Combobox_KeyUp, cashierDataGridView.CurrentCell.OwningColumn.Name  [productID]
[ADMIN] [4/10/2017 01:39] [PENJUALAN] CASHIER FORM : Combobox_previewKeyDown, cashierDataGridView.CurrentCell.OwningColumn.Name  [productID]
[ADMIN] [4/10/2017 01:39] [PENJUALAN] CASHIER FORM : cashierDataGridView_CellValueChanged [productID]
[ADMIN] [4/10/2017 01:39] [PENJUALAN] CASHIER FORM : Combobox_previewKeyDown, cashierDataGridView.CurrentCell.OwningColumn.Name  [productID]
[ADMIN] [4/10/2017 01:39] [PENJUALAN] CASHIER FORM : cashierDataGridView_CellValueChanged [productID]
[ADMIN] [4/10/2017 01:39] [PENJUALAN] CASHIER FORM : Combobox_KeyUp, cashierDataGridView.CurrentCell.OwningColumn.Name  [productID]
[ADMIN] [4/10/2017 01:39] [PENJUALAN] CASHIER FORM : Combobox_KeyUp, cashierDataGridView.CurrentCell.OwningColumn.Name  [productID]
[ADMIN] [4/10/2017 01:39] [PENJUALAN] CASHIER FORM : Combobox_previewKeyDown, cashierDataGridView.CurrentCell.OwningColumn.Name  [productID]
[ADMIN] [4/10/2017 01:39] [PENJUALAN] CASHIER FORM : UNREGISTER HOTKEY
[ADMIN] [4/10/2017 01:39] [PENJUALAN] CASHIER FORM : ADD NEW ROW FROM BARCODE [ALPO PUPPY 1 KG]
[ADMIN] [4/10/2017 01:39] [PENJUALAN] CASHIER FORM : updateSomeRowContents
[ADMIN] [4/10/2017 01:39] [PENJUALAN] CASHIER FORM : cashierDataGridView_CellValueChanged [productID]
[ADMIN] [4/10/2017 01:39] [PENJUALAN] CASHIER FORM : cashierDataGridView_CellValueChanged [productName]
[ADMIN] [4/10/2017 01:39] [PENJUALAN] CASHIER FORM : updateSomeRowContents
[ADMIN] [4/10/2017 01:39] [PENJUALAN] CASHIER FORM : PRODUCT PRICE TYPE [PRODUCT_BASE_PRICE]
[ADMIN] [4/10/2017 01:39] [PENJUALAN] CASHIER FORM : PRODUCT PRICE [29250]
[ADMIN] [4/10/2017 01:39] [PENJUALAN] CASHIER FORM : ComboBox_SelectedIndexChanged, PRODUCT_BASE_PRICE [29250]
[ADMIN] [4/10/2017 01:39] [PENJUALAN] CASHIER FORM : cashierDataGridView_CellValueChanged [hpp]
[ADMIN] [4/10/2017 01:39] [PENJUALAN] CASHIER FORM : PRODUCT PRICE TYPE [PRODUCT_RETAIL_PRICE]
[ADMIN] [4/10/2017 01:39] [PENJUALAN] CASHIER FORM : PRODUCT PRICE [35000]
[ADMIN] [4/10/2017 01:39] [PENJUALAN] CASHIER FORM : ComboBox_SelectedIndexChanged, PRODUCT_SALES_PRICE [35000]
[ADMIN] [4/10/2017 01:39] [PENJUALAN] CASHIER FORM : cashierDataGridView_CellValueChanged [productPrice]
[ADMIN] [4/10/2017 01:39] [PENJUALAN] CASHIER FORM : cashierDataGridView_CellValueChanged, previousInput [0]
[ADMIN] [4/10/2017 01:39] [PENJUALAN] CASHIER FORM : cashierDataGridView_CellValueChanged, cellValue [35000]
[ADMIN] [4/10/2017 01:39] [PENJUALAN] CASHIER FORM : cashierDataGridView_CellValueChanged, dataGridViewTextBoxEditingControl.Text pass REGEX Checking
[ADMIN] [4/10/2017 01:39] [PENJUALAN] CASHIER FORM : CALCULATE SUBTOTAL
[ADMIN] [4/10/2017 01:39] [PENJUALAN] CASHIER FORM : SUBTOTAL [0]
[ADMIN] [4/10/2017 01:39] [PENJUALAN] CASHIER FORM : cashierDataGridView_CellValueChanged, subtotal value [0]
[ADMIN] [4/10/2017 01:39] [PENJUALAN] CASHIER FORM : cashierDataGridView_CellValueChanged, attempt to calculate total value
[ADMIN] [4/10/2017 01:39] [PENJUALAN] CASHIER FORM : calculateTotal
[ADMIN] [4/10/2017 01:39] [PENJUALAN] CASHIER FORM : calculateTotal [0]
[ADMIN] [4/10/2017 01:39] [PENJUALAN] CASHIER FORM : calculateTotal, totalAfterDisc [0]
[ADMIN] [4/10/2017 01:39] [PENJUALAN] CASHIER FORM : calculateChangeValue, bayarTextBox.Text [0]
[ADMIN] [4/10/2017 01:39] [PENJUALAN] CASHIER FORM : calculateChangeValue, sisaBayar [0]
[ADMIN] [4/10/2017 01:39] [PENJUALAN] CASHIER FORM : cashierDataGridView_CellValueChanged [qty]
[ADMIN] [4/10/2017 01:39] [PENJUALAN] CASHIER FORM : cashierDataGridView_CellValueChanged, previousInput [0]
[ADMIN] [4/10/2017 01:39] [PENJUALAN] CASHIER FORM : cashierDataGridView_CellValueChanged [jumlah]
[ADMIN] [4/10/2017 01:39] [PENJUALAN] CASHIER FORM : calculateTotal
[ADMIN] [4/10/2017 01:39] [PENJUALAN] CASHIER FORM : calculateTotal [0]
[ADMIN] [4/10/2017 01:39] [PENJUALAN] CASHIER FORM : calculateTotal, totalAfterDisc [0]
[ADMIN] [4/10/2017 01:39] [PENJUALAN] CASHIER FORM : calculateChangeValue, bayarTextBox.Text [0]
[ADMIN] [4/10/2017 01:39] [PENJUALAN] CASHIER FORM : calculateChangeValue, sisaBayar [0]
[ADMIN] [4/10/2017 01:39] [PENJUALAN] CASHIER FORM : CHECK STOCK QTY IS ENOUGH [ALPO-P1]
[ADMIN] [4/10/2017 01:39] [PENJUALAN] CASHIER FORM : CHECK STOCK QTY IS ENOUGH [220, 1]
[ADMIN] [4/10/2017 01:39] [PENJUALAN] CASHIER FORM : cashierDataGridView_CellValueChanged [qty]
[ADMIN] [4/10/2017 01:39] [PENJUALAN] CASHIER FORM : cashierDataGridView_CellValueChanged, previousInput [0]
[ADMIN] [4/10/2017 01:39] [PENJUALAN] CASHIER FORM : cashierDataGridView_CellValueChanged, cellValue [1]
[ADMIN] [4/10/2017 01:39] [PENJUALAN] CASHIER FORM : cashierDataGridView_CellValueChanged, dataGridViewTextBoxEditingControl.Text pass REGEX Checking
[ADMIN] [4/10/2017 01:39] [PENJUALAN] CASHIER FORM : CHECK STOCK QTY IS ENOUGH [ALPO-P1]
[ADMIN] [4/10/2017 01:39] [PENJUALAN] CASHIER FORM : CHECK STOCK QTY IS ENOUGH [220, 1]
[ADMIN] [4/10/2017 01:39] [PENJUALAN] CASHIER FORM : CALCULATE SUBTOTAL
[ADMIN] [4/10/2017 01:39] [PENJUALAN] CASHIER FORM : SUBTOTAL [35000]
[ADMIN] [4/10/2017 01:39] [PENJUALAN] CASHIER FORM : cashierDataGridView_CellValueChanged, subtotal value [35000]
[ADMIN] [4/10/2017 01:39] [PENJUALAN] CASHIER FORM : cashierDataGridView_CellValueChanged, attempt to calculate total value
[ADMIN] [4/10/2017 01:39] [PENJUALAN] CASHIER FORM : calculateTotal
[ADMIN] [4/10/2017 01:39] [PENJUALAN] CASHIER FORM : calculateTotal [35000]
[ADMIN] [4/10/2017 01:39] [PENJUALAN] CASHIER FORM : calculateTotal, totalAfterDisc [35000]
[ADMIN] [4/10/2017 01:39] [PENJUALAN] CASHIER FORM : calculateChangeValue, bayarTextBox.Text [0]
[ADMIN] [4/10/2017 01:39] [PENJUALAN] CASHIER FORM : calculateChangeValue, sisaBayar [0]
[ADMIN] [4/10/2017 01:39] [PENJUALAN] CASHIER FORM : SET QTY TO 1 BECAUSE OF NEW ROW
[ADMIN] [4/10/2017 01:39] [PENJUALAN] CASHIER FORM : CALCULATE SUBTOTAL
[ADMIN] [4/10/2017 01:39] [PENJUALAN] CASHIER FORM : SUBTOTAL [35000]
[ADMIN] [4/10/2017 01:39] [PENJUALAN] CASHIER FORM : calculateTotal
[ADMIN] [4/10/2017 01:39] [PENJUALAN] CASHIER FORM : calculateTotal [35000]
[ADMIN] [4/10/2017 01:39] [PENJUALAN] CASHIER FORM : calculateTotal, totalAfterDisc [35000]
[ADMIN] [4/10/2017 01:39] [PENJUALAN] CASHIER FORM : calculateChangeValue, bayarTextBox.Text [0]
[ADMIN] [4/10/2017 01:39] [PENJUALAN] CASHIER FORM : calculateChangeValue, sisaBayar [0]
[ADMIN] [4/10/2017 01:39] [PENJUALAN] CASHIER FORM : UPDATE ROW NUMBER, TOTAL ROW [2]
[ADMIN] [4/10/2017 01:39] [PENJUALAN] CASHIER FORM : cashierDataGridView_CellValueChanged [F8]
[ADMIN] [4/10/2017 01:39] [PENJUALAN] CASHIER FORM : REGISTER HOTKEY
[ADMIN] [4/10/2017 01:39] [PENJUALAN] CASHIER FORM : Combobox_KeyUp, cashierDataGridView.CurrentCell.OwningColumn.Name  [qty]
[ADMIN] [4/10/2017 01:39] [PENJUALAN] CASHIER FORM : cashierDataGridView_CellValueChanged [qty]
[ADMIN] [4/10/2017 01:39] [PENJUALAN] CASHIER FORM : cashierDataGridView_CellValueChanged, previousInput [1]
[ADMIN] [4/10/2017 01:39] [PENJUALAN] CASHIER FORM : cashierDataGridView_CellValueChanged, dataGridViewTextBoxEditingControl.Text pass REGEX Checking
[ADMIN] [4/10/2017 01:39] [PENJUALAN] CASHIER FORM : CHECK STOCK QTY IS ENOUGH [ALPO-P1]
[ADMIN] [4/10/2017 01:39] [PENJUALAN] CASHIER FORM : CHECK STOCK QTY IS ENOUGH [220, 2]
[ADMIN] [4/10/2017 01:39] [PENJUALAN] CASHIER FORM : CALCULATE SUBTOTAL
[ADMIN] [4/10/2017 01:39] [PENJUALAN] CASHIER FORM : SUBTOTAL [70000]
[ADMIN] [4/10/2017 01:39] [PENJUALAN] CASHIER FORM : cashierDataGridView_CellValueChanged, subtotal value [70000]
[ADMIN] [4/10/2017 01:39] [PENJUALAN] CASHIER FORM : cashierDataGridView_CellValueChanged, attempt to calculate total value
[ADMIN] [4/10/2017 01:39] [PENJUALAN] CASHIER FORM : calculateTotal
[ADMIN] [4/10/2017 01:39] [PENJUALAN] CASHIER FORM : calculateTotal [70000]
[ADMIN] [4/10/2017 01:39] [PENJUALAN] CASHIER FORM : calculateTotal, totalAfterDisc [70000]
[ADMIN] [4/10/2017 01:39] [PENJUALAN] CASHIER FORM : calculateChangeValue, bayarTextBox.Text [0]
[ADMIN] [4/10/2017 01:39] [PENJUALAN] CASHIER FORM : calculateChangeValue, sisaBayar [0]
[ADMIN] [4/10/2017 01:39] [PENJUALAN] CASHIER FORM : Combobox_KeyUp, cashierDataGridView.CurrentCell.OwningColumn.Name  [qty]
[ADMIN] [4/10/2017 01:39] [PENJUALAN] CASHIER FORM : cashierDataGridView_CellValueChanged [qty]
[ADMIN] [4/10/2017 01:39] [PENJUALAN] CASHIER FORM : cashierDataGridView_CellValueChanged, previousInput [2]
[ADMIN] [4/10/2017 01:39] [PENJUALAN] CASHIER FORM : cashierDataGridView_CellValueChanged, dataGridViewTextBoxEditingControl.Text pass REGEX Checking
[ADMIN] [4/10/2017 01:39] [PENJUALAN] CASHIER FORM : CHECK STOCK QTY IS ENOUGH [ALPO-P1]
[ADMIN] [4/10/2017 01:39] [PENJUALAN] CASHIER FORM : CHECK STOCK QTY IS ENOUGH [220, 22]
[ADMIN] [4/10/2017 01:39] [PENJUALAN] CASHIER FORM : CALCULATE SUBTOTAL
[ADMIN] [4/10/2017 01:39] [PENJUALAN] CASHIER FORM : SUBTOTAL [770000]
[ADMIN] [4/10/2017 01:39] [PENJUALAN] CASHIER FORM : cashierDataGridView_CellValueChanged, subtotal value [770000]
[ADMIN] [4/10/2017 01:39] [PENJUALAN] CASHIER FORM : cashierDataGridView_CellValueChanged, attempt to calculate total value
[ADMIN] [4/10/2017 01:39] [PENJUALAN] CASHIER FORM : calculateTotal
[ADMIN] [4/10/2017 01:39] [PENJUALAN] CASHIER FORM : calculateTotal [770000]
[ADMIN] [4/10/2017 01:39] [PENJUALAN] CASHIER FORM : calculateTotal, totalAfterDisc [770000]
[ADMIN] [4/10/2017 01:39] [PENJUALAN] CASHIER FORM : calculateChangeValue, bayarTextBox.Text [0]
[ADMIN] [4/10/2017 01:39] [PENJUALAN] CASHIER FORM : calculateChangeValue, sisaBayar [0]
[ADMIN] [4/10/2017 01:39] [PENJUALAN] CASHIER FORM : Combobox_KeyUp, cashierDataGridView.CurrentCell.OwningColumn.Name  [qty]
[ADMIN] [4/10/2017 01:39] [PENJUALAN] CASHIER FORM : cashierDataGridView_CellValueChanged [qty]
[ADMIN] [4/10/2017 01:39] [PENJUALAN] CASHIER FORM : cashierDataGridView_CellValueChanged, previousInput [22]
[ADMIN] [4/10/2017 01:39] [PENJUALAN] CASHIER FORM : cashierDataGridView_CellValueChanged, dataGridViewTextBoxEditingControl.Text pass REGEX Checking
[ADMIN] [4/10/2017 01:39] [PENJUALAN] CASHIER FORM : CHECK STOCK QTY IS ENOUGH [ALPO-P1]
[ADMIN] [4/10/2017 01:39] [PENJUALAN] CASHIER FORM : CHECK STOCK QTY IS ENOUGH [220, 222]
[ADMIN] [4/10/2017 01:39] [PENJUALAN] CASHIER FORM : CALCULATE SUBTOTAL
[ADMIN] [4/10/2017 01:39] [PENJUALAN] CASHIER FORM : SUBTOTAL [770000]
[ADMIN] [4/10/2017 01:39] [PENJUALAN] CASHIER FORM : cashierDataGridView_CellValueChanged, subtotal value [770000]
[ADMIN] [4/10/2017 01:39] [PENJUALAN] CASHIER FORM : cashierDataGridView_CellValueChanged, attempt to calculate total value
[ADMIN] [4/10/2017 01:39] [PENJUALAN] CASHIER FORM : calculateTotal
[ADMIN] [4/10/2017 01:39] [PENJUALAN] CASHIER FORM : calculateTotal [770000]
[ADMIN] [4/10/2017 01:39] [PENJUALAN] CASHIER FORM : calculateTotal, totalAfterDisc [770000]
[ADMIN] [4/10/2017 01:39] [PENJUALAN] CASHIER FORM : calculateChangeValue, bayarTextBox.Text [0]
[ADMIN] [4/10/2017 01:39] [PENJUALAN] CASHIER FORM : calculateChangeValue, sisaBayar [0]
[ADMIN] [4/10/2017 01:39] [PENJUALAN] CASHIER FORM : Combobox_KeyUp, cashierDataGridView.CurrentCell.OwningColumn.Name  [qty]
[ADMIN] [4/10/2017 01:39] [PENJUALAN] CASHIER FORM : cashierDataGridView_CellValueChanged [qty]
[ADMIN] [4/10/2017 01:39] [PENJUALAN] CASHIER FORM : cashierDataGridView_CellValueChanged, previousInput [22]
[ADMIN] [4/10/2017 01:39] [PENJUALAN] CASHIER FORM : cashierDataGridView_CellValueChanged, dataGridViewTextBoxEditingControl.Text pass REGEX Checking
[ADMIN] [4/10/2017 01:39] [PENJUALAN] CASHIER FORM : CHECK STOCK QTY IS ENOUGH [ALPO-P1]
[ADMIN] [4/10/2017 01:39] [PENJUALAN] CASHIER FORM : CHECK STOCK QTY IS ENOUGH [220, 2222]
[ADMIN] [4/10/2017 01:39] [PENJUALAN] CASHIER FORM : CALCULATE SUBTOTAL
[ADMIN] [4/10/2017 01:39] [PENJUALAN] CASHIER FORM : SUBTOTAL [770000]
[ADMIN] [4/10/2017 01:39] [PENJUALAN] CASHIER FORM : cashierDataGridView_CellValueChanged, subtotal value [770000]
[ADMIN] [4/10/2017 01:39] [PENJUALAN] CASHIER FORM : cashierDataGridView_CellValueChanged, attempt to calculate total value
[ADMIN] [4/10/2017 01:39] [PENJUALAN] CASHIER FORM : calculateTotal
[ADMIN] [4/10/2017 01:39] [PENJUALAN] CASHIER FORM : calculateTotal [770000]
[ADMIN] [4/10/2017 01:39] [PENJUALAN] CASHIER FORM : calculateTotal, totalAfterDisc [770000]
[ADMIN] [4/10/2017 01:39] [PENJUALAN] CASHIER FORM : calculateChangeValue, bayarTextBox.Text [0]
[ADMIN] [4/10/2017 01:39] [PENJUALAN] CASHIER FORM : calculateChangeValue, sisaBayar [0]
[ADMIN] [4/10/2017 01:39] [PENJUALAN] CASHIER FORM : Combobox_KeyUp, cashierDataGridView.CurrentCell.OwningColumn.Name  [qty]
[ADMIN] [4/10/2017 01:39] [PENJUALAN] CASHIER FORM : cashierDataGridView_CellValueChanged [qty]
[ADMIN] [4/10/2017 01:39] [PENJUALAN] CASHIER FORM : cashierDataGridView_CellValueChanged, previousInput [22]
[ADMIN] [4/10/2017 01:39] [PENJUALAN] CASHIER FORM : cashierDataGridView_CellValueChanged, dataGridViewTextBoxEditingControl.Text pass REGEX Checking
[ADMIN] [4/10/2017 01:39] [PENJUALAN] CASHIER FORM : CHECK STOCK QTY IS ENOUGH [ALPO-P1]
[ADMIN] [4/10/2017 01:39] [PENJUALAN] CASHIER FORM : CHECK STOCK QTY IS ENOUGH [220, 22222]
[ADMIN] [4/10/2017 01:39] [PENJUALAN] CASHIER FORM : CALCULATE SUBTOTAL
[ADMIN] [4/10/2017 01:39] [PENJUALAN] CASHIER FORM : SUBTOTAL [770000]
[ADMIN] [4/10/2017 01:39] [PENJUALAN] CASHIER FORM : cashierDataGridView_CellValueChanged, subtotal value [770000]
[ADMIN] [4/10/2017 01:39] [PENJUALAN] CASHIER FORM : cashierDataGridView_CellValueChanged, attempt to calculate total value
[ADMIN] [4/10/2017 01:39] [PENJUALAN] CASHIER FORM : calculateTotal
[ADMIN] [4/10/2017 01:39] [PENJUALAN] CASHIER FORM : calculateTotal [770000]
[ADMIN] [4/10/2017 01:39] [PENJUALAN] CASHIER FORM : calculateTotal, totalAfterDisc [770000]
[ADMIN] [4/10/2017 01:39] [PENJUALAN] CASHIER FORM : calculateChangeValue, bayarTextBox.Text [0]
[ADMIN] [4/10/2017 01:39] [PENJUALAN] CASHIER FORM : calculateChangeValue, sisaBayar [0]
[ADMIN] [4/10/2017 01:39] [PENJUALAN] CASHIER FORM : Combobox_KeyUp, cashierDataGridView.CurrentCell.OwningColumn.Name  [qty]
[ADMIN] [4/10/2017 01:40] [PENJUALAN] CASHIER FORM : UNREGISTER HOTKEY
[ADMIN] [4/10/2017 01:40] [PENJUALAN] CASHIER FORM : UNREGISTER HOTKEY
[ADMIN] [4/10/2017 01:40] [] USER ID = 1LOGOUT
