[] [4/10/2017 14:03] [] USER = ADMIN IS ACTIVE
[ADMIN] [4/10/2017 14:03] [] USER ID = 1 LOGIN SUCCESSFULLY
[ADMIN] [4/10/2017 14:03] [] ACTIVATE USER ACCESS RIGHT
[ADMIN] [4/10/2017 14:03] [] DISPLAY ADMIN FORM
[ADMIN] [4/10/2017 14:03] [] adminForm Load
[ADMIN] [4/10/2017 14:03] [] ACTIVATE USER ACCESS RIGHT
[] [4/10/2017 14:07] [] USER = ADMIN IS ACTIVE
[ADMIN] [4/10/2017 14:07] [] USER ID = 1 LOGIN SUCCESSFULLY
[ADMIN] [4/10/2017 14:07] [] ACTIVATE USER ACCESS RIGHT
[ADMIN] [4/10/2017 14:07] [] DISPLAY ADMIN FORM
[ADMIN] [4/10/2017 14:07] [] adminForm Load
[ADMIN] [4/10/2017 14:07] [] ACTIVATE USER ACCESS RIGHT
[] [4/12/2017 00:21] [] USER = ADMIN IS ACTIVE
[ADMIN] [4/12/2017 00:21] [] USER ID = 1 LOGIN SUCCESSFULLY
[ADMIN] [4/12/2017 00:21] [] ACTIVATE USER ACCESS RIGHT
[ADMIN] [4/12/2017 00:21] [] DISPLAY ADMIN FORM
[ADMIN] [4/12/2017 00:21] [] adminForm Load
[ADMIN] [4/12/2017 00:21] [] ACTIVATE USER ACCESS RIGHT
[ADMIN] [4/12/2017 00:22] [PENERIMAAN BARANG] PENERIMAAN BARANG : detailGridView_CellValueChanged [productID]
[ADMIN] [4/12/2017 00:22] [PENERIMAAN BARANG] PENERIMAAN BARANG : detailGridView_CellValueChanged [productID]
[ADMIN] [4/12/2017 00:22] [PENERIMAAN BARANG] PENERIMAAN BARANG : detailGridView_CellValueChanged [productID]
[ADMIN] [4/12/2017 00:22] [PENERIMAAN BARANG] PENERIMAAN BARANG : detailGridView_CellValueChanged [productID]
[ADMIN] [4/12/2017 00:22] [PENERIMAAN BARANG] PENERIMAAN BARANG : detailGridView_CellValueChanged [productName]
[ADMIN] [4/12/2017 00:22] [PENJUALAN] CASHIER FORM : ComboBox_SelectedIndexChanged, PRODUCT_BASE_PRICE [395604.55]
[ADMIN] [4/12/2017 00:22] [PENERIMAAN BARANG] PENERIMAAN BARANG : detailGridView_CellValueChanged [hpp]
[ADMIN] [4/12/2017 00:22] [PENERIMAAN BARANG] PENERIMAAN BARANG : detailGridView_CellValueChanged [subtotal]
[ADMIN] [4/12/2017 00:22] [PENERIMAAN BARANG] PENERIMAAN BARANG : detailGridView_CellValueChanged [qtyReceived]
[ADMIN] [4/12/2017 00:22] [PENERIMAAN BARANG] PENERIMAAN BARANG : detailGridView_CellValueChanged [subtotal]
[ADMIN] [4/12/2017 00:22] [PENJUALAN] CASHIER FORM : ComboBox_SelectedIndexChanged, attempt to calculate total
[ADMIN] [4/12/2017 00:22] [PENERIMAAN BARANG] PENERIMAAN BARANG : detailGridView_CellValueChanged [qtyReceived]
[ADMIN] [4/12/2017 00:22] [PENERIMAAN BARANG] PENERIMAAN BARANG : detailGridView_CellValueChanged [subtotal]
[ADMIN] [4/12/2017 00:22] [PENERIMAAN BARANG] PENERIMAAN BARANG : detailGridView_CellValueChanged [subtotal]
[ADMIN] [4/12/2017 00:22] [PENERIMAAN BARANG] PENERIMAAN BARANG : detailGridView_CellValueChanged [expiryDate]
[ADMIN] [4/12/2017 00:22] [PENERIMAAN BARANG] PENERIMAAN BARANG : detailGridView_CellValueChanged [expiryDateValue]
[ADMIN] [4/12/2017 00:22] [PENERIMAAN BARANG] SAVE PENERIMAAN BARANG
[ADMIN] [4/12/2017 00:22] [PENERIMAAN BARANG] DIRECT PENERIMAAN BARANG, THEREFORE CALCULATE TAX LIMIT
[ADMIN] [4/12/2017 00:22] [PENERIMAAN BARANG] CHECK IF TAX LIMIT SET FOR PERCENTAGE PURCHASE [0]
[ADMIN] [4/12/2017 00:22] [PENERIMAAN BARANG] CHECK IF TAX LIMIT SET FOR AVERAGE DAILY PURCHASE [0]
[ADMIN] [4/12/2017 00:22] [PENERIMAAN BARANG] INSERT PENERIMAAN BARANG [1]
[ADMIN] [4/12/2017 00:22] [PENERIMAAN BARANG] INSERT PO DATA BECAUSE OF DIRECT PENERIMAAN [1]
[ADMIN] [4/12/2017 00:22] [PENERIMAAN BARANG] SAVE DETAIL PENERIMAAN [FUN-ADM20, 395604.55, 1]
[ADMIN] [4/12/2017 00:22] [PENERIMAAN BARANG] UPDATE MASTER PRODUCT DATA [FUN-ADM20]
[ADMIN] [4/12/2017 00:22] [PENERIMAAN BARANG] INSERT TO PRODUCT EXPIRY [FUN-ADM20]
[ADMIN] [4/12/2017 00:22] [PENERIMAAN BARANG] INSERT TO PURCHASE DETAIL [FUN-ADM20]
[ADMIN] [4/12/2017 00:22] [PENERIMAAN BARANG] INSERT INTO DEBT [1]
[ADMIN] [4/12/2017 00:22] [PENERIMAAN BARANG] PENERIMAAN BARANG SAVED
[ADMIN] [4/12/2017 00:22] [PENERIMAAN BARANG] PENERIMAAN BARANG : detailGridView_CellValueChanged [productID]
[ADMIN] [4/12/2017 00:22] [PENERIMAAN BARANG] PENERIMAAN BARANG : detailGridView_CellValueChanged [productID]
[ADMIN] [4/12/2017 00:22] [PENERIMAAN BARANG] PENERIMAAN BARANG : detailGridView_CellValueChanged [productID]
[ADMIN] [4/12/2017 00:22] [PENERIMAAN BARANG] PENERIMAAN BARANG : detailGridView_CellValueChanged [productID]
[ADMIN] [4/12/2017 00:22] [PENERIMAAN BARANG] PENERIMAAN BARANG : detailGridView_CellValueChanged [productName]
[ADMIN] [4/12/2017 00:22] [PENJUALAN] CASHIER FORM : ComboBox_SelectedIndexChanged, PRODUCT_BASE_PRICE [395604.55]
[ADMIN] [4/12/2017 00:22] [PENERIMAAN BARANG] PENERIMAAN BARANG : detailGridView_CellValueChanged [hpp]
[ADMIN] [4/12/2017 00:22] [PENERIMAAN BARANG] PENERIMAAN BARANG : detailGridView_CellValueChanged [subtotal]
[ADMIN] [4/12/2017 00:22] [PENERIMAAN BARANG] PENERIMAAN BARANG : detailGridView_CellValueChanged [qtyReceived]
[ADMIN] [4/12/2017 00:22] [PENERIMAAN BARANG] PENERIMAAN BARANG : detailGridView_CellValueChanged [subtotal]
[ADMIN] [4/12/2017 00:22] [PENJUALAN] CASHIER FORM : ComboBox_SelectedIndexChanged, attempt to calculate total
[ADMIN] [4/12/2017 00:22] [PENERIMAAN BARANG] PENERIMAAN BARANG : detailGridView_CellValueChanged [qtyReceived]
[ADMIN] [4/12/2017 00:22] [PENERIMAAN BARANG] PENERIMAAN BARANG : detailGridView_CellValueChanged [subtotal]
[ADMIN] [4/12/2017 00:22] [PENERIMAAN BARANG] PENERIMAAN BARANG : detailGridView_CellValueChanged [subtotal]
[ADMIN] [4/12/2017 00:22] [PENERIMAAN BARANG] PENERIMAAN BARANG : detailGridView_CellValueChanged [expiryDate]
[ADMIN] [4/12/2017 00:22] [PENERIMAAN BARANG] PENERIMAAN BARANG : detailGridView_CellValueChanged [expiryDateValue]
[ADMIN] [4/12/2017 00:22] [PENERIMAAN BARANG] SAVE PENERIMAAN BARANG
[ADMIN] [4/12/2017 00:22] [PENERIMAAN BARANG] DIRECT PENERIMAAN BARANG, THEREFORE CALCULATE TAX LIMIT
[ADMIN] [4/12/2017 00:22] [PENERIMAAN BARANG] CHECK IF TAX LIMIT SET FOR PERCENTAGE PURCHASE [0]
[ADMIN] [4/12/2017 00:22] [PENERIMAAN BARANG] CHECK IF TAX LIMIT SET FOR AVERAGE DAILY PURCHASE [0]
[ADMIN] [4/12/2017 00:22] [PENERIMAAN BARANG] INSERT PENERIMAAN BARANG [2]
[ADMIN] [4/12/2017 00:22] [PENERIMAAN BARANG] INSERT PO DATA BECAUSE OF DIRECT PENERIMAAN [2]
[ADMIN] [4/12/2017 00:22] [PENERIMAAN BARANG] EXCEPTION THROWN [Unknown column 'FUN' in 'where clause']
[ADMIN] [4/12/2017 00:23] [] USER ID = 1LOGOUT
