[] [5/6/2017 10:51] [] USER = ADMIN IS ACTIVE
[ADMIN] [5/6/2017 10:51] [] USER ID = 1 LOGIN SUCCESSFULLY
[ADMIN] [5/6/2017 10:51] [] ACTIVATE USER ACCESS RIGHT
[ADMIN] [5/6/2017 10:51] [] DISPLAY ADMIN FORM
[ADMIN] [5/6/2017 10:51] [] adminForm Load
[ADMIN] [5/6/2017 10:51] [] ACTIVATE USER ACCESS RIGHT
[ADMIN] [5/6/2017 10:52] [PENJUALAN] CASHIER FORM : MULTIPLE CASHIER INSTANCE [1]
[ADMIN] [5/6/2017 10:52] [PENJUALAN] CASHIER FORM : REGISTER HOTKEY
[ADMIN] [5/6/2017 10:52] [PENJUALAN] CASHIER FORM : cashierForm_Load, ATTEMPT TO LOAD NO FAKTUR
[ADMIN] [5/6/2017 10:52] [PENJUALAN] CASHIER FORM : loadNoFaktur, noFakturValue [SLO001]
[ADMIN] [5/6/2017 10:52] [PENJUALAN] CASHIER FORM : cashierForm_Load, ATTEMPT TO addColumnToDataGrid
[ADMIN] [5/6/2017 10:52] [PENJUALAN] CASHIER FORM : UPDATE ROW NUMBER, TOTAL ROW [1]
[ADMIN] [5/6/2017 10:52] [PENJUALAN] CASHIER FORM : calculateTotal
[ADMIN] [5/6/2017 10:52] [PENJUALAN] CASHIER FORM : calculateTotal [0]
[ADMIN] [5/6/2017 10:52] [PENJUALAN] CASHIER FORM : calculateTotal, totalAfterDisc [0]
[ADMIN] [5/6/2017 10:52] [PENJUALAN] CASHIER FORM : calculateChangeValue, bayarTextBox.Text [0]
[ADMIN] [5/6/2017 10:52] [PENJUALAN] CASHIER FORM : calculateChangeValue, sisaBayar [0]
[ADMIN] [5/6/2017 10:52] [PENJUALAN] CASHIER FORM : REGISTER HOTKEY
[ADMIN] [5/6/2017 10:52] [PENJUALAN] CASHIER FORM : Combobox_KeyUp, cashierDataGridView.CurrentCell.OwningColumn.Name  [productID]
[ADMIN] [5/6/2017 10:52] [PENJUALAN] CASHIER FORM : Combobox_previewKeyDown, cashierDataGridView.CurrentCell.OwningColumn.Name  [productID]
[ADMIN] [5/6/2017 10:52] [PENJUALAN] CASHIER FORM : UPDATE ROW NUMBER, TOTAL ROW [2]
[ADMIN] [5/6/2017 10:52] [PENJUALAN] CASHIER FORM : cashierDataGridView_CellValueChanged [F8]
[ADMIN] [5/6/2017 10:52] [PENJUALAN] CASHIER FORM : cashierDataGridView_CellValueChanged [productID]
[ADMIN] [5/6/2017 10:52] [PENJUALAN] CASHIER FORM : Combobox_previewKeyDown, cashierDataGridView.CurrentCell.OwningColumn.Name  [productID]
[ADMIN] [5/6/2017 10:52] [PENJUALAN] CASHIER FORM : cashierDataGridView_CellValueChanged [productID]
[ADMIN] [5/6/2017 10:52] [PENJUALAN] CASHIER FORM : Combobox_KeyUp, cashierDataGridView.CurrentCell.OwningColumn.Name  [productID]
[ADMIN] [5/6/2017 10:52] [PENJUALAN] CASHIER FORM : Combobox_KeyUp, cashierDataGridView.CurrentCell.OwningColumn.Name  [productID]
[ADMIN] [5/6/2017 10:52] [PENJUALAN] CASHIER FORM : Combobox_previewKeyDown, cashierDataGridView.CurrentCell.OwningColumn.Name  [productID]
[ADMIN] [5/6/2017 10:52] [PENJUALAN] CASHIER FORM : cashierDataGridView_CellValueChanged [productID]
[ADMIN] [5/6/2017 10:52] [PENJUALAN] CASHIER FORM : Combobox_KeyUp, cashierDataGridView.CurrentCell.OwningColumn.Name  [productID]
[ADMIN] [5/6/2017 10:52] [PENJUALAN] CASHIER FORM : Combobox_previewKeyDown, cashierDataGridView.CurrentCell.OwningColumn.Name  [productID]
[ADMIN] [5/6/2017 10:52] [PENJUALAN] CASHIER FORM : cashierDataGridView_CellValueChanged [productID]
[ADMIN] [5/6/2017 10:52] [PENJUALAN] CASHIER FORM : Combobox_KeyUp, cashierDataGridView.CurrentCell.OwningColumn.Name  [productID]
[ADMIN] [5/6/2017 10:52] [PENJUALAN] CASHIER FORM : Combobox_previewKeyDown, cashierDataGridView.CurrentCell.OwningColumn.Name  [productID]
[ADMIN] [5/6/2017 10:52] [PENJUALAN] CASHIER FORM : cashierDataGridView_CellValueChanged [productID]
[ADMIN] [5/6/2017 10:52] [PENJUALAN] CASHIER FORM : Combobox_KeyUp, cashierDataGridView.CurrentCell.OwningColumn.Name  [productID]
[ADMIN] [5/6/2017 10:52] [PENJUALAN] CASHIER FORM : Combobox_previewKeyDown, cashierDataGridView.CurrentCell.OwningColumn.Name  [productID]
[ADMIN] [5/6/2017 10:52] [PENJUALAN] CASHIER FORM : UNREGISTER HOTKEY
[ADMIN] [5/6/2017 10:52] [PENJUALAN] CASHIER FORM : ADD NEW ROW FROM BARCODE [ALPO PUPPY 1 KG]
[ADMIN] [5/6/2017 10:52] [PENJUALAN] CASHIER FORM : updateSomeRowContents
[ADMIN] [5/6/2017 10:52] [PENJUALAN] CASHIER FORM : cashierDataGridView_CellValueChanged [productID]
[ADMIN] [5/6/2017 10:52] [PENJUALAN] CASHIER FORM : cashierDataGridView_CellValueChanged [productName]
[ADMIN] [5/6/2017 10:52] [PENJUALAN] CASHIER FORM : updateSomeRowContents
[ADMIN] [5/6/2017 10:52] [PENJUALAN] CASHIER FORM : PRODUCT PRICE TYPE [PRODUCT_BASE_PRICE]
[ADMIN] [5/6/2017 10:52] [PENJUALAN] CASHIER FORM : PRODUCT PRICE [29250]
[ADMIN] [5/6/2017 10:52] [PENJUALAN] CASHIER FORM : ComboBox_SelectedIndexChanged, PRODUCT_BASE_PRICE [29250]
[ADMIN] [5/6/2017 10:52] [PENJUALAN] CASHIER FORM : cashierDataGridView_CellValueChanged [hpp]
[ADMIN] [5/6/2017 10:52] [PENJUALAN] CASHIER FORM : PRODUCT PRICE TYPE [PRODUCT_RETAIL_PRICE]
[ADMIN] [5/6/2017 10:52] [PENJUALAN] CASHIER FORM : PRODUCT PRICE [35000]
[ADMIN] [5/6/2017 10:52] [PENJUALAN] CASHIER FORM : ComboBox_SelectedIndexChanged, PRODUCT_SALES_PRICE [35000]
[ADMIN] [5/6/2017 10:52] [PENJUALAN] CASHIER FORM : cashierDataGridView_CellValueChanged [productPrice]
[ADMIN] [5/6/2017 10:52] [PENJUALAN] CASHIER FORM : cashierDataGridView_CellValueChanged, previousInput [0]
[ADMIN] [5/6/2017 10:52] [PENJUALAN] CASHIER FORM : cashierDataGridView_CellValueChanged, cellValue [35000]
[ADMIN] [5/6/2017 10:52] [PENJUALAN] CASHIER FORM : cashierDataGridView_CellValueChanged, dataGridViewTextBoxEditingControl.Text pass REGEX Checking
[ADMIN] [5/6/2017 10:52] [PENJUALAN] CASHIER FORM : CALCULATE SUBTOTAL
[ADMIN] [5/6/2017 10:52] [PENJUALAN] CASHIER FORM : SUBTOTAL [0]
[ADMIN] [5/6/2017 10:52] [PENJUALAN] CASHIER FORM : cashierDataGridView_CellValueChanged, subtotal value [0]
[ADMIN] [5/6/2017 10:52] [PENJUALAN] CASHIER FORM : cashierDataGridView_CellValueChanged, attempt to calculate total value
[ADMIN] [5/6/2017 10:52] [PENJUALAN] CASHIER FORM : calculateTotal
[ADMIN] [5/6/2017 10:52] [PENJUALAN] CASHIER FORM : calculateTotal [0]
[ADMIN] [5/6/2017 10:52] [PENJUALAN] CASHIER FORM : calculateTotal, totalAfterDisc [0]
[ADMIN] [5/6/2017 10:52] [PENJUALAN] CASHIER FORM : calculateChangeValue, bayarTextBox.Text [0]
[ADMIN] [5/6/2017 10:52] [PENJUALAN] CASHIER FORM : calculateChangeValue, sisaBayar [0]
[ADMIN] [5/6/2017 10:52] [PENJUALAN] CASHIER FORM : cashierDataGridView_CellValueChanged [qty]
[ADMIN] [5/6/2017 10:52] [PENJUALAN] CASHIER FORM : cashierDataGridView_CellValueChanged, previousInput [0]
[ADMIN] [5/6/2017 10:52] [PENJUALAN] CASHIER FORM : cashierDataGridView_CellValueChanged [jumlah]
[ADMIN] [5/6/2017 10:52] [PENJUALAN] CASHIER FORM : calculateTotal
[ADMIN] [5/6/2017 10:52] [PENJUALAN] CASHIER FORM : calculateTotal [0]
[ADMIN] [5/6/2017 10:52] [PENJUALAN] CASHIER FORM : calculateTotal, totalAfterDisc [0]
[ADMIN] [5/6/2017 10:52] [PENJUALAN] CASHIER FORM : calculateChangeValue, bayarTextBox.Text [0]
[ADMIN] [5/6/2017 10:52] [PENJUALAN] CASHIER FORM : calculateChangeValue, sisaBayar [0]
[ADMIN] [5/6/2017 10:52] [PENJUALAN] CASHIER FORM : CHECK STOCK QTY IS ENOUGH [ALPO-P1]
[ADMIN] [5/6/2017 10:52] [PENJUALAN] CASHIER FORM : CHECK STOCK QTY IS ENOUGH [1, 1]
[ADMIN] [5/6/2017 10:52] [PENJUALAN] CASHIER FORM : cashierDataGridView_CellValueChanged [qty]
[ADMIN] [5/6/2017 10:52] [PENJUALAN] CASHIER FORM : cashierDataGridView_CellValueChanged, previousInput [0]
[ADMIN] [5/6/2017 10:52] [PENJUALAN] CASHIER FORM : cashierDataGridView_CellValueChanged, cellValue [1]
[ADMIN] [5/6/2017 10:52] [PENJUALAN] CASHIER FORM : cashierDataGridView_CellValueChanged, dataGridViewTextBoxEditingControl.Text pass REGEX Checking
[ADMIN] [5/6/2017 10:52] [PENJUALAN] CASHIER FORM : CHECK STOCK QTY IS ENOUGH [ALPO-P1]
[ADMIN] [5/6/2017 10:52] [PENJUALAN] CASHIER FORM : CHECK STOCK QTY IS ENOUGH [1, 1]
[ADMIN] [5/6/2017 10:52] [PENJUALAN] CASHIER FORM : CALCULATE SUBTOTAL
[ADMIN] [5/6/2017 10:52] [PENJUALAN] CASHIER FORM : SUBTOTAL [35000]
[ADMIN] [5/6/2017 10:52] [PENJUALAN] CASHIER FORM : cashierDataGridView_CellValueChanged, subtotal value [35000]
[ADMIN] [5/6/2017 10:52] [PENJUALAN] CASHIER FORM : cashierDataGridView_CellValueChanged, attempt to calculate total value
[ADMIN] [5/6/2017 10:52] [PENJUALAN] CASHIER FORM : calculateTotal
[ADMIN] [5/6/2017 10:52] [PENJUALAN] CASHIER FORM : calculateTotal [35000]
[ADMIN] [5/6/2017 10:52] [PENJUALAN] CASHIER FORM : calculateTotal, totalAfterDisc [35000]
[ADMIN] [5/6/2017 10:52] [PENJUALAN] CASHIER FORM : calculateChangeValue, bayarTextBox.Text [0]
[ADMIN] [5/6/2017 10:52] [PENJUALAN] CASHIER FORM : calculateChangeValue, sisaBayar [0]
[ADMIN] [5/6/2017 10:52] [PENJUALAN] CASHIER FORM : SET QTY TO 1 BECAUSE OF NEW ROW
[ADMIN] [5/6/2017 10:52] [PENJUALAN] CASHIER FORM : CALCULATE SUBTOTAL
[ADMIN] [5/6/2017 10:52] [PENJUALAN] CASHIER FORM : SUBTOTAL [35000]
[ADMIN] [5/6/2017 10:52] [PENJUALAN] CASHIER FORM : calculateTotal
[ADMIN] [5/6/2017 10:52] [PENJUALAN] CASHIER FORM : calculateTotal [35000]
[ADMIN] [5/6/2017 10:52] [PENJUALAN] CASHIER FORM : calculateTotal, totalAfterDisc [35000]
[ADMIN] [5/6/2017 10:52] [PENJUALAN] CASHIER FORM : calculateChangeValue, bayarTextBox.Text [0]
[ADMIN] [5/6/2017 10:52] [PENJUALAN] CASHIER FORM : calculateChangeValue, sisaBayar [0]
[ADMIN] [5/6/2017 10:52] [PENJUALAN] CASHIER FORM : UPDATE ROW NUMBER, TOTAL ROW [2]
[ADMIN] [5/6/2017 10:52] [PENJUALAN] CASHIER FORM : cashierDataGridView_CellValueChanged [F8]
[ADMIN] [5/6/2017 10:52] [PENJUALAN] CASHIER FORM : REGISTER HOTKEY
[ADMIN] [5/6/2017 10:52] [PENJUALAN] CASHIER FORM : Combobox_KeyUp, cashierDataGridView.CurrentCell.OwningColumn.Name  [qty]
[ADMIN] [5/6/2017 10:52] [PENJUALAN] CASHIER FORM : PRODUCT PRICE TYPE [PRODUCT_BULK_PRICE]
[ADMIN] [5/6/2017 10:52] [PENJUALAN] CASHIER FORM : PRODUCT PRICE [35000]
[ADMIN] [5/6/2017 10:52] [PENJUALAN] CASHIER FORM : CHECK IF THERE'S ANY ENTRY IN THE PRODUCT DISC
[ADMIN] [5/6/2017 10:52] [PENJUALAN] CASHIER FORM : cashierDataGridView_CellValueChanged [disc1]
[ADMIN] [5/6/2017 10:52] [PENJUALAN] CASHIER FORM : cashierDataGridView_CellValueChanged, previousInput [0]
[ADMIN] [5/6/2017 10:52] [PENJUALAN] CASHIER FORM : cashierDataGridView_CellValueChanged [disc2]
[ADMIN] [5/6/2017 10:52] [PENJUALAN] CASHIER FORM : cashierDataGridView_CellValueChanged, previousInput [0]
[ADMIN] [5/6/2017 10:52] [PENJUALAN] CASHIER FORM : cashierDataGridView_CellValueChanged [discRP]
[ADMIN] [5/6/2017 10:52] [PENJUALAN] CASHIER FORM : cashierDataGridView_CellValueChanged, previousInput [0]
[ADMIN] [5/6/2017 10:52] [PENJUALAN] CASHIER FORM : CALCULATE SUBTOTAL
[ADMIN] [5/6/2017 10:52] [PENJUALAN] CASHIER FORM : SUBTOTAL [35000]
[ADMIN] [5/6/2017 10:52] [PENJUALAN] CASHIER FORM : calculateTotal
[ADMIN] [5/6/2017 10:52] [PENJUALAN] CASHIER FORM : calculateTotal [35000]
[ADMIN] [5/6/2017 10:52] [PENJUALAN] CASHIER FORM : calculateTotal, totalAfterDisc [35000]
[ADMIN] [5/6/2017 10:52] [PENJUALAN] CASHIER FORM : calculateChangeValue, bayarTextBox.Text [0]
[ADMIN] [5/6/2017 10:52] [PENJUALAN] CASHIER FORM : calculateChangeValue, sisaBayar [0]
[ADMIN] [5/6/2017 10:52] [PENJUALAN] CASHIER FORM : PRODUCT PRICE TYPE [PRODUCT_WHOLESALE_PRICE]
[ADMIN] [5/6/2017 10:52] [PENJUALAN] CASHIER FORM : PRODUCT PRICE [35000]
[ADMIN] [5/6/2017 10:52] [PENJUALAN] CASHIER FORM : CHECK IF THERE'S ANY ENTRY IN THE PRODUCT DISC
[ADMIN] [5/6/2017 10:52] [PENJUALAN] CASHIER FORM : CALCULATE SUBTOTAL
[ADMIN] [5/6/2017 10:52] [PENJUALAN] CASHIER FORM : SUBTOTAL [35000]
[ADMIN] [5/6/2017 10:52] [PENJUALAN] CASHIER FORM : calculateTotal
[ADMIN] [5/6/2017 10:52] [PENJUALAN] CASHIER FORM : calculateTotal [35000]
[ADMIN] [5/6/2017 10:52] [PENJUALAN] CASHIER FORM : calculateTotal, totalAfterDisc [35000]
[ADMIN] [5/6/2017 10:52] [PENJUALAN] CASHIER FORM : calculateChangeValue, bayarTextBox.Text [0]
[ADMIN] [5/6/2017 10:52] [PENJUALAN] CASHIER FORM : calculateChangeValue, sisaBayar [0]
[ADMIN] [5/6/2017 10:52] [PENJUALAN] CASHIER FORM : PRODUCT PRICE TYPE [PRODUCT_RETAIL_PRICE]
[ADMIN] [5/6/2017 10:52] [PENJUALAN] CASHIER FORM : PRODUCT PRICE [35000]
[ADMIN] [5/6/2017 10:52] [PENJUALAN] CASHIER FORM : CHECK IF THERE'S ANY ENTRY IN THE PRODUCT DISC
[ADMIN] [5/6/2017 10:52] [PENJUALAN] CASHIER FORM : CALCULATE SUBTOTAL
[ADMIN] [5/6/2017 10:52] [PENJUALAN] CASHIER FORM : SUBTOTAL [35000]
[ADMIN] [5/6/2017 10:52] [PENJUALAN] CASHIER FORM : calculateTotal
[ADMIN] [5/6/2017 10:52] [PENJUALAN] CASHIER FORM : calculateTotal [35000]
[ADMIN] [5/6/2017 10:52] [PENJUALAN] CASHIER FORM : calculateTotal, totalAfterDisc [35000]
[ADMIN] [5/6/2017 10:52] [PENJUALAN] CASHIER FORM : calculateChangeValue, bayarTextBox.Text [0]
[ADMIN] [5/6/2017 10:52] [PENJUALAN] CASHIER FORM : calculateChangeValue, sisaBayar [0]
[ADMIN] [5/6/2017 10:52] [PENJUALAN] CASHIER FORM : UNREGISTER HOTKEY
[ADMIN] [5/6/2017 10:52] [PENJUALAN] CASHIER FORM : REGISTER HOTKEY
[ADMIN] [5/6/2017 10:52] [PENJUALAN] CASHIER FORM : cashierDataGridView_KeyDown ATTEMPT TO DELETE ROW
[ADMIN] [5/6/2017 10:52] [PENJUALAN] CASHIER FORM : deleteCurrentRow [0]
[ADMIN] [5/6/2017 10:52] [PENJUALAN] CASHIER FORM : UPDATE ROW NUMBER, TOTAL ROW [1]
[ADMIN] [5/6/2017 10:52] [PENJUALAN] CASHIER FORM : cashierDataGridView_CellValueChanged [F8]
[ADMIN] [5/6/2017 10:52] [PENJUALAN] CASHIER FORM : calculateTotal
[ADMIN] [5/6/2017 10:52] [PENJUALAN] CASHIER FORM : calculateTotal [0]
[ADMIN] [5/6/2017 10:52] [PENJUALAN] CASHIER FORM : calculateTotal, totalAfterDisc [0]
[ADMIN] [5/6/2017 10:52] [PENJUALAN] CASHIER FORM : calculateChangeValue, bayarTextBox.Text [0]
[ADMIN] [5/6/2017 10:52] [PENJUALAN] CASHIER FORM : calculateChangeValue, sisaBayar [0]
[ADMIN] [5/6/2017 10:52] [PENJUALAN] CASHIER FORM : Combobox_KeyUp, cashierDataGridView.CurrentCell.OwningColumn.Name  [productName]
[ADMIN] [5/6/2017 10:52] [PENJUALAN] CASHIER FORM : Combobox_KeyUp, cashierDataGridView.CurrentCell.OwningColumn.Name  [productName]
[ADMIN] [5/6/2017 10:52] [PENJUALAN] CASHIER FORM : Combobox_KeyUp, cashierDataGridView.CurrentCell.OwningColumn.Name  [productName]
[ADMIN] [5/6/2017 10:52] [PENJUALAN] CASHIER FORM : Combobox_KeyUp, cashierDataGridView.CurrentCell.OwningColumn.Name  [productName]
[ADMIN] [5/6/2017 10:52] [PENJUALAN] CASHIER FORM : productName_previewKeyDown, cashierDataGridView.CurrentCell.OwningColumn.Name  [productName]
[ADMIN] [5/6/2017 10:52] [PENJUALAN] CASHIER FORM : UPDATE ROW NUMBER, TOTAL ROW [2]
[ADMIN] [5/6/2017 10:52] [PENJUALAN] CASHIER FORM : cashierDataGridView_CellValueChanged [F8]
[ADMIN] [5/6/2017 10:52] [PENJUALAN] CASHIER FORM : cashierDataGridView_CellValueChanged [productName]
[ADMIN] [5/6/2017 10:52] [PENJUALAN] CASHIER FORM : updateSomeRowContents
[ADMIN] [5/6/2017 10:52] [PENJUALAN] CASHIER FORM : clearUpSomeRowContents
[ADMIN] [5/6/2017 10:52] [PENJUALAN] CASHIER FORM : cashierDataGridView_CellValueChanged [productName]
[ADMIN] [5/6/2017 10:52] [PENJUALAN] CASHIER FORM : cashierDataGridView_CellValueChanged [hpp]
[ADMIN] [5/6/2017 10:52] [PENJUALAN] CASHIER FORM : cashierDataGridView_CellValueChanged [productPrice]
[ADMIN] [5/6/2017 10:52] [PENJUALAN] CASHIER FORM : cashierDataGridView_CellValueChanged, previousInput [0]
[ADMIN] [5/6/2017 10:52] [PENJUALAN] CASHIER FORM : cashierDataGridView_CellValueChanged [qty]
[ADMIN] [5/6/2017 10:52] [PENJUALAN] CASHIER FORM : cashierDataGridView_CellValueChanged, previousInput [0]
[ADMIN] [5/6/2017 10:52] [PENJUALAN] CASHIER FORM : cashierDataGridView_CellValueChanged [disc1]
[ADMIN] [5/6/2017 10:52] [PENJUALAN] CASHIER FORM : cashierDataGridView_CellValueChanged, previousInput [0]
[ADMIN] [5/6/2017 10:52] [PENJUALAN] CASHIER FORM : cashierDataGridView_CellValueChanged [disc2]
[ADMIN] [5/6/2017 10:52] [PENJUALAN] CASHIER FORM : cashierDataGridView_CellValueChanged, previousInput [0]
[ADMIN] [5/6/2017 10:52] [PENJUALAN] CASHIER FORM : cashierDataGridView_CellValueChanged [discRP]
[ADMIN] [5/6/2017 10:52] [PENJUALAN] CASHIER FORM : cashierDataGridView_CellValueChanged, previousInput [0]
[ADMIN] [5/6/2017 10:52] [PENJUALAN] CASHIER FORM : cashierDataGridView_CellValueChanged [jumlah]
[ADMIN] [5/6/2017 10:52] [PENJUALAN] CASHIER FORM : calculateTotal
[ADMIN] [5/6/2017 10:52] [PENJUALAN] CASHIER FORM : calculateTotal [0]
[ADMIN] [5/6/2017 10:52] [PENJUALAN] CASHIER FORM : calculateTotal, totalAfterDisc [0]
[ADMIN] [5/6/2017 10:52] [PENJUALAN] CASHIER FORM : calculateChangeValue, bayarTextBox.Text [0]
[ADMIN] [5/6/2017 10:52] [PENJUALAN] CASHIER FORM : calculateChangeValue, sisaBayar [0]
[ADMIN] [5/6/2017 10:52] [PENJUALAN] CASHIER FORM : Combobox_KeyUp, cashierDataGridView.CurrentCell.OwningColumn.Name  [productName]
[ADMIN] [5/6/2017 10:52] [PENJUALAN] CASHIER FORM : Combobox_KeyUp, cashierDataGridView.CurrentCell.OwningColumn.Name  [productName]
[ADMIN] [5/6/2017 10:52] [PENJUALAN] CASHIER FORM : Combobox_KeyUp, cashierDataGridView.CurrentCell.OwningColumn.Name  [productName]
[ADMIN] [5/6/2017 10:52] [PENJUALAN] CASHIER FORM : Combobox_KeyUp, cashierDataGridView.CurrentCell.OwningColumn.Name  [productName]
[ADMIN] [5/6/2017 10:52] [PENJUALAN] CASHIER FORM : productName_previewKeyDown, cashierDataGridView.CurrentCell.OwningColumn.Name  [productName]
[ADMIN] [5/6/2017 10:52] [PENJUALAN] CASHIER FORM : UNREGISTER HOTKEY
[ADMIN] [5/6/2017 10:52] [PENJUALAN] CASHIER FORM : ADD NEW ROW FROM BARCODE [PENGANGON 1 COLLAR SEMI]
[ADMIN] [5/6/2017 10:52] [PENJUALAN] CASHIER FORM : updateSomeRowContents
[ADMIN] [5/6/2017 10:52] [PENJUALAN] CASHIER FORM : cashierDataGridView_CellValueChanged [productID]
[ADMIN] [5/6/2017 10:52] [PENJUALAN] CASHIER FORM : cashierDataGridView_CellValueChanged [productName]
[ADMIN] [5/6/2017 10:52] [PENJUALAN] CASHIER FORM : updateSomeRowContents
[ADMIN] [5/6/2017 10:52] [PENJUALAN] CASHIER FORM : PRODUCT PRICE TYPE [PRODUCT_BASE_PRICE]
[ADMIN] [5/6/2017 10:52] [PENJUALAN] CASHIER FORM : PRODUCT PRICE [13761.08]
[ADMIN] [5/6/2017 10:52] [PENJUALAN] CASHIER FORM : ComboBox_SelectedIndexChanged, PRODUCT_BASE_PRICE [13761.08]
[ADMIN] [5/6/2017 10:52] [PENJUALAN] CASHIER FORM : cashierDataGridView_CellValueChanged [hpp]
[ADMIN] [5/6/2017 10:52] [PENJUALAN] CASHIER FORM : PRODUCT PRICE TYPE [PRODUCT_RETAIL_PRICE]
[ADMIN] [5/6/2017 10:52] [PENJUALAN] CASHIER FORM : PRODUCT PRICE [29000]
[ADMIN] [5/6/2017 10:52] [PENJUALAN] CASHIER FORM : ComboBox_SelectedIndexChanged, PRODUCT_SALES_PRICE [29000]
[ADMIN] [5/6/2017 10:52] [PENJUALAN] CASHIER FORM : cashierDataGridView_CellValueChanged [productPrice]
[ADMIN] [5/6/2017 10:52] [PENJUALAN] CASHIER FORM : cashierDataGridView_CellValueChanged, previousInput [0]
[ADMIN] [5/6/2017 10:52] [PENJUALAN] CASHIER FORM : cashierDataGridView_CellValueChanged, cellValue [29000]
[ADMIN] [5/6/2017 10:52] [PENJUALAN] CASHIER FORM : cashierDataGridView_CellValueChanged, dataGridViewTextBoxEditingControl.Text pass REGEX Checking
[ADMIN] [5/6/2017 10:52] [PENJUALAN] CASHIER FORM : CALCULATE SUBTOTAL
[ADMIN] [5/6/2017 10:52] [PENJUALAN] CASHIER FORM : SUBTOTAL [0]
[ADMIN] [5/6/2017 10:52] [PENJUALAN] CASHIER FORM : cashierDataGridView_CellValueChanged, subtotal value [0]
[ADMIN] [5/6/2017 10:52] [PENJUALAN] CASHIER FORM : cashierDataGridView_CellValueChanged, attempt to calculate total value
[ADMIN] [5/6/2017 10:52] [PENJUALAN] CASHIER FORM : calculateTotal
[ADMIN] [5/6/2017 10:52] [PENJUALAN] CASHIER FORM : calculateTotal [0]
[ADMIN] [5/6/2017 10:52] [PENJUALAN] CASHIER FORM : calculateTotal, totalAfterDisc [0]
[ADMIN] [5/6/2017 10:52] [PENJUALAN] CASHIER FORM : calculateChangeValue, bayarTextBox.Text [0]
[ADMIN] [5/6/2017 10:52] [PENJUALAN] CASHIER FORM : calculateChangeValue, sisaBayar [0]
[ADMIN] [5/6/2017 10:52] [PENJUALAN] CASHIER FORM : cashierDataGridView_CellValueChanged [qty]
[ADMIN] [5/6/2017 10:52] [PENJUALAN] CASHIER FORM : cashierDataGridView_CellValueChanged, previousInput [0]
[ADMIN] [5/6/2017 10:52] [PENJUALAN] CASHIER FORM : cashierDataGridView_CellValueChanged [jumlah]
[ADMIN] [5/6/2017 10:52] [PENJUALAN] CASHIER FORM : calculateTotal
[ADMIN] [5/6/2017 10:52] [PENJUALAN] CASHIER FORM : calculateTotal [0]
[ADMIN] [5/6/2017 10:52] [PENJUALAN] CASHIER FORM : calculateTotal, totalAfterDisc [0]
[ADMIN] [5/6/2017 10:52] [PENJUALAN] CASHIER FORM : calculateChangeValue, bayarTextBox.Text [0]
[ADMIN] [5/6/2017 10:52] [PENJUALAN] CASHIER FORM : calculateChangeValue, sisaBayar [0]
[ADMIN] [5/6/2017 10:52] [PENJUALAN] CASHIER FORM : CHECK STOCK QTY IS ENOUGH [1]
[ADMIN] [5/6/2017 10:52] [PENJUALAN] CASHIER FORM : CHECK STOCK QTY IS ENOUGH [4, 1]
[ADMIN] [5/6/2017 10:52] [PENJUALAN] CASHIER FORM : cashierDataGridView_CellValueChanged [qty]
[ADMIN] [5/6/2017 10:52] [PENJUALAN] CASHIER FORM : cashierDataGridView_CellValueChanged, previousInput [0]
[ADMIN] [5/6/2017 10:52] [PENJUALAN] CASHIER FORM : cashierDataGridView_CellValueChanged, cellValue [1]
[ADMIN] [5/6/2017 10:52] [PENJUALAN] CASHIER FORM : cashierDataGridView_CellValueChanged, dataGridViewTextBoxEditingControl.Text pass REGEX Checking
[ADMIN] [5/6/2017 10:52] [PENJUALAN] CASHIER FORM : CHECK STOCK QTY IS ENOUGH [1]
[ADMIN] [5/6/2017 10:52] [PENJUALAN] CASHIER FORM : CHECK STOCK QTY IS ENOUGH [4, 1]
[ADMIN] [5/6/2017 10:52] [PENJUALAN] CASHIER FORM : CALCULATE SUBTOTAL
[ADMIN] [5/6/2017 10:52] [PENJUALAN] CASHIER FORM : SUBTOTAL [29000]
[ADMIN] [5/6/2017 10:52] [PENJUALAN] CASHIER FORM : cashierDataGridView_CellValueChanged, subtotal value [29000]
[ADMIN] [5/6/2017 10:52] [PENJUALAN] CASHIER FORM : cashierDataGridView_CellValueChanged, attempt to calculate total value
[ADMIN] [5/6/2017 10:52] [PENJUALAN] CASHIER FORM : calculateTotal
[ADMIN] [5/6/2017 10:52] [PENJUALAN] CASHIER FORM : calculateTotal [29000]
[ADMIN] [5/6/2017 10:52] [PENJUALAN] CASHIER FORM : calculateTotal, totalAfterDisc [29000]
[ADMIN] [5/6/2017 10:52] [PENJUALAN] CASHIER FORM : calculateChangeValue, bayarTextBox.Text [0]
[ADMIN] [5/6/2017 10:52] [PENJUALAN] CASHIER FORM : calculateChangeValue, sisaBayar [0]
[ADMIN] [5/6/2017 10:52] [PENJUALAN] CASHIER FORM : SET QTY TO 1 BECAUSE OF NEW ROW
[ADMIN] [5/6/2017 10:52] [PENJUALAN] CASHIER FORM : CALCULATE SUBTOTAL
[ADMIN] [5/6/2017 10:52] [PENJUALAN] CASHIER FORM : SUBTOTAL [29000]
[ADMIN] [5/6/2017 10:52] [PENJUALAN] CASHIER FORM : calculateTotal
[ADMIN] [5/6/2017 10:52] [PENJUALAN] CASHIER FORM : calculateTotal [29000]
[ADMIN] [5/6/2017 10:52] [PENJUALAN] CASHIER FORM : calculateTotal, totalAfterDisc [29000]
[ADMIN] [5/6/2017 10:52] [PENJUALAN] CASHIER FORM : calculateChangeValue, bayarTextBox.Text [0]
[ADMIN] [5/6/2017 10:52] [PENJUALAN] CASHIER FORM : calculateChangeValue, sisaBayar [0]
[ADMIN] [5/6/2017 10:52] [PENJUALAN] CASHIER FORM : UPDATE ROW NUMBER, TOTAL ROW [2]
[ADMIN] [5/6/2017 10:52] [PENJUALAN] CASHIER FORM : cashierDataGridView_CellValueChanged [F8]
[ADMIN] [5/6/2017 10:52] [PENJUALAN] CASHIER FORM : REGISTER HOTKEY
[ADMIN] [5/6/2017 10:52] [PENJUALAN] CASHIER FORM : Combobox_KeyUp, cashierDataGridView.CurrentCell.OwningColumn.Name  [qty]
[ADMIN] [5/6/2017 10:52] [PENJUALAN] CASHIER FORM : Combobox_KeyUp, cashierDataGridView.CurrentCell.OwningColumn.Name  [qty]
[ADMIN] [5/6/2017 10:52] [PENJUALAN] CASHIER FORM : Combobox_KeyUp, cashierDataGridView.CurrentCell.OwningColumn.Name  [qty]
[ADMIN] [5/6/2017 10:52] [PENJUALAN] CASHIER FORM : Combobox_KeyUp, cashierDataGridView.CurrentCell.OwningColumn.Name  [qty]
[ADMIN] [5/6/2017 10:52] [PENJUALAN] CASHIER FORM : PRODUCT PRICE TYPE [PRODUCT_BULK_PRICE]
[ADMIN] [5/6/2017 10:52] [PENJUALAN] CASHIER FORM : PRODUCT PRICE [27000]
[ADMIN] [5/6/2017 10:52] [PENJUALAN] CASHIER FORM : cashierDataGridView_CellValueChanged [productPrice]
[ADMIN] [5/6/2017 10:52] [PENJUALAN] CASHIER FORM : cashierDataGridView_CellValueChanged, previousInput [29000]
[ADMIN] [5/6/2017 10:52] [PENJUALAN] CASHIER FORM : cashierDataGridView_CellValueChanged, dataGridViewTextBoxEditingControl.Text pass REGEX Checking
[ADMIN] [5/6/2017 10:52] [PENJUALAN] CASHIER FORM : CALCULATE SUBTOTAL
[ADMIN] [5/6/2017 10:52] [PENJUALAN] CASHIER FORM : SUBTOTAL [27000]
[ADMIN] [5/6/2017 10:52] [PENJUALAN] CASHIER FORM : cashierDataGridView_CellValueChanged, subtotal value [27000]
[ADMIN] [5/6/2017 10:52] [PENJUALAN] CASHIER FORM : cashierDataGridView_CellValueChanged, attempt to calculate total value
[ADMIN] [5/6/2017 10:52] [PENJUALAN] CASHIER FORM : calculateTotal
[ADMIN] [5/6/2017 10:52] [PENJUALAN] CASHIER FORM : calculateTotal [27000]
[ADMIN] [5/6/2017 10:52] [PENJUALAN] CASHIER FORM : calculateTotal, totalAfterDisc [27000]
[ADMIN] [5/6/2017 10:52] [PENJUALAN] CASHIER FORM : calculateChangeValue, bayarTextBox.Text [0]
[ADMIN] [5/6/2017 10:52] [PENJUALAN] CASHIER FORM : calculateChangeValue, sisaBayar [0]
[ADMIN] [5/6/2017 10:52] [PENJUALAN] CASHIER FORM : CHECK IF THERE'S ANY ENTRY IN THE PRODUCT DISC
[ADMIN] [5/6/2017 10:52] [PENJUALAN] CASHIER FORM : cashierDataGridView_CellValueChanged [disc1]
[ADMIN] [5/6/2017 10:52] [PENJUALAN] CASHIER FORM : cashierDataGridView_CellValueChanged, previousInput [0]
[ADMIN] [5/6/2017 10:52] [PENJUALAN] CASHIER FORM : cashierDataGridView_CellValueChanged [disc2]
[ADMIN] [5/6/2017 10:52] [PENJUALAN] CASHIER FORM : cashierDataGridView_CellValueChanged, previousInput [0]
[ADMIN] [5/6/2017 10:52] [PENJUALAN] CASHIER FORM : cashierDataGridView_CellValueChanged [discRP]
[ADMIN] [5/6/2017 10:52] [PENJUALAN] CASHIER FORM : cashierDataGridView_CellValueChanged, previousInput [0]
[ADMIN] [5/6/2017 10:52] [PENJUALAN] CASHIER FORM : CALCULATE SUBTOTAL
[ADMIN] [5/6/2017 10:52] [PENJUALAN] CASHIER FORM : SUBTOTAL [27000]
[ADMIN] [5/6/2017 10:52] [PENJUALAN] CASHIER FORM : calculateTotal
[ADMIN] [5/6/2017 10:52] [PENJUALAN] CASHIER FORM : calculateTotal [27000]
[ADMIN] [5/6/2017 10:52] [PENJUALAN] CASHIER FORM : calculateTotal, totalAfterDisc [27000]
[ADMIN] [5/6/2017 10:52] [PENJUALAN] CASHIER FORM : calculateChangeValue, bayarTextBox.Text [0]
[ADMIN] [5/6/2017 10:52] [PENJUALAN] CASHIER FORM : calculateChangeValue, sisaBayar [0]
[ADMIN] [5/6/2017 10:52] [PENJUALAN] CASHIER FORM : PRODUCT PRICE TYPE [PRODUCT_WHOLESALE_PRICE]
[ADMIN] [5/6/2017 10:52] [PENJUALAN] CASHIER FORM : PRODUCT PRICE [20000]
[ADMIN] [5/6/2017 10:52] [PENJUALAN] CASHIER FORM : cashierDataGridView_CellValueChanged [productPrice]
[ADMIN] [5/6/2017 10:52] [PENJUALAN] CASHIER FORM : cashierDataGridView_CellValueChanged, previousInput [27000]
[ADMIN] [5/6/2017 10:52] [PENJUALAN] CASHIER FORM : cashierDataGridView_CellValueChanged, dataGridViewTextBoxEditingControl.Text pass REGEX Checking
[ADMIN] [5/6/2017 10:52] [PENJUALAN] CASHIER FORM : CALCULATE SUBTOTAL
[ADMIN] [5/6/2017 10:52] [PENJUALAN] CASHIER FORM : SUBTOTAL [20000]
[ADMIN] [5/6/2017 10:52] [PENJUALAN] CASHIER FORM : cashierDataGridView_CellValueChanged, subtotal value [20000]
[ADMIN] [5/6/2017 10:52] [PENJUALAN] CASHIER FORM : cashierDataGridView_CellValueChanged, attempt to calculate total value
[ADMIN] [5/6/2017 10:52] [PENJUALAN] CASHIER FORM : calculateTotal
[ADMIN] [5/6/2017 10:52] [PENJUALAN] CASHIER FORM : calculateTotal [20000]
[ADMIN] [5/6/2017 10:52] [PENJUALAN] CASHIER FORM : calculateTotal, totalAfterDisc [20000]
[ADMIN] [5/6/2017 10:52] [PENJUALAN] CASHIER FORM : calculateChangeValue, bayarTextBox.Text [0]
[ADMIN] [5/6/2017 10:52] [PENJUALAN] CASHIER FORM : calculateChangeValue, sisaBayar [0]
[ADMIN] [5/6/2017 10:52] [PENJUALAN] CASHIER FORM : CHECK IF THERE'S ANY ENTRY IN THE PRODUCT DISC
[ADMIN] [5/6/2017 10:52] [PENJUALAN] CASHIER FORM : CALCULATE SUBTOTAL
[ADMIN] [5/6/2017 10:52] [PENJUALAN] CASHIER FORM : SUBTOTAL [20000]
[ADMIN] [5/6/2017 10:52] [PENJUALAN] CASHIER FORM : calculateTotal
[ADMIN] [5/6/2017 10:52] [PENJUALAN] CASHIER FORM : calculateTotal [20000]
[ADMIN] [5/6/2017 10:52] [PENJUALAN] CASHIER FORM : calculateTotal, totalAfterDisc [20000]
[ADMIN] [5/6/2017 10:52] [PENJUALAN] CASHIER FORM : calculateChangeValue, bayarTextBox.Text [0]
[ADMIN] [5/6/2017 10:52] [PENJUALAN] CASHIER FORM : calculateChangeValue, sisaBayar [0]
[ADMIN] [5/6/2017 10:52] [PENJUALAN] CASHIER FORM : PRODUCT PRICE TYPE [PRODUCT_BULK_PRICE]
[ADMIN] [5/6/2017 10:52] [PENJUALAN] CASHIER FORM : PRODUCT PRICE [27000]
[ADMIN] [5/6/2017 10:52] [PENJUALAN] CASHIER FORM : cashierDataGridView_CellValueChanged [productPrice]
[ADMIN] [5/6/2017 10:52] [PENJUALAN] CASHIER FORM : cashierDataGridView_CellValueChanged, previousInput [20000]
[ADMIN] [5/6/2017 10:52] [PENJUALAN] CASHIER FORM : cashierDataGridView_CellValueChanged, dataGridViewTextBoxEditingControl.Text pass REGEX Checking
[ADMIN] [5/6/2017 10:52] [PENJUALAN] CASHIER FORM : CALCULATE SUBTOTAL
[ADMIN] [5/6/2017 10:52] [PENJUALAN] CASHIER FORM : SUBTOTAL [27000]
[ADMIN] [5/6/2017 10:52] [PENJUALAN] CASHIER FORM : cashierDataGridView_CellValueChanged, subtotal value [27000]
[ADMIN] [5/6/2017 10:52] [PENJUALAN] CASHIER FORM : cashierDataGridView_CellValueChanged, attempt to calculate total value
[ADMIN] [5/6/2017 10:52] [PENJUALAN] CASHIER FORM : calculateTotal
[ADMIN] [5/6/2017 10:52] [PENJUALAN] CASHIER FORM : calculateTotal [27000]
[ADMIN] [5/6/2017 10:52] [PENJUALAN] CASHIER FORM : calculateTotal, totalAfterDisc [27000]
[ADMIN] [5/6/2017 10:52] [PENJUALAN] CASHIER FORM : calculateChangeValue, bayarTextBox.Text [0]
[ADMIN] [5/6/2017 10:52] [PENJUALAN] CASHIER FORM : calculateChangeValue, sisaBayar [0]
[ADMIN] [5/6/2017 10:52] [PENJUALAN] CASHIER FORM : CHECK IF THERE'S ANY ENTRY IN THE PRODUCT DISC
[ADMIN] [5/6/2017 10:52] [PENJUALAN] CASHIER FORM : CALCULATE SUBTOTAL
[ADMIN] [5/6/2017 10:52] [PENJUALAN] CASHIER FORM : SUBTOTAL [27000]
[ADMIN] [5/6/2017 10:52] [PENJUALAN] CASHIER FORM : calculateTotal
[ADMIN] [5/6/2017 10:52] [PENJUALAN] CASHIER FORM : calculateTotal [27000]
[ADMIN] [5/6/2017 10:52] [PENJUALAN] CASHIER FORM : calculateTotal, totalAfterDisc [27000]
[ADMIN] [5/6/2017 10:52] [PENJUALAN] CASHIER FORM : calculateChangeValue, bayarTextBox.Text [0]
[ADMIN] [5/6/2017 10:52] [PENJUALAN] CASHIER FORM : calculateChangeValue, sisaBayar [0]
[ADMIN] [5/6/2017 10:52] [PENJUALAN] CASHIER FORM : PRODUCT PRICE TYPE [PRODUCT_RETAIL_PRICE]
[ADMIN] [5/6/2017 10:52] [PENJUALAN] CASHIER FORM : PRODUCT PRICE [29000]
[ADMIN] [5/6/2017 10:52] [PENJUALAN] CASHIER FORM : cashierDataGridView_CellValueChanged [productPrice]
[ADMIN] [5/6/2017 10:52] [PENJUALAN] CASHIER FORM : cashierDataGridView_CellValueChanged, previousInput [27000]
[ADMIN] [5/6/2017 10:52] [PENJUALAN] CASHIER FORM : cashierDataGridView_CellValueChanged, dataGridViewTextBoxEditingControl.Text pass REGEX Checking
[ADMIN] [5/6/2017 10:52] [PENJUALAN] CASHIER FORM : CALCULATE SUBTOTAL
[ADMIN] [5/6/2017 10:52] [PENJUALAN] CASHIER FORM : SUBTOTAL [29000]
[ADMIN] [5/6/2017 10:52] [PENJUALAN] CASHIER FORM : cashierDataGridView_CellValueChanged, subtotal value [29000]
[ADMIN] [5/6/2017 10:52] [PENJUALAN] CASHIER FORM : cashierDataGridView_CellValueChanged, attempt to calculate total value
[ADMIN] [5/6/2017 10:52] [PENJUALAN] CASHIER FORM : calculateTotal
[ADMIN] [5/6/2017 10:52] [PENJUALAN] CASHIER FORM : calculateTotal [29000]
[ADMIN] [5/6/2017 10:52] [PENJUALAN] CASHIER FORM : calculateTotal, totalAfterDisc [29000]
[ADMIN] [5/6/2017 10:52] [PENJUALAN] CASHIER FORM : calculateChangeValue, bayarTextBox.Text [0]
[ADMIN] [5/6/2017 10:52] [PENJUALAN] CASHIER FORM : calculateChangeValue, sisaBayar [0]
[ADMIN] [5/6/2017 10:52] [PENJUALAN] CASHIER FORM : CHECK IF THERE'S ANY ENTRY IN THE PRODUCT DISC
[ADMIN] [5/6/2017 10:52] [PENJUALAN] CASHIER FORM : CALCULATE SUBTOTAL
[ADMIN] [5/6/2017 10:52] [PENJUALAN] CASHIER FORM : SUBTOTAL [29000]
[ADMIN] [5/6/2017 10:52] [PENJUALAN] CASHIER FORM : calculateTotal
[ADMIN] [5/6/2017 10:52] [PENJUALAN] CASHIER FORM : calculateTotal [29000]
[ADMIN] [5/6/2017 10:52] [PENJUALAN] CASHIER FORM : calculateTotal, totalAfterDisc [29000]
[ADMIN] [5/6/2017 10:52] [PENJUALAN] CASHIER FORM : calculateChangeValue, bayarTextBox.Text [0]
[ADMIN] [5/6/2017 10:52] [PENJUALAN] CASHIER FORM : calculateChangeValue, sisaBayar [0]
[ADMIN] [5/6/2017 10:52] [PENJUALAN] CASHIER FORM : PRODUCT PRICE TYPE [PRODUCT_BULK_PRICE]
[ADMIN] [5/6/2017 10:52] [PENJUALAN] CASHIER FORM : PRODUCT PRICE [27000]
[ADMIN] [5/6/2017 10:52] [PENJUALAN] CASHIER FORM : cashierDataGridView_CellValueChanged [productPrice]
[ADMIN] [5/6/2017 10:52] [PENJUALAN] CASHIER FORM : cashierDataGridView_CellValueChanged, previousInput [29000]
[ADMIN] [5/6/2017 10:52] [PENJUALAN] CASHIER FORM : cashierDataGridView_CellValueChanged, dataGridViewTextBoxEditingControl.Text pass REGEX Checking
[ADMIN] [5/6/2017 10:52] [PENJUALAN] CASHIER FORM : CALCULATE SUBTOTAL
[ADMIN] [5/6/2017 10:52] [PENJUALAN] CASHIER FORM : SUBTOTAL [27000]
[ADMIN] [5/6/2017 10:52] [PENJUALAN] CASHIER FORM : cashierDataGridView_CellValueChanged, subtotal value [27000]
[ADMIN] [5/6/2017 10:52] [PENJUALAN] CASHIER FORM : cashierDataGridView_CellValueChanged, attempt to calculate total value
[ADMIN] [5/6/2017 10:52] [PENJUALAN] CASHIER FORM : calculateTotal
[ADMIN] [5/6/2017 10:52] [PENJUALAN] CASHIER FORM : calculateTotal [27000]
[ADMIN] [5/6/2017 10:52] [PENJUALAN] CASHIER FORM : calculateTotal, totalAfterDisc [27000]
[ADMIN] [5/6/2017 10:52] [PENJUALAN] CASHIER FORM : calculateChangeValue, bayarTextBox.Text [0]
[ADMIN] [5/6/2017 10:52] [PENJUALAN] CASHIER FORM : calculateChangeValue, sisaBayar [0]
[ADMIN] [5/6/2017 10:52] [PENJUALAN] CASHIER FORM : CHECK IF THERE'S ANY ENTRY IN THE PRODUCT DISC
[ADMIN] [5/6/2017 10:52] [PENJUALAN] CASHIER FORM : CALCULATE SUBTOTAL
[ADMIN] [5/6/2017 10:52] [PENJUALAN] CASHIER FORM : SUBTOTAL [27000]
[ADMIN] [5/6/2017 10:52] [PENJUALAN] CASHIER FORM : calculateTotal
[ADMIN] [5/6/2017 10:52] [PENJUALAN] CASHIER FORM : calculateTotal [27000]
[ADMIN] [5/6/2017 10:52] [PENJUALAN] CASHIER FORM : calculateTotal, totalAfterDisc [27000]
[ADMIN] [5/6/2017 10:52] [PENJUALAN] CASHIER FORM : calculateChangeValue, bayarTextBox.Text [0]
[ADMIN] [5/6/2017 10:52] [PENJUALAN] CASHIER FORM : calculateChangeValue, sisaBayar [0]
[ADMIN] [5/6/2017 10:52] [PENJUALAN] CASHIER FORM : PRODUCT PRICE TYPE [PRODUCT_WHOLESALE_PRICE]
[ADMIN] [5/6/2017 10:52] [PENJUALAN] CASHIER FORM : PRODUCT PRICE [20000]
[ADMIN] [5/6/2017 10:52] [PENJUALAN] CASHIER FORM : cashierDataGridView_CellValueChanged [productPrice]
[ADMIN] [5/6/2017 10:52] [PENJUALAN] CASHIER FORM : cashierDataGridView_CellValueChanged, previousInput [27000]
[ADMIN] [5/6/2017 10:52] [PENJUALAN] CASHIER FORM : cashierDataGridView_CellValueChanged, dataGridViewTextBoxEditingControl.Text pass REGEX Checking
[ADMIN] [5/6/2017 10:52] [PENJUALAN] CASHIER FORM : CALCULATE SUBTOTAL
[ADMIN] [5/6/2017 10:52] [PENJUALAN] CASHIER FORM : SUBTOTAL [20000]
[ADMIN] [5/6/2017 10:52] [PENJUALAN] CASHIER FORM : cashierDataGridView_CellValueChanged, subtotal value [20000]
[ADMIN] [5/6/2017 10:52] [PENJUALAN] CASHIER FORM : cashierDataGridView_CellValueChanged, attempt to calculate total value
[ADMIN] [5/6/2017 10:52] [PENJUALAN] CASHIER FORM : calculateTotal
[ADMIN] [5/6/2017 10:52] [PENJUALAN] CASHIER FORM : calculateTotal [20000]
[ADMIN] [5/6/2017 10:52] [PENJUALAN] CASHIER FORM : calculateTotal, totalAfterDisc [20000]
[ADMIN] [5/6/2017 10:52] [PENJUALAN] CASHIER FORM : calculateChangeValue, bayarTextBox.Text [0]
[ADMIN] [5/6/2017 10:52] [PENJUALAN] CASHIER FORM : calculateChangeValue, sisaBayar [0]
[ADMIN] [5/6/2017 10:52] [PENJUALAN] CASHIER FORM : CHECK IF THERE'S ANY ENTRY IN THE PRODUCT DISC
[ADMIN] [5/6/2017 10:52] [PENJUALAN] CASHIER FORM : CALCULATE SUBTOTAL
[ADMIN] [5/6/2017 10:52] [PENJUALAN] CASHIER FORM : SUBTOTAL [20000]
[ADMIN] [5/6/2017 10:52] [PENJUALAN] CASHIER FORM : calculateTotal
[ADMIN] [5/6/2017 10:52] [PENJUALAN] CASHIER FORM : calculateTotal [20000]
[ADMIN] [5/6/2017 10:52] [PENJUALAN] CASHIER FORM : calculateTotal, totalAfterDisc [20000]
[ADMIN] [5/6/2017 10:52] [PENJUALAN] CASHIER FORM : calculateChangeValue, bayarTextBox.Text [0]
[ADMIN] [5/6/2017 10:52] [PENJUALAN] CASHIER FORM : calculateChangeValue, sisaBayar [0]
[ADMIN] [5/6/2017 10:52] [PENJUALAN] CASHIER FORM : PRODUCT PRICE TYPE [PRODUCT_BULK_PRICE]
[ADMIN] [5/6/2017 10:52] [PENJUALAN] CASHIER FORM : PRODUCT PRICE [27000]
[ADMIN] [5/6/2017 10:52] [PENJUALAN] CASHIER FORM : cashierDataGridView_CellValueChanged [productPrice]
[ADMIN] [5/6/2017 10:52] [PENJUALAN] CASHIER FORM : cashierDataGridView_CellValueChanged, previousInput [20000]
[ADMIN] [5/6/2017 10:52] [PENJUALAN] CASHIER FORM : cashierDataGridView_CellValueChanged, dataGridViewTextBoxEditingControl.Text pass REGEX Checking
[ADMIN] [5/6/2017 10:52] [PENJUALAN] CASHIER FORM : CALCULATE SUBTOTAL
[ADMIN] [5/6/2017 10:52] [PENJUALAN] CASHIER FORM : SUBTOTAL [27000]
[ADMIN] [5/6/2017 10:52] [PENJUALAN] CASHIER FORM : cashierDataGridView_CellValueChanged, subtotal value [27000]
[ADMIN] [5/6/2017 10:52] [PENJUALAN] CASHIER FORM : cashierDataGridView_CellValueChanged, attempt to calculate total value
[ADMIN] [5/6/2017 10:52] [PENJUALAN] CASHIER FORM : calculateTotal
[ADMIN] [5/6/2017 10:52] [PENJUALAN] CASHIER FORM : calculateTotal [27000]
[ADMIN] [5/6/2017 10:52] [PENJUALAN] CASHIER FORM : calculateTotal, totalAfterDisc [27000]
[ADMIN] [5/6/2017 10:52] [PENJUALAN] CASHIER FORM : calculateChangeValue, bayarTextBox.Text [0]
[ADMIN] [5/6/2017 10:52] [PENJUALAN] CASHIER FORM : calculateChangeValue, sisaBayar [0]
[ADMIN] [5/6/2017 10:52] [PENJUALAN] CASHIER FORM : CHECK IF THERE'S ANY ENTRY IN THE PRODUCT DISC
[ADMIN] [5/6/2017 10:52] [PENJUALAN] CASHIER FORM : CALCULATE SUBTOTAL
[ADMIN] [5/6/2017 10:52] [PENJUALAN] CASHIER FORM : SUBTOTAL [27000]
[ADMIN] [5/6/2017 10:52] [PENJUALAN] CASHIER FORM : calculateTotal
[ADMIN] [5/6/2017 10:52] [PENJUALAN] CASHIER FORM : calculateTotal [27000]
[ADMIN] [5/6/2017 10:52] [PENJUALAN] CASHIER FORM : calculateTotal, totalAfterDisc [27000]
[ADMIN] [5/6/2017 10:52] [PENJUALAN] CASHIER FORM : calculateChangeValue, bayarTextBox.Text [0]
[ADMIN] [5/6/2017 10:52] [PENJUALAN] CASHIER FORM : calculateChangeValue, sisaBayar [0]
[ADMIN] [5/6/2017 10:52] [PENJUALAN] CASHIER FORM : PRODUCT PRICE TYPE [PRODUCT_RETAIL_PRICE]
[ADMIN] [5/6/2017 10:52] [PENJUALAN] CASHIER FORM : PRODUCT PRICE [29000]
[ADMIN] [5/6/2017 10:52] [PENJUALAN] CASHIER FORM : cashierDataGridView_CellValueChanged [productPrice]
[ADMIN] [5/6/2017 10:52] [PENJUALAN] CASHIER FORM : cashierDataGridView_CellValueChanged, previousInput [27000]
[ADMIN] [5/6/2017 10:52] [PENJUALAN] CASHIER FORM : cashierDataGridView_CellValueChanged, dataGridViewTextBoxEditingControl.Text pass REGEX Checking
[ADMIN] [5/6/2017 10:52] [PENJUALAN] CASHIER FORM : CALCULATE SUBTOTAL
[ADMIN] [5/6/2017 10:52] [PENJUALAN] CASHIER FORM : SUBTOTAL [29000]
[ADMIN] [5/6/2017 10:52] [PENJUALAN] CASHIER FORM : cashierDataGridView_CellValueChanged, subtotal value [29000]
[ADMIN] [5/6/2017 10:52] [PENJUALAN] CASHIER FORM : cashierDataGridView_CellValueChanged, attempt to calculate total value
[ADMIN] [5/6/2017 10:52] [PENJUALAN] CASHIER FORM : calculateTotal
[ADMIN] [5/6/2017 10:52] [PENJUALAN] CASHIER FORM : calculateTotal [29000]
[ADMIN] [5/6/2017 10:52] [PENJUALAN] CASHIER FORM : calculateTotal, totalAfterDisc [29000]
[ADMIN] [5/6/2017 10:52] [PENJUALAN] CASHIER FORM : calculateChangeValue, bayarTextBox.Text [0]
[ADMIN] [5/6/2017 10:52] [PENJUALAN] CASHIER FORM : calculateChangeValue, sisaBayar [0]
[ADMIN] [5/6/2017 10:52] [PENJUALAN] CASHIER FORM : CHECK IF THERE'S ANY ENTRY IN THE PRODUCT DISC
[ADMIN] [5/6/2017 10:52] [PENJUALAN] CASHIER FORM : CALCULATE SUBTOTAL
[ADMIN] [5/6/2017 10:52] [PENJUALAN] CASHIER FORM : SUBTOTAL [29000]
[ADMIN] [5/6/2017 10:52] [PENJUALAN] CASHIER FORM : calculateTotal
[ADMIN] [5/6/2017 10:52] [PENJUALAN] CASHIER FORM : calculateTotal [29000]
[ADMIN] [5/6/2017 10:52] [PENJUALAN] CASHIER FORM : calculateTotal, totalAfterDisc [29000]
[ADMIN] [5/6/2017 10:52] [PENJUALAN] CASHIER FORM : calculateChangeValue, bayarTextBox.Text [0]
[ADMIN] [5/6/2017 10:52] [PENJUALAN] CASHIER FORM : calculateChangeValue, sisaBayar [0]
[ADMIN] [5/6/2017 10:52] [PENJUALAN] CASHIER FORM : productName_previewKeyDown, cashierDataGridView.CurrentCell.OwningColumn.Name  [productName]
[ADMIN] [5/6/2017 10:52] [PENJUALAN] CASHIER FORM : cashierDataGridView_CellValueChanged [productName]
[ADMIN] [5/6/2017 10:52] [PENJUALAN] CASHIER FORM : updateSomeRowContents
[ADMIN] [5/6/2017 10:52] [PENJUALAN] CASHIER FORM : clearUpSomeRowContents
[ADMIN] [5/6/2017 10:52] [PENJUALAN] CASHIER FORM : cashierDataGridView_CellValueChanged [productName]
[ADMIN] [5/6/2017 10:52] [PENJUALAN] CASHIER FORM : cashierDataGridView_CellValueChanged [hpp]
[ADMIN] [5/6/2017 10:52] [PENJUALAN] CASHIER FORM : cashierDataGridView_CellValueChanged [productPrice]
[ADMIN] [5/6/2017 10:52] [PENJUALAN] CASHIER FORM : cashierDataGridView_CellValueChanged, previousInput [29000]
[ADMIN] [5/6/2017 10:52] [PENJUALAN] CASHIER FORM : cashierDataGridView_CellValueChanged, dataGridViewTextBoxEditingControl.Text pass REGEX Checking
[ADMIN] [5/6/2017 10:52] [PENJUALAN] CASHIER FORM : CALCULATE SUBTOTAL
[ADMIN] [5/6/2017 10:52] [PENJUALAN] CASHIER FORM : SUBTOTAL [0]
[ADMIN] [5/6/2017 10:52] [PENJUALAN] CASHIER FORM : cashierDataGridView_CellValueChanged, subtotal value [0]
[ADMIN] [5/6/2017 10:52] [PENJUALAN] CASHIER FORM : cashierDataGridView_CellValueChanged, attempt to calculate total value
[ADMIN] [5/6/2017 10:52] [PENJUALAN] CASHIER FORM : calculateTotal
[ADMIN] [5/6/2017 10:52] [PENJUALAN] CASHIER FORM : calculateTotal [0]
[ADMIN] [5/6/2017 10:52] [PENJUALAN] CASHIER FORM : calculateTotal, totalAfterDisc [0]
[ADMIN] [5/6/2017 10:52] [PENJUALAN] CASHIER FORM : calculateChangeValue, bayarTextBox.Text [0]
[ADMIN] [5/6/2017 10:52] [PENJUALAN] CASHIER FORM : calculateChangeValue, sisaBayar [0]
[ADMIN] [5/6/2017 10:52] [PENJUALAN] CASHIER FORM : cashierDataGridView_CellValueChanged [qty]
[ADMIN] [5/6/2017 10:52] [PENJUALAN] CASHIER FORM : cashierDataGridView_CellValueChanged, previousInput [1]
[ADMIN] [5/6/2017 10:52] [PENJUALAN] CASHIER FORM : cashierDataGridView_CellValueChanged, dataGridViewTextBoxEditingControl.Text pass REGEX Checking
[ADMIN] [5/6/2017 10:52] [PENJUALAN] CASHIER FORM : CHECK STOCK QTY IS ENOUGH [1]
[ADMIN] [5/6/2017 10:52] [PENJUALAN] CASHIER FORM : CHECK STOCK QTY IS ENOUGH [4, 0]
[ADMIN] [5/6/2017 10:52] [PENJUALAN] CASHIER FORM : CALCULATE SUBTOTAL
[ADMIN] [5/6/2017 10:52] [PENJUALAN] CASHIER FORM : SUBTOTAL [0]
[ADMIN] [5/6/2017 10:52] [PENJUALAN] CASHIER FORM : cashierDataGridView_CellValueChanged, subtotal value [0]
[ADMIN] [5/6/2017 10:52] [PENJUALAN] CASHIER FORM : cashierDataGridView_CellValueChanged, attempt to calculate total value
[ADMIN] [5/6/2017 10:52] [PENJUALAN] CASHIER FORM : calculateTotal
[ADMIN] [5/6/2017 10:52] [PENJUALAN] CASHIER FORM : calculateTotal [0]
[ADMIN] [5/6/2017 10:52] [PENJUALAN] CASHIER FORM : calculateTotal, totalAfterDisc [0]
[ADMIN] [5/6/2017 10:52] [PENJUALAN] CASHIER FORM : calculateChangeValue, bayarTextBox.Text [0]
[ADMIN] [5/6/2017 10:52] [PENJUALAN] CASHIER FORM : calculateChangeValue, sisaBayar [0]
[ADMIN] [5/6/2017 10:52] [PENJUALAN] CASHIER FORM : cashierDataGridView_CellValueChanged [disc1]
[ADMIN] [5/6/2017 10:52] [PENJUALAN] CASHIER FORM : cashierDataGridView_CellValueChanged, previousInput [0]
[ADMIN] [5/6/2017 10:52] [PENJUALAN] CASHIER FORM : cashierDataGridView_CellValueChanged [disc2]
[ADMIN] [5/6/2017 10:52] [PENJUALAN] CASHIER FORM : cashierDataGridView_CellValueChanged, previousInput [0]
[ADMIN] [5/6/2017 10:52] [PENJUALAN] CASHIER FORM : cashierDataGridView_CellValueChanged [discRP]
[ADMIN] [5/6/2017 10:52] [PENJUALAN] CASHIER FORM : cashierDataGridView_CellValueChanged, previousInput [0]
[ADMIN] [5/6/2017 10:52] [PENJUALAN] CASHIER FORM : cashierDataGridView_CellValueChanged [jumlah]
[ADMIN] [5/6/2017 10:52] [PENJUALAN] CASHIER FORM : calculateTotal
[ADMIN] [5/6/2017 10:52] [PENJUALAN] CASHIER FORM : calculateTotal [0]
[ADMIN] [5/6/2017 10:52] [PENJUALAN] CASHIER FORM : calculateTotal, totalAfterDisc [0]
[ADMIN] [5/6/2017 10:52] [PENJUALAN] CASHIER FORM : calculateChangeValue, bayarTextBox.Text [0]
[ADMIN] [5/6/2017 10:52] [PENJUALAN] CASHIER FORM : calculateChangeValue, sisaBayar [0]
[ADMIN] [5/6/2017 10:52] [PENJUALAN] CASHIER FORM : Combobox_KeyUp, cashierDataGridView.CurrentCell.OwningColumn.Name  [productName]
[ADMIN] [5/6/2017 10:52] [PENJUALAN] CASHIER FORM : Combobox_KeyUp, cashierDataGridView.CurrentCell.OwningColumn.Name  [productName]
[ADMIN] [5/6/2017 10:52] [PENJUALAN] CASHIER FORM : Combobox_KeyUp, cashierDataGridView.CurrentCell.OwningColumn.Name  [productName]
[ADMIN] [5/6/2017 10:52] [PENJUALAN] CASHIER FORM : Combobox_KeyUp, cashierDataGridView.CurrentCell.OwningColumn.Name  [productName]
[ADMIN] [5/6/2017 10:52] [PENJUALAN] CASHIER FORM : Combobox_KeyUp, cashierDataGridView.CurrentCell.OwningColumn.Name  [productName]
[ADMIN] [5/6/2017 10:52] [PENJUALAN] CASHIER FORM : productName_previewKeyDown, cashierDataGridView.CurrentCell.OwningColumn.Name  [productName]
[ADMIN] [5/6/2017 10:52] [PENJUALAN] CASHIER FORM : cashierDataGridView_CellValueChanged [productName]
[ADMIN] [5/6/2017 10:52] [PENJUALAN] CASHIER FORM : updateSomeRowContents
[ADMIN] [5/6/2017 10:52] [PENJUALAN] CASHIER FORM : clearUpSomeRowContents
[ADMIN] [5/6/2017 10:52] [PENJUALAN] CASHIER FORM : cashierDataGridView_CellValueChanged [productName]
[ADMIN] [5/6/2017 10:52] [PENJUALAN] CASHIER FORM : calculateTotal
[ADMIN] [5/6/2017 10:52] [PENJUALAN] CASHIER FORM : calculateTotal [0]
[ADMIN] [5/6/2017 10:52] [PENJUALAN] CASHIER FORM : calculateTotal, totalAfterDisc [0]
[ADMIN] [5/6/2017 10:52] [PENJUALAN] CASHIER FORM : calculateChangeValue, bayarTextBox.Text [0]
[ADMIN] [5/6/2017 10:52] [PENJUALAN] CASHIER FORM : calculateChangeValue, sisaBayar [0]
[ADMIN] [5/6/2017 10:52] [PENJUALAN] CASHIER FORM : Combobox_KeyUp, cashierDataGridView.CurrentCell.OwningColumn.Name  [productName]
[ADMIN] [5/6/2017 10:52] [PENJUALAN] CASHIER FORM : Combobox_KeyUp, cashierDataGridView.CurrentCell.OwningColumn.Name  [productName]
[ADMIN] [5/6/2017 10:52] [PENJUALAN] CASHIER FORM : Combobox_KeyUp, cashierDataGridView.CurrentCell.OwningColumn.Name  [productName]
[ADMIN] [5/6/2017 10:52] [PENJUALAN] CASHIER FORM : Combobox_KeyUp, cashierDataGridView.CurrentCell.OwningColumn.Name  [productName]
[ADMIN] [5/6/2017 10:52] [PENJUALAN] CASHIER FORM : Combobox_KeyUp, cashierDataGridView.CurrentCell.OwningColumn.Name  [productName]
[ADMIN] [5/6/2017 10:52] [PENJUALAN] CASHIER FORM : productName_previewKeyDown, cashierDataGridView.CurrentCell.OwningColumn.Name  [productName]
[ADMIN] [5/6/2017 10:52] [PENJUALAN] CASHIER FORM : cashierDataGridView_CellValueChanged [productName]
[ADMIN] [5/6/2017 10:52] [PENJUALAN] CASHIER FORM : updateSomeRowContents
[ADMIN] [5/6/2017 10:52] [PENJUALAN] CASHIER FORM : clearUpSomeRowContents
[ADMIN] [5/6/2017 10:52] [PENJUALAN] CASHIER FORM : cashierDataGridView_CellValueChanged [productName]
[ADMIN] [5/6/2017 10:52] [PENJUALAN] CASHIER FORM : calculateTotal
[ADMIN] [5/6/2017 10:52] [PENJUALAN] CASHIER FORM : calculateTotal [0]
[ADMIN] [5/6/2017 10:52] [PENJUALAN] CASHIER FORM : calculateTotal, totalAfterDisc [0]
[ADMIN] [5/6/2017 10:52] [PENJUALAN] CASHIER FORM : calculateChangeValue, bayarTextBox.Text [0]
[ADMIN] [5/6/2017 10:52] [PENJUALAN] CASHIER FORM : calculateChangeValue, sisaBayar [0]
[ADMIN] [5/6/2017 10:52] [PENJUALAN] CASHIER FORM : Combobox_KeyUp, cashierDataGridView.CurrentCell.OwningColumn.Name  [productName]
[ADMIN] [5/6/2017 10:52] [PENJUALAN] CASHIER FORM : Combobox_KeyUp, cashierDataGridView.CurrentCell.OwningColumn.Name  [productName]
[ADMIN] [5/6/2017 10:52] [PENJUALAN] CASHIER FORM : Combobox_KeyUp, cashierDataGridView.CurrentCell.OwningColumn.Name  [productName]
[ADMIN] [5/6/2017 10:52] [PENJUALAN] CASHIER FORM : Combobox_KeyUp, cashierDataGridView.CurrentCell.OwningColumn.Name  [productName]
[ADMIN] [5/6/2017 10:52] [PENJUALAN] CASHIER FORM : Combobox_KeyUp, cashierDataGridView.CurrentCell.OwningColumn.Name  [productName]
[ADMIN] [5/6/2017 10:52] [PENJUALAN] CASHIER FORM : productName_previewKeyDown, cashierDataGridView.CurrentCell.OwningColumn.Name  [productName]
[ADMIN] [5/6/2017 10:52] [PENJUALAN] CASHIER FORM : cashierDataGridView_CellValueChanged [productName]
[ADMIN] [5/6/2017 10:52] [PENJUALAN] CASHIER FORM : updateSomeRowContents
[ADMIN] [5/6/2017 10:52] [PENJUALAN] CASHIER FORM : clearUpSomeRowContents
[ADMIN] [5/6/2017 10:52] [PENJUALAN] CASHIER FORM : cashierDataGridView_CellValueChanged [productName]
[ADMIN] [5/6/2017 10:52] [PENJUALAN] CASHIER FORM : calculateTotal
[ADMIN] [5/6/2017 10:52] [PENJUALAN] CASHIER FORM : calculateTotal [0]
[ADMIN] [5/6/2017 10:52] [PENJUALAN] CASHIER FORM : calculateTotal, totalAfterDisc [0]
[ADMIN] [5/6/2017 10:52] [PENJUALAN] CASHIER FORM : calculateChangeValue, bayarTextBox.Text [0]
[ADMIN] [5/6/2017 10:52] [PENJUALAN] CASHIER FORM : calculateChangeValue, sisaBayar [0]
[ADMIN] [5/6/2017 10:52] [PENJUALAN] CASHIER FORM : Combobox_KeyUp, cashierDataGridView.CurrentCell.OwningColumn.Name  [productName]
[ADMIN] [5/6/2017 10:52] [PENJUALAN] CASHIER FORM : Combobox_KeyUp, cashierDataGridView.CurrentCell.OwningColumn.Name  [productName]
[ADMIN] [5/6/2017 10:52] [PENJUALAN] CASHIER FORM : Combobox_KeyUp, cashierDataGridView.CurrentCell.OwningColumn.Name  [productName]
[ADMIN] [5/6/2017 10:52] [PENJUALAN] CASHIER FORM : Combobox_KeyUp, cashierDataGridView.CurrentCell.OwningColumn.Name  [productName]
[ADMIN] [5/6/2017 10:52] [PENJUALAN] CASHIER FORM : Combobox_KeyUp, cashierDataGridView.CurrentCell.OwningColumn.Name  [productName]
[ADMIN] [5/6/2017 10:52] [PENJUALAN] CASHIER FORM : productName_previewKeyDown, cashierDataGridView.CurrentCell.OwningColumn.Name  [productName]
[ADMIN] [5/6/2017 10:52] [PENJUALAN] CASHIER FORM : UNREGISTER HOTKEY
[ADMIN] [5/6/2017 10:52] [PENJUALAN] CASHIER FORM : ADD NEW ROW FROM BARCODE [SUSU ESBILAC 5 LB / 2.27 KG]
[ADMIN] [5/6/2017 10:52] [PENJUALAN] CASHIER FORM : updateSomeRowContents
[ADMIN] [5/6/2017 10:52] [PENJUALAN] CASHIER FORM : cashierDataGridView_CellValueChanged [productID]
[ADMIN] [5/6/2017 10:52] [PENJUALAN] CASHIER FORM : cashierDataGridView_CellValueChanged [productName]
[ADMIN] [5/6/2017 10:52] [PENJUALAN] CASHIER FORM : updateSomeRowContents
[ADMIN] [5/6/2017 10:52] [PENJUALAN] CASHIER FORM : PRODUCT PRICE TYPE [PRODUCT_BASE_PRICE]
[ADMIN] [5/6/2017 10:52] [PENJUALAN] CASHIER FORM : PRODUCT PRICE [1312520]
[ADMIN] [5/6/2017 10:52] [PENJUALAN] CASHIER FORM : ComboBox_SelectedIndexChanged, PRODUCT_BASE_PRICE [1312520]
[ADMIN] [5/6/2017 10:52] [PENJUALAN] CASHIER FORM : cashierDataGridView_CellValueChanged [hpp]
[ADMIN] [5/6/2017 10:52] [PENJUALAN] CASHIER FORM : PRODUCT PRICE TYPE [PRODUCT_RETAIL_PRICE]
[ADMIN] [5/6/2017 10:52] [PENJUALAN] CASHIER FORM : PRODUCT PRICE [1575000]
[ADMIN] [5/6/2017 10:52] [PENJUALAN] CASHIER FORM : ComboBox_SelectedIndexChanged, PRODUCT_SALES_PRICE [1575000]
[ADMIN] [5/6/2017 10:52] [PENJUALAN] CASHIER FORM : cashierDataGridView_CellValueChanged [productPrice]
[ADMIN] [5/6/2017 10:52] [PENJUALAN] CASHIER FORM : cashierDataGridView_CellValueChanged, previousInput [0]
[ADMIN] [5/6/2017 10:52] [PENJUALAN] CASHIER FORM : cashierDataGridView_CellValueChanged, cellValue [1575000]
[ADMIN] [5/6/2017 10:52] [PENJUALAN] CASHIER FORM : cashierDataGridView_CellValueChanged, dataGridViewTextBoxEditingControl.Text pass REGEX Checking
[ADMIN] [5/6/2017 10:52] [PENJUALAN] CASHIER FORM : CALCULATE SUBTOTAL
[ADMIN] [5/6/2017 10:52] [PENJUALAN] CASHIER FORM : SUBTOTAL [0]
[ADMIN] [5/6/2017 10:52] [PENJUALAN] CASHIER FORM : cashierDataGridView_CellValueChanged, subtotal value [0]
[ADMIN] [5/6/2017 10:52] [PENJUALAN] CASHIER FORM : cashierDataGridView_CellValueChanged, attempt to calculate total value
[ADMIN] [5/6/2017 10:52] [PENJUALAN] CASHIER FORM : calculateTotal
[ADMIN] [5/6/2017 10:52] [PENJUALAN] CASHIER FORM : calculateTotal [0]
[ADMIN] [5/6/2017 10:52] [PENJUALAN] CASHIER FORM : calculateTotal, totalAfterDisc [0]
[ADMIN] [5/6/2017 10:52] [PENJUALAN] CASHIER FORM : calculateChangeValue, bayarTextBox.Text [0]
[ADMIN] [5/6/2017 10:52] [PENJUALAN] CASHIER FORM : calculateChangeValue, sisaBayar [0]
[ADMIN] [5/6/2017 10:52] [PENJUALAN] CASHIER FORM : cashierDataGridView_CellValueChanged [qty]
[ADMIN] [5/6/2017 10:52] [PENJUALAN] CASHIER FORM : cashierDataGridView_CellValueChanged, previousInput [0]
[ADMIN] [5/6/2017 10:52] [PENJUALAN] CASHIER FORM : cashierDataGridView_CellValueChanged [jumlah]
[ADMIN] [5/6/2017 10:52] [PENJUALAN] CASHIER FORM : calculateTotal
[ADMIN] [5/6/2017 10:52] [PENJUALAN] CASHIER FORM : calculateTotal [0]
[ADMIN] [5/6/2017 10:52] [PENJUALAN] CASHIER FORM : calculateTotal, totalAfterDisc [0]
[ADMIN] [5/6/2017 10:52] [PENJUALAN] CASHIER FORM : calculateChangeValue, bayarTextBox.Text [0]
[ADMIN] [5/6/2017 10:52] [PENJUALAN] CASHIER FORM : calculateChangeValue, sisaBayar [0]
[ADMIN] [5/6/2017 10:52] [PENJUALAN] CASHIER FORM : CHECK STOCK QTY IS ENOUGH [020279994985]
[ADMIN] [5/6/2017 10:52] [PENJUALAN] CASHIER FORM : CHECK STOCK QTY IS ENOUGH [1, 1]
[ADMIN] [5/6/2017 10:52] [PENJUALAN] CASHIER FORM : cashierDataGridView_CellValueChanged [qty]
[ADMIN] [5/6/2017 10:52] [PENJUALAN] CASHIER FORM : cashierDataGridView_CellValueChanged, previousInput [0]
[ADMIN] [5/6/2017 10:52] [PENJUALAN] CASHIER FORM : cashierDataGridView_CellValueChanged, cellValue [1]
[ADMIN] [5/6/2017 10:52] [PENJUALAN] CASHIER FORM : cashierDataGridView_CellValueChanged, dataGridViewTextBoxEditingControl.Text pass REGEX Checking
[ADMIN] [5/6/2017 10:52] [PENJUALAN] CASHIER FORM : CHECK STOCK QTY IS ENOUGH [020279994985]
[ADMIN] [5/6/2017 10:52] [PENJUALAN] CASHIER FORM : CHECK STOCK QTY IS ENOUGH [1, 1]
[ADMIN] [5/6/2017 10:52] [PENJUALAN] CASHIER FORM : CALCULATE SUBTOTAL
[ADMIN] [5/6/2017 10:52] [PENJUALAN] CASHIER FORM : SUBTOTAL [1575000]
[ADMIN] [5/6/2017 10:52] [PENJUALAN] CASHIER FORM : cashierDataGridView_CellValueChanged, subtotal value [1575000]
[ADMIN] [5/6/2017 10:52] [PENJUALAN] CASHIER FORM : cashierDataGridView_CellValueChanged, attempt to calculate total value
[ADMIN] [5/6/2017 10:52] [PENJUALAN] CASHIER FORM : calculateTotal
[ADMIN] [5/6/2017 10:52] [PENJUALAN] CASHIER FORM : calculateTotal [1575000]
[ADMIN] [5/6/2017 10:52] [PENJUALAN] CASHIER FORM : calculateTotal, totalAfterDisc [1575000]
[ADMIN] [5/6/2017 10:52] [PENJUALAN] CASHIER FORM : calculateChangeValue, bayarTextBox.Text [0]
[ADMIN] [5/6/2017 10:52] [PENJUALAN] CASHIER FORM : calculateChangeValue, sisaBayar [0]
[ADMIN] [5/6/2017 10:52] [PENJUALAN] CASHIER FORM : SET QTY TO 1 BECAUSE OF NEW ROW
[ADMIN] [5/6/2017 10:52] [PENJUALAN] CASHIER FORM : CALCULATE SUBTOTAL
[ADMIN] [5/6/2017 10:52] [PENJUALAN] CASHIER FORM : SUBTOTAL [1575000]
[ADMIN] [5/6/2017 10:52] [PENJUALAN] CASHIER FORM : calculateTotal
[ADMIN] [5/6/2017 10:52] [PENJUALAN] CASHIER FORM : calculateTotal [1575000]
[ADMIN] [5/6/2017 10:52] [PENJUALAN] CASHIER FORM : calculateTotal, totalAfterDisc [1575000]
[ADMIN] [5/6/2017 10:52] [PENJUALAN] CASHIER FORM : calculateChangeValue, bayarTextBox.Text [0]
[ADMIN] [5/6/2017 10:52] [PENJUALAN] CASHIER FORM : calculateChangeValue, sisaBayar [0]
[ADMIN] [5/6/2017 10:52] [PENJUALAN] CASHIER FORM : UPDATE ROW NUMBER, TOTAL ROW [2]
[ADMIN] [5/6/2017 10:52] [PENJUALAN] CASHIER FORM : cashierDataGridView_CellValueChanged [F8]
[ADMIN] [5/6/2017 10:52] [PENJUALAN] CASHIER FORM : REGISTER HOTKEY
[ADMIN] [5/6/2017 10:52] [PENJUALAN] CASHIER FORM : Combobox_KeyUp, cashierDataGridView.CurrentCell.OwningColumn.Name  [qty]
[ADMIN] [5/6/2017 10:52] [PENJUALAN] CASHIER FORM : Combobox_KeyUp, cashierDataGridView.CurrentCell.OwningColumn.Name  [qty]
[ADMIN] [5/6/2017 10:52] [PENJUALAN] CASHIER FORM : Combobox_KeyUp, cashierDataGridView.CurrentCell.OwningColumn.Name  [qty]
[ADMIN] [5/6/2017 10:52] [PENJUALAN] CASHIER FORM : Combobox_KeyUp, cashierDataGridView.CurrentCell.OwningColumn.Name  [qty]
[ADMIN] [5/6/2017 10:52] [PENJUALAN] CASHIER FORM : Combobox_KeyUp, cashierDataGridView.CurrentCell.OwningColumn.Name  [qty]
[ADMIN] [5/6/2017 10:52] [PENJUALAN] CASHIER FORM : PRODUCT PRICE TYPE [PRODUCT_BULK_PRICE]
[ADMIN] [5/6/2017 10:52] [PENJUALAN] CASHIER FORM : PRODUCT PRICE [1550000]
[ADMIN] [5/6/2017 10:52] [PENJUALAN] CASHIER FORM : cashierDataGridView_CellValueChanged [productPrice]
[ADMIN] [5/6/2017 10:52] [PENJUALAN] CASHIER FORM : cashierDataGridView_CellValueChanged, previousInput [1575000]
[ADMIN] [5/6/2017 10:52] [PENJUALAN] CASHIER FORM : cashierDataGridView_CellValueChanged, dataGridViewTextBoxEditingControl.Text pass REGEX Checking
[ADMIN] [5/6/2017 10:52] [PENJUALAN] CASHIER FORM : CALCULATE SUBTOTAL
[ADMIN] [5/6/2017 10:52] [PENJUALAN] CASHIER FORM : SUBTOTAL [1550000]
[ADMIN] [5/6/2017 10:52] [PENJUALAN] CASHIER FORM : cashierDataGridView_CellValueChanged, subtotal value [1550000]
[ADMIN] [5/6/2017 10:52] [PENJUALAN] CASHIER FORM : cashierDataGridView_CellValueChanged, attempt to calculate total value
[ADMIN] [5/6/2017 10:52] [PENJUALAN] CASHIER FORM : calculateTotal
[ADMIN] [5/6/2017 10:52] [PENJUALAN] CASHIER FORM : calculateTotal [1550000]
[ADMIN] [5/6/2017 10:52] [PENJUALAN] CASHIER FORM : calculateTotal, totalAfterDisc [1550000]
[ADMIN] [5/6/2017 10:52] [PENJUALAN] CASHIER FORM : calculateChangeValue, bayarTextBox.Text [0]
[ADMIN] [5/6/2017 10:52] [PENJUALAN] CASHIER FORM : calculateChangeValue, sisaBayar [0]
[ADMIN] [5/6/2017 10:52] [PENJUALAN] CASHIER FORM : CHECK IF THERE'S ANY ENTRY IN THE PRODUCT DISC
[ADMIN] [5/6/2017 10:52] [PENJUALAN] CASHIER FORM : cashierDataGridView_CellValueChanged [disc1]
[ADMIN] [5/6/2017 10:52] [PENJUALAN] CASHIER FORM : cashierDataGridView_CellValueChanged, previousInput [0]
[ADMIN] [5/6/2017 10:52] [PENJUALAN] CASHIER FORM : cashierDataGridView_CellValueChanged [disc2]
[ADMIN] [5/6/2017 10:52] [PENJUALAN] CASHIER FORM : cashierDataGridView_CellValueChanged, previousInput [0]
[ADMIN] [5/6/2017 10:52] [PENJUALAN] CASHIER FORM : cashierDataGridView_CellValueChanged [discRP]
[ADMIN] [5/6/2017 10:52] [PENJUALAN] CASHIER FORM : cashierDataGridView_CellValueChanged, previousInput [0]
[ADMIN] [5/6/2017 10:52] [PENJUALAN] CASHIER FORM : CALCULATE SUBTOTAL
[ADMIN] [5/6/2017 10:52] [PENJUALAN] CASHIER FORM : SUBTOTAL [1550000]
[ADMIN] [5/6/2017 10:52] [PENJUALAN] CASHIER FORM : calculateTotal
[ADMIN] [5/6/2017 10:52] [PENJUALAN] CASHIER FORM : calculateTotal [1550000]
[ADMIN] [5/6/2017 10:52] [PENJUALAN] CASHIER FORM : calculateTotal, totalAfterDisc [1550000]
[ADMIN] [5/6/2017 10:52] [PENJUALAN] CASHIER FORM : calculateChangeValue, bayarTextBox.Text [0]
[ADMIN] [5/6/2017 10:52] [PENJUALAN] CASHIER FORM : calculateChangeValue, sisaBayar [0]
[ADMIN] [5/6/2017 10:52] [PENJUALAN] CASHIER FORM : PRODUCT PRICE TYPE [PRODUCT_WHOLESALE_PRICE]
[ADMIN] [5/6/2017 10:52] [PENJUALAN] CASHIER FORM : PRODUCT PRICE [1880000]
[ADMIN] [5/6/2017 10:52] [PENJUALAN] CASHIER FORM : cashierDataGridView_CellValueChanged [productPrice]
[ADMIN] [5/6/2017 10:52] [PENJUALAN] CASHIER FORM : cashierDataGridView_CellValueChanged, previousInput [1550000]
[ADMIN] [5/6/2017 10:52] [PENJUALAN] CASHIER FORM : cashierDataGridView_CellValueChanged, dataGridViewTextBoxEditingControl.Text pass REGEX Checking
[ADMIN] [5/6/2017 10:52] [PENJUALAN] CASHIER FORM : CALCULATE SUBTOTAL
[ADMIN] [5/6/2017 10:52] [PENJUALAN] CASHIER FORM : SUBTOTAL [1880000]
[ADMIN] [5/6/2017 10:52] [PENJUALAN] CASHIER FORM : cashierDataGridView_CellValueChanged, subtotal value [1880000]
[ADMIN] [5/6/2017 10:52] [PENJUALAN] CASHIER FORM : cashierDataGridView_CellValueChanged, attempt to calculate total value
[ADMIN] [5/6/2017 10:52] [PENJUALAN] CASHIER FORM : calculateTotal
[ADMIN] [5/6/2017 10:52] [PENJUALAN] CASHIER FORM : calculateTotal [1880000]
[ADMIN] [5/6/2017 10:52] [PENJUALAN] CASHIER FORM : calculateTotal, totalAfterDisc [1880000]
[ADMIN] [5/6/2017 10:52] [PENJUALAN] CASHIER FORM : calculateChangeValue, bayarTextBox.Text [0]
[ADMIN] [5/6/2017 10:52] [PENJUALAN] CASHIER FORM : calculateChangeValue, sisaBayar [0]
[ADMIN] [5/6/2017 10:52] [PENJUALAN] CASHIER FORM : CHECK IF THERE'S ANY ENTRY IN THE PRODUCT DISC
[ADMIN] [5/6/2017 10:52] [PENJUALAN] CASHIER FORM : CALCULATE SUBTOTAL
[ADMIN] [5/6/2017 10:52] [PENJUALAN] CASHIER FORM : SUBTOTAL [1880000]
[ADMIN] [5/6/2017 10:52] [PENJUALAN] CASHIER FORM : calculateTotal
[ADMIN] [5/6/2017 10:52] [PENJUALAN] CASHIER FORM : calculateTotal [1880000]
[ADMIN] [5/6/2017 10:52] [PENJUALAN] CASHIER FORM : calculateTotal, totalAfterDisc [1880000]
[ADMIN] [5/6/2017 10:52] [PENJUALAN] CASHIER FORM : calculateChangeValue, bayarTextBox.Text [0]
[ADMIN] [5/6/2017 10:52] [PENJUALAN] CASHIER FORM : calculateChangeValue, sisaBayar [0]
[ADMIN] [5/6/2017 10:52] [PENJUALAN] CASHIER FORM : PRODUCT PRICE TYPE [PRODUCT_BULK_PRICE]
[ADMIN] [5/6/2017 10:52] [PENJUALAN] CASHIER FORM : PRODUCT PRICE [1550000]
[ADMIN] [5/6/2017 10:52] [PENJUALAN] CASHIER FORM : cashierDataGridView_CellValueChanged [productPrice]
[ADMIN] [5/6/2017 10:52] [PENJUALAN] CASHIER FORM : cashierDataGridView_CellValueChanged, previousInput [1880000]
[ADMIN] [5/6/2017 10:52] [PENJUALAN] CASHIER FORM : cashierDataGridView_CellValueChanged, dataGridViewTextBoxEditingControl.Text pass REGEX Checking
[ADMIN] [5/6/2017 10:52] [PENJUALAN] CASHIER FORM : CALCULATE SUBTOTAL
[ADMIN] [5/6/2017 10:52] [PENJUALAN] CASHIER FORM : SUBTOTAL [1550000]
[ADMIN] [5/6/2017 10:52] [PENJUALAN] CASHIER FORM : cashierDataGridView_CellValueChanged, subtotal value [1550000]
[ADMIN] [5/6/2017 10:52] [PENJUALAN] CASHIER FORM : cashierDataGridView_CellValueChanged, attempt to calculate total value
[ADMIN] [5/6/2017 10:52] [PENJUALAN] CASHIER FORM : calculateTotal
[ADMIN] [5/6/2017 10:52] [PENJUALAN] CASHIER FORM : calculateTotal [1550000]
[ADMIN] [5/6/2017 10:52] [PENJUALAN] CASHIER FORM : calculateTotal, totalAfterDisc [1550000]
[ADMIN] [5/6/2017 10:52] [PENJUALAN] CASHIER FORM : calculateChangeValue, bayarTextBox.Text [0]
[ADMIN] [5/6/2017 10:52] [PENJUALAN] CASHIER FORM : calculateChangeValue, sisaBayar [0]
[ADMIN] [5/6/2017 10:52] [PENJUALAN] CASHIER FORM : CHECK IF THERE'S ANY ENTRY IN THE PRODUCT DISC
[ADMIN] [5/6/2017 10:52] [PENJUALAN] CASHIER FORM : CALCULATE SUBTOTAL
[ADMIN] [5/6/2017 10:52] [PENJUALAN] CASHIER FORM : SUBTOTAL [1550000]
[ADMIN] [5/6/2017 10:52] [PENJUALAN] CASHIER FORM : calculateTotal
[ADMIN] [5/6/2017 10:52] [PENJUALAN] CASHIER FORM : calculateTotal [1550000]
[ADMIN] [5/6/2017 10:52] [PENJUALAN] CASHIER FORM : calculateTotal, totalAfterDisc [1550000]
[ADMIN] [5/6/2017 10:52] [PENJUALAN] CASHIER FORM : calculateChangeValue, bayarTextBox.Text [0]
[ADMIN] [5/6/2017 10:52] [PENJUALAN] CASHIER FORM : calculateChangeValue, sisaBayar [0]
[ADMIN] [5/6/2017 10:52] [PENJUALAN] CASHIER FORM : PRODUCT PRICE TYPE [PRODUCT_RETAIL_PRICE]
[ADMIN] [5/6/2017 10:52] [PENJUALAN] CASHIER FORM : PRODUCT PRICE [1575000]
[ADMIN] [5/6/2017 10:52] [PENJUALAN] CASHIER FORM : cashierDataGridView_CellValueChanged [productPrice]
[ADMIN] [5/6/2017 10:52] [PENJUALAN] CASHIER FORM : cashierDataGridView_CellValueChanged, previousInput [1550000]
[ADMIN] [5/6/2017 10:52] [PENJUALAN] CASHIER FORM : cashierDataGridView_CellValueChanged, dataGridViewTextBoxEditingControl.Text pass REGEX Checking
[ADMIN] [5/6/2017 10:52] [PENJUALAN] CASHIER FORM : CALCULATE SUBTOTAL
[ADMIN] [5/6/2017 10:52] [PENJUALAN] CASHIER FORM : SUBTOTAL [1575000]
[ADMIN] [5/6/2017 10:52] [PENJUALAN] CASHIER FORM : cashierDataGridView_CellValueChanged, subtotal value [1575000]
[ADMIN] [5/6/2017 10:52] [PENJUALAN] CASHIER FORM : cashierDataGridView_CellValueChanged, attempt to calculate total value
[ADMIN] [5/6/2017 10:52] [PENJUALAN] CASHIER FORM : calculateTotal
[ADMIN] [5/6/2017 10:52] [PENJUALAN] CASHIER FORM : calculateTotal [1575000]
[ADMIN] [5/6/2017 10:52] [PENJUALAN] CASHIER FORM : calculateTotal, totalAfterDisc [1575000]
[ADMIN] [5/6/2017 10:52] [PENJUALAN] CASHIER FORM : calculateChangeValue, bayarTextBox.Text [0]
[ADMIN] [5/6/2017 10:52] [PENJUALAN] CASHIER FORM : calculateChangeValue, sisaBayar [0]
[ADMIN] [5/6/2017 10:52] [PENJUALAN] CASHIER FORM : CHECK IF THERE'S ANY ENTRY IN THE PRODUCT DISC
[ADMIN] [5/6/2017 10:52] [PENJUALAN] CASHIER FORM : CALCULATE SUBTOTAL
[ADMIN] [5/6/2017 10:52] [PENJUALAN] CASHIER FORM : SUBTOTAL [1575000]
[ADMIN] [5/6/2017 10:52] [PENJUALAN] CASHIER FORM : calculateTotal
[ADMIN] [5/6/2017 10:52] [PENJUALAN] CASHIER FORM : calculateTotal [1575000]
[ADMIN] [5/6/2017 10:52] [PENJUALAN] CASHIER FORM : calculateTotal, totalAfterDisc [1575000]
[ADMIN] [5/6/2017 10:52] [PENJUALAN] CASHIER FORM : calculateChangeValue, bayarTextBox.Text [0]
[ADMIN] [5/6/2017 10:52] [PENJUALAN] CASHIER FORM : calculateChangeValue, sisaBayar [0]
[ADMIN] [5/6/2017 10:52] [PENJUALAN] CASHIER FORM : PRODUCT PRICE TYPE [PRODUCT_BULK_PRICE]
[ADMIN] [5/6/2017 10:52] [PENJUALAN] CASHIER FORM : PRODUCT PRICE [1550000]
[ADMIN] [5/6/2017 10:52] [PENJUALAN] CASHIER FORM : cashierDataGridView_CellValueChanged [productPrice]
[ADMIN] [5/6/2017 10:52] [PENJUALAN] CASHIER FORM : cashierDataGridView_CellValueChanged, previousInput [1575000]
[ADMIN] [5/6/2017 10:52] [PENJUALAN] CASHIER FORM : cashierDataGridView_CellValueChanged, dataGridViewTextBoxEditingControl.Text pass REGEX Checking
[ADMIN] [5/6/2017 10:52] [PENJUALAN] CASHIER FORM : CALCULATE SUBTOTAL
[ADMIN] [5/6/2017 10:52] [PENJUALAN] CASHIER FORM : SUBTOTAL [1550000]
[ADMIN] [5/6/2017 10:52] [PENJUALAN] CASHIER FORM : cashierDataGridView_CellValueChanged, subtotal value [1550000]
[ADMIN] [5/6/2017 10:52] [PENJUALAN] CASHIER FORM : cashierDataGridView_CellValueChanged, attempt to calculate total value
[ADMIN] [5/6/2017 10:52] [PENJUALAN] CASHIER FORM : calculateTotal
[ADMIN] [5/6/2017 10:52] [PENJUALAN] CASHIER FORM : calculateTotal [1550000]
[ADMIN] [5/6/2017 10:52] [PENJUALAN] CASHIER FORM : calculateTotal, totalAfterDisc [1550000]
[ADMIN] [5/6/2017 10:52] [PENJUALAN] CASHIER FORM : calculateChangeValue, bayarTextBox.Text [0]
[ADMIN] [5/6/2017 10:52] [PENJUALAN] CASHIER FORM : calculateChangeValue, sisaBayar [0]
[ADMIN] [5/6/2017 10:52] [PENJUALAN] CASHIER FORM : CHECK IF THERE'S ANY ENTRY IN THE PRODUCT DISC
[ADMIN] [5/6/2017 10:52] [PENJUALAN] CASHIER FORM : CALCULATE SUBTOTAL
[ADMIN] [5/6/2017 10:52] [PENJUALAN] CASHIER FORM : SUBTOTAL [1550000]
[ADMIN] [5/6/2017 10:52] [PENJUALAN] CASHIER FORM : calculateTotal
[ADMIN] [5/6/2017 10:52] [PENJUALAN] CASHIER FORM : calculateTotal [1550000]
[ADMIN] [5/6/2017 10:52] [PENJUALAN] CASHIER FORM : calculateTotal, totalAfterDisc [1550000]
[ADMIN] [5/6/2017 10:52] [PENJUALAN] CASHIER FORM : calculateChangeValue, bayarTextBox.Text [0]
[ADMIN] [5/6/2017 10:52] [PENJUALAN] CASHIER FORM : calculateChangeValue, sisaBayar [0]
[ADMIN] [5/6/2017 10:52] [PENJUALAN] CASHIER FORM : PRODUCT PRICE TYPE [PRODUCT_WHOLESALE_PRICE]
[ADMIN] [5/6/2017 10:52] [PENJUALAN] CASHIER FORM : PRODUCT PRICE [1880000]
[ADMIN] [5/6/2017 10:52] [PENJUALAN] CASHIER FORM : cashierDataGridView_CellValueChanged [productPrice]
[ADMIN] [5/6/2017 10:52] [PENJUALAN] CASHIER FORM : cashierDataGridView_CellValueChanged, previousInput [1550000]
[ADMIN] [5/6/2017 10:52] [PENJUALAN] CASHIER FORM : cashierDataGridView_CellValueChanged, dataGridViewTextBoxEditingControl.Text pass REGEX Checking
[ADMIN] [5/6/2017 10:52] [PENJUALAN] CASHIER FORM : CALCULATE SUBTOTAL
[ADMIN] [5/6/2017 10:52] [PENJUALAN] CASHIER FORM : SUBTOTAL [1880000]
[ADMIN] [5/6/2017 10:52] [PENJUALAN] CASHIER FORM : cashierDataGridView_CellValueChanged, subtotal value [1880000]
[ADMIN] [5/6/2017 10:52] [PENJUALAN] CASHIER FORM : cashierDataGridView_CellValueChanged, attempt to calculate total value
[ADMIN] [5/6/2017 10:52] [PENJUALAN] CASHIER FORM : calculateTotal
[ADMIN] [5/6/2017 10:52] [PENJUALAN] CASHIER FORM : calculateTotal [1880000]
[ADMIN] [5/6/2017 10:52] [PENJUALAN] CASHIER FORM : calculateTotal, totalAfterDisc [1880000]
[ADMIN] [5/6/2017 10:52] [PENJUALAN] CASHIER FORM : calculateChangeValue, bayarTextBox.Text [0]
[ADMIN] [5/6/2017 10:52] [PENJUALAN] CASHIER FORM : calculateChangeValue, sisaBayar [0]
[ADMIN] [5/6/2017 10:52] [PENJUALAN] CASHIER FORM : CHECK IF THERE'S ANY ENTRY IN THE PRODUCT DISC
[ADMIN] [5/6/2017 10:52] [PENJUALAN] CASHIER FORM : CALCULATE SUBTOTAL
[ADMIN] [5/6/2017 10:52] [PENJUALAN] CASHIER FORM : SUBTOTAL [1880000]
[ADMIN] [5/6/2017 10:52] [PENJUALAN] CASHIER FORM : calculateTotal
[ADMIN] [5/6/2017 10:52] [PENJUALAN] CASHIER FORM : calculateTotal [1880000]
[ADMIN] [5/6/2017 10:52] [PENJUALAN] CASHIER FORM : calculateTotal, totalAfterDisc [1880000]
[ADMIN] [5/6/2017 10:52] [PENJUALAN] CASHIER FORM : calculateChangeValue, bayarTextBox.Text [0]
[ADMIN] [5/6/2017 10:52] [PENJUALAN] CASHIER FORM : calculateChangeValue, sisaBayar [0]
[ADMIN] [5/6/2017 10:52] [PENJUALAN] CASHIER FORM : PRODUCT PRICE TYPE [PRODUCT_BULK_PRICE]
[ADMIN] [5/6/2017 10:52] [PENJUALAN] CASHIER FORM : PRODUCT PRICE [1550000]
[ADMIN] [5/6/2017 10:52] [PENJUALAN] CASHIER FORM : cashierDataGridView_CellValueChanged [productPrice]
[ADMIN] [5/6/2017 10:52] [PENJUALAN] CASHIER FORM : cashierDataGridView_CellValueChanged, previousInput [1880000]
[ADMIN] [5/6/2017 10:52] [PENJUALAN] CASHIER FORM : cashierDataGridView_CellValueChanged, dataGridViewTextBoxEditingControl.Text pass REGEX Checking
[ADMIN] [5/6/2017 10:52] [PENJUALAN] CASHIER FORM : CALCULATE SUBTOTAL
[ADMIN] [5/6/2017 10:52] [PENJUALAN] CASHIER FORM : SUBTOTAL [1550000]
[ADMIN] [5/6/2017 10:52] [PENJUALAN] CASHIER FORM : cashierDataGridView_CellValueChanged, subtotal value [1550000]
[ADMIN] [5/6/2017 10:52] [PENJUALAN] CASHIER FORM : cashierDataGridView_CellValueChanged, attempt to calculate total value
[ADMIN] [5/6/2017 10:52] [PENJUALAN] CASHIER FORM : calculateTotal
[ADMIN] [5/6/2017 10:52] [PENJUALAN] CASHIER FORM : calculateTotal [1550000]
[ADMIN] [5/6/2017 10:52] [PENJUALAN] CASHIER FORM : calculateTotal, totalAfterDisc [1550000]
[ADMIN] [5/6/2017 10:52] [PENJUALAN] CASHIER FORM : calculateChangeValue, bayarTextBox.Text [0]
[ADMIN] [5/6/2017 10:52] [PENJUALAN] CASHIER FORM : calculateChangeValue, sisaBayar [0]
[ADMIN] [5/6/2017 10:52] [PENJUALAN] CASHIER FORM : CHECK IF THERE'S ANY ENTRY IN THE PRODUCT DISC
[ADMIN] [5/6/2017 10:52] [PENJUALAN] CASHIER FORM : CALCULATE SUBTOTAL
[ADMIN] [5/6/2017 10:52] [PENJUALAN] CASHIER FORM : SUBTOTAL [1550000]
[ADMIN] [5/6/2017 10:52] [PENJUALAN] CASHIER FORM : calculateTotal
[ADMIN] [5/6/2017 10:52] [PENJUALAN] CASHIER FORM : calculateTotal [1550000]
[ADMIN] [5/6/2017 10:52] [PENJUALAN] CASHIER FORM : calculateTotal, totalAfterDisc [1550000]
[ADMIN] [5/6/2017 10:52] [PENJUALAN] CASHIER FORM : calculateChangeValue, bayarTextBox.Text [0]
[ADMIN] [5/6/2017 10:52] [PENJUALAN] CASHIER FORM : calculateChangeValue, sisaBayar [0]
[ADMIN] [5/6/2017 10:52] [PENJUALAN] CASHIER FORM : PRODUCT PRICE TYPE [PRODUCT_RETAIL_PRICE]
[ADMIN] [5/6/2017 10:52] [PENJUALAN] CASHIER FORM : PRODUCT PRICE [1575000]
[ADMIN] [5/6/2017 10:52] [PENJUALAN] CASHIER FORM : cashierDataGridView_CellValueChanged [productPrice]
[ADMIN] [5/6/2017 10:52] [PENJUALAN] CASHIER FORM : cashierDataGridView_CellValueChanged, previousInput [1550000]
[ADMIN] [5/6/2017 10:52] [PENJUALAN] CASHIER FORM : cashierDataGridView_CellValueChanged, dataGridViewTextBoxEditingControl.Text pass REGEX Checking
[ADMIN] [5/6/2017 10:52] [PENJUALAN] CASHIER FORM : CALCULATE SUBTOTAL
[ADMIN] [5/6/2017 10:52] [PENJUALAN] CASHIER FORM : SUBTOTAL [1575000]
[ADMIN] [5/6/2017 10:52] [PENJUALAN] CASHIER FORM : cashierDataGridView_CellValueChanged, subtotal value [1575000]
[ADMIN] [5/6/2017 10:52] [PENJUALAN] CASHIER FORM : cashierDataGridView_CellValueChanged, attempt to calculate total value
[ADMIN] [5/6/2017 10:52] [PENJUALAN] CASHIER FORM : calculateTotal
[ADMIN] [5/6/2017 10:52] [PENJUALAN] CASHIER FORM : calculateTotal [1575000]
[ADMIN] [5/6/2017 10:52] [PENJUALAN] CASHIER FORM : calculateTotal, totalAfterDisc [1575000]
[ADMIN] [5/6/2017 10:52] [PENJUALAN] CASHIER FORM : calculateChangeValue, bayarTextBox.Text [0]
[ADMIN] [5/6/2017 10:52] [PENJUALAN] CASHIER FORM : calculateChangeValue, sisaBayar [0]
[ADMIN] [5/6/2017 10:52] [PENJUALAN] CASHIER FORM : CHECK IF THERE'S ANY ENTRY IN THE PRODUCT DISC
[ADMIN] [5/6/2017 10:52] [PENJUALAN] CASHIER FORM : CALCULATE SUBTOTAL
[ADMIN] [5/6/2017 10:52] [PENJUALAN] CASHIER FORM : SUBTOTAL [1575000]
[ADMIN] [5/6/2017 10:52] [PENJUALAN] CASHIER FORM : calculateTotal
[ADMIN] [5/6/2017 10:52] [PENJUALAN] CASHIER FORM : calculateTotal [1575000]
[ADMIN] [5/6/2017 10:52] [PENJUALAN] CASHIER FORM : calculateTotal, totalAfterDisc [1575000]
[ADMIN] [5/6/2017 10:52] [PENJUALAN] CASHIER FORM : calculateChangeValue, bayarTextBox.Text [0]
[ADMIN] [5/6/2017 10:52] [PENJUALAN] CASHIER FORM : calculateChangeValue, sisaBayar [0]
[ADMIN] [5/6/2017 10:52] [PENJUALAN] CASHIER FORM : PRODUCT PRICE TYPE [PRODUCT_BULK_PRICE]
[ADMIN] [5/6/2017 10:52] [PENJUALAN] CASHIER FORM : PRODUCT PRICE [1550000]
[ADMIN] [5/6/2017 10:52] [PENJUALAN] CASHIER FORM : cashierDataGridView_CellValueChanged [productPrice]
[ADMIN] [5/6/2017 10:52] [PENJUALAN] CASHIER FORM : cashierDataGridView_CellValueChanged, previousInput [1575000]
[ADMIN] [5/6/2017 10:52] [PENJUALAN] CASHIER FORM : cashierDataGridView_CellValueChanged, dataGridViewTextBoxEditingControl.Text pass REGEX Checking
[ADMIN] [5/6/2017 10:52] [PENJUALAN] CASHIER FORM : CALCULATE SUBTOTAL
[ADMIN] [5/6/2017 10:52] [PENJUALAN] CASHIER FORM : SUBTOTAL [1550000]
[ADMIN] [5/6/2017 10:52] [PENJUALAN] CASHIER FORM : cashierDataGridView_CellValueChanged, subtotal value [1550000]
[ADMIN] [5/6/2017 10:52] [PENJUALAN] CASHIER FORM : cashierDataGridView_CellValueChanged, attempt to calculate total value
[ADMIN] [5/6/2017 10:52] [PENJUALAN] CASHIER FORM : calculateTotal
[ADMIN] [5/6/2017 10:52] [PENJUALAN] CASHIER FORM : calculateTotal [1550000]
[ADMIN] [5/6/2017 10:52] [PENJUALAN] CASHIER FORM : calculateTotal, totalAfterDisc [1550000]
[ADMIN] [5/6/2017 10:52] [PENJUALAN] CASHIER FORM : calculateChangeValue, bayarTextBox.Text [0]
[ADMIN] [5/6/2017 10:52] [PENJUALAN] CASHIER FORM : calculateChangeValue, sisaBayar [0]
[ADMIN] [5/6/2017 10:52] [PENJUALAN] CASHIER FORM : CHECK IF THERE'S ANY ENTRY IN THE PRODUCT DISC
[ADMIN] [5/6/2017 10:52] [PENJUALAN] CASHIER FORM : CALCULATE SUBTOTAL
[ADMIN] [5/6/2017 10:52] [PENJUALAN] CASHIER FORM : SUBTOTAL [1550000]
[ADMIN] [5/6/2017 10:52] [PENJUALAN] CASHIER FORM : calculateTotal
[ADMIN] [5/6/2017 10:52] [PENJUALAN] CASHIER FORM : calculateTotal [1550000]
[ADMIN] [5/6/2017 10:52] [PENJUALAN] CASHIER FORM : calculateTotal, totalAfterDisc [1550000]
[ADMIN] [5/6/2017 10:52] [PENJUALAN] CASHIER FORM : calculateChangeValue, bayarTextBox.Text [0]
[ADMIN] [5/6/2017 10:52] [PENJUALAN] CASHIER FORM : calculateChangeValue, sisaBayar [0]
[ADMIN] [5/6/2017 10:52] [PENJUALAN] CASHIER FORM : PRODUCT PRICE TYPE [PRODUCT_WHOLESALE_PRICE]
[ADMIN] [5/6/2017 10:52] [PENJUALAN] CASHIER FORM : PRODUCT PRICE [1880000]
[ADMIN] [5/6/2017 10:52] [PENJUALAN] CASHIER FORM : cashierDataGridView_CellValueChanged [productPrice]
[ADMIN] [5/6/2017 10:52] [PENJUALAN] CASHIER FORM : cashierDataGridView_CellValueChanged, previousInput [1550000]
[ADMIN] [5/6/2017 10:52] [PENJUALAN] CASHIER FORM : cashierDataGridView_CellValueChanged, dataGridViewTextBoxEditingControl.Text pass REGEX Checking
[ADMIN] [5/6/2017 10:52] [PENJUALAN] CASHIER FORM : CALCULATE SUBTOTAL
[ADMIN] [5/6/2017 10:52] [PENJUALAN] CASHIER FORM : SUBTOTAL [1880000]
[ADMIN] [5/6/2017 10:52] [PENJUALAN] CASHIER FORM : cashierDataGridView_CellValueChanged, subtotal value [1880000]
[ADMIN] [5/6/2017 10:52] [PENJUALAN] CASHIER FORM : cashierDataGridView_CellValueChanged, attempt to calculate total value
[ADMIN] [5/6/2017 10:52] [PENJUALAN] CASHIER FORM : calculateTotal
[ADMIN] [5/6/2017 10:52] [PENJUALAN] CASHIER FORM : calculateTotal [1880000]
[ADMIN] [5/6/2017 10:52] [PENJUALAN] CASHIER FORM : calculateTotal, totalAfterDisc [1880000]
[ADMIN] [5/6/2017 10:52] [PENJUALAN] CASHIER FORM : calculateChangeValue, bayarTextBox.Text [0]
[ADMIN] [5/6/2017 10:52] [PENJUALAN] CASHIER FORM : calculateChangeValue, sisaBayar [0]
[ADMIN] [5/6/2017 10:52] [PENJUALAN] CASHIER FORM : CHECK IF THERE'S ANY ENTRY IN THE PRODUCT DISC
[ADMIN] [5/6/2017 10:52] [PENJUALAN] CASHIER FORM : CALCULATE SUBTOTAL
[ADMIN] [5/6/2017 10:52] [PENJUALAN] CASHIER FORM : SUBTOTAL [1880000]
[ADMIN] [5/6/2017 10:52] [PENJUALAN] CASHIER FORM : calculateTotal
[ADMIN] [5/6/2017 10:52] [PENJUALAN] CASHIER FORM : calculateTotal [1880000]
[ADMIN] [5/6/2017 10:52] [PENJUALAN] CASHIER FORM : calculateTotal, totalAfterDisc [1880000]
[ADMIN] [5/6/2017 10:52] [PENJUALAN] CASHIER FORM : calculateChangeValue, bayarTextBox.Text [0]
[ADMIN] [5/6/2017 10:52] [PENJUALAN] CASHIER FORM : calculateChangeValue, sisaBayar [0]
[ADMIN] [5/6/2017 10:52] [PENJUALAN] CASHIER FORM : PRODUCT PRICE TYPE [PRODUCT_BULK_PRICE]
[ADMIN] [5/6/2017 10:52] [PENJUALAN] CASHIER FORM : PRODUCT PRICE [1550000]
[ADMIN] [5/6/2017 10:52] [PENJUALAN] CASHIER FORM : cashierDataGridView_CellValueChanged [productPrice]
[ADMIN] [5/6/2017 10:52] [PENJUALAN] CASHIER FORM : cashierDataGridView_CellValueChanged, previousInput [1880000]
[ADMIN] [5/6/2017 10:52] [PENJUALAN] CASHIER FORM : cashierDataGridView_CellValueChanged, dataGridViewTextBoxEditingControl.Text pass REGEX Checking
[ADMIN] [5/6/2017 10:52] [PENJUALAN] CASHIER FORM : CALCULATE SUBTOTAL
[ADMIN] [5/6/2017 10:52] [PENJUALAN] CASHIER FORM : SUBTOTAL [1550000]
[ADMIN] [5/6/2017 10:52] [PENJUALAN] CASHIER FORM : cashierDataGridView_CellValueChanged, subtotal value [1550000]
[ADMIN] [5/6/2017 10:52] [PENJUALAN] CASHIER FORM : cashierDataGridView_CellValueChanged, attempt to calculate total value
[ADMIN] [5/6/2017 10:52] [PENJUALAN] CASHIER FORM : calculateTotal
[ADMIN] [5/6/2017 10:52] [PENJUALAN] CASHIER FORM : calculateTotal [1550000]
[ADMIN] [5/6/2017 10:52] [PENJUALAN] CASHIER FORM : calculateTotal, totalAfterDisc [1550000]
[ADMIN] [5/6/2017 10:52] [PENJUALAN] CASHIER FORM : calculateChangeValue, bayarTextBox.Text [0]
[ADMIN] [5/6/2017 10:52] [PENJUALAN] CASHIER FORM : calculateChangeValue, sisaBayar [0]
[ADMIN] [5/6/2017 10:52] [PENJUALAN] CASHIER FORM : CHECK IF THERE'S ANY ENTRY IN THE PRODUCT DISC
[ADMIN] [5/6/2017 10:52] [PENJUALAN] CASHIER FORM : CALCULATE SUBTOTAL
[ADMIN] [5/6/2017 10:52] [PENJUALAN] CASHIER FORM : SUBTOTAL [1550000]
[ADMIN] [5/6/2017 10:52] [PENJUALAN] CASHIER FORM : calculateTotal
[ADMIN] [5/6/2017 10:52] [PENJUALAN] CASHIER FORM : calculateTotal [1550000]
[ADMIN] [5/6/2017 10:52] [PENJUALAN] CASHIER FORM : calculateTotal, totalAfterDisc [1550000]
[ADMIN] [5/6/2017 10:52] [PENJUALAN] CASHIER FORM : calculateChangeValue, bayarTextBox.Text [0]
[ADMIN] [5/6/2017 10:52] [PENJUALAN] CASHIER FORM : calculateChangeValue, sisaBayar [0]
[ADMIN] [5/6/2017 10:52] [PENJUALAN] CASHIER FORM : PRODUCT PRICE TYPE [PRODUCT_RETAIL_PRICE]
[ADMIN] [5/6/2017 10:52] [PENJUALAN] CASHIER FORM : PRODUCT PRICE [1575000]
[ADMIN] [5/6/2017 10:52] [PENJUALAN] CASHIER FORM : cashierDataGridView_CellValueChanged [productPrice]
[ADMIN] [5/6/2017 10:52] [PENJUALAN] CASHIER FORM : cashierDataGridView_CellValueChanged, previousInput [1550000]
[ADMIN] [5/6/2017 10:52] [PENJUALAN] CASHIER FORM : cashierDataGridView_CellValueChanged, dataGridViewTextBoxEditingControl.Text pass REGEX Checking
[ADMIN] [5/6/2017 10:52] [PENJUALAN] CASHIER FORM : CALCULATE SUBTOTAL
[ADMIN] [5/6/2017 10:52] [PENJUALAN] CASHIER FORM : SUBTOTAL [1575000]
[ADMIN] [5/6/2017 10:52] [PENJUALAN] CASHIER FORM : cashierDataGridView_CellValueChanged, subtotal value [1575000]
[ADMIN] [5/6/2017 10:52] [PENJUALAN] CASHIER FORM : cashierDataGridView_CellValueChanged, attempt to calculate total value
[ADMIN] [5/6/2017 10:52] [PENJUALAN] CASHIER FORM : calculateTotal
[ADMIN] [5/6/2017 10:52] [PENJUALAN] CASHIER FORM : calculateTotal [1575000]
[ADMIN] [5/6/2017 10:52] [PENJUALAN] CASHIER FORM : calculateTotal, totalAfterDisc [1575000]
[ADMIN] [5/6/2017 10:52] [PENJUALAN] CASHIER FORM : calculateChangeValue, bayarTextBox.Text [0]
[ADMIN] [5/6/2017 10:52] [PENJUALAN] CASHIER FORM : calculateChangeValue, sisaBayar [0]
[ADMIN] [5/6/2017 10:52] [PENJUALAN] CASHIER FORM : CHECK IF THERE'S ANY ENTRY IN THE PRODUCT DISC
[ADMIN] [5/6/2017 10:52] [PENJUALAN] CASHIER FORM : CALCULATE SUBTOTAL
[ADMIN] [5/6/2017 10:52] [PENJUALAN] CASHIER FORM : SUBTOTAL [1575000]
[ADMIN] [5/6/2017 10:52] [PENJUALAN] CASHIER FORM : calculateTotal
[ADMIN] [5/6/2017 10:52] [PENJUALAN] CASHIER FORM : calculateTotal [1575000]
[ADMIN] [5/6/2017 10:52] [PENJUALAN] CASHIER FORM : calculateTotal, totalAfterDisc [1575000]
[ADMIN] [5/6/2017 10:52] [PENJUALAN] CASHIER FORM : calculateChangeValue, bayarTextBox.Text [0]
[ADMIN] [5/6/2017 10:52] [PENJUALAN] CASHIER FORM : calculateChangeValue, sisaBayar [0]
[ADMIN] [5/6/2017 10:52] [PENJUALAN] CASHIER FORM : PRODUCT PRICE TYPE [PRODUCT_BULK_PRICE]
[ADMIN] [5/6/2017 10:52] [PENJUALAN] CASHIER FORM : PRODUCT PRICE [1550000]
[ADMIN] [5/6/2017 10:52] [PENJUALAN] CASHIER FORM : cashierDataGridView_CellValueChanged [productPrice]
[ADMIN] [5/6/2017 10:52] [PENJUALAN] CASHIER FORM : cashierDataGridView_CellValueChanged, previousInput [1575000]
[ADMIN] [5/6/2017 10:52] [PENJUALAN] CASHIER FORM : cashierDataGridView_CellValueChanged, dataGridViewTextBoxEditingControl.Text pass REGEX Checking
[ADMIN] [5/6/2017 10:52] [PENJUALAN] CASHIER FORM : CALCULATE SUBTOTAL
[ADMIN] [5/6/2017 10:52] [PENJUALAN] CASHIER FORM : SUBTOTAL [1550000]
[ADMIN] [5/6/2017 10:52] [PENJUALAN] CASHIER FORM : cashierDataGridView_CellValueChanged, subtotal value [1550000]
[ADMIN] [5/6/2017 10:52] [PENJUALAN] CASHIER FORM : cashierDataGridView_CellValueChanged, attempt to calculate total value
[ADMIN] [5/6/2017 10:52] [PENJUALAN] CASHIER FORM : calculateTotal
[ADMIN] [5/6/2017 10:52] [PENJUALAN] CASHIER FORM : calculateTotal [1550000]
[ADMIN] [5/6/2017 10:52] [PENJUALAN] CASHIER FORM : calculateTotal, totalAfterDisc [1550000]
[ADMIN] [5/6/2017 10:52] [PENJUALAN] CASHIER FORM : calculateChangeValue, bayarTextBox.Text [0]
[ADMIN] [5/6/2017 10:52] [PENJUALAN] CASHIER FORM : calculateChangeValue, sisaBayar [0]
[ADMIN] [5/6/2017 10:52] [PENJUALAN] CASHIER FORM : CHECK IF THERE'S ANY ENTRY IN THE PRODUCT DISC
[ADMIN] [5/6/2017 10:52] [PENJUALAN] CASHIER FORM : CALCULATE SUBTOTAL
[ADMIN] [5/6/2017 10:52] [PENJUALAN] CASHIER FORM : SUBTOTAL [1550000]
[ADMIN] [5/6/2017 10:52] [PENJUALAN] CASHIER FORM : calculateTotal
[ADMIN] [5/6/2017 10:52] [PENJUALAN] CASHIER FORM : calculateTotal [1550000]
[ADMIN] [5/6/2017 10:52] [PENJUALAN] CASHIER FORM : calculateTotal, totalAfterDisc [1550000]
[ADMIN] [5/6/2017 10:52] [PENJUALAN] CASHIER FORM : calculateChangeValue, bayarTextBox.Text [0]
[ADMIN] [5/6/2017 10:52] [PENJUALAN] CASHIER FORM : calculateChangeValue, sisaBayar [0]
[ADMIN] [5/6/2017 10:52] [PENJUALAN] CASHIER FORM : PRODUCT PRICE TYPE [PRODUCT_WHOLESALE_PRICE]
[ADMIN] [5/6/2017 10:52] [PENJUALAN] CASHIER FORM : PRODUCT PRICE [1880000]
[ADMIN] [5/6/2017 10:52] [PENJUALAN] CASHIER FORM : cashierDataGridView_CellValueChanged [productPrice]
[ADMIN] [5/6/2017 10:52] [PENJUALAN] CASHIER FORM : cashierDataGridView_CellValueChanged, previousInput [1550000]
[ADMIN] [5/6/2017 10:52] [PENJUALAN] CASHIER FORM : cashierDataGridView_CellValueChanged, dataGridViewTextBoxEditingControl.Text pass REGEX Checking
[ADMIN] [5/6/2017 10:52] [PENJUALAN] CASHIER FORM : CALCULATE SUBTOTAL
[ADMIN] [5/6/2017 10:52] [PENJUALAN] CASHIER FORM : SUBTOTAL [1880000]
[ADMIN] [5/6/2017 10:52] [PENJUALAN] CASHIER FORM : cashierDataGridView_CellValueChanged, subtotal value [1880000]
[ADMIN] [5/6/2017 10:52] [PENJUALAN] CASHIER FORM : cashierDataGridView_CellValueChanged, attempt to calculate total value
[ADMIN] [5/6/2017 10:52] [PENJUALAN] CASHIER FORM : calculateTotal
[ADMIN] [5/6/2017 10:52] [PENJUALAN] CASHIER FORM : calculateTotal [1880000]
[ADMIN] [5/6/2017 10:52] [PENJUALAN] CASHIER FORM : calculateTotal, totalAfterDisc [1880000]
[ADMIN] [5/6/2017 10:52] [PENJUALAN] CASHIER FORM : calculateChangeValue, bayarTextBox.Text [0]
[ADMIN] [5/6/2017 10:52] [PENJUALAN] CASHIER FORM : calculateChangeValue, sisaBayar [0]
[ADMIN] [5/6/2017 10:52] [PENJUALAN] CASHIER FORM : CHECK IF THERE'S ANY ENTRY IN THE PRODUCT DISC
[ADMIN] [5/6/2017 10:52] [PENJUALAN] CASHIER FORM : CALCULATE SUBTOTAL
[ADMIN] [5/6/2017 10:52] [PENJUALAN] CASHIER FORM : SUBTOTAL [1880000]
[ADMIN] [5/6/2017 10:52] [PENJUALAN] CASHIER FORM : calculateTotal
[ADMIN] [5/6/2017 10:52] [PENJUALAN] CASHIER FORM : calculateTotal [1880000]
[ADMIN] [5/6/2017 10:52] [PENJUALAN] CASHIER FORM : calculateTotal, totalAfterDisc [1880000]
[ADMIN] [5/6/2017 10:52] [PENJUALAN] CASHIER FORM : calculateChangeValue, bayarTextBox.Text [0]
[ADMIN] [5/6/2017 10:52] [PENJUALAN] CASHIER FORM : calculateChangeValue, sisaBayar [0]
[ADMIN] [5/6/2017 10:52] [PENJUALAN] CASHIER FORM : PRODUCT PRICE TYPE [PRODUCT_BULK_PRICE]
[ADMIN] [5/6/2017 10:52] [PENJUALAN] CASHIER FORM : PRODUCT PRICE [1550000]
[ADMIN] [5/6/2017 10:52] [PENJUALAN] CASHIER FORM : cashierDataGridView_CellValueChanged [productPrice]
[ADMIN] [5/6/2017 10:52] [PENJUALAN] CASHIER FORM : cashierDataGridView_CellValueChanged, previousInput [1880000]
[ADMIN] [5/6/2017 10:52] [PENJUALAN] CASHIER FORM : cashierDataGridView_CellValueChanged, dataGridViewTextBoxEditingControl.Text pass REGEX Checking
[ADMIN] [5/6/2017 10:52] [PENJUALAN] CASHIER FORM : CALCULATE SUBTOTAL
[ADMIN] [5/6/2017 10:52] [PENJUALAN] CASHIER FORM : SUBTOTAL [1550000]
[ADMIN] [5/6/2017 10:52] [PENJUALAN] CASHIER FORM : cashierDataGridView_CellValueChanged, subtotal value [1550000]
[ADMIN] [5/6/2017 10:52] [PENJUALAN] CASHIER FORM : cashierDataGridView_CellValueChanged, attempt to calculate total value
[ADMIN] [5/6/2017 10:52] [PENJUALAN] CASHIER FORM : calculateTotal
[ADMIN] [5/6/2017 10:52] [PENJUALAN] CASHIER FORM : calculateTotal [1550000]
[ADMIN] [5/6/2017 10:52] [PENJUALAN] CASHIER FORM : calculateTotal, totalAfterDisc [1550000]
[ADMIN] [5/6/2017 10:52] [PENJUALAN] CASHIER FORM : calculateChangeValue, bayarTextBox.Text [0]
[ADMIN] [5/6/2017 10:52] [PENJUALAN] CASHIER FORM : calculateChangeValue, sisaBayar [0]
[ADMIN] [5/6/2017 10:52] [PENJUALAN] CASHIER FORM : CHECK IF THERE'S ANY ENTRY IN THE PRODUCT DISC
[ADMIN] [5/6/2017 10:52] [PENJUALAN] CASHIER FORM : CALCULATE SUBTOTAL
[ADMIN] [5/6/2017 10:52] [PENJUALAN] CASHIER FORM : SUBTOTAL [1550000]
[ADMIN] [5/6/2017 10:52] [PENJUALAN] CASHIER FORM : calculateTotal
[ADMIN] [5/6/2017 10:52] [PENJUALAN] CASHIER FORM : calculateTotal [1550000]
[ADMIN] [5/6/2017 10:52] [PENJUALAN] CASHIER FORM : calculateTotal, totalAfterDisc [1550000]
[ADMIN] [5/6/2017 10:52] [PENJUALAN] CASHIER FORM : calculateChangeValue, bayarTextBox.Text [0]
[ADMIN] [5/6/2017 10:52] [PENJUALAN] CASHIER FORM : calculateChangeValue, sisaBayar [0]
[ADMIN] [5/6/2017 10:52] [PENJUALAN] CASHIER FORM : PRODUCT PRICE TYPE [PRODUCT_RETAIL_PRICE]
[ADMIN] [5/6/2017 10:52] [PENJUALAN] CASHIER FORM : PRODUCT PRICE [1575000]
[ADMIN] [5/6/2017 10:52] [PENJUALAN] CASHIER FORM : cashierDataGridView_CellValueChanged [productPrice]
[ADMIN] [5/6/2017 10:52] [PENJUALAN] CASHIER FORM : cashierDataGridView_CellValueChanged, previousInput [1550000]
[ADMIN] [5/6/2017 10:52] [PENJUALAN] CASHIER FORM : cashierDataGridView_CellValueChanged, dataGridViewTextBoxEditingControl.Text pass REGEX Checking
[ADMIN] [5/6/2017 10:52] [PENJUALAN] CASHIER FORM : CALCULATE SUBTOTAL
[ADMIN] [5/6/2017 10:52] [PENJUALAN] CASHIER FORM : SUBTOTAL [1575000]
[ADMIN] [5/6/2017 10:52] [PENJUALAN] CASHIER FORM : cashierDataGridView_CellValueChanged, subtotal value [1575000]
[ADMIN] [5/6/2017 10:52] [PENJUALAN] CASHIER FORM : cashierDataGridView_CellValueChanged, attempt to calculate total value
[ADMIN] [5/6/2017 10:52] [PENJUALAN] CASHIER FORM : calculateTotal
[ADMIN] [5/6/2017 10:52] [PENJUALAN] CASHIER FORM : calculateTotal [1575000]
[ADMIN] [5/6/2017 10:52] [PENJUALAN] CASHIER FORM : calculateTotal, totalAfterDisc [1575000]
[ADMIN] [5/6/2017 10:52] [PENJUALAN] CASHIER FORM : calculateChangeValue, bayarTextBox.Text [0]
[ADMIN] [5/6/2017 10:52] [PENJUALAN] CASHIER FORM : calculateChangeValue, sisaBayar [0]
[ADMIN] [5/6/2017 10:52] [PENJUALAN] CASHIER FORM : CHECK IF THERE'S ANY ENTRY IN THE PRODUCT DISC
[ADMIN] [5/6/2017 10:52] [PENJUALAN] CASHIER FORM : CALCULATE SUBTOTAL
[ADMIN] [5/6/2017 10:52] [PENJUALAN] CASHIER FORM : SUBTOTAL [1575000]
[ADMIN] [5/6/2017 10:52] [PENJUALAN] CASHIER FORM : calculateTotal
[ADMIN] [5/6/2017 10:52] [PENJUALAN] CASHIER FORM : calculateTotal [1575000]
[ADMIN] [5/6/2017 10:52] [PENJUALAN] CASHIER FORM : calculateTotal, totalAfterDisc [1575000]
[ADMIN] [5/6/2017 10:52] [PENJUALAN] CASHIER FORM : calculateChangeValue, bayarTextBox.Text [0]
[ADMIN] [5/6/2017 10:52] [PENJUALAN] CASHIER FORM : calculateChangeValue, sisaBayar [0]
[ADMIN] [5/6/2017 10:52] [PENJUALAN] CASHIER FORM : UNREGISTER HOTKEY
[ADMIN] [5/6/2017 10:52] [PENJUALAN] CASHIER FORM : UNREGISTER HOTKEY
[ADMIN] [5/6/2017 10:53] [] USER ID = 1LOGOUT
