[] [5/20/2017 12:27] [] USER = ADMIN IS ACTIVE
[ADMIN] [5/20/2017 12:27] [] USER ID = 1 LOGIN SUCCESSFULLY
[ADMIN] [5/20/2017 12:27] [] ACTIVATE USER ACCESS RIGHT
[ADMIN] [5/20/2017 12:27] [] DISPLAY ADMIN FORM
[ADMIN] [5/20/2017 12:27] [] adminForm Load
[ADMIN] [5/20/2017 12:27] [] ACTIVATE USER ACCESS RIGHT
[ADMIN] [5/20/2017 12:30] [PECAH SATUAN PRODUK] REDUCE QTY [VITTA-AC1] AMT [1]
[ADMIN] [5/20/2017 12:30] [PECAH SATUAN PRODUK] ADD QTY [ALPO PUPPY 1 KG] AMT [1]
[ADMIN] [5/20/2017 12:30] [PECAH SATUAN PRODUK] REDUCE QTY [VITTA-AC1] AMT [1]
[ADMIN] [5/20/2017 12:30] [PECAH SATUAN PRODUK] INSERT TO PRODUCT EXPIRY [ALPO PUPPY 1 KG]
[ADMIN] [5/20/2017 12:30] [PECAH SATUAN PRODUK] EXCEPTION THROWN [Cannot add or update a child row: a foreign key constraint fails (`sys_pos`.`product_expiry`, CONSTRAINT `PROD_ID` FOREIGN KEY (`PRODUCT_ID`) REFERENCES `master_product` (`PRODUCT_ID`) ON DELETE NO ACTION ON UPDATE NO ACTION)]
[ADMIN] [5/20/2017 12:31] [PECAH SATUAN PRODUK] REDUCE QTY [VITTA-AC1] AMT [1]
[ADMIN] [5/20/2017 12:31] [PECAH SATUAN PRODUK] ADD QTY [ALPO PUPPY 1 KG] AMT [1]
[ADMIN] [5/20/2017 12:31] [PECAH SATUAN PRODUK] REDUCE QTY [VITTA-AC1] AMT [1]
[ADMIN] [5/20/2017 12:31] [PECAH SATUAN PRODUK] INSERT TO PRODUCT EXPIRY [ALPO PUPPY 1 KG]
[] [5/20/2017 14:27] [] USER = ADMIN IS ACTIVE
[ADMIN] [5/20/2017 14:27] [] USER ID = 1 LOGIN SUCCESSFULLY
[ADMIN] [5/20/2017 14:27] [] ACTIVATE USER ACCESS RIGHT
[ADMIN] [5/20/2017 14:27] [] DISPLAY ADMIN FORM
[ADMIN] [5/20/2017 14:27] [] adminForm Load
[ADMIN] [5/20/2017 14:27] [] ACTIVATE USER ACCESS RIGHT
[ADMIN] [5/20/2017 14:31] [PECAH SATUAN PRODUK] REDUCE QTY [VITTA-AC1] AMT [1]
[ADMIN] [5/20/2017 14:31] [PECAH SATUAN PRODUK] ADD QTY [ALPO PUPPY 1 KG] AMT [1]
[ADMIN] [5/20/2017 14:31] [PECAH SATUAN PRODUK] REDUCE QTY [VITTA-AC1] AMT [1]
[] [5/20/2017 14:38] [] USER = ADMIN IS ACTIVE
[ADMIN] [5/20/2017 14:38] [] USER ID = 1 LOGIN SUCCESSFULLY
[ADMIN] [5/20/2017 14:38] [] ACTIVATE USER ACCESS RIGHT
[ADMIN] [5/20/2017 14:39] [] DISPLAY ADMIN FORM
[ADMIN] [5/20/2017 14:39] [] adminForm Load
[ADMIN] [5/20/2017 14:39] [] ACTIVATE USER ACCESS RIGHT
[ADMIN] [5/20/2017 14:39] [PECAH SATUAN PRODUK] REDUCE QTY [VITTA-AC1] AMT [1]
[ADMIN] [5/20/2017 14:39] [PECAH SATUAN PRODUK] ADD QTY [ALPO PUPPY 1 KG] AMT [1]
[ADMIN] [5/20/2017 14:39] [PECAH SATUAN PRODUK] REDUCE QTY [VITTA-AC1] AMT [1]
[ADMIN] [5/20/2017 14:39] [PECAH SATUAN PRODUK] INSERT TO PRODUCT EXPIRY [ALPO PUPPY 1 KG]
[ADMIN] [5/20/2017 14:42] [PENERIMAAN BARANG] PENERIMAAN BARANG : detailGridView_CellValueChanged [productID]
[ADMIN] [5/20/2017 14:42] [PENERIMAAN BARANG] PENERIMAAN BARANG : detailGridView_CellValueChanged [productID]
[ADMIN] [5/20/2017 14:42] [PENERIMAAN BARANG] PENERIMAAN BARANG : detailGridView_CellValueChanged [productID]
[ADMIN] [5/20/2017 14:42] [PENERIMAAN BARANG] PENERIMAAN BARANG : detailGridView_CellValueChanged [productID]
[ADMIN] [5/20/2017 14:42] [PENERIMAAN BARANG] PENERIMAAN BARANG : detailGridView_CellValueChanged [productID]
[ADMIN] [5/20/2017 14:42] [PENERIMAAN BARANG] PENERIMAAN BARANG : detailGridView_CellValueChanged [productName]
[ADMIN] [5/20/2017 14:42] [PENJUALAN] CASHIER FORM : ComboBox_SelectedIndexChanged, PRODUCT_BASE_PRICE [203250]
[ADMIN] [5/20/2017 14:42] [PENERIMAAN BARANG] PENERIMAAN BARANG : detailGridView_CellValueChanged [hpp]
[ADMIN] [5/20/2017 14:42] [PENERIMAAN BARANG] PENERIMAAN BARANG : detailGridView_CellValueChanged [subtotal]
[ADMIN] [5/20/2017 14:42] [PENERIMAAN BARANG] PENERIMAAN BARANG : detailGridView_CellValueChanged [qtyReceived]
[ADMIN] [5/20/2017 14:42] [PENERIMAAN BARANG] PENERIMAAN BARANG : detailGridView_CellValueChanged [subtotal]
[ADMIN] [5/20/2017 14:42] [PENJUALAN] CASHIER FORM : ComboBox_SelectedIndexChanged, attempt to calculate total
[ADMIN] [5/20/2017 14:42] [PENERIMAAN BARANG] PENERIMAAN BARANG : detailGridView_CellValueChanged [qtyReceived]
[ADMIN] [5/20/2017 14:42] [PENERIMAAN BARANG] PENERIMAAN BARANG : detailGridView_CellValueChanged [subtotal]
[ADMIN] [5/20/2017 14:42] [PENERIMAAN BARANG] PENERIMAAN BARANG : detailGridView_CellValueChanged [subtotal]
[ADMIN] [5/20/2017 14:42] [PENERIMAAN BARANG] PENERIMAAN BARANG : detailGridView_CellValueChanged [qtyReceived]
[ADMIN] [5/20/2017 14:42] [PENERIMAAN BARANG] PENERIMAAN BARANG : detailGridView_CellValueChanged [subtotal]
[ADMIN] [5/20/2017 14:42] [PENERIMAAN BARANG] PENERIMAAN BARANG : detailGridView_CellValueChanged [qtyReceived]
[ADMIN] [5/20/2017 14:42] [PENERIMAAN BARANG] PENERIMAAN BARANG : detailGridView_CellValueChanged [subtotal]
[ADMIN] [5/20/2017 14:42] [PENERIMAAN BARANG] PENERIMAAN BARANG : detailGridView_CellValueChanged [expiryDate]
[ADMIN] [5/20/2017 14:42] [PENERIMAAN BARANG] PENERIMAAN BARANG : detailGridView_CellValueChanged [expiryDateValue]
[ADMIN] [5/20/2017 14:42] [PENERIMAAN BARANG] SAVE PENERIMAAN BARANG
[ADMIN] [5/20/2017 14:42] [PENERIMAAN BARANG] DIRECT PENERIMAAN BARANG, THEREFORE CALCULATE TAX LIMIT
[ADMIN] [5/20/2017 14:42] [PENERIMAAN BARANG] CHECK IF TAX LIMIT SET FOR PERCENTAGE PURCHASE [0]
[ADMIN] [5/20/2017 14:42] [PENERIMAAN BARANG] CHECK IF TAX LIMIT SET FOR AVERAGE DAILY PURCHASE [0]
[ADMIN] [5/20/2017 14:42] [PENERIMAAN BARANG] INSERT PENERIMAAN BARANG [1]
[ADMIN] [5/20/2017 14:42] [PENERIMAAN BARANG] INSERT PO DATA BECAUSE OF DIRECT PENERIMAAN [1]
[ADMIN] [5/20/2017 14:42] [PENERIMAAN BARANG] SAVE DETAIL PENERIMAAN [VITTA-ACT8, 203250, 10]
[ADMIN] [5/20/2017 14:42] [PENERIMAAN BARANG] UPDATE MASTER PRODUCT DATA [VITTA-ACT8]
[ADMIN] [5/20/2017 14:42] [PENERIMAAN BARANG] INSERT TO PRODUCT EXPIRY [VITTA-ACT8]
[ADMIN] [5/20/2017 14:42] [PENERIMAAN BARANG] INSERT TO PURCHASE DETAIL [VITTA-ACT8]
[ADMIN] [5/20/2017 14:42] [PENERIMAAN BARANG] INSERT INTO DEBT [1]
[ADMIN] [5/20/2017 14:42] [PENERIMAAN BARANG] PENERIMAAN BARANG SAVED
[ADMIN] [5/20/2017 14:43] [] USER ID = 1LOGOUT
