[] [6/3/2017 11:39] [] USER = ADMIN IS ACTIVE
[ADMIN] [6/3/2017 11:39] [] USER ID = 1 LOGIN SUCCESSFULLY
[ADMIN] [6/3/2017 11:39] [] ACTIVATE USER ACCESS RIGHT
[ADMIN] [6/3/2017 11:39] [] DISPLAY ADMIN FORM
[ADMIN] [6/3/2017 11:39] [] adminForm Load
[ADMIN] [6/3/2017 11:39] [] ACTIVATE USER ACCESS RIGHT
[ADMIN] [6/3/2017 11:41] [TAMBAH / UPDATE PRODUK] UPDATE CURRENT PRODUCT DATA [12]
[ADMIN] [6/3/2017 11:41] [TAMBAH / UPDATE PRODUK] UPDATE PRODUCT CATEGORY FOR [12]
[ADMIN] [6/3/2017 11:41] [TAMBAH / UPDATE PRODUK] DELETE CURRENT PRODUCT CATEGORY FOR [12]
[ADMIN] [6/3/2017 11:41] [TAMBAH / UPDATE PRODUK] INSERT PRODUCT CATEGORY FOR [12]
[ADMIN] [6/3/2017 11:41] [PENERIMAAN BARANG] INSERT TO PRODUCT EXPIRY [12]
[] [6/3/2017 11:57] [] USER = ADMIN IS ACTIVE
[ADMIN] [6/3/2017 11:57] [] USER ID = 1 LOGIN SUCCESSFULLY
[ADMIN] [6/3/2017 11:57] [] ACTIVATE USER ACCESS RIGHT
[ADMIN] [6/3/2017 11:57] [] DISPLAY ADMIN FORM
[ADMIN] [6/3/2017 11:57] [] adminForm Load
[ADMIN] [6/3/2017 11:57] [] ACTIVATE USER ACCESS RIGHT
[ADMIN] [6/3/2017 11:58] [PENERIMAAN BARANG] INSERT TO PRODUCT EXPIRY [12]
[ADMIN] [6/3/2017 11:58] [TAMBAH / UPDATE PRODUK] UPDATE CURRENT PRODUCT DATA [12]
[ADMIN] [6/3/2017 11:58] [TAMBAH / UPDATE PRODUK] UPDATE PRODUCT CATEGORY FOR [12]
[ADMIN] [6/3/2017 11:58] [TAMBAH / UPDATE PRODUK] DELETE CURRENT PRODUCT CATEGORY FOR [12]
[ADMIN] [6/3/2017 11:58] [TAMBAH / UPDATE PRODUK] INSERT PRODUCT CATEGORY FOR [12]
[ADMIN] [6/3/2017 11:58] [PENERIMAAN BARANG] INSERT TO PRODUCT EXPIRY [12]
[ADMIN] [6/3/2017 11:58] [TAMBAH / UPDATE PRODUK] UPDATE CURRENT PRODUCT DATA [12]
[ADMIN] [6/3/2017 11:58] [TAMBAH / UPDATE PRODUK] UPDATE PRODUCT CATEGORY FOR [12]
[ADMIN] [6/3/2017 11:58] [TAMBAH / UPDATE PRODUK] DELETE CURRENT PRODUCT CATEGORY FOR [12]
[ADMIN] [6/3/2017 11:58] [TAMBAH / UPDATE PRODUK] INSERT PRODUCT CATEGORY FOR [12]
[] [6/3/2017 12:02] [] USER = ADMIN IS ACTIVE
[ADMIN] [6/3/2017 12:02] [] USER ID = 1 LOGIN SUCCESSFULLY
[ADMIN] [6/3/2017 12:02] [] ACTIVATE USER ACCESS RIGHT
[ADMIN] [6/3/2017 12:02] [] DISPLAY ADMIN FORM
[ADMIN] [6/3/2017 12:02] [] adminForm Load
[ADMIN] [6/3/2017 12:02] [] ACTIVATE USER ACCESS RIGHT
[ADMIN] [6/3/2017 12:02] [PENERIMAAN BARANG] INSERT TO PRODUCT EXPIRY [12]
[ADMIN] [6/3/2017 12:02] [TAMBAH / UPDATE PRODUK] UPDATE CURRENT PRODUCT DATA [12]
[ADMIN] [6/3/2017 12:02] [TAMBAH / UPDATE PRODUK] UPDATE PRODUCT CATEGORY FOR [12]
[ADMIN] [6/3/2017 12:02] [TAMBAH / UPDATE PRODUK] DELETE CURRENT PRODUCT CATEGORY FOR [12]
[ADMIN] [6/3/2017 12:02] [TAMBAH / UPDATE PRODUK] INSERT PRODUCT CATEGORY FOR [12]
[ADMIN] [6/3/2017 12:03] [PENERIMAAN BARANG] INSERT TO PRODUCT EXPIRY [12]
[ADMIN] [6/3/2017 12:03] [TAMBAH / UPDATE PRODUK] UPDATE CURRENT PRODUCT DATA [12]
[ADMIN] [6/3/2017 12:03] [TAMBAH / UPDATE PRODUK] UPDATE PRODUCT CATEGORY FOR [12]
[ADMIN] [6/3/2017 12:03] [TAMBAH / UPDATE PRODUK] DELETE CURRENT PRODUCT CATEGORY FOR [12]
[ADMIN] [6/3/2017 12:03] [TAMBAH / UPDATE PRODUK] INSERT PRODUCT CATEGORY FOR [12]
[ADMIN] [6/3/2017 12:03] [PENERIMAAN BARANG] INSERT TO PRODUCT EXPIRY [12]
[ADMIN] [6/3/2017 12:03] [TAMBAH / UPDATE PRODUK] UPDATE CURRENT PRODUCT DATA [12]
[ADMIN] [6/3/2017 12:03] [TAMBAH / UPDATE PRODUK] UPDATE PRODUCT CATEGORY FOR [12]
[ADMIN] [6/3/2017 12:03] [TAMBAH / UPDATE PRODUK] DELETE CURRENT PRODUCT CATEGORY FOR [12]
[ADMIN] [6/3/2017 12:03] [TAMBAH / UPDATE PRODUK] INSERT PRODUCT CATEGORY FOR [12]
[ADMIN] [6/3/2017 12:04] [PENERIMAAN BARANG] INSERT TO PRODUCT EXPIRY [123]
[ADMIN] [6/3/2017 12:04] [TAMBAH / UPDATE PRODUK] INSERT NEW PRODUCT [123]
[ADMIN] [6/3/2017 12:04] [TAMBAH / UPDATE PRODUK] INSERT PRODUCT CATEGORY FOR [123]
[ADMIN] [6/3/2017 12:06] [PENERIMAAN BARANG] INSERT TO PRODUCT EXPIRY [123]
[ADMIN] [6/3/2017 12:06] [TAMBAH / UPDATE PRODUK] UPDATE CURRENT PRODUCT DATA [123]
[ADMIN] [6/3/2017 12:06] [TAMBAH / UPDATE PRODUK] UPDATE PRODUCT CATEGORY FOR [123]
[ADMIN] [6/3/2017 12:06] [TAMBAH / UPDATE PRODUK] DELETE CURRENT PRODUCT CATEGORY FOR [123]
[ADMIN] [6/3/2017 12:06] [TAMBAH / UPDATE PRODUK] INSERT PRODUCT CATEGORY FOR [123]
[] [6/3/2017 12:38] [] USER = ADMIN IS ACTIVE
[ADMIN] [6/3/2017 12:38] [] USER ID = 1 LOGIN SUCCESSFULLY
[ADMIN] [6/3/2017 12:38] [] ACTIVATE USER ACCESS RIGHT
[ADMIN] [6/3/2017 12:38] [] DISPLAY ADMIN FORM
[ADMIN] [6/3/2017 12:38] [] adminForm Load
[ADMIN] [6/3/2017 12:38] [] ACTIVATE USER ACCESS RIGHT
[ADMIN] [6/3/2017 12:39] [SATUAN PRODUK] TRY TO EXPORT STOCK OPNAME TO CSV
[] [6/3/2017 12:40] [] USER = ADMIN IS ACTIVE
[ADMIN] [6/3/2017 12:40] [] USER ID = 1 LOGIN SUCCESSFULLY
[ADMIN] [6/3/2017 12:40] [] ACTIVATE USER ACCESS RIGHT
[ADMIN] [6/3/2017 12:40] [] DISPLAY ADMIN FORM
[ADMIN] [6/3/2017 12:40] [] adminForm Load
[ADMIN] [6/3/2017 12:40] [] ACTIVATE USER ACCESS RIGHT
[ADMIN] [6/3/2017 12:41] [SATUAN PRODUK] TRY TO EXPORT STOCK OPNAME TO CSV
[ADMIN] [6/3/2017 12:41] [SATUAN PRODUK] STOCK OPNAME EXPORTED TO CSV[C:\Users\Andri\Desktop\STOCKOPNAME_03062017.csv]
[ADMIN] [6/3/2017 12:41] [PENJUALAN] CASHIER FORM : MULTIPLE CASHIER INSTANCE [1]
[ADMIN] [6/3/2017 12:41] [PENJUALAN] CASHIER FORM : REGISTER HOTKEY
[ADMIN] [6/3/2017 12:41] [PENJUALAN] CASHIER FORM : cashierForm_Load, ATTEMPT TO LOAD NO FAKTUR
[ADMIN] [6/3/2017 12:41] [PENJUALAN] CASHIER FORM : loadNoFaktur, noFakturValue [SLO001]
[ADMIN] [6/3/2017 12:41] [PENJUALAN] CASHIER FORM : cashierForm_Load, ATTEMPT TO addColumnToDataGrid
[ADMIN] [6/3/2017 12:41] [PENJUALAN] CASHIER FORM : UPDATE ROW NUMBER, TOTAL ROW [1]
[ADMIN] [6/3/2017 12:41] [PENJUALAN] CASHIER FORM : REGISTER HOTKEY
[ADMIN] [6/3/2017 12:41] [PENJUALAN] CASHIER FORM : HOTKEY TO OPEN PRODUK SEARCH FORM PRESSED
[ADMIN] [6/3/2017 12:41] [PENJUALAN] CASHIER FORM : UNREGISTER HOTKEY
[ADMIN] [6/3/2017 12:42] [PENJUALAN] CASHIER FORM : REGISTER HOTKEY
[ADMIN] [6/3/2017 12:42] [PENJUALAN] CASHIER FORM : UNREGISTER HOTKEY
[ADMIN] [6/3/2017 12:42] [PENJUALAN] CASHIER FORM : UNREGISTER HOTKEY
[ADMIN] [6/3/2017 12:53] [] USER ID = 1LOGOUT
