[] [1/11/2017 13:42] [] USER = ADMIN IS ACTIVE
[ADMIN] [1/11/2017 13:42] [] USER ID = 1 LOGIN SUCCESSFULLY
[ADMIN] [1/11/2017 13:42] [] ACTIVATE USER ACCESS RIGHT
[ADMIN] [1/11/2017 13:42] [] DISPLAY ADMIN FORM
[ADMIN] [1/11/2017 13:42] [] adminForm Load
[ADMIN] [1/11/2017 13:42] [] ACTIVATE USER ACCESS RIGHT
[ADMIN] [1/11/2017 13:45] [TAMBAH / UPDATE PRODUK] UPDATE CURRENT PRODUCT DATA [PROD11JAN_2]
[ADMIN] [1/11/2017 13:45] [TAMBAH / UPDATE PRODUK] UPDATE PRODUCT CATEGORY FOR [PROD11JAN_2]
[ADMIN] [1/11/2017 13:45] [TAMBAH / UPDATE PRODUK] DELETE CURRENT PRODUCT CATEGORY FOR [PROD11JAN_2]
[ADMIN] [1/11/2017 13:45] [TAMBAH / UPDATE PRODUK] INSERT PRODUCT CATEGORY FOR [PROD11JAN_2]
[ADMIN] [1/11/2017 13:45] [PENERIMAAN BARANG] INSERT TO PRODUCT EXPIRY [PROD11JAN_2]
[] [1/11/2017 13:57] [] USER = ADMIN IS ACTIVE
[ADMIN] [1/11/2017 13:57] [] USER ID = 1 LOGIN SUCCESSFULLY
[ADMIN] [1/11/2017 13:57] [] ACTIVATE USER ACCESS RIGHT
[ADMIN] [1/11/2017 13:57] [] DISPLAY ADMIN FORM
[ADMIN] [1/11/2017 13:57] [] adminForm Load
[ADMIN] [1/11/2017 13:57] [] ACTIVATE USER ACCESS RIGHT
[] [1/11/2017 14:04] [] USER = ADMIN IS ACTIVE
[ADMIN] [1/11/2017 14:04] [] USER ID = 1 LOGIN SUCCESSFULLY
[ADMIN] [1/11/2017 14:04] [] ACTIVATE USER ACCESS RIGHT
[ADMIN] [1/11/2017 14:04] [] DISPLAY ADMIN FORM
[ADMIN] [1/11/2017 14:04] [] adminForm Load
[ADMIN] [1/11/2017 14:04] [] ACTIVATE USER ACCESS RIGHT
[ADMIN] [1/11/2017 14:04] [TAMBAH / UPDATE PRODUK] UPDATE CURRENT PRODUCT DATA [PROD11JAN_2]
[ADMIN] [1/11/2017 14:04] [TAMBAH / UPDATE PRODUK] UPDATE PRODUCT CATEGORY FOR [PROD11JAN_2]
[ADMIN] [1/11/2017 14:04] [TAMBAH / UPDATE PRODUK] DELETE CURRENT PRODUCT CATEGORY FOR [PROD11JAN_2]
[ADMIN] [1/11/2017 14:04] [TAMBAH / UPDATE PRODUK] INSERT PRODUCT CATEGORY FOR [PROD11JAN_2]
[ADMIN] [1/11/2017 14:04] [PENERIMAAN BARANG] INSERT TO PRODUCT EXPIRY [PROD11JAN_2]
[ADMIN] [1/11/2017 14:05] [TAMBAH / UPDATE PRODUK] UPDATE CURRENT PRODUCT DATA [PROD11JAN_2]
[ADMIN] [1/11/2017 14:05] [TAMBAH / UPDATE PRODUK] UPDATE PRODUCT CATEGORY FOR [PROD11JAN_2]
[ADMIN] [1/11/2017 14:05] [TAMBAH / UPDATE PRODUK] DELETE CURRENT PRODUCT CATEGORY FOR [PROD11JAN_2]
[ADMIN] [1/11/2017 14:05] [TAMBAH / UPDATE PRODUK] INSERT PRODUCT CATEGORY FOR [PROD11JAN_2]
[ADMIN] [1/11/2017 14:05] [PENERIMAAN BARANG] INSERT TO PRODUCT EXPIRY [PROD11JAN_2]
[ADMIN] [1/11/2017 14:05] [] USER ID = 1LOGOUT
[ADMIN] [1/11/2017 14:05] [] USER = ADMIN IS ACTIVE
[ADMIN] [1/11/2017 14:05] [] USER ID = 1 LOGIN SUCCESSFULLY
[ADMIN] [1/11/2017 14:06] [] ACTIVATE USER ACCESS RIGHT
[ADMIN] [1/11/2017 14:06] [] DISPLAY ADMIN FORM
[ADMIN] [1/11/2017 14:06] [] adminForm Load
[ADMIN] [1/11/2017 14:06] [] ACTIVATE USER ACCESS RIGHT
[ADMIN] [1/11/2017 14:12] [SUPPLIER] ATTEMPT TO SAVE
[ADMIN] [1/11/2017 14:12] [SUPPLIER] INSERT NEW SUPPLIER [SUPPLIER_11JAN]
[ADMIN] [1/11/2017 14:12] [PENERIMAAN BARANG] PENERIMAAN BARANG : detailGridView_CellValueChanged [productID]
[ADMIN] [1/11/2017 14:12] [PENERIMAAN BARANG] PENERIMAAN BARANG : detailGridView_CellValueChanged [productID]
[ADMIN] [1/11/2017 14:12] [PENERIMAAN BARANG] PENERIMAAN BARANG : detailGridView_CellValueChanged [productID]
[ADMIN] [1/11/2017 14:12] [PENERIMAAN BARANG] PENERIMAAN BARANG : detailGridView_CellValueChanged [productID]
[ADMIN] [1/11/2017 14:12] [PENERIMAAN BARANG] PENERIMAAN BARANG : detailGridView_CellValueChanged [productName]
[ADMIN] [1/11/2017 14:12] [PENJUALAN] CASHIER FORM : ComboBox_SelectedIndexChanged, PRODUCT_BASE_PRICE [100]
[ADMIN] [1/11/2017 14:12] [PENERIMAAN BARANG] PENERIMAAN BARANG : detailGridView_CellValueChanged [hpp]
[ADMIN] [1/11/2017 14:12] [PENERIMAAN BARANG] PENERIMAAN BARANG : detailGridView_CellValueChanged [subtotal]
[ADMIN] [1/11/2017 14:12] [PENERIMAAN BARANG] PENERIMAAN BARANG : detailGridView_CellValueChanged [qtyReceived]
[ADMIN] [1/11/2017 14:12] [PENERIMAAN BARANG] PENERIMAAN BARANG : detailGridView_CellValueChanged [subtotal]
[ADMIN] [1/11/2017 14:12] [PENJUALAN] CASHIER FORM : ComboBox_SelectedIndexChanged, attempt to calculate total
[ADMIN] [1/11/2017 14:12] [PENERIMAAN BARANG] PENERIMAAN BARANG : detailGridView_CellValueChanged [qtyReceived]
[ADMIN] [1/11/2017 14:12] [PENERIMAAN BARANG] PENERIMAAN BARANG : detailGridView_CellValueChanged [subtotal]
[ADMIN] [1/11/2017 14:12] [PENERIMAAN BARANG] PENERIMAAN BARANG : detailGridView_CellValueChanged [subtotal]
[] [1/11/2017 15:03] [] USER = ADMIN IS ACTIVE
[ADMIN] [1/11/2017 15:04] [] USER ID = 1 LOGIN SUCCESSFULLY
[ADMIN] [1/11/2017 15:04] [] ACTIVATE USER ACCESS RIGHT
[ADMIN] [1/11/2017 15:04] [] DISPLAY ADMIN FORM
[ADMIN] [1/11/2017 15:04] [] adminForm Load
[ADMIN] [1/11/2017 15:04] [] ACTIVATE USER ACCESS RIGHT
[ADMIN] [1/11/2017 15:04] [PENERIMAAN BARANG] PENERIMAAN BARANG : detailGridView_CellValueChanged [productID]
[ADMIN] [1/11/2017 15:04] [PENERIMAAN BARANG] PENERIMAAN BARANG : detailGridView_CellValueChanged [productID]
[ADMIN] [1/11/2017 15:04] [PENERIMAAN BARANG] PENERIMAAN BARANG : detailGridView_CellValueChanged [productID]
[ADMIN] [1/11/2017 15:04] [PENERIMAAN BARANG] PENERIMAAN BARANG : detailGridView_CellValueChanged [productID]
[ADMIN] [1/11/2017 15:04] [PENERIMAAN BARANG] PENERIMAAN BARANG : detailGridView_CellValueChanged [productID]
[ADMIN] [1/11/2017 15:04] [PENERIMAAN BARANG] PENERIMAAN BARANG : detailGridView_CellValueChanged [productName]
[ADMIN] [1/11/2017 15:04] [PENJUALAN] CASHIER FORM : ComboBox_SelectedIndexChanged, PRODUCT_BASE_PRICE [100]
[ADMIN] [1/11/2017 15:04] [PENERIMAAN BARANG] PENERIMAAN BARANG : detailGridView_CellValueChanged [hpp]
[ADMIN] [1/11/2017 15:04] [PENERIMAAN BARANG] PENERIMAAN BARANG : detailGridView_CellValueChanged [subtotal]
[ADMIN] [1/11/2017 15:04] [PENERIMAAN BARANG] PENERIMAAN BARANG : detailGridView_CellValueChanged [qtyReceived]
[ADMIN] [1/11/2017 15:04] [PENERIMAAN BARANG] PENERIMAAN BARANG : detailGridView_CellValueChanged [subtotal]
[ADMIN] [1/11/2017 15:04] [PENJUALAN] CASHIER FORM : ComboBox_SelectedIndexChanged, attempt to calculate total
[ADMIN] [1/11/2017 15:04] [PENERIMAAN BARANG] PENERIMAAN BARANG : detailGridView_CellValueChanged [qtyReceived]
[ADMIN] [1/11/2017 15:04] [PENERIMAAN BARANG] PENERIMAAN BARANG : detailGridView_CellValueChanged [subtotal]
[ADMIN] [1/11/2017 15:04] [PENERIMAAN BARANG] PENERIMAAN BARANG : detailGridView_CellValueChanged [subtotal]
[ADMIN] [1/11/2017 15:04] [PENERIMAAN BARANG] PENERIMAAN BARANG : detailGridView_CellValueChanged [qtyReceived]
[ADMIN] [1/11/2017 15:04] [PENERIMAAN BARANG] PENERIMAAN BARANG : detailGridView_CellValueChanged [subtotal]
[ADMIN] [1/11/2017 15:04] [PENERIMAAN BARANG] PENERIMAAN BARANG : detailGridView_CellValueChanged [qtyReceived]
[ADMIN] [1/11/2017 15:04] [PENERIMAAN BARANG] PENERIMAAN BARANG : detailGridView_CellValueChanged [subtotal]
[ADMIN] [1/11/2017 15:04] [PENERIMAAN BARANG] SAVE PENERIMAAN BARANG
[ADMIN] [1/11/2017 15:04] [PENERIMAAN BARANG] PENERIMAAN BARANG : detailGridView_CellValueChanged [expiryDate]
[ADMIN] [1/11/2017 15:04] [PENERIMAAN BARANG] PENERIMAAN BARANG : detailGridView_CellValueChanged [expiryDateValue]
[ADMIN] [1/11/2017 15:04] [PENERIMAAN BARANG] SAVE PENERIMAAN BARANG
[ADMIN] [1/11/2017 15:04] [PENERIMAAN BARANG] DIRECT PENERIMAAN BARANG, THEREFORE CALCULATE TAX LIMIT
[ADMIN] [1/11/2017 15:04] [PENERIMAAN BARANG] CHECK IF TAX LIMIT SET FOR PERCENTAGE PURCHASE [0]
[ADMIN] [1/11/2017 15:04] [PENERIMAAN BARANG] CHECK IF TAX LIMIT SET FOR AVERAGE DAILY PURCHASE [0]
[ADMIN] [1/11/2017 15:04] [PENERIMAAN BARANG] INSERT PENERIMAAN BARANG [PR_11JAN]
[ADMIN] [1/11/2017 15:04] [PENERIMAAN BARANG] INSERT PO DATA BECAUSE OF DIRECT PENERIMAAN [PR_11JAN]
[ADMIN] [1/11/2017 15:04] [PENERIMAAN BARANG] SAVE DETAIL PENERIMAAN [PROD11JAN_2, 100, 20]
[ADMIN] [1/11/2017 15:04] [PENERIMAAN BARANG] UPDATE MASTER PRODUCT DATA [PROD11JAN_2]
[ADMIN] [1/11/2017 15:04] [PENERIMAAN BARANG] INSERT TO PRODUCT EXPIRY [PROD11JAN_2]
[ADMIN] [1/11/2017 15:04] [PENERIMAAN BARANG] INSERT TO PURCHASE DETAIL [PROD11JAN_2]
[ADMIN] [1/11/2017 15:04] [PENERIMAAN BARANG] INSERT INTO DEBT [PR_11JAN]
[ADMIN] [1/11/2017 15:04] [PENERIMAAN BARANG] PENERIMAAN BARANG SAVED
[ADMIN] [1/11/2017 15:06] [] USER ID = 1LOGOUT
