[] [05/06/2017 18.06] [] USER = ADMIN IS ACTIVE
[ADMIN] [05/06/2017 18.06] [] USER ID = 1 LOGIN SUCCESSFULLY
[ADMIN] [05/06/2017 18.06] [] ACTIVATE USER ACCESS RIGHT
[ADMIN] [05/06/2017 18.06] [] DISPLAY ADMIN FORM
[ADMIN] [05/06/2017 18.06] [] adminForm Load
[ADMIN] [05/06/2017 18.06] [] ACTIVATE USER ACCESS RIGHT
[ADMIN] [05/06/2017 18.06] [] SERVER IP IS LOCALHOST
[ADMIN] [05/06/2017 18.06] [] UPDATE DATA ID 2
[ADMIN] [05/06/2017 18.07] [PENJUALAN] CASHIER FORM : MULTIPLE CASHIER INSTANCE [1]
[ADMIN] [05/06/2017 18.07] [PENJUALAN] CASHIER FORM : REGISTER HOTKEY
[ADMIN] [05/06/2017 18.07] [PENJUALAN] CASHIER FORM : cashierForm_Load, ATTEMPT TO LOAD NO FAKTUR
[ADMIN] [05/06/2017 18.07] [PENJUALAN] CASHIER FORM : loadNoFaktur, noFakturValue [SLO001]
[ADMIN] [05/06/2017 18.07] [PENJUALAN] CASHIER FORM : cashierForm_Load, ATTEMPT TO addColumnToDataGrid
[ADMIN] [05/06/2017 18.07] [PENJUALAN] CASHIER FORM : UPDATE ROW NUMBER, TOTAL ROW [1]
[ADMIN] [05/06/2017 18.07] [PENJUALAN] CASHIER FORM : REGISTER HOTKEY
[ADMIN] [05/06/2017 18.07] [PENJUALAN] CASHIER FORM : HOTKEY TO OPEN PRODUK SEARCH FORM PRESSED
[ADMIN] [05/06/2017 18.07] [PENJUALAN] CASHIER FORM : UNREGISTER HOTKEY
[ADMIN] [05/06/2017 18.07] [PENJUALAN] CASHIER FORM : ADD NEW ROW FROM BARCODE [BANDIT ADLT DOG 1 KG]
[ADMIN] [05/06/2017 18.07] [PENJUALAN] CASHIER FORM : REGISTER HOTKEY
[ADMIN] [05/06/2017 18.07] [PENJUALAN] CASHIER FORM : ADD NEW ROW,  isActive [False]
[ADMIN] [05/06/2017 18.07] [PENJUALAN] CASHIER FORM : ADD NEW ROW,  ROW COUNT [0]
[ADMIN] [05/06/2017 18.07] [PENJUALAN] CASHIER FORM : ADD NEW ROW,  ALLOW TO ADD [True]
[ADMIN] [05/06/2017 18.07] [PENJUALAN] CASHIER FORM : UPDATE ROW NUMBER, TOTAL ROW [1]
[ADMIN] [05/06/2017 18.07] [PENJUALAN] CASHIER FORM : cashierDataGridView_CellValueChanged [F8]
[ADMIN] [05/06/2017 18.07] [PENJUALAN] CASHIER FORM : cashierDataGridView_CellValueChanged [hpp]
[ADMIN] [05/06/2017 18.07] [PENJUALAN] CASHIER FORM : cashierDataGridView_CellValueChanged [productPrice]
[ADMIN] [05/06/2017 18.07] [PENJUALAN] CASHIER FORM : cashierDataGridView_CellValueChanged, previousInput [0]
[ADMIN] [05/06/2017 18.07] [PENJUALAN] CASHIER FORM : cashierDataGridView_CellValueChanged [qty]
[ADMIN] [05/06/2017 18.07] [PENJUALAN] CASHIER FORM : cashierDataGridView_CellValueChanged, previousInput [0]
[ADMIN] [05/06/2017 18.07] [PENJUALAN] CASHIER FORM : cashierDataGridView_CellValueChanged [jumlah]
[ADMIN] [05/06/2017 18.07] [PENJUALAN] CASHIER FORM : NEW ROW ADDED [0]
[ADMIN] [05/06/2017 18.07] [PENJUALAN] CASHIER FORM : updateSomeRowContents
[ADMIN] [05/06/2017 18.07] [PENJUALAN] CASHIER FORM : cashierDataGridView_CellValueChanged [productID]
[ADMIN] [05/06/2017 18.07] [PENJUALAN] CASHIER FORM : cashierDataGridView_CellValueChanged [productName]
[ADMIN] [05/06/2017 18.07] [PENJUALAN] CASHIER FORM : updateSomeRowContents
[ADMIN] [05/06/2017 18.07] [PENJUALAN] CASHIER FORM : PRODUCT PRICE TYPE [PRODUCT_BASE_PRICE]
[ADMIN] [05/06/2017 18.07] [PENJUALAN] CASHIER FORM : PRODUCT PRICE [15000]
[ADMIN] [05/06/2017 18.07] [PENJUALAN] CASHIER FORM : ComboBox_SelectedIndexChanged, PRODUCT_BASE_PRICE [15000]
[ADMIN] [05/06/2017 18.07] [PENJUALAN] CASHIER FORM : cashierDataGridView_CellValueChanged [hpp]
[ADMIN] [05/06/2017 18.07] [PENJUALAN] CASHIER FORM : PRODUCT PRICE TYPE [PRODUCT_RETAIL_PRICE]
[ADMIN] [05/06/2017 18.07] [PENJUALAN] CASHIER FORM : PRODUCT PRICE [19000]
[ADMIN] [05/06/2017 18.07] [PENJUALAN] CASHIER FORM : ComboBox_SelectedIndexChanged, PRODUCT_SALES_PRICE [19000]
[ADMIN] [05/06/2017 18.07] [PENJUALAN] CASHIER FORM : cashierDataGridView_CellValueChanged [productPrice]
[ADMIN] [05/06/2017 18.07] [PENJUALAN] CASHIER FORM : cashierDataGridView_CellValueChanged, previousInput [0]
[ADMIN] [05/06/2017 18.07] [PENJUALAN] CASHIER FORM : cashierDataGridView_CellValueChanged, cellValue [19000]
[ADMIN] [05/06/2017 18.07] [PENJUALAN] CASHIER FORM : cashierDataGridView_CellValueChanged, dataGridViewTextBoxEditingControl.Text pass REGEX Checking
[ADMIN] [05/06/2017 18.07] [PENJUALAN] CASHIER FORM : CALCULATE SUBTOTAL
[ADMIN] [05/06/2017 18.07] [PENJUALAN] CASHIER FORM : SUBTOTAL [0]
[ADMIN] [05/06/2017 18.07] [PENJUALAN] CASHIER FORM : cashierDataGridView_CellValueChanged, subtotal value [0]
[ADMIN] [05/06/2017 18.07] [PENJUALAN] CASHIER FORM : cashierDataGridView_CellValueChanged, attempt to calculate total value
[ADMIN] [05/06/2017 18.07] [PENJUALAN] CASHIER FORM : calculateTotal
[ADMIN] [05/06/2017 18.07] [PENJUALAN] CASHIER FORM : calculateTotal [0]
[ADMIN] [05/06/2017 18.07] [PENJUALAN] CASHIER FORM : calculateTotal, totalAfterDisc [0]
[ADMIN] [05/06/2017 18.07] [PENJUALAN] CASHIER FORM : calculateChangeValue, bayarTextBox.Text [0]
[ADMIN] [05/06/2017 18.07] [PENJUALAN] CASHIER FORM : calculateChangeValue, sisaBayar [0]
[ADMIN] [05/06/2017 18.07] [PENJUALAN] CASHIER FORM : cashierDataGridView_CellValueChanged [qty]
[ADMIN] [05/06/2017 18.07] [PENJUALAN] CASHIER FORM : cashierDataGridView_CellValueChanged, previousInput [0]
[ADMIN] [05/06/2017 18.07] [PENJUALAN] CASHIER FORM : cashierDataGridView_CellValueChanged [jumlah]
[ADMIN] [05/06/2017 18.07] [PENJUALAN] CASHIER FORM : calculateTotal
[ADMIN] [05/06/2017 18.07] [PENJUALAN] CASHIER FORM : calculateTotal [0]
[ADMIN] [05/06/2017 18.07] [PENJUALAN] CASHIER FORM : calculateTotal, totalAfterDisc [0]
[ADMIN] [05/06/2017 18.07] [PENJUALAN] CASHIER FORM : calculateChangeValue, bayarTextBox.Text [0]
[ADMIN] [05/06/2017 18.07] [PENJUALAN] CASHIER FORM : calculateChangeValue, sisaBayar [0]
[ADMIN] [05/06/2017 18.07] [PENJUALAN] CASHIER FORM : CHECK STOCK QTY IS ENOUGH [BANDIT-AD1]
[ADMIN] [05/06/2017 18.07] [PENJUALAN] CASHIER FORM : CHECK STOCK QTY IS ENOUGH [22, 1]
[ADMIN] [05/06/2017 18.07] [PENJUALAN] CASHIER FORM : cashierDataGridView_CellValueChanged [qty]
[ADMIN] [05/06/2017 18.07] [PENJUALAN] CASHIER FORM : cashierDataGridView_CellValueChanged, previousInput [0]
[ADMIN] [05/06/2017 18.07] [PENJUALAN] CASHIER FORM : cashierDataGridView_CellValueChanged, cellValue [1]
[ADMIN] [05/06/2017 18.07] [PENJUALAN] CASHIER FORM : cashierDataGridView_CellValueChanged, dataGridViewTextBoxEditingControl.Text pass REGEX Checking
[ADMIN] [05/06/2017 18.07] [PENJUALAN] CASHIER FORM : CHECK STOCK QTY IS ENOUGH [BANDIT-AD1]
[ADMIN] [05/06/2017 18.07] [PENJUALAN] CASHIER FORM : CHECK STOCK QTY IS ENOUGH [22, 1]
[ADMIN] [05/06/2017 18.07] [PENJUALAN] CASHIER FORM : CALCULATE SUBTOTAL
[ADMIN] [05/06/2017 18.07] [PENJUALAN] CASHIER FORM : SUBTOTAL [19000]
[ADMIN] [05/06/2017 18.07] [PENJUALAN] CASHIER FORM : cashierDataGridView_CellValueChanged, subtotal value [19000]
[ADMIN] [05/06/2017 18.07] [PENJUALAN] CASHIER FORM : cashierDataGridView_CellValueChanged, attempt to calculate total value
[ADMIN] [05/06/2017 18.07] [PENJUALAN] CASHIER FORM : calculateTotal
[ADMIN] [05/06/2017 18.07] [PENJUALAN] CASHIER FORM : calculateTotal [19000]
[ADMIN] [05/06/2017 18.07] [PENJUALAN] CASHIER FORM : calculateTotal, totalAfterDisc [19000]
[ADMIN] [05/06/2017 18.07] [PENJUALAN] CASHIER FORM : calculateChangeValue, bayarTextBox.Text [0]
[ADMIN] [05/06/2017 18.07] [PENJUALAN] CASHIER FORM : calculateChangeValue, sisaBayar [0]
[ADMIN] [05/06/2017 18.07] [PENJUALAN] CASHIER FORM : SET QTY TO 1 BECAUSE OF NEW ROW
[ADMIN] [05/06/2017 18.07] [PENJUALAN] CASHIER FORM : CALCULATE SUBTOTAL
[ADMIN] [05/06/2017 18.07] [PENJUALAN] CASHIER FORM : SUBTOTAL [19000]
[ADMIN] [05/06/2017 18.07] [PENJUALAN] CASHIER FORM : calculateTotal
[ADMIN] [05/06/2017 18.07] [PENJUALAN] CASHIER FORM : calculateTotal [19000]
[ADMIN] [05/06/2017 18.07] [PENJUALAN] CASHIER FORM : calculateTotal, totalAfterDisc [19000]
[ADMIN] [05/06/2017 18.07] [PENJUALAN] CASHIER FORM : calculateChangeValue, bayarTextBox.Text [0]
[ADMIN] [05/06/2017 18.07] [PENJUALAN] CASHIER FORM : calculateChangeValue, sisaBayar [0]
[ADMIN] [05/06/2017 18.07] [PENJUALAN] CASHIER FORM : UPDATE ROW NUMBER, TOTAL ROW [2]
[ADMIN] [05/06/2017 18.07] [PENJUALAN] CASHIER FORM : cashierDataGridView_CellValueChanged [F8]
[ADMIN] [05/06/2017 18.07] [PENJUALAN] CASHIER FORM : cashierDataGridView_CellValueChanged [qty]
[ADMIN] [05/06/2017 18.07] [PENJUALAN] CASHIER FORM : cashierDataGridView_CellValueChanged, previousInput [1]
[ADMIN] [05/06/2017 18.07] [PENJUALAN] CASHIER FORM : cashierDataGridView_CellValueChanged, dataGridViewTextBoxEditingControl.Text pass REGEX Checking
[ADMIN] [05/06/2017 18.07] [PENJUALAN] CASHIER FORM : CHECK STOCK QTY IS ENOUGH [BANDIT-AD1]
[ADMIN] [05/06/2017 18.07] [PENJUALAN] CASHIER FORM : CHECK STOCK QTY IS ENOUGH [22, 2]
[ADMIN] [05/06/2017 18.07] [PENJUALAN] CASHIER FORM : CALCULATE SUBTOTAL
[ADMIN] [05/06/2017 18.07] [PENJUALAN] CASHIER FORM : SUBTOTAL [38000]
[ADMIN] [05/06/2017 18.07] [PENJUALAN] CASHIER FORM : cashierDataGridView_CellValueChanged, subtotal value [38000]
[ADMIN] [05/06/2017 18.07] [PENJUALAN] CASHIER FORM : cashierDataGridView_CellValueChanged, attempt to calculate total value
[ADMIN] [05/06/2017 18.07] [PENJUALAN] CASHIER FORM : calculateTotal
[ADMIN] [05/06/2017 18.07] [PENJUALAN] CASHIER FORM : calculateTotal [38000]
[ADMIN] [05/06/2017 18.07] [PENJUALAN] CASHIER FORM : calculateTotal, totalAfterDisc [38000]
[ADMIN] [05/06/2017 18.07] [PENJUALAN] CASHIER FORM : calculateChangeValue, bayarTextBox.Text [0]
[ADMIN] [05/06/2017 18.07] [PENJUALAN] CASHIER FORM : calculateChangeValue, sisaBayar [0]
[ADMIN] [05/06/2017 18.07] [PENJUALAN] CASHIER FORM : Combobox_KeyUp, cashierDataGridView.CurrentCell.OwningColumn.Name  [qty]
[ADMIN] [05/06/2017 18.07] [PENJUALAN] CASHIER FORM : cashierDataGridView_CellValueChanged [qty]
[ADMIN] [05/06/2017 18.07] [PENJUALAN] CASHIER FORM : cashierDataGridView_CellValueChanged, previousInput [2]
[ADMIN] [05/06/2017 18.07] [PENJUALAN] CASHIER FORM : cashierDataGridView_CellValueChanged, dataGridViewTextBoxEditingControl.Text pass REGEX Checking
[ADMIN] [05/06/2017 18.07] [PENJUALAN] CASHIER FORM : CHECK STOCK QTY IS ENOUGH [BANDIT-AD1]
[ADMIN] [05/06/2017 18.07] [PENJUALAN] CASHIER FORM : CHECK STOCK QTY IS ENOUGH [22, 22]
[ADMIN] [05/06/2017 18.07] [PENJUALAN] CASHIER FORM : CALCULATE SUBTOTAL
[ADMIN] [05/06/2017 18.07] [PENJUALAN] CASHIER FORM : SUBTOTAL [418000]
[ADMIN] [05/06/2017 18.07] [PENJUALAN] CASHIER FORM : cashierDataGridView_CellValueChanged, subtotal value [418000]
[ADMIN] [05/06/2017 18.07] [PENJUALAN] CASHIER FORM : cashierDataGridView_CellValueChanged, attempt to calculate total value
[ADMIN] [05/06/2017 18.07] [PENJUALAN] CASHIER FORM : calculateTotal
[ADMIN] [05/06/2017 18.07] [PENJUALAN] CASHIER FORM : calculateTotal [418000]
[ADMIN] [05/06/2017 18.07] [PENJUALAN] CASHIER FORM : calculateTotal, totalAfterDisc [418000]
[ADMIN] [05/06/2017 18.07] [PENJUALAN] CASHIER FORM : calculateChangeValue, bayarTextBox.Text [0]
[ADMIN] [05/06/2017 18.07] [PENJUALAN] CASHIER FORM : calculateChangeValue, sisaBayar [0]
[ADMIN] [05/06/2017 18.07] [PENJUALAN] CASHIER FORM : Combobox_KeyUp, cashierDataGridView.CurrentCell.OwningColumn.Name  [qty]
[ADMIN] [05/06/2017 18.07] [PENJUALAN] CASHIER FORM : cashierDataGridView_CellValueChanged [qty]
[ADMIN] [05/06/2017 18.07] [PENJUALAN] CASHIER FORM : cashierDataGridView_CellValueChanged, previousInput [22]
[ADMIN] [05/06/2017 18.07] [PENJUALAN] CASHIER FORM : cashierDataGridView_CellValueChanged, dataGridViewTextBoxEditingControl.Text pass REGEX Checking
[ADMIN] [05/06/2017 18.07] [PENJUALAN] CASHIER FORM : CHECK STOCK QTY IS ENOUGH [BANDIT-AD1]
[ADMIN] [05/06/2017 18.07] [PENJUALAN] CASHIER FORM : CHECK STOCK QTY IS ENOUGH [22, 2]
[ADMIN] [05/06/2017 18.07] [PENJUALAN] CASHIER FORM : CALCULATE SUBTOTAL
[ADMIN] [05/06/2017 18.07] [PENJUALAN] CASHIER FORM : SUBTOTAL [38000]
[ADMIN] [05/06/2017 18.07] [PENJUALAN] CASHIER FORM : cashierDataGridView_CellValueChanged, subtotal value [38000]
[ADMIN] [05/06/2017 18.07] [PENJUALAN] CASHIER FORM : cashierDataGridView_CellValueChanged, attempt to calculate total value
[ADMIN] [05/06/2017 18.07] [PENJUALAN] CASHIER FORM : calculateTotal
[ADMIN] [05/06/2017 18.07] [PENJUALAN] CASHIER FORM : calculateTotal [38000]
[ADMIN] [05/06/2017 18.07] [PENJUALAN] CASHIER FORM : calculateTotal, totalAfterDisc [38000]
[ADMIN] [05/06/2017 18.07] [PENJUALAN] CASHIER FORM : calculateChangeValue, bayarTextBox.Text [0]
[ADMIN] [05/06/2017 18.07] [PENJUALAN] CASHIER FORM : calculateChangeValue, sisaBayar [0]
[ADMIN] [05/06/2017 18.07] [PENJUALAN] CASHIER FORM : Combobox_KeyUp, cashierDataGridView.CurrentCell.OwningColumn.Name  [qty]
[ADMIN] [05/06/2017 18.07] [PENJUALAN] CASHIER FORM : cashierDataGridView_CellValueChanged [qty]
[ADMIN] [05/06/2017 18.07] [PENJUALAN] CASHIER FORM : cashierDataGridView_CellValueChanged, previousInput [2]
[ADMIN] [05/06/2017 18.07] [PENJUALAN] CASHIER FORM : cashierDataGridView_CellValueChanged, dataGridViewTextBoxEditingControl.Text pass REGEX Checking
[ADMIN] [05/06/2017 18.07] [PENJUALAN] CASHIER FORM : CHECK STOCK QTY IS ENOUGH [BANDIT-AD1]
[ADMIN] [05/06/2017 18.07] [PENJUALAN] CASHIER FORM : CHECK STOCK QTY IS ENOUGH [22, 24]
[ADMIN] [05/06/2017 18.07] [PENJUALAN] CASHIER FORM : CALCULATE SUBTOTAL
[ADMIN] [05/06/2017 18.07] [PENJUALAN] CASHIER FORM : SUBTOTAL [38000]
[ADMIN] [05/06/2017 18.07] [PENJUALAN] CASHIER FORM : cashierDataGridView_CellValueChanged, subtotal value [38000]
[ADMIN] [05/06/2017 18.07] [PENJUALAN] CASHIER FORM : cashierDataGridView_CellValueChanged, attempt to calculate total value
[ADMIN] [05/06/2017 18.07] [PENJUALAN] CASHIER FORM : calculateTotal
[ADMIN] [05/06/2017 18.07] [PENJUALAN] CASHIER FORM : calculateTotal [38000]
[ADMIN] [05/06/2017 18.07] [PENJUALAN] CASHIER FORM : calculateTotal, totalAfterDisc [38000]
[ADMIN] [05/06/2017 18.07] [PENJUALAN] CASHIER FORM : calculateChangeValue, bayarTextBox.Text [0]
[ADMIN] [05/06/2017 18.07] [PENJUALAN] CASHIER FORM : calculateChangeValue, sisaBayar [0]
[ADMIN] [05/06/2017 18.07] [PENJUALAN] CASHIER FORM : Combobox_KeyUp, cashierDataGridView.CurrentCell.OwningColumn.Name  [qty]
[ADMIN] [05/06/2017 18.07] [PENJUALAN] CASHIER FORM : cashierDataGridView_CellValueChanged [qty]
[ADMIN] [05/06/2017 18.07] [PENJUALAN] CASHIER FORM : cashierDataGridView_CellValueChanged, empty texbox, reset [qty] value to 0
[ADMIN] [05/06/2017 18.07] [PENJUALAN] CASHIER FORM : TextBox_TextChanged, recalculate total value
[ADMIN] [05/06/2017 18.07] [PENJUALAN] CASHIER FORM : calculateTotal
[ADMIN] [05/06/2017 18.07] [PENJUALAN] CASHIER FORM : calculateTotal [0]
[ADMIN] [05/06/2017 18.07] [PENJUALAN] CASHIER FORM : calculateTotal, totalAfterDisc [0]
[ADMIN] [05/06/2017 18.07] [PENJUALAN] CASHIER FORM : calculateChangeValue, bayarTextBox.Text [Rp0]
[ADMIN] [05/06/2017 18.07] [PENJUALAN] CASHIER FORM : calculateChangeValue, sisaBayar [0]
[ADMIN] [05/06/2017 18.07] [PENJUALAN] CASHIER FORM : Combobox_KeyUp, cashierDataGridView.CurrentCell.OwningColumn.Name  [qty]
[ADMIN] [05/06/2017 18.07] [PENJUALAN] CASHIER FORM : Combobox_KeyUp, cashierDataGridView.CurrentCell.OwningColumn.Name  [qty]
[ADMIN] [05/06/2017 18.07] [PENJUALAN] CASHIER FORM : Combobox_KeyUp, cashierDataGridView.CurrentCell.OwningColumn.Name  [qty]
[ADMIN] [05/06/2017 18.07] [PENJUALAN] CASHIER FORM : cashierDataGridView_CellValueChanged [qty]
[ADMIN] [05/06/2017 18.07] [PENJUALAN] CASHIER FORM : cashierDataGridView_CellValueChanged, previousInput [0]
[ADMIN] [05/06/2017 18.07] [PENJUALAN] CASHIER FORM : cashierDataGridView_CellValueChanged, cellValue [2]
[ADMIN] [05/06/2017 18.07] [PENJUALAN] CASHIER FORM : cashierDataGridView_CellValueChanged, dataGridViewTextBoxEditingControl.Text pass REGEX Checking
[ADMIN] [05/06/2017 18.07] [PENJUALAN] CASHIER FORM : CHECK STOCK QTY IS ENOUGH [BANDIT-AD1]
[ADMIN] [05/06/2017 18.07] [PENJUALAN] CASHIER FORM : CHECK STOCK QTY IS ENOUGH [22, 2]
[ADMIN] [05/06/2017 18.07] [PENJUALAN] CASHIER FORM : CALCULATE SUBTOTAL
[ADMIN] [05/06/2017 18.07] [PENJUALAN] CASHIER FORM : SUBTOTAL [38000]
[ADMIN] [05/06/2017 18.07] [PENJUALAN] CASHIER FORM : cashierDataGridView_CellValueChanged, subtotal value [38000]
[ADMIN] [05/06/2017 18.07] [PENJUALAN] CASHIER FORM : cashierDataGridView_CellValueChanged, attempt to calculate total value
[ADMIN] [05/06/2017 18.07] [PENJUALAN] CASHIER FORM : calculateTotal
[ADMIN] [05/06/2017 18.07] [PENJUALAN] CASHIER FORM : calculateTotal [38000]
[ADMIN] [05/06/2017 18.07] [PENJUALAN] CASHIER FORM : calculateTotal, totalAfterDisc [38000]
[ADMIN] [05/06/2017 18.07] [PENJUALAN] CASHIER FORM : calculateChangeValue, bayarTextBox.Text [Rp0]
[ADMIN] [05/06/2017 18.07] [PENJUALAN] CASHIER FORM : calculateChangeValue, sisaBayar [0]
[ADMIN] [05/06/2017 18.07] [PENJUALAN] CASHIER FORM : Combobox_KeyUp, cashierDataGridView.CurrentCell.OwningColumn.Name  [qty]
[ADMIN] [05/06/2017 18.07] [PENJUALAN] CASHIER FORM : cashierDataGridView_CellValueChanged [qty]
[ADMIN] [05/06/2017 18.07] [PENJUALAN] CASHIER FORM : cashierDataGridView_CellValueChanged, previousInput [2]
[ADMIN] [05/06/2017 18.07] [PENJUALAN] CASHIER FORM : cashierDataGridView_CellValueChanged, dataGridViewTextBoxEditingControl.Text pass REGEX Checking
[ADMIN] [05/06/2017 18.07] [PENJUALAN] CASHIER FORM : CHECK STOCK QTY IS ENOUGH [BANDIT-AD1]
[ADMIN] [05/06/2017 18.07] [PENJUALAN] CASHIER FORM : CHECK STOCK QTY IS ENOUGH [22, 24]
[ADMIN] [05/06/2017 18.07] [PENJUALAN] CASHIER FORM : CALCULATE SUBTOTAL
[ADMIN] [05/06/2017 18.07] [PENJUALAN] CASHIER FORM : SUBTOTAL [38000]
[ADMIN] [05/06/2017 18.07] [PENJUALAN] CASHIER FORM : cashierDataGridView_CellValueChanged, subtotal value [38000]
[ADMIN] [05/06/2017 18.07] [PENJUALAN] CASHIER FORM : cashierDataGridView_CellValueChanged, attempt to calculate total value
[ADMIN] [05/06/2017 18.07] [PENJUALAN] CASHIER FORM : calculateTotal
[ADMIN] [05/06/2017 18.07] [PENJUALAN] CASHIER FORM : calculateTotal [38000]
[ADMIN] [05/06/2017 18.07] [PENJUALAN] CASHIER FORM : calculateTotal, totalAfterDisc [38000]
[ADMIN] [05/06/2017 18.07] [PENJUALAN] CASHIER FORM : calculateChangeValue, bayarTextBox.Text [Rp0]
[ADMIN] [05/06/2017 18.07] [PENJUALAN] CASHIER FORM : calculateChangeValue, sisaBayar [0]
[ADMIN] [05/06/2017 18.07] [PENJUALAN] CASHIER FORM : Combobox_KeyUp, cashierDataGridView.CurrentCell.OwningColumn.Name  [qty]
[ADMIN] [05/06/2017 18.07] [PENJUALAN] CASHIER FORM : cashierDataGridView_CellValueChanged [qty]
[ADMIN] [05/06/2017 18.07] [PENJUALAN] CASHIER FORM : cashierDataGridView_CellValueChanged, previousInput [2]
[ADMIN] [05/06/2017 18.07] [PENJUALAN] CASHIER FORM : cashierDataGridView_CellValueChanged, dataGridViewTextBoxEditingControl.Text pass REGEX Checking
[ADMIN] [05/06/2017 18.07] [PENJUALAN] CASHIER FORM : CHECK STOCK QTY IS ENOUGH [BANDIT-AD1]
[ADMIN] [05/06/2017 18.07] [PENJUALAN] CASHIER FORM : CHECK STOCK QTY IS ENOUGH [22, 24]
[ADMIN] [05/06/2017 18.07] [PENJUALAN] CASHIER FORM : CALCULATE SUBTOTAL
[ADMIN] [05/06/2017 18.07] [PENJUALAN] CASHIER FORM : SUBTOTAL [38000]
[ADMIN] [05/06/2017 18.07] [PENJUALAN] CASHIER FORM : cashierDataGridView_CellValueChanged, subtotal value [38000]
[ADMIN] [05/06/2017 18.07] [PENJUALAN] CASHIER FORM : cashierDataGridView_CellValueChanged, attempt to calculate total value
[ADMIN] [05/06/2017 18.07] [PENJUALAN] CASHIER FORM : calculateTotal
[ADMIN] [05/06/2017 18.07] [PENJUALAN] CASHIER FORM : calculateTotal [38000]
[ADMIN] [05/06/2017 18.07] [PENJUALAN] CASHIER FORM : calculateTotal, totalAfterDisc [38000]
[ADMIN] [05/06/2017 18.07] [PENJUALAN] CASHIER FORM : calculateChangeValue, bayarTextBox.Text [Rp0]
[ADMIN] [05/06/2017 18.07] [PENJUALAN] CASHIER FORM : calculateChangeValue, sisaBayar [0]
[ADMIN] [05/06/2017 18.07] [PENJUALAN] CASHIER FORM : Combobox_KeyUp, cashierDataGridView.CurrentCell.OwningColumn.Name  [qty]
[ADMIN] [05/06/2017 18.07] [PENJUALAN] CASHIER FORM : HOTKEY TO SAVE AND PRINT OUT INVOICE PRESSED
[ADMIN] [05/06/2017 18.07] [PENJUALAN] CASHIER FORM : UNREGISTER HOTKEY
[ADMIN] [05/06/2017 18.08] [PENJUALAN] CASHIER FORM : REGISTER HOTKEY
[ADMIN] [05/06/2017 18.08] [PENJUALAN] CASHIER FORM : calculateChangeValue, bayarTextBox.Text [0]
[ADMIN] [05/06/2017 18.08] [PENJUALAN] CASHIER FORM : calculateChangeValue, sisaBayar [0]
[ADMIN] [05/06/2017 18.09] [PENJUALAN] CASHIER FORM : cashierDataGridView_CellValueChanged [qty]
[ADMIN] [05/06/2017 18.09] [PENJUALAN] CASHIER FORM : cashierDataGridView_CellValueChanged, previousInput [2]
[ADMIN] [05/06/2017 18.09] [PENJUALAN] CASHIER FORM : cashierDataGridView_CellValueChanged, dataGridViewTextBoxEditingControl.Text pass REGEX Checking
[ADMIN] [05/06/2017 18.09] [PENJUALAN] CASHIER FORM : CHECK STOCK QTY IS ENOUGH [BANDIT-AD1]
[ADMIN] [05/06/2017 18.09] [PENJUALAN] CASHIER FORM : CHECK STOCK QTY IS ENOUGH [22, 22]
[ADMIN] [05/06/2017 18.09] [PENJUALAN] CASHIER FORM : CALCULATE SUBTOTAL
[ADMIN] [05/06/2017 18.09] [PENJUALAN] CASHIER FORM : SUBTOTAL [418000]
[ADMIN] [05/06/2017 18.09] [PENJUALAN] CASHIER FORM : cashierDataGridView_CellValueChanged, subtotal value [418000]
[ADMIN] [05/06/2017 18.09] [PENJUALAN] CASHIER FORM : cashierDataGridView_CellValueChanged, attempt to calculate total value
[ADMIN] [05/06/2017 18.09] [PENJUALAN] CASHIER FORM : calculateTotal
[ADMIN] [05/06/2017 18.09] [PENJUALAN] CASHIER FORM : calculateTotal [418000]
[ADMIN] [05/06/2017 18.09] [PENJUALAN] CASHIER FORM : calculateTotal, totalAfterDisc [418000]
[ADMIN] [05/06/2017 18.09] [PENJUALAN] CASHIER FORM : calculateChangeValue, bayarTextBox.Text [Rp0]
[ADMIN] [05/06/2017 18.09] [PENJUALAN] CASHIER FORM : calculateChangeValue, sisaBayar [0]
[ADMIN] [05/06/2017 18.09] [PENJUALAN] CASHIER FORM : Combobox_KeyUp, cashierDataGridView.CurrentCell.OwningColumn.Name  [qty]
[ADMIN] [05/06/2017 18.09] [PENJUALAN] CASHIER FORM : Combobox_KeyUp, cashierDataGridView.CurrentCell.OwningColumn.Name  [disc1]
[ADMIN] [05/06/2017 18.09] [PENJUALAN] CASHIER FORM : HOTKEY TO OPEN PRODUK SEARCH FORM PRESSED
[ADMIN] [05/06/2017 18.09] [PENJUALAN] CASHIER FORM : UNREGISTER HOTKEY
[ADMIN] [05/06/2017 18.09] [PENJUALAN] CASHIER FORM : ADD NEW ROW FROM BARCODE [BANDIT ADLT DOG 1 KG]
[ADMIN] [05/06/2017 18.09] [PENJUALAN] CASHIER FORM : REGISTER HOTKEY
[ADMIN] [05/06/2017 18.09] [PENJUALAN] CASHIER FORM : EXISTING ROW FOUND [0]
[ADMIN] [05/06/2017 18.09] [PENJUALAN] CASHIER FORM : updateSomeRowContents
[ADMIN] [05/06/2017 18.09] [PENJUALAN] CASHIER FORM : CHECK STOCK QTY IS ENOUGH [BANDIT-AD1]
[ADMIN] [05/06/2017 18.09] [PENJUALAN] CASHIER FORM : CHECK STOCK QTY IS ENOUGH [22, 23]
[ADMIN] [05/06/2017 18.09] [PENJUALAN] CASHIER FORM : QTY FOR THE EXISTING ROW NOT CHANGED
[ADMIN] [05/06/2017 18.09] [PENJUALAN] CASHIER FORM : CALCULATE SUBTOTAL
[ADMIN] [05/06/2017 18.09] [PENJUALAN] CASHIER FORM : SUBTOTAL [418000]
[ADMIN] [05/06/2017 18.09] [PENJUALAN] CASHIER FORM : calculateTotal
[ADMIN] [05/06/2017 18.09] [PENJUALAN] CASHIER FORM : calculateTotal [418000]
[ADMIN] [05/06/2017 18.09] [PENJUALAN] CASHIER FORM : calculateTotal, totalAfterDisc [418000]
[ADMIN] [05/06/2017 18.09] [PENJUALAN] CASHIER FORM : calculateChangeValue, bayarTextBox.Text [Rp0]
[ADMIN] [05/06/2017 18.09] [PENJUALAN] CASHIER FORM : calculateChangeValue, sisaBayar [0]
[ADMIN] [05/06/2017 18.09] [PENJUALAN] CASHIER FORM : UPDATE ROW NUMBER, TOTAL ROW [2]
[ADMIN] [05/06/2017 18.09] [PENJUALAN] CASHIER FORM : cashierDataGridView_CellValueChanged [F8]
[ADMIN] [05/06/2017 18.09] [PENJUALAN] CASHIER FORM : Combobox_previewKeyDown, cashierDataGridView.CurrentCell.OwningColumn.Name  [productID]
[ADMIN] [05/06/2017 18.09] [PENJUALAN] CASHIER FORM : Combobox_previewKeyDown, cashierDataGridView.CurrentCell.OwningColumn.Name  [productID]
[ADMIN] [05/06/2017 18.09] [PENJUALAN] CASHIER FORM : Combobox_KeyUp, cashierDataGridView.CurrentCell.OwningColumn.Name  [productID]
[ADMIN] [05/06/2017 18.09] [PENJUALAN] CASHIER FORM : Combobox_KeyUp, cashierDataGridView.CurrentCell.OwningColumn.Name  [productID]
[ADMIN] [05/06/2017 18.09] [PENJUALAN] CASHIER FORM : Combobox_KeyUp, cashierDataGridView.CurrentCell.OwningColumn.Name  [productID]
[ADMIN] [05/06/2017 18.09] [PENJUALAN] CASHIER FORM : Combobox_KeyUp, cashierDataGridView.CurrentCell.OwningColumn.Name  [productID]
[ADMIN] [05/06/2017 18.09] [PENJUALAN] CASHIER FORM : Combobox_previewKeyDown, cashierDataGridView.CurrentCell.OwningColumn.Name  [productID]
[ADMIN] [05/06/2017 18.09] [PENJUALAN] CASHIER FORM : Combobox_previewKeyDown, cashierDataGridView.CurrentCell.OwningColumn.Name  [productID]
[ADMIN] [05/06/2017 18.09] [PENJUALAN] CASHIER FORM : UPDATE ROW NUMBER, TOTAL ROW [3]
[ADMIN] [05/06/2017 18.09] [PENJUALAN] CASHIER FORM : cashierDataGridView_CellValueChanged [F8]
[ADMIN] [05/06/2017 18.09] [PENJUALAN] CASHIER FORM : cashierDataGridView_CellValueChanged [productID]
[ADMIN] [05/06/2017 18.09] [PENJUALAN] CASHIER FORM : Combobox_KeyUp, cashierDataGridView.CurrentCell.OwningColumn.Name  [productID]
[ADMIN] [05/06/2017 18.09] [PENJUALAN] CASHIER FORM : Combobox_KeyUp, cashierDataGridView.CurrentCell.OwningColumn.Name  [productID]
[ADMIN] [05/06/2017 18.09] [PENJUALAN] CASHIER FORM : Combobox_KeyUp, cashierDataGridView.CurrentCell.OwningColumn.Name  [productID]
[ADMIN] [05/06/2017 18.09] [PENJUALAN] CASHIER FORM : Combobox_KeyUp, cashierDataGridView.CurrentCell.OwningColumn.Name  [productID]
[ADMIN] [05/06/2017 18.09] [PENJUALAN] CASHIER FORM : Combobox_KeyUp, cashierDataGridView.CurrentCell.OwningColumn.Name  [productID]
[ADMIN] [05/06/2017 18.09] [PENJUALAN] CASHIER FORM : Combobox_KeyUp, cashierDataGridView.CurrentCell.OwningColumn.Name  [productID]
[ADMIN] [05/06/2017 18.09] [PENJUALAN] CASHIER FORM : Combobox_previewKeyDown, cashierDataGridView.CurrentCell.OwningColumn.Name  [productID]
[ADMIN] [05/06/2017 18.09] [PENJUALAN] CASHIER FORM : cashierDataGridView_CellValueChanged [productID]
[ADMIN] [05/06/2017 18.09] [PENJUALAN] CASHIER FORM : Combobox_KeyUp, cashierDataGridView.CurrentCell.OwningColumn.Name  [productID]
[ADMIN] [05/06/2017 18.09] [PENJUALAN] CASHIER FORM : Combobox_KeyUp, cashierDataGridView.CurrentCell.OwningColumn.Name  [productID]
[ADMIN] [05/06/2017 18.09] [PENJUALAN] CASHIER FORM : Combobox_KeyUp, cashierDataGridView.CurrentCell.OwningColumn.Name  [productID]
[ADMIN] [05/06/2017 18.09] [PENJUALAN] CASHIER FORM : Combobox_previewKeyDown, cashierDataGridView.CurrentCell.OwningColumn.Name  [productID]
[ADMIN] [05/06/2017 18.09] [PENJUALAN] CASHIER FORM : cashierDataGridView_CellValueChanged [productID]
[ADMIN] [05/06/2017 18.09] [PENJUALAN] CASHIER FORM : Combobox_KeyUp, cashierDataGridView.CurrentCell.OwningColumn.Name  [productID]
[ADMIN] [05/06/2017 18.09] [PENJUALAN] CASHIER FORM : Combobox_KeyUp, cashierDataGridView.CurrentCell.OwningColumn.Name  [productID]
[ADMIN] [05/06/2017 18.09] [PENJUALAN] CASHIER FORM : Combobox_KeyUp, cashierDataGridView.CurrentCell.OwningColumn.Name  [productID]
[ADMIN] [05/06/2017 18.09] [PENJUALAN] CASHIER FORM : Combobox_previewKeyDown, cashierDataGridView.CurrentCell.OwningColumn.Name  [productID]
[ADMIN] [05/06/2017 18.09] [PENJUALAN] CASHIER FORM : cashierDataGridView_CellValueChanged [productID]
[ADMIN] [05/06/2017 18.09] [PENJUALAN] CASHIER FORM : Combobox_KeyUp, cashierDataGridView.CurrentCell.OwningColumn.Name  [productID]
[ADMIN] [05/06/2017 18.09] [PENJUALAN] CASHIER FORM : Combobox_KeyUp, cashierDataGridView.CurrentCell.OwningColumn.Name  [productID]
[ADMIN] [05/06/2017 18.09] [PENJUALAN] CASHIER FORM : Combobox_KeyUp, cashierDataGridView.CurrentCell.OwningColumn.Name  [productID]
[ADMIN] [05/06/2017 18.09] [PENJUALAN] CASHIER FORM : Combobox_previewKeyDown, cashierDataGridView.CurrentCell.OwningColumn.Name  [productID]
[ADMIN] [05/06/2017 18.09] [PENJUALAN] CASHIER FORM : cashierDataGridView_CellValueChanged [productID]
[ADMIN] [05/06/2017 18.09] [PENJUALAN] CASHIER FORM : Combobox_previewKeyDown, cashierDataGridView.CurrentCell.OwningColumn.Name  [productID]
[ADMIN] [05/06/2017 18.09] [PENJUALAN] CASHIER FORM : cashierDataGridView_CellValueChanged [productID]
[ADMIN] [05/06/2017 18.09] [PENJUALAN] CASHIER FORM : Combobox_previewKeyDown, cashierDataGridView.CurrentCell.OwningColumn.Name  [productID]
[ADMIN] [05/06/2017 18.09] [PENJUALAN] CASHIER FORM : cashierDataGridView_CellValueChanged [productID]
[ADMIN] [05/06/2017 18.09] [PENJUALAN] CASHIER FORM : Combobox_previewKeyDown, cashierDataGridView.CurrentCell.OwningColumn.Name  [productID]
[ADMIN] [05/06/2017 18.09] [PENJUALAN] CASHIER FORM : cashierDataGridView_CellValueChanged [productID]
[ADMIN] [05/06/2017 18.09] [PENJUALAN] CASHIER FORM : Combobox_previewKeyDown, cashierDataGridView.CurrentCell.OwningColumn.Name  [productID]
[ADMIN] [05/06/2017 18.09] [PENJUALAN] CASHIER FORM : cashierDataGridView_CellValueChanged [productID]
[ADMIN] [05/06/2017 18.09] [PENJUALAN] CASHIER FORM : Combobox_previewKeyDown, cashierDataGridView.CurrentCell.OwningColumn.Name  [productID]
[ADMIN] [05/06/2017 18.09] [PENJUALAN] CASHIER FORM : cashierDataGridView_CellValueChanged [productID]
[ADMIN] [05/06/2017 18.09] [PENJUALAN] CASHIER FORM : Combobox_previewKeyDown, cashierDataGridView.CurrentCell.OwningColumn.Name  [productID]
[ADMIN] [05/06/2017 18.09] [PENJUALAN] CASHIER FORM : Combobox_previewKeyDown, cashierDataGridView.CurrentCell.OwningColumn.Name  [productID]
[ADMIN] [05/06/2017 18.09] [PENJUALAN] CASHIER FORM : Combobox_previewKeyDown, cashierDataGridView.CurrentCell.OwningColumn.Name  [productID]
[ADMIN] [05/06/2017 18.09] [PENJUALAN] CASHIER FORM : Combobox_previewKeyDown, cashierDataGridView.CurrentCell.OwningColumn.Name  [productID]
[ADMIN] [05/06/2017 18.09] [PENJUALAN] CASHIER FORM : Combobox_previewKeyDown, cashierDataGridView.CurrentCell.OwningColumn.Name  [productID]
[ADMIN] [05/06/2017 18.09] [PENJUALAN] CASHIER FORM : Combobox_previewKeyDown, cashierDataGridView.CurrentCell.OwningColumn.Name  [productID]
[ADMIN] [05/06/2017 18.09] [PENJUALAN] CASHIER FORM : Combobox_KeyUp, cashierDataGridView.CurrentCell.OwningColumn.Name  [productID]
[ADMIN] [05/06/2017 18.09] [PENJUALAN] CASHIER FORM : Combobox_KeyUp, cashierDataGridView.CurrentCell.OwningColumn.Name  [productID]
[ADMIN] [05/06/2017 18.09] [PENJUALAN] CASHIER FORM : Combobox_KeyUp, cashierDataGridView.CurrentCell.OwningColumn.Name  [productID]
[ADMIN] [05/06/2017 18.09] [PENJUALAN] CASHIER FORM : productName_previewKeyDown, cashierDataGridView.CurrentCell.OwningColumn.Name  [productName]
[ADMIN] [05/06/2017 18.09] [PENJUALAN] CASHIER FORM : cashierDataGridView_CellValueChanged [productName]
[ADMIN] [05/06/2017 18.09] [PENJUALAN] CASHIER FORM : updateSomeRowContents
[ADMIN] [05/06/2017 18.09] [PENJUALAN] CASHIER FORM : clearUpSomeRowContents
[ADMIN] [05/06/2017 18.09] [PENJUALAN] CASHIER FORM : cashierDataGridView_CellValueChanged [productName]
[ADMIN] [05/06/2017 18.09] [PENJUALAN] CASHIER FORM : cashierDataGridView_CellValueChanged [hpp]
[ADMIN] [05/06/2017 18.09] [PENJUALAN] CASHIER FORM : cashierDataGridView_CellValueChanged [productPrice]
[ADMIN] [05/06/2017 18.09] [PENJUALAN] CASHIER FORM : cashierDataGridView_CellValueChanged, previousInput [0]
[ADMIN] [05/06/2017 18.09] [PENJUALAN] CASHIER FORM : cashierDataGridView_CellValueChanged [qty]
[ADMIN] [05/06/2017 18.09] [PENJUALAN] CASHIER FORM : cashierDataGridView_CellValueChanged, previousInput [0]
[ADMIN] [05/06/2017 18.09] [PENJUALAN] CASHIER FORM : cashierDataGridView_CellValueChanged [disc1]
[ADMIN] [05/06/2017 18.09] [PENJUALAN] CASHIER FORM : cashierDataGridView_CellValueChanged, previousInput [0]
[ADMIN] [05/06/2017 18.09] [PENJUALAN] CASHIER FORM : cashierDataGridView_CellValueChanged [disc2]
[ADMIN] [05/06/2017 18.09] [PENJUALAN] CASHIER FORM : cashierDataGridView_CellValueChanged, previousInput [0]
[ADMIN] [05/06/2017 18.09] [PENJUALAN] CASHIER FORM : cashierDataGridView_CellValueChanged [discRP]
[ADMIN] [05/06/2017 18.09] [PENJUALAN] CASHIER FORM : cashierDataGridView_CellValueChanged, previousInput [0]
[ADMIN] [05/06/2017 18.09] [PENJUALAN] CASHIER FORM : cashierDataGridView_CellValueChanged [jumlah]
[ADMIN] [05/06/2017 18.09] [PENJUALAN] CASHIER FORM : calculateTotal
[ADMIN] [05/06/2017 18.09] [PENJUALAN] CASHIER FORM : calculateTotal [418000]
[ADMIN] [05/06/2017 18.09] [PENJUALAN] CASHIER FORM : calculateTotal, totalAfterDisc [418000]
[ADMIN] [05/06/2017 18.09] [PENJUALAN] CASHIER FORM : calculateChangeValue, bayarTextBox.Text [Rp0]
[ADMIN] [05/06/2017 18.09] [PENJUALAN] CASHIER FORM : calculateChangeValue, sisaBayar [0]
[ADMIN] [05/06/2017 18.09] [PENJUALAN] CASHIER FORM : Combobox_KeyUp, cashierDataGridView.CurrentCell.OwningColumn.Name  [productName]
[ADMIN] [05/06/2017 18.09] [PENJUALAN] CASHIER FORM : Combobox_KeyUp, cashierDataGridView.CurrentCell.OwningColumn.Name  [productName]
[ADMIN] [05/06/2017 18.09] [PENJUALAN] CASHIER FORM : Combobox_KeyUp, cashierDataGridView.CurrentCell.OwningColumn.Name  [productName]
[ADMIN] [05/06/2017 18.09] [PENJUALAN] CASHIER FORM : Combobox_KeyUp, cashierDataGridView.CurrentCell.OwningColumn.Name  [productName]
[ADMIN] [05/06/2017 18.09] [PENJUALAN] CASHIER FORM : productName_previewKeyDown, cashierDataGridView.CurrentCell.OwningColumn.Name  [productName]
[ADMIN] [05/06/2017 18.09] [PENJUALAN] CASHIER FORM : cashierDataGridView_CellValueChanged [productName]
[ADMIN] [05/06/2017 18.09] [PENJUALAN] CASHIER FORM : updateSomeRowContents
[ADMIN] [05/06/2017 18.09] [PENJUALAN] CASHIER FORM : clearUpSomeRowContents
[ADMIN] [05/06/2017 18.09] [PENJUALAN] CASHIER FORM : cashierDataGridView_CellValueChanged [productName]
[ADMIN] [05/06/2017 18.09] [PENJUALAN] CASHIER FORM : calculateTotal
[ADMIN] [05/06/2017 18.09] [PENJUALAN] CASHIER FORM : calculateTotal [418000]
[ADMIN] [05/06/2017 18.09] [PENJUALAN] CASHIER FORM : calculateTotal, totalAfterDisc [418000]
[ADMIN] [05/06/2017 18.09] [PENJUALAN] CASHIER FORM : calculateChangeValue, bayarTextBox.Text [Rp0]
[ADMIN] [05/06/2017 18.09] [PENJUALAN] CASHIER FORM : calculateChangeValue, sisaBayar [0]
[ADMIN] [05/06/2017 18.09] [PENJUALAN] CASHIER FORM : productName_previewKeyDown, cashierDataGridView.CurrentCell.OwningColumn.Name  [productName]
[ADMIN] [05/06/2017 18.09] [PENJUALAN] CASHIER FORM : cashierDataGridView_CellValueChanged [productName]
[ADMIN] [05/06/2017 18.09] [PENJUALAN] CASHIER FORM : updateSomeRowContents
[ADMIN] [05/06/2017 18.09] [PENJUALAN] CASHIER FORM : clearUpSomeRowContents
[ADMIN] [05/06/2017 18.09] [PENJUALAN] CASHIER FORM : cashierDataGridView_CellValueChanged [productName]
[ADMIN] [05/06/2017 18.09] [PENJUALAN] CASHIER FORM : calculateTotal
[ADMIN] [05/06/2017 18.09] [PENJUALAN] CASHIER FORM : calculateTotal [418000]
[ADMIN] [05/06/2017 18.09] [PENJUALAN] CASHIER FORM : calculateTotal, totalAfterDisc [418000]
[ADMIN] [05/06/2017 18.09] [PENJUALAN] CASHIER FORM : calculateChangeValue, bayarTextBox.Text [Rp0]
[ADMIN] [05/06/2017 18.09] [PENJUALAN] CASHIER FORM : calculateChangeValue, sisaBayar [0]
[ADMIN] [05/06/2017 18.09] [PENJUALAN] CASHIER FORM : Combobox_KeyUp, cashierDataGridView.CurrentCell.OwningColumn.Name  [productName]
[ADMIN] [05/06/2017 18.09] [PENJUALAN] CASHIER FORM : Combobox_KeyUp, cashierDataGridView.CurrentCell.OwningColumn.Name  [productName]
[ADMIN] [05/06/2017 18.09] [PENJUALAN] CASHIER FORM : Combobox_KeyUp, cashierDataGridView.CurrentCell.OwningColumn.Name  [productName]
[ADMIN] [05/06/2017 18.09] [PENJUALAN] CASHIER FORM : Combobox_KeyUp, cashierDataGridView.CurrentCell.OwningColumn.Name  [productName]
[ADMIN] [05/06/2017 18.09] [PENJUALAN] CASHIER FORM : Combobox_KeyUp, cashierDataGridView.CurrentCell.OwningColumn.Name  [productName]
[ADMIN] [05/06/2017 18.09] [PENJUALAN] CASHIER FORM : Combobox_KeyUp, cashierDataGridView.CurrentCell.OwningColumn.Name  [productName]
[ADMIN] [05/06/2017 18.09] [PENJUALAN] CASHIER FORM : Combobox_KeyUp, cashierDataGridView.CurrentCell.OwningColumn.Name  [productName]
[ADMIN] [05/06/2017 18.09] [PENJUALAN] CASHIER FORM : Combobox_KeyUp, cashierDataGridView.CurrentCell.OwningColumn.Name  [productName]
[ADMIN] [05/06/2017 18.09] [PENJUALAN] CASHIER FORM : productName_previewKeyDown, cashierDataGridView.CurrentCell.OwningColumn.Name  [productName]
[ADMIN] [05/06/2017 18.09] [PENJUALAN] CASHIER FORM : cashierDataGridView_CellValueChanged [productName]
[ADMIN] [05/06/2017 18.09] [PENJUALAN] CASHIER FORM : updateSomeRowContents
[ADMIN] [05/06/2017 18.09] [PENJUALAN] CASHIER FORM : clearUpSomeRowContents
[ADMIN] [05/06/2017 18.09] [PENJUALAN] CASHIER FORM : cashierDataGridView_CellValueChanged [productName]
[ADMIN] [05/06/2017 18.09] [PENJUALAN] CASHIER FORM : calculateTotal
[ADMIN] [05/06/2017 18.09] [PENJUALAN] CASHIER FORM : calculateTotal [418000]
[ADMIN] [05/06/2017 18.09] [PENJUALAN] CASHIER FORM : calculateTotal, totalAfterDisc [418000]
[ADMIN] [05/06/2017 18.09] [PENJUALAN] CASHIER FORM : calculateChangeValue, bayarTextBox.Text [Rp0]
[ADMIN] [05/06/2017 18.09] [PENJUALAN] CASHIER FORM : calculateChangeValue, sisaBayar [0]
[ADMIN] [05/06/2017 18.09] [PENJUALAN] CASHIER FORM : Combobox_KeyUp, cashierDataGridView.CurrentCell.OwningColumn.Name  [productName]
[ADMIN] [05/06/2017 18.09] [PENJUALAN] CASHIER FORM : Combobox_KeyUp, cashierDataGridView.CurrentCell.OwningColumn.Name  [productName]
[ADMIN] [05/06/2017 18.09] [PENJUALAN] CASHIER FORM : Combobox_KeyUp, cashierDataGridView.CurrentCell.OwningColumn.Name  [productName]
[ADMIN] [05/06/2017 18.09] [PENJUALAN] CASHIER FORM : Combobox_KeyUp, cashierDataGridView.CurrentCell.OwningColumn.Name  [productName]
[ADMIN] [05/06/2017 18.09] [PENJUALAN] CASHIER FORM : productName_previewKeyDown, cashierDataGridView.CurrentCell.OwningColumn.Name  [productName]
[ADMIN] [05/06/2017 18.09] [PENJUALAN] CASHIER FORM : cashierDataGridView_CellValueChanged [productName]
[ADMIN] [05/06/2017 18.09] [PENJUALAN] CASHIER FORM : updateSomeRowContents
[ADMIN] [05/06/2017 18.09] [PENJUALAN] CASHIER FORM : clearUpSomeRowContents
[ADMIN] [05/06/2017 18.09] [PENJUALAN] CASHIER FORM : cashierDataGridView_CellValueChanged [productName]
[ADMIN] [05/06/2017 18.09] [PENJUALAN] CASHIER FORM : calculateTotal
[ADMIN] [05/06/2017 18.09] [PENJUALAN] CASHIER FORM : calculateTotal [418000]
[ADMIN] [05/06/2017 18.09] [PENJUALAN] CASHIER FORM : calculateTotal, totalAfterDisc [418000]
[ADMIN] [05/06/2017 18.09] [PENJUALAN] CASHIER FORM : calculateChangeValue, bayarTextBox.Text [Rp0]
[ADMIN] [05/06/2017 18.09] [PENJUALAN] CASHIER FORM : calculateChangeValue, sisaBayar [0]
[ADMIN] [05/06/2017 18.09] [PENJUALAN] CASHIER FORM : Combobox_KeyUp, cashierDataGridView.CurrentCell.OwningColumn.Name  [productName]
[ADMIN] [05/06/2017 18.09] [PENJUALAN] CASHIER FORM : Combobox_KeyUp, cashierDataGridView.CurrentCell.OwningColumn.Name  [productName]
[ADMIN] [05/06/2017 18.09] [PENJUALAN] CASHIER FORM : Combobox_KeyUp, cashierDataGridView.CurrentCell.OwningColumn.Name  [productName]
[ADMIN] [05/06/2017 18.09] [PENJUALAN] CASHIER FORM : Combobox_KeyUp, cashierDataGridView.CurrentCell.OwningColumn.Name  [productName]
[ADMIN] [05/06/2017 18.09] [PENJUALAN] CASHIER FORM : productName_previewKeyDown, cashierDataGridView.CurrentCell.OwningColumn.Name  [productName]
[ADMIN] [05/06/2017 18.09] [PENJUALAN] CASHIER FORM : cashierDataGridView_CellValueChanged [productName]
[ADMIN] [05/06/2017 18.09] [PENJUALAN] CASHIER FORM : updateSomeRowContents
[ADMIN] [05/06/2017 18.09] [PENJUALAN] CASHIER FORM : clearUpSomeRowContents
[ADMIN] [05/06/2017 18.09] [PENJUALAN] CASHIER FORM : cashierDataGridView_CellValueChanged [productName]
[ADMIN] [05/06/2017 18.09] [PENJUALAN] CASHIER FORM : calculateTotal
[ADMIN] [05/06/2017 18.09] [PENJUALAN] CASHIER FORM : calculateTotal [418000]
[ADMIN] [05/06/2017 18.09] [PENJUALAN] CASHIER FORM : calculateTotal, totalAfterDisc [418000]
[ADMIN] [05/06/2017 18.09] [PENJUALAN] CASHIER FORM : calculateChangeValue, bayarTextBox.Text [Rp0]
[ADMIN] [05/06/2017 18.09] [PENJUALAN] CASHIER FORM : calculateChangeValue, sisaBayar [0]
[ADMIN] [05/06/2017 18.09] [PENJUALAN] CASHIER FORM : Combobox_KeyUp, cashierDataGridView.CurrentCell.OwningColumn.Name  [productName]
[ADMIN] [05/06/2017 18.09] [PENJUALAN] CASHIER FORM : Combobox_KeyUp, cashierDataGridView.CurrentCell.OwningColumn.Name  [productName]
[ADMIN] [05/06/2017 18.09] [PENJUALAN] CASHIER FORM : Combobox_KeyUp, cashierDataGridView.CurrentCell.OwningColumn.Name  [productName]
[ADMIN] [05/06/2017 18.09] [PENJUALAN] CASHIER FORM : Combobox_KeyUp, cashierDataGridView.CurrentCell.OwningColumn.Name  [productName]
[ADMIN] [05/06/2017 18.09] [PENJUALAN] CASHIER FORM : productName_previewKeyDown, cashierDataGridView.CurrentCell.OwningColumn.Name  [productName]
[ADMIN] [05/06/2017 18.09] [PENJUALAN] CASHIER FORM : UNREGISTER HOTKEY
[ADMIN] [05/06/2017 18.09] [PENJUALAN] CASHIER FORM : ADD NEW ROW FROM BARCODE [BANDIT ADLT DOG 1 KG]
[ADMIN] [05/06/2017 18.09] [PENJUALAN] CASHIER FORM : updateSomeRowContents
[ADMIN] [05/06/2017 18.09] [PENJUALAN] CASHIER FORM : cashierDataGridView_CellValueChanged [productID]
[ADMIN] [05/06/2017 18.09] [PENJUALAN] CASHIER FORM : cashierDataGridView_CellValueChanged [productName]
[ADMIN] [05/06/2017 18.09] [PENJUALAN] CASHIER FORM : updateSomeRowContents
[ADMIN] [05/06/2017 18.09] [PENJUALAN] CASHIER FORM : PRODUCT PRICE TYPE [PRODUCT_BASE_PRICE]
[ADMIN] [05/06/2017 18.09] [PENJUALAN] CASHIER FORM : PRODUCT PRICE [15000]
[ADMIN] [05/06/2017 18.09] [PENJUALAN] CASHIER FORM : ComboBox_SelectedIndexChanged, PRODUCT_BASE_PRICE [15000]
[ADMIN] [05/06/2017 18.09] [PENJUALAN] CASHIER FORM : cashierDataGridView_CellValueChanged [hpp]
[ADMIN] [05/06/2017 18.09] [PENJUALAN] CASHIER FORM : PRODUCT PRICE TYPE [PRODUCT_RETAIL_PRICE]
[ADMIN] [05/06/2017 18.09] [PENJUALAN] CASHIER FORM : PRODUCT PRICE [19000]
[ADMIN] [05/06/2017 18.09] [PENJUALAN] CASHIER FORM : ComboBox_SelectedIndexChanged, PRODUCT_SALES_PRICE [19000]
[ADMIN] [05/06/2017 18.09] [PENJUALAN] CASHIER FORM : cashierDataGridView_CellValueChanged [productPrice]
[ADMIN] [05/06/2017 18.09] [PENJUALAN] CASHIER FORM : cashierDataGridView_CellValueChanged, previousInput [0]
[ADMIN] [05/06/2017 18.09] [PENJUALAN] CASHIER FORM : cashierDataGridView_CellValueChanged, cellValue [19000]
[ADMIN] [05/06/2017 18.09] [PENJUALAN] CASHIER FORM : cashierDataGridView_CellValueChanged, dataGridViewTextBoxEditingControl.Text pass REGEX Checking
[ADMIN] [05/06/2017 18.09] [PENJUALAN] CASHIER FORM : CALCULATE SUBTOTAL
[ADMIN] [05/06/2017 18.09] [PENJUALAN] CASHIER FORM : SUBTOTAL [0]
[ADMIN] [05/06/2017 18.09] [PENJUALAN] CASHIER FORM : cashierDataGridView_CellValueChanged, subtotal value [0]
[ADMIN] [05/06/2017 18.09] [PENJUALAN] CASHIER FORM : cashierDataGridView_CellValueChanged, attempt to calculate total value
[ADMIN] [05/06/2017 18.09] [PENJUALAN] CASHIER FORM : calculateTotal
[ADMIN] [05/06/2017 18.09] [PENJUALAN] CASHIER FORM : calculateTotal [418000]
[ADMIN] [05/06/2017 18.09] [PENJUALAN] CASHIER FORM : calculateTotal, totalAfterDisc [418000]
[ADMIN] [05/06/2017 18.09] [PENJUALAN] CASHIER FORM : calculateChangeValue, bayarTextBox.Text [Rp0]
[ADMIN] [05/06/2017 18.09] [PENJUALAN] CASHIER FORM : calculateChangeValue, sisaBayar [0]
[ADMIN] [05/06/2017 18.09] [PENJUALAN] CASHIER FORM : cashierDataGridView_CellValueChanged [qty]
[ADMIN] [05/06/2017 18.09] [PENJUALAN] CASHIER FORM : cashierDataGridView_CellValueChanged, previousInput [0]
[ADMIN] [05/06/2017 18.09] [PENJUALAN] CASHIER FORM : cashierDataGridView_CellValueChanged [jumlah]
[ADMIN] [05/06/2017 18.09] [PENJUALAN] CASHIER FORM : calculateTotal
[ADMIN] [05/06/2017 18.09] [PENJUALAN] CASHIER FORM : calculateTotal [418000]
[ADMIN] [05/06/2017 18.09] [PENJUALAN] CASHIER FORM : calculateTotal, totalAfterDisc [418000]
[ADMIN] [05/06/2017 18.09] [PENJUALAN] CASHIER FORM : calculateChangeValue, bayarTextBox.Text [Rp0]
[ADMIN] [05/06/2017 18.09] [PENJUALAN] CASHIER FORM : calculateChangeValue, sisaBayar [0]
[ADMIN] [05/06/2017 18.09] [PENJUALAN] CASHIER FORM : CHECK STOCK QTY IS ENOUGH [BANDIT-AD1]
[ADMIN] [05/06/2017 18.09] [PENJUALAN] CASHIER FORM : CHECK STOCK QTY IS ENOUGH [22, 1]
[ADMIN] [05/06/2017 18.09] [PENJUALAN] CASHIER FORM : cashierDataGridView_CellValueChanged [qty]
[ADMIN] [05/06/2017 18.09] [PENJUALAN] CASHIER FORM : cashierDataGridView_CellValueChanged, previousInput [0]
[ADMIN] [05/06/2017 18.09] [PENJUALAN] CASHIER FORM : cashierDataGridView_CellValueChanged, cellValue [1]
[ADMIN] [05/06/2017 18.09] [PENJUALAN] CASHIER FORM : cashierDataGridView_CellValueChanged, dataGridViewTextBoxEditingControl.Text pass REGEX Checking
[ADMIN] [05/06/2017 18.09] [PENJUALAN] CASHIER FORM : CHECK STOCK QTY IS ENOUGH [BANDIT-AD1]
[ADMIN] [05/06/2017 18.09] [PENJUALAN] CASHIER FORM : CHECK STOCK QTY IS ENOUGH [22, 1]
[ADMIN] [05/06/2017 18.09] [PENJUALAN] CASHIER FORM : CALCULATE SUBTOTAL
[ADMIN] [05/06/2017 18.09] [PENJUALAN] CASHIER FORM : SUBTOTAL [19000]
[ADMIN] [05/06/2017 18.09] [PENJUALAN] CASHIER FORM : cashierDataGridView_CellValueChanged, subtotal value [19000]
[ADMIN] [05/06/2017 18.09] [PENJUALAN] CASHIER FORM : cashierDataGridView_CellValueChanged, attempt to calculate total value
[ADMIN] [05/06/2017 18.09] [PENJUALAN] CASHIER FORM : calculateTotal
[ADMIN] [05/06/2017 18.09] [PENJUALAN] CASHIER FORM : calculateTotal [437000]
[ADMIN] [05/06/2017 18.09] [PENJUALAN] CASHIER FORM : calculateTotal, totalAfterDisc [437000]
[ADMIN] [05/06/2017 18.09] [PENJUALAN] CASHIER FORM : calculateChangeValue, bayarTextBox.Text [Rp0]
[ADMIN] [05/06/2017 18.09] [PENJUALAN] CASHIER FORM : calculateChangeValue, sisaBayar [0]
[ADMIN] [05/06/2017 18.09] [PENJUALAN] CASHIER FORM : SET QTY TO 1 BECAUSE OF NEW ROW
[ADMIN] [05/06/2017 18.09] [PENJUALAN] CASHIER FORM : CALCULATE SUBTOTAL
[ADMIN] [05/06/2017 18.09] [PENJUALAN] CASHIER FORM : SUBTOTAL [19000]
[ADMIN] [05/06/2017 18.09] [PENJUALAN] CASHIER FORM : calculateTotal
[ADMIN] [05/06/2017 18.09] [PENJUALAN] CASHIER FORM : calculateTotal [437000]
[ADMIN] [05/06/2017 18.09] [PENJUALAN] CASHIER FORM : calculateTotal, totalAfterDisc [437000]
[ADMIN] [05/06/2017 18.09] [PENJUALAN] CASHIER FORM : calculateChangeValue, bayarTextBox.Text [Rp0]
[ADMIN] [05/06/2017 18.09] [PENJUALAN] CASHIER FORM : calculateChangeValue, sisaBayar [0]
[ADMIN] [05/06/2017 18.09] [PENJUALAN] CASHIER FORM : UPDATE ROW NUMBER, TOTAL ROW [3]
[ADMIN] [05/06/2017 18.09] [PENJUALAN] CASHIER FORM : cashierDataGridView_CellValueChanged [F8]
[ADMIN] [05/06/2017 18.09] [PENJUALAN] CASHIER FORM : REGISTER HOTKEY
[ADMIN] [05/06/2017 18.09] [PENJUALAN] CASHIER FORM : Combobox_KeyUp, cashierDataGridView.CurrentCell.OwningColumn.Name  [qty]
[ADMIN] [05/06/2017 18.09] [PENJUALAN] CASHIER FORM : Combobox_KeyUp, cashierDataGridView.CurrentCell.OwningColumn.Name  [qty]
[ADMIN] [05/06/2017 18.09] [PENJUALAN] CASHIER FORM : Combobox_KeyUp, cashierDataGridView.CurrentCell.OwningColumn.Name  [qty]
[ADMIN] [05/06/2017 18.09] [PENJUALAN] CASHIER FORM : Combobox_KeyUp, cashierDataGridView.CurrentCell.OwningColumn.Name  [qty]
[ADMIN] [05/06/2017 18.09] [PENJUALAN] CASHIER FORM : cashierDataGridView_CellValueChanged [qty]
[ADMIN] [05/06/2017 18.09] [PENJUALAN] CASHIER FORM : cashierDataGridView_CellValueChanged, previousInput [1]
[ADMIN] [05/06/2017 18.09] [PENJUALAN] CASHIER FORM : cashierDataGridView_CellValueChanged, dataGridViewTextBoxEditingControl.Text pass REGEX Checking
[ADMIN] [05/06/2017 18.09] [PENJUALAN] CASHIER FORM : CHECK STOCK QTY IS ENOUGH [BANDIT-AD1]
[ADMIN] [05/06/2017 18.09] [PENJUALAN] CASHIER FORM : CHECK STOCK QTY IS ENOUGH [22, 2]
[ADMIN] [05/06/2017 18.09] [PENJUALAN] CASHIER FORM : CALCULATE SUBTOTAL
[ADMIN] [05/06/2017 18.09] [PENJUALAN] CASHIER FORM : SUBTOTAL [38000]
[ADMIN] [05/06/2017 18.09] [PENJUALAN] CASHIER FORM : cashierDataGridView_CellValueChanged, subtotal value [38000]
[ADMIN] [05/06/2017 18.09] [PENJUALAN] CASHIER FORM : cashierDataGridView_CellValueChanged, attempt to calculate total value
[ADMIN] [05/06/2017 18.09] [PENJUALAN] CASHIER FORM : calculateTotal
[ADMIN] [05/06/2017 18.09] [PENJUALAN] CASHIER FORM : calculateTotal [456000]
[ADMIN] [05/06/2017 18.09] [PENJUALAN] CASHIER FORM : calculateTotal, totalAfterDisc [456000]
[ADMIN] [05/06/2017 18.09] [PENJUALAN] CASHIER FORM : calculateChangeValue, bayarTextBox.Text [Rp0]
[ADMIN] [05/06/2017 18.09] [PENJUALAN] CASHIER FORM : calculateChangeValue, sisaBayar [0]
[ADMIN] [05/06/2017 18.09] [PENJUALAN] CASHIER FORM : Combobox_KeyUp, cashierDataGridView.CurrentCell.OwningColumn.Name  [qty]
[ADMIN] [05/06/2017 18.09] [PENJUALAN] CASHIER FORM : Combobox_KeyUp, cashierDataGridView.CurrentCell.OwningColumn.Name  [qty]
[ADMIN] [05/06/2017 18.09] [PENJUALAN] CASHIER FORM : Combobox_KeyUp, cashierDataGridView.CurrentCell.OwningColumn.Name  [qty]
[ADMIN] [05/06/2017 18.09] [PENJUALAN] CASHIER FORM : Combobox_KeyUp, cashierDataGridView.CurrentCell.OwningColumn.Name  [qty]
[ADMIN] [05/06/2017 18.09] [PENJUALAN] CASHIER FORM : calculateChangeValue, bayarTextBox.Text [0]
[ADMIN] [05/06/2017 18.09] [PENJUALAN] CASHIER FORM : calculateChangeValue, sisaBayar [0]
[ADMIN] [05/06/2017 18.09] [PENJUALAN] CASHIER FORM : calculateChangeValue, bayarTextBox.Text [4]
[ADMIN] [05/06/2017 18.09] [PENJUALAN] CASHIER FORM : calculateChangeValue, sisaBayar [0]
[ADMIN] [05/06/2017 18.09] [PENJUALAN] CASHIER FORM : calculateChangeValue, bayarTextBox.Text [45]
[ADMIN] [05/06/2017 18.09] [PENJUALAN] CASHIER FORM : calculateChangeValue, sisaBayar [0]
[ADMIN] [05/06/2017 18.09] [PENJUALAN] CASHIER FORM : calculateChangeValue, bayarTextBox.Text [456]
[ADMIN] [05/06/2017 18.09] [PENJUALAN] CASHIER FORM : calculateChangeValue, sisaBayar [0]
[ADMIN] [05/06/2017 18.09] [PENJUALAN] CASHIER FORM : calculateChangeValue, bayarTextBox.Text [4560]
[ADMIN] [05/06/2017 18.09] [PENJUALAN] CASHIER FORM : calculateChangeValue, sisaBayar [0]
[ADMIN] [05/06/2017 18.09] [PENJUALAN] CASHIER FORM : calculateChangeValue, bayarTextBox.Text [45600]
[ADMIN] [05/06/2017 18.09] [PENJUALAN] CASHIER FORM : calculateChangeValue, sisaBayar [0]
[ADMIN] [05/06/2017 18.09] [PENJUALAN] CASHIER FORM : calculateChangeValue, bayarTextBox.Text [456000]
[ADMIN] [05/06/2017 18.09] [PENJUALAN] CASHIER FORM : calculateChangeValue, sisaBayar [0]
[ADMIN] [05/06/2017 18.10] [PENJUALAN] CASHIER FORM : HOTKEY TO SAVE AND PRINT OUT INVOICE PRESSED
[ADMIN] [05/06/2017 18.10] [PENJUALAN] CASHIER FORM : UNREGISTER HOTKEY
[ADMIN] [05/06/2017 18.10] [PENJUALAN] CASHIER FORM : REGISTER HOTKEY
[ADMIN] [05/06/2017 18.10] [PENJUALAN] ATTEMPT TO SAVE AND PRINT OUT INVOICE
[ADMIN] [05/06/2017 18.10] [PENJUALAN] CASHIER FORM : UNREGISTER HOTKEY
[ADMIN] [05/06/2017 18.10] [PENJUALAN] CASHIER FORM : REGISTER HOTKEY
[ADMIN] [05/06/2017 18.10] [PENJUALAN] CASHIER FORM : UNREGISTER HOTKEY
[ADMIN] [05/06/2017 18.10] [PENJUALAN] CASHIER FORM : ATTEMPT TO SAVE SALES DATA [05-06-2017 18:10]
[ADMIN] [05/06/2017 18.10] [PENJUALAN] CASHIER FORM : SALES DISC FINAL [0]
[ADMIN] [05/06/2017 18.10] [PENJUALAN] CASHIER FORM : CASH SALES
[ADMIN] [05/06/2017 18.10] [PENJUALAN] CHECK IF TAX LIMIT SET FOR PERCENTAGE PURCHASE [0]
[ADMIN] [05/06/2017 18.10] [PENJUALAN] CHECK IF TAX LIMIT SET FOR AVERAGE DAILY PURCHASE [0]
[ADMIN] [05/06/2017 18.10] [PENJUALAN] CASHIER FORM : NO FAKTUR [SLO001]
[ADMIN] [05/06/2017 18.10] [PENJUALAN] CASHIER FORM : MAX SALES INVOICE [325]
[ADMIN] [05/06/2017 18.10] [PENJUALAN] CASHIER FORM : SALES INVOICE [SLO001-326]
[ADMIN] [05/06/2017 18.10] [PENJUALAN] INSERT INTO SALES HEADER [SLO001-326]
[ADMIN] [05/06/2017 18.10] [PENJUALAN] INSERT INTO SALES DETAIL[BANDIT-AD1, 19000, 22]
[ADMIN] [05/06/2017 18.10] [PENJUALAN] REDUCE STOCK AT MASTER PRODUCT [BANDIT-AD1]
[ADMIN] [05/06/2017 18.10] [PENJUALAN] REDUCE STOCK AT PRODUCT_EXPIRY LOT [2316]
[ADMIN] [05/06/2017 18.10] [PENJUALAN] SAVE PRODUCT LOT INFORMATION FOR EACH ITEM AND AMOUNT
[ADMIN] [05/06/2017 18.10] [PENJUALAN] INSERT INTO SALES DETAIL[BANDIT-AD1, 19000, 2]
[ADMIN] [05/06/2017 18.10] [PENJUALAN] REDUCE STOCK AT MASTER PRODUCT [BANDIT-AD1]
[ADMIN] [05/06/2017 18.10] [PENJUALAN] REDUCE STOCK AT PRODUCT_EXPIRY LOT [2316]
[ADMIN] [05/06/2017 18.10] [PENJUALAN] SAVE PRODUCT LOT INFORMATION FOR EACH ITEM AND AMOUNT
[ADMIN] [05/06/2017 18.10] [PENJUALAN] INSERT TO CREDIT TABLE [SLO001-326]
[ADMIN] [05/06/2017 18.10] [PENJUALAN] INSERT TO DAILY JOURNAL TABLE [456000]
[ADMIN] [05/06/2017 18.10] [PENJUALAN] CASHIER FORM : REGISTER HOTKEY
[ADMIN] [05/06/2017 18.10] [PENJUALAN] TRANSACTION SAVED
[ADMIN] [05/06/2017 18.10] [PENJUALAN] PRINT OUT INVOICE
[ADMIN] [05/06/2017 18.10] [PENJUALAN] CASHIER FORM : PrintReceipt
[ADMIN] [05/06/2017 18.10] [PENJUALAN] CASHIER FORM : PrintReceipt, POS size Paper
[ADMIN] [05/06/2017 18.10] [PENJUALAN] CASHIER FORM : loadInfoToko
[ADMIN] [05/06/2017 18.10] [PENJUALAN] CASHIER FORM : calculatePageLength, totalLengthPage [397]
[ADMIN] [05/06/2017 18.10] [PENJUALAN] CASHIER FORM : UNREGISTER HOTKEY
[ADMIN] [05/06/2017 18.10] [PENJUALAN] CASHIER FORM : REGISTER HOTKEY
[ADMIN] [05/06/2017 18.10] [PENJUALAN] CASHIER FORM : UNREGISTER HOTKEY
[ADMIN] [05/06/2017 18.10] [PENJUALAN] CASHIER FORM : printDocument1_PrintPage, print POS size receipt
[ADMIN] [05/06/2017 18.10] [PENJUALAN] CASHIER FORM : loadInfoToko
[ADMIN] [05/06/2017 18.10] [PENJUALAN] CASHIER FORM : loadNamaUser
[ADMIN] [05/06/2017 18.10] [PENJUALAN] CASHIER FORM : UPDATE ROW NUMBER, TOTAL ROW [1]
[ADMIN] [05/06/2017 18.10] [PENJUALAN] CASHIER FORM : loadNoFaktur, noFakturValue [SLO001]
[ADMIN] [05/06/2017 18.10] [PENJUALAN] CASHIER FORM : REGISTER HOTKEY
[ADMIN] [05/06/2017 18.10] [PENJUALAN] CASHIER FORM : UNREGISTER HOTKEY
[ADMIN] [05/06/2017 18.12] [PENJUALAN] CASHIER FORM : REGISTER HOTKEY
[ADMIN] [05/06/2017 18.12] [PENJUALAN] CASHIER FORM : UNREGISTER HOTKEY
[ADMIN] [05/06/2017 18.17] [PENJUALAN] CASHIER FORM : REGISTER HOTKEY
[ADMIN] [05/06/2017 18.17] [PENJUALAN] CASHIER FORM : UNREGISTER HOTKEY
[ADMIN] [05/06/2017 18.18] [PENJUALAN] CASHIER FORM : REGISTER HOTKEY
[ADMIN] [05/06/2017 18.19] [PENJUALAN] CASHIER FORM : UNREGISTER HOTKEY
[ADMIN] [05/06/2017 18.19] [PENJUALAN] CASHIER FORM : REGISTER HOTKEY
[ADMIN] [05/06/2017 18.19] [PENJUALAN] CASHIER FORM : HOTKEY TO OPEN PRODUK SEARCH FORM PRESSED
[ADMIN] [05/06/2017 18.19] [PENJUALAN] CASHIER FORM : UNREGISTER HOTKEY
[ADMIN] [05/06/2017 18.20] [PENJUALAN] CASHIER FORM : REGISTER HOTKEY
[ADMIN] [05/06/2017 18.20] [PENJUALAN] CASHIER FORM : UNREGISTER HOTKEY
[ADMIN] [05/06/2017 18.20] [PENJUALAN] CASHIER FORM : UNREGISTER HOTKEY
[ADMIN] [05/06/2017 18.22] [PENJUALAN] CASHIER FORM : MULTIPLE CASHIER INSTANCE [1]
[ADMIN] [05/06/2017 18.22] [PENJUALAN] CASHIER FORM : REGISTER HOTKEY
[ADMIN] [05/06/2017 18.22] [PENJUALAN] CASHIER FORM : cashierForm_Load, ATTEMPT TO LOAD NO FAKTUR
[ADMIN] [05/06/2017 18.22] [PENJUALAN] CASHIER FORM : loadNoFaktur, noFakturValue [SLO001]
[ADMIN] [05/06/2017 18.22] [PENJUALAN] CASHIER FORM : cashierForm_Load, ATTEMPT TO addColumnToDataGrid
[ADMIN] [05/06/2017 18.22] [PENJUALAN] CASHIER FORM : UPDATE ROW NUMBER, TOTAL ROW [1]
[ADMIN] [05/06/2017 18.22] [PENJUALAN] CASHIER FORM : REGISTER HOTKEY
[ADMIN] [05/06/2017 18.22] [PENJUALAN] CASHIER FORM : HOTKEY TO OPEN PRODUK SEARCH FORM PRESSED
[ADMIN] [05/06/2017 18.22] [PENJUALAN] CASHIER FORM : UNREGISTER HOTKEY
[ADMIN] [05/06/2017 18.22] [PENJUALAN] CASHIER FORM : ADD NEW ROW FROM BARCODE [BANDIT ADLT DOG 1 KG]
[ADMIN] [05/06/2017 18.22] [PENJUALAN] CASHIER FORM : REGISTER HOTKEY
[ADMIN] [05/06/2017 18.22] [PENJUALAN] CASHIER FORM : ADD NEW ROW,  isActive [False]
[ADMIN] [05/06/2017 18.22] [PENJUALAN] CASHIER FORM : ADD NEW ROW,  ROW COUNT [0]
[ADMIN] [05/06/2017 18.22] [PENJUALAN] CASHIER FORM : ADD NEW ROW,  ALLOW TO ADD [True]
[ADMIN] [05/06/2017 18.22] [PENJUALAN] CASHIER FORM : UPDATE ROW NUMBER, TOTAL ROW [1]
[ADMIN] [05/06/2017 18.22] [PENJUALAN] CASHIER FORM : cashierDataGridView_CellValueChanged [F8]
[ADMIN] [05/06/2017 18.22] [PENJUALAN] CASHIER FORM : cashierDataGridView_CellValueChanged [hpp]
[ADMIN] [05/06/2017 18.22] [PENJUALAN] CASHIER FORM : cashierDataGridView_CellValueChanged [productPrice]
[ADMIN] [05/06/2017 18.22] [PENJUALAN] CASHIER FORM : cashierDataGridView_CellValueChanged, previousInput [0]
[ADMIN] [05/06/2017 18.22] [PENJUALAN] CASHIER FORM : cashierDataGridView_CellValueChanged [qty]
[ADMIN] [05/06/2017 18.22] [PENJUALAN] CASHIER FORM : cashierDataGridView_CellValueChanged, previousInput [0]
[ADMIN] [05/06/2017 18.22] [PENJUALAN] CASHIER FORM : cashierDataGridView_CellValueChanged [jumlah]
[ADMIN] [05/06/2017 18.22] [PENJUALAN] CASHIER FORM : NEW ROW ADDED [0]
[ADMIN] [05/06/2017 18.22] [PENJUALAN] CASHIER FORM : updateSomeRowContents
[ADMIN] [05/06/2017 18.22] [PENJUALAN] CASHIER FORM : cashierDataGridView_CellValueChanged [productID]
[ADMIN] [05/06/2017 18.22] [PENJUALAN] CASHIER FORM : cashierDataGridView_CellValueChanged [productName]
[ADMIN] [05/06/2017 18.22] [PENJUALAN] CASHIER FORM : updateSomeRowContents
[ADMIN] [05/06/2017 18.22] [PENJUALAN] CASHIER FORM : PRODUCT PRICE TYPE [PRODUCT_BASE_PRICE]
[ADMIN] [05/06/2017 18.22] [PENJUALAN] CASHIER FORM : PRODUCT PRICE [15000]
[ADMIN] [05/06/2017 18.22] [PENJUALAN] CASHIER FORM : ComboBox_SelectedIndexChanged, PRODUCT_BASE_PRICE [15000]
[ADMIN] [05/06/2017 18.22] [PENJUALAN] CASHIER FORM : cashierDataGridView_CellValueChanged [hpp]
[ADMIN] [05/06/2017 18.22] [PENJUALAN] CASHIER FORM : PRODUCT PRICE TYPE [PRODUCT_RETAIL_PRICE]
[ADMIN] [05/06/2017 18.22] [PENJUALAN] CASHIER FORM : PRODUCT PRICE [19000]
[ADMIN] [05/06/2017 18.22] [PENJUALAN] CASHIER FORM : ComboBox_SelectedIndexChanged, PRODUCT_SALES_PRICE [19000]
[ADMIN] [05/06/2017 18.22] [PENJUALAN] CASHIER FORM : cashierDataGridView_CellValueChanged [productPrice]
[ADMIN] [05/06/2017 18.22] [PENJUALAN] CASHIER FORM : cashierDataGridView_CellValueChanged, previousInput [0]
[ADMIN] [05/06/2017 18.22] [PENJUALAN] CASHIER FORM : cashierDataGridView_CellValueChanged, cellValue [19000]
[ADMIN] [05/06/2017 18.22] [PENJUALAN] CASHIER FORM : cashierDataGridView_CellValueChanged, dataGridViewTextBoxEditingControl.Text pass REGEX Checking
[ADMIN] [05/06/2017 18.22] [PENJUALAN] CASHIER FORM : CALCULATE SUBTOTAL
[ADMIN] [05/06/2017 18.22] [PENJUALAN] CASHIER FORM : SUBTOTAL [0]
[ADMIN] [05/06/2017 18.22] [PENJUALAN] CASHIER FORM : cashierDataGridView_CellValueChanged, subtotal value [0]
[ADMIN] [05/06/2017 18.22] [PENJUALAN] CASHIER FORM : cashierDataGridView_CellValueChanged, attempt to calculate total value
[ADMIN] [05/06/2017 18.22] [PENJUALAN] CASHIER FORM : calculateTotal
[ADMIN] [05/06/2017 18.22] [PENJUALAN] CASHIER FORM : calculateTotal [0]
[ADMIN] [05/06/2017 18.22] [PENJUALAN] CASHIER FORM : calculateTotal, totalAfterDisc [0]
[ADMIN] [05/06/2017 18.22] [PENJUALAN] CASHIER FORM : calculateChangeValue, bayarTextBox.Text [0]
[ADMIN] [05/06/2017 18.22] [PENJUALAN] CASHIER FORM : calculateChangeValue, sisaBayar [0]
[ADMIN] [05/06/2017 18.22] [PENJUALAN] CASHIER FORM : cashierDataGridView_CellValueChanged [qty]
[ADMIN] [05/06/2017 18.22] [PENJUALAN] CASHIER FORM : cashierDataGridView_CellValueChanged, previousInput [0]
[ADMIN] [05/06/2017 18.22] [PENJUALAN] CASHIER FORM : cashierDataGridView_CellValueChanged [jumlah]
[ADMIN] [05/06/2017 18.22] [PENJUALAN] CASHIER FORM : calculateTotal
[ADMIN] [05/06/2017 18.22] [PENJUALAN] CASHIER FORM : calculateTotal [0]
[ADMIN] [05/06/2017 18.22] [PENJUALAN] CASHIER FORM : calculateTotal, totalAfterDisc [0]
[ADMIN] [05/06/2017 18.22] [PENJUALAN] CASHIER FORM : calculateChangeValue, bayarTextBox.Text [0]
[ADMIN] [05/06/2017 18.22] [PENJUALAN] CASHIER FORM : calculateChangeValue, sisaBayar [0]
[ADMIN] [05/06/2017 18.22] [PENJUALAN] CASHIER FORM : CHECK STOCK QTY IS ENOUGH [BANDIT-AD1]
[ADMIN] [05/06/2017 18.22] [PENJUALAN] CASHIER FORM : CHECK STOCK QTY IS ENOUGH [22, 1]
[ADMIN] [05/06/2017 18.22] [PENJUALAN] CASHIER FORM : cashierDataGridView_CellValueChanged [qty]
[ADMIN] [05/06/2017 18.22] [PENJUALAN] CASHIER FORM : cashierDataGridView_CellValueChanged, previousInput [0]
[ADMIN] [05/06/2017 18.22] [PENJUALAN] CASHIER FORM : cashierDataGridView_CellValueChanged, cellValue [1]
[ADMIN] [05/06/2017 18.22] [PENJUALAN] CASHIER FORM : cashierDataGridView_CellValueChanged, dataGridViewTextBoxEditingControl.Text pass REGEX Checking
[ADMIN] [05/06/2017 18.22] [PENJUALAN] CASHIER FORM : CHECK STOCK QTY IS ENOUGH [BANDIT-AD1]
[ADMIN] [05/06/2017 18.22] [PENJUALAN] CASHIER FORM : CHECK STOCK QTY IS ENOUGH [22, 1]
[ADMIN] [05/06/2017 18.22] [PENJUALAN] CASHIER FORM : CALCULATE SUBTOTAL
[ADMIN] [05/06/2017 18.22] [PENJUALAN] CASHIER FORM : SUBTOTAL [19000]
[ADMIN] [05/06/2017 18.22] [PENJUALAN] CASHIER FORM : cashierDataGridView_CellValueChanged, subtotal value [19000]
[ADMIN] [05/06/2017 18.22] [PENJUALAN] CASHIER FORM : cashierDataGridView_CellValueChanged, attempt to calculate total value
[ADMIN] [05/06/2017 18.22] [PENJUALAN] CASHIER FORM : calculateTotal
[ADMIN] [05/06/2017 18.22] [PENJUALAN] CASHIER FORM : calculateTotal [19000]
[ADMIN] [05/06/2017 18.22] [PENJUALAN] CASHIER FORM : calculateTotal, totalAfterDisc [19000]
[ADMIN] [05/06/2017 18.22] [PENJUALAN] CASHIER FORM : calculateChangeValue, bayarTextBox.Text [0]
[ADMIN] [05/06/2017 18.22] [PENJUALAN] CASHIER FORM : calculateChangeValue, sisaBayar [0]
[ADMIN] [05/06/2017 18.22] [PENJUALAN] CASHIER FORM : SET QTY TO 1 BECAUSE OF NEW ROW
[ADMIN] [05/06/2017 18.22] [PENJUALAN] CASHIER FORM : CALCULATE SUBTOTAL
[ADMIN] [05/06/2017 18.22] [PENJUALAN] CASHIER FORM : SUBTOTAL [19000]
[ADMIN] [05/06/2017 18.22] [PENJUALAN] CASHIER FORM : calculateTotal
[ADMIN] [05/06/2017 18.22] [PENJUALAN] CASHIER FORM : calculateTotal [19000]
[ADMIN] [05/06/2017 18.22] [PENJUALAN] CASHIER FORM : calculateTotal, totalAfterDisc [19000]
[ADMIN] [05/06/2017 18.22] [PENJUALAN] CASHIER FORM : calculateChangeValue, bayarTextBox.Text [0]
[ADMIN] [05/06/2017 18.22] [PENJUALAN] CASHIER FORM : calculateChangeValue, sisaBayar [0]
[ADMIN] [05/06/2017 18.22] [PENJUALAN] CASHIER FORM : UPDATE ROW NUMBER, TOTAL ROW [2]
[ADMIN] [05/06/2017 18.22] [PENJUALAN] CASHIER FORM : cashierDataGridView_CellValueChanged [F8]
[ADMIN] [05/06/2017 18.22] [PENJUALAN] CASHIER FORM : cashierDataGridView_CellValueChanged [qty]
[ADMIN] [05/06/2017 18.22] [PENJUALAN] CASHIER FORM : cashierDataGridView_CellValueChanged, previousInput [1]
[ADMIN] [05/06/2017 18.22] [PENJUALAN] CASHIER FORM : cashierDataGridView_CellValueChanged, dataGridViewTextBoxEditingControl.Text pass REGEX Checking
[ADMIN] [05/06/2017 18.22] [PENJUALAN] CASHIER FORM : CHECK STOCK QTY IS ENOUGH [BANDIT-AD1]
[ADMIN] [05/06/2017 18.22] [PENJUALAN] CASHIER FORM : CHECK STOCK QTY IS ENOUGH [22, 2]
[ADMIN] [05/06/2017 18.22] [PENJUALAN] CASHIER FORM : CALCULATE SUBTOTAL
[ADMIN] [05/06/2017 18.22] [PENJUALAN] CASHIER FORM : SUBTOTAL [38000]
[ADMIN] [05/06/2017 18.22] [PENJUALAN] CASHIER FORM : cashierDataGridView_CellValueChanged, subtotal value [38000]
[ADMIN] [05/06/2017 18.22] [PENJUALAN] CASHIER FORM : cashierDataGridView_CellValueChanged, attempt to calculate total value
[ADMIN] [05/06/2017 18.22] [PENJUALAN] CASHIER FORM : calculateTotal
[ADMIN] [05/06/2017 18.22] [PENJUALAN] CASHIER FORM : calculateTotal [38000]
[ADMIN] [05/06/2017 18.22] [PENJUALAN] CASHIER FORM : calculateTotal, totalAfterDisc [38000]
[ADMIN] [05/06/2017 18.22] [PENJUALAN] CASHIER FORM : calculateChangeValue, bayarTextBox.Text [0]
[ADMIN] [05/06/2017 18.22] [PENJUALAN] CASHIER FORM : calculateChangeValue, sisaBayar [0]
[ADMIN] [05/06/2017 18.22] [PENJUALAN] CASHIER FORM : Combobox_KeyUp, cashierDataGridView.CurrentCell.OwningColumn.Name  [qty]
[ADMIN] [05/06/2017 18.22] [PENJUALAN] CASHIER FORM : cashierDataGridView_CellValueChanged [qty]
[ADMIN] [05/06/2017 18.22] [PENJUALAN] CASHIER FORM : cashierDataGridView_CellValueChanged, previousInput [2]
[ADMIN] [05/06/2017 18.22] [PENJUALAN] CASHIER FORM : cashierDataGridView_CellValueChanged, dataGridViewTextBoxEditingControl.Text pass REGEX Checking
[ADMIN] [05/06/2017 18.22] [PENJUALAN] CASHIER FORM : CHECK STOCK QTY IS ENOUGH [BANDIT-AD1]
[ADMIN] [05/06/2017 18.22] [PENJUALAN] CASHIER FORM : CHECK STOCK QTY IS ENOUGH [22, 22]
[ADMIN] [05/06/2017 18.22] [PENJUALAN] CASHIER FORM : CALCULATE SUBTOTAL
[ADMIN] [05/06/2017 18.22] [PENJUALAN] CASHIER FORM : SUBTOTAL [418000]
[ADMIN] [05/06/2017 18.22] [PENJUALAN] CASHIER FORM : cashierDataGridView_CellValueChanged, subtotal value [418000]
[ADMIN] [05/06/2017 18.22] [PENJUALAN] CASHIER FORM : cashierDataGridView_CellValueChanged, attempt to calculate total value
[ADMIN] [05/06/2017 18.22] [PENJUALAN] CASHIER FORM : calculateTotal
[ADMIN] [05/06/2017 18.22] [PENJUALAN] CASHIER FORM : calculateTotal [418000]
[ADMIN] [05/06/2017 18.22] [PENJUALAN] CASHIER FORM : calculateTotal, totalAfterDisc [418000]
[ADMIN] [05/06/2017 18.22] [PENJUALAN] CASHIER FORM : calculateChangeValue, bayarTextBox.Text [0]
[ADMIN] [05/06/2017 18.22] [PENJUALAN] CASHIER FORM : calculateChangeValue, sisaBayar [0]
[ADMIN] [05/06/2017 18.22] [PENJUALAN] CASHIER FORM : Combobox_KeyUp, cashierDataGridView.CurrentCell.OwningColumn.Name  [qty]
[ADMIN] [05/06/2017 18.22] [PENJUALAN] CASHIER FORM : Combobox_previewKeyDown, cashierDataGridView.CurrentCell.OwningColumn.Name  [productID]
[ADMIN] [05/06/2017 18.22] [PENJUALAN] CASHIER FORM : UPDATE ROW NUMBER, TOTAL ROW [3]
[ADMIN] [05/06/2017 18.22] [PENJUALAN] CASHIER FORM : cashierDataGridView_CellValueChanged [F8]
[ADMIN] [05/06/2017 18.22] [PENJUALAN] CASHIER FORM : cashierDataGridView_CellValueChanged [productID]
[ADMIN] [05/06/2017 18.22] [PENJUALAN] CASHIER FORM : Combobox_previewKeyDown, cashierDataGridView.CurrentCell.OwningColumn.Name  [productID]
[ADMIN] [05/06/2017 18.22] [PENJUALAN] CASHIER FORM : cashierDataGridView_CellValueChanged [productID]
[ADMIN] [05/06/2017 18.22] [PENJUALAN] CASHIER FORM : Combobox_KeyUp, cashierDataGridView.CurrentCell.OwningColumn.Name  [productID]
[ADMIN] [05/06/2017 18.22] [PENJUALAN] CASHIER FORM : Combobox_KeyUp, cashierDataGridView.CurrentCell.OwningColumn.Name  [productID]
[ADMIN] [05/06/2017 18.22] [PENJUALAN] CASHIER FORM : Combobox_previewKeyDown, cashierDataGridView.CurrentCell.OwningColumn.Name  [productID]
[ADMIN] [05/06/2017 18.22] [PENJUALAN] CASHIER FORM : cashierDataGridView_CellValueChanged [productID]
[ADMIN] [05/06/2017 18.22] [PENJUALAN] CASHIER FORM : Combobox_KeyUp, cashierDataGridView.CurrentCell.OwningColumn.Name  [productID]
[ADMIN] [05/06/2017 18.22] [PENJUALAN] CASHIER FORM : Combobox_KeyUp, cashierDataGridView.CurrentCell.OwningColumn.Name  [productID]
[ADMIN] [05/06/2017 18.22] [PENJUALAN] CASHIER FORM : Combobox_previewKeyDown, cashierDataGridView.CurrentCell.OwningColumn.Name  [productID]
[ADMIN] [05/06/2017 18.22] [PENJUALAN] CASHIER FORM : cashierDataGridView_CellValueChanged [productID]
[ADMIN] [05/06/2017 18.22] [PENJUALAN] CASHIER FORM : Combobox_KeyUp, cashierDataGridView.CurrentCell.OwningColumn.Name  [productID]
[ADMIN] [05/06/2017 18.22] [PENJUALAN] CASHIER FORM : Combobox_KeyUp, cashierDataGridView.CurrentCell.OwningColumn.Name  [productID]
[ADMIN] [05/06/2017 18.22] [PENJUALAN] CASHIER FORM : Combobox_previewKeyDown, cashierDataGridView.CurrentCell.OwningColumn.Name  [productID]
[ADMIN] [05/06/2017 18.22] [PENJUALAN] CASHIER FORM : cashierDataGridView_CellValueChanged [productID]
[ADMIN] [05/06/2017 18.22] [PENJUALAN] CASHIER FORM : Combobox_KeyUp, cashierDataGridView.CurrentCell.OwningColumn.Name  [productID]
[ADMIN] [05/06/2017 18.22] [PENJUALAN] CASHIER FORM : Combobox_KeyUp, cashierDataGridView.CurrentCell.OwningColumn.Name  [productID]
[ADMIN] [05/06/2017 18.22] [PENJUALAN] CASHIER FORM : Combobox_KeyUp, cashierDataGridView.CurrentCell.OwningColumn.Name  [productID]
[ADMIN] [05/06/2017 18.22] [PENJUALAN] CASHIER FORM : Combobox_KeyUp, cashierDataGridView.CurrentCell.OwningColumn.Name  [productID]
[ADMIN] [05/06/2017 18.22] [PENJUALAN] CASHIER FORM : Combobox_previewKeyDown, cashierDataGridView.CurrentCell.OwningColumn.Name  [productID]
[ADMIN] [05/06/2017 18.22] [PENJUALAN] CASHIER FORM : cashierDataGridView_CellValueChanged [productID]
[ADMIN] [05/06/2017 18.22] [PENJUALAN] CASHIER FORM : Combobox_KeyUp, cashierDataGridView.CurrentCell.OwningColumn.Name  [productID]
[ADMIN] [05/06/2017 18.22] [PENJUALAN] CASHIER FORM : Combobox_KeyUp, cashierDataGridView.CurrentCell.OwningColumn.Name  [productID]
[ADMIN] [05/06/2017 18.23] [PENJUALAN] CASHIER FORM : Combobox_previewKeyDown, cashierDataGridView.CurrentCell.OwningColumn.Name  [productID]
[ADMIN] [05/06/2017 18.23] [PENJUALAN] CASHIER FORM : cashierDataGridView_CellValueChanged [productID]
[ADMIN] [05/06/2017 18.23] [PENJUALAN] CASHIER FORM : Combobox_KeyUp, cashierDataGridView.CurrentCell.OwningColumn.Name  [productID]
[ADMIN] [05/06/2017 18.23] [PENJUALAN] CASHIER FORM : Combobox_KeyUp, cashierDataGridView.CurrentCell.OwningColumn.Name  [productID]
[ADMIN] [05/06/2017 18.23] [PENJUALAN] CASHIER FORM : Combobox_previewKeyDown, cashierDataGridView.CurrentCell.OwningColumn.Name  [productID]
[ADMIN] [05/06/2017 18.23] [PENJUALAN] CASHIER FORM : cashierDataGridView_CellValueChanged [productID]
[ADMIN] [05/06/2017 18.23] [PENJUALAN] CASHIER FORM : Combobox_KeyUp, cashierDataGridView.CurrentCell.OwningColumn.Name  [productID]
[ADMIN] [05/06/2017 18.23] [PENJUALAN] CASHIER FORM : Combobox_KeyUp, cashierDataGridView.CurrentCell.OwningColumn.Name  [productID]
[ADMIN] [05/06/2017 18.23] [PENJUALAN] CASHIER FORM : Combobox_previewKeyDown, cashierDataGridView.CurrentCell.OwningColumn.Name  [productID]
[ADMIN] [05/06/2017 18.23] [PENJUALAN] CASHIER FORM : cashierDataGridView_CellValueChanged [productID]
[ADMIN] [05/06/2017 18.23] [PENJUALAN] CASHIER FORM : Combobox_KeyUp, cashierDataGridView.CurrentCell.OwningColumn.Name  [productID]
[ADMIN] [05/06/2017 18.23] [PENJUALAN] CASHIER FORM : Combobox_KeyUp, cashierDataGridView.CurrentCell.OwningColumn.Name  [productID]
[ADMIN] [05/06/2017 18.23] [PENJUALAN] CASHIER FORM : Combobox_previewKeyDown, cashierDataGridView.CurrentCell.OwningColumn.Name  [productID]
[ADMIN] [05/06/2017 18.23] [PENJUALAN] CASHIER FORM : cashierDataGridView_CellValueChanged [productID]
[ADMIN] [05/06/2017 18.23] [PENJUALAN] CASHIER FORM : Combobox_KeyUp, cashierDataGridView.CurrentCell.OwningColumn.Name  [productID]
[ADMIN] [05/06/2017 18.23] [PENJUALAN] CASHIER FORM : Combobox_KeyUp, cashierDataGridView.CurrentCell.OwningColumn.Name  [productID]
[ADMIN] [05/06/2017 18.23] [PENJUALAN] CASHIER FORM : Combobox_previewKeyDown, cashierDataGridView.CurrentCell.OwningColumn.Name  [productID]
[ADMIN] [05/06/2017 18.23] [PENJUALAN] CASHIER FORM : cashierDataGridView_CellValueChanged [productID]
[ADMIN] [05/06/2017 18.23] [PENJUALAN] CASHIER FORM : Combobox_KeyUp, cashierDataGridView.CurrentCell.OwningColumn.Name  [productID]
[ADMIN] [05/06/2017 18.23] [PENJUALAN] CASHIER FORM : Combobox_KeyUp, cashierDataGridView.CurrentCell.OwningColumn.Name  [productID]
[ADMIN] [05/06/2017 18.23] [PENJUALAN] CASHIER FORM : Combobox_previewKeyDown, cashierDataGridView.CurrentCell.OwningColumn.Name  [productID]
[ADMIN] [05/06/2017 18.23] [PENJUALAN] CASHIER FORM : cashierDataGridView_CellValueChanged [productID]
[ADMIN] [05/06/2017 18.23] [PENJUALAN] CASHIER FORM : Combobox_KeyUp, cashierDataGridView.CurrentCell.OwningColumn.Name  [productID]
[ADMIN] [05/06/2017 18.23] [PENJUALAN] CASHIER FORM : Combobox_KeyUp, cashierDataGridView.CurrentCell.OwningColumn.Name  [productID]
[ADMIN] [05/06/2017 18.23] [PENJUALAN] CASHIER FORM : Combobox_previewKeyDown, cashierDataGridView.CurrentCell.OwningColumn.Name  [productID]
[ADMIN] [05/06/2017 18.23] [PENJUALAN] CASHIER FORM : productName_previewKeyDown, cashierDataGridView.CurrentCell.OwningColumn.Name  [productName]
[ADMIN] [05/06/2017 18.23] [PENJUALAN] CASHIER FORM : cashierDataGridView_CellValueChanged [productName]
[ADMIN] [05/06/2017 18.23] [PENJUALAN] CASHIER FORM : updateSomeRowContents
[ADMIN] [05/06/2017 18.23] [PENJUALAN] CASHIER FORM : clearUpSomeRowContents
[ADMIN] [05/06/2017 18.23] [PENJUALAN] CASHIER FORM : cashierDataGridView_CellValueChanged [productName]
[ADMIN] [05/06/2017 18.23] [PENJUALAN] CASHIER FORM : cashierDataGridView_CellValueChanged [hpp]
[ADMIN] [05/06/2017 18.23] [PENJUALAN] CASHIER FORM : cashierDataGridView_CellValueChanged [productPrice]
[ADMIN] [05/06/2017 18.23] [PENJUALAN] CASHIER FORM : cashierDataGridView_CellValueChanged, previousInput [0]
[ADMIN] [05/06/2017 18.23] [PENJUALAN] CASHIER FORM : cashierDataGridView_CellValueChanged [qty]
[ADMIN] [05/06/2017 18.23] [PENJUALAN] CASHIER FORM : cashierDataGridView_CellValueChanged, previousInput [0]
[ADMIN] [05/06/2017 18.23] [PENJUALAN] CASHIER FORM : cashierDataGridView_CellValueChanged [disc1]
[ADMIN] [05/06/2017 18.23] [PENJUALAN] CASHIER FORM : cashierDataGridView_CellValueChanged, previousInput [0]
[ADMIN] [05/06/2017 18.23] [PENJUALAN] CASHIER FORM : cashierDataGridView_CellValueChanged [disc2]
[ADMIN] [05/06/2017 18.23] [PENJUALAN] CASHIER FORM : cashierDataGridView_CellValueChanged, previousInput [0]
[ADMIN] [05/06/2017 18.23] [PENJUALAN] CASHIER FORM : cashierDataGridView_CellValueChanged [discRP]
[ADMIN] [05/06/2017 18.23] [PENJUALAN] CASHIER FORM : cashierDataGridView_CellValueChanged, previousInput [0]
[ADMIN] [05/06/2017 18.23] [PENJUALAN] CASHIER FORM : cashierDataGridView_CellValueChanged [jumlah]
[ADMIN] [05/06/2017 18.23] [PENJUALAN] CASHIER FORM : calculateTotal
[ADMIN] [05/06/2017 18.23] [PENJUALAN] CASHIER FORM : calculateTotal [418000]
[ADMIN] [05/06/2017 18.23] [PENJUALAN] CASHIER FORM : calculateTotal, totalAfterDisc [418000]
[ADMIN] [05/06/2017 18.23] [PENJUALAN] CASHIER FORM : calculateChangeValue, bayarTextBox.Text [0]
[ADMIN] [05/06/2017 18.23] [PENJUALAN] CASHIER FORM : calculateChangeValue, sisaBayar [0]
[ADMIN] [05/06/2017 18.23] [PENJUALAN] CASHIER FORM : productName_previewKeyDown, cashierDataGridView.CurrentCell.OwningColumn.Name  [productName]
[ADMIN] [05/06/2017 18.23] [PENJUALAN] CASHIER FORM : cashierDataGridView_CellValueChanged [productName]
[ADMIN] [05/06/2017 18.23] [PENJUALAN] CASHIER FORM : updateSomeRowContents
[ADMIN] [05/06/2017 18.23] [PENJUALAN] CASHIER FORM : clearUpSomeRowContents
[ADMIN] [05/06/2017 18.23] [PENJUALAN] CASHIER FORM : cashierDataGridView_CellValueChanged [productName]
[ADMIN] [05/06/2017 18.23] [PENJUALAN] CASHIER FORM : calculateTotal
[ADMIN] [05/06/2017 18.23] [PENJUALAN] CASHIER FORM : calculateTotal [418000]
[ADMIN] [05/06/2017 18.23] [PENJUALAN] CASHIER FORM : calculateTotal, totalAfterDisc [418000]
[ADMIN] [05/06/2017 18.23] [PENJUALAN] CASHIER FORM : calculateChangeValue, bayarTextBox.Text [0]
[ADMIN] [05/06/2017 18.23] [PENJUALAN] CASHIER FORM : calculateChangeValue, sisaBayar [0]
[ADMIN] [05/06/2017 18.23] [PENJUALAN] CASHIER FORM : Combobox_KeyUp, cashierDataGridView.CurrentCell.OwningColumn.Name  [productName]
[ADMIN] [05/06/2017 18.23] [PENJUALAN] CASHIER FORM : Combobox_KeyUp, cashierDataGridView.CurrentCell.OwningColumn.Name  [productName]
[ADMIN] [05/06/2017 18.23] [PENJUALAN] CASHIER FORM : Combobox_KeyUp, cashierDataGridView.CurrentCell.OwningColumn.Name  [productName]
[ADMIN] [05/06/2017 18.23] [PENJUALAN] CASHIER FORM : productName_previewKeyDown, cashierDataGridView.CurrentCell.OwningColumn.Name  [productName]
[ADMIN] [05/06/2017 18.23] [PENJUALAN] CASHIER FORM : cashierDataGridView_CellValueChanged [productName]
[ADMIN] [05/06/2017 18.23] [PENJUALAN] CASHIER FORM : updateSomeRowContents
[ADMIN] [05/06/2017 18.23] [PENJUALAN] CASHIER FORM : clearUpSomeRowContents
[ADMIN] [05/06/2017 18.23] [PENJUALAN] CASHIER FORM : cashierDataGridView_CellValueChanged [productName]
[ADMIN] [05/06/2017 18.23] [PENJUALAN] CASHIER FORM : calculateTotal
[ADMIN] [05/06/2017 18.23] [PENJUALAN] CASHIER FORM : calculateTotal [418000]
[ADMIN] [05/06/2017 18.23] [PENJUALAN] CASHIER FORM : calculateTotal, totalAfterDisc [418000]
[ADMIN] [05/06/2017 18.23] [PENJUALAN] CASHIER FORM : calculateChangeValue, bayarTextBox.Text [0]
[ADMIN] [05/06/2017 18.23] [PENJUALAN] CASHIER FORM : calculateChangeValue, sisaBayar [0]
[ADMIN] [05/06/2017 18.23] [PENJUALAN] CASHIER FORM : Combobox_KeyUp, cashierDataGridView.CurrentCell.OwningColumn.Name  [productName]
[ADMIN] [05/06/2017 18.23] [PENJUALAN] CASHIER FORM : Combobox_KeyUp, cashierDataGridView.CurrentCell.OwningColumn.Name  [productName]
[ADMIN] [05/06/2017 18.23] [PENJUALAN] CASHIER FORM : Combobox_KeyUp, cashierDataGridView.CurrentCell.OwningColumn.Name  [productName]
[ADMIN] [05/06/2017 18.23] [PENJUALAN] CASHIER FORM : productName_previewKeyDown, cashierDataGridView.CurrentCell.OwningColumn.Name  [productName]
[ADMIN] [05/06/2017 18.23] [PENJUALAN] CASHIER FORM : cashierDataGridView_CellValueChanged [productName]
[ADMIN] [05/06/2017 18.23] [PENJUALAN] CASHIER FORM : updateSomeRowContents
[ADMIN] [05/06/2017 18.23] [PENJUALAN] CASHIER FORM : clearUpSomeRowContents
[ADMIN] [05/06/2017 18.23] [PENJUALAN] CASHIER FORM : cashierDataGridView_CellValueChanged [productName]
[ADMIN] [05/06/2017 18.23] [PENJUALAN] CASHIER FORM : calculateTotal
[ADMIN] [05/06/2017 18.23] [PENJUALAN] CASHIER FORM : calculateTotal [418000]
[ADMIN] [05/06/2017 18.23] [PENJUALAN] CASHIER FORM : calculateTotal, totalAfterDisc [418000]
[ADMIN] [05/06/2017 18.23] [PENJUALAN] CASHIER FORM : calculateChangeValue, bayarTextBox.Text [0]
[ADMIN] [05/06/2017 18.23] [PENJUALAN] CASHIER FORM : calculateChangeValue, sisaBayar [0]
[ADMIN] [05/06/2017 18.23] [PENJUALAN] CASHIER FORM : Combobox_KeyUp, cashierDataGridView.CurrentCell.OwningColumn.Name  [productName]
[ADMIN] [05/06/2017 18.23] [PENJUALAN] CASHIER FORM : Combobox_KeyUp, cashierDataGridView.CurrentCell.OwningColumn.Name  [productName]
[ADMIN] [05/06/2017 18.23] [PENJUALAN] CASHIER FORM : Combobox_KeyUp, cashierDataGridView.CurrentCell.OwningColumn.Name  [productName]
[ADMIN] [05/06/2017 18.23] [PENJUALAN] CASHIER FORM : Combobox_KeyUp, cashierDataGridView.CurrentCell.OwningColumn.Name  [productName]
[ADMIN] [05/06/2017 18.23] [PENJUALAN] CASHIER FORM : Combobox_KeyUp, cashierDataGridView.CurrentCell.OwningColumn.Name  [productName]
[ADMIN] [05/06/2017 18.23] [PENJUALAN] CASHIER FORM : Combobox_KeyUp, cashierDataGridView.CurrentCell.OwningColumn.Name  [productName]
[ADMIN] [05/06/2017 18.23] [PENJUALAN] CASHIER FORM : productName_previewKeyDown, cashierDataGridView.CurrentCell.OwningColumn.Name  [productName]
[ADMIN] [05/06/2017 18.23] [PENJUALAN] CASHIER FORM : cashierDataGridView_CellValueChanged [productName]
[ADMIN] [05/06/2017 18.23] [PENJUALAN] CASHIER FORM : updateSomeRowContents
[ADMIN] [05/06/2017 18.23] [PENJUALAN] CASHIER FORM : clearUpSomeRowContents
[ADMIN] [05/06/2017 18.23] [PENJUALAN] CASHIER FORM : cashierDataGridView_CellValueChanged [productName]
[ADMIN] [05/06/2017 18.23] [PENJUALAN] CASHIER FORM : calculateTotal
[ADMIN] [05/06/2017 18.23] [PENJUALAN] CASHIER FORM : calculateTotal [418000]
[ADMIN] [05/06/2017 18.23] [PENJUALAN] CASHIER FORM : calculateTotal, totalAfterDisc [418000]
[ADMIN] [05/06/2017 18.23] [PENJUALAN] CASHIER FORM : calculateChangeValue, bayarTextBox.Text [0]
[ADMIN] [05/06/2017 18.23] [PENJUALAN] CASHIER FORM : calculateChangeValue, sisaBayar [0]
[ADMIN] [05/06/2017 18.23] [PENJUALAN] CASHIER FORM : Combobox_KeyUp, cashierDataGridView.CurrentCell.OwningColumn.Name  [productName]
[ADMIN] [05/06/2017 18.23] [PENJUALAN] CASHIER FORM : Combobox_KeyUp, cashierDataGridView.CurrentCell.OwningColumn.Name  [productName]
[ADMIN] [05/06/2017 18.23] [PENJUALAN] CASHIER FORM : Combobox_KeyUp, cashierDataGridView.CurrentCell.OwningColumn.Name  [productName]
[ADMIN] [05/06/2017 18.23] [PENJUALAN] CASHIER FORM : productName_previewKeyDown, cashierDataGridView.CurrentCell.OwningColumn.Name  [productName]
[ADMIN] [05/06/2017 18.23] [PENJUALAN] CASHIER FORM : cashierDataGridView_CellValueChanged [productName]
[ADMIN] [05/06/2017 18.23] [PENJUALAN] CASHIER FORM : updateSomeRowContents
[ADMIN] [05/06/2017 18.23] [PENJUALAN] CASHIER FORM : clearUpSomeRowContents
[ADMIN] [05/06/2017 18.23] [PENJUALAN] CASHIER FORM : cashierDataGridView_CellValueChanged [productName]
[ADMIN] [05/06/2017 18.23] [PENJUALAN] CASHIER FORM : calculateTotal
[ADMIN] [05/06/2017 18.23] [PENJUALAN] CASHIER FORM : calculateTotal [418000]
[ADMIN] [05/06/2017 18.23] [PENJUALAN] CASHIER FORM : calculateTotal, totalAfterDisc [418000]
[ADMIN] [05/06/2017 18.23] [PENJUALAN] CASHIER FORM : calculateChangeValue, bayarTextBox.Text [0]
[ADMIN] [05/06/2017 18.23] [PENJUALAN] CASHIER FORM : calculateChangeValue, sisaBayar [0]
[ADMIN] [05/06/2017 18.23] [PENJUALAN] CASHIER FORM : Combobox_KeyUp, cashierDataGridView.CurrentCell.OwningColumn.Name  [productName]
[ADMIN] [05/06/2017 18.23] [PENJUALAN] CASHIER FORM : Combobox_KeyUp, cashierDataGridView.CurrentCell.OwningColumn.Name  [productName]
[ADMIN] [05/06/2017 18.23] [PENJUALAN] CASHIER FORM : Combobox_KeyUp, cashierDataGridView.CurrentCell.OwningColumn.Name  [productName]
[ADMIN] [05/06/2017 18.23] [PENJUALAN] CASHIER FORM : productName_previewKeyDown, cashierDataGridView.CurrentCell.OwningColumn.Name  [productName]
[ADMIN] [05/06/2017 18.23] [PENJUALAN] CASHIER FORM : UNREGISTER HOTKEY
[ADMIN] [05/06/2017 18.23] [PENJUALAN] CASHIER FORM : ADD NEW ROW FROM BARCODE [BANDIT ADLT DOG 1 KG]
[ADMIN] [05/06/2017 18.23] [PENJUALAN] CASHIER FORM : updateSomeRowContents
[ADMIN] [05/06/2017 18.23] [PENJUALAN] CASHIER FORM : cashierDataGridView_CellValueChanged [productID]
[ADMIN] [05/06/2017 18.23] [PENJUALAN] CASHIER FORM : cashierDataGridView_CellValueChanged [productName]
[ADMIN] [05/06/2017 18.23] [PENJUALAN] CASHIER FORM : updateSomeRowContents
[ADMIN] [05/06/2017 18.23] [PENJUALAN] CASHIER FORM : PRODUCT PRICE TYPE [PRODUCT_BASE_PRICE]
[ADMIN] [05/06/2017 18.23] [PENJUALAN] CASHIER FORM : PRODUCT PRICE [15000]
[ADMIN] [05/06/2017 18.23] [PENJUALAN] CASHIER FORM : ComboBox_SelectedIndexChanged, PRODUCT_BASE_PRICE [15000]
[ADMIN] [05/06/2017 18.23] [PENJUALAN] CASHIER FORM : cashierDataGridView_CellValueChanged [hpp]
[ADMIN] [05/06/2017 18.23] [PENJUALAN] CASHIER FORM : PRODUCT PRICE TYPE [PRODUCT_RETAIL_PRICE]
[ADMIN] [05/06/2017 18.23] [PENJUALAN] CASHIER FORM : PRODUCT PRICE [19000]
[ADMIN] [05/06/2017 18.23] [PENJUALAN] CASHIER FORM : ComboBox_SelectedIndexChanged, PRODUCT_SALES_PRICE [19000]
[ADMIN] [05/06/2017 18.23] [PENJUALAN] CASHIER FORM : cashierDataGridView_CellValueChanged [productPrice]
[ADMIN] [05/06/2017 18.23] [PENJUALAN] CASHIER FORM : cashierDataGridView_CellValueChanged, previousInput [0]
[ADMIN] [05/06/2017 18.23] [PENJUALAN] CASHIER FORM : cashierDataGridView_CellValueChanged, cellValue [19000]
[ADMIN] [05/06/2017 18.23] [PENJUALAN] CASHIER FORM : cashierDataGridView_CellValueChanged, dataGridViewTextBoxEditingControl.Text pass REGEX Checking
[ADMIN] [05/06/2017 18.23] [PENJUALAN] CASHIER FORM : CALCULATE SUBTOTAL
[ADMIN] [05/06/2017 18.23] [PENJUALAN] CASHIER FORM : SUBTOTAL [0]
[ADMIN] [05/06/2017 18.23] [PENJUALAN] CASHIER FORM : cashierDataGridView_CellValueChanged, subtotal value [0]
[ADMIN] [05/06/2017 18.23] [PENJUALAN] CASHIER FORM : cashierDataGridView_CellValueChanged, attempt to calculate total value
[ADMIN] [05/06/2017 18.23] [PENJUALAN] CASHIER FORM : calculateTotal
[ADMIN] [05/06/2017 18.23] [PENJUALAN] CASHIER FORM : calculateTotal [418000]
[ADMIN] [05/06/2017 18.23] [PENJUALAN] CASHIER FORM : calculateTotal, totalAfterDisc [418000]
[ADMIN] [05/06/2017 18.23] [PENJUALAN] CASHIER FORM : calculateChangeValue, bayarTextBox.Text [0]
[ADMIN] [05/06/2017 18.23] [PENJUALAN] CASHIER FORM : calculateChangeValue, sisaBayar [0]
[ADMIN] [05/06/2017 18.23] [PENJUALAN] CASHIER FORM : cashierDataGridView_CellValueChanged [qty]
[ADMIN] [05/06/2017 18.23] [PENJUALAN] CASHIER FORM : cashierDataGridView_CellValueChanged, previousInput [0]
[ADMIN] [05/06/2017 18.23] [PENJUALAN] CASHIER FORM : cashierDataGridView_CellValueChanged [jumlah]
[ADMIN] [05/06/2017 18.23] [PENJUALAN] CASHIER FORM : calculateTotal
[ADMIN] [05/06/2017 18.23] [PENJUALAN] CASHIER FORM : calculateTotal [418000]
[ADMIN] [05/06/2017 18.23] [PENJUALAN] CASHIER FORM : calculateTotal, totalAfterDisc [418000]
[ADMIN] [05/06/2017 18.23] [PENJUALAN] CASHIER FORM : calculateChangeValue, bayarTextBox.Text [0]
[ADMIN] [05/06/2017 18.23] [PENJUALAN] CASHIER FORM : calculateChangeValue, sisaBayar [0]
[ADMIN] [05/06/2017 18.23] [PENJUALAN] CASHIER FORM : CHECK STOCK QTY IS ENOUGH [BANDIT-AD1]
[ADMIN] [05/06/2017 18.23] [PENJUALAN] CASHIER FORM : CHECK STOCK QTY IS ENOUGH [22, 1]
[ADMIN] [05/06/2017 18.23] [PENJUALAN] CASHIER FORM : cashierDataGridView_CellValueChanged [qty]
[ADMIN] [05/06/2017 18.23] [PENJUALAN] CASHIER FORM : cashierDataGridView_CellValueChanged, previousInput [0]
[ADMIN] [05/06/2017 18.23] [PENJUALAN] CASHIER FORM : cashierDataGridView_CellValueChanged, cellValue [1]
[ADMIN] [05/06/2017 18.23] [PENJUALAN] CASHIER FORM : cashierDataGridView_CellValueChanged, dataGridViewTextBoxEditingControl.Text pass REGEX Checking
[ADMIN] [05/06/2017 18.23] [PENJUALAN] CASHIER FORM : CHECK STOCK QTY IS ENOUGH [BANDIT-AD1]
[ADMIN] [05/06/2017 18.23] [PENJUALAN] CASHIER FORM : CHECK STOCK QTY IS ENOUGH [22, 1]
[ADMIN] [05/06/2017 18.23] [PENJUALAN] CASHIER FORM : CALCULATE SUBTOTAL
[ADMIN] [05/06/2017 18.23] [PENJUALAN] CASHIER FORM : SUBTOTAL [19000]
[ADMIN] [05/06/2017 18.23] [PENJUALAN] CASHIER FORM : cashierDataGridView_CellValueChanged, subtotal value [19000]
[ADMIN] [05/06/2017 18.23] [PENJUALAN] CASHIER FORM : cashierDataGridView_CellValueChanged, attempt to calculate total value
[ADMIN] [05/06/2017 18.23] [PENJUALAN] CASHIER FORM : calculateTotal
[ADMIN] [05/06/2017 18.23] [PENJUALAN] CASHIER FORM : calculateTotal [437000]
[ADMIN] [05/06/2017 18.23] [PENJUALAN] CASHIER FORM : calculateTotal, totalAfterDisc [437000]
[ADMIN] [05/06/2017 18.23] [PENJUALAN] CASHIER FORM : calculateChangeValue, bayarTextBox.Text [0]
[ADMIN] [05/06/2017 18.23] [PENJUALAN] CASHIER FORM : calculateChangeValue, sisaBayar [0]
[ADMIN] [05/06/2017 18.23] [PENJUALAN] CASHIER FORM : SET QTY TO 1 BECAUSE OF NEW ROW
[ADMIN] [05/06/2017 18.23] [PENJUALAN] CASHIER FORM : CALCULATE SUBTOTAL
[ADMIN] [05/06/2017 18.23] [PENJUALAN] CASHIER FORM : SUBTOTAL [19000]
[ADMIN] [05/06/2017 18.23] [PENJUALAN] CASHIER FORM : calculateTotal
[ADMIN] [05/06/2017 18.23] [PENJUALAN] CASHIER FORM : calculateTotal [437000]
[ADMIN] [05/06/2017 18.23] [PENJUALAN] CASHIER FORM : calculateTotal, totalAfterDisc [437000]
[ADMIN] [05/06/2017 18.23] [PENJUALAN] CASHIER FORM : calculateChangeValue, bayarTextBox.Text [0]
[ADMIN] [05/06/2017 18.23] [PENJUALAN] CASHIER FORM : calculateChangeValue, sisaBayar [0]
[ADMIN] [05/06/2017 18.23] [PENJUALAN] CASHIER FORM : UPDATE ROW NUMBER, TOTAL ROW [3]
[ADMIN] [05/06/2017 18.23] [PENJUALAN] CASHIER FORM : cashierDataGridView_CellValueChanged [F8]
[ADMIN] [05/06/2017 18.23] [PENJUALAN] CASHIER FORM : REGISTER HOTKEY
[ADMIN] [05/06/2017 18.23] [PENJUALAN] CASHIER FORM : cashierDataGridView_CellValueChanged [qty]
[ADMIN] [05/06/2017 18.23] [PENJUALAN] CASHIER FORM : cashierDataGridView_CellValueChanged, previousInput [1]
[ADMIN] [05/06/2017 18.23] [PENJUALAN] CASHIER FORM : cashierDataGridView_CellValueChanged, dataGridViewTextBoxEditingControl.Text pass REGEX Checking
[ADMIN] [05/06/2017 18.23] [PENJUALAN] CASHIER FORM : CHECK STOCK QTY IS ENOUGH [BANDIT-AD1]
[ADMIN] [05/06/2017 18.23] [PENJUALAN] CASHIER FORM : CHECK STOCK QTY IS ENOUGH [22, 2]
[ADMIN] [05/06/2017 18.23] [PENJUALAN] CASHIER FORM : CALCULATE SUBTOTAL
[ADMIN] [05/06/2017 18.23] [PENJUALAN] CASHIER FORM : SUBTOTAL [38000]
[ADMIN] [05/06/2017 18.23] [PENJUALAN] CASHIER FORM : cashierDataGridView_CellValueChanged, subtotal value [38000]
[ADMIN] [05/06/2017 18.23] [PENJUALAN] CASHIER FORM : cashierDataGridView_CellValueChanged, attempt to calculate total value
[ADMIN] [05/06/2017 18.23] [PENJUALAN] CASHIER FORM : calculateTotal
[ADMIN] [05/06/2017 18.23] [PENJUALAN] CASHIER FORM : calculateTotal [456000]
[ADMIN] [05/06/2017 18.23] [PENJUALAN] CASHIER FORM : calculateTotal, totalAfterDisc [456000]
[ADMIN] [05/06/2017 18.23] [PENJUALAN] CASHIER FORM : calculateChangeValue, bayarTextBox.Text [0]
[ADMIN] [05/06/2017 18.23] [PENJUALAN] CASHIER FORM : calculateChangeValue, sisaBayar [0]
[ADMIN] [05/06/2017 18.23] [PENJUALAN] CASHIER FORM : Combobox_KeyUp, cashierDataGridView.CurrentCell.OwningColumn.Name  [qty]
[ADMIN] [05/06/2017 18.23] [PENJUALAN] CASHIER FORM : Combobox_KeyUp, cashierDataGridView.CurrentCell.OwningColumn.Name  [qty]
[ADMIN] [05/06/2017 18.23] [PENJUALAN] CASHIER FORM : Combobox_KeyUp, cashierDataGridView.CurrentCell.OwningColumn.Name  [qty]
[ADMIN] [05/06/2017 18.23] [PENJUALAN] CASHIER FORM : Combobox_KeyUp, cashierDataGridView.CurrentCell.OwningColumn.Name  [qty]
[ADMIN] [05/06/2017 18.23] [PENJUALAN] CASHIER FORM : Combobox_KeyUp, cashierDataGridView.CurrentCell.OwningColumn.Name  [qty]
[ADMIN] [05/06/2017 18.23] [PENJUALAN] CASHIER FORM : Combobox_KeyUp, cashierDataGridView.CurrentCell.OwningColumn.Name  [qty]
[ADMIN] [05/06/2017 18.23] [PENJUALAN] CASHIER FORM : UNREGISTER HOTKEY
[ADMIN] [05/06/2017 18.31] [PENJUALAN] CASHIER FORM : REGISTER HOTKEY
[ADMIN] [05/06/2017 18.31] [PENJUALAN] CASHIER FORM : UNREGISTER HOTKEY
[ADMIN] [05/06/2017 18.31] [PENJUALAN] CASHIER FORM : UNREGISTER HOTKEY
[ADMIN] [05/06/2017 18.31] [] USER ID = 1LOGOUT
