[] [5/16/2017 23:13] [] USER = ADMIN IS ACTIVE
[ADMIN] [5/16/2017 23:13] [] USER ID = 1 LOGIN SUCCESSFULLY
[ADMIN] [5/16/2017 23:13] [] ACTIVATE USER ACCESS RIGHT
[ADMIN] [5/16/2017 23:13] [] DISPLAY ADMIN FORM
[ADMIN] [5/16/2017 23:13] [] adminForm Load
[ADMIN] [5/16/2017 23:13] [] ACTIVATE USER ACCESS RIGHT
[ADMIN] [5/16/2017 23:15] [PENJUALAN] CASHIER FORM : MULTIPLE CASHIER INSTANCE [1]
[ADMIN] [5/16/2017 23:15] [PENJUALAN] CASHIER FORM : REGISTER HOTKEY
[ADMIN] [5/16/2017 23:15] [PENJUALAN] CASHIER FORM : cashierForm_Load, ATTEMPT TO LOAD NO FAKTUR
[ADMIN] [5/16/2017 23:15] [PENJUALAN] CASHIER FORM : loadNoFaktur, noFakturValue [SLO001]
[ADMIN] [5/16/2017 23:15] [PENJUALAN] CASHIER FORM : cashierForm_Load, ATTEMPT TO addColumnToDataGrid
[ADMIN] [5/16/2017 23:15] [PENJUALAN] CASHIER FORM : UPDATE ROW NUMBER, TOTAL ROW [1]
[ADMIN] [5/16/2017 23:15] [PENJUALAN] CASHIER FORM : calculateTotal
[ADMIN] [5/16/2017 23:15] [PENJUALAN] CASHIER FORM : calculateTotal [0]
[ADMIN] [5/16/2017 23:15] [PENJUALAN] CASHIER FORM : calculateTotal, totalAfterDisc [0]
[ADMIN] [5/16/2017 23:15] [PENJUALAN] CASHIER FORM : calculateChangeValue, bayarTextBox.Text [0]
[ADMIN] [5/16/2017 23:15] [PENJUALAN] CASHIER FORM : calculateChangeValue, sisaBayar [0]
[ADMIN] [5/16/2017 23:15] [PENJUALAN] CASHIER FORM : REGISTER HOTKEY
[ADMIN] [5/16/2017 23:15] [PENJUALAN] CASHIER FORM : Combobox_previewKeyDown, cashierDataGridView.CurrentCell.OwningColumn.Name  [productID]
[ADMIN] [5/16/2017 23:15] [PENJUALAN] CASHIER FORM : UNREGISTER HOTKEY
[ADMIN] [5/16/2017 23:15] [PENJUALAN] CASHIER FORM : REGISTER HOTKEY
[ADMIN] [5/16/2017 23:15] [PENJUALAN] CASHIER FORM : Combobox_previewKeyDown, cashierDataGridView.CurrentCell.OwningColumn.Name  [productID]
[ADMIN] [5/16/2017 23:15] [PENJUALAN] CASHIER FORM : UNREGISTER HOTKEY
[ADMIN] [5/16/2017 23:15] [PENJUALAN] CASHIER FORM : REGISTER HOTKEY
[ADMIN] [5/16/2017 23:15] [PENJUALAN] CASHIER FORM : Combobox_previewKeyDown, cashierDataGridView.CurrentCell.OwningColumn.Name  [productID]
[ADMIN] [5/16/2017 23:15] [PENJUALAN] CASHIER FORM : Combobox_previewKeyDown, cashierDataGridView.CurrentCell.OwningColumn.Name  [productID]
[ADMIN] [5/16/2017 23:15] [PENJUALAN] CASHIER FORM : UPDATE ROW NUMBER, TOTAL ROW [2]
[ADMIN] [5/16/2017 23:15] [PENJUALAN] CASHIER FORM : cashierDataGridView_CellValueChanged [F8]
[ADMIN] [5/16/2017 23:15] [PENJUALAN] CASHIER FORM : cashierDataGridView_CellValueChanged [productID]
[ADMIN] [5/16/2017 23:15] [PENJUALAN] CASHIER FORM : Combobox_KeyUp, cashierDataGridView.CurrentCell.OwningColumn.Name  [productID]
[ADMIN] [5/16/2017 23:15] [PENJUALAN] CASHIER FORM : Combobox_KeyUp, cashierDataGridView.CurrentCell.OwningColumn.Name  [productID]
[ADMIN] [5/16/2017 23:15] [PENJUALAN] CASHIER FORM : Combobox_previewKeyDown, cashierDataGridView.CurrentCell.OwningColumn.Name  [productID]
[ADMIN] [5/16/2017 23:15] [PENJUALAN] CASHIER FORM : UNREGISTER HOTKEY
[ADMIN] [5/16/2017 23:15] [PENJUALAN] CASHIER FORM : REGISTER HOTKEY
[ADMIN] [5/16/2017 23:15] [PENJUALAN] CASHIER FORM : UNREGISTER HOTKEY
[ADMIN] [5/16/2017 23:15] [PENJUALAN] CASHIER FORM : UNREGISTER HOTKEY
[ADMIN] [5/16/2017 23:15] [PENERIMAAN BARANG] PENERIMAAN BARANG : detailGridView_CellValueChanged [productID]
[ADMIN] [5/16/2017 23:15] [PENERIMAAN BARANG] PENERIMAAN BARANG : detailGridView_CellValueChanged [productName]
[ADMIN] [5/16/2017 23:15] [PENJUALAN] CASHIER FORM : ComboBox_SelectedIndexChanged, PRODUCT_BASE_PRICE [708000]
[ADMIN] [5/16/2017 23:15] [PENERIMAAN BARANG] PENERIMAAN BARANG : detailGridView_CellValueChanged [hpp]
[ADMIN] [5/16/2017 23:15] [PENERIMAAN BARANG] PENERIMAAN BARANG : detailGridView_CellValueChanged [subtotal]
[ADMIN] [5/16/2017 23:15] [PENERIMAAN BARANG] PENERIMAAN BARANG : detailGridView_CellValueChanged [qtyReceived]
[ADMIN] [5/16/2017 23:15] [PENERIMAAN BARANG] PENERIMAAN BARANG : detailGridView_CellValueChanged [subtotal]
[ADMIN] [5/16/2017 23:15] [PENJUALAN] CASHIER FORM : ComboBox_SelectedIndexChanged, attempt to calculate total
[ADMIN] [5/16/2017 23:15] [PENERIMAAN BARANG] PENERIMAAN BARANG : detailGridView_CellValueChanged [qtyReceived]
[ADMIN] [5/16/2017 23:15] [PENERIMAAN BARANG] PENERIMAAN BARANG : detailGridView_CellValueChanged [subtotal]
[ADMIN] [5/16/2017 23:15] [PENERIMAAN BARANG] PENERIMAAN BARANG : detailGridView_CellValueChanged [subtotal]
[ADMIN] [5/16/2017 23:15] [PENERIMAAN BARANG] PENERIMAAN BARANG : detailGridView_CellValueChanged [qtyReceived]
[ADMIN] [5/16/2017 23:15] [PENERIMAAN BARANG] PENERIMAAN BARANG : detailGridView_CellValueChanged [subtotal]
[ADMIN] [5/16/2017 23:15] [PENERIMAAN BARANG] PENERIMAAN BARANG : detailGridView_CellValueChanged [qtyReceived]
[ADMIN] [5/16/2017 23:15] [PENERIMAAN BARANG] PENERIMAAN BARANG : detailGridView_CellValueChanged [subtotal]
[ADMIN] [5/16/2017 23:16] [PENERIMAAN BARANG] PENERIMAAN BARANG : detailGridView_CellValueChanged [expiryDate]
[ADMIN] [5/16/2017 23:16] [PENERIMAAN BARANG] PENERIMAAN BARANG : detailGridView_CellValueChanged [expiryDateValue]
[ADMIN] [5/16/2017 23:16] [PENERIMAAN BARANG] SAVE PENERIMAAN BARANG
[ADMIN] [5/16/2017 23:16] [PENERIMAAN BARANG] DIRECT PENERIMAAN BARANG, THEREFORE CALCULATE TAX LIMIT
[ADMIN] [5/16/2017 23:16] [PENERIMAAN BARANG] CHECK IF TAX LIMIT SET FOR PERCENTAGE PURCHASE [0]
[ADMIN] [5/16/2017 23:16] [PENERIMAAN BARANG] CHECK IF TAX LIMIT SET FOR AVERAGE DAILY PURCHASE [0]
[ADMIN] [5/16/2017 23:16] [PENERIMAAN BARANG] INSERT PENERIMAAN BARANG [1]
[ADMIN] [5/16/2017 23:16] [PENERIMAAN BARANG] INSERT PO DATA BECAUSE OF DIRECT PENERIMAAN [1]
[ADMIN] [5/16/2017 23:16] [PENERIMAAN BARANG] SAVE DETAIL PENERIMAAN [021653513280, 708000, 22]
[ADMIN] [5/16/2017 23:16] [PENERIMAAN BARANG] UPDATE MASTER PRODUCT DATA [021653513280]
[ADMIN] [5/16/2017 23:16] [PENERIMAAN BARANG] INSERT TO PRODUCT EXPIRY [021653513280]
[ADMIN] [5/16/2017 23:16] [PENERIMAAN BARANG] INSERT TO PURCHASE DETAIL [021653513280]
[ADMIN] [5/16/2017 23:16] [PENERIMAAN BARANG] INSERT INTO DEBT [1]
[ADMIN] [5/16/2017 23:16] [PENERIMAAN BARANG] PENERIMAAN BARANG SAVED
[ADMIN] [5/16/2017 23:16] [PENJUALAN] CASHIER FORM : MULTIPLE CASHIER INSTANCE [1]
[ADMIN] [5/16/2017 23:16] [PENJUALAN] CASHIER FORM : REGISTER HOTKEY
[ADMIN] [5/16/2017 23:16] [PENJUALAN] CASHIER FORM : cashierForm_Load, ATTEMPT TO LOAD NO FAKTUR
[ADMIN] [5/16/2017 23:16] [PENJUALAN] CASHIER FORM : loadNoFaktur, noFakturValue [SLO001]
[ADMIN] [5/16/2017 23:16] [PENJUALAN] CASHIER FORM : cashierForm_Load, ATTEMPT TO addColumnToDataGrid
[ADMIN] [5/16/2017 23:16] [PENJUALAN] CASHIER FORM : UPDATE ROW NUMBER, TOTAL ROW [1]
[ADMIN] [5/16/2017 23:16] [PENJUALAN] CASHIER FORM : calculateTotal
[ADMIN] [5/16/2017 23:16] [PENJUALAN] CASHIER FORM : calculateTotal [0]
[ADMIN] [5/16/2017 23:16] [PENJUALAN] CASHIER FORM : calculateTotal, totalAfterDisc [0]
[ADMIN] [5/16/2017 23:16] [PENJUALAN] CASHIER FORM : calculateChangeValue, bayarTextBox.Text [0]
[ADMIN] [5/16/2017 23:16] [PENJUALAN] CASHIER FORM : calculateChangeValue, sisaBayar [0]
[ADMIN] [5/16/2017 23:16] [PENJUALAN] CASHIER FORM : REGISTER HOTKEY
[ADMIN] [5/16/2017 23:16] [PENJUALAN] CASHIER FORM : Combobox_KeyUp, cashierDataGridView.CurrentCell.OwningColumn.Name  [productID]
[ADMIN] [5/16/2017 23:16] [PENJUALAN] CASHIER FORM : Combobox_previewKeyDown, cashierDataGridView.CurrentCell.OwningColumn.Name  [productID]
[ADMIN] [5/16/2017 23:16] [PENJUALAN] CASHIER FORM : Combobox_previewKeyDown, cashierDataGridView.CurrentCell.OwningColumn.Name  [productID]
[ADMIN] [5/16/2017 23:16] [PENJUALAN] CASHIER FORM : UPDATE ROW NUMBER, TOTAL ROW [2]
[ADMIN] [5/16/2017 23:16] [PENJUALAN] CASHIER FORM : cashierDataGridView_CellValueChanged [F8]
[ADMIN] [5/16/2017 23:16] [PENJUALAN] CASHIER FORM : cashierDataGridView_CellValueChanged [productID]
[ADMIN] [5/16/2017 23:16] [PENJUALAN] CASHIER FORM : Combobox_KeyUp, cashierDataGridView.CurrentCell.OwningColumn.Name  [productID]
[ADMIN] [5/16/2017 23:16] [PENJUALAN] CASHIER FORM : Combobox_KeyUp, cashierDataGridView.CurrentCell.OwningColumn.Name  [productID]
[ADMIN] [5/16/2017 23:16] [PENJUALAN] CASHIER FORM : Combobox_previewKeyDown, cashierDataGridView.CurrentCell.OwningColumn.Name  [productID]
[ADMIN] [5/16/2017 23:16] [PENJUALAN] CASHIER FORM : UNREGISTER HOTKEY
[ADMIN] [5/16/2017 23:16] [PENJUALAN] CASHIER FORM : ADD NEW ROW FROM BARCODE ["SH BIO GROOM GROOM""N FRESH COLOGNE 3.8"]
[ADMIN] [5/16/2017 23:16] [PENJUALAN] CASHIER FORM : updateSomeRowContents
[ADMIN] [5/16/2017 23:16] [PENJUALAN] CASHIER FORM : cashierDataGridView_CellValueChanged [productName]
[ADMIN] [5/16/2017 23:16] [PENJUALAN] CASHIER FORM : updateSomeRowContents
[ADMIN] [5/16/2017 23:16] [PENJUALAN] CASHIER FORM : PRODUCT PRICE TYPE [PRODUCT_BASE_PRICE]
[ADMIN] [5/16/2017 23:16] [PENJUALAN] CASHIER FORM : PRODUCT PRICE [708000]
[ADMIN] [5/16/2017 23:16] [PENJUALAN] CASHIER FORM : ComboBox_SelectedIndexChanged, PRODUCT_BASE_PRICE [708000]
[ADMIN] [5/16/2017 23:16] [PENJUALAN] CASHIER FORM : cashierDataGridView_CellValueChanged [hpp]
[ADMIN] [5/16/2017 23:16] [PENJUALAN] CASHIER FORM : PRODUCT PRICE TYPE [PRODUCT_RETAIL_PRICE]
[ADMIN] [5/16/2017 23:16] [PENJUALAN] CASHIER FORM : PRODUCT PRICE [1025000]
[ADMIN] [5/16/2017 23:16] [PENJUALAN] CASHIER FORM : ComboBox_SelectedIndexChanged, PRODUCT_SALES_PRICE [1025000]
[ADMIN] [5/16/2017 23:16] [PENJUALAN] CASHIER FORM : cashierDataGridView_CellValueChanged [productPrice]
[ADMIN] [5/16/2017 23:16] [PENJUALAN] CASHIER FORM : cashierDataGridView_CellValueChanged, previousInput [0]
[ADMIN] [5/16/2017 23:16] [PENJUALAN] CASHIER FORM : cashierDataGridView_CellValueChanged, cellValue [1025000]
[ADMIN] [5/16/2017 23:16] [PENJUALAN] CASHIER FORM : cashierDataGridView_CellValueChanged, dataGridViewTextBoxEditingControl.Text pass REGEX Checking
[ADMIN] [5/16/2017 23:16] [PENJUALAN] CASHIER FORM : CALCULATE SUBTOTAL
[ADMIN] [5/16/2017 23:16] [PENJUALAN] CASHIER FORM : SUBTOTAL [0]
[ADMIN] [5/16/2017 23:16] [PENJUALAN] CASHIER FORM : cashierDataGridView_CellValueChanged, subtotal value [0]
[ADMIN] [5/16/2017 23:16] [PENJUALAN] CASHIER FORM : cashierDataGridView_CellValueChanged, attempt to calculate total value
[ADMIN] [5/16/2017 23:16] [PENJUALAN] CASHIER FORM : calculateTotal
[ADMIN] [5/16/2017 23:16] [PENJUALAN] CASHIER FORM : calculateTotal [0]
[ADMIN] [5/16/2017 23:16] [PENJUALAN] CASHIER FORM : calculateTotal, totalAfterDisc [0]
[ADMIN] [5/16/2017 23:16] [PENJUALAN] CASHIER FORM : calculateChangeValue, bayarTextBox.Text [0]
[ADMIN] [5/16/2017 23:16] [PENJUALAN] CASHIER FORM : calculateChangeValue, sisaBayar [0]
[ADMIN] [5/16/2017 23:16] [PENJUALAN] CASHIER FORM : cashierDataGridView_CellValueChanged [qty]
[ADMIN] [5/16/2017 23:16] [PENJUALAN] CASHIER FORM : cashierDataGridView_CellValueChanged, previousInput [0]
[ADMIN] [5/16/2017 23:16] [PENJUALAN] CASHIER FORM : cashierDataGridView_CellValueChanged [jumlah]
[ADMIN] [5/16/2017 23:16] [PENJUALAN] CASHIER FORM : calculateTotal
[ADMIN] [5/16/2017 23:16] [PENJUALAN] CASHIER FORM : calculateTotal [0]
[ADMIN] [5/16/2017 23:16] [PENJUALAN] CASHIER FORM : calculateTotal, totalAfterDisc [0]
[ADMIN] [5/16/2017 23:16] [PENJUALAN] CASHIER FORM : calculateChangeValue, bayarTextBox.Text [0]
[ADMIN] [5/16/2017 23:16] [PENJUALAN] CASHIER FORM : calculateChangeValue, sisaBayar [0]
[ADMIN] [5/16/2017 23:16] [PENJUALAN] CASHIER FORM : CHECK STOCK QTY IS ENOUGH [021653513280]
[ADMIN] [5/16/2017 23:16] [PENJUALAN] CASHIER FORM : CHECK STOCK QTY IS ENOUGH [22, 1]
[ADMIN] [5/16/2017 23:16] [PENJUALAN] CASHIER FORM : cashierDataGridView_CellValueChanged [qty]
[ADMIN] [5/16/2017 23:16] [PENJUALAN] CASHIER FORM : cashierDataGridView_CellValueChanged, previousInput [0]
[ADMIN] [5/16/2017 23:16] [PENJUALAN] CASHIER FORM : cashierDataGridView_CellValueChanged, cellValue [1]
[ADMIN] [5/16/2017 23:16] [PENJUALAN] CASHIER FORM : cashierDataGridView_CellValueChanged, dataGridViewTextBoxEditingControl.Text pass REGEX Checking
[ADMIN] [5/16/2017 23:16] [PENJUALAN] CASHIER FORM : CHECK STOCK QTY IS ENOUGH [021653513280]
[ADMIN] [5/16/2017 23:16] [PENJUALAN] CASHIER FORM : CHECK STOCK QTY IS ENOUGH [22, 1]
[ADMIN] [5/16/2017 23:16] [PENJUALAN] CASHIER FORM : CALCULATE SUBTOTAL
[ADMIN] [5/16/2017 23:16] [PENJUALAN] CASHIER FORM : SUBTOTAL [1025000]
[ADMIN] [5/16/2017 23:16] [PENJUALAN] CASHIER FORM : cashierDataGridView_CellValueChanged, subtotal value [1025000]
[ADMIN] [5/16/2017 23:16] [PENJUALAN] CASHIER FORM : cashierDataGridView_CellValueChanged, attempt to calculate total value
[ADMIN] [5/16/2017 23:16] [PENJUALAN] CASHIER FORM : calculateTotal
[ADMIN] [5/16/2017 23:16] [PENJUALAN] CASHIER FORM : calculateTotal [1025000]
[ADMIN] [5/16/2017 23:16] [PENJUALAN] CASHIER FORM : calculateTotal, totalAfterDisc [1025000]
[ADMIN] [5/16/2017 23:16] [PENJUALAN] CASHIER FORM : calculateChangeValue, bayarTextBox.Text [0]
[ADMIN] [5/16/2017 23:16] [PENJUALAN] CASHIER FORM : calculateChangeValue, sisaBayar [0]
[ADMIN] [5/16/2017 23:16] [PENJUALAN] CASHIER FORM : SET QTY TO 1 BECAUSE OF NEW ROW
[ADMIN] [5/16/2017 23:16] [PENJUALAN] CASHIER FORM : CALCULATE SUBTOTAL
[ADMIN] [5/16/2017 23:16] [PENJUALAN] CASHIER FORM : SUBTOTAL [1025000]
[ADMIN] [5/16/2017 23:16] [PENJUALAN] CASHIER FORM : calculateTotal
[ADMIN] [5/16/2017 23:16] [PENJUALAN] CASHIER FORM : calculateTotal [1025000]
[ADMIN] [5/16/2017 23:16] [PENJUALAN] CASHIER FORM : calculateTotal, totalAfterDisc [1025000]
[ADMIN] [5/16/2017 23:16] [PENJUALAN] CASHIER FORM : calculateChangeValue, bayarTextBox.Text [0]
[ADMIN] [5/16/2017 23:16] [PENJUALAN] CASHIER FORM : calculateChangeValue, sisaBayar [0]
[ADMIN] [5/16/2017 23:16] [PENJUALAN] CASHIER FORM : UPDATE ROW NUMBER, TOTAL ROW [2]
[ADMIN] [5/16/2017 23:16] [PENJUALAN] CASHIER FORM : cashierDataGridView_CellValueChanged [F8]
[ADMIN] [5/16/2017 23:16] [PENJUALAN] CASHIER FORM : REGISTER HOTKEY
[ADMIN] [5/16/2017 23:16] [PENJUALAN] CASHIER FORM : cashierDataGridView_CellValueChanged [qty]
[ADMIN] [5/16/2017 23:16] [PENJUALAN] CASHIER FORM : cashierDataGridView_CellValueChanged, previousInput [1]
[ADMIN] [5/16/2017 23:16] [PENJUALAN] CASHIER FORM : cashierDataGridView_CellValueChanged, dataGridViewTextBoxEditingControl.Text pass REGEX Checking
[ADMIN] [5/16/2017 23:16] [PENJUALAN] CASHIER FORM : CHECK STOCK QTY IS ENOUGH [021653513280]
[ADMIN] [5/16/2017 23:16] [PENJUALAN] CASHIER FORM : CHECK STOCK QTY IS ENOUGH [22, 2]
[ADMIN] [5/16/2017 23:16] [PENJUALAN] CASHIER FORM : CALCULATE SUBTOTAL
[ADMIN] [5/16/2017 23:16] [PENJUALAN] CASHIER FORM : SUBTOTAL [2050000]
[ADMIN] [5/16/2017 23:16] [PENJUALAN] CASHIER FORM : cashierDataGridView_CellValueChanged, subtotal value [2050000]
[ADMIN] [5/16/2017 23:16] [PENJUALAN] CASHIER FORM : cashierDataGridView_CellValueChanged, attempt to calculate total value
[ADMIN] [5/16/2017 23:16] [PENJUALAN] CASHIER FORM : calculateTotal
[ADMIN] [5/16/2017 23:16] [PENJUALAN] CASHIER FORM : calculateTotal [2050000]
[ADMIN] [5/16/2017 23:16] [PENJUALAN] CASHIER FORM : calculateTotal, totalAfterDisc [2050000]
[ADMIN] [5/16/2017 23:16] [PENJUALAN] CASHIER FORM : calculateChangeValue, bayarTextBox.Text [0]
[ADMIN] [5/16/2017 23:16] [PENJUALAN] CASHIER FORM : calculateChangeValue, sisaBayar [0]
[ADMIN] [5/16/2017 23:16] [PENJUALAN] CASHIER FORM : Combobox_KeyUp, cashierDataGridView.CurrentCell.OwningColumn.Name  [qty]
[ADMIN] [5/16/2017 23:16] [PENJUALAN] CASHIER FORM : calculateChangeValue, bayarTextBox.Text [3]
[ADMIN] [5/16/2017 23:16] [PENJUALAN] CASHIER FORM : calculateChangeValue, sisaBayar [0]
[ADMIN] [5/16/2017 23:16] [PENJUALAN] CASHIER FORM : calculateChangeValue, bayarTextBox.Text [30]
[ADMIN] [5/16/2017 23:16] [PENJUALAN] CASHIER FORM : calculateChangeValue, sisaBayar [0]
[ADMIN] [5/16/2017 23:16] [PENJUALAN] CASHIER FORM : calculateChangeValue, bayarTextBox.Text [300]
[ADMIN] [5/16/2017 23:16] [PENJUALAN] CASHIER FORM : calculateChangeValue, sisaBayar [0]
[ADMIN] [5/16/2017 23:16] [PENJUALAN] CASHIER FORM : calculateChangeValue, bayarTextBox.Text [3000]
[ADMIN] [5/16/2017 23:16] [PENJUALAN] CASHIER FORM : calculateChangeValue, sisaBayar [0]
[ADMIN] [5/16/2017 23:16] [PENJUALAN] CASHIER FORM : calculateChangeValue, bayarTextBox.Text [30000]
[ADMIN] [5/16/2017 23:16] [PENJUALAN] CASHIER FORM : calculateChangeValue, sisaBayar [0]
[ADMIN] [5/16/2017 23:16] [PENJUALAN] CASHIER FORM : calculateChangeValue, bayarTextBox.Text [300000]
[ADMIN] [5/16/2017 23:16] [PENJUALAN] CASHIER FORM : calculateChangeValue, sisaBayar [0]
[ADMIN] [5/16/2017 23:16] [PENJUALAN] CASHIER FORM : calculateChangeValue, bayarTextBox.Text [3000000]
[ADMIN] [5/16/2017 23:16] [PENJUALAN] CASHIER FORM : calculateChangeValue, sisaBayar [950000]
[ADMIN] [5/16/2017 23:16] [PENJUALAN] CASHIER FORM : HOTKEY TO SAVE AND PRINT OUT INVOICE PRESSED
[ADMIN] [5/16/2017 23:16] [PENJUALAN] CASHIER FORM : UNREGISTER HOTKEY
[ADMIN] [5/16/2017 23:16] [PENJUALAN] CASHIER FORM : REGISTER HOTKEY
[ADMIN] [5/16/2017 23:16] [PENJUALAN] ATTEMPT TO SAVE AND PRINT OUT INVOICE
[ADMIN] [5/16/2017 23:16] [PENJUALAN] CASHIER FORM : UNREGISTER HOTKEY
[ADMIN] [5/16/2017 23:16] [PENJUALAN] CASHIER FORM : REGISTER HOTKEY
[ADMIN] [5/16/2017 23:16] [PENJUALAN] CASHIER FORM : ChangePrinterButton_Click, DISPLAY PRINTER SELECTION FORM
[ADMIN] [5/16/2017 23:16] [PENJUALAN] CASHIER FORM : UNREGISTER HOTKEY
[ADMIN] [5/16/2017 23:16] [PENGATURAN PRINTER] PAPER SIZE CHANGED [1]
[ADMIN] [5/16/2017 23:16] [PENGATURAN PRINTER] DEFAULT PRINTER CHANGED [PrimoPDF]
[ADMIN] [5/16/2017 23:16] [PENJUALAN] CASHIER FORM : REGISTER HOTKEY
[ADMIN] [5/16/2017 23:16] [PENJUALAN] CASHIER FORM : HOTKEY TO SAVE AND PRINT OUT INVOICE PRESSED
[ADMIN] [5/16/2017 23:16] [PENJUALAN] CASHIER FORM : UNREGISTER HOTKEY
[ADMIN] [5/16/2017 23:16] [PENJUALAN] CASHIER FORM : REGISTER HOTKEY
[ADMIN] [5/16/2017 23:16] [PENJUALAN] ATTEMPT TO SAVE AND PRINT OUT INVOICE
[ADMIN] [5/16/2017 23:16] [PENJUALAN] CASHIER FORM : UNREGISTER HOTKEY
[ADMIN] [5/16/2017 23:16] [PENJUALAN] CASHIER FORM : REGISTER HOTKEY
[ADMIN] [5/16/2017 23:16] [PENJUALAN] CASHIER FORM : UNREGISTER HOTKEY
[ADMIN] [5/16/2017 23:16] [PENJUALAN] CASHIER FORM : ATTEMPT TO SAVE SALES DATA [16-05-2017 23:16]
[ADMIN] [5/16/2017 23:16] [PENJUALAN] CASHIER FORM : SALES DISC FINAL [0]
[ADMIN] [5/16/2017 23:16] [PENJUALAN] CASHIER FORM : CASH SALES
[ADMIN] [5/16/2017 23:16] [PENJUALAN] CHECK IF TAX LIMIT SET FOR PERCENTAGE PURCHASE [0]
[ADMIN] [5/16/2017 23:16] [PENJUALAN] CHECK IF TAX LIMIT SET FOR AVERAGE DAILY PURCHASE [0]
[ADMIN] [5/16/2017 23:16] [PENJUALAN] CASHIER FORM : NO FAKTUR [SLO001]
[ADMIN] [5/16/2017 23:16] [PENJUALAN] CASHIER FORM : MAX SALES INVOICE [0]
[ADMIN] [5/16/2017 23:16] [PENJUALAN] CASHIER FORM : SALES INVOICE [SLO001-1]
[ADMIN] [5/16/2017 23:16] [PENJUALAN] INSERT INTO SALES HEADER [SLO001-1]
[ADMIN] [5/16/2017 23:16] [PENJUALAN] INSERT INTO SALES DETAIL[021653513280, 1025000, 2]
[ADMIN] [5/16/2017 23:16] [PENJUALAN] REDUCE STOCK AT MASTER PRODUCT [021653513280]
[ADMIN] [5/16/2017 23:16] [PENJUALAN] REDUCE STOCK AT PRODUCT_EXPIRY LOT [2202]
[ADMIN] [5/16/2017 23:16] [PENJUALAN] SAVE PRODUCT LOT INFORMATION FOR EACH ITEM AND AMOUNT
[ADMIN] [5/16/2017 23:16] [PENJUALAN] INSERT TO CREDIT TABLE [SLO001-1]
[ADMIN] [5/16/2017 23:16] [PENJUALAN] INSERT TO DAILY JOURNAL TABLE [2050000]
[ADMIN] [5/16/2017 23:16] [PENJUALAN] CASHIER FORM : REGISTER HOTKEY
[ADMIN] [5/16/2017 23:16] [PENJUALAN] TRANSACTION SAVED
[ADMIN] [5/16/2017 23:16] [PENJUALAN] PRINT OUT INVOICE
[ADMIN] [5/16/2017 23:16] [PENJUALAN] CASHIER FORM : PrintReceipt
[ADMIN] [5/16/2017 23:16] [PENJUALAN] CASHIER FORM : PrintReceipt, papermode [1]
[ADMIN] [5/16/2017 23:16] [PENJUALAN] CASHIER FORM : PrintReceipt, display SalesReceiptForm
[ADMIN] [5/16/2017 23:16] [PENJUALAN] CASHIER FORM : UNREGISTER HOTKEY
[ADMIN] [5/16/2017 23:16] [PENJUALAN] CASHIER FORM : REGISTER HOTKEY
[ADMIN] [5/16/2017 23:16] [PENJUALAN] CASHIER FORM : UNREGISTER HOTKEY
[ADMIN] [5/16/2017 23:16] [PENJUALAN] CASHIER FORM : REGISTER HOTKEY
[ADMIN] [5/16/2017 23:16] [PENJUALAN] CASHIER FORM : UPDATE ROW NUMBER, TOTAL ROW [1]
[ADMIN] [5/16/2017 23:16] [PENJUALAN] CASHIER FORM : cashierDataGridView_CellValueChanged [F8]
[ADMIN] [5/16/2017 23:16] [PENJUALAN] CASHIER FORM : UNREGISTER HOTKEY
[ADMIN] [5/16/2017 23:16] [PENJUALAN] CASHIER FORM : UNREGISTER HOTKEY
[ADMIN] [5/16/2017 23:17] [PENJUALAN] CASHIER FORM : REGISTER HOTKEY
[ADMIN] [5/16/2017 23:17] [PENJUALAN] CASHIER FORM : cashierForm_Load, ATTEMPT TO LOAD NO FAKTUR
[ADMIN] [5/16/2017 23:17] [PENJUALAN] CASHIER FORM : loadNoFaktur, noFakturValue [SLO001]
[ADMIN] [5/16/2017 23:17] [PENJUALAN] CASHIER FORM : cashierForm_Load, ATTEMPT TO addColumnToDataGrid
[ADMIN] [5/16/2017 23:17] [PENJUALAN] CASHIER FORM : UPDATE ROW NUMBER, TOTAL ROW [1]
[ADMIN] [5/16/2017 23:17] [PENJUALAN] CASHIER FORM : calculateTotal
[ADMIN] [5/16/2017 23:17] [PENJUALAN] CASHIER FORM : calculateTotal [0]
[ADMIN] [5/16/2017 23:17] [PENJUALAN] CASHIER FORM : calculateTotal, totalAfterDisc [0]
[ADMIN] [5/16/2017 23:17] [PENJUALAN] CASHIER FORM : calculateChangeValue, bayarTextBox.Text [0]
[ADMIN] [5/16/2017 23:17] [PENJUALAN] CASHIER FORM : calculateChangeValue, sisaBayar [0]
[ADMIN] [5/16/2017 23:17] [PENJUALAN] CASHIER FORM : ADD NEW ROW,  isActive [True]
[ADMIN] [5/16/2017 23:17] [PENJUALAN] CASHIER FORM : ADD NEW ROW,  ROW COUNT [0]
[ADMIN] [5/16/2017 23:17] [PENJUALAN] CASHIER FORM : ADD NEW ROW,  ALLOW TO ADD [True]
[ADMIN] [5/16/2017 23:17] [PENJUALAN] CASHIER FORM : UPDATE ROW NUMBER, TOTAL ROW [1]
[ADMIN] [5/16/2017 23:17] [PENJUALAN] CASHIER FORM : UPDATE ROW NUMBER, TOTAL ROW [2]
[ADMIN] [5/16/2017 23:17] [PENJUALAN] CASHIER FORM : cashierDataGridView_CellValueChanged [F8]
[ADMIN] [5/16/2017 23:17] [PENJUALAN] CASHIER FORM : REGISTER HOTKEY
[ADMIN] [5/16/2017 23:17] [PENJUALAN] CASHIER FORM : ChangePrinterButton_Click, DISPLAY PRINTER SELECTION FORM
[ADMIN] [5/16/2017 23:17] [PENJUALAN] CASHIER FORM : UNREGISTER HOTKEY
[ADMIN] [5/16/2017 23:17] [PENGATURAN PRINTER] PAPER SIZE CHANGED [2]
[ADMIN] [5/16/2017 23:17] [PENGATURAN PRINTER] DEFAULT PRINTER CHANGED [PrimoPDF]
[ADMIN] [5/16/2017 23:17] [PENJUALAN] CASHIER FORM : REGISTER HOTKEY
[ADMIN] [5/16/2017 23:17] [PENJUALAN] CASHIER FORM : UNREGISTER HOTKEY
[ADMIN] [5/16/2017 23:17] [PENJUALAN] CASHIER FORM : REGISTER HOTKEY
[ADMIN] [5/16/2017 23:17] [PENJUALAN] RE-PRINT INVOICE
[ADMIN] [5/16/2017 23:17] [PENJUALAN] CASHIER FORM : PrintReceipt
[ADMIN] [5/16/2017 23:17] [PENJUALAN] CASHIER FORM : PrintReceipt, papermode [2]
[ADMIN] [5/16/2017 23:17] [PENJUALAN] CASHIER FORM : PrintReceipt, kuarto paper, display SalesReceiptKuartoForm
[ADMIN] [5/16/2017 23:17] [PENJUALAN] CASHIER FORM : UNREGISTER HOTKEY
[ADMIN] [5/16/2017 23:17] [PENJUALAN] CASHIER FORM : REGISTER HOTKEY
[ADMIN] [5/16/2017 23:17] [PENJUALAN] CASHIER FORM : UNREGISTER HOTKEY
[ADMIN] [5/16/2017 23:17] [PENJUALAN] CASHIER FORM : UNREGISTER HOTKEY
[ADMIN] [5/16/2017 23:17] [PENJUALAN] CASHIER FORM : MULTIPLE CASHIER INSTANCE [1]
[ADMIN] [5/16/2017 23:17] [PENJUALAN] CASHIER FORM : REGISTER HOTKEY
[ADMIN] [5/16/2017 23:17] [PENJUALAN] CASHIER FORM : cashierForm_Load, ATTEMPT TO LOAD NO FAKTUR
[ADMIN] [5/16/2017 23:17] [PENJUALAN] CASHIER FORM : loadNoFaktur, noFakturValue [SLO001]
[ADMIN] [5/16/2017 23:17] [PENJUALAN] CASHIER FORM : cashierForm_Load, ATTEMPT TO addColumnToDataGrid
[ADMIN] [5/16/2017 23:17] [PENJUALAN] CASHIER FORM : UPDATE ROW NUMBER, TOTAL ROW [1]
[ADMIN] [5/16/2017 23:17] [PENJUALAN] CASHIER FORM : calculateTotal
[ADMIN] [5/16/2017 23:17] [PENJUALAN] CASHIER FORM : calculateTotal [0]
[ADMIN] [5/16/2017 23:17] [PENJUALAN] CASHIER FORM : calculateTotal, totalAfterDisc [0]
[ADMIN] [5/16/2017 23:17] [PENJUALAN] CASHIER FORM : calculateChangeValue, bayarTextBox.Text [0]
[ADMIN] [5/16/2017 23:17] [PENJUALAN] CASHIER FORM : calculateChangeValue, sisaBayar [0]
[ADMIN] [5/16/2017 23:17] [PENJUALAN] CASHIER FORM : REGISTER HOTKEY
[ADMIN] [5/16/2017 23:17] [PENJUALAN] CASHIER FORM : UPDATE ROW NUMBER, TOTAL ROW [2]
[ADMIN] [5/16/2017 23:17] [PENJUALAN] CASHIER FORM : cashierDataGridView_CellValueChanged [F8]
[ADMIN] [5/16/2017 23:17] [PENJUALAN] CASHIER FORM : cashierDataGridView_CellValueChanged [productID]
[ADMIN] [5/16/2017 23:17] [PENJUALAN] CASHIER FORM : Combobox_previewKeyDown, cashierDataGridView.CurrentCell.OwningColumn.Name  [productID]
[ADMIN] [5/16/2017 23:17] [PENJUALAN] CASHIER FORM : UNREGISTER HOTKEY
[ADMIN] [5/16/2017 23:17] [PENJUALAN] CASHIER FORM : ADD NEW ROW FROM BARCODE ["SH BIO GROOM GROOM""N FRESH COLOGNE 3.8"]
[ADMIN] [5/16/2017 23:17] [PENJUALAN] CASHIER FORM : updateSomeRowContents
[ADMIN] [5/16/2017 23:17] [PENJUALAN] CASHIER FORM : cashierDataGridView_CellValueChanged [productName]
[ADMIN] [5/16/2017 23:17] [PENJUALAN] CASHIER FORM : updateSomeRowContents
[ADMIN] [5/16/2017 23:17] [PENJUALAN] CASHIER FORM : PRODUCT PRICE TYPE [PRODUCT_BASE_PRICE]
[ADMIN] [5/16/2017 23:17] [PENJUALAN] CASHIER FORM : PRODUCT PRICE [708000]
[ADMIN] [5/16/2017 23:17] [PENJUALAN] CASHIER FORM : ComboBox_SelectedIndexChanged, PRODUCT_BASE_PRICE [708000]
[ADMIN] [5/16/2017 23:17] [PENJUALAN] CASHIER FORM : cashierDataGridView_CellValueChanged [hpp]
[ADMIN] [5/16/2017 23:17] [PENJUALAN] CASHIER FORM : PRODUCT PRICE TYPE [PRODUCT_RETAIL_PRICE]
[ADMIN] [5/16/2017 23:17] [PENJUALAN] CASHIER FORM : PRODUCT PRICE [1025000]
[ADMIN] [5/16/2017 23:17] [PENJUALAN] CASHIER FORM : ComboBox_SelectedIndexChanged, PRODUCT_SALES_PRICE [1025000]
[ADMIN] [5/16/2017 23:17] [PENJUALAN] CASHIER FORM : cashierDataGridView_CellValueChanged [productPrice]
[ADMIN] [5/16/2017 23:17] [PENJUALAN] CASHIER FORM : cashierDataGridView_CellValueChanged, previousInput [0]
[ADMIN] [5/16/2017 23:17] [PENJUALAN] CASHIER FORM : cashierDataGridView_CellValueChanged, cellValue [1025000]
[ADMIN] [5/16/2017 23:17] [PENJUALAN] CASHIER FORM : cashierDataGridView_CellValueChanged, dataGridViewTextBoxEditingControl.Text pass REGEX Checking
[ADMIN] [5/16/2017 23:17] [PENJUALAN] CASHIER FORM : CALCULATE SUBTOTAL
[ADMIN] [5/16/2017 23:17] [PENJUALAN] CASHIER FORM : SUBTOTAL [0]
[ADMIN] [5/16/2017 23:17] [PENJUALAN] CASHIER FORM : cashierDataGridView_CellValueChanged, subtotal value [0]
[ADMIN] [5/16/2017 23:17] [PENJUALAN] CASHIER FORM : cashierDataGridView_CellValueChanged, attempt to calculate total value
[ADMIN] [5/16/2017 23:17] [PENJUALAN] CASHIER FORM : calculateTotal
[ADMIN] [5/16/2017 23:17] [PENJUALAN] CASHIER FORM : calculateTotal [0]
[ADMIN] [5/16/2017 23:17] [PENJUALAN] CASHIER FORM : calculateTotal, totalAfterDisc [0]
[ADMIN] [5/16/2017 23:17] [PENJUALAN] CASHIER FORM : calculateChangeValue, bayarTextBox.Text [0]
[ADMIN] [5/16/2017 23:17] [PENJUALAN] CASHIER FORM : calculateChangeValue, sisaBayar [0]
[ADMIN] [5/16/2017 23:17] [PENJUALAN] CASHIER FORM : cashierDataGridView_CellValueChanged [qty]
[ADMIN] [5/16/2017 23:17] [PENJUALAN] CASHIER FORM : cashierDataGridView_CellValueChanged, previousInput [0]
[ADMIN] [5/16/2017 23:17] [PENJUALAN] CASHIER FORM : cashierDataGridView_CellValueChanged [jumlah]
[ADMIN] [5/16/2017 23:17] [PENJUALAN] CASHIER FORM : calculateTotal
[ADMIN] [5/16/2017 23:17] [PENJUALAN] CASHIER FORM : calculateTotal [0]
[ADMIN] [5/16/2017 23:17] [PENJUALAN] CASHIER FORM : calculateTotal, totalAfterDisc [0]
[ADMIN] [5/16/2017 23:17] [PENJUALAN] CASHIER FORM : calculateChangeValue, bayarTextBox.Text [0]
[ADMIN] [5/16/2017 23:17] [PENJUALAN] CASHIER FORM : calculateChangeValue, sisaBayar [0]
[ADMIN] [5/16/2017 23:17] [PENJUALAN] CASHIER FORM : CHECK STOCK QTY IS ENOUGH [021653513280]
[ADMIN] [5/16/2017 23:17] [PENJUALAN] CASHIER FORM : CHECK STOCK QTY IS ENOUGH [20, 1]
[ADMIN] [5/16/2017 23:17] [PENJUALAN] CASHIER FORM : cashierDataGridView_CellValueChanged [qty]
[ADMIN] [5/16/2017 23:17] [PENJUALAN] CASHIER FORM : cashierDataGridView_CellValueChanged, previousInput [0]
[ADMIN] [5/16/2017 23:17] [PENJUALAN] CASHIER FORM : cashierDataGridView_CellValueChanged, cellValue [1]
[ADMIN] [5/16/2017 23:17] [PENJUALAN] CASHIER FORM : cashierDataGridView_CellValueChanged, dataGridViewTextBoxEditingControl.Text pass REGEX Checking
[ADMIN] [5/16/2017 23:17] [PENJUALAN] CASHIER FORM : CHECK STOCK QTY IS ENOUGH [021653513280]
[ADMIN] [5/16/2017 23:17] [PENJUALAN] CASHIER FORM : CHECK STOCK QTY IS ENOUGH [20, 1]
[ADMIN] [5/16/2017 23:17] [PENJUALAN] CASHIER FORM : CALCULATE SUBTOTAL
[ADMIN] [5/16/2017 23:17] [PENJUALAN] CASHIER FORM : SUBTOTAL [1025000]
[ADMIN] [5/16/2017 23:17] [PENJUALAN] CASHIER FORM : cashierDataGridView_CellValueChanged, subtotal value [1025000]
[ADMIN] [5/16/2017 23:17] [PENJUALAN] CASHIER FORM : cashierDataGridView_CellValueChanged, attempt to calculate total value
[ADMIN] [5/16/2017 23:17] [PENJUALAN] CASHIER FORM : calculateTotal
[ADMIN] [5/16/2017 23:17] [PENJUALAN] CASHIER FORM : calculateTotal [1025000]
[ADMIN] [5/16/2017 23:17] [PENJUALAN] CASHIER FORM : calculateTotal, totalAfterDisc [1025000]
[ADMIN] [5/16/2017 23:17] [PENJUALAN] CASHIER FORM : calculateChangeValue, bayarTextBox.Text [0]
[ADMIN] [5/16/2017 23:17] [PENJUALAN] CASHIER FORM : calculateChangeValue, sisaBayar [0]
[ADMIN] [5/16/2017 23:17] [PENJUALAN] CASHIER FORM : SET QTY TO 1 BECAUSE OF NEW ROW
[ADMIN] [5/16/2017 23:17] [PENJUALAN] CASHIER FORM : CALCULATE SUBTOTAL
[ADMIN] [5/16/2017 23:17] [PENJUALAN] CASHIER FORM : SUBTOTAL [1025000]
[ADMIN] [5/16/2017 23:17] [PENJUALAN] CASHIER FORM : calculateTotal
[ADMIN] [5/16/2017 23:17] [PENJUALAN] CASHIER FORM : calculateTotal [1025000]
[ADMIN] [5/16/2017 23:17] [PENJUALAN] CASHIER FORM : calculateTotal, totalAfterDisc [1025000]
[ADMIN] [5/16/2017 23:17] [PENJUALAN] CASHIER FORM : calculateChangeValue, bayarTextBox.Text [0]
[ADMIN] [5/16/2017 23:17] [PENJUALAN] CASHIER FORM : calculateChangeValue, sisaBayar [0]
[ADMIN] [5/16/2017 23:17] [PENJUALAN] CASHIER FORM : UPDATE ROW NUMBER, TOTAL ROW [2]
[ADMIN] [5/16/2017 23:17] [PENJUALAN] CASHIER FORM : cashierDataGridView_CellValueChanged [F8]
[ADMIN] [5/16/2017 23:17] [PENJUALAN] CASHIER FORM : REGISTER HOTKEY
[ADMIN] [5/16/2017 23:17] [PENJUALAN] CASHIER FORM : cashierDataGridView_CellValueChanged [qty]
[ADMIN] [5/16/2017 23:17] [PENJUALAN] CASHIER FORM : cashierDataGridView_CellValueChanged, previousInput [1]
[ADMIN] [5/16/2017 23:17] [PENJUALAN] CASHIER FORM : cashierDataGridView_CellValueChanged, dataGridViewTextBoxEditingControl.Text pass REGEX Checking
[ADMIN] [5/16/2017 23:17] [PENJUALAN] CASHIER FORM : CHECK STOCK QTY IS ENOUGH [021653513280]
[ADMIN] [5/16/2017 23:17] [PENJUALAN] CASHIER FORM : CHECK STOCK QTY IS ENOUGH [20, 2]
[ADMIN] [5/16/2017 23:17] [PENJUALAN] CASHIER FORM : CALCULATE SUBTOTAL
[ADMIN] [5/16/2017 23:17] [PENJUALAN] CASHIER FORM : SUBTOTAL [2050000]
[ADMIN] [5/16/2017 23:17] [PENJUALAN] CASHIER FORM : cashierDataGridView_CellValueChanged, subtotal value [2050000]
[ADMIN] [5/16/2017 23:17] [PENJUALAN] CASHIER FORM : cashierDataGridView_CellValueChanged, attempt to calculate total value
[ADMIN] [5/16/2017 23:17] [PENJUALAN] CASHIER FORM : calculateTotal
[ADMIN] [5/16/2017 23:17] [PENJUALAN] CASHIER FORM : calculateTotal [2050000]
[ADMIN] [5/16/2017 23:17] [PENJUALAN] CASHIER FORM : calculateTotal, totalAfterDisc [2050000]
[ADMIN] [5/16/2017 23:17] [PENJUALAN] CASHIER FORM : calculateChangeValue, bayarTextBox.Text [0]
[ADMIN] [5/16/2017 23:17] [PENJUALAN] CASHIER FORM : calculateChangeValue, sisaBayar [0]
[ADMIN] [5/16/2017 23:17] [PENJUALAN] CASHIER FORM : Combobox_KeyUp, cashierDataGridView.CurrentCell.OwningColumn.Name  [qty]
[ADMIN] [5/16/2017 23:17] [PENJUALAN] CASHIER FORM : cashierDataGridView_CellValueChanged [qty]
[ADMIN] [5/16/2017 23:17] [PENJUALAN] CASHIER FORM : cashierDataGridView_CellValueChanged, previousInput [2]
[ADMIN] [5/16/2017 23:17] [PENJUALAN] CASHIER FORM : cashierDataGridView_CellValueChanged, dataGridViewTextBoxEditingControl.Text pass REGEX Checking
[ADMIN] [5/16/2017 23:17] [PENJUALAN] CASHIER FORM : CHECK STOCK QTY IS ENOUGH [021653513280]
[ADMIN] [5/16/2017 23:17] [PENJUALAN] CASHIER FORM : CHECK STOCK QTY IS ENOUGH [20, 22]
[ADMIN] [5/16/2017 23:17] [PENJUALAN] CASHIER FORM : CALCULATE SUBTOTAL
[ADMIN] [5/16/2017 23:17] [PENJUALAN] CASHIER FORM : SUBTOTAL [2050000]
[ADMIN] [5/16/2017 23:17] [PENJUALAN] CASHIER FORM : cashierDataGridView_CellValueChanged, subtotal value [2050000]
[ADMIN] [5/16/2017 23:17] [PENJUALAN] CASHIER FORM : cashierDataGridView_CellValueChanged, attempt to calculate total value
[ADMIN] [5/16/2017 23:17] [PENJUALAN] CASHIER FORM : calculateTotal
[ADMIN] [5/16/2017 23:17] [PENJUALAN] CASHIER FORM : calculateTotal [2050000]
[ADMIN] [5/16/2017 23:17] [PENJUALAN] CASHIER FORM : calculateTotal, totalAfterDisc [2050000]
[ADMIN] [5/16/2017 23:17] [PENJUALAN] CASHIER FORM : calculateChangeValue, bayarTextBox.Text [0]
[ADMIN] [5/16/2017 23:17] [PENJUALAN] CASHIER FORM : calculateChangeValue, sisaBayar [0]
[ADMIN] [5/16/2017 23:17] [PENJUALAN] CASHIER FORM : Combobox_KeyUp, cashierDataGridView.CurrentCell.OwningColumn.Name  [qty]
[ADMIN] [5/16/2017 23:18] [PENJUALAN] CASHIER FORM : cashierDataGridView_CellValueChanged [qty]
[ADMIN] [5/16/2017 23:18] [PENJUALAN] CASHIER FORM : cashierDataGridView_CellValueChanged, previousInput [2]
[ADMIN] [5/16/2017 23:18] [PENJUALAN] CASHIER FORM : cashierDataGridView_CellValueChanged, dataGridViewTextBoxEditingControl.Text pass REGEX Checking
[ADMIN] [5/16/2017 23:18] [PENJUALAN] CASHIER FORM : CHECK STOCK QTY IS ENOUGH [021653513280]
[ADMIN] [5/16/2017 23:18] [PENJUALAN] CASHIER FORM : CHECK STOCK QTY IS ENOUGH [20, 21]
[ADMIN] [5/16/2017 23:18] [PENJUALAN] CASHIER FORM : CALCULATE SUBTOTAL
[ADMIN] [5/16/2017 23:18] [PENJUALAN] CASHIER FORM : SUBTOTAL [2050000]
[ADMIN] [5/16/2017 23:18] [PENJUALAN] CASHIER FORM : cashierDataGridView_CellValueChanged, subtotal value [2050000]
[ADMIN] [5/16/2017 23:18] [PENJUALAN] CASHIER FORM : cashierDataGridView_CellValueChanged, attempt to calculate total value
[ADMIN] [5/16/2017 23:18] [PENJUALAN] CASHIER FORM : calculateTotal
[ADMIN] [5/16/2017 23:18] [PENJUALAN] CASHIER FORM : calculateTotal [2050000]
[ADMIN] [5/16/2017 23:18] [PENJUALAN] CASHIER FORM : calculateTotal, totalAfterDisc [2050000]
[ADMIN] [5/16/2017 23:18] [PENJUALAN] CASHIER FORM : calculateChangeValue, bayarTextBox.Text [0]
[ADMIN] [5/16/2017 23:18] [PENJUALAN] CASHIER FORM : calculateChangeValue, sisaBayar [0]
[ADMIN] [5/16/2017 23:18] [PENJUALAN] CASHIER FORM : Combobox_KeyUp, cashierDataGridView.CurrentCell.OwningColumn.Name  [qty]
[ADMIN] [5/16/2017 23:18] [PENJUALAN] CASHIER FORM : Combobox_KeyUp, cashierDataGridView.CurrentCell.OwningColumn.Name  [qty]
[ADMIN] [5/16/2017 23:18] [PENJUALAN] CASHIER FORM : cashierDataGridView_CellValueChanged [qty]
[ADMIN] [5/16/2017 23:18] [PENJUALAN] CASHIER FORM : cashierDataGridView_CellValueChanged, previousInput [2]
[ADMIN] [5/16/2017 23:18] [PENJUALAN] CASHIER FORM : cashierDataGridView_CellValueChanged, dataGridViewTextBoxEditingControl.Text pass REGEX Checking
[ADMIN] [5/16/2017 23:18] [PENJUALAN] CASHIER FORM : CHECK STOCK QTY IS ENOUGH [021653513280]
[ADMIN] [5/16/2017 23:18] [PENJUALAN] CASHIER FORM : CHECK STOCK QTY IS ENOUGH [20, 1]
[ADMIN] [5/16/2017 23:18] [PENJUALAN] CASHIER FORM : CALCULATE SUBTOTAL
[ADMIN] [5/16/2017 23:18] [PENJUALAN] CASHIER FORM : SUBTOTAL [1025000]
[ADMIN] [5/16/2017 23:18] [PENJUALAN] CASHIER FORM : cashierDataGridView_CellValueChanged, subtotal value [1025000]
[ADMIN] [5/16/2017 23:18] [PENJUALAN] CASHIER FORM : cashierDataGridView_CellValueChanged, attempt to calculate total value
[ADMIN] [5/16/2017 23:18] [PENJUALAN] CASHIER FORM : calculateTotal
[ADMIN] [5/16/2017 23:18] [PENJUALAN] CASHIER FORM : calculateTotal [1025000]
[ADMIN] [5/16/2017 23:18] [PENJUALAN] CASHIER FORM : calculateTotal, totalAfterDisc [1025000]
[ADMIN] [5/16/2017 23:18] [PENJUALAN] CASHIER FORM : calculateChangeValue, bayarTextBox.Text [0]
[ADMIN] [5/16/2017 23:18] [PENJUALAN] CASHIER FORM : calculateChangeValue, sisaBayar [0]
[ADMIN] [5/16/2017 23:18] [PENJUALAN] CASHIER FORM : Combobox_KeyUp, cashierDataGridView.CurrentCell.OwningColumn.Name  [qty]
[ADMIN] [5/16/2017 23:18] [PENJUALAN] CASHIER FORM : Combobox_KeyUp, cashierDataGridView.CurrentCell.OwningColumn.Name  [qty]
[ADMIN] [5/16/2017 23:18] [PENJUALAN] CASHIER FORM : Combobox_previewKeyDown, cashierDataGridView.CurrentCell.OwningColumn.Name  [productID]
[ADMIN] [5/16/2017 23:18] [PENJUALAN] CASHIER FORM : UPDATE ROW NUMBER, TOTAL ROW [3]
[ADMIN] [5/16/2017 23:18] [PENJUALAN] CASHIER FORM : cashierDataGridView_CellValueChanged [F8]
[ADMIN] [5/16/2017 23:18] [PENJUALAN] CASHIER FORM : cashierDataGridView_CellValueChanged [productID]
[ADMIN] [5/16/2017 23:18] [PENJUALAN] CASHIER FORM : Combobox_KeyUp, cashierDataGridView.CurrentCell.OwningColumn.Name  [productID]
[ADMIN] [5/16/2017 23:18] [PENJUALAN] CASHIER FORM : Combobox_KeyUp, cashierDataGridView.CurrentCell.OwningColumn.Name  [productID]
[ADMIN] [5/16/2017 23:18] [PENJUALAN] CASHIER FORM : Combobox_KeyUp, cashierDataGridView.CurrentCell.OwningColumn.Name  [productID]
[ADMIN] [5/16/2017 23:18] [PENJUALAN] CASHIER FORM : Combobox_previewKeyDown, cashierDataGridView.CurrentCell.OwningColumn.Name  [productID]
[ADMIN] [5/16/2017 23:18] [PENJUALAN] CASHIER FORM : UNREGISTER HOTKEY
[ADMIN] [5/16/2017 23:18] [PENJUALAN] CASHIER FORM : ADD NEW ROW FROM BARCODE [PLW-15L DOG LEAD /W SPRING 150 CM]
[ADMIN] [5/16/2017 23:18] [PENJUALAN] CASHIER FORM : updateSomeRowContents
[ADMIN] [5/16/2017 23:18] [PENJUALAN] CASHIER FORM : cashierDataGridView_CellValueChanged [productID]
[ADMIN] [5/16/2017 23:18] [PENJUALAN] CASHIER FORM : cashierDataGridView_CellValueChanged [productName]
[ADMIN] [5/16/2017 23:18] [PENJUALAN] CASHIER FORM : updateSomeRowContents
[ADMIN] [5/16/2017 23:18] [PENJUALAN] CASHIER FORM : PRODUCT PRICE TYPE [PRODUCT_BASE_PRICE]
[ADMIN] [5/16/2017 23:18] [PENJUALAN] CASHIER FORM : PRODUCT PRICE [57400]
[ADMIN] [5/16/2017 23:18] [PENJUALAN] CASHIER FORM : ComboBox_SelectedIndexChanged, PRODUCT_BASE_PRICE [57400]
[ADMIN] [5/16/2017 23:18] [PENJUALAN] CASHIER FORM : cashierDataGridView_CellValueChanged [hpp]
[ADMIN] [5/16/2017 23:18] [PENJUALAN] CASHIER FORM : PRODUCT PRICE TYPE [PRODUCT_RETAIL_PRICE]
[ADMIN] [5/16/2017 23:18] [PENJUALAN] CASHIER FORM : PRODUCT PRICE [70000]
[ADMIN] [5/16/2017 23:18] [PENJUALAN] CASHIER FORM : ComboBox_SelectedIndexChanged, PRODUCT_SALES_PRICE [70000]
[ADMIN] [5/16/2017 23:18] [PENJUALAN] CASHIER FORM : cashierDataGridView_CellValueChanged [productPrice]
[ADMIN] [5/16/2017 23:18] [PENJUALAN] CASHIER FORM : cashierDataGridView_CellValueChanged, previousInput [0]
[ADMIN] [5/16/2017 23:18] [PENJUALAN] CASHIER FORM : cashierDataGridView_CellValueChanged, cellValue [70000]
[ADMIN] [5/16/2017 23:18] [PENJUALAN] CASHIER FORM : cashierDataGridView_CellValueChanged, dataGridViewTextBoxEditingControl.Text pass REGEX Checking
[ADMIN] [5/16/2017 23:18] [PENJUALAN] CASHIER FORM : CALCULATE SUBTOTAL
[ADMIN] [5/16/2017 23:18] [PENJUALAN] CASHIER FORM : SUBTOTAL [0]
[ADMIN] [5/16/2017 23:18] [PENJUALAN] CASHIER FORM : cashierDataGridView_CellValueChanged, subtotal value [0]
[ADMIN] [5/16/2017 23:18] [PENJUALAN] CASHIER FORM : cashierDataGridView_CellValueChanged, attempt to calculate total value
[ADMIN] [5/16/2017 23:18] [PENJUALAN] CASHIER FORM : calculateTotal
[ADMIN] [5/16/2017 23:18] [PENJUALAN] CASHIER FORM : calculateTotal [1025000]
[ADMIN] [5/16/2017 23:18] [PENJUALAN] CASHIER FORM : calculateTotal, totalAfterDisc [1025000]
[ADMIN] [5/16/2017 23:18] [PENJUALAN] CASHIER FORM : calculateChangeValue, bayarTextBox.Text [0]
[ADMIN] [5/16/2017 23:18] [PENJUALAN] CASHIER FORM : calculateChangeValue, sisaBayar [0]
[ADMIN] [5/16/2017 23:18] [PENJUALAN] CASHIER FORM : cashierDataGridView_CellValueChanged [qty]
[ADMIN] [5/16/2017 23:18] [PENJUALAN] CASHIER FORM : cashierDataGridView_CellValueChanged, previousInput [0]
[ADMIN] [5/16/2017 23:18] [PENJUALAN] CASHIER FORM : cashierDataGridView_CellValueChanged [jumlah]
[ADMIN] [5/16/2017 23:18] [PENJUALAN] CASHIER FORM : calculateTotal
[ADMIN] [5/16/2017 23:18] [PENJUALAN] CASHIER FORM : calculateTotal [1025000]
[ADMIN] [5/16/2017 23:18] [PENJUALAN] CASHIER FORM : calculateTotal, totalAfterDisc [1025000]
[ADMIN] [5/16/2017 23:18] [PENJUALAN] CASHIER FORM : calculateChangeValue, bayarTextBox.Text [0]
[ADMIN] [5/16/2017 23:18] [PENJUALAN] CASHIER FORM : calculateChangeValue, sisaBayar [0]
[ADMIN] [5/16/2017 23:18] [PENJUALAN] CASHIER FORM : CHECK STOCK QTY IS ENOUGH [PLW-15L]
[ADMIN] [5/16/2017 23:18] [PENJUALAN] CASHIER FORM : CHECK STOCK QTY IS ENOUGH [13, 1]
[ADMIN] [5/16/2017 23:18] [PENJUALAN] CASHIER FORM : cashierDataGridView_CellValueChanged [qty]
[ADMIN] [5/16/2017 23:18] [PENJUALAN] CASHIER FORM : cashierDataGridView_CellValueChanged, previousInput [0]
[ADMIN] [5/16/2017 23:18] [PENJUALAN] CASHIER FORM : cashierDataGridView_CellValueChanged, cellValue [1]
[ADMIN] [5/16/2017 23:18] [PENJUALAN] CASHIER FORM : cashierDataGridView_CellValueChanged, dataGridViewTextBoxEditingControl.Text pass REGEX Checking
[ADMIN] [5/16/2017 23:18] [PENJUALAN] CASHIER FORM : CHECK STOCK QTY IS ENOUGH [PLW-15L]
[ADMIN] [5/16/2017 23:18] [PENJUALAN] CASHIER FORM : CHECK STOCK QTY IS ENOUGH [13, 1]
[ADMIN] [5/16/2017 23:18] [PENJUALAN] CASHIER FORM : CALCULATE SUBTOTAL
[ADMIN] [5/16/2017 23:18] [PENJUALAN] CASHIER FORM : SUBTOTAL [70000]
[ADMIN] [5/16/2017 23:18] [PENJUALAN] CASHIER FORM : cashierDataGridView_CellValueChanged, subtotal value [70000]
[ADMIN] [5/16/2017 23:18] [PENJUALAN] CASHIER FORM : cashierDataGridView_CellValueChanged, attempt to calculate total value
[ADMIN] [5/16/2017 23:18] [PENJUALAN] CASHIER FORM : calculateTotal
[ADMIN] [5/16/2017 23:18] [PENJUALAN] CASHIER FORM : calculateTotal [1095000]
[ADMIN] [5/16/2017 23:18] [PENJUALAN] CASHIER FORM : calculateTotal, totalAfterDisc [1095000]
[ADMIN] [5/16/2017 23:18] [PENJUALAN] CASHIER FORM : calculateChangeValue, bayarTextBox.Text [0]
[ADMIN] [5/16/2017 23:18] [PENJUALAN] CASHIER FORM : calculateChangeValue, sisaBayar [0]
[ADMIN] [5/16/2017 23:18] [PENJUALAN] CASHIER FORM : SET QTY TO 1 BECAUSE OF NEW ROW
[ADMIN] [5/16/2017 23:18] [PENJUALAN] CASHIER FORM : CALCULATE SUBTOTAL
[ADMIN] [5/16/2017 23:18] [PENJUALAN] CASHIER FORM : SUBTOTAL [70000]
[ADMIN] [5/16/2017 23:18] [PENJUALAN] CASHIER FORM : calculateTotal
[ADMIN] [5/16/2017 23:18] [PENJUALAN] CASHIER FORM : calculateTotal [1095000]
[ADMIN] [5/16/2017 23:18] [PENJUALAN] CASHIER FORM : calculateTotal, totalAfterDisc [1095000]
[ADMIN] [5/16/2017 23:18] [PENJUALAN] CASHIER FORM : calculateChangeValue, bayarTextBox.Text [0]
[ADMIN] [5/16/2017 23:18] [PENJUALAN] CASHIER FORM : calculateChangeValue, sisaBayar [0]
[ADMIN] [5/16/2017 23:18] [PENJUALAN] CASHIER FORM : UPDATE ROW NUMBER, TOTAL ROW [3]
[ADMIN] [5/16/2017 23:18] [PENJUALAN] CASHIER FORM : cashierDataGridView_CellValueChanged [F8]
[ADMIN] [5/16/2017 23:18] [PENJUALAN] CASHIER FORM : REGISTER HOTKEY
[ADMIN] [5/16/2017 23:18] [PENJUALAN] CASHIER FORM : calculateChangeValue, bayarTextBox.Text [20]
[ADMIN] [5/16/2017 23:18] [PENJUALAN] CASHIER FORM : calculateChangeValue, sisaBayar [0]
[ADMIN] [5/16/2017 23:18] [PENJUALAN] CASHIER FORM : calculateChangeValue, bayarTextBox.Text [200]
[ADMIN] [5/16/2017 23:18] [PENJUALAN] CASHIER FORM : calculateChangeValue, sisaBayar [0]
[ADMIN] [5/16/2017 23:18] [PENJUALAN] CASHIER FORM : calculateChangeValue, bayarTextBox.Text [2000]
[ADMIN] [5/16/2017 23:18] [PENJUALAN] CASHIER FORM : calculateChangeValue, sisaBayar [0]
[ADMIN] [5/16/2017 23:18] [PENJUALAN] CASHIER FORM : calculateChangeValue, bayarTextBox.Text [20000]
[ADMIN] [5/16/2017 23:18] [PENJUALAN] CASHIER FORM : calculateChangeValue, sisaBayar [0]
[ADMIN] [5/16/2017 23:18] [PENJUALAN] CASHIER FORM : calculateChangeValue, bayarTextBox.Text [200000]
[ADMIN] [5/16/2017 23:18] [PENJUALAN] CASHIER FORM : calculateChangeValue, sisaBayar [0]
[ADMIN] [5/16/2017 23:18] [PENJUALAN] CASHIER FORM : calculateChangeValue, bayarTextBox.Text [2000000]
[ADMIN] [5/16/2017 23:18] [PENJUALAN] CASHIER FORM : calculateChangeValue, sisaBayar [905000]
[ADMIN] [5/16/2017 23:18] [PENJUALAN] CASHIER FORM : ChangePrinterButton_Click, DISPLAY PRINTER SELECTION FORM
[ADMIN] [5/16/2017 23:18] [PENJUALAN] CASHIER FORM : UNREGISTER HOTKEY
[ADMIN] [5/16/2017 23:18] [PENGATURAN PRINTER] PAPER SIZE CHANGED [2]
[ADMIN] [5/16/2017 23:18] [PENGATURAN PRINTER] DEFAULT PRINTER CHANGED [PrimoPDF]
[ADMIN] [5/16/2017 23:18] [PENJUALAN] CASHIER FORM : REGISTER HOTKEY
[ADMIN] [5/16/2017 23:18] [PENJUALAN] CASHIER FORM : HOTKEY TO SAVE AND PRINT OUT INVOICE PRESSED
[ADMIN] [5/16/2017 23:18] [PENJUALAN] CASHIER FORM : UNREGISTER HOTKEY
[ADMIN] [5/16/2017 23:18] [PENJUALAN] CASHIER FORM : REGISTER HOTKEY
[ADMIN] [5/16/2017 23:18] [PENJUALAN] ATTEMPT TO SAVE AND PRINT OUT INVOICE
[ADMIN] [5/16/2017 23:18] [PENJUALAN] CASHIER FORM : UNREGISTER HOTKEY
[ADMIN] [5/16/2017 23:18] [PENJUALAN] CASHIER FORM : REGISTER HOTKEY
[ADMIN] [5/16/2017 23:18] [PENJUALAN] CASHIER FORM : UNREGISTER HOTKEY
[ADMIN] [5/16/2017 23:18] [PENJUALAN] CASHIER FORM : ATTEMPT TO SAVE SALES DATA [16-05-2017 23:18]
[ADMIN] [5/16/2017 23:18] [PENJUALAN] CASHIER FORM : SALES DISC FINAL [0]
[ADMIN] [5/16/2017 23:18] [PENJUALAN] CASHIER FORM : CASH SALES
[ADMIN] [5/16/2017 23:18] [PENJUALAN] CHECK IF TAX LIMIT SET FOR PERCENTAGE PURCHASE [0]
[ADMIN] [5/16/2017 23:18] [PENJUALAN] CHECK IF TAX LIMIT SET FOR AVERAGE DAILY PURCHASE [0]
[ADMIN] [5/16/2017 23:18] [PENJUALAN] CASHIER FORM : NO FAKTUR [SLO001]
[ADMIN] [5/16/2017 23:18] [PENJUALAN] CASHIER FORM : MAX SALES INVOICE [1]
[ADMIN] [5/16/2017 23:18] [PENJUALAN] CASHIER FORM : SALES INVOICE [SLO001-2]
[ADMIN] [5/16/2017 23:18] [PENJUALAN] INSERT INTO SALES HEADER [SLO001-2]
[ADMIN] [5/16/2017 23:18] [PENJUALAN] INSERT INTO SALES DETAIL[021653513280, 1025000, 1]
[ADMIN] [5/16/2017 23:18] [PENJUALAN] REDUCE STOCK AT MASTER PRODUCT [021653513280]
[ADMIN] [5/16/2017 23:18] [PENJUALAN] REDUCE STOCK AT PRODUCT_EXPIRY LOT [2202]
[ADMIN] [5/16/2017 23:18] [PENJUALAN] SAVE PRODUCT LOT INFORMATION FOR EACH ITEM AND AMOUNT
[ADMIN] [5/16/2017 23:18] [PENJUALAN] INSERT INTO SALES DETAIL[PLW-15L, 70000, 1]
[ADMIN] [5/16/2017 23:18] [PENJUALAN] REDUCE STOCK AT MASTER PRODUCT [PLW-15L]
[ADMIN] [5/16/2017 23:18] [PENJUALAN] REDUCE STOCK AT PRODUCT_EXPIRY LOT [1491]
[ADMIN] [5/16/2017 23:18] [PENJUALAN] SAVE PRODUCT LOT INFORMATION FOR EACH ITEM AND AMOUNT
[ADMIN] [5/16/2017 23:18] [PENJUALAN] INSERT TO CREDIT TABLE [SLO001-2]
[ADMIN] [5/16/2017 23:18] [PENJUALAN] INSERT TO DAILY JOURNAL TABLE [1095000]
[ADMIN] [5/16/2017 23:18] [PENJUALAN] CASHIER FORM : REGISTER HOTKEY
[ADMIN] [5/16/2017 23:18] [PENJUALAN] TRANSACTION SAVED
[ADMIN] [5/16/2017 23:18] [PENJUALAN] PRINT OUT INVOICE
[ADMIN] [5/16/2017 23:18] [PENJUALAN] CASHIER FORM : PrintReceipt
[ADMIN] [5/16/2017 23:18] [PENJUALAN] CASHIER FORM : PrintReceipt, papermode [2]
[ADMIN] [5/16/2017 23:18] [PENJUALAN] CASHIER FORM : PrintReceipt, kuarto paper, display SalesReceiptKuartoForm
[ADMIN] [5/16/2017 23:18] [PENJUALAN] CASHIER FORM : UNREGISTER HOTKEY
[ADMIN] [5/16/2017 23:18] [PENJUALAN] CASHIER FORM : REGISTER HOTKEY
[ADMIN] [5/16/2017 23:18] [PENJUALAN] CASHIER FORM : UNREGISTER HOTKEY
[ADMIN] [5/16/2017 23:18] [PENJUALAN] CASHIER FORM : REGISTER HOTKEY
[ADMIN] [5/16/2017 23:18] [PENJUALAN] CASHIER FORM : UPDATE ROW NUMBER, TOTAL ROW [1]
[ADMIN] [5/16/2017 23:18] [PENJUALAN] CASHIER FORM : UNREGISTER HOTKEY
[ADMIN] [5/16/2017 23:18] [PENJUALAN] CASHIER FORM : UNREGISTER HOTKEY
[ADMIN] [5/16/2017 23:19] [] CREATE DATA USER DETAIL FORM, UID [2]
[ADMIN] [5/16/2017 23:19] [] USER ID = 1LOGOUT
[ADMIN] [5/16/2017 23:19] [] USER = ANITA IS ACTIVE
[ANITA] [5/16/2017 23:19] [] USER ID = 2 LOGIN SUCCESSFULLY
[ANITA] [5/16/2017 23:19] [] DISPLAY CASHIER LOGIN FORM
[ANITA] [5/16/2017 23:19] [] DISPLAY CASHIER LOG SCREEN FOR CASHIER LOGIN
[ANITA] [5/16/2017 23:19] [] INSERT DATA FOR A NEW CASHIER SESSION, SA=11111
[ANITA] [5/16/2017 23:19] [] ACTIVATE USER ACCESS RIGHT
[ANITA] [5/16/2017 23:19] [] adminForm Load
[ANITA] [5/16/2017 23:19] [] ACTIVATE USER ACCESS RIGHT
[ANITA] [5/16/2017 23:19] [] DISPLAY CASHIER LOG SCREEN FOR CASHIER LOGOUT
[ANITA] [5/16/2017 23:19] [] UPDATE DATA FOR CASHIER END SESSION, EA=22222, TC = 0, TN=0, TO=0
[ANITA] [5/16/2017 23:19] [] USER ID = 2LOGOUT
