[] [6/9/2017 13:54] [] USER = ADMIN IS ACTIVE
[ADMIN] [6/9/2017 13:54] [] USER ID = 1 LOGIN SUCCESSFULLY
[ADMIN] [6/9/2017 13:54] [] ACTIVATE USER ACCESS RIGHT
[ADMIN] [6/9/2017 13:54] [] DISPLAY ADMIN FORM
[ADMIN] [6/9/2017 13:54] [] adminForm Load
[ADMIN] [6/9/2017 13:54] [] ACTIVATE USER ACCESS RIGHT
[ADMIN] [6/9/2017 14:20] [MUTASI BARANG] MUTASI BARANG : detailRequestOrderDataGridView_CellValueChanged [productID]
[ADMIN] [6/9/2017 14:20] [MUTASI BARANG] MUTASI BARANG : detailRequestOrderDataGridView_CellValueChanged [productID]
[ADMIN] [6/9/2017 14:20] [MUTASI BARANG] MUTASI BARANG : detailRequestOrderDataGridView_CellValueChanged [productID]
[ADMIN] [6/9/2017 14:20] [MUTASI BARANG] MUTASI BARANG : detailRequestOrderDataGridView_CellValueChanged [productID]
[ADMIN] [6/9/2017 14:20] [MUTASI BARANG] MUTASI BARANG : detailRequestOrderDataGridView_CellValueChanged [productID]
[ADMIN] [6/9/2017 14:20] [MUTASI BARANG] MUTASI BARANG : detailRequestOrderDataGridView_CellValueChanged [productID]
[ADMIN] [6/9/2017 14:20] [MUTASI BARANG] MUTASI BARANG : detailRequestOrderDataGridView_CellValueChanged [productID]
[ADMIN] [6/9/2017 14:20] [MUTASI BARANG] MUTASI BARANG : detailRequestOrderDataGridView_CellValueChanged [productName]
[ADMIN] [6/9/2017 14:20] [MUTASI BARANG] updateSomeRowsContent, PRODUCT_BASE_PRICE [29250]
[ADMIN] [6/9/2017 14:20] [MUTASI BARANG] MUTASI BARANG : detailRequestOrderDataGridView_CellValueChanged [hpp]
[ADMIN] [6/9/2017 14:20] [MUTASI BARANG] MUTASI BARANG : detailRequestOrderDataGridView_CellValueChanged [qty]
[ADMIN] [6/9/2017 14:20] [MUTASI BARANG] MUTASI BARANG : detailRequestOrderDataGridView_CellValueChanged [subtotal]
[ADMIN] [6/9/2017 14:20] [MUTASI BARANG] updateSomeRowsContent, attempt to calculate total
[ADMIN] [6/9/2017 14:20] [MUTASI BARANG] MUTASI BARANG : detailRequestOrderDataGridView_CellValueChanged [expiryDateValue]
[ADMIN] [6/9/2017 14:20] [MUTASI BARANG] MUTASI BARANG : detailRequestOrderDataGridView_CellValueChanged [expiryDate]
[ADMIN] [6/9/2017 14:20] [MUTASI BARANG] MUTASI BARANG : detailRequestOrderDataGridView_CellValueChanged [qty]
[ADMIN] [6/9/2017 14:20] [MUTASI BARANG] MUTASI BARANG : detailRequestOrderDataGridView_CellValueChanged [subtotal]
[ADMIN] [6/9/2017 14:23] [PENERIMAAN BARANG] PENERIMAAN BARANG : detailGridView_CellValueChanged [productID]
[ADMIN] [6/9/2017 14:23] [PENERIMAAN BARANG] PENERIMAAN BARANG : detailGridView_CellValueChanged [productID]
[ADMIN] [6/9/2017 14:23] [PENERIMAAN BARANG] PENERIMAAN BARANG : detailGridView_CellValueChanged [productID]
[ADMIN] [6/9/2017 14:23] [PENERIMAAN BARANG] PENERIMAAN BARANG : detailGridView_CellValueChanged [productID]
[ADMIN] [6/9/2017 14:23] [PENERIMAAN BARANG] PENERIMAAN BARANG : detailGridView_CellValueChanged [productName]
[ADMIN] [6/9/2017 14:23] [PENJUALAN] CASHIER FORM : ComboBox_SelectedIndexChanged, PRODUCT_BASE_PRICE [29250]
[ADMIN] [6/9/2017 14:23] [PENERIMAAN BARANG] PENERIMAAN BARANG : detailGridView_CellValueChanged [hpp]
[ADMIN] [6/9/2017 14:23] [PENERIMAAN BARANG] PENERIMAAN BARANG : detailGridView_CellValueChanged [subtotal]
[ADMIN] [6/9/2017 14:23] [PENERIMAAN BARANG] PENERIMAAN BARANG : detailGridView_CellValueChanged [qtyReceived]
[ADMIN] [6/9/2017 14:23] [PENERIMAAN BARANG] PENERIMAAN BARANG : detailGridView_CellValueChanged [subtotal]
[ADMIN] [6/9/2017 14:23] [PENJUALAN] CASHIER FORM : ComboBox_SelectedIndexChanged, attempt to calculate total
[ADMIN] [6/9/2017 14:23] [PENERIMAAN BARANG] PENERIMAAN BARANG : detailGridView_CellValueChanged [qtyReceived]
[ADMIN] [6/9/2017 14:23] [PENERIMAAN BARANG] PENERIMAAN BARANG : detailGridView_CellValueChanged [subtotal]
[ADMIN] [6/9/2017 14:23] [PENERIMAAN BARANG] PENERIMAAN BARANG : detailGridView_CellValueChanged [subtotal]
[ADMIN] [6/9/2017 14:23] [PENERIMAAN BARANG] PENERIMAAN BARANG : detailGridView_CellValueChanged [expiryDate]
[ADMIN] [6/9/2017 14:23] [PENERIMAAN BARANG] PENERIMAAN BARANG : detailGridView_CellValueChanged [expiryDateValue]
[ADMIN] [6/9/2017 14:29] [RETUR PERMINTAAN KE PUSAT] RETUR PERMINTAAN : detailReturDataGridView_CellValueChanged [productID]
[ADMIN] [6/9/2017 14:29] [RETUR PERMINTAAN KE PUSAT] RETUR PERMINTAAN : detailReturDataGridView_CellValueChanged [productID]
[ADMIN] [6/9/2017 14:29] [RETUR PERMINTAAN KE PUSAT] RETUR PERMINTAAN : detailReturDataGridView_CellValueChanged [productID]
[ADMIN] [6/9/2017 14:29] [RETUR PERMINTAAN KE PUSAT] RETUR PERMINTAAN : detailReturDataGridView_CellValueChanged [productID]
[ADMIN] [6/9/2017 14:29] [RETUR PERMINTAAN KE PUSAT] RETUR PERMINTAAN : detailReturDataGridView_CellValueChanged [productID]
[ADMIN] [6/9/2017 14:29] [RETUR PERMINTAAN KE PUSAT] RETUR PERMINTAAN : detailReturDataGridView_CellValueChanged [productName]
[ADMIN] [6/9/2017 14:29] [RETUR PERMINTAAN KE PUSAT] updateSomeRowsContent, PRODUCT_BASE_PRICE [29250]
[ADMIN] [6/9/2017 14:29] [RETUR PERMINTAAN KE PUSAT] RETUR PERMINTAAN : detailReturDataGridView_CellValueChanged [HPP]
[ADMIN] [6/9/2017 14:29] [RETUR PERMINTAAN KE PUSAT] RETUR PERMINTAAN : detailReturDataGridView_CellValueChanged [qty]
[ADMIN] [6/9/2017 14:29] [RETUR PERMINTAAN KE PUSAT] RETUR PERMINTAAN : detailReturDataGridView_CellValueChanged [subTotal]
[ADMIN] [6/9/2017 14:29] [RETUR PERMINTAAN KE PUSAT] RETUR PERMINTAAN : detailReturDataGridView_CellValueChanged [subTotal]
[ADMIN] [6/9/2017 14:29] [RETUR PERMINTAAN KE PUSAT] updateSomeRowsContent, attempt to calculate total
[ADMIN] [6/9/2017 14:29] [RETUR PERMINTAAN KE PUSAT] RETUR PERMINTAAN : detailReturDataGridView_CellValueChanged [expiryDateValue]
[ADMIN] [6/9/2017 14:29] [RETUR PERMINTAAN KE PUSAT] RETUR PERMINTAAN : detailReturDataGridView_CellValueChanged [expiryDate]
[ADMIN] [6/9/2017 14:29] [RETUR PERMINTAAN KE PUSAT] RETUR PERMINTAAN : detailReturDataGridView_CellValueChanged [qty]
[ADMIN] [6/9/2017 14:29] [RETUR PERMINTAAN KE PUSAT] RETUR PERMINTAAN : detailReturDataGridView_CellValueChanged [subTotal]
[ADMIN] [6/9/2017 14:29] [RETUR PERMINTAAN KE PUSAT] RETUR PERMINTAAN : detailReturDataGridView_CellValueChanged [subTotal]
[ADMIN] [6/9/2017 14:30] [RETUR PERMINTAAN KE PUSAT] RETUR PERMINTAAN : detailReturDataGridView_CellValueChanged [productID]
[ADMIN] [6/9/2017 14:30] [RETUR PERMINTAAN KE PUSAT] RETUR PERMINTAAN : detailReturDataGridView_CellValueChanged [productID]
[ADMIN] [6/9/2017 14:30] [RETUR PERMINTAAN KE PUSAT] RETUR PERMINTAAN : detailReturDataGridView_CellValueChanged [productID]
[ADMIN] [6/9/2017 14:30] [RETUR PERMINTAAN KE PUSAT] RETUR PERMINTAAN : detailReturDataGridView_CellValueChanged [productID]
[ADMIN] [6/9/2017 14:30] [RETUR PERMINTAAN KE PUSAT] RETUR PERMINTAAN : detailReturDataGridView_CellValueChanged [productID]
[ADMIN] [6/9/2017 14:30] [RETUR PERMINTAAN KE PUSAT] RETUR PERMINTAAN : detailReturDataGridView_CellValueChanged [productName]
[ADMIN] [6/9/2017 14:30] [RETUR PERMINTAAN KE PUSAT] updateSomeRowsContent, PRODUCT_BASE_PRICE [29250]
[ADMIN] [6/9/2017 14:30] [RETUR PERMINTAAN KE PUSAT] RETUR PERMINTAAN : detailReturDataGridView_CellValueChanged [HPP]
[ADMIN] [6/9/2017 14:30] [RETUR PERMINTAAN KE PUSAT] RETUR PERMINTAAN : detailReturDataGridView_CellValueChanged [qty]
[ADMIN] [6/9/2017 14:30] [RETUR PERMINTAAN KE PUSAT] RETUR PERMINTAAN : detailReturDataGridView_CellValueChanged [subTotal]
[ADMIN] [6/9/2017 14:30] [RETUR PERMINTAAN KE PUSAT] RETUR PERMINTAAN : detailReturDataGridView_CellValueChanged [subTotal]
[ADMIN] [6/9/2017 14:30] [RETUR PERMINTAAN KE PUSAT] updateSomeRowsContent, attempt to calculate total
[ADMIN] [6/9/2017 14:30] [RETUR PERMINTAAN KE PUSAT] RETUR PERMINTAAN : detailReturDataGridView_CellValueChanged [expiryDateValue]
[ADMIN] [6/9/2017 14:30] [RETUR PERMINTAAN KE PUSAT] RETUR PERMINTAAN : detailReturDataGridView_CellValueChanged [expiryDate]
[ADMIN] [6/9/2017 14:30] [RETUR PERMINTAAN KE PUSAT] RETUR PERMINTAAN : detailReturDataGridView_CellValueChanged [qty]
[ADMIN] [6/9/2017 14:30] [RETUR PERMINTAAN KE PUSAT] RETUR PERMINTAAN : detailReturDataGridView_CellValueChanged [subTotal]
[ADMIN] [6/9/2017 14:30] [RETUR PERMINTAAN KE PUSAT] RETUR PERMINTAAN : detailReturDataGridView_CellValueChanged [subTotal]
[ADMIN] [6/9/2017 14:30] [PURCHASE ORDER] PURCHASE ORDER : detailPODataGridView_CellValueChanged [productID]
[ADMIN] [6/9/2017 14:30] [PURCHASE ORDER] PURCHASE ORDER : detailPODataGridView_CellValueChanged [productID]
[ADMIN] [6/9/2017 14:30] [PURCHASE ORDER] PURCHASE ORDER : detailPODataGridView_CellValueChanged [productID]
[ADMIN] [6/9/2017 14:30] [PURCHASE ORDER] PURCHASE ORDER : detailPODataGridView_CellValueChanged [productID]
[ADMIN] [6/9/2017 14:30] [PURCHASE ORDER] PURCHASE ORDER : detailPODataGridView_CellValueChanged [productID]
[ADMIN] [6/9/2017 14:30] [PURCHASE ORDER] PURCHASE ORDER : detailPODataGridView_CellValueChanged [productName]
[ADMIN] [6/9/2017 14:30] [PURCHASE ORDER] updateSomeRowsContent, PRODUCT_BASE_PRICE [24900]
[ADMIN] [6/9/2017 14:30] [PURCHASE ORDER] PURCHASE ORDER : detailPODataGridView_CellValueChanged [HPP]
[ADMIN] [6/9/2017 14:30] [PURCHASE ORDER] PURCHASE ORDER : detailPODataGridView_CellValueChanged [subTotal]
[ADMIN] [6/9/2017 14:30] [PURCHASE ORDER] PURCHASE ORDER : detailPODataGridView_CellValueChanged [qty]
[ADMIN] [6/9/2017 14:30] [PURCHASE ORDER] PURCHASE ORDER : detailPODataGridView_CellValueChanged [subTotal]
[ADMIN] [6/9/2017 14:30] [PURCHASE ORDER] updateSomeRowsContent, attempt to calculate total
[ADMIN] [6/9/2017 14:30] [PURCHASE ORDER] PURCHASE ORDER : detailPODataGridView_CellValueChanged [qty]
[ADMIN] [6/9/2017 14:30] [PURCHASE ORDER] PURCHASE ORDER : detailPODataGridView_CellValueChanged [subTotal]
[ADMIN] [6/9/2017 14:31] [REQUEST ORDER] REQUEST ORDER : detailRequestOrderDataGridView_CellValueChanged [productID]
[ADMIN] [6/9/2017 14:31] [REQUEST ORDER] REQUEST ORDER : detailRequestOrderDataGridView_CellValueChanged [productID]
[ADMIN] [6/9/2017 14:31] [REQUEST ORDER] REQUEST ORDER : detailRequestOrderDataGridView_CellValueChanged [productID]
[ADMIN] [6/9/2017 14:31] [REQUEST ORDER] REQUEST ORDER : detailRequestOrderDataGridView_CellValueChanged [productID]
[ADMIN] [6/9/2017 14:31] [REQUEST ORDER] REQUEST ORDER : detailRequestOrderDataGridView_CellValueChanged [productID]
[ADMIN] [6/9/2017 14:31] [REQUEST ORDER] REQUEST ORDER : detailRequestOrderDataGridView_CellValueChanged [productName]
[ADMIN] [6/9/2017 14:31] [REQUEST ORDER] updateSomeRowsContent, PRODUCT_BASE_PRICE [29250]
[ADMIN] [6/9/2017 14:31] [REQUEST ORDER] REQUEST ORDER : detailRequestOrderDataGridView_CellValueChanged [HPP]
[ADMIN] [6/9/2017 14:31] [REQUEST ORDER] REQUEST ORDER : detailRequestOrderDataGridView_CellValueChanged [qty]
[ADMIN] [6/9/2017 14:31] [REQUEST ORDER] REQUEST ORDER : detailRequestOrderDataGridView_CellValueChanged [subTotal]
[ADMIN] [6/9/2017 14:31] [REQUEST ORDER] REQUEST ORDER : detailRequestOrderDataGridView_CellValueChanged [subTotal]
[ADMIN] [6/9/2017 14:31] [REQUEST ORDER] updateSomeRowsContent, attempt to calculate total
[ADMIN] [6/9/2017 14:31] [REQUEST ORDER] REQUEST ORDER : detailRequestOrderDataGridView_CellValueChanged [qty]
[ADMIN] [6/9/2017 14:31] [REQUEST ORDER] REQUEST ORDER : detailRequestOrderDataGridView_CellValueChanged [subTotal]
[ADMIN] [6/9/2017 14:32] [PENERIMAAN BARANG] PENERIMAAN BARANG : detailGridView_CellValueChanged [productID]
[ADMIN] [6/9/2017 14:32] [PENERIMAAN BARANG] PENERIMAAN BARANG : detailGridView_CellValueChanged [productID]
[ADMIN] [6/9/2017 14:32] [PENERIMAAN BARANG] PENERIMAAN BARANG : detailGridView_CellValueChanged [productID]
[ADMIN] [6/9/2017 14:32] [PENERIMAAN BARANG] PENERIMAAN BARANG : detailGridView_CellValueChanged [productID]
[ADMIN] [6/9/2017 14:32] [PENERIMAAN BARANG] PENERIMAAN BARANG : detailGridView_CellValueChanged [productID]
[ADMIN] [6/9/2017 14:32] [PENERIMAAN BARANG] PENERIMAAN BARANG : detailGridView_CellValueChanged [productName]
[ADMIN] [6/9/2017 14:32] [PENJUALAN] CASHIER FORM : ComboBox_SelectedIndexChanged, PRODUCT_BASE_PRICE [29250]
[ADMIN] [6/9/2017 14:32] [PENERIMAAN BARANG] PENERIMAAN BARANG : detailGridView_CellValueChanged [hpp]
[ADMIN] [6/9/2017 14:32] [PENERIMAAN BARANG] PENERIMAAN BARANG : detailGridView_CellValueChanged [subtotal]
[ADMIN] [6/9/2017 14:32] [PENERIMAAN BARANG] PENERIMAAN BARANG : detailGridView_CellValueChanged [qtyReceived]
[ADMIN] [6/9/2017 14:32] [PENERIMAAN BARANG] PENERIMAAN BARANG : detailGridView_CellValueChanged [subtotal]
[ADMIN] [6/9/2017 14:32] [PENJUALAN] CASHIER FORM : ComboBox_SelectedIndexChanged, attempt to calculate total
[ADMIN] [6/9/2017 14:32] [PENERIMAAN BARANG] PENERIMAAN BARANG : detailGridView_CellValueChanged [qtyReceived]
[ADMIN] [6/9/2017 14:32] [PENERIMAAN BARANG] PENERIMAAN BARANG : detailGridView_CellValueChanged [subtotal]
[ADMIN] [6/9/2017 14:32] [PENERIMAAN BARANG] PENERIMAAN BARANG : detailGridView_CellValueChanged [subtotal]
[ADMIN] [6/9/2017 14:32] [PENJUALAN] CASHIER FORM : MULTIPLE CASHIER INSTANCE [1]
[ADMIN] [6/9/2017 14:32] [PENJUALAN] CASHIER FORM : REGISTER HOTKEY
[ADMIN] [6/9/2017 14:32] [PENJUALAN] CASHIER FORM : cashierForm_Load, ATTEMPT TO LOAD NO FAKTUR
[ADMIN] [6/9/2017 14:32] [PENJUALAN] CASHIER FORM : loadNoFaktur, noFakturValue [SLO001]
[ADMIN] [6/9/2017 14:32] [PENJUALAN] CASHIER FORM : cashierForm_Load, ATTEMPT TO addColumnToDataGrid
[ADMIN] [6/9/2017 14:32] [PENJUALAN] CASHIER FORM : UPDATE ROW NUMBER, TOTAL ROW [1]
[ADMIN] [6/9/2017 14:32] [PENJUALAN] CASHIER FORM : REGISTER HOTKEY
[ADMIN] [6/9/2017 14:34] [PENJUALAN] CASHIER FORM : Combobox_previewKeyDown, cashierDataGridView.CurrentCell.OwningColumn.Name  [productID]
[ADMIN] [6/9/2017 14:34] [PENJUALAN] CASHIER FORM : UPDATE ROW NUMBER, TOTAL ROW [2]
[ADMIN] [6/9/2017 14:34] [PENJUALAN] CASHIER FORM : cashierDataGridView_CellValueChanged [F8]
[ADMIN] [6/9/2017 14:34] [PENJUALAN] CASHIER FORM : cashierDataGridView_CellValueChanged [productID]
[ADMIN] [6/9/2017 14:34] [PENJUALAN] CASHIER FORM : Combobox_previewKeyDown, cashierDataGridView.CurrentCell.OwningColumn.Name  [productID]
[ADMIN] [6/9/2017 14:34] [PENJUALAN] CASHIER FORM : cashierDataGridView_CellValueChanged [productID]
[ADMIN] [6/9/2017 14:34] [PENJUALAN] CASHIER FORM : Combobox_KeyUp, cashierDataGridView.CurrentCell.OwningColumn.Name  [productID]
[ADMIN] [6/9/2017 14:34] [PENJUALAN] CASHIER FORM : Combobox_KeyUp, cashierDataGridView.CurrentCell.OwningColumn.Name  [productID]
[ADMIN] [6/9/2017 14:34] [PENJUALAN] CASHIER FORM : Combobox_previewKeyDown, cashierDataGridView.CurrentCell.OwningColumn.Name  [productID]
[ADMIN] [6/9/2017 14:34] [PENJUALAN] CASHIER FORM : cashierDataGridView_CellValueChanged [productID]
[ADMIN] [6/9/2017 14:34] [PENJUALAN] CASHIER FORM : Combobox_previewKeyDown, cashierDataGridView.CurrentCell.OwningColumn.Name  [productID]
[ADMIN] [6/9/2017 14:34] [PENJUALAN] CASHIER FORM : cashierDataGridView_CellValueChanged [productID]
[ADMIN] [6/9/2017 14:34] [PENJUALAN] CASHIER FORM : Combobox_KeyUp, cashierDataGridView.CurrentCell.OwningColumn.Name  [productID]
[ADMIN] [6/9/2017 14:34] [PENJUALAN] CASHIER FORM : Combobox_KeyUp, cashierDataGridView.CurrentCell.OwningColumn.Name  [productID]
[ADMIN] [6/9/2017 14:34] [PENJUALAN] CASHIER FORM : Combobox_previewKeyDown, cashierDataGridView.CurrentCell.OwningColumn.Name  [productID]
[ADMIN] [6/9/2017 14:34] [PENJUALAN] CASHIER FORM : UNREGISTER HOTKEY
[ADMIN] [6/9/2017 14:34] [PENJUALAN] CASHIER FORM : ADD NEW ROW FROM BARCODE [ALPO PUPPY 1 KG]
[ADMIN] [6/9/2017 14:34] [PENJUALAN] CASHIER FORM : updateSomeRowContents
[ADMIN] [6/9/2017 14:34] [PENJUALAN] CASHIER FORM : cashierDataGridView_CellValueChanged [productID]
[ADMIN] [6/9/2017 14:34] [PENJUALAN] CASHIER FORM : cashierDataGridView_CellValueChanged [productName]
[ADMIN] [6/9/2017 14:34] [PENJUALAN] CASHIER FORM : updateSomeRowContents
[ADMIN] [6/9/2017 14:34] [PENJUALAN] CASHIER FORM : PRODUCT PRICE TYPE [PRODUCT_BASE_PRICE]
[ADMIN] [6/9/2017 14:34] [PENJUALAN] CASHIER FORM : PRODUCT PRICE [29250]
[ADMIN] [6/9/2017 14:34] [PENJUALAN] CASHIER FORM : ComboBox_SelectedIndexChanged, PRODUCT_BASE_PRICE [29250]
[ADMIN] [6/9/2017 14:34] [PENJUALAN] CASHIER FORM : cashierDataGridView_CellValueChanged [hpp]
[ADMIN] [6/9/2017 14:34] [PENJUALAN] CASHIER FORM : PRODUCT PRICE TYPE [PRODUCT_RETAIL_PRICE]
[ADMIN] [6/9/2017 14:34] [PENJUALAN] CASHIER FORM : PRODUCT PRICE [35000]
[ADMIN] [6/9/2017 14:34] [PENJUALAN] CASHIER FORM : ComboBox_SelectedIndexChanged, PRODUCT_SALES_PRICE [35000]
[ADMIN] [6/9/2017 14:34] [PENJUALAN] CASHIER FORM : cashierDataGridView_CellValueChanged [productPrice]
[ADMIN] [6/9/2017 14:34] [PENJUALAN] CASHIER FORM : cashierDataGridView_CellValueChanged, previousInput [0]
[ADMIN] [6/9/2017 14:34] [PENJUALAN] CASHIER FORM : cashierDataGridView_CellValueChanged, cellValue [35000]
[ADMIN] [6/9/2017 14:34] [PENJUALAN] CASHIER FORM : cashierDataGridView_CellValueChanged, dataGridViewTextBoxEditingControl.Text pass REGEX Checking
[ADMIN] [6/9/2017 14:34] [PENJUALAN] CASHIER FORM : CALCULATE SUBTOTAL
[ADMIN] [6/9/2017 14:34] [PENJUALAN] CASHIER FORM : SUBTOTAL [0]
[ADMIN] [6/9/2017 14:34] [PENJUALAN] CASHIER FORM : cashierDataGridView_CellValueChanged, subtotal value [0]
[ADMIN] [6/9/2017 14:34] [PENJUALAN] CASHIER FORM : cashierDataGridView_CellValueChanged, attempt to calculate total value
[ADMIN] [6/9/2017 14:34] [PENJUALAN] CASHIER FORM : calculateTotal
[ADMIN] [6/9/2017 14:34] [PENJUALAN] CASHIER FORM : calculateTotal [0]
[ADMIN] [6/9/2017 14:34] [PENJUALAN] CASHIER FORM : calculateTotal, totalAfterDisc [0]
[ADMIN] [6/9/2017 14:34] [PENJUALAN] CASHIER FORM : calculateChangeValue, bayarTextBox.Text [0]
[ADMIN] [6/9/2017 14:34] [PENJUALAN] CASHIER FORM : calculateChangeValue, sisaBayar [0]
[ADMIN] [6/9/2017 14:34] [PENJUALAN] CASHIER FORM : cashierDataGridView_CellValueChanged [qty]
[ADMIN] [6/9/2017 14:34] [PENJUALAN] CASHIER FORM : cashierDataGridView_CellValueChanged, previousInput [0]
[ADMIN] [6/9/2017 14:34] [PENJUALAN] CASHIER FORM : cashierDataGridView_CellValueChanged [jumlah]
[ADMIN] [6/9/2017 14:34] [PENJUALAN] CASHIER FORM : calculateTotal
[ADMIN] [6/9/2017 14:34] [PENJUALAN] CASHIER FORM : calculateTotal [0]
[ADMIN] [6/9/2017 14:34] [PENJUALAN] CASHIER FORM : calculateTotal, totalAfterDisc [0]
[ADMIN] [6/9/2017 14:34] [PENJUALAN] CASHIER FORM : calculateChangeValue, bayarTextBox.Text [0]
[ADMIN] [6/9/2017 14:34] [PENJUALAN] CASHIER FORM : calculateChangeValue, sisaBayar [0]
[ADMIN] [6/9/2017 14:34] [PENJUALAN] CASHIER FORM : CHECK STOCK QTY IS ENOUGH [ALPO-P1]
[ADMIN] [6/9/2017 14:34] [PENJUALAN] CASHIER FORM : CHECK STOCK QTY IS ENOUGH [50, 1]
[ADMIN] [6/9/2017 14:34] [PENJUALAN] CASHIER FORM : cashierDataGridView_CellValueChanged [qty]
[ADMIN] [6/9/2017 14:34] [PENJUALAN] CASHIER FORM : cashierDataGridView_CellValueChanged, previousInput [0]
[ADMIN] [6/9/2017 14:34] [PENJUALAN] CASHIER FORM : cashierDataGridView_CellValueChanged, cellValue [1]
[ADMIN] [6/9/2017 14:34] [PENJUALAN] CASHIER FORM : cashierDataGridView_CellValueChanged, dataGridViewTextBoxEditingControl.Text pass REGEX Checking
[ADMIN] [6/9/2017 14:34] [PENJUALAN] CASHIER FORM : CHECK STOCK QTY IS ENOUGH [ALPO-P1]
[ADMIN] [6/9/2017 14:34] [PENJUALAN] CASHIER FORM : CHECK STOCK QTY IS ENOUGH [50, 1]
[ADMIN] [6/9/2017 14:34] [PENJUALAN] CASHIER FORM : CALCULATE SUBTOTAL
[ADMIN] [6/9/2017 14:34] [PENJUALAN] CASHIER FORM : SUBTOTAL [35000]
[ADMIN] [6/9/2017 14:34] [PENJUALAN] CASHIER FORM : cashierDataGridView_CellValueChanged, subtotal value [35000]
[ADMIN] [6/9/2017 14:34] [PENJUALAN] CASHIER FORM : cashierDataGridView_CellValueChanged, attempt to calculate total value
[ADMIN] [6/9/2017 14:34] [PENJUALAN] CASHIER FORM : calculateTotal
[ADMIN] [6/9/2017 14:34] [PENJUALAN] CASHIER FORM : calculateTotal [35000]
[ADMIN] [6/9/2017 14:34] [PENJUALAN] CASHIER FORM : calculateTotal, totalAfterDisc [35000]
[ADMIN] [6/9/2017 14:34] [PENJUALAN] CASHIER FORM : calculateChangeValue, bayarTextBox.Text [0]
[ADMIN] [6/9/2017 14:34] [PENJUALAN] CASHIER FORM : calculateChangeValue, sisaBayar [0]
[ADMIN] [6/9/2017 14:34] [PENJUALAN] CASHIER FORM : SET QTY TO 1 BECAUSE OF NEW ROW
[ADMIN] [6/9/2017 14:34] [PENJUALAN] CASHIER FORM : CALCULATE SUBTOTAL
[ADMIN] [6/9/2017 14:34] [PENJUALAN] CASHIER FORM : SUBTOTAL [35000]
[ADMIN] [6/9/2017 14:34] [PENJUALAN] CASHIER FORM : calculateTotal
[ADMIN] [6/9/2017 14:34] [PENJUALAN] CASHIER FORM : calculateTotal [35000]
[ADMIN] [6/9/2017 14:34] [PENJUALAN] CASHIER FORM : calculateTotal, totalAfterDisc [35000]
[ADMIN] [6/9/2017 14:34] [PENJUALAN] CASHIER FORM : calculateChangeValue, bayarTextBox.Text [0]
[ADMIN] [6/9/2017 14:34] [PENJUALAN] CASHIER FORM : calculateChangeValue, sisaBayar [0]
[ADMIN] [6/9/2017 14:34] [PENJUALAN] CASHIER FORM : UPDATE ROW NUMBER, TOTAL ROW [2]
[ADMIN] [6/9/2017 14:34] [PENJUALAN] CASHIER FORM : cashierDataGridView_CellValueChanged [F8]
[ADMIN] [6/9/2017 14:34] [PENJUALAN] CASHIER FORM : REGISTER HOTKEY
[ADMIN] [6/9/2017 14:34] [PENJUALAN] CASHIER FORM : UNREGISTER HOTKEY
[ADMIN] [6/9/2017 14:34] [PENJUALAN] CASHIER FORM : REGISTER HOTKEY
[ADMIN] [6/9/2017 14:34] [PENJUALAN] CASHIER FORM : UNREGISTER HOTKEY
[ADMIN] [6/9/2017 14:34] [PENJUALAN] CASHIER FORM : REGISTER HOTKEY
[ADMIN] [6/9/2017 14:34] [PENJUALAN] CASHIER FORM : UNREGISTER HOTKEY
[ADMIN] [6/9/2017 14:34] [PENJUALAN] CASHIER FORM : REGISTER HOTKEY
[ADMIN] [6/9/2017 14:34] [PENJUALAN] CASHIER FORM : UNREGISTER HOTKEY
[ADMIN] [6/9/2017 14:34] [PENJUALAN] CASHIER FORM : REGISTER HOTKEY
[ADMIN] [6/9/2017 14:34] [PENJUALAN] CASHIER FORM : UNREGISTER HOTKEY
[ADMIN] [6/9/2017 14:34] [PENJUALAN] CASHIER FORM : REGISTER HOTKEY
[ADMIN] [6/9/2017 14:34] [PENJUALAN] CASHIER FORM : Combobox_KeyUp, cashierDataGridView.CurrentCell.OwningColumn.Name  [qty]
[ADMIN] [6/9/2017 14:34] [PENJUALAN] CASHIER FORM : DISPLAY PELANGGAN FORM
[ADMIN] [6/9/2017 14:34] [PENJUALAN] CASHIER FORM : UNREGISTER HOTKEY
[ADMIN] [6/9/2017 14:35] [PENJUALAN] CASHIER FORM : REGISTER HOTKEY
[ADMIN] [6/9/2017 14:35] [PENJUALAN] CASHIER FORM : Combobox_KeyUp, cashierDataGridView.CurrentCell.OwningColumn.Name  [qty]
[ADMIN] [6/9/2017 14:35] [PENJUALAN] CASHIER FORM : UNREGISTER HOTKEY
[ADMIN] [6/9/2017 14:35] [PENJUALAN] CASHIER FORM : REGISTER HOTKEY
[ADMIN] [6/9/2017 14:35] [PENJUALAN] CASHIER FORM : UNREGISTER HOTKEY
[ADMIN] [6/9/2017 14:35] [PENJUALAN] CASHIER FORM : REGISTER HOTKEY
[ADMIN] [6/9/2017 14:35] [PENJUALAN] CASHIER FORM : UNREGISTER HOTKEY
[ADMIN] [6/9/2017 14:35] [PENJUALAN] CASHIER FORM : UPDATE ROW NUMBER, TOTAL ROW [1]
[ADMIN] [6/9/2017 14:35] [PENJUALAN] CASHIER FORM : cashierDataGridView_CellValueChanged [F8]
[ADMIN] [6/9/2017 14:35] [PENJUALAN] CASHIER FORM : ADD NEW ROW,  isActive [True]
[ADMIN] [6/9/2017 14:35] [PENJUALAN] CASHIER FORM : ADD NEW ROW,  ROW COUNT [0]
[ADMIN] [6/9/2017 14:35] [PENJUALAN] CASHIER FORM : ADD NEW ROW,  ALLOW TO ADD [True]
[ADMIN] [6/9/2017 14:35] [PENJUALAN] CASHIER FORM : UPDATE ROW NUMBER, TOTAL ROW [1]
[ADMIN] [6/9/2017 14:35] [PENJUALAN] CASHIER FORM : ADD NEW ROW,  isActive [True]
[ADMIN] [6/9/2017 14:35] [PENJUALAN] CASHIER FORM : ADD NEW ROW,  ROW COUNT [1]
[ADMIN] [6/9/2017 14:35] [PENJUALAN] CASHIER FORM : ADD NEW ROW,  ALLOW TO ADD [True]
[ADMIN] [6/9/2017 14:35] [PENJUALAN] CASHIER FORM : UPDATE ROW NUMBER, TOTAL ROW [2]
[ADMIN] [6/9/2017 14:35] [PENJUALAN] CASHIER FORM : UPDATE ROW NUMBER, TOTAL ROW [3]
[ADMIN] [6/9/2017 14:35] [PENJUALAN] CASHIER FORM : cashierDataGridView_CellValueChanged [F8]
[ADMIN] [6/9/2017 14:35] [PENJUALAN] CASHIER FORM : REGISTER HOTKEY
[ADMIN] [6/9/2017 14:36] [PENJUALAN] CASHIER FORM : UNREGISTER HOTKEY
[ADMIN] [6/9/2017 14:36] [PENJUALAN] CASHIER FORM : REGISTER HOTKEY
[ADMIN] [6/9/2017 14:36] [PENJUALAN] CASHIER FORM : UNREGISTER HOTKEY
[ADMIN] [6/9/2017 14:36] [PENJUALAN] CASHIER FORM : REGISTER HOTKEY
[ADMIN] [6/9/2017 14:36] [PENJUALAN] CASHIER FORM : UNREGISTER HOTKEY
[ADMIN] [6/9/2017 14:36] [PENJUALAN] CASHIER FORM : REGISTER HOTKEY
[ADMIN] [6/9/2017 14:36] [PENJUALAN] CASHIER FORM : UNREGISTER HOTKEY
[ADMIN] [6/9/2017 14:36] [PENJUALAN] CASHIER FORM : REGISTER HOTKEY
[ADMIN] [6/9/2017 14:36] [PENJUALAN] CASHIER FORM : UNREGISTER HOTKEY
[ADMIN] [6/9/2017 14:36] [PENJUALAN] CASHIER FORM : REGISTER HOTKEY
[ADMIN] [6/9/2017 14:36] [PENJUALAN] CASHIER FORM : UNREGISTER HOTKEY
[ADMIN] [6/9/2017 14:36] [PENJUALAN] CASHIER FORM : REGISTER HOTKEY
[ADMIN] [6/9/2017 14:36] [PENJUALAN] CASHIER FORM : calculateTotal
[ADMIN] [6/9/2017 14:36] [PENJUALAN] CASHIER FORM : calculateTotal [0]
[ADMIN] [6/9/2017 14:36] [PENJUALAN] CASHIER FORM : calculateTotal, totalAfterDisc [0]
[ADMIN] [6/9/2017 14:36] [PENJUALAN] CASHIER FORM : calculateChangeValue, bayarTextBox.Text [Rp60.000]
[ADMIN] [6/9/2017 14:36] [PENJUALAN] CASHIER FORM : calculateChangeValue, sisaBayar [0]
[ADMIN] [6/9/2017 14:36] [PENJUALAN] CASHIER FORM : UPDATE ROW NUMBER, TOTAL ROW [1]
[ADMIN] [6/9/2017 14:36] [PENJUALAN] CASHIER FORM : cashierDataGridView_CellValueChanged [F8]
[ADMIN] [6/9/2017 14:36] [PENJUALAN] CASHIER FORM : loadNoFaktur, noFakturValue [SLO001]
[ADMIN] [6/9/2017 14:36] [PENJUALAN] CASHIER FORM : HOTKEY TO OPEN PRODUK SEARCH FORM PRESSED
[ADMIN] [6/9/2017 14:36] [PENJUALAN] CASHIER FORM : UNREGISTER HOTKEY
[ADMIN] [6/9/2017 14:36] [PENJUALAN] CASHIER FORM : REGISTER HOTKEY
[ADMIN] [6/9/2017 14:36] [PENJUALAN] CASHIER FORM : UNREGISTER HOTKEY
[ADMIN] [6/9/2017 14:36] [PENJUALAN] CASHIER FORM : UNREGISTER HOTKEY
[ADMIN] [6/9/2017 14:36] [PENJUALAN] CASHIER FORM : REGISTER HOTKEY
[ADMIN] [6/9/2017 14:36] [PENJUALAN] CASHIER FORM : cashierForm_Load, ATTEMPT TO LOAD NO FAKTUR
[ADMIN] [6/9/2017 14:36] [PENJUALAN] CASHIER FORM : loadNoFaktur, noFakturValue [SLO001]
[ADMIN] [6/9/2017 14:36] [PENJUALAN] CASHIER FORM : cashierForm_Load, ATTEMPT TO addColumnToDataGrid
[ADMIN] [6/9/2017 14:36] [PENJUALAN] CASHIER FORM : UPDATE ROW NUMBER, TOTAL ROW [1]
[ADMIN] [6/9/2017 14:36] [PENJUALAN] CASHIER FORM : ADD NEW ROW,  isActive [True]
[ADMIN] [6/9/2017 14:36] [PENJUALAN] CASHIER FORM : ADD NEW ROW,  ROW COUNT [0]
[ADMIN] [6/9/2017 14:36] [PENJUALAN] CASHIER FORM : ADD NEW ROW,  ALLOW TO ADD [True]
[ADMIN] [6/9/2017 14:36] [PENJUALAN] CASHIER FORM : UPDATE ROW NUMBER, TOTAL ROW [1]
[ADMIN] [6/9/2017 14:36] [PENJUALAN] CASHIER FORM : ADD NEW ROW,  isActive [True]
[ADMIN] [6/9/2017 14:36] [PENJUALAN] CASHIER FORM : ADD NEW ROW,  ROW COUNT [1]
[ADMIN] [6/9/2017 14:36] [PENJUALAN] CASHIER FORM : ADD NEW ROW,  ALLOW TO ADD [True]
[ADMIN] [6/9/2017 14:36] [PENJUALAN] CASHIER FORM : UPDATE ROW NUMBER, TOTAL ROW [2]
[ADMIN] [6/9/2017 14:36] [PENJUALAN] CASHIER FORM : UPDATE ROW NUMBER, TOTAL ROW [3]
[ADMIN] [6/9/2017 14:36] [PENJUALAN] CASHIER FORM : cashierDataGridView_CellValueChanged [F8]
[ADMIN] [6/9/2017 14:36] [PENJUALAN] CASHIER FORM : REGISTER HOTKEY
[ADMIN] [6/9/2017 14:36] [PENJUALAN] CASHIER FORM : UNREGISTER HOTKEY
[ADMIN] [6/9/2017 14:36] [PENJUALAN] CASHIER FORM : UNREGISTER HOTKEY
[ADMIN] [6/9/2017 14:37] [RETUR PENJUALAN] RETUR PENJUALAN : detailReturDataGridView_CellValueChanged [qty]
[ADMIN] [6/9/2017 14:37] [RETUR PENJUALAN] RETUR PENJUALAN : detailReturDataGridView_CellValueChanged [subtotal]
[ADMIN] [6/9/2017 14:37] [RETUR PENJUALAN] RETUR PENJUALAN : detailReturDataGridView_CellValueChanged [productID]
[] [6/9/2017 14:51] [] USER = ADMIN IS ACTIVE
[ADMIN] [6/9/2017 14:51] [] USER ID = 1 LOGIN SUCCESSFULLY
[ADMIN] [6/9/2017 14:51] [] ACTIVATE USER ACCESS RIGHT
[ADMIN] [6/9/2017 14:51] [] DISPLAY ADMIN FORM
[ADMIN] [6/9/2017 14:51] [] adminForm Load
[ADMIN] [6/9/2017 14:51] [] ACTIVATE USER ACCESS RIGHT
[ADMIN] [6/9/2017 14:57] [] PEMBAYARAN LUMPSUM : ATTEMPT TO SAVE DATA PAYMENT
[ADMIN] [6/9/2017 15:06] [] PEMBAYARAN LUMPSUM : ATTEMPT TO SAVE DATA PAYMENT
[ADMIN] [6/9/2017 15:06] [] PEMBAYARAN LUMPSUM : PAYMENT BY CASH
[ADMIN] [6/9/2017 15:06] [PEMBAYARAN PIUTANG] PEMBAYARAN LUMPSUM : GET A LIST OF OUTSTANDING CREDIT
[ADMIN] [6/9/2017 15:06] [] PEMBAYARAN LUMPSUM : NUM OF OUTSTANDING DATA [15]
[ADMIN] [6/9/2017 15:06] [] PEMBAYARAN LUMPSUM : rowCounter [0] paymentNominal  [1000]
[ADMIN] [6/9/2017 15:06] [] PEMBAYARAN LUMPSUM : currentCreditID [11] outstandingCreditAmount [41000]
[ADMIN] [6/9/2017 15:06] [] PEMBAYARAN LUMPSUM : INSERT INTO PAYMENT CREDIT [11, 1000]
[ADMIN] [6/9/2017 15:06] [] PEMBAYARAN LUMPSUM : INSERT INTO DAILY JOURNAL [1000]
[ADMIN] [6/9/2017 15:06] [] PEMBAYARAN LUMPSUM : DATA PAYMENT SAVED
[ADMIN] [6/9/2017 15:08] [] CREATE DATA GROUP FORM MODULE_ID [51]
[ADMIN] [6/9/2017 15:08] [] CREATE DATA GROUP ACCESS MODULE FORM, GROUP USER ID [1]
[ADMIN] [6/9/2017 15:47] [] USER ID = 1LOGOUT
