[] [4/13/2017 12:29] [] USER = ADMIN IS ACTIVE
[ADMIN] [4/13/2017 12:29] [] USER ID = 1 LOGIN SUCCESSFULLY
[ADMIN] [4/13/2017 12:29] [] ACTIVATE USER ACCESS RIGHT
[ADMIN] [4/13/2017 12:29] [] DISPLAY ADMIN FORM
[ADMIN] [4/13/2017 12:29] [] adminForm Load
[ADMIN] [4/13/2017 12:29] [] ACTIVATE USER ACCESS RIGHT
[ADMIN] [4/13/2017 12:29] [PENJUALAN] CASHIER FORM : REGISTER HOTKEY
[ADMIN] [4/13/2017 12:29] [PENJUALAN] CASHIER FORM : cashierForm_Load, ATTEMPT TO LOAD NO FAKTUR
[ADMIN] [4/13/2017 12:29] [PENJUALAN] CASHIER FORM : loadNoFaktur, noFakturValue [SLO001]
[ADMIN] [4/13/2017 12:29] [PENJUALAN] CASHIER FORM : cashierForm_Load, ATTEMPT TO addColumnToDataGrid
[ADMIN] [4/13/2017 12:29] [PENJUALAN] CASHIER FORM : UPDATE ROW NUMBER, TOTAL ROW [1]
[ADMIN] [4/13/2017 12:29] [PENJUALAN] CASHIER FORM : calculateTotal
[ADMIN] [4/13/2017 12:29] [PENJUALAN] CASHIER FORM : calculateTotal [0]
[ADMIN] [4/13/2017 12:29] [PENJUALAN] CASHIER FORM : calculateTotal, totalAfterDisc [0]
[ADMIN] [4/13/2017 12:29] [PENJUALAN] CASHIER FORM : calculateChangeValue, bayarTextBox.Text [0]
[ADMIN] [4/13/2017 12:29] [PENJUALAN] CASHIER FORM : calculateChangeValue, sisaBayar [0]
[ADMIN] [4/13/2017 12:29] [PENJUALAN] CASHIER FORM : ADD NEW ROW,  isActive [True]
[ADMIN] [4/13/2017 12:29] [PENJUALAN] CASHIER FORM : ADD NEW ROW,  ROW COUNT [0]
[ADMIN] [4/13/2017 12:29] [PENJUALAN] CASHIER FORM : ADD NEW ROW,  ALLOW TO ADD [True]
[ADMIN] [4/13/2017 12:29] [PENJUALAN] CASHIER FORM : UPDATE ROW NUMBER, TOTAL ROW [1]
[ADMIN] [4/13/2017 12:29] [PENJUALAN] CASHIER FORM : UPDATE ROW NUMBER, TOTAL ROW [2]
[ADMIN] [4/13/2017 12:29] [PENJUALAN] CASHIER FORM : cashierDataGridView_CellValueChanged [F8]
[ADMIN] [4/13/2017 12:29] [PENJUALAN] CASHIER FORM : REGISTER HOTKEY
[ADMIN] [4/13/2017 12:29] [PENJUALAN] CASHIER FORM : UNREGISTER HOTKEY
[ADMIN] [4/13/2017 12:29] [PENJUALAN] CASHIER FORM : REGISTER HOTKEY
[ADMIN] [4/13/2017 12:29] [PENJUALAN] RE-PRINT INVOICE
[ADMIN] [4/13/2017 12:29] [PENJUALAN] CASHIER FORM : PrintReceipt
[ADMIN] [4/13/2017 12:29] [PENJUALAN] CASHIER FORM : PrintReceipt, POS size Paper
[ADMIN] [4/13/2017 12:29] [PENJUALAN] CASHIER FORM : loadInfoToko
[ADMIN] [4/13/2017 12:29] [PENJUALAN] CASHIER FORM : calculatePageLength, totalLengthPage [355]
[ADMIN] [4/13/2017 12:29] [PENJUALAN] CASHIER FORM : printDocument1_PrintPage, print POS size receipt
[ADMIN] [4/13/2017 12:29] [PENJUALAN] CASHIER FORM : loadInfoToko
[ADMIN] [4/13/2017 12:29] [PENJUALAN] CASHIER FORM : loadNamaUser
[ADMIN] [4/13/2017 12:29] [PENJUALAN] CASHIER FORM : UNREGISTER HOTKEY
[ADMIN] [4/13/2017 12:29] [PENJUALAN] CASHIER FORM : REGISTER HOTKEY
[ADMIN] [4/13/2017 12:29] [PENJUALAN] CASHIER FORM : ChangePrinterButton_Click, DISPLAY PRINTER SELECTION FORM
[ADMIN] [4/13/2017 12:29] [PENJUALAN] CASHIER FORM : UNREGISTER HOTKEY
[ADMIN] [4/13/2017 12:29] [PENGATURAN PRINTER] PAPER SIZE CHANGED [1]
[ADMIN] [4/13/2017 12:29] [PENGATURAN PRINTER] DEFAULT PRINTER CHANGED [PrimoPDF]
[ADMIN] [4/13/2017 12:29] [PENJUALAN] CASHIER FORM : REGISTER HOTKEY
[ADMIN] [4/13/2017 12:29] [PENJUALAN] CASHIER FORM : UNREGISTER HOTKEY
[ADMIN] [4/13/2017 12:30] [PENJUALAN] CASHIER FORM : REGISTER HOTKEY
[ADMIN] [4/13/2017 12:30] [PENJUALAN] RE-PRINT INVOICE
[ADMIN] [4/13/2017 12:30] [PENJUALAN] CASHIER FORM : PrintReceipt
[ADMIN] [4/13/2017 12:30] [PENJUALAN] CASHIER FORM : PrintReceipt, papermode [1]
[ADMIN] [4/13/2017 12:30] [PENJUALAN] CASHIER FORM : PrintReceipt, display SalesReceiptForm
[ADMIN] [4/13/2017 12:30] [PENJUALAN] CASHIER FORM : UNREGISTER HOTKEY
[ADMIN] [4/13/2017 12:30] [PENJUALAN] CASHIER FORM : REGISTER HOTKEY
[ADMIN] [4/13/2017 12:30] [PENJUALAN] CASHIER FORM : ChangePrinterButton_Click, DISPLAY PRINTER SELECTION FORM
[ADMIN] [4/13/2017 12:30] [PENJUALAN] CASHIER FORM : UNREGISTER HOTKEY
[ADMIN] [4/13/2017 12:30] [PENGATURAN PRINTER] PAPER SIZE CHANGED [2]
[ADMIN] [4/13/2017 12:30] [PENGATURAN PRINTER] DEFAULT PRINTER CHANGED [PrimoPDF]
[ADMIN] [4/13/2017 12:30] [PENJUALAN] CASHIER FORM : REGISTER HOTKEY
[ADMIN] [4/13/2017 12:30] [PENJUALAN] CASHIER FORM : UNREGISTER HOTKEY
[ADMIN] [4/13/2017 12:30] [PENJUALAN] CASHIER FORM : REGISTER HOTKEY
[ADMIN] [4/13/2017 12:30] [PENJUALAN] RE-PRINT INVOICE
[ADMIN] [4/13/2017 12:30] [PENJUALAN] CASHIER FORM : PrintReceipt
[ADMIN] [4/13/2017 12:30] [PENJUALAN] CASHIER FORM : PrintReceipt, papermode [2]
[ADMIN] [4/13/2017 12:30] [PENJUALAN] CASHIER FORM : PrintReceipt, kuarto paper, display SalesReceiptKuartoForm
[ADMIN] [4/13/2017 12:30] [PENJUALAN] CASHIER FORM : UNREGISTER HOTKEY
[ADMIN] [4/13/2017 12:30] [PENJUALAN] CASHIER FORM : REGISTER HOTKEY
[ADMIN] [4/13/2017 12:30] [PENJUALAN] CASHIER FORM : UNREGISTER HOTKEY
[ADMIN] [4/13/2017 12:30] [PENJUALAN] CASHIER FORM : UNREGISTER HOTKEY
[ADMIN] [4/13/2017 12:30] [] USER ID = 1LOGOUT
