[] [6/8/2017 14:06] [] USER = ADMIN IS ACTIVE
[ADMIN] [6/8/2017 14:06] [] USER ID = 1 LOGIN SUCCESSFULLY
[ADMIN] [6/8/2017 14:07] [] ACTIVATE USER ACCESS RIGHT
[ADMIN] [6/8/2017 14:07] [] DISPLAY ADMIN FORM
[ADMIN] [6/8/2017 14:07] [] adminForm Load
[ADMIN] [6/8/2017 14:07] [] ACTIVATE USER ACCESS RIGHT
[ADMIN] [6/8/2017 14:07] [TAMBAH / UPDATE PRODUK] deleteCurrentRow [0]
[] [6/8/2017 14:11] [] USER = ADMIN IS ACTIVE
[ADMIN] [6/8/2017 14:11] [] USER ID = 1 LOGIN SUCCESSFULLY
[ADMIN] [6/8/2017 14:11] [] ACTIVATE USER ACCESS RIGHT
[ADMIN] [6/8/2017 14:11] [] DISPLAY ADMIN FORM
[ADMIN] [6/8/2017 14:11] [] adminForm Load
[ADMIN] [6/8/2017 14:11] [] ACTIVATE USER ACCESS RIGHT
[ADMIN] [6/8/2017 14:11] [TAMBAH / UPDATE PRODUK] deleteCurrentRow [0]
[ADMIN] [6/8/2017 14:11] [TAMBAH / UPDATE PRODUK] DETAIL PRODUK : detailGridView_CellValueChanged [lotID]
[ADMIN] [6/8/2017 14:11] [TAMBAH / UPDATE PRODUK] DETAIL PRODUK : detailGridView_CellValueChanged [qty]
[ADMIN] [6/8/2017 14:11] [TAMBAH / UPDATE PRODUK] DETAIL PRODUK : detailGridView_CellValueChanged [expiryDate]
[ADMIN] [6/8/2017 14:11] [TAMBAH / UPDATE PRODUK] DETAIL PRODUK : detailGridView_CellValueChanged [expiryDateValue]
[ADMIN] [6/8/2017 14:11] [TAMBAH / UPDATE PRODUK] INSERT TO PRODUCT EXPIRY [08-06-2017]
[ADMIN] [6/8/2017 14:11] [TAMBAH / UPDATE PRODUK] DELETE PRODUCT EXPIRY [3321]
[ADMIN] [6/8/2017 14:11] [TAMBAH / UPDATE PRODUK] DELETE PRODUCT EXPIRY [4964]
[ADMIN] [6/8/2017 14:11] [TAMBAH / UPDATE PRODUK] UPDATE CURRENT PRODUCT DATA [ALPO-P1]
[ADMIN] [6/8/2017 14:11] [TAMBAH / UPDATE PRODUK] UPDATE PRODUCT CATEGORY FOR [ALPO-P1]
[ADMIN] [6/8/2017 14:11] [TAMBAH / UPDATE PRODUK] DELETE CURRENT PRODUCT CATEGORY FOR [ALPO-P1]
[ADMIN] [6/8/2017 14:11] [TAMBAH / UPDATE PRODUK] INSERT PRODUCT CATEGORY FOR [ALPO-P1]
[ADMIN] [6/8/2017 14:12] [TAMBAH / UPDATE PRODUK] DETAIL PRODUK : detailGridView_CellValueChanged [lotID]
[ADMIN] [6/8/2017 14:12] [TAMBAH / UPDATE PRODUK] DETAIL PRODUK : detailGridView_CellValueChanged [status]
[ADMIN] [6/8/2017 14:12] [TAMBAH / UPDATE PRODUK] DETAIL PRODUK : detailGridView_CellValueChanged [qty]
[ADMIN] [6/8/2017 14:12] [TAMBAH / UPDATE PRODUK] DETAIL PRODUK : detailGridView_CellValueChanged [qty]
[ADMIN] [6/8/2017 14:12] [TAMBAH / UPDATE PRODUK] DETAIL PRODUK : detailGridView_CellValueChanged [expiryDate]
[ADMIN] [6/8/2017 14:12] [TAMBAH / UPDATE PRODUK] DETAIL PRODUK : detailGridView_CellValueChanged [expiryDateValue]
[ADMIN] [6/8/2017 14:12] [TAMBAH / UPDATE PRODUK] DETAIL PRODUK : detailGridView_CellValueChanged [lotID]
[ADMIN] [6/8/2017 14:12] [TAMBAH / UPDATE PRODUK] DETAIL PRODUK : detailGridView_CellValueChanged [status]
[ADMIN] [6/8/2017 14:12] [TAMBAH / UPDATE PRODUK] DETAIL PRODUK : detailGridView_CellValueChanged [qty]
[ADMIN] [6/8/2017 14:12] [TAMBAH / UPDATE PRODUK] DETAIL PRODUK : detailGridView_CellValueChanged [qty]
[ADMIN] [6/8/2017 14:12] [TAMBAH / UPDATE PRODUK] DETAIL PRODUK : detailGridView_CellValueChanged [expiryDate]
[ADMIN] [6/8/2017 14:12] [TAMBAH / UPDATE PRODUK] DETAIL PRODUK : detailGridView_CellValueChanged [expiryDateValue]
[ADMIN] [6/8/2017 14:12] [TAMBAH / UPDATE PRODUK] UPDATE PRODUCT EXPIRY [4965]
[ADMIN] [6/8/2017 14:12] [TAMBAH / UPDATE PRODUK] INSERT TO PRODUCT EXPIRY [26-06-2017]
[ADMIN] [6/8/2017 14:12] [TAMBAH / UPDATE PRODUK] INSERT TO PRODUCT EXPIRY [30-06-2017]
[ADMIN] [6/8/2017 14:12] [TAMBAH / UPDATE PRODUK] UPDATE CURRENT PRODUCT DATA [ALPO-P1]
[ADMIN] [6/8/2017 14:12] [TAMBAH / UPDATE PRODUK] UPDATE PRODUCT CATEGORY FOR [ALPO-P1]
[ADMIN] [6/8/2017 14:12] [TAMBAH / UPDATE PRODUK] DELETE CURRENT PRODUCT CATEGORY FOR [ALPO-P1]
[ADMIN] [6/8/2017 14:12] [TAMBAH / UPDATE PRODUK] INSERT PRODUCT CATEGORY FOR [ALPO-P1]
[ADMIN] [6/8/2017 14:12] [TAMBAH / UPDATE PRODUK] deleteCurrentRow [0]
[ADMIN] [6/8/2017 14:12] [TAMBAH / UPDATE PRODUK] deleteCurrentRow [1]
[ADMIN] [6/8/2017 14:12] [TAMBAH / UPDATE PRODUK] DETAIL PRODUK : detailGridView_CellValueChanged [lotID]
[ADMIN] [6/8/2017 14:12] [TAMBAH / UPDATE PRODUK] DETAIL PRODUK : detailGridView_CellValueChanged [qty]
[ADMIN] [6/8/2017 14:12] [TAMBAH / UPDATE PRODUK] DETAIL PRODUK : detailGridView_CellValueChanged [expiryDate]
[ADMIN] [6/8/2017 14:12] [TAMBAH / UPDATE PRODUK] DETAIL PRODUK : detailGridView_CellValueChanged [expiryDateValue]
[ADMIN] [6/8/2017 14:12] [TAMBAH / UPDATE PRODUK] INSERT TO PRODUCT EXPIRY [08-06-2017]
[ADMIN] [6/8/2017 14:12] [TAMBAH / UPDATE PRODUK] DELETE PRODUCT EXPIRY [4965]
[ADMIN] [6/8/2017 14:12] [TAMBAH / UPDATE PRODUK] DELETE PRODUCT EXPIRY [4967]
[ADMIN] [6/8/2017 14:12] [TAMBAH / UPDATE PRODUK] DELETE PRODUCT EXPIRY [4966]
[ADMIN] [6/8/2017 14:12] [TAMBAH / UPDATE PRODUK] UPDATE CURRENT PRODUCT DATA [ALPO-P1]
[ADMIN] [6/8/2017 14:12] [TAMBAH / UPDATE PRODUK] UPDATE PRODUCT CATEGORY FOR [ALPO-P1]
[ADMIN] [6/8/2017 14:12] [TAMBAH / UPDATE PRODUK] DELETE CURRENT PRODUCT CATEGORY FOR [ALPO-P1]
[ADMIN] [6/8/2017 14:12] [TAMBAH / UPDATE PRODUK] INSERT PRODUCT CATEGORY FOR [ALPO-P1]
[ADMIN] [6/8/2017 14:12] [] USER ID = 1LOGOUT
