[] [2/9/2017 11:38] [] USER = ADMIN IS ACTIVE
[ADMIN] [2/9/2017 11:38] [] USER ID = 1 LOGIN SUCCESSFULLY
[ADMIN] [2/9/2017 11:38] [] ACTIVATE USER ACCESS RIGHT
[ADMIN] [2/9/2017 11:38] [] DISPLAY ADMIN FORM
[ADMIN] [2/9/2017 11:38] [] adminForm Load
[ADMIN] [2/9/2017 11:38] [] ACTIVATE USER ACCESS RIGHT
[ADMIN] [2/9/2017 11:45] [REQUEST ORDER] REQUEST ORDER : detailRequestOrderDataGridView_CellValueChanged [productID]
[ADMIN] [2/9/2017 11:45] [REQUEST ORDER] REQUEST ORDER : detailRequestOrderDataGridView_CellValueChanged [productID]
[ADMIN] [2/9/2017 11:45] [REQUEST ORDER] REQUEST ORDER : detailRequestOrderDataGridView_CellValueChanged [productName]
[ADMIN] [2/9/2017 11:45] [REQUEST ORDER] updateSomeRowsContent, PRODUCT_BASE_PRICE [140000]
[ADMIN] [2/9/2017 11:45] [REQUEST ORDER] REQUEST ORDER : detailRequestOrderDataGridView_CellValueChanged [HPP]
[ADMIN] [2/9/2017 11:45] [REQUEST ORDER] REQUEST ORDER : detailRequestOrderDataGridView_CellValueChanged [qty]
[ADMIN] [2/9/2017 11:45] [REQUEST ORDER] REQUEST ORDER : detailRequestOrderDataGridView_CellValueChanged [subTotal]
[ADMIN] [2/9/2017 11:45] [REQUEST ORDER] REQUEST ORDER : detailRequestOrderDataGridView_CellValueChanged [subTotal]
[ADMIN] [2/9/2017 11:45] [REQUEST ORDER] updateSomeRowsContent, attempt to calculate total
[ADMIN] [2/9/2017 11:45] [REQUEST ORDER] REQUEST ORDER : detailRequestOrderDataGridView_CellValueChanged [qty]
[ADMIN] [2/9/2017 11:45] [REQUEST ORDER] REQUEST ORDER : detailRequestOrderDataGridView_CellValueChanged [subTotal]
[ADMIN] [2/9/2017 11:45] [REQUEST ORDER] REQUEST ORDER : detailRequestOrderDataGridView_CellValueChanged [qty]
[ADMIN] [2/9/2017 11:45] [REQUEST ORDER] REQUEST ORDER : detailRequestOrderDataGridView_CellValueChanged [qty]
[ADMIN] [2/9/2017 11:45] [REQUEST ORDER] REQUEST ORDER : detailRequestOrderDataGridView_CellValueChanged [subTotal]
[ADMIN] [2/9/2017 11:45] [REQUEST ORDER] REQUEST ORDER : detailRequestOrderDataGridView_CellValueChanged [qty]
[ADMIN] [2/9/2017 11:45] [REQUEST ORDER] REQUEST ORDER : detailRequestOrderDataGridView_CellValueChanged [subTotal]
[ADMIN] [2/9/2017 11:45] [REQUEST ORDER] REQUEST ORDER : detailRequestOrderDataGridView_CellValueChanged [qty]
[ADMIN] [2/9/2017 11:45] [REQUEST ORDER] REQUEST ORDER : detailRequestOrderDataGridView_CellValueChanged [subTotal]
[ADMIN] [2/9/2017 11:45] [REQUEST ORDER] REQUEST ORDER : detailRequestOrderDataGridView_CellValueChanged [qty]
[ADMIN] [2/9/2017 11:45] [REQUEST ORDER] REQUEST ORDER : detailRequestOrderDataGridView_CellValueChanged [subTotal]
[ADMIN] [2/9/2017 11:45] [REQUEST ORDER] ATTEMPT TO SAVE
[ADMIN] [2/9/2017 11:45] [] SERVER IP IS LOCALHOST
[ADMIN] [2/9/2017 11:45] [] UPDATE DATA ID 2
[ADMIN] [2/9/2017 11:46] [REQUEST ORDER] REQUEST ORDER : detailRequestOrderDataGridView_CellValueChanged [productID]
[ADMIN] [2/9/2017 11:46] [REQUEST ORDER] REQUEST ORDER : detailRequestOrderDataGridView_CellValueChanged [productID]
[ADMIN] [2/9/2017 11:46] [REQUEST ORDER] REQUEST ORDER : detailRequestOrderDataGridView_CellValueChanged [productName]
[ADMIN] [2/9/2017 11:46] [REQUEST ORDER] updateSomeRowsContent, PRODUCT_BASE_PRICE [140000]
[ADMIN] [2/9/2017 11:46] [REQUEST ORDER] REQUEST ORDER : detailRequestOrderDataGridView_CellValueChanged [HPP]
[ADMIN] [2/9/2017 11:46] [REQUEST ORDER] REQUEST ORDER : detailRequestOrderDataGridView_CellValueChanged [qty]
[ADMIN] [2/9/2017 11:46] [REQUEST ORDER] REQUEST ORDER : detailRequestOrderDataGridView_CellValueChanged [subTotal]
[ADMIN] [2/9/2017 11:46] [REQUEST ORDER] REQUEST ORDER : detailRequestOrderDataGridView_CellValueChanged [subTotal]
[ADMIN] [2/9/2017 11:46] [REQUEST ORDER] updateSomeRowsContent, attempt to calculate total
[ADMIN] [2/9/2017 11:46] [REQUEST ORDER] REQUEST ORDER : detailRequestOrderDataGridView_CellValueChanged [qty]
[ADMIN] [2/9/2017 11:46] [REQUEST ORDER] REQUEST ORDER : detailRequestOrderDataGridView_CellValueChanged [subTotal]
[ADMIN] [2/9/2017 11:46] [REQUEST ORDER] REQUEST ORDER : detailRequestOrderDataGridView_CellValueChanged [qty]
[ADMIN] [2/9/2017 11:46] [REQUEST ORDER] REQUEST ORDER : detailRequestOrderDataGridView_CellValueChanged [subTotal]
[ADMIN] [2/9/2017 11:46] [REQUEST ORDER] ATTEMPT TO SAVE
[] [2/9/2017 11:52] [] USER = ADMIN IS ACTIVE
[ADMIN] [2/9/2017 11:52] [] USER ID = 1 LOGIN SUCCESSFULLY
[ADMIN] [2/9/2017 11:52] [] ACTIVATE USER ACCESS RIGHT
[ADMIN] [2/9/2017 11:52] [] DISPLAY ADMIN FORM
[ADMIN] [2/9/2017 11:52] [] adminForm Load
[ADMIN] [2/9/2017 11:52] [] ACTIVATE USER ACCESS RIGHT
[ADMIN] [2/9/2017 11:52] [REQUEST ORDER] REQUEST ORDER : detailRequestOrderDataGridView_CellValueChanged [productID]
[ADMIN] [2/9/2017 11:56] [REQUEST ORDER] REQUEST ORDER : detailRequestOrderDataGridView_CellValueChanged [productID]
[ADMIN] [2/9/2017 11:56] [REQUEST ORDER] REQUEST ORDER : detailRequestOrderDataGridView_CellValueChanged [productName]
[ADMIN] [2/9/2017 11:56] [REQUEST ORDER] updateSomeRowsContent, PRODUCT_BASE_PRICE [140000]
[ADMIN] [2/9/2017 11:56] [REQUEST ORDER] REQUEST ORDER : detailRequestOrderDataGridView_CellValueChanged [HPP]
[ADMIN] [2/9/2017 11:56] [REQUEST ORDER] REQUEST ORDER : detailRequestOrderDataGridView_CellValueChanged [qty]
[ADMIN] [2/9/2017 11:56] [REQUEST ORDER] REQUEST ORDER : detailRequestOrderDataGridView_CellValueChanged [subTotal]
[ADMIN] [2/9/2017 11:56] [REQUEST ORDER] REQUEST ORDER : detailRequestOrderDataGridView_CellValueChanged [subTotal]
[ADMIN] [2/9/2017 11:56] [REQUEST ORDER] updateSomeRowsContent, attempt to calculate total
[ADMIN] [2/9/2017 11:56] [REQUEST ORDER] REQUEST ORDER : detailRequestOrderDataGridView_CellValueChanged [qty]
[ADMIN] [2/9/2017 11:56] [REQUEST ORDER] REQUEST ORDER : detailRequestOrderDataGridView_CellValueChanged [subTotal]
[ADMIN] [2/9/2017 11:57] [REQUEST ORDER] REQUEST ORDER : detailRequestOrderDataGridView_CellValueChanged [qty]
[ADMIN] [2/9/2017 11:57] [REQUEST ORDER] REQUEST ORDER : detailRequestOrderDataGridView_CellValueChanged [subTotal]
[ADMIN] [2/9/2017 11:57] [REQUEST ORDER] ATTEMPT TO SAVE
[ADMIN] [2/9/2017 11:57] [REQUEST ORDER] INSERT NEW REQUEST ORDER [RO-1]
[ADMIN] [2/9/2017 11:57] [REQUEST ORDER] INSERT DETAIL REQUEST ORDER [B-4104]
[ADMIN] [2/9/2017 11:57] [REQUEST ORDER] DATA SAVED SUCCESSFULLY
[ADMIN] [2/9/2017 11:57] [MUTASI BARANG] SAVE/APPROVE MUTASI
[ADMIN] [2/9/2017 11:57] [MUTASI BARANG] GET NEW NO MUTASI [PM-1]
[ADMIN] [2/9/2017 11:57] [MUTASI BARANG] ADD NEW MUTASI [PM-1]
[ADMIN] [2/9/2017 11:57] [MUTASI BARANG] EXCEPTION THROWN [Object reference not set to an instance of an object.]
[ADMIN] [2/9/2017 11:58] [MUTASI BARANG] SAVE/APPROVE MUTASI
[ADMIN] [2/9/2017 12:01] [MUTASI BARANG] GET NEW NO MUTASI [PM-1]
[ADMIN] [2/9/2017 12:01] [MUTASI BARANG] ADD NEW MUTASI [PM-1]
[] [2/9/2017 12:13] [] USER = ADMIN IS ACTIVE
[ADMIN] [2/9/2017 12:13] [] USER ID = 1 LOGIN SUCCESSFULLY
[ADMIN] [2/9/2017 12:13] [] ACTIVATE USER ACCESS RIGHT
[ADMIN] [2/9/2017 12:13] [] DISPLAY ADMIN FORM
[ADMIN] [2/9/2017 12:13] [] adminForm Load
[ADMIN] [2/9/2017 12:13] [] ACTIVATE USER ACCESS RIGHT
[ADMIN] [2/9/2017 12:14] [MUTASI BARANG] SAVE/APPROVE MUTASI
[ADMIN] [2/9/2017 12:14] [MUTASI BARANG] GET NEW NO MUTASI [PM-1]
[ADMIN] [2/9/2017 12:14] [MUTASI BARANG] ADD NEW MUTASI [PM-1]
[ADMIN] [2/9/2017 12:14] [MUTASI BARANG] ADD DETAIL NEW MUTASI [B-4104, 2]
[ADMIN] [2/9/2017 12:14] [MUTASI BARANG] REDUCE MASTER PRODUCT [B-4104, 2]
[ADMIN] [2/9/2017 12:14] [MUTASI BARANG] UPDATE REQUEST ORDER [RO-1]
[ADMIN] [2/9/2017 12:14] [MUTASI BARANG] INSERT TO CREDIT TABLE [PM-1]
[ADMIN] [2/9/2017 12:14] [MUTASI BARANG] MUTASI SAVED TO LOCAL DATA
[ADMIN] [2/9/2017 12:14] [MUTASI BARANG] GET BRANCH ID TO UPDATE [1]
[ADMIN] [2/9/2017 12:14] [MUTASI BARANG] BRANCH IP EQUALS TO LOCAL IP
[ADMIN] [2/9/2017 12:14] [PENERIMAAN BARANG] GET PO INVOICE TO RECEIVE
[ADMIN] [2/9/2017 12:14] [PENERIMAAN BARANG] GET NO MUTASI TO RECEIVE
[] [2/9/2017 12:24] [] USER = ADMIN IS ACTIVE
[ADMIN] [2/9/2017 12:24] [] USER ID = 1 LOGIN SUCCESSFULLY
[ADMIN] [2/9/2017 12:24] [] ACTIVATE USER ACCESS RIGHT
[ADMIN] [2/9/2017 12:24] [] DISPLAY ADMIN FORM
[ADMIN] [2/9/2017 12:24] [] adminForm Load
[ADMIN] [2/9/2017 12:24] [] ACTIVATE USER ACCESS RIGHT
[ADMIN] [2/9/2017 12:34] [PENERIMAAN BARANG] GET NO MUTASI TO RECEIVE
[ADMIN] [2/9/2017 12:34] [PENERIMAAN BARANG] NO MUTASI TO RECEIVE [PM-1]
[ADMIN] [2/9/2017 12:34] [PENERIMAAN BARANG] SAVE PENERIMAAN BARANG
[ADMIN] [2/9/2017 12:34] [PENERIMAAN BARANG] INSERT PENERIMAAN BARANG DARI MUTASI [PR-1]
[ADMIN] [2/9/2017 12:34] [PENERIMAAN BARANG] PRICE CHANGE PARAM [B-4104] [0]
[ADMIN] [2/9/2017 12:34] [PENERIMAAN BARANG] SAVE DETAIL PENERIMAAN [B-4104, 140000, 2]
[ADMIN] [2/9/2017 12:34] [PENERIMAAN BARANG] UPDATE MASTER PRODUCT DATA [B-4104]
[ADMIN] [2/9/2017 12:34] [PENERIMAAN BARANG] EXCEPTION THROWN [Object reference not set to an instance of an object.]
[ADMIN] [2/9/2017 12:34] [PENERIMAAN BARANG] SAVE PENERIMAAN BARANG
[ADMIN] [2/9/2017 12:34] [PENERIMAAN BARANG] INSERT PENERIMAAN BARANG DARI MUTASI [PR-1]
[ADMIN] [2/9/2017 12:35] [PENERIMAAN BARANG] PRICE CHANGE PARAM [B-4104] [0]
[ADMIN] [2/9/2017 12:35] [PENERIMAAN BARANG] SAVE DETAIL PENERIMAAN [B-4104, 140000, 2]
[ADMIN] [2/9/2017 12:35] [PENERIMAAN BARANG] UPDATE MASTER PRODUCT DATA [B-4104]
[] [2/9/2017 12:37] [] USER = ADMIN IS ACTIVE
[ADMIN] [2/9/2017 12:37] [] USER ID = 1 LOGIN SUCCESSFULLY
[ADMIN] [2/9/2017 12:37] [] ACTIVATE USER ACCESS RIGHT
[ADMIN] [2/9/2017 12:37] [] DISPLAY ADMIN FORM
[ADMIN] [2/9/2017 12:37] [] adminForm Load
[ADMIN] [2/9/2017 12:37] [] ACTIVATE USER ACCESS RIGHT
[ADMIN] [2/9/2017 12:37] [PENERIMAAN BARANG] GET NO MUTASI TO RECEIVE
[ADMIN] [2/9/2017 12:37] [PENERIMAAN BARANG] NO MUTASI TO RECEIVE [PM-1]
[ADMIN] [2/9/2017 12:37] [PENERIMAAN BARANG] SAVE PENERIMAAN BARANG
[ADMIN] [2/9/2017 12:37] [PENERIMAAN BARANG] SAVE PENERIMAAN BARANG
[ADMIN] [2/9/2017 12:37] [PENERIMAAN BARANG] INSERT PENERIMAAN BARANG DARI MUTASI [PR-1]
[ADMIN] [2/9/2017 12:37] [PENERIMAAN BARANG] PRICE CHANGE PARAM [B-4104] [0]
[ADMIN] [2/9/2017 12:37] [PENERIMAAN BARANG] SAVE DETAIL PENERIMAAN [B-4104, 140000, 2]
[ADMIN] [2/9/2017 12:37] [PENERIMAAN BARANG] UPDATE MASTER PRODUCT DATA [B-4104]
[ADMIN] [2/9/2017 12:37] [PENERIMAAN BARANG] UPDATE PRODUCT MUTATION HEADER [PM-1]
[ADMIN] [2/9/2017 12:37] [PENERIMAAN BARANG] PENERIMAAN BARANG SAVED
[ADMIN] [2/9/2017 12:37] [PENERIMAAN BARANG] PENERIMAAN BARANG FROM MUTASI, UPDATE HQ DATA
[ADMIN] [2/9/2017 12:37] [PENERIMAAN BARANG] ATTEMPT TO CREATE CONNECTION TO HQ
[ADMIN] [2/9/2017 12:37] [PENERIMAAN BARANG] CONNECTION CREATED, ATTEMPT TO UPDATE DATA AT HQ
[ADMIN] [2/9/2017 12:37] [PENERIMAAN BARANG] ATTEMPT TO UPDATE PRODUCTS MUTATION HEADER TO INDICATE RECEIVED [PM-1]
[] [2/9/2017 12:47] [] USER = ADMIN IS ACTIVE
[ADMIN] [2/9/2017 12:47] [] USER ID = 1 LOGIN SUCCESSFULLY
[ADMIN] [2/9/2017 12:47] [] ACTIVATE USER ACCESS RIGHT
[ADMIN] [2/9/2017 12:47] [] DISPLAY ADMIN FORM
[ADMIN] [2/9/2017 12:47] [] adminForm Load
[ADMIN] [2/9/2017 12:47] [] ACTIVATE USER ACCESS RIGHT
[ADMIN] [2/9/2017 13:36] [MUTASI BARANG] MUTASI BARANG : detailRequestOrderDataGridView_CellValueChanged [productName]
[ADMIN] [2/9/2017 13:36] [MUTASI BARANG] MUTASI BARANG : detailRequestOrderDataGridView_CellValueChanged [productName]
[ADMIN] [2/9/2017 13:36] [MUTASI BARANG] MUTASI BARANG : detailRequestOrderDataGridView_CellValueChanged [hpp]
[ADMIN] [2/9/2017 13:36] [MUTASI BARANG] MUTASI BARANG : detailRequestOrderDataGridView_CellValueChanged [subtotal]
[ADMIN] [2/9/2017 13:36] [MUTASI BARANG] MUTASI BARANG : detailRequestOrderDataGridView_CellValueChanged [qty]
[ADMIN] [2/9/2017 13:36] [PENJUALAN] MUTASI FORM : Combobox_KeyUp, cashierDataGridView.CurrentCell.OwningColumn.Name  [productName]
[ADMIN] [2/9/2017 13:36] [MUTASI BARANG] MUTASI BARANG : detailRequestOrderDataGridView_CellValueChanged [productName]
[ADMIN] [2/9/2017 13:36] [MUTASI BARANG] MUTASI BARANG : detailRequestOrderDataGridView_CellValueChanged [productName]
[ADMIN] [2/9/2017 13:36] [PENJUALAN] MUTASI FORM : Combobox_KeyUp, cashierDataGridView.CurrentCell.OwningColumn.Name  [productName]
[ADMIN] [2/9/2017 13:36] [MUTASI BARANG] MUTASI BARANG : detailRequestOrderDataGridView_CellValueChanged [productID]
[ADMIN] [2/9/2017 13:36] [MUTASI BARANG] MUTASI BARANG : detailRequestOrderDataGridView_CellValueChanged [productName]
[ADMIN] [2/9/2017 13:36] [MUTASI BARANG] updateSomeRowsContent, PRODUCT_BASE_PRICE [29250]
[ADMIN] [2/9/2017 13:36] [MUTASI BARANG] MUTASI BARANG : detailRequestOrderDataGridView_CellValueChanged [hpp]
[ADMIN] [2/9/2017 13:36] [MUTASI BARANG] MUTASI BARANG : detailRequestOrderDataGridView_CellValueChanged [qty]
[ADMIN] [2/9/2017 13:36] [MUTASI BARANG] MUTASI BARANG : detailRequestOrderDataGridView_CellValueChanged [subtotal]
[ADMIN] [2/9/2017 13:36] [MUTASI BARANG] updateSomeRowsContent, attempt to calculate total
[ADMIN] [2/9/2017 13:36] [MUTASI BARANG] MUTASI BARANG : detailRequestOrderDataGridView_CellValueChanged [expiryDateValue]
[ADMIN] [2/9/2017 13:36] [MUTASI BARANG] MUTASI BARANG : detailRequestOrderDataGridView_CellValueChanged [expiryDate]
[ADMIN] [2/9/2017 13:36] [MUTASI BARANG] MUTASI BARANG : detailRequestOrderDataGridView_CellValueChanged [qty]
[ADMIN] [2/9/2017 13:36] [MUTASI BARANG] MUTASI BARANG : detailRequestOrderDataGridView_CellValueChanged [subtotal]
[ADMIN] [2/9/2017 13:36] [PENJUALAN] MUTASI FORM : Combobox_KeyUp, cashierDataGridView.CurrentCell.OwningColumn.Name  [qty]
[ADMIN] [2/9/2017 13:36] [MUTASI BARANG] MUTASI BARANG : detailRequestOrderDataGridView_CellValueChanged [qty]
[ADMIN] [2/9/2017 13:36] [MUTASI BARANG] MUTASI BARANG : detailRequestOrderDataGridView_CellValueChanged [subtotal]
[ADMIN] [2/9/2017 13:36] [MUTASI BARANG] MUTASI BARANG : detailRequestOrderDataGridView_CellValueChanged [qty]
[ADMIN] [2/9/2017 13:36] [MUTASI BARANG] MUTASI BARANG : detailRequestOrderDataGridView_CellValueChanged [qty]
[ADMIN] [2/9/2017 13:36] [PENJUALAN] MUTASI FORM : Combobox_KeyUp, cashierDataGridView.CurrentCell.OwningColumn.Name  [qty]
[ADMIN] [2/9/2017 13:36] [PENJUALAN] MUTASI FORM : Combobox_KeyUp, cashierDataGridView.CurrentCell.OwningColumn.Name  [qty]
[ADMIN] [2/9/2017 13:36] [PENJUALAN] MUTASI FORM : Combobox_KeyUp, cashierDataGridView.CurrentCell.OwningColumn.Name  [qty]
[ADMIN] [2/9/2017 13:36] [MUTASI BARANG] SAVE/APPROVE MUTASI
[ADMIN] [2/9/2017 13:36] [MUTASI BARANG] GET NEW NO MUTASI [PM-2]
[ADMIN] [2/9/2017 13:36] [MUTASI BARANG] ADD NEW MUTASI [PM-2]
[ADMIN] [2/9/2017 13:36] [MUTASI BARANG] ADD DETAIL NEW MUTASI [ALPO-P1, 2]
[ADMIN] [2/9/2017 13:36] [MUTASI BARANG] REDUCE MASTER PRODUCT [ALPO-P1, 2]
[ADMIN] [2/9/2017 13:36] [MUTASI BARANG] REDUCE PRODUCT EXPIRY [ALPO-P1, 2]
[ADMIN] [2/9/2017 13:36] [MUTASI BARANG] INSERT TO CREDIT TABLE [PM-2]
[ADMIN] [2/9/2017 13:36] [MUTASI BARANG] MUTASI SAVED TO LOCAL DATA
[ADMIN] [2/9/2017 13:36] [MUTASI BARANG] GET BRANCH ID TO UPDATE [3]
[ADMIN] [2/9/2017 13:36] [MUTASI BARANG] TRY TO CONNECT TO BRANCH [3]
[ADMIN] [2/9/2017 13:36] [MUTASI BARANG] CONNECTED TO BRANCH [3] [1]
[ADMIN] [2/9/2017 13:36] [MUTASI BARANG] INSERT NEW DATA MUTASI TO BRANCH [PM-2]
[ADMIN] [2/9/2017 13:36] [MUTASI BARANG] INSERT NEW DETAIL DATA MUTASI TO BRANCH [ALPO-P1, 2]
[ADMIN] [2/9/2017 13:36] [MUTASI BARANG] MUTASI BARANG : detailRequestOrderDataGridView_CellValueChanged [expiryDateValue]
[ADMIN] [2/9/2017 13:36] [MUTASI BARANG] MUTASI BARANG : detailRequestOrderDataGridView_CellValueChanged [expiryDate]
[] [2/9/2017 13:41] [] USER = ADMIN IS ACTIVE
[ADMIN] [2/9/2017 13:41] [] USER ID = 1 LOGIN SUCCESSFULLY
[ADMIN] [2/9/2017 13:42] [] ACTIVATE USER ACCESS RIGHT
[ADMIN] [2/9/2017 13:42] [] DISPLAY ADMIN FORM
[ADMIN] [2/9/2017 13:42] [] adminForm Load
[ADMIN] [2/9/2017 13:42] [] ACTIVATE USER ACCESS RIGHT
[ADMIN] [2/9/2017 13:42] [MUTASI BARANG] MUTASI BARANG : detailRequestOrderDataGridView_CellValueChanged [productID]
[ADMIN] [2/9/2017 13:42] [PENJUALAN] MUTASI FORM : Combobox_KeyUp, cashierDataGridView.CurrentCell.OwningColumn.Name  [productID]
[ADMIN] [2/9/2017 13:42] [MUTASI BARANG] MUTASI BARANG : detailRequestOrderDataGridView_CellValueChanged [productID]
[ADMIN] [2/9/2017 13:42] [MUTASI BARANG] MUTASI BARANG : detailRequestOrderDataGridView_CellValueChanged [productName]
[ADMIN] [2/9/2017 13:42] [MUTASI BARANG] updateSomeRowsContent, PRODUCT_BASE_PRICE [29250]
[ADMIN] [2/9/2017 13:42] [MUTASI BARANG] MUTASI BARANG : detailRequestOrderDataGridView_CellValueChanged [hpp]
[ADMIN] [2/9/2017 13:42] [MUTASI BARANG] MUTASI BARANG : detailRequestOrderDataGridView_CellValueChanged [qty]
[ADMIN] [2/9/2017 13:42] [MUTASI BARANG] MUTASI BARANG : detailRequestOrderDataGridView_CellValueChanged [subtotal]
[ADMIN] [2/9/2017 13:42] [MUTASI BARANG] updateSomeRowsContent, attempt to calculate total
[ADMIN] [2/9/2017 13:42] [MUTASI BARANG] MUTASI BARANG : detailRequestOrderDataGridView_CellValueChanged [expiryDateValue]
[ADMIN] [2/9/2017 13:42] [MUTASI BARANG] MUTASI BARANG : detailRequestOrderDataGridView_CellValueChanged [expiryDate]
[ADMIN] [2/9/2017 13:42] [MUTASI BARANG] MUTASI BARANG : detailRequestOrderDataGridView_CellValueChanged [qty]
[ADMIN] [2/9/2017 13:42] [MUTASI BARANG] MUTASI BARANG : detailRequestOrderDataGridView_CellValueChanged [subtotal]
[ADMIN] [2/9/2017 13:42] [PENJUALAN] MUTASI FORM : Combobox_KeyUp, cashierDataGridView.CurrentCell.OwningColumn.Name  [qty]
[ADMIN] [2/9/2017 13:42] [MUTASI BARANG] MUTASI BARANG : detailRequestOrderDataGridView_CellValueChanged [qty]
[ADMIN] [2/9/2017 13:42] [MUTASI BARANG] MUTASI BARANG : detailRequestOrderDataGridView_CellValueChanged [subtotal]
[ADMIN] [2/9/2017 13:42] [PENJUALAN] MUTASI FORM : Combobox_KeyUp, cashierDataGridView.CurrentCell.OwningColumn.Name  [qty]
[ADMIN] [2/9/2017 13:42] [MUTASI BARANG] SAVE/APPROVE MUTASI
[ADMIN] [2/9/2017 13:42] [MUTASI BARANG] GET NEW NO MUTASI [PM-3]
[ADMIN] [2/9/2017 13:42] [MUTASI BARANG] ADD NEW MUTASI [PM-3]
[ADMIN] [2/9/2017 13:42] [MUTASI BARANG] ADD DETAIL NEW MUTASI [ALPO-P1, 2]
[ADMIN] [2/9/2017 13:42] [MUTASI BARANG] REDUCE MASTER PRODUCT [ALPO-P1, 2]
[ADMIN] [2/9/2017 13:42] [MUTASI BARANG] REDUCE PRODUCT EXPIRY [ALPO-P1, 2]
[ADMIN] [2/9/2017 13:42] [MUTASI BARANG] INSERT TO CREDIT TABLE [PM-3]
[ADMIN] [2/9/2017 13:42] [MUTASI BARANG] MUTASI SAVED TO LOCAL DATA
[ADMIN] [2/9/2017 13:42] [MUTASI BARANG] GET BRANCH ID TO UPDATE [3]
[ADMIN] [2/9/2017 13:42] [MUTASI BARANG] TRY TO CONNECT TO BRANCH [3]
[ADMIN] [2/9/2017 13:43] [MUTASI BARANG] CONNECTED TO BRANCH [3] [1]
[ADMIN] [2/9/2017 13:43] [MUTASI BARANG] INSERT NEW DATA MUTASI TO BRANCH [PM-3]
[ADMIN] [2/9/2017 13:43] [MUTASI BARANG] INSERT NEW DETAIL DATA MUTASI TO BRANCH [ALPO-P1, 2]
[ADMIN] [2/9/2017 13:51] [MUTASI BARANG] MUTASI BARANG : detailRequestOrderDataGridView_CellValueChanged [expiryDateValue]
[ADMIN] [2/9/2017 13:51] [MUTASI BARANG] MUTASI BARANG : detailRequestOrderDataGridView_CellValueChanged [expiryDate]
[ADMIN] [2/9/2017 13:51] [MUTASI BARANG] MUTASI BARANG : detailRequestOrderDataGridView_CellValueChanged [expiryDateValue]
[ADMIN] [2/9/2017 13:51] [MUTASI BARANG] MUTASI BARANG : detailRequestOrderDataGridView_CellValueChanged [expiryDate]
[ADMIN] [2/9/2017 13:53] [MUTASI BARANG] MUTASI BARANG : detailRequestOrderDataGridView_CellValueChanged [productID]
[ADMIN] [2/9/2017 13:53] [PENJUALAN] MUTASI FORM : Combobox_KeyUp, cashierDataGridView.CurrentCell.OwningColumn.Name  [productID]
[ADMIN] [2/9/2017 13:53] [MUTASI BARANG] MUTASI BARANG : detailRequestOrderDataGridView_CellValueChanged [productID]
[ADMIN] [2/9/2017 13:53] [MUTASI BARANG] MUTASI BARANG : detailRequestOrderDataGridView_CellValueChanged [productName]
[ADMIN] [2/9/2017 13:53] [MUTASI BARANG] updateSomeRowsContent, PRODUCT_BASE_PRICE [53700]
[ADMIN] [2/9/2017 13:53] [MUTASI BARANG] MUTASI BARANG : detailRequestOrderDataGridView_CellValueChanged [hpp]
[ADMIN] [2/9/2017 13:53] [MUTASI BARANG] MUTASI BARANG : detailRequestOrderDataGridView_CellValueChanged [qty]
[ADMIN] [2/9/2017 13:53] [MUTASI BARANG] MUTASI BARANG : detailRequestOrderDataGridView_CellValueChanged [subtotal]
[ADMIN] [2/9/2017 13:53] [MUTASI BARANG] updateSomeRowsContent, attempt to calculate total
[ADMIN] [2/9/2017 13:53] [MUTASI BARANG] MUTASI BARANG : detailRequestOrderDataGridView_CellValueChanged [expiryDateValue]
[ADMIN] [2/9/2017 13:53] [MUTASI BARANG] MUTASI BARANG : detailRequestOrderDataGridView_CellValueChanged [expiryDate]
[ADMIN] [2/9/2017 13:53] [MUTASI BARANG] MUTASI BARANG : detailRequestOrderDataGridView_CellValueChanged [qty]
[ADMIN] [2/9/2017 13:53] [MUTASI BARANG] MUTASI BARANG : detailRequestOrderDataGridView_CellValueChanged [subtotal]
[ADMIN] [2/9/2017 13:53] [PENJUALAN] MUTASI FORM : Combobox_KeyUp, cashierDataGridView.CurrentCell.OwningColumn.Name  [qty]
[] [2/9/2017 13:58] [] USER = ADMIN IS ACTIVE
[ADMIN] [2/9/2017 13:58] [] USER ID = 1 LOGIN SUCCESSFULLY
[ADMIN] [2/9/2017 13:58] [] ACTIVATE USER ACCESS RIGHT
[ADMIN] [2/9/2017 13:58] [] DISPLAY ADMIN FORM
[ADMIN] [2/9/2017 13:58] [] adminForm Load
[ADMIN] [2/9/2017 13:58] [] ACTIVATE USER ACCESS RIGHT
[] [2/9/2017 14:00] [] USER = ADMIN IS ACTIVE
[ADMIN] [2/9/2017 14:00] [] USER ID = 1 LOGIN SUCCESSFULLY
[ADMIN] [2/9/2017 14:00] [] ACTIVATE USER ACCESS RIGHT
[ADMIN] [2/9/2017 14:00] [] DISPLAY ADMIN FORM
[ADMIN] [2/9/2017 14:00] [] adminForm Load
[ADMIN] [2/9/2017 14:00] [] ACTIVATE USER ACCESS RIGHT
[ADMIN] [2/9/2017 14:01] [MUTASI BARANG] MUTASI BARANG : detailRequestOrderDataGridView_CellValueChanged [productID]
[ADMIN] [2/9/2017 14:01] [PENJUALAN] MUTASI FORM : Combobox_KeyUp, cashierDataGridView.CurrentCell.OwningColumn.Name  [productID]
[ADMIN] [2/9/2017 14:01] [MUTASI BARANG] MUTASI BARANG : detailRequestOrderDataGridView_CellValueChanged [productID]
[ADMIN] [2/9/2017 14:01] [MUTASI BARANG] MUTASI BARANG : detailRequestOrderDataGridView_CellValueChanged [productName]
[ADMIN] [2/9/2017 14:01] [MUTASI BARANG] updateSomeRowsContent, PRODUCT_BASE_PRICE [48000]
[ADMIN] [2/9/2017 14:01] [MUTASI BARANG] MUTASI BARANG : detailRequestOrderDataGridView_CellValueChanged [hpp]
[ADMIN] [2/9/2017 14:01] [MUTASI BARANG] MUTASI BARANG : detailRequestOrderDataGridView_CellValueChanged [qty]
[ADMIN] [2/9/2017 14:01] [MUTASI BARANG] MUTASI BARANG : detailRequestOrderDataGridView_CellValueChanged [subtotal]
[ADMIN] [2/9/2017 14:01] [MUTASI BARANG] updateSomeRowsContent, attempt to calculate total
[ADMIN] [2/9/2017 14:01] [MUTASI BARANG] MUTASI BARANG : detailRequestOrderDataGridView_CellValueChanged [expiryDateValue]
[ADMIN] [2/9/2017 14:01] [MUTASI BARANG] MUTASI BARANG : detailRequestOrderDataGridView_CellValueChanged [expiryDate]
[ADMIN] [2/9/2017 14:01] [MUTASI BARANG] MUTASI BARANG : detailRequestOrderDataGridView_CellValueChanged [qty]
[ADMIN] [2/9/2017 14:01] [MUTASI BARANG] MUTASI BARANG : detailRequestOrderDataGridView_CellValueChanged [subtotal]
[ADMIN] [2/9/2017 14:01] [PENJUALAN] MUTASI FORM : Combobox_KeyUp, cashierDataGridView.CurrentCell.OwningColumn.Name  [qty]
[ADMIN] [2/9/2017 14:01] [MUTASI BARANG] MUTASI BARANG : detailRequestOrderDataGridView_CellValueChanged [qty]
[ADMIN] [2/9/2017 14:01] [MUTASI BARANG] MUTASI BARANG : detailRequestOrderDataGridView_CellValueChanged [subtotal]
[ADMIN] [2/9/2017 14:01] [MUTASI BARANG] SAVE/APPROVE MUTASI
[ADMIN] [2/9/2017 14:01] [MUTASI BARANG] GET NEW NO MUTASI [PM-4]
[ADMIN] [2/9/2017 14:01] [MUTASI BARANG] ADD NEW MUTASI [PM-4]
[ADMIN] [2/9/2017 14:01] [MUTASI BARANG] ADD DETAIL NEW MUTASI [EUKA-PSB1, 2]
[ADMIN] [2/9/2017 14:01] [MUTASI BARANG] REDUCE MASTER PRODUCT [EUKA-PSB1, 2]
[ADMIN] [2/9/2017 14:01] [MUTASI BARANG] REDUCE PRODUCT EXPIRY [EUKA-PSB1, 2]
[ADMIN] [2/9/2017 14:01] [MUTASI BARANG] INSERT TO CREDIT TABLE [PM-4]
[ADMIN] [2/9/2017 14:01] [MUTASI BARANG] MUTASI SAVED TO LOCAL DATA
[ADMIN] [2/9/2017 14:01] [MUTASI BARANG] GET BRANCH ID TO UPDATE [3]
[ADMIN] [2/9/2017 14:02] [MUTASI BARANG] TRY TO CONNECT TO BRANCH [3]
[] [2/9/2017 14:09] [] USER = ADMIN IS ACTIVE
[ADMIN] [2/9/2017 14:09] [] USER ID = 1 LOGIN SUCCESSFULLY
[ADMIN] [2/9/2017 14:09] [] ACTIVATE USER ACCESS RIGHT
[ADMIN] [2/9/2017 14:09] [] DISPLAY ADMIN FORM
[ADMIN] [2/9/2017 14:09] [] adminForm Load
[ADMIN] [2/9/2017 14:09] [] ACTIVATE USER ACCESS RIGHT
[ADMIN] [2/9/2017 14:09] [MUTASI BARANG] MUTASI BARANG : detailRequestOrderDataGridView_CellValueChanged [productID]
[ADMIN] [2/9/2017 14:09] [PENJUALAN] MUTASI FORM : Combobox_KeyUp, cashierDataGridView.CurrentCell.OwningColumn.Name  [productID]
[ADMIN] [2/9/2017 14:09] [MUTASI BARANG] MUTASI BARANG : detailRequestOrderDataGridView_CellValueChanged [productID]
[ADMIN] [2/9/2017 14:09] [MUTASI BARANG] MUTASI BARANG : detailRequestOrderDataGridView_CellValueChanged [productName]
[ADMIN] [2/9/2017 14:09] [MUTASI BARANG] updateSomeRowsContent, PRODUCT_BASE_PRICE [38000]
[ADMIN] [2/9/2017 14:09] [MUTASI BARANG] MUTASI BARANG : detailRequestOrderDataGridView_CellValueChanged [hpp]
[ADMIN] [2/9/2017 14:09] [MUTASI BARANG] MUTASI BARANG : detailRequestOrderDataGridView_CellValueChanged [qty]
[ADMIN] [2/9/2017 14:09] [MUTASI BARANG] MUTASI BARANG : detailRequestOrderDataGridView_CellValueChanged [subtotal]
[ADMIN] [2/9/2017 14:09] [MUTASI BARANG] updateSomeRowsContent, attempt to calculate total
[ADMIN] [2/9/2017 14:09] [MUTASI BARANG] MUTASI BARANG : detailRequestOrderDataGridView_CellValueChanged [expiryDateValue]
[ADMIN] [2/9/2017 14:09] [MUTASI BARANG] MUTASI BARANG : detailRequestOrderDataGridView_CellValueChanged [expiryDate]
[ADMIN] [2/9/2017 14:09] [MUTASI BARANG] MUTASI BARANG : detailRequestOrderDataGridView_CellValueChanged [qty]
[ADMIN] [2/9/2017 14:09] [MUTASI BARANG] MUTASI BARANG : detailRequestOrderDataGridView_CellValueChanged [subtotal]
[ADMIN] [2/9/2017 14:09] [PENJUALAN] MUTASI FORM : Combobox_KeyUp, cashierDataGridView.CurrentCell.OwningColumn.Name  [qty]
[ADMIN] [2/9/2017 14:09] [MUTASI BARANG] MUTASI BARANG : detailRequestOrderDataGridView_CellValueChanged [qty]
[ADMIN] [2/9/2017 14:09] [MUTASI BARANG] MUTASI BARANG : detailRequestOrderDataGridView_CellValueChanged [subtotal]
[ADMIN] [2/9/2017 14:09] [MUTASI BARANG] SAVE/APPROVE MUTASI
[ADMIN] [2/9/2017 14:09] [MUTASI BARANG] GET NEW NO MUTASI [PM-5]
[ADMIN] [2/9/2017 14:09] [MUTASI BARANG] ADD NEW MUTASI [PM-5]
[ADMIN] [2/9/2017 14:09] [MUTASI BARANG] ADD DETAIL NEW MUTASI [EUKA-PLB1, 2]
[ADMIN] [2/9/2017 14:09] [MUTASI BARANG] REDUCE MASTER PRODUCT [EUKA-PLB1, 2]
[ADMIN] [2/9/2017 14:09] [MUTASI BARANG] REDUCE PRODUCT EXPIRY [EUKA-PLB1, 2]
[ADMIN] [2/9/2017 14:09] [MUTASI BARANG] INSERT TO CREDIT TABLE [PM-5]
[ADMIN] [2/9/2017 14:09] [MUTASI BARANG] MUTASI SAVED TO LOCAL DATA
[ADMIN] [2/9/2017 14:09] [MUTASI BARANG] GET BRANCH ID TO UPDATE [3]
[ADMIN] [2/9/2017 14:09] [MUTASI BARANG] TRY TO CONNECT TO BRANCH [3]
[] [2/9/2017 14:17] [] USER = ADMIN IS ACTIVE
[ADMIN] [2/9/2017 14:17] [] USER ID = 1 LOGIN SUCCESSFULLY
[ADMIN] [2/9/2017 14:17] [] ACTIVATE USER ACCESS RIGHT
[ADMIN] [2/9/2017 14:17] [] DISPLAY ADMIN FORM
[ADMIN] [2/9/2017 14:17] [] adminForm Load
[ADMIN] [2/9/2017 14:17] [] ACTIVATE USER ACCESS RIGHT
[ADMIN] [2/9/2017 14:18] [MUTASI BARANG] MUTASI BARANG : detailRequestOrderDataGridView_CellValueChanged [productID]
[ADMIN] [2/9/2017 14:18] [PENJUALAN] MUTASI FORM : Combobox_KeyUp, cashierDataGridView.CurrentCell.OwningColumn.Name  [productID]
[ADMIN] [2/9/2017 14:18] [MUTASI BARANG] MUTASI BARANG : detailRequestOrderDataGridView_CellValueChanged [productID]
[ADMIN] [2/9/2017 14:18] [MUTASI BARANG] MUTASI BARANG : detailRequestOrderDataGridView_CellValueChanged [productName]
[ADMIN] [2/9/2017 14:18] [MUTASI BARANG] updateSomeRowsContent, PRODUCT_BASE_PRICE [48000]
[ADMIN] [2/9/2017 14:18] [MUTASI BARANG] MUTASI BARANG : detailRequestOrderDataGridView_CellValueChanged [hpp]
[ADMIN] [2/9/2017 14:18] [MUTASI BARANG] MUTASI BARANG : detailRequestOrderDataGridView_CellValueChanged [qty]
[ADMIN] [2/9/2017 14:18] [MUTASI BARANG] MUTASI BARANG : detailRequestOrderDataGridView_CellValueChanged [subtotal]
[ADMIN] [2/9/2017 14:18] [MUTASI BARANG] updateSomeRowsContent, attempt to calculate total
[ADMIN] [2/9/2017 14:18] [MUTASI BARANG] MUTASI BARANG : detailRequestOrderDataGridView_CellValueChanged [expiryDateValue]
[ADMIN] [2/9/2017 14:18] [MUTASI BARANG] MUTASI BARANG : detailRequestOrderDataGridView_CellValueChanged [expiryDate]
[ADMIN] [2/9/2017 14:18] [MUTASI BARANG] MUTASI BARANG : detailRequestOrderDataGridView_CellValueChanged [qty]
[ADMIN] [2/9/2017 14:18] [MUTASI BARANG] MUTASI BARANG : detailRequestOrderDataGridView_CellValueChanged [subtotal]
[ADMIN] [2/9/2017 14:18] [PENJUALAN] MUTASI FORM : Combobox_KeyUp, cashierDataGridView.CurrentCell.OwningColumn.Name  [qty]
[ADMIN] [2/9/2017 14:18] [MUTASI BARANG] MUTASI BARANG : detailRequestOrderDataGridView_CellValueChanged [qty]
[ADMIN] [2/9/2017 14:18] [MUTASI BARANG] MUTASI BARANG : detailRequestOrderDataGridView_CellValueChanged [subtotal]
[ADMIN] [2/9/2017 14:18] [MUTASI BARANG] SAVE/APPROVE MUTASI
[ADMIN] [2/9/2017 14:18] [MUTASI BARANG] GET NEW NO MUTASI [PM-6]
[ADMIN] [2/9/2017 14:18] [MUTASI BARANG] ADD NEW MUTASI [PM-6]
[ADMIN] [2/9/2017 14:18] [MUTASI BARANG] ADD DETAIL NEW MUTASI [EUKA-PSB1, 2]
[ADMIN] [2/9/2017 14:18] [MUTASI BARANG] REDUCE MASTER PRODUCT [EUKA-PSB1, 2]
[ADMIN] [2/9/2017 14:18] [MUTASI BARANG] REDUCE PRODUCT EXPIRY [EUKA-PSB1, 2]
[ADMIN] [2/9/2017 14:18] [MUTASI BARANG] INSERT TO CREDIT TABLE [PM-6]
[ADMIN] [2/9/2017 14:18] [MUTASI BARANG] MUTASI SAVED TO LOCAL DATA
[ADMIN] [2/9/2017 14:18] [MUTASI BARANG] GET BRANCH ID TO UPDATE [3]
[ADMIN] [2/9/2017 14:19] [MUTASI BARANG] TRY TO CONNECT TO BRANCH [127.0.0.2]
[] [2/9/2017 14:28] [] USER = ADMIN IS ACTIVE
[ADMIN] [2/9/2017 14:28] [] USER ID = 1 LOGIN SUCCESSFULLY
[ADMIN] [2/9/2017 14:28] [] ACTIVATE USER ACCESS RIGHT
[ADMIN] [2/9/2017 14:28] [] DISPLAY ADMIN FORM
[ADMIN] [2/9/2017 14:28] [] adminForm Load
[ADMIN] [2/9/2017 14:28] [] ACTIVATE USER ACCESS RIGHT
[ADMIN] [2/9/2017 14:29] [MUTASI BARANG] MUTASI BARANG : detailRequestOrderDataGridView_CellValueChanged [productID]
[ADMIN] [2/9/2017 14:29] [PENJUALAN] MUTASI FORM : Combobox_KeyUp, cashierDataGridView.CurrentCell.OwningColumn.Name  [productID]
[ADMIN] [2/9/2017 14:29] [MUTASI BARANG] MUTASI BARANG : detailRequestOrderDataGridView_CellValueChanged [productID]
[ADMIN] [2/9/2017 14:29] [MUTASI BARANG] MUTASI BARANG : detailRequestOrderDataGridView_CellValueChanged [productName]
[ADMIN] [2/9/2017 14:29] [MUTASI BARANG] updateSomeRowsContent, PRODUCT_BASE_PRICE [41000]
[ADMIN] [2/9/2017 14:29] [MUTASI BARANG] MUTASI BARANG : detailRequestOrderDataGridView_CellValueChanged [hpp]
[ADMIN] [2/9/2017 14:29] [MUTASI BARANG] MUTASI BARANG : detailRequestOrderDataGridView_CellValueChanged [qty]
[ADMIN] [2/9/2017 14:29] [MUTASI BARANG] MUTASI BARANG : detailRequestOrderDataGridView_CellValueChanged [subtotal]
[ADMIN] [2/9/2017 14:29] [MUTASI BARANG] updateSomeRowsContent, attempt to calculate total
[ADMIN] [2/9/2017 14:29] [MUTASI BARANG] MUTASI BARANG : detailRequestOrderDataGridView_CellValueChanged [expiryDateValue]
[ADMIN] [2/9/2017 14:29] [MUTASI BARANG] MUTASI BARANG : detailRequestOrderDataGridView_CellValueChanged [expiryDate]
[ADMIN] [2/9/2017 14:29] [MUTASI BARANG] MUTASI BARANG : detailRequestOrderDataGridView_CellValueChanged [qty]
[ADMIN] [2/9/2017 14:29] [MUTASI BARANG] MUTASI BARANG : detailRequestOrderDataGridView_CellValueChanged [subtotal]
[ADMIN] [2/9/2017 14:29] [PENJUALAN] MUTASI FORM : Combobox_KeyUp, cashierDataGridView.CurrentCell.OwningColumn.Name  [qty]
[ADMIN] [2/9/2017 14:29] [MUTASI BARANG] MUTASI BARANG : detailRequestOrderDataGridView_CellValueChanged [qty]
[ADMIN] [2/9/2017 14:29] [MUTASI BARANG] MUTASI BARANG : detailRequestOrderDataGridView_CellValueChanged [subtotal]
[ADMIN] [2/9/2017 14:29] [MUTASI BARANG] SAVE/APPROVE MUTASI
[ADMIN] [2/9/2017 14:29] [MUTASI BARANG] GET NEW NO MUTASI [PM-7]
[ADMIN] [2/9/2017 14:29] [MUTASI BARANG] ADD NEW MUTASI [PM-7]
[ADMIN] [2/9/2017 14:29] [MUTASI BARANG] ADD DETAIL NEW MUTASI [ARTEMIS-PSB1, 2]
[ADMIN] [2/9/2017 14:29] [MUTASI BARANG] REDUCE MASTER PRODUCT [ARTEMIS-PSB1, 2]
[ADMIN] [2/9/2017 14:29] [MUTASI BARANG] REDUCE PRODUCT EXPIRY [ARTEMIS-PSB1, 2]
[ADMIN] [2/9/2017 14:29] [MUTASI BARANG] INSERT TO CREDIT TABLE [PM-7]
[ADMIN] [2/9/2017 14:29] [MUTASI BARANG] MUTASI SAVED TO LOCAL DATA
[ADMIN] [2/9/2017 14:29] [MUTASI BARANG] GET BRANCH ID TO UPDATE [3]
[ADMIN] [2/9/2017 14:29] [MUTASI BARANG] TRY TO CONNECT TO BRANCH [127.0.0.2]
[] [2/9/2017 14:33] [] USER = ADMIN IS ACTIVE
[ADMIN] [2/9/2017 14:33] [] USER ID = 1 LOGIN SUCCESSFULLY
[ADMIN] [2/9/2017 14:33] [] ACTIVATE USER ACCESS RIGHT
[ADMIN] [2/9/2017 14:33] [] DISPLAY ADMIN FORM
[ADMIN] [2/9/2017 14:33] [] adminForm Load
[ADMIN] [2/9/2017 14:33] [] ACTIVATE USER ACCESS RIGHT
[ADMIN] [2/9/2017 14:33] [MUTASI BARANG] MUTASI BARANG : detailRequestOrderDataGridView_CellValueChanged [productID]
[ADMIN] [2/9/2017 14:33] [PENJUALAN] MUTASI FORM : Combobox_KeyUp, cashierDataGridView.CurrentCell.OwningColumn.Name  [productID]
[ADMIN] [2/9/2017 14:33] [MUTASI BARANG] MUTASI BARANG : detailRequestOrderDataGridView_CellValueChanged [productID]
[ADMIN] [2/9/2017 14:33] [MUTASI BARANG] MUTASI BARANG : detailRequestOrderDataGridView_CellValueChanged [productName]
[ADMIN] [2/9/2017 14:33] [MUTASI BARANG] updateSomeRowsContent, PRODUCT_BASE_PRICE [23850]
[ADMIN] [2/9/2017 14:33] [MUTASI BARANG] MUTASI BARANG : detailRequestOrderDataGridView_CellValueChanged [hpp]
[ADMIN] [2/9/2017 14:33] [MUTASI BARANG] MUTASI BARANG : detailRequestOrderDataGridView_CellValueChanged [qty]
[ADMIN] [2/9/2017 14:33] [MUTASI BARANG] MUTASI BARANG : detailRequestOrderDataGridView_CellValueChanged [subtotal]
[ADMIN] [2/9/2017 14:33] [MUTASI BARANG] updateSomeRowsContent, attempt to calculate total
[ADMIN] [2/9/2017 14:33] [MUTASI BARANG] MUTASI BARANG : detailRequestOrderDataGridView_CellValueChanged [expiryDateValue]
[ADMIN] [2/9/2017 14:33] [MUTASI BARANG] MUTASI BARANG : detailRequestOrderDataGridView_CellValueChanged [expiryDate]
[ADMIN] [2/9/2017 14:33] [MUTASI BARANG] MUTASI BARANG : detailRequestOrderDataGridView_CellValueChanged [qty]
[ADMIN] [2/9/2017 14:33] [MUTASI BARANG] MUTASI BARANG : detailRequestOrderDataGridView_CellValueChanged [subtotal]
[ADMIN] [2/9/2017 14:33] [PENJUALAN] MUTASI FORM : Combobox_KeyUp, cashierDataGridView.CurrentCell.OwningColumn.Name  [qty]
[ADMIN] [2/9/2017 14:33] [MUTASI BARANG] MUTASI BARANG : detailRequestOrderDataGridView_CellValueChanged [qty]
[ADMIN] [2/9/2017 14:33] [MUTASI BARANG] MUTASI BARANG : detailRequestOrderDataGridView_CellValueChanged [subtotal]
[ADMIN] [2/9/2017 14:33] [MUTASI BARANG] SAVE/APPROVE MUTASI
[ADMIN] [2/9/2017 14:33] [MUTASI BARANG] GET NEW NO MUTASI [PM-8]
[ADMIN] [2/9/2017 14:33] [MUTASI BARANG] ADD NEW MUTASI [PM-8]
[ADMIN] [2/9/2017 14:33] [MUTASI BARANG] ADD DETAIL NEW MUTASI [CALIBER-AD1, 2]
[ADMIN] [2/9/2017 14:33] [MUTASI BARANG] REDUCE MASTER PRODUCT [CALIBER-AD1, 2]
[ADMIN] [2/9/2017 14:33] [MUTASI BARANG] REDUCE PRODUCT EXPIRY [CALIBER-AD1, 2]
[ADMIN] [2/9/2017 14:33] [MUTASI BARANG] INSERT TO CREDIT TABLE [PM-8]
[ADMIN] [2/9/2017 14:33] [MUTASI BARANG] MUTASI SAVED TO LOCAL DATA
[ADMIN] [2/9/2017 14:34] [MUTASI BARANG] GET BRANCH ID TO UPDATE [3]
[ADMIN] [2/9/2017 14:34] [MUTASI BARANG] TRY TO CONNECT TO BRANCH [127.0.0.2]
[] [2/9/2017 14:42] [] USER = ADMIN IS ACTIVE
[ADMIN] [2/9/2017 14:42] [] USER ID = 1 LOGIN SUCCESSFULLY
[ADMIN] [2/9/2017 14:42] [] ACTIVATE USER ACCESS RIGHT
[ADMIN] [2/9/2017 14:43] [] DISPLAY ADMIN FORM
[ADMIN] [2/9/2017 14:43] [] adminForm Load
[ADMIN] [2/9/2017 14:43] [] ACTIVATE USER ACCESS RIGHT
[ADMIN] [2/9/2017 14:43] [MUTASI BARANG] MUTASI BARANG : detailRequestOrderDataGridView_CellValueChanged [productID]
[ADMIN] [2/9/2017 14:43] [PENJUALAN] MUTASI FORM : Combobox_KeyUp, cashierDataGridView.CurrentCell.OwningColumn.Name  [productID]
[ADMIN] [2/9/2017 14:43] [MUTASI BARANG] MUTASI BARANG : detailRequestOrderDataGridView_CellValueChanged [productID]
[ADMIN] [2/9/2017 14:43] [MUTASI BARANG] MUTASI BARANG : detailRequestOrderDataGridView_CellValueChanged [productName]
[ADMIN] [2/9/2017 14:43] [MUTASI BARANG] updateSomeRowsContent, PRODUCT_BASE_PRICE [53200]
[ADMIN] [2/9/2017 14:43] [MUTASI BARANG] MUTASI BARANG : detailRequestOrderDataGridView_CellValueChanged [hpp]
[ADMIN] [2/9/2017 14:43] [MUTASI BARANG] MUTASI BARANG : detailRequestOrderDataGridView_CellValueChanged [qty]
[ADMIN] [2/9/2017 14:43] [MUTASI BARANG] MUTASI BARANG : detailRequestOrderDataGridView_CellValueChanged [subtotal]
[ADMIN] [2/9/2017 14:43] [MUTASI BARANG] updateSomeRowsContent, attempt to calculate total
[ADMIN] [2/9/2017 14:43] [MUTASI BARANG] MUTASI BARANG : detailRequestOrderDataGridView_CellValueChanged [expiryDateValue]
[ADMIN] [2/9/2017 14:43] [MUTASI BARANG] MUTASI BARANG : detailRequestOrderDataGridView_CellValueChanged [expiryDate]
[ADMIN] [2/9/2017 14:43] [MUTASI BARANG] MUTASI BARANG : detailRequestOrderDataGridView_CellValueChanged [qty]
[ADMIN] [2/9/2017 14:43] [MUTASI BARANG] MUTASI BARANG : detailRequestOrderDataGridView_CellValueChanged [subtotal]
[ADMIN] [2/9/2017 14:43] [PENJUALAN] MUTASI FORM : Combobox_KeyUp, cashierDataGridView.CurrentCell.OwningColumn.Name  [qty]
[ADMIN] [2/9/2017 14:43] [MUTASI BARANG] MUTASI BARANG : detailRequestOrderDataGridView_CellValueChanged [qty]
[ADMIN] [2/9/2017 14:43] [MUTASI BARANG] MUTASI BARANG : detailRequestOrderDataGridView_CellValueChanged [subtotal]
[ADMIN] [2/9/2017 14:43] [MUTASI BARANG] SAVE/APPROVE MUTASI
[ADMIN] [2/9/2017 14:43] [MUTASI BARANG] GET NEW NO MUTASI [PM-9]
[ADMIN] [2/9/2017 14:43] [MUTASI BARANG] ADD NEW MUTASI [PM-9]
[ADMIN] [2/9/2017 14:43] [MUTASI BARANG] ADD DETAIL NEW MUTASI [4906295058497, 1]
[ADMIN] [2/9/2017 14:43] [MUTASI BARANG] REDUCE MASTER PRODUCT [4906295058497, 1]
[ADMIN] [2/9/2017 14:43] [MUTASI BARANG] REDUCE PRODUCT EXPIRY [4906295058497, 1]
[ADMIN] [2/9/2017 14:43] [MUTASI BARANG] INSERT TO CREDIT TABLE [PM-9]
[ADMIN] [2/9/2017 14:43] [MUTASI BARANG] MUTASI SAVED TO LOCAL DATA
[ADMIN] [2/9/2017 14:43] [MUTASI BARANG] GET BRANCH ID TO UPDATE [3]
[ADMIN] [2/9/2017 14:45] [MUTASI BARANG] TRY TO CONNECT TO BRANCH [127.0.0.2]
[ADMIN] [2/9/2017 14:49] [MUTASI BARANG] CONNECTED TO BRANCH [3] [1]
[] [2/9/2017 14:58] [] USER = ADMIN IS ACTIVE
[ADMIN] [2/9/2017 14:58] [] USER ID = 1 LOGIN SUCCESSFULLY
[ADMIN] [2/9/2017 14:58] [] ACTIVATE USER ACCESS RIGHT
[ADMIN] [2/9/2017 14:58] [] DISPLAY ADMIN FORM
[ADMIN] [2/9/2017 14:58] [] adminForm Load
[ADMIN] [2/9/2017 14:58] [] ACTIVATE USER ACCESS RIGHT
[ADMIN] [2/9/2017 14:58] [MUTASI BARANG] MUTASI BARANG : detailRequestOrderDataGridView_CellValueChanged [productID]
[ADMIN] [2/9/2017 14:58] [PENJUALAN] MUTASI FORM : Combobox_KeyUp, cashierDataGridView.CurrentCell.OwningColumn.Name  [productID]
[ADMIN] [2/9/2017 14:58] [MUTASI BARANG] MUTASI BARANG : detailRequestOrderDataGridView_CellValueChanged [productID]
[ADMIN] [2/9/2017 14:58] [MUTASI BARANG] MUTASI BARANG : detailRequestOrderDataGridView_CellValueChanged [productName]
[ADMIN] [2/9/2017 14:58] [MUTASI BARANG] updateSomeRowsContent, PRODUCT_BASE_PRICE [15000]
[ADMIN] [2/9/2017 14:58] [MUTASI BARANG] MUTASI BARANG : detailRequestOrderDataGridView_CellValueChanged [hpp]
[ADMIN] [2/9/2017 14:58] [MUTASI BARANG] MUTASI BARANG : detailRequestOrderDataGridView_CellValueChanged [qty]
[ADMIN] [2/9/2017 14:58] [MUTASI BARANG] MUTASI BARANG : detailRequestOrderDataGridView_CellValueChanged [subtotal]
[ADMIN] [2/9/2017 14:58] [MUTASI BARANG] updateSomeRowsContent, attempt to calculate total
[ADMIN] [2/9/2017 14:58] [MUTASI BARANG] MUTASI BARANG : detailRequestOrderDataGridView_CellValueChanged [expiryDateValue]
[ADMIN] [2/9/2017 14:58] [MUTASI BARANG] MUTASI BARANG : detailRequestOrderDataGridView_CellValueChanged [expiryDate]
[ADMIN] [2/9/2017 14:58] [MUTASI BARANG] MUTASI BARANG : detailRequestOrderDataGridView_CellValueChanged [qty]
[ADMIN] [2/9/2017 14:58] [MUTASI BARANG] MUTASI BARANG : detailRequestOrderDataGridView_CellValueChanged [subtotal]
[ADMIN] [2/9/2017 14:58] [PENJUALAN] MUTASI FORM : Combobox_KeyUp, cashierDataGridView.CurrentCell.OwningColumn.Name  [qty]
[ADMIN] [2/9/2017 14:58] [MUTASI BARANG] MUTASI BARANG : detailRequestOrderDataGridView_CellValueChanged [qty]
[ADMIN] [2/9/2017 14:58] [MUTASI BARANG] MUTASI BARANG : detailRequestOrderDataGridView_CellValueChanged [subtotal]
[ADMIN] [2/9/2017 14:58] [PENJUALAN] MUTASI FORM : Combobox_KeyUp, cashierDataGridView.CurrentCell.OwningColumn.Name  [qty]
[ADMIN] [2/9/2017 14:58] [MUTASI BARANG] SAVE/APPROVE MUTASI
[ADMIN] [2/9/2017 14:59] [MUTASI BARANG] GET NEW NO MUTASI [PM-10]
[ADMIN] [2/9/2017 14:59] [MUTASI BARANG] ADD NEW MUTASI [PM-10]
[ADMIN] [2/9/2017 14:59] [MUTASI BARANG] ADD DETAIL NEW MUTASI [BALANCE-AD1, 2]
[ADMIN] [2/9/2017 14:59] [MUTASI BARANG] REDUCE MASTER PRODUCT [BALANCE-AD1, 2]
[ADMIN] [2/9/2017 14:59] [MUTASI BARANG] REDUCE PRODUCT EXPIRY [BALANCE-AD1, 2]
[ADMIN] [2/9/2017 14:59] [MUTASI BARANG] INSERT TO CREDIT TABLE [PM-10]
[ADMIN] [2/9/2017 14:59] [MUTASI BARANG] MUTASI SAVED TO LOCAL DATA
[ADMIN] [2/9/2017 14:59] [MUTASI BARANG] GET BRANCH ID TO UPDATE [3]
[ADMIN] [2/9/2017 14:59] [MUTASI BARANG] TRY TO CONNECT TO BRANCH [127.0.0.2]
[] [2/9/2017 15:02] [] USER = ADMIN IS ACTIVE
[ADMIN] [2/9/2017 15:02] [] USER ID = 1 LOGIN SUCCESSFULLY
[ADMIN] [2/9/2017 15:02] [] ACTIVATE USER ACCESS RIGHT
[ADMIN] [2/9/2017 15:02] [] DISPLAY ADMIN FORM
[ADMIN] [2/9/2017 15:02] [] adminForm Load
[ADMIN] [2/9/2017 15:02] [] ACTIVATE USER ACCESS RIGHT
[ADMIN] [2/9/2017 15:02] [] USER ID = 1LOGOUT
