[] [5/24/2017 13:34] [] USER = ADMIN IS ACTIVE
[ADMIN] [5/24/2017 13:34] [] USER ID = 1 LOGIN SUCCESSFULLY
[ADMIN] [5/24/2017 13:34] [] ACTIVATE USER ACCESS RIGHT
[ADMIN] [5/24/2017 13:34] [] DISPLAY ADMIN FORM
[ADMIN] [5/24/2017 13:34] [] adminForm Load
[ADMIN] [5/24/2017 13:34] [] ACTIVATE USER ACCESS RIGHT
[ADMIN] [5/24/2017 13:35] [PENJUALAN] CASHIER FORM : MULTIPLE CASHIER INSTANCE [1]
[ADMIN] [5/24/2017 13:35] [PENJUALAN] CASHIER FORM : REGISTER HOTKEY
[ADMIN] [5/24/2017 13:35] [PENJUALAN] CASHIER FORM : cashierForm_Load, ATTEMPT TO LOAD NO FAKTUR
[ADMIN] [5/24/2017 13:35] [PENJUALAN] CASHIER FORM : loadNoFaktur, noFakturValue [SLO001]
[ADMIN] [5/24/2017 13:35] [PENJUALAN] CASHIER FORM : cashierForm_Load, ATTEMPT TO addColumnToDataGrid
[ADMIN] [5/24/2017 13:35] [PENJUALAN] CASHIER FORM : UPDATE ROW NUMBER, TOTAL ROW [1]
[ADMIN] [5/24/2017 13:35] [PENJUALAN] CASHIER FORM : calculateTotal
[ADMIN] [5/24/2017 13:35] [PENJUALAN] CASHIER FORM : calculateTotal [0]
[ADMIN] [5/24/2017 13:35] [PENJUALAN] CASHIER FORM : calculateTotal, totalAfterDisc [0]
[ADMIN] [5/24/2017 13:35] [PENJUALAN] CASHIER FORM : calculateChangeValue, bayarTextBox.Text [0]
[ADMIN] [5/24/2017 13:35] [PENJUALAN] CASHIER FORM : calculateChangeValue, sisaBayar [0]
[ADMIN] [5/24/2017 13:35] [PENJUALAN] CASHIER FORM : REGISTER HOTKEY
[ADMIN] [5/24/2017 13:35] [PENJUALAN] CASHIER FORM : Combobox_previewKeyDown, cashierDataGridView.CurrentCell.OwningColumn.Name  [productID]
[ADMIN] [5/24/2017 13:35] [PENJUALAN] CASHIER FORM : UPDATE ROW NUMBER, TOTAL ROW [2]
[ADMIN] [5/24/2017 13:35] [PENJUALAN] CASHIER FORM : cashierDataGridView_CellValueChanged [F8]
[ADMIN] [5/24/2017 13:35] [PENJUALAN] CASHIER FORM : cashierDataGridView_CellValueChanged [productID]
[ADMIN] [5/24/2017 13:35] [PENJUALAN] CASHIER FORM : Combobox_KeyUp, cashierDataGridView.CurrentCell.OwningColumn.Name  [productID]
[ADMIN] [5/24/2017 13:35] [PENJUALAN] CASHIER FORM : Combobox_KeyUp, cashierDataGridView.CurrentCell.OwningColumn.Name  [productID]
[ADMIN] [5/24/2017 13:35] [PENJUALAN] CASHIER FORM : Combobox_previewKeyDown, cashierDataGridView.CurrentCell.OwningColumn.Name  [productID]
[ADMIN] [5/24/2017 13:35] [PENJUALAN] CASHIER FORM : cashierDataGridView_CellValueChanged [productID]
[ADMIN] [5/24/2017 13:35] [PENJUALAN] CASHIER FORM : Combobox_KeyUp, cashierDataGridView.CurrentCell.OwningColumn.Name  [productID]
[ADMIN] [5/24/2017 13:35] [PENJUALAN] CASHIER FORM : Combobox_KeyUp, cashierDataGridView.CurrentCell.OwningColumn.Name  [productID]
[ADMIN] [5/24/2017 13:35] [PENJUALAN] CASHIER FORM : Combobox_previewKeyDown, cashierDataGridView.CurrentCell.OwningColumn.Name  [productID]
[ADMIN] [5/24/2017 13:35] [PENJUALAN] CASHIER FORM : UNREGISTER HOTKEY
[ADMIN] [5/24/2017 13:35] [PENJUALAN] CASHIER FORM : ADD NEW ROW FROM BARCODE [CAFORTAN 20 PC]
[ADMIN] [5/24/2017 13:35] [PENJUALAN] CASHIER FORM : updateSomeRowContents
[ADMIN] [5/24/2017 13:35] [PENJUALAN] CASHIER FORM : cashierDataGridView_CellValueChanged [productID]
[ADMIN] [5/24/2017 13:35] [PENJUALAN] CASHIER FORM : cashierDataGridView_CellValueChanged [productName]
[ADMIN] [5/24/2017 13:35] [PENJUALAN] CASHIER FORM : updateSomeRowContents
[ADMIN] [5/24/2017 13:35] [PENJUALAN] CASHIER FORM : PRODUCT PRICE TYPE [PRODUCT_BASE_PRICE]
[ADMIN] [5/24/2017 13:35] [PENJUALAN] CASHIER FORM : PRODUCT PRICE [12000]
[ADMIN] [5/24/2017 13:35] [PENJUALAN] CASHIER FORM : ComboBox_SelectedIndexChanged, PRODUCT_BASE_PRICE [12000]
[ADMIN] [5/24/2017 13:35] [PENJUALAN] CASHIER FORM : cashierDataGridView_CellValueChanged [hpp]
[ADMIN] [5/24/2017 13:35] [PENJUALAN] CASHIER FORM : PRODUCT PRICE TYPE [PRODUCT_RETAIL_PRICE]
[ADMIN] [5/24/2017 13:35] [PENJUALAN] CASHIER FORM : PRODUCT PRICE [17000]
[ADMIN] [5/24/2017 13:35] [PENJUALAN] CASHIER FORM : ComboBox_SelectedIndexChanged, PRODUCT_SALES_PRICE [17000]
[ADMIN] [5/24/2017 13:35] [PENJUALAN] CASHIER FORM : cashierDataGridView_CellValueChanged [productPrice]
[ADMIN] [5/24/2017 13:35] [PENJUALAN] CASHIER FORM : cashierDataGridView_CellValueChanged, previousInput [0]
[ADMIN] [5/24/2017 13:35] [PENJUALAN] CASHIER FORM : cashierDataGridView_CellValueChanged, cellValue [17000]
[ADMIN] [5/24/2017 13:35] [PENJUALAN] CASHIER FORM : cashierDataGridView_CellValueChanged, dataGridViewTextBoxEditingControl.Text pass REGEX Checking
[ADMIN] [5/24/2017 13:35] [PENJUALAN] CASHIER FORM : CALCULATE SUBTOTAL
[ADMIN] [5/24/2017 13:35] [PENJUALAN] CASHIER FORM : SUBTOTAL [0]
[ADMIN] [5/24/2017 13:35] [PENJUALAN] CASHIER FORM : cashierDataGridView_CellValueChanged, subtotal value [0]
[ADMIN] [5/24/2017 13:35] [PENJUALAN] CASHIER FORM : cashierDataGridView_CellValueChanged, attempt to calculate total value
[ADMIN] [5/24/2017 13:35] [PENJUALAN] CASHIER FORM : calculateTotal
[ADMIN] [5/24/2017 13:35] [PENJUALAN] CASHIER FORM : calculateTotal [0]
[ADMIN] [5/24/2017 13:35] [PENJUALAN] CASHIER FORM : calculateTotal, totalAfterDisc [0]
[ADMIN] [5/24/2017 13:35] [PENJUALAN] CASHIER FORM : calculateChangeValue, bayarTextBox.Text [0]
[ADMIN] [5/24/2017 13:35] [PENJUALAN] CASHIER FORM : calculateChangeValue, sisaBayar [0]
[ADMIN] [5/24/2017 13:35] [PENJUALAN] CASHIER FORM : cashierDataGridView_CellValueChanged [qty]
[ADMIN] [5/24/2017 13:35] [PENJUALAN] CASHIER FORM : cashierDataGridView_CellValueChanged, previousInput [0]
[ADMIN] [5/24/2017 13:35] [PENJUALAN] CASHIER FORM : cashierDataGridView_CellValueChanged [jumlah]
[ADMIN] [5/24/2017 13:35] [PENJUALAN] CASHIER FORM : calculateTotal
[ADMIN] [5/24/2017 13:35] [PENJUALAN] CASHIER FORM : calculateTotal [0]
[ADMIN] [5/24/2017 13:35] [PENJUALAN] CASHIER FORM : calculateTotal, totalAfterDisc [0]
[ADMIN] [5/24/2017 13:35] [PENJUALAN] CASHIER FORM : calculateChangeValue, bayarTextBox.Text [0]
[ADMIN] [5/24/2017 13:35] [PENJUALAN] CASHIER FORM : calculateChangeValue, sisaBayar [0]
[ADMIN] [5/24/2017 13:35] [PENJUALAN] CASHIER FORM : CHECK STOCK QTY IS ENOUGH [CAFORTAN-20]
[ADMIN] [5/24/2017 13:35] [PENJUALAN] CASHIER FORM : CHECK STOCK QTY IS ENOUGH [8, 1]
[ADMIN] [5/24/2017 13:35] [PENJUALAN] CASHIER FORM : cashierDataGridView_CellValueChanged [qty]
[ADMIN] [5/24/2017 13:35] [PENJUALAN] CASHIER FORM : cashierDataGridView_CellValueChanged, previousInput [0]
[ADMIN] [5/24/2017 13:35] [PENJUALAN] CASHIER FORM : cashierDataGridView_CellValueChanged, cellValue [1]
[ADMIN] [5/24/2017 13:35] [PENJUALAN] CASHIER FORM : cashierDataGridView_CellValueChanged, dataGridViewTextBoxEditingControl.Text pass REGEX Checking
[ADMIN] [5/24/2017 13:35] [PENJUALAN] CASHIER FORM : CHECK STOCK QTY IS ENOUGH [CAFORTAN-20]
[ADMIN] [5/24/2017 13:35] [PENJUALAN] CASHIER FORM : CHECK STOCK QTY IS ENOUGH [8, 1]
[ADMIN] [5/24/2017 13:35] [PENJUALAN] CASHIER FORM : CALCULATE SUBTOTAL
[ADMIN] [5/24/2017 13:35] [PENJUALAN] CASHIER FORM : SUBTOTAL [17000]
[ADMIN] [5/24/2017 13:35] [PENJUALAN] CASHIER FORM : cashierDataGridView_CellValueChanged, subtotal value [17000]
[ADMIN] [5/24/2017 13:35] [PENJUALAN] CASHIER FORM : cashierDataGridView_CellValueChanged, attempt to calculate total value
[ADMIN] [5/24/2017 13:35] [PENJUALAN] CASHIER FORM : calculateTotal
[ADMIN] [5/24/2017 13:35] [PENJUALAN] CASHIER FORM : calculateTotal [17000]
[ADMIN] [5/24/2017 13:35] [PENJUALAN] CASHIER FORM : calculateTotal, totalAfterDisc [17000]
[ADMIN] [5/24/2017 13:35] [PENJUALAN] CASHIER FORM : calculateChangeValue, bayarTextBox.Text [0]
[ADMIN] [5/24/2017 13:35] [PENJUALAN] CASHIER FORM : calculateChangeValue, sisaBayar [0]
[ADMIN] [5/24/2017 13:35] [PENJUALAN] CASHIER FORM : SET QTY TO 1 BECAUSE OF NEW ROW
[ADMIN] [5/24/2017 13:35] [PENJUALAN] CASHIER FORM : CALCULATE SUBTOTAL
[ADMIN] [5/24/2017 13:35] [PENJUALAN] CASHIER FORM : SUBTOTAL [17000]
[ADMIN] [5/24/2017 13:35] [PENJUALAN] CASHIER FORM : calculateTotal
[ADMIN] [5/24/2017 13:35] [PENJUALAN] CASHIER FORM : calculateTotal [17000]
[ADMIN] [5/24/2017 13:35] [PENJUALAN] CASHIER FORM : calculateTotal, totalAfterDisc [17000]
[ADMIN] [5/24/2017 13:35] [PENJUALAN] CASHIER FORM : calculateChangeValue, bayarTextBox.Text [0]
[ADMIN] [5/24/2017 13:35] [PENJUALAN] CASHIER FORM : calculateChangeValue, sisaBayar [0]
[ADMIN] [5/24/2017 13:35] [PENJUALAN] CASHIER FORM : UPDATE ROW NUMBER, TOTAL ROW [2]
[ADMIN] [5/24/2017 13:35] [PENJUALAN] CASHIER FORM : cashierDataGridView_CellValueChanged [F8]
[ADMIN] [5/24/2017 13:35] [PENJUALAN] CASHIER FORM : REGISTER HOTKEY
[ADMIN] [5/24/2017 13:35] [PENJUALAN] CASHIER FORM : Combobox_KeyUp, cashierDataGridView.CurrentCell.OwningColumn.Name  [qty]
[ADMIN] [5/24/2017 13:35] [PENJUALAN] CASHIER FORM : Combobox_KeyUp, cashierDataGridView.CurrentCell.OwningColumn.Name  [qty]
[ADMIN] [5/24/2017 13:35] [PENJUALAN] CASHIER FORM : cashierDataGridView_CellValueChanged [qty]
[ADMIN] [5/24/2017 13:35] [PENJUALAN] CASHIER FORM : cashierDataGridView_CellValueChanged, previousInput [1]
[ADMIN] [5/24/2017 13:35] [PENJUALAN] CASHIER FORM : cashierDataGridView_CellValueChanged, dataGridViewTextBoxEditingControl.Text pass REGEX Checking
[ADMIN] [5/24/2017 13:35] [PENJUALAN] CASHIER FORM : CHECK STOCK QTY IS ENOUGH [CAFORTAN-20]
[ADMIN] [5/24/2017 13:35] [PENJUALAN] CASHIER FORM : CHECK STOCK QTY IS ENOUGH [8, 2]
[ADMIN] [5/24/2017 13:35] [PENJUALAN] CASHIER FORM : CALCULATE SUBTOTAL
[ADMIN] [5/24/2017 13:35] [PENJUALAN] CASHIER FORM : SUBTOTAL [34000]
[ADMIN] [5/24/2017 13:35] [PENJUALAN] CASHIER FORM : cashierDataGridView_CellValueChanged, subtotal value [34000]
[ADMIN] [5/24/2017 13:35] [PENJUALAN] CASHIER FORM : cashierDataGridView_CellValueChanged, attempt to calculate total value
[ADMIN] [5/24/2017 13:35] [PENJUALAN] CASHIER FORM : calculateTotal
[ADMIN] [5/24/2017 13:35] [PENJUALAN] CASHIER FORM : calculateTotal [34000]
[ADMIN] [5/24/2017 13:35] [PENJUALAN] CASHIER FORM : calculateTotal, totalAfterDisc [34000]
[ADMIN] [5/24/2017 13:35] [PENJUALAN] CASHIER FORM : calculateChangeValue, bayarTextBox.Text [0]
[ADMIN] [5/24/2017 13:35] [PENJUALAN] CASHIER FORM : calculateChangeValue, sisaBayar [0]
[ADMIN] [5/24/2017 13:35] [PENJUALAN] CASHIER FORM : cashierDataGridView_CellValueChanged [qty]
[ADMIN] [5/24/2017 13:35] [PENJUALAN] CASHIER FORM : cashierDataGridView_CellValueChanged, previousInput [2]
[ADMIN] [5/24/2017 13:35] [PENJUALAN] CASHIER FORM : cashierDataGridView_CellValueChanged, dataGridViewTextBoxEditingControl.Text pass REGEX Checking
[ADMIN] [5/24/2017 13:35] [PENJUALAN] CASHIER FORM : CHECK STOCK QTY IS ENOUGH [CAFORTAN-20]
[ADMIN] [5/24/2017 13:35] [PENJUALAN] CASHIER FORM : CHECK STOCK QTY IS ENOUGH [8, 20]
[ADMIN] [5/24/2017 13:35] [PENJUALAN] CASHIER FORM : CALCULATE SUBTOTAL
[ADMIN] [5/24/2017 13:35] [PENJUALAN] CASHIER FORM : SUBTOTAL [34000]
[ADMIN] [5/24/2017 13:35] [PENJUALAN] CASHIER FORM : cashierDataGridView_CellValueChanged, subtotal value [34000]
[ADMIN] [5/24/2017 13:35] [PENJUALAN] CASHIER FORM : cashierDataGridView_CellValueChanged, attempt to calculate total value
[ADMIN] [5/24/2017 13:35] [PENJUALAN] CASHIER FORM : calculateTotal
[ADMIN] [5/24/2017 13:35] [PENJUALAN] CASHIER FORM : calculateTotal [34000]
[ADMIN] [5/24/2017 13:35] [PENJUALAN] CASHIER FORM : calculateTotal, totalAfterDisc [34000]
[ADMIN] [5/24/2017 13:35] [PENJUALAN] CASHIER FORM : calculateChangeValue, bayarTextBox.Text [0]
[ADMIN] [5/24/2017 13:35] [PENJUALAN] CASHIER FORM : calculateChangeValue, sisaBayar [0]
[ADMIN] [5/24/2017 13:35] [PENJUALAN] CASHIER FORM : Combobox_KeyUp, cashierDataGridView.CurrentCell.OwningColumn.Name  [qty]
[ADMIN] [5/24/2017 13:35] [PENJUALAN] CASHIER FORM : Combobox_KeyUp, cashierDataGridView.CurrentCell.OwningColumn.Name  [qty]
[ADMIN] [5/24/2017 13:35] [PENJUALAN] CASHIER FORM : Combobox_KeyUp, cashierDataGridView.CurrentCell.OwningColumn.Name  [qty]
[ADMIN] [5/24/2017 13:35] [PENJUALAN] CASHIER FORM : Combobox_KeyUp, cashierDataGridView.CurrentCell.OwningColumn.Name  [qty]
[ADMIN] [5/24/2017 13:35] [PENJUALAN] CASHIER FORM : Combobox_KeyUp, cashierDataGridView.CurrentCell.OwningColumn.Name  [qty]
[ADMIN] [5/24/2017 13:35] [PENJUALAN] CASHIER FORM : Combobox_KeyUp, cashierDataGridView.CurrentCell.OwningColumn.Name  [qty]
[ADMIN] [5/24/2017 13:35] [PENJUALAN] CASHIER FORM : cashierDataGridView_CellValueChanged [qty]
[ADMIN] [5/24/2017 13:35] [PENJUALAN] CASHIER FORM : cashierDataGridView_CellValueChanged, empty texbox, reset [qty] value to 0
[ADMIN] [5/24/2017 13:35] [PENJUALAN] CASHIER FORM : TextBox_TextChanged, recalculate total value
[ADMIN] [5/24/2017 13:35] [PENJUALAN] CASHIER FORM : calculateTotal
[ADMIN] [5/24/2017 13:35] [PENJUALAN] CASHIER FORM : calculateTotal [0]
[ADMIN] [5/24/2017 13:35] [PENJUALAN] CASHIER FORM : calculateTotal, totalAfterDisc [0]
[ADMIN] [5/24/2017 13:35] [PENJUALAN] CASHIER FORM : calculateChangeValue, bayarTextBox.Text [0]
[ADMIN] [5/24/2017 13:35] [PENJUALAN] CASHIER FORM : calculateChangeValue, sisaBayar [0]
[ADMIN] [5/24/2017 13:35] [PENJUALAN] CASHIER FORM : Combobox_KeyUp, cashierDataGridView.CurrentCell.OwningColumn.Name  [qty]
[ADMIN] [5/24/2017 13:35] [PENJUALAN] CASHIER FORM : Combobox_KeyUp, cashierDataGridView.CurrentCell.OwningColumn.Name  [qty]
[ADMIN] [5/24/2017 13:35] [PENJUALAN] CASHIER FORM : cashierDataGridView_CellValueChanged [qty]
[ADMIN] [5/24/2017 13:35] [PENJUALAN] CASHIER FORM : cashierDataGridView_CellValueChanged, previousInput [0]
[ADMIN] [5/24/2017 13:35] [PENJUALAN] CASHIER FORM : cashierDataGridView_CellValueChanged, cellValue [1]
[ADMIN] [5/24/2017 13:35] [PENJUALAN] CASHIER FORM : cashierDataGridView_CellValueChanged, dataGridViewTextBoxEditingControl.Text pass REGEX Checking
[ADMIN] [5/24/2017 13:35] [PENJUALAN] CASHIER FORM : CHECK STOCK QTY IS ENOUGH [CAFORTAN-20]
[ADMIN] [5/24/2017 13:35] [PENJUALAN] CASHIER FORM : CHECK STOCK QTY IS ENOUGH [8, 1]
[ADMIN] [5/24/2017 13:35] [PENJUALAN] CASHIER FORM : CALCULATE SUBTOTAL
[ADMIN] [5/24/2017 13:35] [PENJUALAN] CASHIER FORM : SUBTOTAL [17000]
[ADMIN] [5/24/2017 13:35] [PENJUALAN] CASHIER FORM : cashierDataGridView_CellValueChanged, subtotal value [17000]
[ADMIN] [5/24/2017 13:35] [PENJUALAN] CASHIER FORM : cashierDataGridView_CellValueChanged, attempt to calculate total value
[ADMIN] [5/24/2017 13:35] [PENJUALAN] CASHIER FORM : calculateTotal
[ADMIN] [5/24/2017 13:35] [PENJUALAN] CASHIER FORM : calculateTotal [17000]
[ADMIN] [5/24/2017 13:35] [PENJUALAN] CASHIER FORM : calculateTotal, totalAfterDisc [17000]
[ADMIN] [5/24/2017 13:35] [PENJUALAN] CASHIER FORM : calculateChangeValue, bayarTextBox.Text [0]
[ADMIN] [5/24/2017 13:35] [PENJUALAN] CASHIER FORM : calculateChangeValue, sisaBayar [0]
[ADMIN] [5/24/2017 13:35] [PENJUALAN] CASHIER FORM : Combobox_KeyUp, cashierDataGridView.CurrentCell.OwningColumn.Name  [qty]
[ADMIN] [5/24/2017 13:35] [PENJUALAN] CASHIER FORM : Combobox_KeyUp, cashierDataGridView.CurrentCell.OwningColumn.Name  [qty]
[ADMIN] [5/24/2017 13:35] [PENJUALAN] CASHIER FORM : Combobox_KeyUp, cashierDataGridView.CurrentCell.OwningColumn.Name  [disc1]
[ADMIN] [5/24/2017 13:35] [PENJUALAN] CASHIER FORM : Combobox_KeyUp, cashierDataGridView.CurrentCell.OwningColumn.Name  [disc1]
[ADMIN] [5/24/2017 13:35] [PENJUALAN] CASHIER FORM : Combobox_KeyUp, cashierDataGridView.CurrentCell.OwningColumn.Name  [disc2]
[ADMIN] [5/24/2017 13:35] [PENJUALAN] CASHIER FORM : Combobox_KeyUp, cashierDataGridView.CurrentCell.OwningColumn.Name  [disc2]
[ADMIN] [5/24/2017 13:35] [PENJUALAN] CASHIER FORM : Combobox_KeyUp, cashierDataGridView.CurrentCell.OwningColumn.Name  [discRP]
[ADMIN] [5/24/2017 13:35] [PENJUALAN] CASHIER FORM : Combobox_KeyUp, cashierDataGridView.CurrentCell.OwningColumn.Name  [discRP]
[ADMIN] [5/24/2017 13:35] [PENJUALAN] CASHIER FORM : DISPLAY PELANGGAN FORM
[ADMIN] [5/24/2017 13:35] [PENJUALAN] CASHIER FORM : UNREGISTER HOTKEY
[ADMIN] [5/24/2017 13:35] [PENJUALAN] CASHIER FORM : SELECTED CUSTOMER ID [550]
[ADMIN] [5/24/2017 13:35] [PENJUALAN] CASHIER FORM : ATTEMPT TO SET CUSTOMER PROFILE
[ADMIN] [5/24/2017 13:35] [PENJUALAN] CASHIER FORM : SET CUSTOMER PROFILE [AAN]
[ADMIN] [5/24/2017 13:35] [PENJUALAN] CASHIER FORM : CUSTOMER GROUP [P-GROSIR]
[ADMIN] [5/24/2017 13:35] [PENJUALAN] CASHIER FORM : FINISHED SET CUSTOMER PROFILE
[ADMIN] [5/24/2017 13:35] [PENJUALAN] CASHIER FORM : ATTEMPT TO REFRESH PRODUCT PRICE
[ADMIN] [5/24/2017 13:35] [PENJUALAN] CASHIER FORM : PRODUCT PRICE TYPE [PRODUCT_BULK_PRICE]
[ADMIN] [5/24/2017 13:35] [PENJUALAN] CASHIER FORM : PRODUCT PRICE [17000]
[ADMIN] [5/24/2017 13:35] [PENJUALAN] CASHIER FORM : CHECK IF THERE'S ANY ENTRY IN THE PRODUCT DISC
[ADMIN] [5/24/2017 13:35] [PENJUALAN] CASHIER FORM : cashierDataGridView_CellValueChanged [disc1]
[ADMIN] [5/24/2017 13:35] [PENJUALAN] CASHIER FORM : cashierDataGridView_CellValueChanged, previousInput [0]
[ADMIN] [5/24/2017 13:35] [PENJUALAN] CASHIER FORM : cashierDataGridView_CellValueChanged [disc2]
[ADMIN] [5/24/2017 13:35] [PENJUALAN] CASHIER FORM : cashierDataGridView_CellValueChanged, previousInput [0]
[ADMIN] [5/24/2017 13:35] [PENJUALAN] CASHIER FORM : cashierDataGridView_CellValueChanged [discRP]
[ADMIN] [5/24/2017 13:35] [PENJUALAN] CASHIER FORM : cashierDataGridView_CellValueChanged, previousInput [0]
[ADMIN] [5/24/2017 13:35] [PENJUALAN] CASHIER FORM : CALCULATE SUBTOTAL
[ADMIN] [5/24/2017 13:35] [PENJUALAN] CASHIER FORM : SUBTOTAL [17000]
[ADMIN] [5/24/2017 13:35] [PENJUALAN] CASHIER FORM : calculateTotal
[ADMIN] [5/24/2017 13:35] [PENJUALAN] CASHIER FORM : calculateTotal [17000]
[ADMIN] [5/24/2017 13:35] [PENJUALAN] CASHIER FORM : calculateTotal, totalAfterDisc [17000]
[ADMIN] [5/24/2017 13:35] [PENJUALAN] CASHIER FORM : calculateChangeValue, bayarTextBox.Text [0]
[ADMIN] [5/24/2017 13:35] [PENJUALAN] CASHIER FORM : calculateChangeValue, sisaBayar [0]
[ADMIN] [5/24/2017 13:35] [PENJUALAN] CASHIER FORM : PRODUCT PRICE REFRESHED
[ADMIN] [5/24/2017 13:35] [PENJUALAN] CASHIER FORM : REGISTER HOTKEY
[ADMIN] [5/24/2017 13:35] [PENJUALAN] CASHIER FORM : calculateChangeValue, bayarTextBox.Text [1]
[ADMIN] [5/24/2017 13:35] [PENJUALAN] CASHIER FORM : calculateChangeValue, sisaBayar [0]
[ADMIN] [5/24/2017 13:35] [PENJUALAN] CASHIER FORM : calculateChangeValue, bayarTextBox.Text [17]
[ADMIN] [5/24/2017 13:35] [PENJUALAN] CASHIER FORM : calculateChangeValue, sisaBayar [0]
[ADMIN] [5/24/2017 13:35] [PENJUALAN] CASHIER FORM : calculateChangeValue, bayarTextBox.Text [170]
[ADMIN] [5/24/2017 13:35] [PENJUALAN] CASHIER FORM : calculateChangeValue, sisaBayar [0]
[ADMIN] [5/24/2017 13:35] [PENJUALAN] CASHIER FORM : calculateChangeValue, bayarTextBox.Text [1700]
[ADMIN] [5/24/2017 13:35] [PENJUALAN] CASHIER FORM : calculateChangeValue, sisaBayar [0]
[ADMIN] [5/24/2017 13:35] [PENJUALAN] CASHIER FORM : calculateChangeValue, bayarTextBox.Text [17000]
[ADMIN] [5/24/2017 13:35] [PENJUALAN] CASHIER FORM : calculateChangeValue, sisaBayar [0]
[ADMIN] [5/24/2017 13:35] [PENJUALAN] CASHIER FORM : HOTKEY TO SAVE AND PRINT OUT INVOICE PRESSED
[ADMIN] [5/24/2017 13:35] [PENJUALAN] CASHIER FORM : UNREGISTER HOTKEY
[ADMIN] [5/24/2017 13:35] [PENJUALAN] CASHIER FORM : REGISTER HOTKEY
[ADMIN] [5/24/2017 13:35] [PENJUALAN] ATTEMPT TO SAVE AND PRINT OUT INVOICE
[ADMIN] [5/24/2017 13:35] [PENJUALAN] CASHIER FORM : UNREGISTER HOTKEY
[ADMIN] [5/24/2017 13:35] [PENJUALAN] CASHIER FORM : ATTEMPT TO SAVE SALES DATA [24-05-2017 13:35]
[ADMIN] [5/24/2017 13:35] [PENJUALAN] CASHIER FORM : SALES DISC FINAL [0]
[ADMIN] [5/24/2017 13:35] [PENJUALAN] CASHIER FORM : CASH SALES
[ADMIN] [5/24/2017 13:35] [PENJUALAN] CHECK IF TAX LIMIT SET FOR PERCENTAGE PURCHASE [0]
[ADMIN] [5/24/2017 13:35] [PENJUALAN] CHECK IF TAX LIMIT SET FOR AVERAGE DAILY PURCHASE [0]
[ADMIN] [5/24/2017 13:35] [PENJUALAN] CASHIER FORM : NO FAKTUR [SLO001]
[ADMIN] [5/24/2017 13:35] [PENJUALAN] CASHIER FORM : MAX SALES INVOICE [324]
[ADMIN] [5/24/2017 13:35] [PENJUALAN] CASHIER FORM : SALES INVOICE [SLO001-325]
[ADMIN] [5/24/2017 13:35] [PENJUALAN] INSERT INTO SALES HEADER [SLO001-325]
[ADMIN] [5/24/2017 13:35] [PENJUALAN] INSERT INTO SALES DETAIL[CAFORTAN-20, 17000, 1]
[ADMIN] [5/24/2017 13:35] [PENJUALAN] REDUCE STOCK AT MASTER PRODUCT [CAFORTAN-20]
[ADMIN] [5/24/2017 13:35] [PENJUALAN] REDUCE STOCK AT PRODUCT_EXPIRY LOT [3000]
[ADMIN] [5/24/2017 13:35] [PENJUALAN] SAVE PRODUCT LOT INFORMATION FOR EACH ITEM AND AMOUNT
[ADMIN] [5/24/2017 13:35] [PENJUALAN] INSERT CUSTOMER PRODUCT DISC [CAFORTAN-20]
[ADMIN] [5/24/2017 13:35] [PENJUALAN] INSERT TO CREDIT TABLE [SLO001-325]
[ADMIN] [5/24/2017 13:35] [PENJUALAN] INSERT TO DAILY JOURNAL TABLE [17000]
[ADMIN] [5/24/2017 13:35] [PENJUALAN] CASHIER FORM : REGISTER HOTKEY
[ADMIN] [5/24/2017 13:35] [PENJUALAN] TRANSACTION SAVED
[ADMIN] [5/24/2017 13:35] [PENJUALAN] PRINT OUT INVOICE
[ADMIN] [5/24/2017 13:35] [PENJUALAN] CASHIER FORM : PrintReceipt
[ADMIN] [5/24/2017 13:35] [PENJUALAN] CASHIER FORM : PrintReceipt, POS size Paper
[ADMIN] [5/24/2017 13:35] [PENJUALAN] CASHIER FORM : loadInfoToko
[ADMIN] [5/24/2017 13:35] [PENJUALAN] CASHIER FORM : calculatePageLength, totalLengthPage [355]
[ADMIN] [5/24/2017 13:35] [PENJUALAN] CASHIER FORM : printDocument1_PrintPage, print POS size receipt
[ADMIN] [5/24/2017 13:35] [PENJUALAN] CASHIER FORM : UNREGISTER HOTKEY
[ADMIN] [5/24/2017 13:35] [PENJUALAN] CASHIER FORM : loadInfoToko
[ADMIN] [5/24/2017 13:35] [PENJUALAN] CASHIER FORM : loadNamaUser
[ADMIN] [5/24/2017 13:35] [PENJUALAN] CASHIER FORM : UPDATE ROW NUMBER, TOTAL ROW [1]
[ADMIN] [5/24/2017 13:35] [PENJUALAN] CASHIER FORM : calculateTotal
[ADMIN] [5/24/2017 13:35] [PENJUALAN] CASHIER FORM : calculateTotal [0]
[ADMIN] [5/24/2017 13:35] [PENJUALAN] CASHIER FORM : calculateTotal, totalAfterDisc [0]
[ADMIN] [5/24/2017 13:35] [PENJUALAN] CASHIER FORM : calculateChangeValue, bayarTextBox.Text [Rp17.000]
[ADMIN] [5/24/2017 13:35] [PENJUALAN] CASHIER FORM : calculateChangeValue, sisaBayar [0]
[ADMIN] [5/24/2017 13:35] [PENJUALAN] CASHIER FORM : REGISTER HOTKEY
[ADMIN] [5/24/2017 13:35] [PENJUALAN] CASHIER FORM : UNREGISTER HOTKEY
[ADMIN] [5/24/2017 13:35] [PENJUALAN] CASHIER FORM : UNREGISTER HOTKEY
[ADMIN] [5/24/2017 13:35] [PENJUALAN] CASHIER FORM : REGISTER HOTKEY
[ADMIN] [5/24/2017 13:35] [PENJUALAN] CASHIER FORM : cashierForm_Load, ATTEMPT TO LOAD NO FAKTUR
[ADMIN] [5/24/2017 13:35] [PENJUALAN] CASHIER FORM : loadNoFaktur, noFakturValue [SLO001]
[ADMIN] [5/24/2017 13:35] [PENJUALAN] CASHIER FORM : cashierForm_Load, ATTEMPT TO addColumnToDataGrid
[ADMIN] [5/24/2017 13:35] [PENJUALAN] CASHIER FORM : UPDATE ROW NUMBER, TOTAL ROW [1]
[ADMIN] [5/24/2017 13:35] [PENJUALAN] CASHIER FORM : calculateTotal
[ADMIN] [5/24/2017 13:35] [PENJUALAN] CASHIER FORM : calculateTotal [0]
[ADMIN] [5/24/2017 13:35] [PENJUALAN] CASHIER FORM : calculateTotal, totalAfterDisc [0]
[ADMIN] [5/24/2017 13:35] [PENJUALAN] CASHIER FORM : calculateChangeValue, bayarTextBox.Text [0]
[ADMIN] [5/24/2017 13:35] [PENJUALAN] CASHIER FORM : calculateChangeValue, sisaBayar [0]
[ADMIN] [5/24/2017 13:35] [PENJUALAN] CASHIER FORM : ADD NEW ROW,  isActive [True]
[ADMIN] [5/24/2017 13:35] [PENJUALAN] CASHIER FORM : ADD NEW ROW,  ROW COUNT [0]
[ADMIN] [5/24/2017 13:35] [PENJUALAN] CASHIER FORM : ADD NEW ROW,  ALLOW TO ADD [True]
[ADMIN] [5/24/2017 13:35] [PENJUALAN] CASHIER FORM : UPDATE ROW NUMBER, TOTAL ROW [1]
[ADMIN] [5/24/2017 13:35] [PENJUALAN] CASHIER FORM : UPDATE ROW NUMBER, TOTAL ROW [2]
[ADMIN] [5/24/2017 13:35] [PENJUALAN] CASHIER FORM : cashierDataGridView_CellValueChanged [F8]
[ADMIN] [5/24/2017 13:35] [PENJUALAN] CASHIER FORM : REGISTER HOTKEY
[ADMIN] [5/24/2017 13:36] [PENJUALAN] CASHIER FORM : UNREGISTER HOTKEY
[ADMIN] [5/24/2017 13:36] [PENJUALAN] CASHIER FORM : REGISTER HOTKEY
[ADMIN] [5/24/2017 13:36] [PENJUALAN] RE-PRINT INVOICE
[ADMIN] [5/24/2017 13:36] [PENJUALAN] CASHIER FORM : PrintReceipt
[ADMIN] [5/24/2017 13:36] [PENJUALAN] CASHIER FORM : PrintReceipt, papermode [1]
[ADMIN] [5/24/2017 13:36] [PENJUALAN] CASHIER FORM : PrintReceipt, display SalesReceiptForm
[ADMIN] [5/24/2017 13:36] [PENJUALAN] CASHIER FORM : UNREGISTER HOTKEY
[ADMIN] [5/24/2017 13:36] [PENJUALAN] CASHIER FORM : REGISTER HOTKEY
[ADMIN] [5/24/2017 13:36] [PENJUALAN] CASHIER FORM : UNREGISTER HOTKEY
[ADMIN] [5/24/2017 13:36] [PENJUALAN] CASHIER FORM : REGISTER HOTKEY
[ADMIN] [5/24/2017 13:36] [PENJUALAN] CASHIER FORM : UNREGISTER HOTKEY
[ADMIN] [5/24/2017 13:36] [PENJUALAN] CASHIER FORM : REGISTER HOTKEY
[ADMIN] [5/24/2017 13:36] [PENJUALAN] CASHIER FORM : UNREGISTER HOTKEY
[ADMIN] [5/24/2017 13:36] [PENJUALAN] CASHIER FORM : REGISTER HOTKEY
[ADMIN] [5/24/2017 13:36] [PENJUALAN] RE-PRINT INVOICE
[ADMIN] [5/24/2017 13:36] [PENJUALAN] CASHIER FORM : PrintReceipt
[ADMIN] [5/24/2017 13:36] [PENJUALAN] CASHIER FORM : PrintReceipt, papermode [2]
[ADMIN] [5/24/2017 13:36] [PENJUALAN] CASHIER FORM : PrintReceipt, kuarto paper, display SalesReceiptKuartoForm
[ADMIN] [5/24/2017 13:36] [PENJUALAN] CASHIER FORM : UNREGISTER HOTKEY
[ADMIN] [5/24/2017 13:36] [PENJUALAN] CASHIER FORM : REGISTER HOTKEY
[ADMIN] [5/24/2017 13:36] [PENJUALAN] CASHIER FORM : UNREGISTER HOTKEY
[ADMIN] [5/24/2017 13:36] [PENJUALAN] CASHIER FORM : UNREGISTER HOTKEY
[ADMIN] [5/24/2017 13:36] [PENJUALAN] CASHIER FORM : MULTIPLE CASHIER INSTANCE [1]
[ADMIN] [5/24/2017 13:36] [PENJUALAN] CASHIER FORM : REGISTER HOTKEY
[ADMIN] [5/24/2017 13:36] [PENJUALAN] CASHIER FORM : cashierForm_Load, ATTEMPT TO LOAD NO FAKTUR
[ADMIN] [5/24/2017 13:36] [PENJUALAN] CASHIER FORM : loadNoFaktur, noFakturValue [SLO001]
[ADMIN] [5/24/2017 13:36] [PENJUALAN] CASHIER FORM : cashierForm_Load, ATTEMPT TO addColumnToDataGrid
[ADMIN] [5/24/2017 13:36] [PENJUALAN] CASHIER FORM : UPDATE ROW NUMBER, TOTAL ROW [1]
[ADMIN] [5/24/2017 13:36] [PENJUALAN] CASHIER FORM : calculateTotal
[ADMIN] [5/24/2017 13:36] [PENJUALAN] CASHIER FORM : calculateTotal [0]
[ADMIN] [5/24/2017 13:36] [PENJUALAN] CASHIER FORM : calculateTotal, totalAfterDisc [0]
[ADMIN] [5/24/2017 13:36] [PENJUALAN] CASHIER FORM : calculateChangeValue, bayarTextBox.Text [0]
[ADMIN] [5/24/2017 13:36] [PENJUALAN] CASHIER FORM : calculateChangeValue, sisaBayar [0]
[ADMIN] [5/24/2017 13:36] [PENJUALAN] CASHIER FORM : REGISTER HOTKEY
[ADMIN] [5/24/2017 13:37] [PENJUALAN] CASHIER FORM : UNREGISTER HOTKEY
[ADMIN] [5/24/2017 13:37] [PENJUALAN] CASHIER FORM : REGISTER HOTKEY
[ADMIN] [5/24/2017 13:37] [PENJUALAN] CASHIER FORM : UNREGISTER HOTKEY
[ADMIN] [5/24/2017 13:37] [PENJUALAN] CASHIER FORM : UNREGISTER HOTKEY
[] [5/24/2017 15:29] [] USER = ADMIN IS ACTIVE
[ADMIN] [5/24/2017 15:29] [] USER ID = 1 LOGIN SUCCESSFULLY
[ADMIN] [5/24/2017 15:29] [] ACTIVATE USER ACCESS RIGHT
[ADMIN] [5/24/2017 15:29] [] DISPLAY ADMIN FORM
[ADMIN] [5/24/2017 15:29] [] adminForm Load
[ADMIN] [5/24/2017 15:29] [] ACTIVATE USER ACCESS RIGHT
[ADMIN] [5/24/2017 15:29] [PENJUALAN] CASHIER FORM : MULTIPLE CASHIER INSTANCE [1]
[ADMIN] [5/24/2017 15:29] [PENJUALAN] CASHIER FORM : REGISTER HOTKEY
[ADMIN] [5/24/2017 15:29] [PENJUALAN] CASHIER FORM : cashierForm_Load, ATTEMPT TO LOAD NO FAKTUR
[ADMIN] [5/24/2017 15:29] [PENJUALAN] CASHIER FORM : loadNoFaktur, noFakturValue [SLO001]
[ADMIN] [5/24/2017 15:29] [PENJUALAN] CASHIER FORM : cashierForm_Load, ATTEMPT TO addColumnToDataGrid
[ADMIN] [5/24/2017 15:29] [PENJUALAN] CASHIER FORM : UPDATE ROW NUMBER, TOTAL ROW [1]
[ADMIN] [5/24/2017 15:29] [PENJUALAN] CASHIER FORM : calculateTotal
[ADMIN] [5/24/2017 15:29] [PENJUALAN] CASHIER FORM : calculateTotal [0]
[ADMIN] [5/24/2017 15:29] [PENJUALAN] CASHIER FORM : calculateTotal, totalAfterDisc [0]
[ADMIN] [5/24/2017 15:29] [PENJUALAN] CASHIER FORM : calculateChangeValue, bayarTextBox.Text [0]
[ADMIN] [5/24/2017 15:29] [PENJUALAN] CASHIER FORM : calculateChangeValue, sisaBayar [0]
[ADMIN] [5/24/2017 15:29] [PENJUALAN] CASHIER FORM : REGISTER HOTKEY
[ADMIN] [5/24/2017 15:29] [PENJUALAN] CASHIER FORM : Combobox_previewKeyDown, cashierDataGridView.CurrentCell.OwningColumn.Name  [productID]
[ADMIN] [5/24/2017 15:29] [PENJUALAN] CASHIER FORM : UPDATE ROW NUMBER, TOTAL ROW [2]
[ADMIN] [5/24/2017 15:29] [PENJUALAN] CASHIER FORM : cashierDataGridView_CellValueChanged [F8]
[ADMIN] [5/24/2017 15:29] [PENJUALAN] CASHIER FORM : cashierDataGridView_CellValueChanged [productID]
[ADMIN] [5/24/2017 15:29] [PENJUALAN] CASHIER FORM : Combobox_previewKeyDown, cashierDataGridView.CurrentCell.OwningColumn.Name  [productID]
[ADMIN] [5/24/2017 15:29] [PENJUALAN] CASHIER FORM : cashierDataGridView_CellValueChanged [productID]
[ADMIN] [5/24/2017 15:29] [PENJUALAN] CASHIER FORM : Combobox_KeyUp, cashierDataGridView.CurrentCell.OwningColumn.Name  [productID]
[ADMIN] [5/24/2017 15:29] [PENJUALAN] CASHIER FORM : Combobox_KeyUp, cashierDataGridView.CurrentCell.OwningColumn.Name  [productID]
[ADMIN] [5/24/2017 15:29] [PENJUALAN] CASHIER FORM : Combobox_previewKeyDown, cashierDataGridView.CurrentCell.OwningColumn.Name  [productID]
[ADMIN] [5/24/2017 15:29] [PENJUALAN] CASHIER FORM : cashierDataGridView_CellValueChanged [productID]
[ADMIN] [5/24/2017 15:29] [PENJUALAN] CASHIER FORM : Combobox_previewKeyDown, cashierDataGridView.CurrentCell.OwningColumn.Name  [productID]
[ADMIN] [5/24/2017 15:29] [PENJUALAN] CASHIER FORM : cashierDataGridView_CellValueChanged [productID]
[ADMIN] [5/24/2017 15:29] [PENJUALAN] CASHIER FORM : Combobox_KeyUp, cashierDataGridView.CurrentCell.OwningColumn.Name  [productID]
[ADMIN] [5/24/2017 15:29] [PENJUALAN] CASHIER FORM : Combobox_KeyUp, cashierDataGridView.CurrentCell.OwningColumn.Name  [productID]
[ADMIN] [5/24/2017 15:29] [PENJUALAN] CASHIER FORM : Combobox_previewKeyDown, cashierDataGridView.CurrentCell.OwningColumn.Name  [productID]
[ADMIN] [5/24/2017 15:29] [PENJUALAN] CASHIER FORM : cashierDataGridView_CellValueChanged [productID]
[ADMIN] [5/24/2017 15:29] [PENJUALAN] CASHIER FORM : Combobox_KeyUp, cashierDataGridView.CurrentCell.OwningColumn.Name  [productID]
[ADMIN] [5/24/2017 15:29] [PENJUALAN] CASHIER FORM : Combobox_previewKeyDown, cashierDataGridView.CurrentCell.OwningColumn.Name  [productID]
[ADMIN] [5/24/2017 15:29] [PENJUALAN] CASHIER FORM : cashierDataGridView_CellValueChanged [productID]
[ADMIN] [5/24/2017 15:29] [PENJUALAN] CASHIER FORM : Combobox_KeyUp, cashierDataGridView.CurrentCell.OwningColumn.Name  [productID]
[ADMIN] [5/24/2017 15:29] [PENJUALAN] CASHIER FORM : Combobox_previewKeyDown, cashierDataGridView.CurrentCell.OwningColumn.Name  [productID]
[ADMIN] [5/24/2017 15:29] [PENJUALAN] CASHIER FORM : cashierDataGridView_CellValueChanged [productID]
[ADMIN] [5/24/2017 15:29] [PENJUALAN] CASHIER FORM : Combobox_KeyUp, cashierDataGridView.CurrentCell.OwningColumn.Name  [productID]
[ADMIN] [5/24/2017 15:29] [PENJUALAN] CASHIER FORM : Combobox_previewKeyDown, cashierDataGridView.CurrentCell.OwningColumn.Name  [productID]
[ADMIN] [5/24/2017 15:29] [PENJUALAN] CASHIER FORM : ADD NEW ROW FROM BARCODE [ALPO PUPPY 1 KG]
[ADMIN] [5/24/2017 15:29] [PENJUALAN] CASHIER FORM : updateSomeRowContents
[ADMIN] [5/24/2017 15:29] [PENJUALAN] CASHIER FORM : cashierDataGridView_CellValueChanged [productName]
[ADMIN] [5/24/2017 15:29] [PENJUALAN] CASHIER FORM : updateSomeRowContents
[ADMIN] [5/24/2017 15:29] [PENJUALAN] CASHIER FORM : PRODUCT PRICE TYPE [PRODUCT_BASE_PRICE]
[ADMIN] [5/24/2017 15:29] [PENJUALAN] CASHIER FORM : PRODUCT PRICE [29250]
[ADMIN] [5/24/2017 15:29] [PENJUALAN] CASHIER FORM : ComboBox_SelectedIndexChanged, PRODUCT_BASE_PRICE [29250]
[ADMIN] [5/24/2017 15:29] [PENJUALAN] CASHIER FORM : cashierDataGridView_CellValueChanged [hpp]
[ADMIN] [5/24/2017 15:29] [PENJUALAN] CASHIER FORM : PRODUCT PRICE TYPE [PRODUCT_RETAIL_PRICE]
[ADMIN] [5/24/2017 15:29] [PENJUALAN] CASHIER FORM : PRODUCT PRICE [35000]
[ADMIN] [5/24/2017 15:29] [PENJUALAN] CASHIER FORM : ComboBox_SelectedIndexChanged, PRODUCT_SALES_PRICE [35000]
[ADMIN] [5/24/2017 15:29] [PENJUALAN] CASHIER FORM : cashierDataGridView_CellValueChanged [productPrice]
[ADMIN] [5/24/2017 15:29] [PENJUALAN] CASHIER FORM : cashierDataGridView_CellValueChanged, previousInput [0]
[ADMIN] [5/24/2017 15:29] [PENJUALAN] CASHIER FORM : cashierDataGridView_CellValueChanged, cellValue [35000]
[ADMIN] [5/24/2017 15:29] [PENJUALAN] CASHIER FORM : cashierDataGridView_CellValueChanged, dataGridViewTextBoxEditingControl.Text pass REGEX Checking
[ADMIN] [5/24/2017 15:29] [PENJUALAN] CASHIER FORM : CALCULATE SUBTOTAL
[ADMIN] [5/24/2017 15:29] [PENJUALAN] CASHIER FORM : SUBTOTAL [0]
[ADMIN] [5/24/2017 15:29] [PENJUALAN] CASHIER FORM : cashierDataGridView_CellValueChanged, subtotal value [0]
[ADMIN] [5/24/2017 15:29] [PENJUALAN] CASHIER FORM : cashierDataGridView_CellValueChanged, attempt to calculate total value
[ADMIN] [5/24/2017 15:29] [PENJUALAN] CASHIER FORM : calculateTotal
[ADMIN] [5/24/2017 15:29] [PENJUALAN] CASHIER FORM : calculateTotal [0]
[ADMIN] [5/24/2017 15:29] [PENJUALAN] CASHIER FORM : calculateTotal, totalAfterDisc [0]
[ADMIN] [5/24/2017 15:29] [PENJUALAN] CASHIER FORM : calculateChangeValue, bayarTextBox.Text [0]
[ADMIN] [5/24/2017 15:29] [PENJUALAN] CASHIER FORM : calculateChangeValue, sisaBayar [0]
[ADMIN] [5/24/2017 15:29] [PENJUALAN] CASHIER FORM : cashierDataGridView_CellValueChanged [qty]
[ADMIN] [5/24/2017 15:29] [PENJUALAN] CASHIER FORM : cashierDataGridView_CellValueChanged, previousInput [0]
[ADMIN] [5/24/2017 15:29] [PENJUALAN] CASHIER FORM : cashierDataGridView_CellValueChanged [jumlah]
[ADMIN] [5/24/2017 15:29] [PENJUALAN] CASHIER FORM : calculateTotal
[ADMIN] [5/24/2017 15:29] [PENJUALAN] CASHIER FORM : calculateTotal [0]
[ADMIN] [5/24/2017 15:29] [PENJUALAN] CASHIER FORM : calculateTotal, totalAfterDisc [0]
[ADMIN] [5/24/2017 15:29] [PENJUALAN] CASHIER FORM : calculateChangeValue, bayarTextBox.Text [0]
[ADMIN] [5/24/2017 15:29] [PENJUALAN] CASHIER FORM : calculateChangeValue, sisaBayar [0]
[ADMIN] [5/24/2017 15:29] [PENJUALAN] CASHIER FORM : CHECK STOCK QTY IS ENOUGH [ALPO-P1]
[ADMIN] [5/24/2017 15:29] [PENJUALAN] CASHIER FORM : CHECK STOCK QTY IS ENOUGH [33, 1]
[ADMIN] [5/24/2017 15:29] [PENJUALAN] CASHIER FORM : cashierDataGridView_CellValueChanged [qty]
[ADMIN] [5/24/2017 15:29] [PENJUALAN] CASHIER FORM : cashierDataGridView_CellValueChanged, previousInput [0]
[ADMIN] [5/24/2017 15:29] [PENJUALAN] CASHIER FORM : cashierDataGridView_CellValueChanged, cellValue [1]
[ADMIN] [5/24/2017 15:29] [PENJUALAN] CASHIER FORM : cashierDataGridView_CellValueChanged, dataGridViewTextBoxEditingControl.Text pass REGEX Checking
[ADMIN] [5/24/2017 15:29] [PENJUALAN] CASHIER FORM : CHECK STOCK QTY IS ENOUGH [ALPO-P1]
[ADMIN] [5/24/2017 15:29] [PENJUALAN] CASHIER FORM : CHECK STOCK QTY IS ENOUGH [33, 1]
[ADMIN] [5/24/2017 15:29] [PENJUALAN] CASHIER FORM : CALCULATE SUBTOTAL
[ADMIN] [5/24/2017 15:29] [PENJUALAN] CASHIER FORM : SUBTOTAL [35000]
[ADMIN] [5/24/2017 15:29] [PENJUALAN] CASHIER FORM : cashierDataGridView_CellValueChanged, subtotal value [35000]
[ADMIN] [5/24/2017 15:29] [PENJUALAN] CASHIER FORM : cashierDataGridView_CellValueChanged, attempt to calculate total value
[ADMIN] [5/24/2017 15:29] [PENJUALAN] CASHIER FORM : calculateTotal
[ADMIN] [5/24/2017 15:29] [PENJUALAN] CASHIER FORM : calculateTotal [35000]
[ADMIN] [5/24/2017 15:29] [PENJUALAN] CASHIER FORM : calculateTotal, totalAfterDisc [35000]
[ADMIN] [5/24/2017 15:29] [PENJUALAN] CASHIER FORM : calculateChangeValue, bayarTextBox.Text [0]
[ADMIN] [5/24/2017 15:29] [PENJUALAN] CASHIER FORM : calculateChangeValue, sisaBayar [0]
[ADMIN] [5/24/2017 15:29] [PENJUALAN] CASHIER FORM : SET QTY TO 1 BECAUSE OF NEW ROW
[ADMIN] [5/24/2017 15:29] [PENJUALAN] CASHIER FORM : CALCULATE SUBTOTAL
[ADMIN] [5/24/2017 15:29] [PENJUALAN] CASHIER FORM : SUBTOTAL [35000]
[ADMIN] [5/24/2017 15:29] [PENJUALAN] CASHIER FORM : calculateTotal
[ADMIN] [5/24/2017 15:29] [PENJUALAN] CASHIER FORM : calculateTotal [35000]
[ADMIN] [5/24/2017 15:29] [PENJUALAN] CASHIER FORM : calculateTotal, totalAfterDisc [35000]
[ADMIN] [5/24/2017 15:29] [PENJUALAN] CASHIER FORM : calculateChangeValue, bayarTextBox.Text [0]
[ADMIN] [5/24/2017 15:29] [PENJUALAN] CASHIER FORM : calculateChangeValue, sisaBayar [0]
[ADMIN] [5/24/2017 15:29] [PENJUALAN] CASHIER FORM : UPDATE ROW NUMBER, TOTAL ROW [2]
[ADMIN] [5/24/2017 15:29] [PENJUALAN] CASHIER FORM : cashierDataGridView_CellValueChanged [F8]
[ADMIN] [5/24/2017 15:29] [PENJUALAN] CASHIER FORM : Combobox_KeyUp, cashierDataGridView.CurrentCell.OwningColumn.Name  [qty]
[ADMIN] [5/24/2017 15:29] [PENJUALAN] CASHIER FORM : Combobox_previewKeyDown, cashierDataGridView.CurrentCell.OwningColumn.Name  [productID]
[ADMIN] [5/24/2017 15:29] [PENJUALAN] CASHIER FORM : cashierDataGridView_CellValueChanged [productID]
[ADMIN] [5/24/2017 15:29] [PENJUALAN] CASHIER FORM : Combobox_KeyUp, cashierDataGridView.CurrentCell.OwningColumn.Name  [productID]
[ADMIN] [5/24/2017 15:29] [PENJUALAN] CASHIER FORM : Combobox_KeyUp, cashierDataGridView.CurrentCell.OwningColumn.Name  [productID]
[ADMIN] [5/24/2017 15:29] [PENJUALAN] CASHIER FORM : Combobox_previewKeyDown, cashierDataGridView.CurrentCell.OwningColumn.Name  [productID]
[ADMIN] [5/24/2017 15:29] [PENJUALAN] CASHIER FORM : UNREGISTER HOTKEY
[ADMIN] [5/24/2017 15:29] [PENJUALAN] CASHIER FORM : ADD NEW ROW FROM BARCODE [ALPO PUPPY 8 KG]
[ADMIN] [5/24/2017 15:29] [PENJUALAN] CASHIER FORM : updateSomeRowContents
[ADMIN] [5/24/2017 15:29] [PENJUALAN] CASHIER FORM : cashierDataGridView_CellValueChanged [productID]
[ADMIN] [5/24/2017 15:29] [PENJUALAN] CASHIER FORM : cashierDataGridView_CellValueChanged [productName]
[ADMIN] [5/24/2017 15:29] [PENJUALAN] CASHIER FORM : updateSomeRowContents
[ADMIN] [5/24/2017 15:29] [PENJUALAN] CASHIER FORM : PRODUCT PRICE TYPE [PRODUCT_BASE_PRICE]
[ADMIN] [5/24/2017 15:29] [PENJUALAN] CASHIER FORM : PRODUCT PRICE [233845]
[ADMIN] [5/24/2017 15:29] [PENJUALAN] CASHIER FORM : ComboBox_SelectedIndexChanged, PRODUCT_BASE_PRICE [233845]
[ADMIN] [5/24/2017 15:29] [PENJUALAN] CASHIER FORM : cashierDataGridView_CellValueChanged [hpp]
[ADMIN] [5/24/2017 15:29] [PENJUALAN] CASHIER FORM : PRODUCT PRICE TYPE [PRODUCT_RETAIL_PRICE]
[ADMIN] [5/24/2017 15:29] [PENJUALAN] CASHIER FORM : PRODUCT PRICE [270000]
[ADMIN] [5/24/2017 15:29] [PENJUALAN] CASHIER FORM : ComboBox_SelectedIndexChanged, PRODUCT_SALES_PRICE [270000]
[ADMIN] [5/24/2017 15:29] [PENJUALAN] CASHIER FORM : cashierDataGridView_CellValueChanged [productPrice]
[ADMIN] [5/24/2017 15:29] [PENJUALAN] CASHIER FORM : cashierDataGridView_CellValueChanged, previousInput [35000]
[ADMIN] [5/24/2017 15:29] [PENJUALAN] CASHIER FORM : cashierDataGridView_CellValueChanged, dataGridViewTextBoxEditingControl.Text pass REGEX Checking
[ADMIN] [5/24/2017 15:29] [PENJUALAN] CASHIER FORM : CALCULATE SUBTOTAL
[ADMIN] [5/24/2017 15:29] [PENJUALAN] CASHIER FORM : SUBTOTAL [270000]
[ADMIN] [5/24/2017 15:29] [PENJUALAN] CASHIER FORM : cashierDataGridView_CellValueChanged, subtotal value [270000]
[ADMIN] [5/24/2017 15:29] [PENJUALAN] CASHIER FORM : cashierDataGridView_CellValueChanged, attempt to calculate total value
[ADMIN] [5/24/2017 15:29] [PENJUALAN] CASHIER FORM : calculateTotal
[ADMIN] [5/24/2017 15:29] [PENJUALAN] CASHIER FORM : calculateTotal [270000]
[ADMIN] [5/24/2017 15:29] [PENJUALAN] CASHIER FORM : calculateTotal, totalAfterDisc [270000]
[ADMIN] [5/24/2017 15:29] [PENJUALAN] CASHIER FORM : calculateChangeValue, bayarTextBox.Text [0]
[ADMIN] [5/24/2017 15:29] [PENJUALAN] CASHIER FORM : calculateChangeValue, sisaBayar [0]
[ADMIN] [5/24/2017 15:29] [PENJUALAN] CASHIER FORM : cashierDataGridView_CellValueChanged [qty]
[ADMIN] [5/24/2017 15:29] [PENJUALAN] CASHIER FORM : cashierDataGridView_CellValueChanged, previousInput [1]
[ADMIN] [5/24/2017 15:29] [PENJUALAN] CASHIER FORM : cashierDataGridView_CellValueChanged, dataGridViewTextBoxEditingControl.Text pass REGEX Checking
[ADMIN] [5/24/2017 15:29] [PENJUALAN] CASHIER FORM : CHECK STOCK QTY IS ENOUGH [ALPO-P8]
[ADMIN] [5/24/2017 15:29] [PENJUALAN] CASHIER FORM : CHECK STOCK QTY IS ENOUGH [8, 0]
[ADMIN] [5/24/2017 15:29] [PENJUALAN] CASHIER FORM : CALCULATE SUBTOTAL
[ADMIN] [5/24/2017 15:29] [PENJUALAN] CASHIER FORM : SUBTOTAL [0]
[ADMIN] [5/24/2017 15:29] [PENJUALAN] CASHIER FORM : cashierDataGridView_CellValueChanged, subtotal value [0]
[ADMIN] [5/24/2017 15:29] [PENJUALAN] CASHIER FORM : cashierDataGridView_CellValueChanged, attempt to calculate total value
[ADMIN] [5/24/2017 15:29] [PENJUALAN] CASHIER FORM : calculateTotal
[ADMIN] [5/24/2017 15:29] [PENJUALAN] CASHIER FORM : calculateTotal [0]
[ADMIN] [5/24/2017 15:29] [PENJUALAN] CASHIER FORM : calculateTotal, totalAfterDisc [0]
[ADMIN] [5/24/2017 15:29] [PENJUALAN] CASHIER FORM : calculateChangeValue, bayarTextBox.Text [0]
[ADMIN] [5/24/2017 15:29] [PENJUALAN] CASHIER FORM : calculateChangeValue, sisaBayar [0]
[ADMIN] [5/24/2017 15:29] [PENJUALAN] CASHIER FORM : cashierDataGridView_CellValueChanged [jumlah]
[ADMIN] [5/24/2017 15:29] [PENJUALAN] CASHIER FORM : calculateTotal
[ADMIN] [5/24/2017 15:29] [PENJUALAN] CASHIER FORM : calculateTotal [0]
[ADMIN] [5/24/2017 15:29] [PENJUALAN] CASHIER FORM : calculateTotal, totalAfterDisc [0]
[ADMIN] [5/24/2017 15:29] [PENJUALAN] CASHIER FORM : calculateChangeValue, bayarTextBox.Text [0]
[ADMIN] [5/24/2017 15:29] [PENJUALAN] CASHIER FORM : calculateChangeValue, sisaBayar [0]
[ADMIN] [5/24/2017 15:29] [PENJUALAN] CASHIER FORM : CHECK STOCK QTY IS ENOUGH [ALPO-P8]
[ADMIN] [5/24/2017 15:29] [PENJUALAN] CASHIER FORM : CHECK STOCK QTY IS ENOUGH [8, 1]
[ADMIN] [5/24/2017 15:29] [PENJUALAN] CASHIER FORM : cashierDataGridView_CellValueChanged [qty]
[ADMIN] [5/24/2017 15:29] [PENJUALAN] CASHIER FORM : cashierDataGridView_CellValueChanged, previousInput [0]
[ADMIN] [5/24/2017 15:29] [PENJUALAN] CASHIER FORM : cashierDataGridView_CellValueChanged, cellValue [1]
[ADMIN] [5/24/2017 15:29] [PENJUALAN] CASHIER FORM : cashierDataGridView_CellValueChanged, dataGridViewTextBoxEditingControl.Text pass REGEX Checking
[ADMIN] [5/24/2017 15:29] [PENJUALAN] CASHIER FORM : CHECK STOCK QTY IS ENOUGH [ALPO-P8]
[ADMIN] [5/24/2017 15:29] [PENJUALAN] CASHIER FORM : CHECK STOCK QTY IS ENOUGH [8, 1]
[ADMIN] [5/24/2017 15:29] [PENJUALAN] CASHIER FORM : CALCULATE SUBTOTAL
[ADMIN] [5/24/2017 15:29] [PENJUALAN] CASHIER FORM : SUBTOTAL [270000]
[ADMIN] [5/24/2017 15:29] [PENJUALAN] CASHIER FORM : cashierDataGridView_CellValueChanged, subtotal value [270000]
[ADMIN] [5/24/2017 15:29] [PENJUALAN] CASHIER FORM : cashierDataGridView_CellValueChanged, attempt to calculate total value
[ADMIN] [5/24/2017 15:29] [PENJUALAN] CASHIER FORM : calculateTotal
[ADMIN] [5/24/2017 15:29] [PENJUALAN] CASHIER FORM : calculateTotal [270000]
[ADMIN] [5/24/2017 15:29] [PENJUALAN] CASHIER FORM : calculateTotal, totalAfterDisc [270000]
[ADMIN] [5/24/2017 15:29] [PENJUALAN] CASHIER FORM : calculateChangeValue, bayarTextBox.Text [0]
[ADMIN] [5/24/2017 15:29] [PENJUALAN] CASHIER FORM : calculateChangeValue, sisaBayar [0]
[ADMIN] [5/24/2017 15:29] [PENJUALAN] CASHIER FORM : SET QTY TO 1 BECAUSE OF NEW ROW
[ADMIN] [5/24/2017 15:29] [PENJUALAN] CASHIER FORM : CALCULATE SUBTOTAL
[ADMIN] [5/24/2017 15:29] [PENJUALAN] CASHIER FORM : SUBTOTAL [270000]
[ADMIN] [5/24/2017 15:29] [PENJUALAN] CASHIER FORM : calculateTotal
[ADMIN] [5/24/2017 15:29] [PENJUALAN] CASHIER FORM : calculateTotal [270000]
[ADMIN] [5/24/2017 15:29] [PENJUALAN] CASHIER FORM : calculateTotal, totalAfterDisc [270000]
[ADMIN] [5/24/2017 15:29] [PENJUALAN] CASHIER FORM : calculateChangeValue, bayarTextBox.Text [0]
[ADMIN] [5/24/2017 15:29] [PENJUALAN] CASHIER FORM : calculateChangeValue, sisaBayar [0]
[ADMIN] [5/24/2017 15:29] [PENJUALAN] CASHIER FORM : UPDATE ROW NUMBER, TOTAL ROW [2]
[ADMIN] [5/24/2017 15:29] [PENJUALAN] CASHIER FORM : cashierDataGridView_CellValueChanged [F8]
[ADMIN] [5/24/2017 15:29] [PENJUALAN] CASHIER FORM : REGISTER HOTKEY
[ADMIN] [5/24/2017 15:29] [PENJUALAN] CASHIER FORM : Combobox_previewKeyDown, cashierDataGridView.CurrentCell.OwningColumn.Name  [productID]
[ADMIN] [5/24/2017 15:29] [PENJUALAN] CASHIER FORM : cashierDataGridView_CellValueChanged [productID]
[ADMIN] [5/24/2017 15:30] [PENJUALAN] CASHIER FORM : Combobox_previewKeyDown, cashierDataGridView.CurrentCell.OwningColumn.Name  [productID]
[ADMIN] [5/24/2017 15:30] [PENJUALAN] CASHIER FORM : cashierDataGridView_CellValueChanged [productID]
[ADMIN] [5/24/2017 15:30] [PENJUALAN] CASHIER FORM : Combobox_KeyUp, cashierDataGridView.CurrentCell.OwningColumn.Name  [productID]
[ADMIN] [5/24/2017 15:30] [PENJUALAN] CASHIER FORM : Combobox_KeyUp, cashierDataGridView.CurrentCell.OwningColumn.Name  [productID]
[ADMIN] [5/24/2017 15:30] [PENJUALAN] CASHIER FORM : Combobox_KeyUp, cashierDataGridView.CurrentCell.OwningColumn.Name  [productID]
[ADMIN] [5/24/2017 15:30] [PENJUALAN] CASHIER FORM : Combobox_KeyUp, cashierDataGridView.CurrentCell.OwningColumn.Name  [productID]
[ADMIN] [5/24/2017 15:30] [PENJUALAN] CASHIER FORM : Combobox_KeyUp, cashierDataGridView.CurrentCell.OwningColumn.Name  [productID]
[ADMIN] [5/24/2017 15:30] [PENJUALAN] CASHIER FORM : Combobox_KeyUp, cashierDataGridView.CurrentCell.OwningColumn.Name  [productID]
[ADMIN] [5/24/2017 15:30] [PENJUALAN] CASHIER FORM : Combobox_previewKeyDown, cashierDataGridView.CurrentCell.OwningColumn.Name  [productID]
[ADMIN] [5/24/2017 15:30] [PENJUALAN] CASHIER FORM : cashierDataGridView_CellValueChanged [productID]
[ADMIN] [5/24/2017 15:30] [PENJUALAN] CASHIER FORM : Combobox_previewKeyDown, cashierDataGridView.CurrentCell.OwningColumn.Name  [productID]
[ADMIN] [5/24/2017 15:30] [PENJUALAN] CASHIER FORM : cashierDataGridView_CellValueChanged [productID]
[ADMIN] [5/24/2017 15:30] [PENJUALAN] CASHIER FORM : Combobox_KeyUp, cashierDataGridView.CurrentCell.OwningColumn.Name  [productID]
[ADMIN] [5/24/2017 15:30] [PENJUALAN] CASHIER FORM : Combobox_KeyUp, cashierDataGridView.CurrentCell.OwningColumn.Name  [productID]
[ADMIN] [5/24/2017 15:30] [PENJUALAN] CASHIER FORM : Combobox_KeyUp, cashierDataGridView.CurrentCell.OwningColumn.Name  [productID]
[ADMIN] [5/24/2017 15:30] [PENJUALAN] CASHIER FORM : Combobox_KeyUp, cashierDataGridView.CurrentCell.OwningColumn.Name  [productID]
[ADMIN] [5/24/2017 15:30] [PENJUALAN] CASHIER FORM : Combobox_KeyUp, cashierDataGridView.CurrentCell.OwningColumn.Name  [productID]
[ADMIN] [5/24/2017 15:30] [PENJUALAN] CASHIER FORM : Combobox_KeyUp, cashierDataGridView.CurrentCell.OwningColumn.Name  [productID]
[ADMIN] [5/24/2017 15:30] [PENJUALAN] CASHIER FORM : Combobox_previewKeyDown, cashierDataGridView.CurrentCell.OwningColumn.Name  [productID]
[ADMIN] [5/24/2017 15:30] [PENJUALAN] CASHIER FORM : cashierDataGridView_CellValueChanged [productID]
[ADMIN] [5/24/2017 15:30] [PENJUALAN] CASHIER FORM : Combobox_KeyUp, cashierDataGridView.CurrentCell.OwningColumn.Name  [productID]
[ADMIN] [5/24/2017 15:30] [PENJUALAN] CASHIER FORM : Combobox_KeyUp, cashierDataGridView.CurrentCell.OwningColumn.Name  [productID]
[ADMIN] [5/24/2017 15:30] [PENJUALAN] CASHIER FORM : Combobox_KeyUp, cashierDataGridView.CurrentCell.OwningColumn.Name  [productID]
[ADMIN] [5/24/2017 15:30] [PENJUALAN] CASHIER FORM : Combobox_previewKeyDown, cashierDataGridView.CurrentCell.OwningColumn.Name  [productID]
[ADMIN] [5/24/2017 15:30] [PENJUALAN] CASHIER FORM : cashierDataGridView_CellValueChanged [productID]
[ADMIN] [5/24/2017 15:30] [PENJUALAN] CASHIER FORM : Combobox_KeyUp, cashierDataGridView.CurrentCell.OwningColumn.Name  [productID]
[ADMIN] [5/24/2017 15:30] [PENJUALAN] CASHIER FORM : Combobox_KeyUp, cashierDataGridView.CurrentCell.OwningColumn.Name  [productID]
[ADMIN] [5/24/2017 15:30] [PENJUALAN] CASHIER FORM : Combobox_KeyUp, cashierDataGridView.CurrentCell.OwningColumn.Name  [productID]
[ADMIN] [5/24/2017 15:30] [PENJUALAN] CASHIER FORM : Combobox_previewKeyDown, cashierDataGridView.CurrentCell.OwningColumn.Name  [productID]
[ADMIN] [5/24/2017 15:30] [PENJUALAN] CASHIER FORM : cashierDataGridView_CellValueChanged [productID]
[ADMIN] [5/24/2017 15:30] [PENJUALAN] CASHIER FORM : Combobox_KeyUp, cashierDataGridView.CurrentCell.OwningColumn.Name  [productID]
[ADMIN] [5/24/2017 15:30] [PENJUALAN] CASHIER FORM : Combobox_KeyUp, cashierDataGridView.CurrentCell.OwningColumn.Name  [productID]
[ADMIN] [5/24/2017 15:30] [PENJUALAN] CASHIER FORM : Combobox_KeyUp, cashierDataGridView.CurrentCell.OwningColumn.Name  [productID]
[ADMIN] [5/24/2017 15:30] [PENJUALAN] CASHIER FORM : Combobox_previewKeyDown, cashierDataGridView.CurrentCell.OwningColumn.Name  [productID]
[ADMIN] [5/24/2017 15:30] [PENJUALAN] CASHIER FORM : cashierDataGridView_CellValueChanged [productID]
[ADMIN] [5/24/2017 15:30] [PENJUALAN] CASHIER FORM : Combobox_KeyUp, cashierDataGridView.CurrentCell.OwningColumn.Name  [productID]
[ADMIN] [5/24/2017 15:30] [PENJUALAN] CASHIER FORM : Combobox_KeyUp, cashierDataGridView.CurrentCell.OwningColumn.Name  [productID]
[ADMIN] [5/24/2017 15:30] [PENJUALAN] CASHIER FORM : Combobox_KeyUp, cashierDataGridView.CurrentCell.OwningColumn.Name  [productID]
[ADMIN] [5/24/2017 15:30] [PENJUALAN] CASHIER FORM : Combobox_previewKeyDown, cashierDataGridView.CurrentCell.OwningColumn.Name  [productID]
[ADMIN] [5/24/2017 15:30] [PENJUALAN] CASHIER FORM : UNREGISTER HOTKEY
[ADMIN] [5/24/2017 15:30] [PENJUALAN] CASHIER FORM : REGISTER HOTKEY
[ADMIN] [5/24/2017 15:30] [PENJUALAN] CASHIER FORM : Combobox_KeyUp, cashierDataGridView.CurrentCell.OwningColumn.Name  [productID]
[ADMIN] [5/24/2017 15:30] [PENJUALAN] CASHIER FORM : Combobox_KeyUp, cashierDataGridView.CurrentCell.OwningColumn.Name  [productID]
[ADMIN] [5/24/2017 15:30] [PENJUALAN] CASHIER FORM : Combobox_KeyUp, cashierDataGridView.CurrentCell.OwningColumn.Name  [productID]
[ADMIN] [5/24/2017 15:30] [PENJUALAN] CASHIER FORM : Combobox_KeyUp, cashierDataGridView.CurrentCell.OwningColumn.Name  [productID]
[ADMIN] [5/24/2017 15:30] [PENJUALAN] CASHIER FORM : Combobox_KeyUp, cashierDataGridView.CurrentCell.OwningColumn.Name  [productID]
[ADMIN] [5/24/2017 15:30] [PENJUALAN] CASHIER FORM : Combobox_KeyUp, cashierDataGridView.CurrentCell.OwningColumn.Name  [productID]
[ADMIN] [5/24/2017 15:30] [PENJUALAN] CASHIER FORM : Combobox_KeyUp, cashierDataGridView.CurrentCell.OwningColumn.Name  [productID]
[ADMIN] [5/24/2017 15:30] [PENJUALAN] CASHIER FORM : Combobox_KeyUp, cashierDataGridView.CurrentCell.OwningColumn.Name  [productID]
[ADMIN] [5/24/2017 15:30] [PENJUALAN] CASHIER FORM : Combobox_previewKeyDown, cashierDataGridView.CurrentCell.OwningColumn.Name  [productID]
[ADMIN] [5/24/2017 15:30] [PENJUALAN] CASHIER FORM : productName_previewKeyDown, cashierDataGridView.CurrentCell.OwningColumn.Name  [productName]
[ADMIN] [5/24/2017 15:30] [PENJUALAN] CASHIER FORM : productName_previewKeyDown, cashierDataGridView.CurrentCell.OwningColumn.Name  [productName]
[ADMIN] [5/24/2017 15:30] [PENJUALAN] CASHIER FORM : productName_previewKeyDown, cashierDataGridView.CurrentCell.OwningColumn.Name  [productName]
[ADMIN] [5/24/2017 15:30] [PENJUALAN] CASHIER FORM : UNREGISTER HOTKEY
[ADMIN] [5/24/2017 15:30] [PENJUALAN] CASHIER FORM : UNREGISTER HOTKEY
[ADMIN] [5/24/2017 15:30] [] USER ID = 1LOGOUT
