[] [1/10/2017 13:36] [] USER = ADMIN IS ACTIVE
[ADMIN] [1/10/2017 13:36] [] USER ID = 1 LOGIN SUCCESSFULLY
[ADMIN] [1/10/2017 13:36] [] ACTIVATE USER ACCESS RIGHT
[ADMIN] [1/10/2017 13:36] [] DISPLAY ADMIN FORM
[ADMIN] [1/10/2017 13:36] [] adminForm Load
[ADMIN] [1/10/2017 13:36] [] ACTIVATE USER ACCESS RIGHT
[ADMIN] [1/10/2017 13:37] [RETUR PERMINTAAN KE PUSAT] RETUR PERMINTAAN : detailReturDataGridView_CellValueChanged [productID]
[ADMIN] [1/10/2017 13:37] [RETUR PERMINTAAN KE PUSAT] RETUR PERMINTAAN : detailReturDataGridView_CellValueChanged [productID]
[ADMIN] [1/10/2017 13:37] [RETUR PERMINTAAN KE PUSAT] RETUR PERMINTAAN : detailReturDataGridView_CellValueChanged [productID]
[ADMIN] [1/10/2017 13:37] [RETUR PERMINTAAN KE PUSAT] RETUR PERMINTAAN : detailReturDataGridView_CellValueChanged [productName]
[ADMIN] [1/10/2017 13:37] [RETUR PERMINTAAN KE PUSAT] updateSomeRowsContent, PRODUCT_BASE_PRICE [26625]
[ADMIN] [1/10/2017 13:37] [RETUR PERMINTAAN KE PUSAT] RETUR PERMINTAAN : detailReturDataGridView_CellValueChanged [HPP]
[ADMIN] [1/10/2017 13:37] [RETUR PERMINTAAN KE PUSAT] RETUR PERMINTAAN : detailReturDataGridView_CellValueChanged [qty]
[ADMIN] [1/10/2017 13:37] [RETUR PERMINTAAN KE PUSAT] RETUR PERMINTAAN : detailReturDataGridView_CellValueChanged [subTotal]
[ADMIN] [1/10/2017 13:37] [RETUR PERMINTAAN KE PUSAT] updateSomeRowsContent, attempt to calculate total
[ADMIN] [1/10/2017 13:37] [RETUR PERMINTAAN KE PUSAT] RETUR PERMINTAAN : detailReturDataGridView_CellValueChanged [qty]
[ADMIN] [1/10/2017 13:37] [RETUR PERMINTAAN KE PUSAT] RETUR PERMINTAAN : detailReturDataGridView_CellValueChanged [subTotal]
[ADMIN] [1/10/2017 13:37] [RETUR PERMINTAAN KE PUSAT] RETUR PERMINTAAN : detailReturDataGridView_CellValueChanged [productID]
[] [1/10/2017 14:46] [] USER = ADMIN IS ACTIVE
[ADMIN] [1/10/2017 14:46] [] USER ID = 1 LOGIN SUCCESSFULLY
[ADMIN] [1/10/2017 14:47] [] ACTIVATE USER ACCESS RIGHT
[ADMIN] [1/10/2017 14:47] [] DISPLAY ADMIN FORM
[ADMIN] [1/10/2017 14:47] [] adminForm Load
[ADMIN] [1/10/2017 14:47] [] ACTIVATE USER ACCESS RIGHT
[ADMIN] [1/10/2017 14:47] [RETUR PERMINTAAN KE PUSAT] RETUR PERMINTAAN : detailReturDataGridView_CellValueChanged [productID]
[ADMIN] [1/10/2017 14:47] [RETUR PERMINTAAN KE PUSAT] RETUR PERMINTAAN : detailReturDataGridView_CellValueChanged [productID]
[ADMIN] [1/10/2017 14:47] [RETUR PERMINTAAN KE PUSAT] RETUR PERMINTAAN : detailReturDataGridView_CellValueChanged [productID]
[ADMIN] [1/10/2017 14:47] [RETUR PERMINTAAN KE PUSAT] RETUR PERMINTAAN : detailReturDataGridView_CellValueChanged [productName]
[ADMIN] [1/10/2017 14:47] [RETUR PERMINTAAN KE PUSAT] updateSomeRowsContent, PRODUCT_BASE_PRICE [26625]
[ADMIN] [1/10/2017 14:47] [RETUR PERMINTAAN KE PUSAT] RETUR PERMINTAAN : detailReturDataGridView_CellValueChanged [HPP]
[ADMIN] [1/10/2017 14:47] [RETUR PERMINTAAN KE PUSAT] RETUR PERMINTAAN : detailReturDataGridView_CellValueChanged [qty]
[ADMIN] [1/10/2017 14:47] [RETUR PERMINTAAN KE PUSAT] RETUR PERMINTAAN : detailReturDataGridView_CellValueChanged [subTotal]
[ADMIN] [1/10/2017 14:47] [RETUR PERMINTAAN KE PUSAT] updateSomeRowsContent, attempt to calculate total
[ADMIN] [1/10/2017 14:47] [RETUR PERMINTAAN KE PUSAT] RETUR PERMINTAAN : detailReturDataGridView_CellValueChanged [qty]
[ADMIN] [1/10/2017 14:47] [RETUR PERMINTAAN KE PUSAT] RETUR PERMINTAAN : detailReturDataGridView_CellValueChanged [subTotal]
[ADMIN] [1/10/2017 14:47] [] USER ID = 1LOGOUT
