[] [7/30/2017 23:48] [] USER = ADMIN IS ACTIVE
[ADMIN] [7/30/2017 23:48] [] USER ID = 1 LOGIN SUCCESSFULLY
[ADMIN] [7/30/2017 23:48] [] ACTIVATE USER ACCESS RIGHT
[ADMIN] [7/30/2017 23:48] [] DISPLAY ADMIN FORM
[ADMIN] [7/30/2017 23:48] [] adminForm Load
[ADMIN] [7/30/2017 23:48] [] ACTIVATE USER ACCESS RIGHT
[ADMIN] [7/30/2017 23:48] [RETUR PERMINTAAN KE PUSAT] RETUR PERMINTAAN : detailReturDataGridView_CellValueChanged [productID]
[ADMIN] [7/30/2017 23:48] [RETUR PERMINTAAN KE PUSAT] RETUR PERMINTAAN : detailReturDataGridView_CellValueChanged [productID]
[ADMIN] [7/30/2017 23:48] [RETUR PERMINTAAN KE PUSAT] RETUR PERMINTAAN : detailReturDataGridView_CellValueChanged [productName]
[ADMIN] [7/30/2017 23:48] [RETUR PERMINTAAN KE PUSAT] updateSomeRowsContent, PRODUCT_BASE_PRICE [29250]
[ADMIN] [7/30/2017 23:48] [RETUR PERMINTAAN KE PUSAT] RETUR PERMINTAAN : detailReturDataGridView_CellValueChanged [HPP]
[ADMIN] [7/30/2017 23:48] [RETUR PERMINTAAN KE PUSAT] RETUR PERMINTAAN : detailReturDataGridView_CellValueChanged [qty]
[ADMIN] [7/30/2017 23:48] [RETUR PERMINTAAN KE PUSAT] RETUR PERMINTAAN : detailReturDataGridView_CellValueChanged [subTotal]
[ADMIN] [7/30/2017 23:48] [RETUR PERMINTAAN KE PUSAT] RETUR PERMINTAAN : detailReturDataGridView_CellValueChanged [subTotal]
[ADMIN] [7/30/2017 23:48] [RETUR PERMINTAAN KE PUSAT] updateSomeRowsContent, attempt to calculate total
[ADMIN] [7/30/2017 23:48] [RETUR PERMINTAAN KE PUSAT] RETUR PERMINTAAN : detailReturDataGridView_CellValueChanged [expiryDateValue]
[ADMIN] [7/30/2017 23:48] [RETUR PERMINTAAN KE PUSAT] RETUR PERMINTAAN : detailReturDataGridView_CellValueChanged [expiryDate]
[ADMIN] [7/30/2017 23:48] [RETUR PERMINTAAN KE PUSAT] RETUR PERMINTAAN : detailReturDataGridView_CellValueChanged [qty]
[ADMIN] [7/30/2017 23:48] [RETUR PERMINTAAN KE PUSAT] RETUR PERMINTAAN : detailReturDataGridView_CellValueChanged [subTotal]
[ADMIN] [7/30/2017 23:48] [RETUR PERMINTAAN KE PUSAT] RETUR PERMINTAAN : detailReturDataGridView_CellValueChanged [subTotal]
[ADMIN] [7/30/2017 23:48] [RETUR PERMINTAAN KE PUSAT] RETUR PERMINTAAN : detailReturDataGridView_CellValueChanged [productID]
[ADMIN] [7/30/2017 23:49] [RETUR PERMINTAAN KE PUSAT] RETUR PERMINTAAN : detailReturDataGridView_CellValueChanged [productID]
[ADMIN] [7/30/2017 23:49] [RETUR PERMINTAAN KE PUSAT] RETUR PERMINTAAN : detailReturDataGridView_CellValueChanged [productName]
[ADMIN] [7/30/2017 23:49] [RETUR PERMINTAAN KE PUSAT] updateSomeRowsContent, PRODUCT_BASE_PRICE [28000]
[ADMIN] [7/30/2017 23:49] [RETUR PERMINTAAN KE PUSAT] RETUR PERMINTAAN : detailReturDataGridView_CellValueChanged [HPP]
[ADMIN] [7/30/2017 23:49] [RETUR PERMINTAAN KE PUSAT] RETUR PERMINTAAN : detailReturDataGridView_CellValueChanged [qty]
[ADMIN] [7/30/2017 23:49] [RETUR PERMINTAAN KE PUSAT] RETUR PERMINTAAN : detailReturDataGridView_CellValueChanged [subTotal]
[ADMIN] [7/30/2017 23:49] [RETUR PERMINTAAN KE PUSAT] RETUR PERMINTAAN : detailReturDataGridView_CellValueChanged [subTotal]
[ADMIN] [7/30/2017 23:49] [RETUR PERMINTAAN KE PUSAT] updateSomeRowsContent, attempt to calculate total
[ADMIN] [7/30/2017 23:49] [RETUR PERMINTAAN KE PUSAT] RETUR PERMINTAAN : detailReturDataGridView_CellValueChanged [expiryDateValue]
[ADMIN] [7/30/2017 23:49] [RETUR PERMINTAAN KE PUSAT] RETUR PERMINTAAN : detailReturDataGridView_CellValueChanged [expiryDate]
[ADMIN] [7/30/2017 23:49] [RETUR PERMINTAAN KE PUSAT] RETUR PERMINTAAN : detailReturDataGridView_CellValueChanged [qty]
[ADMIN] [7/30/2017 23:49] [RETUR PERMINTAAN KE PUSAT] RETUR PERMINTAAN : detailReturDataGridView_CellValueChanged [subTotal]
[ADMIN] [7/30/2017 23:49] [RETUR PERMINTAAN KE PUSAT] RETUR PERMINTAAN : detailReturDataGridView_CellValueChanged [subTotal]
[] [7/30/2017 23:56] [] USER = ADMIN IS ACTIVE
[ADMIN] [7/30/2017 23:56] [] USER ID = 1 LOGIN SUCCESSFULLY
[ADMIN] [7/30/2017 23:56] [] ACTIVATE USER ACCESS RIGHT
[ADMIN] [7/30/2017 23:56] [] DISPLAY ADMIN FORM
[ADMIN] [7/30/2017 23:56] [] adminForm Load
[ADMIN] [7/30/2017 23:56] [] ACTIVATE USER ACCESS RIGHT
[ADMIN] [7/30/2017 23:58] [RETUR PERMINTAAN KE PUSAT] RETUR PERMINTAAN : detailReturDataGridView_CellValueChanged [productID]
[ADMIN] [7/30/2017 23:58] [RETUR PERMINTAAN KE PUSAT] RETUR PERMINTAAN : detailReturDataGridView_CellValueChanged [productName]
[ADMIN] [7/30/2017 23:58] [RETUR PERMINTAAN KE PUSAT] RETUR PERMINTAAN : detailReturDataGridView_CellValueChanged [HPP]
[ADMIN] [7/30/2017 23:58] [RETUR PERMINTAAN KE PUSAT] RETUR PERMINTAAN : detailReturDataGridView_CellValueChanged [subTotal]
[ADMIN] [7/30/2017 23:58] [RETUR PERMINTAAN KE PUSAT] RETUR PERMINTAAN : detailReturDataGridView_CellValueChanged [qty]
[ADMIN] [7/30/2017 23:59] [] USER ID = 1LOGOUT
