[] [4/13/2017 07:47] [] USER = ADMIN IS ACTIVE
[ADMIN] [4/13/2017 07:47] [] USER ID = 1 LOGIN SUCCESSFULLY
[ADMIN] [4/13/2017 07:47] [] ACTIVATE USER ACCESS RIGHT
[ADMIN] [4/13/2017 07:48] [] DISPLAY ADMIN FORM
[ADMIN] [4/13/2017 07:48] [] adminForm Load
[ADMIN] [4/13/2017 07:48] [] ACTIVATE USER ACCESS RIGHT
[ADMIN] [4/13/2017 07:48] [PENJUALAN] CASHIER FORM : REGISTER HOTKEY
[ADMIN] [4/13/2017 07:48] [PENJUALAN] CASHIER FORM : cashierForm_Load, ATTEMPT TO LOAD NO FAKTUR
[ADMIN] [4/13/2017 07:48] [PENJUALAN] CASHIER FORM : loadNoFaktur, noFakturValue [SLO001]
[ADMIN] [4/13/2017 07:48] [PENJUALAN] CASHIER FORM : cashierForm_Load, ATTEMPT TO addColumnToDataGrid
[ADMIN] [4/13/2017 07:48] [PENJUALAN] CASHIER FORM : UPDATE ROW NUMBER, TOTAL ROW [1]
[ADMIN] [4/13/2017 07:48] [PENJUALAN] CASHIER FORM : calculateTotal
[ADMIN] [4/13/2017 07:48] [PENJUALAN] CASHIER FORM : calculateTotal [0]
[ADMIN] [4/13/2017 07:48] [PENJUALAN] CASHIER FORM : calculateTotal, totalAfterDisc [0]
[ADMIN] [4/13/2017 07:48] [PENJUALAN] CASHIER FORM : calculateChangeValue, bayarTextBox.Text [0]
[ADMIN] [4/13/2017 07:48] [PENJUALAN] CASHIER FORM : calculateChangeValue, sisaBayar [0]
[ADMIN] [4/13/2017 07:48] [PENJUALAN] CASHIER FORM : ADD NEW ROW,  isActive [True]
[ADMIN] [4/13/2017 07:48] [PENJUALAN] CASHIER FORM : ADD NEW ROW,  ROW COUNT [0]
[ADMIN] [4/13/2017 07:48] [PENJUALAN] CASHIER FORM : ADD NEW ROW,  ALLOW TO ADD [True]
[ADMIN] [4/13/2017 07:48] [PENJUALAN] CASHIER FORM : UPDATE ROW NUMBER, TOTAL ROW [1]
[ADMIN] [4/13/2017 07:48] [PENJUALAN] CASHIER FORM : UPDATE ROW NUMBER, TOTAL ROW [2]
[ADMIN] [4/13/2017 07:48] [PENJUALAN] CASHIER FORM : cashierDataGridView_CellValueChanged [F8]
[ADMIN] [4/13/2017 07:48] [PENJUALAN] CASHIER FORM : REGISTER HOTKEY
[ADMIN] [4/13/2017 07:48] [PENJUALAN] CASHIER FORM : Combobox_previewKeyDown, cashierDataGridView.CurrentCell.OwningColumn.Name  [productID]
[ADMIN] [4/13/2017 07:48] [PENJUALAN] CASHIER FORM : Combobox_KeyUp, cashierDataGridView.CurrentCell.OwningColumn.Name  [productID]
[ADMIN] [4/13/2017 07:48] [PENJUALAN] CASHIER FORM : HOTKEY TO SAVE AND PRINT OUT INVOICE PRESSED
[ADMIN] [4/13/2017 07:48] [PENJUALAN] CASHIER FORM : UNREGISTER HOTKEY
[ADMIN] [4/13/2017 07:48] [PENJUALAN] CASHIER FORM : REGISTER HOTKEY
[ADMIN] [4/13/2017 07:48] [PENJUALAN] ATTEMPT TO SAVE AND PRINT OUT INVOICE
[ADMIN] [4/13/2017 07:48] [PENJUALAN] CASHIER FORM : UNREGISTER HOTKEY
[ADMIN] [4/13/2017 07:48] [PENJUALAN] CASHIER FORM : REGISTER HOTKEY
[ADMIN] [4/13/2017 07:48] [PENJUALAN] CASHIER FORM : UNREGISTER HOTKEY
[ADMIN] [4/13/2017 07:48] [PENJUALAN] CASHIER FORM : ATTEMPT TO SAVE SALES DATA [13-04-2017 07:48]
[ADMIN] [4/13/2017 07:48] [PENJUALAN] CASHIER FORM : SALES DISC FINAL [0]
[ADMIN] [4/13/2017 07:48] [PENJUALAN] CASHIER FORM : CASH SALES
[ADMIN] [4/13/2017 07:48] [PENJUALAN] RETURN SALES DETAIL EXPIRY AMOUNT [SLO001-2]
[ADMIN] [4/13/2017 07:48] [PENJUALAN] RETURN SALES DETAIL AMOUNT [SLO001-2]
[ADMIN] [4/13/2017 07:48] [PENJUALAN] UPDATE SALES HEADER [SLO001-2]
[ADMIN] [4/13/2017 07:48] [PENJUALAN] DELETE SALES DETAIL EXPIRY [SLO001-2]
[ADMIN] [4/13/2017 07:48] [PENJUALAN] DELETE SALES DETAIL[SLO001-2]
[ADMIN] [4/13/2017 07:48] [PENJUALAN] SAVE TO SALES REVISI HISTORY [SLO001-2]
[ADMIN] [4/13/2017 07:48] [PENJUALAN] INSERT INTO SALES DETAIL[PF-102, 5500, 10]
[ADMIN] [4/13/2017 07:48] [PENJUALAN] REDUCE STOCK AT MASTER PRODUCT [PF-102]
[ADMIN] [4/13/2017 07:48] [PENJUALAN] REDUCE STOCK AT PRODUCT_EXPIRY LOT [231]
[ADMIN] [4/13/2017 07:48] [PENJUALAN] SAVE PRODUCT LOT INFORMATION FOR EACH ITEM AND AMOUNT
[ADMIN] [4/13/2017 07:48] [PENJUALAN] UPDATE CREDIT TABLE [SLO001-2]
[ADMIN] [4/13/2017 07:48] [PENJUALAN] INSERT TO DAILY JOURNAL TABLE [0]
[ADMIN] [4/13/2017 07:48] [PENJUALAN] CASHIER FORM : REGISTER HOTKEY
[ADMIN] [4/13/2017 07:48] [PENJUALAN] TRANSACTION SAVED
[ADMIN] [4/13/2017 07:48] [PENJUALAN] PRINT OUT INVOICE
[ADMIN] [4/13/2017 07:48] [PENJUALAN] CASHIER FORM : PrintReceipt
[ADMIN] [4/13/2017 07:48] [PENJUALAN] CASHIER FORM : PrintReceipt, POS size Paper
[ADMIN] [4/13/2017 07:48] [PENJUALAN] CASHIER FORM : loadInfoToko
[ADMIN] [4/13/2017 07:48] [PENJUALAN] CASHIER FORM : calculatePageLength, totalLengthPage [355]
[ADMIN] [4/13/2017 07:48] [PENJUALAN] CASHIER FORM : printDocument1_PrintPage, print POS size receipt
[ADMIN] [4/13/2017 07:48] [PENJUALAN] CASHIER FORM : loadInfoToko
[ADMIN] [4/13/2017 07:48] [PENJUALAN] CASHIER FORM : loadNamaUser
[ADMIN] [4/13/2017 07:48] [PENJUALAN] CASHIER FORM : UNREGISTER HOTKEY
[ADMIN] [4/13/2017 07:48] [PENJUALAN] CASHIER FORM : REGISTER HOTKEY
[ADMIN] [4/13/2017 07:48] [PENJUALAN] CASHIER FORM : UPDATE ROW NUMBER, TOTAL ROW [1]
[ADMIN] [4/13/2017 07:48] [PENJUALAN] CASHIER FORM : UNREGISTER HOTKEY
[ADMIN] [4/13/2017 07:48] [PENJUALAN] CASHIER FORM : REGISTER HOTKEY
[ADMIN] [4/13/2017 07:48] [PENJUALAN] CASHIER FORM : ChangePrinterButton_Click, DISPLAY PRINTER SELECTION FORM
[ADMIN] [4/13/2017 07:48] [PENJUALAN] CASHIER FORM : UNREGISTER HOTKEY
[ADMIN] [4/13/2017 07:49] [PENGATURAN PRINTER] PAPER SIZE CHANGED [1]
[ADMIN] [4/13/2017 07:49] [PENGATURAN PRINTER] DEFAULT PRINTER CHANGED [PrimoPDF]
[ADMIN] [4/13/2017 07:49] [PENJUALAN] CASHIER FORM : REGISTER HOTKEY
[ADMIN] [4/13/2017 07:49] [PENJUALAN] CASHIER FORM : UNREGISTER HOTKEY
[ADMIN] [4/13/2017 07:49] [PENJUALAN] CASHIER FORM : UNREGISTER HOTKEY
[ADMIN] [4/13/2017 07:49] [PENJUALAN] CASHIER FORM : REGISTER HOTKEY
[ADMIN] [4/13/2017 07:49] [PENJUALAN] CASHIER FORM : cashierForm_Load, ATTEMPT TO LOAD NO FAKTUR
[ADMIN] [4/13/2017 07:49] [PENJUALAN] CASHIER FORM : loadNoFaktur, noFakturValue [SLO001]
[ADMIN] [4/13/2017 07:49] [PENJUALAN] CASHIER FORM : cashierForm_Load, ATTEMPT TO addColumnToDataGrid
[ADMIN] [4/13/2017 07:49] [PENJUALAN] CASHIER FORM : UPDATE ROW NUMBER, TOTAL ROW [1]
[ADMIN] [4/13/2017 07:49] [PENJUALAN] CASHIER FORM : calculateTotal
[ADMIN] [4/13/2017 07:49] [PENJUALAN] CASHIER FORM : calculateTotal [0]
[ADMIN] [4/13/2017 07:49] [PENJUALAN] CASHIER FORM : calculateTotal, totalAfterDisc [0]
[ADMIN] [4/13/2017 07:49] [PENJUALAN] CASHIER FORM : calculateChangeValue, bayarTextBox.Text [0]
[ADMIN] [4/13/2017 07:49] [PENJUALAN] CASHIER FORM : calculateChangeValue, sisaBayar [0]
[ADMIN] [4/13/2017 07:49] [PENJUALAN] CASHIER FORM : ADD NEW ROW,  isActive [True]
[ADMIN] [4/13/2017 07:49] [PENJUALAN] CASHIER FORM : ADD NEW ROW,  ROW COUNT [0]
[ADMIN] [4/13/2017 07:49] [PENJUALAN] CASHIER FORM : ADD NEW ROW,  ALLOW TO ADD [True]
[ADMIN] [4/13/2017 07:49] [PENJUALAN] CASHIER FORM : UPDATE ROW NUMBER, TOTAL ROW [1]
[ADMIN] [4/13/2017 07:49] [PENJUALAN] CASHIER FORM : UPDATE ROW NUMBER, TOTAL ROW [2]
[ADMIN] [4/13/2017 07:49] [PENJUALAN] CASHIER FORM : cashierDataGridView_CellValueChanged [F8]
[ADMIN] [4/13/2017 07:49] [PENJUALAN] CASHIER FORM : REGISTER HOTKEY
[ADMIN] [4/13/2017 07:49] [PENJUALAN] CASHIER FORM : HOTKEY TO SAVE AND PRINT OUT INVOICE PRESSED
[ADMIN] [4/13/2017 07:49] [PENJUALAN] CASHIER FORM : UNREGISTER HOTKEY
[ADMIN] [4/13/2017 07:49] [PENJUALAN] CASHIER FORM : REGISTER HOTKEY
[ADMIN] [4/13/2017 07:49] [PENJUALAN] ATTEMPT TO SAVE AND PRINT OUT INVOICE
[ADMIN] [4/13/2017 07:49] [PENJUALAN] CASHIER FORM : UNREGISTER HOTKEY
[ADMIN] [4/13/2017 07:49] [PENJUALAN] CASHIER FORM : REGISTER HOTKEY
[ADMIN] [4/13/2017 07:49] [PENJUALAN] CASHIER FORM : UNREGISTER HOTKEY
[ADMIN] [4/13/2017 07:49] [PENJUALAN] CASHIER FORM : ATTEMPT TO SAVE SALES DATA [13-04-2017 07:49]
[ADMIN] [4/13/2017 07:49] [PENJUALAN] CASHIER FORM : SALES DISC FINAL [0]
[ADMIN] [4/13/2017 07:49] [PENJUALAN] CASHIER FORM : CASH SALES
[ADMIN] [4/13/2017 07:49] [PENJUALAN] RETURN SALES DETAIL EXPIRY AMOUNT [SLO001-2]
[ADMIN] [4/13/2017 07:49] [PENJUALAN] RETURN SALES DETAIL AMOUNT [SLO001-2]
[ADMIN] [4/13/2017 07:49] [PENJUALAN] UPDATE SALES HEADER [SLO001-2]
[ADMIN] [4/13/2017 07:49] [PENJUALAN] DELETE SALES DETAIL EXPIRY [SLO001-2]
[ADMIN] [4/13/2017 07:49] [PENJUALAN] DELETE SALES DETAIL[SLO001-2]
[ADMIN] [4/13/2017 07:49] [PENJUALAN] SAVE TO SALES REVISI HISTORY [SLO001-2]
[ADMIN] [4/13/2017 07:49] [PENJUALAN] INSERT INTO SALES DETAIL[PF-102, 5500, 10]
[ADMIN] [4/13/2017 07:49] [PENJUALAN] REDUCE STOCK AT MASTER PRODUCT [PF-102]
[ADMIN] [4/13/2017 07:49] [PENJUALAN] REDUCE STOCK AT PRODUCT_EXPIRY LOT [231]
[ADMIN] [4/13/2017 07:49] [PENJUALAN] SAVE PRODUCT LOT INFORMATION FOR EACH ITEM AND AMOUNT
[ADMIN] [4/13/2017 07:49] [PENJUALAN] UPDATE CREDIT TABLE [SLO001-2]
[ADMIN] [4/13/2017 07:49] [PENJUALAN] INSERT TO DAILY JOURNAL TABLE [0]
[ADMIN] [4/13/2017 07:49] [PENJUALAN] CASHIER FORM : REGISTER HOTKEY
[ADMIN] [4/13/2017 07:49] [PENJUALAN] TRANSACTION SAVED
[ADMIN] [4/13/2017 07:49] [PENJUALAN] PRINT OUT INVOICE
[ADMIN] [4/13/2017 07:49] [PENJUALAN] CASHIER FORM : PrintReceipt
[ADMIN] [4/13/2017 07:49] [PENJUALAN] CASHIER FORM : PrintReceipt, papermode [1]
[ADMIN] [4/13/2017 07:50] [PENJUALAN] CASHIER FORM : PrintReceipt, display SalesReceiptForm
[ADMIN] [4/13/2017 07:50] [PENJUALAN] CASHIER FORM : UNREGISTER HOTKEY
[ADMIN] [4/13/2017 07:50] [PENJUALAN] CASHIER FORM : REGISTER HOTKEY
[ADMIN] [4/13/2017 07:50] [PENJUALAN] CASHIER FORM : UNREGISTER HOTKEY
[ADMIN] [4/13/2017 07:50] [PENJUALAN] CASHIER FORM : REGISTER HOTKEY
[ADMIN] [4/13/2017 07:50] [PENJUALAN] CASHIER FORM : UNREGISTER HOTKEY
[ADMIN] [4/13/2017 07:50] [PENJUALAN] CASHIER FORM : REGISTER HOTKEY
[ADMIN] [4/13/2017 07:50] [PENJUALAN] CASHIER FORM : UPDATE ROW NUMBER, TOTAL ROW [1]
[ADMIN] [4/13/2017 07:50] [PENJUALAN] CASHIER FORM : UNREGISTER HOTKEY
[ADMIN] [4/13/2017 07:50] [PENJUALAN] CASHIER FORM : UNREGISTER HOTKEY
[ADMIN] [4/13/2017 07:54] [] USER ID = 1LOGOUT
