[] [5/20/2017 14:44] [] USER = ADMIN IS ACTIVE
[ADMIN] [5/20/2017 14:44] [] USER ID = 1 LOGIN SUCCESSFULLY
[ADMIN] [5/20/2017 14:44] [] ACTIVATE USER ACCESS RIGHT
[ADMIN] [5/20/2017 14:44] [] DISPLAY ADMIN FORM
[ADMIN] [5/20/2017 14:44] [] adminForm Load
[ADMIN] [5/20/2017 14:44] [] ACTIVATE USER ACCESS RIGHT
[] [5/20/2017 14:46] [] USER = ADMIN IS ACTIVE
[ADMIN] [5/20/2017 14:46] [] USER ID = 1 LOGIN SUCCESSFULLY
[ADMIN] [5/20/2017 14:46] [] ACTIVATE USER ACCESS RIGHT
[ADMIN] [5/20/2017 14:46] [] DISPLAY ADMIN FORM
[ADMIN] [5/20/2017 14:46] [] adminForm Load
[ADMIN] [5/20/2017 14:46] [] ACTIVATE USER ACCESS RIGHT
[] [5/20/2017 15:03] [] USER = ADMIN IS ACTIVE
[ADMIN] [5/20/2017 15:03] [] USER ID = 1 LOGIN SUCCESSFULLY
[ADMIN] [5/20/2017 15:03] [] ACTIVATE USER ACCESS RIGHT
[ADMIN] [5/20/2017 15:03] [] DISPLAY ADMIN FORM
[ADMIN] [5/20/2017 15:03] [] adminForm Load
[ADMIN] [5/20/2017 15:03] [] ACTIVATE USER ACCESS RIGHT
[ADMIN] [5/20/2017 15:03] [PENERIMAAN BARANG] PENERIMAAN BARANG : detailGridView_CellValueChanged [productID]
[ADMIN] [5/20/2017 15:03] [PENERIMAAN BARANG] PENERIMAAN BARANG : detailGridView_CellValueChanged [productID]
[ADMIN] [5/20/2017 15:03] [PENERIMAAN BARANG] PENERIMAAN BARANG : detailGridView_CellValueChanged [productID]
[ADMIN] [5/20/2017 15:03] [PENERIMAAN BARANG] PENERIMAAN BARANG : detailGridView_CellValueChanged [productID]
[ADMIN] [5/20/2017 15:03] [PENERIMAAN BARANG] PENERIMAAN BARANG : detailGridView_CellValueChanged [productName]
[ADMIN] [5/20/2017 15:03] [PENJUALAN] CASHIER FORM : ComboBox_SelectedIndexChanged, PRODUCT_BASE_PRICE [29250]
[ADMIN] [5/20/2017 15:03] [PENERIMAAN BARANG] PENERIMAAN BARANG : detailGridView_CellValueChanged [hpp]
[ADMIN] [5/20/2017 15:03] [PENERIMAAN BARANG] PENERIMAAN BARANG : detailGridView_CellValueChanged [subtotal]
[ADMIN] [5/20/2017 15:03] [PENERIMAAN BARANG] PENERIMAAN BARANG : detailGridView_CellValueChanged [qtyReceived]
[ADMIN] [5/20/2017 15:03] [PENERIMAAN BARANG] PENERIMAAN BARANG : detailGridView_CellValueChanged [subtotal]
[ADMIN] [5/20/2017 15:03] [PENJUALAN] CASHIER FORM : ComboBox_SelectedIndexChanged, attempt to calculate total
[ADMIN] [5/20/2017 15:03] [PENERIMAAN BARANG] PENERIMAAN BARANG : detailGridView_CellValueChanged [qtyReceived]
[ADMIN] [5/20/2017 15:03] [PENERIMAAN BARANG] PENERIMAAN BARANG : detailGridView_CellValueChanged [subtotal]
[ADMIN] [5/20/2017 15:03] [PENERIMAAN BARANG] PENERIMAAN BARANG : detailGridView_CellValueChanged [subtotal]
[ADMIN] [5/20/2017 15:04] [PENERIMAAN BARANG] PENERIMAAN BARANG : detailGridView_CellValueChanged [expiryDate]
[ADMIN] [5/20/2017 15:04] [PENERIMAAN BARANG] PENERIMAAN BARANG : detailGridView_CellValueChanged [expiryDateValue]
[ADMIN] [5/20/2017 15:04] [PENERIMAAN BARANG] SAVE PENERIMAAN BARANG
[ADMIN] [5/20/2017 15:04] [PENERIMAAN BARANG] DIRECT PENERIMAAN BARANG, THEREFORE CALCULATE TAX LIMIT
[ADMIN] [5/20/2017 15:04] [PENERIMAAN BARANG] CHECK IF TAX LIMIT SET FOR PERCENTAGE PURCHASE [0]
[ADMIN] [5/20/2017 15:04] [PENERIMAAN BARANG] CHECK IF TAX LIMIT SET FOR AVERAGE DAILY PURCHASE [0]
[ADMIN] [5/20/2017 15:04] [PENERIMAAN BARANG] INSERT PENERIMAAN BARANG [1]
[ADMIN] [5/20/2017 15:04] [PENERIMAAN BARANG] INSERT PO DATA BECAUSE OF DIRECT PENERIMAAN [1]
[ADMIN] [5/20/2017 15:04] [PENERIMAAN BARANG] SAVE DETAIL PENERIMAAN [ALPO-P1, 29250, 1]
[ADMIN] [5/20/2017 15:04] [PENERIMAAN BARANG] UPDATE MASTER PRODUCT DATA [ALPO-P1]
[ADMIN] [5/20/2017 15:04] [PENERIMAAN BARANG] INSERT TO PRODUCT EXPIRY [ALPO-P1]
[ADMIN] [5/20/2017 15:04] [PENERIMAAN BARANG] INSERT TO PURCHASE DETAIL [ALPO-P1]
[ADMIN] [5/20/2017 15:04] [PENERIMAAN BARANG] INSERT INTO DEBT [1]
[ADMIN] [5/20/2017 15:04] [PENERIMAAN BARANG] PENERIMAAN BARANG SAVED
[ADMIN] [5/20/2017 15:04] [PENERIMAAN BARANG] PENERIMAAN BARANG : detailGridView_CellValueChanged [productID]
[ADMIN] [5/20/2017 15:04] [PENERIMAAN BARANG] PENERIMAAN BARANG : detailGridView_CellValueChanged [productID]
[ADMIN] [5/20/2017 15:04] [PENERIMAAN BARANG] PENERIMAAN BARANG : detailGridView_CellValueChanged [productID]
[ADMIN] [5/20/2017 15:04] [PENERIMAAN BARANG] PENERIMAAN BARANG : detailGridView_CellValueChanged [productID]
[ADMIN] [5/20/2017 15:04] [PENERIMAAN BARANG] PENERIMAAN BARANG : detailGridView_CellValueChanged [productID]
[ADMIN] [5/20/2017 15:04] [PENERIMAAN BARANG] PENERIMAAN BARANG : detailGridView_CellValueChanged [productName]
[ADMIN] [5/20/2017 15:04] [PENJUALAN] CASHIER FORM : ComboBox_SelectedIndexChanged, PRODUCT_BASE_PRICE [29250]
[ADMIN] [5/20/2017 15:04] [PENERIMAAN BARANG] PENERIMAAN BARANG : detailGridView_CellValueChanged [hpp]
[ADMIN] [5/20/2017 15:04] [PENERIMAAN BARANG] PENERIMAAN BARANG : detailGridView_CellValueChanged [subtotal]
[ADMIN] [5/20/2017 15:04] [PENERIMAAN BARANG] PENERIMAAN BARANG : detailGridView_CellValueChanged [qtyReceived]
[ADMIN] [5/20/2017 15:04] [PENERIMAAN BARANG] PENERIMAAN BARANG : detailGridView_CellValueChanged [subtotal]
[ADMIN] [5/20/2017 15:04] [PENJUALAN] CASHIER FORM : ComboBox_SelectedIndexChanged, attempt to calculate total
[ADMIN] [5/20/2017 15:04] [PENERIMAAN BARANG] PENERIMAAN BARANG : detailGridView_CellValueChanged [qtyReceived]
[ADMIN] [5/20/2017 15:04] [PENERIMAAN BARANG] PENERIMAAN BARANG : detailGridView_CellValueChanged [subtotal]
[ADMIN] [5/20/2017 15:04] [PENERIMAAN BARANG] PENERIMAAN BARANG : detailGridView_CellValueChanged [subtotal]
[ADMIN] [5/20/2017 15:04] [PENERIMAAN BARANG] PENERIMAAN BARANG : detailGridView_CellValueChanged [expiryDate]
[ADMIN] [5/20/2017 15:04] [PENERIMAAN BARANG] PENERIMAAN BARANG : detailGridView_CellValueChanged [expiryDateValue]
[ADMIN] [5/20/2017 15:04] [PENERIMAAN BARANG] SAVE PENERIMAAN BARANG
[ADMIN] [5/20/2017 15:04] [PENERIMAAN BARANG] DIRECT PENERIMAAN BARANG, THEREFORE CALCULATE TAX LIMIT
[ADMIN] [5/20/2017 15:04] [PENERIMAAN BARANG] CHECK IF TAX LIMIT SET FOR PERCENTAGE PURCHASE [0]
[ADMIN] [5/20/2017 15:04] [PENERIMAAN BARANG] CHECK IF TAX LIMIT SET FOR AVERAGE DAILY PURCHASE [0]
[ADMIN] [5/20/2017 15:04] [PENERIMAAN BARANG] INSERT PENERIMAAN BARANG [2]
[ADMIN] [5/20/2017 15:04] [PENERIMAAN BARANG] INSERT PO DATA BECAUSE OF DIRECT PENERIMAAN [2]
[ADMIN] [5/20/2017 15:04] [PENERIMAAN BARANG] SAVE DETAIL PENERIMAAN [ALPO-P1, 29250, 1]
[ADMIN] [5/20/2017 15:04] [PENERIMAAN BARANG] UPDATE MASTER PRODUCT DATA [ALPO-P1]
[ADMIN] [5/20/2017 15:04] [PENERIMAAN BARANG] INSERT TO PRODUCT EXPIRY [ALPO-P1]
[ADMIN] [5/20/2017 15:04] [PENERIMAAN BARANG] INSERT TO PURCHASE DETAIL [ALPO-P1]
[ADMIN] [5/20/2017 15:04] [PENERIMAAN BARANG] INSERT INTO DEBT [2]
[ADMIN] [5/20/2017 15:04] [PENERIMAAN BARANG] PENERIMAAN BARANG SAVED
[ADMIN] [5/20/2017 15:05] [PECAH SATUAN PRODUK] REDUCE QTY [VITAK-LIQUID-T] AMT [1]
[ADMIN] [5/20/2017 15:05] [PECAH SATUAN PRODUK] ADD QTY [ALPO PUPPY 1 KG] AMT [0]
[ADMIN] [5/20/2017 15:05] [PECAH SATUAN PRODUK] REDUCE QTY [VITAK-LIQUID-T] AMT [1]
[ADMIN] [5/20/2017 15:05] [PECAH SATUAN PRODUK] INSERT TO PRODUCT EXPIRY [ALPO PUPPY 1 KG]
[ADMIN] [5/20/2017 15:05] [PECAH SATUAN PRODUK] EXCEPTION THROWN [Cannot add or update a child row: a foreign key constraint fails (`sys_pos`.`product_expiry`, CONSTRAINT `PROD_ID` FOREIGN KEY (`PRODUCT_ID`) REFERENCES `master_product` (`PRODUCT_ID`) ON DELETE NO ACTION ON UPDATE NO ACTION)]
[] [5/20/2017 15:22] [] USER = ADMIN IS ACTIVE
[ADMIN] [5/20/2017 15:22] [] USER ID = 1 LOGIN SUCCESSFULLY
[ADMIN] [5/20/2017 15:22] [] ACTIVATE USER ACCESS RIGHT
[ADMIN] [5/20/2017 15:22] [] DISPLAY ADMIN FORM
[ADMIN] [5/20/2017 15:22] [] adminForm Load
[ADMIN] [5/20/2017 15:22] [] ACTIVATE USER ACCESS RIGHT
[ADMIN] [5/20/2017 15:23] [] USER ID = 1LOGOUT
