[] [7/31/2017 15:11] [] USER = ADMIN IS ACTIVE
[ADMIN] [7/31/2017 15:11] [] USER ID = 1 LOGIN SUCCESSFULLY
[ADMIN] [7/31/2017 15:11] [] ACTIVATE USER ACCESS RIGHT
[ADMIN] [7/31/2017 15:11] [] DISPLAY ADMIN FORM
[ADMIN] [7/31/2017 15:11] [] adminForm Load
[ADMIN] [7/31/2017 15:11] [] ACTIVATE USER ACCESS RIGHT
[ADMIN] [7/31/2017 16:05] [TAMBAH / UPDATE PRODUK] deleteCurrentRow [0]
[ADMIN] [7/31/2017 16:05] [TAMBAH / UPDATE PRODUK] deleteCurrentRow [1]
[ADMIN] [7/31/2017 16:05] [TAMBAH / UPDATE PRODUK] deleteCurrentRow [2]
[ADMIN] [7/31/2017 16:05] [TAMBAH / UPDATE PRODUK] deleteCurrentRow [3]
[ADMIN] [7/31/2017 16:05] [TAMBAH / UPDATE PRODUK] deleteCurrentRow [4]
[ADMIN] [7/31/2017 16:05] [TAMBAH / UPDATE PRODUK] deleteCurrentRow [5]
[ADMIN] [7/31/2017 16:05] [TAMBAH / UPDATE PRODUK] deleteCurrentRow [6]
[ADMIN] [7/31/2017 16:05] [TAMBAH / UPDATE PRODUK] DETAIL PRODUK : detailGridView_CellValueChanged [lotID]
[ADMIN] [7/31/2017 16:05] [TAMBAH / UPDATE PRODUK] DETAIL PRODUK : detailGridView_CellValueChanged [status]
[ADMIN] [7/31/2017 16:05] [TAMBAH / UPDATE PRODUK] DETAIL PRODUK : detailGridView_CellValueChanged [qty]
[ADMIN] [7/31/2017 16:05] [TAMBAH / UPDATE PRODUK] DETAIL PRODUK : detailGridView_CellValueChanged [expiryDate]
[ADMIN] [7/31/2017 16:05] [TAMBAH / UPDATE PRODUK] DETAIL PRODUK : detailGridView_CellValueChanged [expiryDateValue]
[ADMIN] [7/31/2017 16:05] [TAMBAH / UPDATE PRODUK] deleteCurrentRow [0]
[ADMIN] [7/31/2017 16:05] [TAMBAH / UPDATE PRODUK] deleteCurrentRow [1]
[ADMIN] [7/31/2017 16:05] [TAMBAH / UPDATE PRODUK] deleteCurrentRow [2]
[ADMIN] [7/31/2017 16:05] [TAMBAH / UPDATE PRODUK] deleteCurrentRow [3]
[ADMIN] [7/31/2017 16:05] [TAMBAH / UPDATE PRODUK] deleteCurrentRow [4]
[ADMIN] [7/31/2017 16:05] [TAMBAH / UPDATE PRODUK] deleteCurrentRow [5]
[ADMIN] [7/31/2017 16:05] [TAMBAH / UPDATE PRODUK] deleteCurrentRow [6]
[ADMIN] [7/31/2017 16:05] [TAMBAH / UPDATE PRODUK] DETAIL PRODUK : detailGridView_CellValueChanged [lotID]
[ADMIN] [7/31/2017 16:05] [TAMBAH / UPDATE PRODUK] DETAIL PRODUK : detailGridView_CellValueChanged [status]
[ADMIN] [7/31/2017 16:05] [TAMBAH / UPDATE PRODUK] DETAIL PRODUK : detailGridView_CellValueChanged [qty]
[ADMIN] [7/31/2017 16:05] [TAMBAH / UPDATE PRODUK] DETAIL PRODUK : detailGridView_CellValueChanged [expiryDate]
[ADMIN] [7/31/2017 16:05] [TAMBAH / UPDATE PRODUK] DETAIL PRODUK : detailGridView_CellValueChanged [expiryDateValue]
[ADMIN] [7/31/2017 16:05] [TAMBAH / UPDATE PRODUK] UPDATE CURRENT PRODUCT DATA [TOMMY-AD1]
[ADMIN] [7/31/2017 16:05] [TAMBAH / UPDATE PRODUK] UPDATE PRODUCT CATEGORY FOR [TOMMY-AD1]
[ADMIN] [7/31/2017 16:05] [TAMBAH / UPDATE PRODUK] DELETE CURRENT PRODUCT CATEGORY FOR [TOMMY-AD1]
[ADMIN] [7/31/2017 16:05] [TAMBAH / UPDATE PRODUK] INSERT PRODUCT CATEGORY FOR [TOMMY-AD1]
[] [8/1/2017 11:19] [] USER = ADMIN IS ACTIVE
[ADMIN] [8/1/2017 11:19] [] USER ID = 1 LOGIN SUCCESSFULLY
[ADMIN] [8/1/2017 11:19] [] ACTIVATE USER ACCESS RIGHT
[ADMIN] [8/1/2017 11:19] [] DISPLAY ADMIN FORM
[ADMIN] [8/1/2017 11:19] [] adminForm Load
[ADMIN] [8/1/2017 11:19] [] ACTIVATE USER ACCESS RIGHT
[ADMIN] [8/1/2017 11:20] [PENJUALAN] CASHIER FORM : MULTIPLE CASHIER INSTANCE [1]
[ADMIN] [8/1/2017 11:20] [PENJUALAN] CASHIER FORM : REGISTER HOTKEY
[ADMIN] [8/1/2017 11:20] [PENJUALAN] CASHIER FORM : cashierForm_Load, ATTEMPT TO LOAD NO FAKTUR
[ADMIN] [8/1/2017 11:20] [PENJUALAN] CASHIER FORM : loadNoFaktur, noFakturValue [SLO001]
[ADMIN] [8/1/2017 11:20] [PENJUALAN] CASHIER FORM : cashierForm_Load, ATTEMPT TO addColumnToDataGrid
[ADMIN] [8/1/2017 11:20] [PENJUALAN] CASHIER FORM : UPDATE ROW NUMBER, TOTAL ROW [1]
[ADMIN] [8/1/2017 11:20] [PENJUALAN] CASHIER FORM : REGISTER HOTKEY
[ADMIN] [8/1/2017 11:20] [PENJUALAN] CASHIER FORM : Combobox_previewKeyDown, cashierDataGridView.CurrentCell.OwningColumn.Name  [productID]
[ADMIN] [8/1/2017 11:20] [PENJUALAN] CASHIER FORM : UPDATE ROW NUMBER, TOTAL ROW [2]
[ADMIN] [8/1/2017 11:20] [PENJUALAN] CASHIER FORM : cashierDataGridView_CellValueChanged [F8]
[ADMIN] [8/1/2017 11:20] [PENJUALAN] CASHIER FORM : cashierDataGridView_CellValueChanged [productID]
[ADMIN] [8/1/2017 11:20] [PENJUALAN] CASHIER FORM : Combobox_previewKeyDown, cashierDataGridView.CurrentCell.OwningColumn.Name  [productID]
[ADMIN] [8/1/2017 11:20] [PENJUALAN] CASHIER FORM : cashierDataGridView_CellValueChanged [productID]
[ADMIN] [8/1/2017 11:20] [PENJUALAN] CASHIER FORM : Combobox_KeyUp, cashierDataGridView.CurrentCell.OwningColumn.Name  [productID]
[ADMIN] [8/1/2017 11:20] [PENJUALAN] CASHIER FORM : Combobox_KeyUp, cashierDataGridView.CurrentCell.OwningColumn.Name  [productID]
[ADMIN] [8/1/2017 11:20] [PENJUALAN] CASHIER FORM : Combobox_previewKeyDown, cashierDataGridView.CurrentCell.OwningColumn.Name  [productID]
[ADMIN] [8/1/2017 11:20] [PENJUALAN] CASHIER FORM : cashierDataGridView_CellValueChanged [productID]
[ADMIN] [8/1/2017 11:20] [PENJUALAN] CASHIER FORM : Combobox_KeyUp, cashierDataGridView.CurrentCell.OwningColumn.Name  [productID]
[ADMIN] [8/1/2017 11:20] [PENJUALAN] CASHIER FORM : Combobox_previewKeyDown, cashierDataGridView.CurrentCell.OwningColumn.Name  [productID]
[ADMIN] [8/1/2017 11:20] [PENJUALAN] CASHIER FORM : cashierDataGridView_CellValueChanged [productID]
[ADMIN] [8/1/2017 11:20] [PENJUALAN] CASHIER FORM : Combobox_KeyUp, cashierDataGridView.CurrentCell.OwningColumn.Name  [productID]
[ADMIN] [8/1/2017 11:20] [PENJUALAN] CASHIER FORM : Combobox_previewKeyDown, cashierDataGridView.CurrentCell.OwningColumn.Name  [productID]
[ADMIN] [8/1/2017 11:20] [PENJUALAN] CASHIER FORM : UNREGISTER HOTKEY
[ADMIN] [8/1/2017 11:20] [PENJUALAN] CASHIER FORM : ADD NEW ROW FROM BARCODE [A PRO PUPPY 1 KG]
[ADMIN] [8/1/2017 11:20] [PENJUALAN] CASHIER FORM : updateSomeRowContents
[ADMIN] [8/1/2017 11:20] [PENJUALAN] CASHIER FORM : cashierDataGridView_CellValueChanged [productID]
[ADMIN] [8/1/2017 11:20] [PENJUALAN] CASHIER FORM : cashierDataGridView_CellValueChanged [productName]
[ADMIN] [8/1/2017 11:20] [PENJUALAN] CASHIER FORM : updateSomeRowContents
[ADMIN] [8/1/2017 11:20] [PENJUALAN] CASHIER FORM : PRODUCT PRICE TYPE [PRODUCT_BASE_PRICE]
[ADMIN] [8/1/2017 11:20] [PENJUALAN] CASHIER FORM : PRODUCT PRICE [17200]
[ADMIN] [8/1/2017 11:20] [PENJUALAN] CASHIER FORM : ComboBox_SelectedIndexChanged, PRODUCT_BASE_PRICE [17200]
[ADMIN] [8/1/2017 11:20] [PENJUALAN] CASHIER FORM : cashierDataGridView_CellValueChanged [hpp]
[ADMIN] [8/1/2017 11:20] [PENJUALAN] CASHIER FORM : PRODUCT PRICE TYPE [PRODUCT_RETAIL_PRICE]
[ADMIN] [8/1/2017 11:20] [PENJUALAN] CASHIER FORM : PRODUCT PRICE [23000]
[ADMIN] [8/1/2017 11:20] [PENJUALAN] CASHIER FORM : ComboBox_SelectedIndexChanged, PRODUCT_SALES_PRICE [23000]
[ADMIN] [8/1/2017 11:20] [PENJUALAN] CASHIER FORM : cashierDataGridView_CellValueChanged [productPrice]
[ADMIN] [8/1/2017 11:20] [PENJUALAN] CASHIER FORM : cashierDataGridView_CellValueChanged, previousInput [0]
[ADMIN] [8/1/2017 11:20] [PENJUALAN] CASHIER FORM : cashierDataGridView_CellValueChanged, cellValue [23000]
[ADMIN] [8/1/2017 11:20] [PENJUALAN] CASHIER FORM : cashierDataGridView_CellValueChanged, dataGridViewTextBoxEditingControl.Text pass REGEX Checking
[ADMIN] [8/1/2017 11:20] [PENJUALAN] CASHIER FORM : CALCULATE SUBTOTAL
[ADMIN] [8/1/2017 11:20] [PENJUALAN] CASHIER FORM : SUBTOTAL [0]
[ADMIN] [8/1/2017 11:20] [PENJUALAN] CASHIER FORM : cashierDataGridView_CellValueChanged, subtotal value [0]
[ADMIN] [8/1/2017 11:20] [PENJUALAN] CASHIER FORM : cashierDataGridView_CellValueChanged, attempt to calculate total value
[ADMIN] [8/1/2017 11:20] [PENJUALAN] CASHIER FORM : calculateTotal
[ADMIN] [8/1/2017 11:20] [PENJUALAN] CASHIER FORM : calculateTotal [0]
[ADMIN] [8/1/2017 11:20] [PENJUALAN] CASHIER FORM : calculateTotal, totalAfterDisc [0]
[ADMIN] [8/1/2017 11:20] [PENJUALAN] CASHIER FORM : calculateChangeValue, bayarTextBox.Text [0]
[ADMIN] [8/1/2017 11:20] [PENJUALAN] CASHIER FORM : calculateChangeValue, sisaBayar [0]
[ADMIN] [8/1/2017 11:20] [PENJUALAN] CASHIER FORM : cashierDataGridView_CellValueChanged [qty]
[ADMIN] [8/1/2017 11:20] [PENJUALAN] CASHIER FORM : cashierDataGridView_CellValueChanged, previousInput [0]
[ADMIN] [8/1/2017 11:20] [PENJUALAN] CASHIER FORM : cashierDataGridView_CellValueChanged [jumlah]
[ADMIN] [8/1/2017 11:20] [PENJUALAN] CASHIER FORM : calculateTotal
[ADMIN] [8/1/2017 11:20] [PENJUALAN] CASHIER FORM : calculateTotal [0]
[ADMIN] [8/1/2017 11:20] [PENJUALAN] CASHIER FORM : calculateTotal, totalAfterDisc [0]
[ADMIN] [8/1/2017 11:20] [PENJUALAN] CASHIER FORM : calculateChangeValue, bayarTextBox.Text [0]
[ADMIN] [8/1/2017 11:20] [PENJUALAN] CASHIER FORM : calculateChangeValue, sisaBayar [0]
[ADMIN] [8/1/2017 11:20] [PENJUALAN] CASHIER FORM : CHECK STOCK QTY IS ENOUGH [APRO-P1]
[ADMIN] [8/1/2017 11:20] [PENJUALAN] CASHIER FORM : CHECK STOCK QTY IS ENOUGH [5, 1]
[ADMIN] [8/1/2017 11:20] [PENJUALAN] CASHIER FORM : cashierDataGridView_CellValueChanged [qty]
[ADMIN] [8/1/2017 11:20] [PENJUALAN] CASHIER FORM : cashierDataGridView_CellValueChanged, previousInput [0]
[ADMIN] [8/1/2017 11:20] [PENJUALAN] CASHIER FORM : cashierDataGridView_CellValueChanged, cellValue [1]
[ADMIN] [8/1/2017 11:20] [PENJUALAN] CASHIER FORM : cashierDataGridView_CellValueChanged, dataGridViewTextBoxEditingControl.Text pass REGEX Checking
[ADMIN] [8/1/2017 11:20] [PENJUALAN] CASHIER FORM : CHECK STOCK QTY IS ENOUGH [APRO-P1]
[ADMIN] [8/1/2017 11:20] [PENJUALAN] CASHIER FORM : CHECK STOCK QTY IS ENOUGH [5, 1]
[ADMIN] [8/1/2017 11:20] [PENJUALAN] CASHIER FORM : CALCULATE SUBTOTAL
[ADMIN] [8/1/2017 11:20] [PENJUALAN] CASHIER FORM : SUBTOTAL [23000]
[ADMIN] [8/1/2017 11:20] [PENJUALAN] CASHIER FORM : cashierDataGridView_CellValueChanged, subtotal value [23000]
[ADMIN] [8/1/2017 11:20] [PENJUALAN] CASHIER FORM : cashierDataGridView_CellValueChanged, attempt to calculate total value
[ADMIN] [8/1/2017 11:20] [PENJUALAN] CASHIER FORM : calculateTotal
[ADMIN] [8/1/2017 11:20] [PENJUALAN] CASHIER FORM : calculateTotal [23000]
[ADMIN] [8/1/2017 11:20] [PENJUALAN] CASHIER FORM : calculateTotal, totalAfterDisc [23000]
[ADMIN] [8/1/2017 11:20] [PENJUALAN] CASHIER FORM : calculateChangeValue, bayarTextBox.Text [0]
[ADMIN] [8/1/2017 11:20] [PENJUALAN] CASHIER FORM : calculateChangeValue, sisaBayar [0]
[ADMIN] [8/1/2017 11:20] [PENJUALAN] CASHIER FORM : SET QTY TO 1 BECAUSE OF NEW ROW
[ADMIN] [8/1/2017 11:20] [PENJUALAN] CASHIER FORM : CALCULATE SUBTOTAL
[ADMIN] [8/1/2017 11:20] [PENJUALAN] CASHIER FORM : SUBTOTAL [23000]
[ADMIN] [8/1/2017 11:20] [PENJUALAN] CASHIER FORM : calculateTotal
[ADMIN] [8/1/2017 11:20] [PENJUALAN] CASHIER FORM : calculateTotal [23000]
[ADMIN] [8/1/2017 11:20] [PENJUALAN] CASHIER FORM : calculateTotal, totalAfterDisc [23000]
[ADMIN] [8/1/2017 11:20] [PENJUALAN] CASHIER FORM : calculateChangeValue, bayarTextBox.Text [0]
[ADMIN] [8/1/2017 11:20] [PENJUALAN] CASHIER FORM : calculateChangeValue, sisaBayar [0]
[ADMIN] [8/1/2017 11:20] [PENJUALAN] CASHIER FORM : UPDATE ROW NUMBER, TOTAL ROW [2]
[ADMIN] [8/1/2017 11:20] [PENJUALAN] CASHIER FORM : cashierDataGridView_CellValueChanged [F8]
[ADMIN] [8/1/2017 11:20] [PENJUALAN] CASHIER FORM : REGISTER HOTKEY
[ADMIN] [8/1/2017 11:20] [PENJUALAN] CASHIER FORM : Combobox_previewKeyDown, cashierDataGridView.CurrentCell.OwningColumn.Name  [productID]
[ADMIN] [8/1/2017 11:20] [PENJUALAN] CASHIER FORM : UPDATE ROW NUMBER, TOTAL ROW [3]
[ADMIN] [8/1/2017 11:20] [PENJUALAN] CASHIER FORM : cashierDataGridView_CellValueChanged [F8]
[ADMIN] [8/1/2017 11:20] [PENJUALAN] CASHIER FORM : cashierDataGridView_CellValueChanged [productID]
[ADMIN] [8/1/2017 11:20] [PENJUALAN] CASHIER FORM : Combobox_KeyUp, cashierDataGridView.CurrentCell.OwningColumn.Name  [productID]
[ADMIN] [8/1/2017 11:20] [PENJUALAN] CASHIER FORM : Combobox_KeyUp, cashierDataGridView.CurrentCell.OwningColumn.Name  [productID]
[ADMIN] [8/1/2017 11:20] [PENJUALAN] CASHIER FORM : Combobox_previewKeyDown, cashierDataGridView.CurrentCell.OwningColumn.Name  [productID]
[ADMIN] [8/1/2017 11:20] [PENJUALAN] CASHIER FORM : cashierDataGridView_CellValueChanged [productID]
[ADMIN] [8/1/2017 11:20] [PENJUALAN] CASHIER FORM : Combobox_KeyUp, cashierDataGridView.CurrentCell.OwningColumn.Name  [productID]
[ADMIN] [8/1/2017 11:20] [PENJUALAN] CASHIER FORM : Combobox_KeyUp, cashierDataGridView.CurrentCell.OwningColumn.Name  [productID]
[ADMIN] [8/1/2017 11:20] [PENJUALAN] CASHIER FORM : Combobox_previewKeyDown, cashierDataGridView.CurrentCell.OwningColumn.Name  [productID]
[ADMIN] [8/1/2017 11:20] [PENJUALAN] CASHIER FORM : cashierDataGridView_CellValueChanged [productID]
[ADMIN] [8/1/2017 11:20] [PENJUALAN] CASHIER FORM : Combobox_KeyUp, cashierDataGridView.CurrentCell.OwningColumn.Name  [productID]
[ADMIN] [8/1/2017 11:20] [PENJUALAN] CASHIER FORM : Combobox_KeyUp, cashierDataGridView.CurrentCell.OwningColumn.Name  [productID]
[ADMIN] [8/1/2017 11:20] [PENJUALAN] CASHIER FORM : Combobox_previewKeyDown, cashierDataGridView.CurrentCell.OwningColumn.Name  [productID]
[ADMIN] [8/1/2017 11:20] [PENJUALAN] CASHIER FORM : cashierDataGridView_CellValueChanged [productID]
[ADMIN] [8/1/2017 11:20] [PENJUALAN] CASHIER FORM : Combobox_KeyUp, cashierDataGridView.CurrentCell.OwningColumn.Name  [productID]
[ADMIN] [8/1/2017 11:20] [PENJUALAN] CASHIER FORM : Combobox_KeyUp, cashierDataGridView.CurrentCell.OwningColumn.Name  [productID]
[ADMIN] [8/1/2017 11:21] [PENJUALAN] CASHIER FORM : Combobox_previewKeyDown, cashierDataGridView.CurrentCell.OwningColumn.Name  [productID]
[ADMIN] [8/1/2017 11:21] [PENJUALAN] CASHIER FORM : UNREGISTER HOTKEY
[ADMIN] [8/1/2017 11:21] [PENJUALAN] CASHIER FORM : ADD NEW ROW FROM BARCODE [A PRO PUPPY 1 KG]
[ADMIN] [8/1/2017 11:21] [PENJUALAN] CASHIER FORM : updateSomeRowContents
[ADMIN] [8/1/2017 11:21] [PENJUALAN] CASHIER FORM : cashierDataGridView_CellValueChanged [productID]
[ADMIN] [8/1/2017 11:21] [PENJUALAN] CASHIER FORM : cashierDataGridView_CellValueChanged [productName]
[ADMIN] [8/1/2017 11:21] [PENJUALAN] CASHIER FORM : updateSomeRowContents
[ADMIN] [8/1/2017 11:21] [PENJUALAN] CASHIER FORM : PRODUCT PRICE TYPE [PRODUCT_BASE_PRICE]
[ADMIN] [8/1/2017 11:21] [PENJUALAN] CASHIER FORM : PRODUCT PRICE [17200]
[ADMIN] [8/1/2017 11:21] [PENJUALAN] CASHIER FORM : ComboBox_SelectedIndexChanged, PRODUCT_BASE_PRICE [17200]
[ADMIN] [8/1/2017 11:21] [PENJUALAN] CASHIER FORM : cashierDataGridView_CellValueChanged [hpp]
[ADMIN] [8/1/2017 11:21] [PENJUALAN] CASHIER FORM : PRODUCT PRICE TYPE [PRODUCT_RETAIL_PRICE]
[ADMIN] [8/1/2017 11:21] [PENJUALAN] CASHIER FORM : PRODUCT PRICE [23000]
[ADMIN] [8/1/2017 11:21] [PENJUALAN] CASHIER FORM : ComboBox_SelectedIndexChanged, PRODUCT_SALES_PRICE [23000]
[ADMIN] [8/1/2017 11:21] [PENJUALAN] CASHIER FORM : cashierDataGridView_CellValueChanged [productPrice]
[ADMIN] [8/1/2017 11:21] [PENJUALAN] CASHIER FORM : cashierDataGridView_CellValueChanged, previousInput [0]
[ADMIN] [8/1/2017 11:21] [PENJUALAN] CASHIER FORM : cashierDataGridView_CellValueChanged, cellValue [23000]
[ADMIN] [8/1/2017 11:21] [PENJUALAN] CASHIER FORM : cashierDataGridView_CellValueChanged, dataGridViewTextBoxEditingControl.Text pass REGEX Checking
[ADMIN] [8/1/2017 11:21] [PENJUALAN] CASHIER FORM : CALCULATE SUBTOTAL
[ADMIN] [8/1/2017 11:21] [PENJUALAN] CASHIER FORM : SUBTOTAL [0]
[ADMIN] [8/1/2017 11:21] [PENJUALAN] CASHIER FORM : cashierDataGridView_CellValueChanged, subtotal value [0]
[ADMIN] [8/1/2017 11:21] [PENJUALAN] CASHIER FORM : cashierDataGridView_CellValueChanged, attempt to calculate total value
[ADMIN] [8/1/2017 11:21] [PENJUALAN] CASHIER FORM : calculateTotal
[ADMIN] [8/1/2017 11:21] [PENJUALAN] CASHIER FORM : calculateTotal [23000]
[ADMIN] [8/1/2017 11:21] [PENJUALAN] CASHIER FORM : calculateTotal, totalAfterDisc [23000]
[ADMIN] [8/1/2017 11:21] [PENJUALAN] CASHIER FORM : calculateChangeValue, bayarTextBox.Text [0]
[ADMIN] [8/1/2017 11:21] [PENJUALAN] CASHIER FORM : calculateChangeValue, sisaBayar [0]
[ADMIN] [8/1/2017 11:21] [PENJUALAN] CASHIER FORM : cashierDataGridView_CellValueChanged [qty]
[ADMIN] [8/1/2017 11:21] [PENJUALAN] CASHIER FORM : cashierDataGridView_CellValueChanged, previousInput [0]
[ADMIN] [8/1/2017 11:21] [PENJUALAN] CASHIER FORM : cashierDataGridView_CellValueChanged [jumlah]
[ADMIN] [8/1/2017 11:21] [PENJUALAN] CASHIER FORM : calculateTotal
[ADMIN] [8/1/2017 11:21] [PENJUALAN] CASHIER FORM : calculateTotal [23000]
[ADMIN] [8/1/2017 11:21] [PENJUALAN] CASHIER FORM : calculateTotal, totalAfterDisc [23000]
[ADMIN] [8/1/2017 11:21] [PENJUALAN] CASHIER FORM : calculateChangeValue, bayarTextBox.Text [0]
[ADMIN] [8/1/2017 11:21] [PENJUALAN] CASHIER FORM : calculateChangeValue, sisaBayar [0]
[ADMIN] [8/1/2017 11:21] [PENJUALAN] CASHIER FORM : CHECK STOCK QTY IS ENOUGH [APRO-P1]
[ADMIN] [8/1/2017 11:21] [PENJUALAN] CASHIER FORM : CHECK STOCK QTY IS ENOUGH [5, 1]
[ADMIN] [8/1/2017 11:21] [PENJUALAN] CASHIER FORM : cashierDataGridView_CellValueChanged [qty]
[ADMIN] [8/1/2017 11:21] [PENJUALAN] CASHIER FORM : cashierDataGridView_CellValueChanged, previousInput [0]
[ADMIN] [8/1/2017 11:21] [PENJUALAN] CASHIER FORM : cashierDataGridView_CellValueChanged, cellValue [1]
[ADMIN] [8/1/2017 11:21] [PENJUALAN] CASHIER FORM : cashierDataGridView_CellValueChanged, dataGridViewTextBoxEditingControl.Text pass REGEX Checking
[ADMIN] [8/1/2017 11:21] [PENJUALAN] CASHIER FORM : CHECK STOCK QTY IS ENOUGH [APRO-P1]
[ADMIN] [8/1/2017 11:21] [PENJUALAN] CASHIER FORM : CHECK STOCK QTY IS ENOUGH [5, 1]
[ADMIN] [8/1/2017 11:21] [PENJUALAN] CASHIER FORM : CALCULATE SUBTOTAL
[ADMIN] [8/1/2017 11:21] [PENJUALAN] CASHIER FORM : SUBTOTAL [23000]
[ADMIN] [8/1/2017 11:21] [PENJUALAN] CASHIER FORM : cashierDataGridView_CellValueChanged, subtotal value [23000]
[ADMIN] [8/1/2017 11:21] [PENJUALAN] CASHIER FORM : cashierDataGridView_CellValueChanged, attempt to calculate total value
[ADMIN] [8/1/2017 11:21] [PENJUALAN] CASHIER FORM : calculateTotal
[ADMIN] [8/1/2017 11:21] [PENJUALAN] CASHIER FORM : calculateTotal [46000]
[ADMIN] [8/1/2017 11:21] [PENJUALAN] CASHIER FORM : calculateTotal, totalAfterDisc [46000]
[ADMIN] [8/1/2017 11:21] [PENJUALAN] CASHIER FORM : calculateChangeValue, bayarTextBox.Text [0]
[ADMIN] [8/1/2017 11:21] [PENJUALAN] CASHIER FORM : calculateChangeValue, sisaBayar [0]
[ADMIN] [8/1/2017 11:21] [PENJUALAN] CASHIER FORM : SET QTY TO 1 BECAUSE OF NEW ROW
[ADMIN] [8/1/2017 11:21] [PENJUALAN] CASHIER FORM : CALCULATE SUBTOTAL
[ADMIN] [8/1/2017 11:21] [PENJUALAN] CASHIER FORM : SUBTOTAL [23000]
[ADMIN] [8/1/2017 11:21] [PENJUALAN] CASHIER FORM : calculateTotal
[ADMIN] [8/1/2017 11:21] [PENJUALAN] CASHIER FORM : calculateTotal [46000]
[ADMIN] [8/1/2017 11:21] [PENJUALAN] CASHIER FORM : calculateTotal, totalAfterDisc [46000]
[ADMIN] [8/1/2017 11:21] [PENJUALAN] CASHIER FORM : calculateChangeValue, bayarTextBox.Text [0]
[ADMIN] [8/1/2017 11:21] [PENJUALAN] CASHIER FORM : calculateChangeValue, sisaBayar [0]
[ADMIN] [8/1/2017 11:21] [PENJUALAN] CASHIER FORM : UPDATE ROW NUMBER, TOTAL ROW [3]
[ADMIN] [8/1/2017 11:21] [PENJUALAN] CASHIER FORM : cashierDataGridView_CellValueChanged [F8]
[ADMIN] [8/1/2017 11:21] [PENJUALAN] CASHIER FORM : REGISTER HOTKEY
[ADMIN] [8/1/2017 11:21] [PENJUALAN] CASHIER FORM : calculateChangeValue, bayarTextBox.Text [40]
[ADMIN] [8/1/2017 11:21] [PENJUALAN] CASHIER FORM : calculateChangeValue, sisaBayar [0]
[ADMIN] [8/1/2017 11:21] [PENJUALAN] CASHIER FORM : calculateChangeValue, bayarTextBox.Text [405]
[ADMIN] [8/1/2017 11:21] [PENJUALAN] CASHIER FORM : calculateChangeValue, sisaBayar [0]
[ADMIN] [8/1/2017 11:21] [PENJUALAN] CASHIER FORM : calculateChangeValue, bayarTextBox.Text [40]
[ADMIN] [8/1/2017 11:21] [PENJUALAN] CASHIER FORM : calculateChangeValue, sisaBayar [0]
[ADMIN] [8/1/2017 11:21] [PENJUALAN] CASHIER FORM : calculateChangeValue, bayarTextBox.Text [4]
[ADMIN] [8/1/2017 11:21] [PENJUALAN] CASHIER FORM : calculateChangeValue, sisaBayar [0]
[ADMIN] [8/1/2017 11:21] [PENJUALAN] CASHIER FORM : calculateChangeValue, bayarTextBox.Text [46]
[ADMIN] [8/1/2017 11:21] [PENJUALAN] CASHIER FORM : calculateChangeValue, sisaBayar [0]
[ADMIN] [8/1/2017 11:21] [PENJUALAN] CASHIER FORM : calculateChangeValue, bayarTextBox.Text [460]
[ADMIN] [8/1/2017 11:21] [PENJUALAN] CASHIER FORM : calculateChangeValue, sisaBayar [0]
[ADMIN] [8/1/2017 11:21] [PENJUALAN] CASHIER FORM : calculateChangeValue, bayarTextBox.Text [4600]
[ADMIN] [8/1/2017 11:21] [PENJUALAN] CASHIER FORM : calculateChangeValue, sisaBayar [0]
[ADMIN] [8/1/2017 11:21] [PENJUALAN] CASHIER FORM : calculateChangeValue, bayarTextBox.Text [46000]
[ADMIN] [8/1/2017 11:21] [PENJUALAN] CASHIER FORM : calculateChangeValue, sisaBayar [0]
[ADMIN] [8/1/2017 11:21] [PENJUALAN] CASHIER FORM : HOTKEY TO SAVE AND PRINT OUT INVOICE PRESSED
[ADMIN] [8/1/2017 11:21] [PENJUALAN] CASHIER FORM : UNREGISTER HOTKEY
[ADMIN] [8/1/2017 11:21] [PENJUALAN] CASHIER FORM : REGISTER HOTKEY
[ADMIN] [8/1/2017 11:21] [PENJUALAN] ATTEMPT TO SAVE AND PRINT OUT INVOICE
[ADMIN] [8/1/2017 11:21] [PENJUALAN] CASHIER FORM : UNREGISTER HOTKEY
[ADMIN] [8/1/2017 11:21] [PENJUALAN] CASHIER FORM : REGISTER HOTKEY
[ADMIN] [8/1/2017 11:21] [PENJUALAN] CASHIER FORM : CHECK STOCK QTY IS ENOUGH [APRO-P1]
[ADMIN] [8/1/2017 11:21] [PENJUALAN] CASHIER FORM : CHECK STOCK QTY IS ENOUGH [5, 2]
[ADMIN] [8/1/2017 11:21] [PENJUALAN] CASHIER FORM : UNREGISTER HOTKEY
[ADMIN] [8/1/2017 11:21] [PENJUALAN] CASHIER FORM : ATTEMPT TO SAVE SALES DATA [01-08-2017 11:21]
[ADMIN] [8/1/2017 11:21] [PENJUALAN] CASHIER FORM : SALES DISC FINAL [0]
[ADMIN] [8/1/2017 11:21] [PENJUALAN] CASHIER FORM : CASH SALES
[ADMIN] [8/1/2017 11:21] [PENJUALAN] CHECK IF TAX LIMIT SET FOR PERCENTAGE PURCHASE [0]
[ADMIN] [8/1/2017 11:21] [PENJUALAN] CHECK IF TAX LIMIT SET FOR AVERAGE DAILY PURCHASE [0]
[ADMIN] [8/1/2017 11:21] [PENJUALAN] CASHIER FORM : NO FAKTUR [SLO001]
[ADMIN] [8/1/2017 11:21] [PENJUALAN] CASHIER FORM : MAX SALES INVOICE [4919]
[ADMIN] [8/1/2017 11:21] [PENJUALAN] CASHIER FORM : SALES INVOICE [SLO001-4920]
[ADMIN] [8/1/2017 11:21] [PENJUALAN] INSERT INTO SALES HEADER [SLO001-4920]
[ADMIN] [8/1/2017 11:22] [PENJUALAN] INSERT INTO SALES DETAIL[APRO-P1, 23000, 1]
[ADMIN] [8/1/2017 11:22] [PENJUALAN] REDUCE STOCK AT MASTER PRODUCT [APRO-P1]
[ADMIN] [8/1/2017 11:23] [PENJUALAN] REDUCE STOCK AT PRODUCT_EXPIRY LOT [2284]
[ADMIN] [8/1/2017 11:24] [PENJUALAN] SAVE PRODUCT LOT INFORMATION FOR EACH ITEM AND AMOUNT
[ADMIN] [8/1/2017 11:25] [PENJUALAN] INSERT INTO SALES DETAIL[APRO-P1, 23000, 1]
[ADMIN] [8/1/2017 11:25] [PENJUALAN] REDUCE STOCK AT MASTER PRODUCT [APRO-P1]
[ADMIN] [8/1/2017 11:25] [PENJUALAN] REDUCE STOCK AT PRODUCT_EXPIRY LOT [2284]
[ADMIN] [8/1/2017 11:25] [PENJUALAN] SAVE PRODUCT LOT INFORMATION FOR EACH ITEM AND AMOUNT
[ADMIN] [8/1/2017 11:25] [PENJUALAN] INSERT TO CREDIT TABLE [SLO001-4920]
[ADMIN] [8/1/2017 11:25] [PENJUALAN] INSERT TO DAILY JOURNAL TABLE [46000]
[ADMIN] [8/1/2017 11:25] [PENJUALAN] TRANSACTION SAVED
[ADMIN] [8/1/2017 11:25] [PENJUALAN] PRINT OUT INVOICE
[ADMIN] [8/1/2017 11:25] [PENJUALAN] CASHIER FORM : PrintReceipt
[ADMIN] [8/1/2017 11:25] [PENJUALAN] CASHIER FORM : PrintReceipt, POS size Paper
[ADMIN] [8/1/2017 11:25] [PENJUALAN] CASHIER FORM : REGISTER HOTKEY
[ADMIN] [8/1/2017 11:25] [PENJUALAN] CASHIER FORM : loadInfoToko
[ADMIN] [8/1/2017 11:25] [PENJUALAN] CASHIER FORM : calculatePageLength, totalLengthPage [397]
[] [8/1/2017 14:06] [] USER = ADMIN IS ACTIVE
[ADMIN] [8/1/2017 14:06] [] USER ID = 1 LOGIN SUCCESSFULLY
[ADMIN] [8/1/2017 14:06] [] ACTIVATE USER ACCESS RIGHT
[ADMIN] [8/1/2017 14:06] [] DISPLAY ADMIN FORM
[ADMIN] [8/1/2017 14:06] [] adminForm Load
[ADMIN] [8/1/2017 14:06] [] ACTIVATE USER ACCESS RIGHT
[ADMIN] [8/1/2017 14:06] [PENJUALAN] CASHIER FORM : MULTIPLE CASHIER INSTANCE [1]
[ADMIN] [8/1/2017 14:06] [PENJUALAN] CASHIER FORM : REGISTER HOTKEY
[ADMIN] [8/1/2017 14:06] [PENJUALAN] CASHIER FORM : cashierForm_Load, ATTEMPT TO LOAD NO FAKTUR
[ADMIN] [8/1/2017 14:06] [PENJUALAN] CASHIER FORM : loadNoFaktur, noFakturValue [SLO001]
[ADMIN] [8/1/2017 14:06] [PENJUALAN] CASHIER FORM : cashierForm_Load, ATTEMPT TO addColumnToDataGrid
[ADMIN] [8/1/2017 14:06] [PENJUALAN] CASHIER FORM : UPDATE ROW NUMBER, TOTAL ROW [1]
[ADMIN] [8/1/2017 14:06] [PENJUALAN] CASHIER FORM : REGISTER HOTKEY
[ADMIN] [8/1/2017 14:06] [PENJUALAN] CASHIER FORM : Combobox_previewKeyDown, cashierDataGridView.CurrentCell.OwningColumn.Name  [productID]
[ADMIN] [8/1/2017 14:06] [PENJUALAN] CASHIER FORM : UPDATE ROW NUMBER, TOTAL ROW [2]
[ADMIN] [8/1/2017 14:06] [PENJUALAN] CASHIER FORM : cashierDataGridView_CellValueChanged [F8]
[ADMIN] [8/1/2017 14:06] [PENJUALAN] CASHIER FORM : cashierDataGridView_CellValueChanged [productID]
[ADMIN] [8/1/2017 14:06] [PENJUALAN] CASHIER FORM : Combobox_KeyUp, cashierDataGridView.CurrentCell.OwningColumn.Name  [productID]
[ADMIN] [8/1/2017 14:06] [PENJUALAN] CASHIER FORM : Combobox_previewKeyDown, cashierDataGridView.CurrentCell.OwningColumn.Name  [productID]
[ADMIN] [8/1/2017 14:06] [PENJUALAN] CASHIER FORM : cashierDataGridView_CellValueChanged [productID]
[ADMIN] [8/1/2017 14:06] [PENJUALAN] CASHIER FORM : Combobox_KeyUp, cashierDataGridView.CurrentCell.OwningColumn.Name  [productID]
[ADMIN] [8/1/2017 14:06] [PENJUALAN] CASHIER FORM : Combobox_previewKeyDown, cashierDataGridView.CurrentCell.OwningColumn.Name  [productID]
[ADMIN] [8/1/2017 14:06] [PENJUALAN] CASHIER FORM : cashierDataGridView_CellValueChanged [productID]
[ADMIN] [8/1/2017 14:06] [PENJUALAN] CASHIER FORM : Combobox_KeyUp, cashierDataGridView.CurrentCell.OwningColumn.Name  [productID]
[ADMIN] [8/1/2017 14:06] [PENJUALAN] CASHIER FORM : Combobox_previewKeyDown, cashierDataGridView.CurrentCell.OwningColumn.Name  [productID]
[ADMIN] [8/1/2017 14:06] [PENJUALAN] CASHIER FORM : cashierDataGridView_CellValueChanged [productID]
[ADMIN] [8/1/2017 14:06] [PENJUALAN] CASHIER FORM : Combobox_KeyUp, cashierDataGridView.CurrentCell.OwningColumn.Name  [productID]
[ADMIN] [8/1/2017 14:06] [PENJUALAN] CASHIER FORM : Combobox_previewKeyDown, cashierDataGridView.CurrentCell.OwningColumn.Name  [productID]
[ADMIN] [8/1/2017 14:06] [PENJUALAN] CASHIER FORM : cashierDataGridView_CellValueChanged [productID]
[ADMIN] [8/1/2017 14:06] [PENJUALAN] CASHIER FORM : Combobox_previewKeyDown, cashierDataGridView.CurrentCell.OwningColumn.Name  [productID]
[ADMIN] [8/1/2017 14:06] [PENJUALAN] CASHIER FORM : cashierDataGridView_CellValueChanged [productID]
[ADMIN] [8/1/2017 14:06] [PENJUALAN] CASHIER FORM : Combobox_KeyUp, cashierDataGridView.CurrentCell.OwningColumn.Name  [productID]
[ADMIN] [8/1/2017 14:06] [PENJUALAN] CASHIER FORM : Combobox_KeyUp, cashierDataGridView.CurrentCell.OwningColumn.Name  [productID]
[ADMIN] [8/1/2017 14:06] [PENJUALAN] CASHIER FORM : Combobox_previewKeyDown, cashierDataGridView.CurrentCell.OwningColumn.Name  [productID]
[ADMIN] [8/1/2017 14:06] [PENJUALAN] CASHIER FORM : UNREGISTER HOTKEY
[ADMIN] [8/1/2017 14:07] [PENJUALAN] CASHIER FORM : ADD NEW ROW FROM BARCODE [PRIME CHOICE ADLT DOG 1 KG]
[ADMIN] [8/1/2017 14:07] [PENJUALAN] CASHIER FORM : updateSomeRowContents
[ADMIN] [8/1/2017 14:07] [PENJUALAN] CASHIER FORM : cashierDataGridView_CellValueChanged [productID]
[ADMIN] [8/1/2017 14:07] [PENJUALAN] CASHIER FORM : cashierDataGridView_CellValueChanged [productName]
[ADMIN] [8/1/2017 14:07] [PENJUALAN] CASHIER FORM : updateSomeRowContents
[ADMIN] [8/1/2017 14:07] [PENJUALAN] CASHIER FORM : PRODUCT PRICE TYPE [PRODUCT_BASE_PRICE]
[ADMIN] [8/1/2017 14:07] [PENJUALAN] CASHIER FORM : PRODUCT PRICE [15000]
[ADMIN] [8/1/2017 14:07] [PENJUALAN] CASHIER FORM : ComboBox_SelectedIndexChanged, PRODUCT_BASE_PRICE [15000]
[ADMIN] [8/1/2017 14:07] [PENJUALAN] CASHIER FORM : cashierDataGridView_CellValueChanged [hpp]
[ADMIN] [8/1/2017 14:07] [PENJUALAN] CASHIER FORM : PRODUCT PRICE TYPE [PRODUCT_RETAIL_PRICE]
[ADMIN] [8/1/2017 14:07] [PENJUALAN] CASHIER FORM : PRODUCT PRICE [32000]
[ADMIN] [8/1/2017 14:07] [PENJUALAN] CASHIER FORM : ComboBox_SelectedIndexChanged, PRODUCT_SALES_PRICE [32000]
[ADMIN] [8/1/2017 14:07] [PENJUALAN] CASHIER FORM : cashierDataGridView_CellValueChanged [productPrice]
[ADMIN] [8/1/2017 14:07] [PENJUALAN] CASHIER FORM : cashierDataGridView_CellValueChanged, previousInput [0]
[ADMIN] [8/1/2017 14:07] [PENJUALAN] CASHIER FORM : cashierDataGridView_CellValueChanged, cellValue [32000]
[ADMIN] [8/1/2017 14:07] [PENJUALAN] CASHIER FORM : cashierDataGridView_CellValueChanged, dataGridViewTextBoxEditingControl.Text pass REGEX Checking
[ADMIN] [8/1/2017 14:07] [PENJUALAN] CASHIER FORM : CALCULATE SUBTOTAL
[ADMIN] [8/1/2017 14:07] [PENJUALAN] CASHIER FORM : SUBTOTAL [0]
[ADMIN] [8/1/2017 14:07] [PENJUALAN] CASHIER FORM : cashierDataGridView_CellValueChanged, subtotal value [0]
[ADMIN] [8/1/2017 14:07] [PENJUALAN] CASHIER FORM : cashierDataGridView_CellValueChanged, attempt to calculate total value
[ADMIN] [8/1/2017 14:07] [PENJUALAN] CASHIER FORM : calculateTotal
[ADMIN] [8/1/2017 14:07] [PENJUALAN] CASHIER FORM : calculateTotal [0]
[ADMIN] [8/1/2017 14:07] [PENJUALAN] CASHIER FORM : calculateTotal, totalAfterDisc [0]
[ADMIN] [8/1/2017 14:07] [PENJUALAN] CASHIER FORM : calculateChangeValue, bayarTextBox.Text [0]
[ADMIN] [8/1/2017 14:07] [PENJUALAN] CASHIER FORM : calculateChangeValue, sisaBayar [0]
[ADMIN] [8/1/2017 14:07] [PENJUALAN] CASHIER FORM : cashierDataGridView_CellValueChanged [qty]
[ADMIN] [8/1/2017 14:07] [PENJUALAN] CASHIER FORM : cashierDataGridView_CellValueChanged, previousInput [0]
[ADMIN] [8/1/2017 14:07] [PENJUALAN] CASHIER FORM : cashierDataGridView_CellValueChanged [jumlah]
[ADMIN] [8/1/2017 14:07] [PENJUALAN] CASHIER FORM : calculateTotal
[ADMIN] [8/1/2017 14:07] [PENJUALAN] CASHIER FORM : calculateTotal [0]
[ADMIN] [8/1/2017 14:07] [PENJUALAN] CASHIER FORM : calculateTotal, totalAfterDisc [0]
[ADMIN] [8/1/2017 14:07] [PENJUALAN] CASHIER FORM : calculateChangeValue, bayarTextBox.Text [0]
[ADMIN] [8/1/2017 14:07] [PENJUALAN] CASHIER FORM : calculateChangeValue, sisaBayar [0]
[ADMIN] [8/1/2017 14:07] [PENJUALAN] CASHIER FORM : CHECK STOCK QTY IS ENOUGH [PRIME-AD1]
[ADMIN] [8/1/2017 14:07] [PENJUALAN] CASHIER FORM : CHECK STOCK QTY IS ENOUGH [36, 1]
[ADMIN] [8/1/2017 14:07] [PENJUALAN] CASHIER FORM : cashierDataGridView_CellValueChanged [qty]
[ADMIN] [8/1/2017 14:07] [PENJUALAN] CASHIER FORM : cashierDataGridView_CellValueChanged, previousInput [0]
[ADMIN] [8/1/2017 14:07] [PENJUALAN] CASHIER FORM : cashierDataGridView_CellValueChanged, cellValue [1]
[ADMIN] [8/1/2017 14:07] [PENJUALAN] CASHIER FORM : cashierDataGridView_CellValueChanged, dataGridViewTextBoxEditingControl.Text pass REGEX Checking
[ADMIN] [8/1/2017 14:07] [PENJUALAN] CASHIER FORM : CHECK STOCK QTY IS ENOUGH [PRIME-AD1]
[ADMIN] [8/1/2017 14:07] [PENJUALAN] CASHIER FORM : CHECK STOCK QTY IS ENOUGH [36, 1]
[ADMIN] [8/1/2017 14:07] [PENJUALAN] CASHIER FORM : CALCULATE SUBTOTAL
[ADMIN] [8/1/2017 14:07] [PENJUALAN] CASHIER FORM : SUBTOTAL [32000]
[ADMIN] [8/1/2017 14:07] [PENJUALAN] CASHIER FORM : cashierDataGridView_CellValueChanged, subtotal value [32000]
[ADMIN] [8/1/2017 14:07] [PENJUALAN] CASHIER FORM : cashierDataGridView_CellValueChanged, attempt to calculate total value
[ADMIN] [8/1/2017 14:07] [PENJUALAN] CASHIER FORM : calculateTotal
[ADMIN] [8/1/2017 14:07] [PENJUALAN] CASHIER FORM : calculateTotal [32000]
[ADMIN] [8/1/2017 14:07] [PENJUALAN] CASHIER FORM : calculateTotal, totalAfterDisc [32000]
[ADMIN] [8/1/2017 14:07] [PENJUALAN] CASHIER FORM : calculateChangeValue, bayarTextBox.Text [0]
[ADMIN] [8/1/2017 14:07] [PENJUALAN] CASHIER FORM : calculateChangeValue, sisaBayar [0]
[ADMIN] [8/1/2017 14:07] [PENJUALAN] CASHIER FORM : SET QTY TO 1 BECAUSE OF NEW ROW
[ADMIN] [8/1/2017 14:07] [PENJUALAN] CASHIER FORM : CALCULATE SUBTOTAL
[ADMIN] [8/1/2017 14:07] [PENJUALAN] CASHIER FORM : SUBTOTAL [32000]
[ADMIN] [8/1/2017 14:07] [PENJUALAN] CASHIER FORM : calculateTotal
[ADMIN] [8/1/2017 14:07] [PENJUALAN] CASHIER FORM : calculateTotal [32000]
[ADMIN] [8/1/2017 14:07] [PENJUALAN] CASHIER FORM : calculateTotal, totalAfterDisc [32000]
[ADMIN] [8/1/2017 14:07] [PENJUALAN] CASHIER FORM : calculateChangeValue, bayarTextBox.Text [0]
[ADMIN] [8/1/2017 14:07] [PENJUALAN] CASHIER FORM : calculateChangeValue, sisaBayar [0]
[ADMIN] [8/1/2017 14:07] [PENJUALAN] CASHIER FORM : UPDATE ROW NUMBER, TOTAL ROW [2]
[ADMIN] [8/1/2017 14:07] [PENJUALAN] CASHIER FORM : cashierDataGridView_CellValueChanged [F8]
[ADMIN] [8/1/2017 14:07] [PENJUALAN] CASHIER FORM : REGISTER HOTKEY
[ADMIN] [8/1/2017 14:07] [PENJUALAN] CASHIER FORM : Combobox_previewKeyDown, cashierDataGridView.CurrentCell.OwningColumn.Name  [productID]
[ADMIN] [8/1/2017 14:07] [PENJUALAN] CASHIER FORM : UPDATE ROW NUMBER, TOTAL ROW [3]
[ADMIN] [8/1/2017 14:07] [PENJUALAN] CASHIER FORM : cashierDataGridView_CellValueChanged [F8]
[ADMIN] [8/1/2017 14:07] [PENJUALAN] CASHIER FORM : cashierDataGridView_CellValueChanged [productID]
[ADMIN] [8/1/2017 14:07] [PENJUALAN] CASHIER FORM : Combobox_KeyUp, cashierDataGridView.CurrentCell.OwningColumn.Name  [productID]
[ADMIN] [8/1/2017 14:07] [PENJUALAN] CASHIER FORM : Combobox_KeyUp, cashierDataGridView.CurrentCell.OwningColumn.Name  [productID]
[ADMIN] [8/1/2017 14:07] [PENJUALAN] CASHIER FORM : Combobox_previewKeyDown, cashierDataGridView.CurrentCell.OwningColumn.Name  [productID]
[ADMIN] [8/1/2017 14:07] [PENJUALAN] CASHIER FORM : cashierDataGridView_CellValueChanged [productID]
[ADMIN] [8/1/2017 14:07] [PENJUALAN] CASHIER FORM : Combobox_previewKeyDown, cashierDataGridView.CurrentCell.OwningColumn.Name  [productID]
[ADMIN] [8/1/2017 14:07] [PENJUALAN] CASHIER FORM : cashierDataGridView_CellValueChanged [productID]
[ADMIN] [8/1/2017 14:07] [PENJUALAN] CASHIER FORM : Combobox_KeyUp, cashierDataGridView.CurrentCell.OwningColumn.Name  [productID]
[ADMIN] [8/1/2017 14:07] [PENJUALAN] CASHIER FORM : Combobox_KeyUp, cashierDataGridView.CurrentCell.OwningColumn.Name  [productID]
[ADMIN] [8/1/2017 14:07] [PENJUALAN] CASHIER FORM : Combobox_KeyUp, cashierDataGridView.CurrentCell.OwningColumn.Name  [productID]
[ADMIN] [8/1/2017 14:07] [PENJUALAN] CASHIER FORM : Combobox_KeyUp, cashierDataGridView.CurrentCell.OwningColumn.Name  [productID]
[ADMIN] [8/1/2017 14:07] [PENJUALAN] CASHIER FORM : Combobox_previewKeyDown, cashierDataGridView.CurrentCell.OwningColumn.Name  [productID]
[ADMIN] [8/1/2017 14:07] [PENJUALAN] CASHIER FORM : cashierDataGridView_CellValueChanged [productID]
[ADMIN] [8/1/2017 14:07] [PENJUALAN] CASHIER FORM : Combobox_KeyUp, cashierDataGridView.CurrentCell.OwningColumn.Name  [productID]
[ADMIN] [8/1/2017 14:07] [PENJUALAN] CASHIER FORM : Combobox_KeyUp, cashierDataGridView.CurrentCell.OwningColumn.Name  [productID]
[ADMIN] [8/1/2017 14:07] [PENJUALAN] CASHIER FORM : Combobox_previewKeyDown, cashierDataGridView.CurrentCell.OwningColumn.Name  [productID]
[ADMIN] [8/1/2017 14:07] [PENJUALAN] CASHIER FORM : cashierDataGridView_CellValueChanged [productID]
[ADMIN] [8/1/2017 14:07] [PENJUALAN] CASHIER FORM : Combobox_KeyUp, cashierDataGridView.CurrentCell.OwningColumn.Name  [productID]
[ADMIN] [8/1/2017 14:07] [PENJUALAN] CASHIER FORM : Combobox_KeyUp, cashierDataGridView.CurrentCell.OwningColumn.Name  [productID]
[ADMIN] [8/1/2017 14:07] [PENJUALAN] CASHIER FORM : Combobox_previewKeyDown, cashierDataGridView.CurrentCell.OwningColumn.Name  [productID]
[ADMIN] [8/1/2017 14:07] [PENJUALAN] CASHIER FORM : cashierDataGridView_CellValueChanged [productID]
[ADMIN] [8/1/2017 14:07] [PENJUALAN] CASHIER FORM : Combobox_KeyUp, cashierDataGridView.CurrentCell.OwningColumn.Name  [productID]
[ADMIN] [8/1/2017 14:07] [PENJUALAN] CASHIER FORM : Combobox_KeyUp, cashierDataGridView.CurrentCell.OwningColumn.Name  [productID]
[ADMIN] [8/1/2017 14:07] [PENJUALAN] CASHIER FORM : Combobox_previewKeyDown, cashierDataGridView.CurrentCell.OwningColumn.Name  [productID]
[ADMIN] [8/1/2017 14:07] [PENJUALAN] CASHIER FORM : cashierDataGridView_CellValueChanged [productID]
[ADMIN] [8/1/2017 14:07] [PENJUALAN] CASHIER FORM : Combobox_previewKeyDown, cashierDataGridView.CurrentCell.OwningColumn.Name  [productID]
[ADMIN] [8/1/2017 14:07] [PENJUALAN] CASHIER FORM : cashierDataGridView_CellValueChanged [productID]
[ADMIN] [8/1/2017 14:07] [PENJUALAN] CASHIER FORM : Combobox_KeyUp, cashierDataGridView.CurrentCell.OwningColumn.Name  [productID]
[ADMIN] [8/1/2017 14:07] [PENJUALAN] CASHIER FORM : Combobox_KeyUp, cashierDataGridView.CurrentCell.OwningColumn.Name  [productID]
[ADMIN] [8/1/2017 14:07] [PENJUALAN] CASHIER FORM : Combobox_KeyUp, cashierDataGridView.CurrentCell.OwningColumn.Name  [productID]
[ADMIN] [8/1/2017 14:07] [PENJUALAN] CASHIER FORM : Combobox_KeyUp, cashierDataGridView.CurrentCell.OwningColumn.Name  [productID]
[ADMIN] [8/1/2017 14:07] [PENJUALAN] CASHIER FORM : Combobox_previewKeyDown, cashierDataGridView.CurrentCell.OwningColumn.Name  [productID]
[ADMIN] [8/1/2017 14:07] [PENJUALAN] CASHIER FORM : UNREGISTER HOTKEY
[ADMIN] [8/1/2017 14:07] [PENJUALAN] CASHIER FORM : ADD NEW ROW FROM BARCODE [PRIME CHOICE ADLT DOG 1 KG]
[ADMIN] [8/1/2017 14:07] [PENJUALAN] CASHIER FORM : updateSomeRowContents
[ADMIN] [8/1/2017 14:07] [PENJUALAN] CASHIER FORM : cashierDataGridView_CellValueChanged [productID]
[ADMIN] [8/1/2017 14:07] [PENJUALAN] CASHIER FORM : cashierDataGridView_CellValueChanged [productName]
[ADMIN] [8/1/2017 14:07] [PENJUALAN] CASHIER FORM : updateSomeRowContents
[ADMIN] [8/1/2017 14:07] [PENJUALAN] CASHIER FORM : PRODUCT PRICE TYPE [PRODUCT_BASE_PRICE]
[ADMIN] [8/1/2017 14:07] [PENJUALAN] CASHIER FORM : PRODUCT PRICE [15000]
[ADMIN] [8/1/2017 14:07] [PENJUALAN] CASHIER FORM : ComboBox_SelectedIndexChanged, PRODUCT_BASE_PRICE [15000]
[ADMIN] [8/1/2017 14:07] [PENJUALAN] CASHIER FORM : cashierDataGridView_CellValueChanged [hpp]
[ADMIN] [8/1/2017 14:07] [PENJUALAN] CASHIER FORM : PRODUCT PRICE TYPE [PRODUCT_RETAIL_PRICE]
[ADMIN] [8/1/2017 14:07] [PENJUALAN] CASHIER FORM : PRODUCT PRICE [32000]
[ADMIN] [8/1/2017 14:07] [PENJUALAN] CASHIER FORM : ComboBox_SelectedIndexChanged, PRODUCT_SALES_PRICE [32000]
[ADMIN] [8/1/2017 14:07] [PENJUALAN] CASHIER FORM : cashierDataGridView_CellValueChanged [productPrice]
[ADMIN] [8/1/2017 14:07] [PENJUALAN] CASHIER FORM : cashierDataGridView_CellValueChanged, previousInput [0]
[ADMIN] [8/1/2017 14:07] [PENJUALAN] CASHIER FORM : cashierDataGridView_CellValueChanged, cellValue [32000]
[ADMIN] [8/1/2017 14:07] [PENJUALAN] CASHIER FORM : cashierDataGridView_CellValueChanged, dataGridViewTextBoxEditingControl.Text pass REGEX Checking
[ADMIN] [8/1/2017 14:07] [PENJUALAN] CASHIER FORM : CALCULATE SUBTOTAL
[ADMIN] [8/1/2017 14:07] [PENJUALAN] CASHIER FORM : SUBTOTAL [0]
[ADMIN] [8/1/2017 14:07] [PENJUALAN] CASHIER FORM : cashierDataGridView_CellValueChanged, subtotal value [0]
[ADMIN] [8/1/2017 14:07] [PENJUALAN] CASHIER FORM : cashierDataGridView_CellValueChanged, attempt to calculate total value
[ADMIN] [8/1/2017 14:07] [PENJUALAN] CASHIER FORM : calculateTotal
[ADMIN] [8/1/2017 14:07] [PENJUALAN] CASHIER FORM : calculateTotal [32000]
[ADMIN] [8/1/2017 14:07] [PENJUALAN] CASHIER FORM : calculateTotal, totalAfterDisc [32000]
[ADMIN] [8/1/2017 14:07] [PENJUALAN] CASHIER FORM : calculateChangeValue, bayarTextBox.Text [0]
[ADMIN] [8/1/2017 14:07] [PENJUALAN] CASHIER FORM : calculateChangeValue, sisaBayar [0]
[ADMIN] [8/1/2017 14:07] [PENJUALAN] CASHIER FORM : cashierDataGridView_CellValueChanged [qty]
[ADMIN] [8/1/2017 14:07] [PENJUALAN] CASHIER FORM : cashierDataGridView_CellValueChanged, previousInput [0]
[ADMIN] [8/1/2017 14:07] [PENJUALAN] CASHIER FORM : cashierDataGridView_CellValueChanged [jumlah]
[ADMIN] [8/1/2017 14:07] [PENJUALAN] CASHIER FORM : calculateTotal
[ADMIN] [8/1/2017 14:07] [PENJUALAN] CASHIER FORM : calculateTotal [32000]
[ADMIN] [8/1/2017 14:07] [PENJUALAN] CASHIER FORM : calculateTotal, totalAfterDisc [32000]
[ADMIN] [8/1/2017 14:07] [PENJUALAN] CASHIER FORM : calculateChangeValue, bayarTextBox.Text [0]
[ADMIN] [8/1/2017 14:07] [PENJUALAN] CASHIER FORM : calculateChangeValue, sisaBayar [0]
[ADMIN] [8/1/2017 14:07] [PENJUALAN] CASHIER FORM : CHECK STOCK QTY IS ENOUGH [PRIME-AD1]
[ADMIN] [8/1/2017 14:07] [PENJUALAN] CASHIER FORM : CHECK STOCK QTY IS ENOUGH [36, 1]
[ADMIN] [8/1/2017 14:07] [PENJUALAN] CASHIER FORM : cashierDataGridView_CellValueChanged [qty]
[ADMIN] [8/1/2017 14:07] [PENJUALAN] CASHIER FORM : cashierDataGridView_CellValueChanged, previousInput [0]
[ADMIN] [8/1/2017 14:07] [PENJUALAN] CASHIER FORM : cashierDataGridView_CellValueChanged, cellValue [1]
[ADMIN] [8/1/2017 14:07] [PENJUALAN] CASHIER FORM : cashierDataGridView_CellValueChanged, dataGridViewTextBoxEditingControl.Text pass REGEX Checking
[ADMIN] [8/1/2017 14:07] [PENJUALAN] CASHIER FORM : CHECK STOCK QTY IS ENOUGH [PRIME-AD1]
[ADMIN] [8/1/2017 14:07] [PENJUALAN] CASHIER FORM : CHECK STOCK QTY IS ENOUGH [36, 1]
[ADMIN] [8/1/2017 14:07] [PENJUALAN] CASHIER FORM : CALCULATE SUBTOTAL
[ADMIN] [8/1/2017 14:07] [PENJUALAN] CASHIER FORM : SUBTOTAL [32000]
[ADMIN] [8/1/2017 14:07] [PENJUALAN] CASHIER FORM : cashierDataGridView_CellValueChanged, subtotal value [32000]
[ADMIN] [8/1/2017 14:07] [PENJUALAN] CASHIER FORM : cashierDataGridView_CellValueChanged, attempt to calculate total value
[ADMIN] [8/1/2017 14:07] [PENJUALAN] CASHIER FORM : calculateTotal
[ADMIN] [8/1/2017 14:07] [PENJUALAN] CASHIER FORM : calculateTotal [64000]
[ADMIN] [8/1/2017 14:07] [PENJUALAN] CASHIER FORM : calculateTotal, totalAfterDisc [64000]
[ADMIN] [8/1/2017 14:07] [PENJUALAN] CASHIER FORM : calculateChangeValue, bayarTextBox.Text [0]
[ADMIN] [8/1/2017 14:07] [PENJUALAN] CASHIER FORM : calculateChangeValue, sisaBayar [0]
[ADMIN] [8/1/2017 14:07] [PENJUALAN] CASHIER FORM : SET QTY TO 1 BECAUSE OF NEW ROW
[ADMIN] [8/1/2017 14:07] [PENJUALAN] CASHIER FORM : CALCULATE SUBTOTAL
[ADMIN] [8/1/2017 14:07] [PENJUALAN] CASHIER FORM : SUBTOTAL [32000]
[ADMIN] [8/1/2017 14:07] [PENJUALAN] CASHIER FORM : calculateTotal
[ADMIN] [8/1/2017 14:07] [PENJUALAN] CASHIER FORM : calculateTotal [64000]
[ADMIN] [8/1/2017 14:07] [PENJUALAN] CASHIER FORM : calculateTotal, totalAfterDisc [64000]
[ADMIN] [8/1/2017 14:07] [PENJUALAN] CASHIER FORM : calculateChangeValue, bayarTextBox.Text [0]
[ADMIN] [8/1/2017 14:07] [PENJUALAN] CASHIER FORM : calculateChangeValue, sisaBayar [0]
[ADMIN] [8/1/2017 14:07] [PENJUALAN] CASHIER FORM : UPDATE ROW NUMBER, TOTAL ROW [3]
[ADMIN] [8/1/2017 14:07] [PENJUALAN] CASHIER FORM : cashierDataGridView_CellValueChanged [F8]
[ADMIN] [8/1/2017 14:07] [PENJUALAN] CASHIER FORM : REGISTER HOTKEY
[ADMIN] [8/1/2017 14:07] [PENJUALAN] CASHIER FORM : calculateChangeValue, bayarTextBox.Text [70]
[ADMIN] [8/1/2017 14:07] [PENJUALAN] CASHIER FORM : calculateChangeValue, sisaBayar [0]
[ADMIN] [8/1/2017 14:07] [PENJUALAN] CASHIER FORM : calculateChangeValue, bayarTextBox.Text [700]
[ADMIN] [8/1/2017 14:07] [PENJUALAN] CASHIER FORM : calculateChangeValue, sisaBayar [0]
[ADMIN] [8/1/2017 14:07] [PENJUALAN] CASHIER FORM : calculateChangeValue, bayarTextBox.Text [7000]
[ADMIN] [8/1/2017 14:07] [PENJUALAN] CASHIER FORM : calculateChangeValue, sisaBayar [0]
[ADMIN] [8/1/2017 14:07] [PENJUALAN] CASHIER FORM : calculateChangeValue, bayarTextBox.Text [70000]
[ADMIN] [8/1/2017 14:07] [PENJUALAN] CASHIER FORM : calculateChangeValue, sisaBayar [6000]
[ADMIN] [8/1/2017 14:07] [PENJUALAN] CASHIER FORM : calculateChangeValue, bayarTextBox.Text [700000]
[ADMIN] [8/1/2017 14:07] [PENJUALAN] CASHIER FORM : calculateChangeValue, sisaBayar [636000]
[ADMIN] [8/1/2017 14:07] [PENJUALAN] CASHIER FORM : HOTKEY TO SAVE AND PRINT OUT INVOICE PRESSED
[ADMIN] [8/1/2017 14:07] [PENJUALAN] CASHIER FORM : UNREGISTER HOTKEY
[ADMIN] [8/1/2017 14:07] [PENJUALAN] CASHIER FORM : REGISTER HOTKEY
[ADMIN] [8/1/2017 14:07] [PENJUALAN] ATTEMPT TO SAVE AND PRINT OUT INVOICE
[ADMIN] [8/1/2017 14:07] [PENJUALAN] CASHIER FORM : UNREGISTER HOTKEY
[ADMIN] [8/1/2017 14:07] [PENJUALAN] CASHIER FORM : REGISTER HOTKEY
[ADMIN] [8/1/2017 14:07] [PENJUALAN] CASHIER FORM : CHECK STOCK QTY IS ENOUGH [PRIME-AD1]
[ADMIN] [8/1/2017 14:07] [PENJUALAN] CASHIER FORM : CHECK STOCK QTY IS ENOUGH [36, 2]
[ADMIN] [8/1/2017 14:07] [PENJUALAN] CASHIER FORM : UNREGISTER HOTKEY
[ADMIN] [8/1/2017 14:07] [PENJUALAN] CASHIER FORM : ATTEMPT TO SAVE SALES DATA [01-08-2017 14:07]
[ADMIN] [8/1/2017 14:07] [PENJUALAN] CASHIER FORM : SALES DISC FINAL [0]
[ADMIN] [8/1/2017 14:07] [PENJUALAN] CASHIER FORM : CASH SALES
[ADMIN] [8/1/2017 14:07] [PENJUALAN] CHECK IF TAX LIMIT SET FOR PERCENTAGE PURCHASE [0]
[ADMIN] [8/1/2017 14:07] [PENJUALAN] CHECK IF TAX LIMIT SET FOR AVERAGE DAILY PURCHASE [0]
[ADMIN] [8/1/2017 14:07] [PENJUALAN] CASHIER FORM : NO FAKTUR [SLO001]
[ADMIN] [8/1/2017 14:07] [PENJUALAN] CASHIER FORM : MAX SALES INVOICE [4920]
[ADMIN] [8/1/2017 14:07] [PENJUALAN] CASHIER FORM : SALES INVOICE [SLO001-4921]
[ADMIN] [8/1/2017 14:07] [PENJUALAN] INSERT INTO SALES HEADER [SLO001-4921]
[ADMIN] [8/1/2017 14:07] [PENJUALAN] INSERT INTO SALES DETAIL[PRIME-AD1, 32000, 1]
[ADMIN] [8/1/2017 14:07] [PENJUALAN] INSERT INTO SALES DETAIL[PRIME-AD1, 32000, 1]
[ADMIN] [8/1/2017 14:07] [PENJUALAN] INSERT TO CREDIT TABLE [SLO001-4921]
[ADMIN] [8/1/2017 14:07] [PENJUALAN] INSERT TO DAILY JOURNAL TABLE [64000]
[ADMIN] [8/1/2017 14:07] [PENJUALAN] REDUCE STOCK AT MASTER PRODUCT [PRIME-AD1]
[ADMIN] [8/1/2017 14:07] [PENJUALAN] REDUCE STOCK AT PRODUCT_EXPIRY LOT [3333]
[ADMIN] [8/1/2017 14:07] [PENJUALAN] SAVE PRODUCT LOT INFORMATION FOR EACH ITEM AND AMOUNT
[ADMIN] [8/1/2017 14:07] [PENJUALAN] TRANSACTION SAVED
[ADMIN] [8/1/2017 14:07] [PENJUALAN] PRINT OUT INVOICE
[ADMIN] [8/1/2017 14:07] [PENJUALAN] CASHIER FORM : PrintReceipt
[ADMIN] [8/1/2017 14:07] [PENJUALAN] CASHIER FORM : PrintReceipt, POS size Paper
[ADMIN] [8/1/2017 14:07] [PENJUALAN] CASHIER FORM : loadInfoToko
[ADMIN] [8/1/2017 14:07] [PENJUALAN] CASHIER FORM : calculatePageLength, totalLengthPage [397]
[] [8/1/2017 14:08] [] USER = ADMIN IS ACTIVE
[ADMIN] [8/1/2017 14:08] [] USER ID = 1 LOGIN SUCCESSFULLY
[ADMIN] [8/1/2017 14:08] [] ACTIVATE USER ACCESS RIGHT
[ADMIN] [8/1/2017 14:08] [] DISPLAY ADMIN FORM
[ADMIN] [8/1/2017 14:08] [] adminForm Load
[ADMIN] [8/1/2017 14:08] [] ACTIVATE USER ACCESS RIGHT
[ADMIN] [8/1/2017 14:08] [PENJUALAN] CASHIER FORM : MULTIPLE CASHIER INSTANCE [1]
[ADMIN] [8/1/2017 14:08] [PENJUALAN] CASHIER FORM : REGISTER HOTKEY
[ADMIN] [8/1/2017 14:08] [PENJUALAN] CASHIER FORM : cashierForm_Load, ATTEMPT TO LOAD NO FAKTUR
[ADMIN] [8/1/2017 14:08] [PENJUALAN] CASHIER FORM : loadNoFaktur, noFakturValue [SLO001]
[ADMIN] [8/1/2017 14:08] [PENJUALAN] CASHIER FORM : cashierForm_Load, ATTEMPT TO addColumnToDataGrid
[ADMIN] [8/1/2017 14:08] [PENJUALAN] CASHIER FORM : UPDATE ROW NUMBER, TOTAL ROW [1]
[ADMIN] [8/1/2017 14:08] [PENJUALAN] CASHIER FORM : REGISTER HOTKEY
[ADMIN] [8/1/2017 14:08] [PENJUALAN] CASHIER FORM : Combobox_previewKeyDown, cashierDataGridView.CurrentCell.OwningColumn.Name  [productID]
[ADMIN] [8/1/2017 14:08] [PENJUALAN] CASHIER FORM : UPDATE ROW NUMBER, TOTAL ROW [2]
[ADMIN] [8/1/2017 14:08] [PENJUALAN] CASHIER FORM : cashierDataGridView_CellValueChanged [F8]
[ADMIN] [8/1/2017 14:08] [PENJUALAN] CASHIER FORM : cashierDataGridView_CellValueChanged [productID]
[ADMIN] [8/1/2017 14:08] [PENJUALAN] CASHIER FORM : Combobox_KeyUp, cashierDataGridView.CurrentCell.OwningColumn.Name  [productID]
[ADMIN] [8/1/2017 14:08] [PENJUALAN] CASHIER FORM : Combobox_previewKeyDown, cashierDataGridView.CurrentCell.OwningColumn.Name  [productID]
[ADMIN] [8/1/2017 14:08] [PENJUALAN] CASHIER FORM : cashierDataGridView_CellValueChanged [productID]
[ADMIN] [8/1/2017 14:08] [PENJUALAN] CASHIER FORM : Combobox_KeyUp, cashierDataGridView.CurrentCell.OwningColumn.Name  [productID]
[ADMIN] [8/1/2017 14:08] [PENJUALAN] CASHIER FORM : Combobox_previewKeyDown, cashierDataGridView.CurrentCell.OwningColumn.Name  [productID]
[ADMIN] [8/1/2017 14:08] [PENJUALAN] CASHIER FORM : cashierDataGridView_CellValueChanged [productID]
[ADMIN] [8/1/2017 14:08] [PENJUALAN] CASHIER FORM : Combobox_KeyUp, cashierDataGridView.CurrentCell.OwningColumn.Name  [productID]
[ADMIN] [8/1/2017 14:08] [PENJUALAN] CASHIER FORM : Combobox_previewKeyDown, cashierDataGridView.CurrentCell.OwningColumn.Name  [productID]
[ADMIN] [8/1/2017 14:08] [PENJUALAN] CASHIER FORM : cashierDataGridView_CellValueChanged [productID]
[ADMIN] [8/1/2017 14:08] [PENJUALAN] CASHIER FORM : Combobox_KeyUp, cashierDataGridView.CurrentCell.OwningColumn.Name  [productID]
[ADMIN] [8/1/2017 14:08] [PENJUALAN] CASHIER FORM : Combobox_previewKeyDown, cashierDataGridView.CurrentCell.OwningColumn.Name  [productID]
[ADMIN] [8/1/2017 14:08] [PENJUALAN] CASHIER FORM : cashierDataGridView_CellValueChanged [productID]
[ADMIN] [8/1/2017 14:08] [PENJUALAN] CASHIER FORM : Combobox_KeyUp, cashierDataGridView.CurrentCell.OwningColumn.Name  [productID]
[ADMIN] [8/1/2017 14:08] [PENJUALAN] CASHIER FORM : Combobox_previewKeyDown, cashierDataGridView.CurrentCell.OwningColumn.Name  [productID]
[ADMIN] [8/1/2017 14:08] [PENJUALAN] CASHIER FORM : UNREGISTER HOTKEY
[ADMIN] [8/1/2017 14:09] [PENJUALAN] CASHIER FORM : ADD NEW ROW FROM BARCODE [PRIME CHOICE ADLT DOG 1 KG]
[ADMIN] [8/1/2017 14:09] [PENJUALAN] CASHIER FORM : updateSomeRowContents
[ADMIN] [8/1/2017 14:09] [PENJUALAN] CASHIER FORM : cashierDataGridView_CellValueChanged [productID]
[ADMIN] [8/1/2017 14:09] [PENJUALAN] CASHIER FORM : cashierDataGridView_CellValueChanged [productName]
[ADMIN] [8/1/2017 14:09] [PENJUALAN] CASHIER FORM : updateSomeRowContents
[ADMIN] [8/1/2017 14:09] [PENJUALAN] CASHIER FORM : PRODUCT PRICE TYPE [PRODUCT_BASE_PRICE]
[ADMIN] [8/1/2017 14:09] [PENJUALAN] CASHIER FORM : PRODUCT PRICE [15000]
[ADMIN] [8/1/2017 14:09] [PENJUALAN] CASHIER FORM : ComboBox_SelectedIndexChanged, PRODUCT_BASE_PRICE [15000]
[ADMIN] [8/1/2017 14:09] [PENJUALAN] CASHIER FORM : cashierDataGridView_CellValueChanged [hpp]
[ADMIN] [8/1/2017 14:09] [PENJUALAN] CASHIER FORM : PRODUCT PRICE TYPE [PRODUCT_RETAIL_PRICE]
[ADMIN] [8/1/2017 14:09] [PENJUALAN] CASHIER FORM : PRODUCT PRICE [32000]
[ADMIN] [8/1/2017 14:09] [PENJUALAN] CASHIER FORM : ComboBox_SelectedIndexChanged, PRODUCT_SALES_PRICE [32000]
[ADMIN] [8/1/2017 14:09] [PENJUALAN] CASHIER FORM : cashierDataGridView_CellValueChanged [productPrice]
[ADMIN] [8/1/2017 14:09] [PENJUALAN] CASHIER FORM : cashierDataGridView_CellValueChanged, previousInput [0]
[ADMIN] [8/1/2017 14:09] [PENJUALAN] CASHIER FORM : cashierDataGridView_CellValueChanged, cellValue [32000]
[ADMIN] [8/1/2017 14:09] [PENJUALAN] CASHIER FORM : cashierDataGridView_CellValueChanged, dataGridViewTextBoxEditingControl.Text pass REGEX Checking
[ADMIN] [8/1/2017 14:09] [PENJUALAN] CASHIER FORM : CALCULATE SUBTOTAL
[ADMIN] [8/1/2017 14:09] [PENJUALAN] CASHIER FORM : SUBTOTAL [0]
[ADMIN] [8/1/2017 14:09] [PENJUALAN] CASHIER FORM : cashierDataGridView_CellValueChanged, subtotal value [0]
[ADMIN] [8/1/2017 14:09] [PENJUALAN] CASHIER FORM : cashierDataGridView_CellValueChanged, attempt to calculate total value
[ADMIN] [8/1/2017 14:09] [PENJUALAN] CASHIER FORM : calculateTotal
[ADMIN] [8/1/2017 14:09] [PENJUALAN] CASHIER FORM : calculateTotal [0]
[ADMIN] [8/1/2017 14:09] [PENJUALAN] CASHIER FORM : calculateTotal, totalAfterDisc [0]
[ADMIN] [8/1/2017 14:09] [PENJUALAN] CASHIER FORM : calculateChangeValue, bayarTextBox.Text [0]
[ADMIN] [8/1/2017 14:09] [PENJUALAN] CASHIER FORM : calculateChangeValue, sisaBayar [0]
[ADMIN] [8/1/2017 14:09] [PENJUALAN] CASHIER FORM : cashierDataGridView_CellValueChanged [qty]
[ADMIN] [8/1/2017 14:09] [PENJUALAN] CASHIER FORM : cashierDataGridView_CellValueChanged, previousInput [0]
[ADMIN] [8/1/2017 14:09] [PENJUALAN] CASHIER FORM : cashierDataGridView_CellValueChanged [jumlah]
[ADMIN] [8/1/2017 14:09] [PENJUALAN] CASHIER FORM : calculateTotal
[ADMIN] [8/1/2017 14:09] [PENJUALAN] CASHIER FORM : calculateTotal [0]
[ADMIN] [8/1/2017 14:09] [PENJUALAN] CASHIER FORM : calculateTotal, totalAfterDisc [0]
[ADMIN] [8/1/2017 14:09] [PENJUALAN] CASHIER FORM : calculateChangeValue, bayarTextBox.Text [0]
[ADMIN] [8/1/2017 14:09] [PENJUALAN] CASHIER FORM : calculateChangeValue, sisaBayar [0]
[ADMIN] [8/1/2017 14:09] [PENJUALAN] CASHIER FORM : CHECK STOCK QTY IS ENOUGH [PRIME-AD1]
[ADMIN] [8/1/2017 14:09] [PENJUALAN] CASHIER FORM : CHECK STOCK QTY IS ENOUGH [34, 1]
[ADMIN] [8/1/2017 14:09] [PENJUALAN] CASHIER FORM : cashierDataGridView_CellValueChanged [qty]
[ADMIN] [8/1/2017 14:09] [PENJUALAN] CASHIER FORM : cashierDataGridView_CellValueChanged, previousInput [0]
[ADMIN] [8/1/2017 14:09] [PENJUALAN] CASHIER FORM : cashierDataGridView_CellValueChanged, cellValue [1]
[ADMIN] [8/1/2017 14:09] [PENJUALAN] CASHIER FORM : cashierDataGridView_CellValueChanged, dataGridViewTextBoxEditingControl.Text pass REGEX Checking
[ADMIN] [8/1/2017 14:09] [PENJUALAN] CASHIER FORM : CHECK STOCK QTY IS ENOUGH [PRIME-AD1]
[ADMIN] [8/1/2017 14:09] [PENJUALAN] CASHIER FORM : CHECK STOCK QTY IS ENOUGH [34, 1]
[ADMIN] [8/1/2017 14:09] [PENJUALAN] CASHIER FORM : CALCULATE SUBTOTAL
[ADMIN] [8/1/2017 14:09] [PENJUALAN] CASHIER FORM : SUBTOTAL [32000]
[ADMIN] [8/1/2017 14:09] [PENJUALAN] CASHIER FORM : cashierDataGridView_CellValueChanged, subtotal value [32000]
[ADMIN] [8/1/2017 14:09] [PENJUALAN] CASHIER FORM : cashierDataGridView_CellValueChanged, attempt to calculate total value
[ADMIN] [8/1/2017 14:09] [PENJUALAN] CASHIER FORM : calculateTotal
[ADMIN] [8/1/2017 14:09] [PENJUALAN] CASHIER FORM : calculateTotal [32000]
[ADMIN] [8/1/2017 14:09] [PENJUALAN] CASHIER FORM : calculateTotal, totalAfterDisc [32000]
[ADMIN] [8/1/2017 14:09] [PENJUALAN] CASHIER FORM : calculateChangeValue, bayarTextBox.Text [0]
[ADMIN] [8/1/2017 14:09] [PENJUALAN] CASHIER FORM : calculateChangeValue, sisaBayar [0]
[ADMIN] [8/1/2017 14:09] [PENJUALAN] CASHIER FORM : SET QTY TO 1 BECAUSE OF NEW ROW
[ADMIN] [8/1/2017 14:09] [PENJUALAN] CASHIER FORM : CALCULATE SUBTOTAL
[ADMIN] [8/1/2017 14:09] [PENJUALAN] CASHIER FORM : SUBTOTAL [32000]
[ADMIN] [8/1/2017 14:09] [PENJUALAN] CASHIER FORM : calculateTotal
[ADMIN] [8/1/2017 14:09] [PENJUALAN] CASHIER FORM : calculateTotal [32000]
[ADMIN] [8/1/2017 14:09] [PENJUALAN] CASHIER FORM : calculateTotal, totalAfterDisc [32000]
[ADMIN] [8/1/2017 14:09] [PENJUALAN] CASHIER FORM : calculateChangeValue, bayarTextBox.Text [0]
[ADMIN] [8/1/2017 14:09] [PENJUALAN] CASHIER FORM : calculateChangeValue, sisaBayar [0]
[ADMIN] [8/1/2017 14:09] [PENJUALAN] CASHIER FORM : UPDATE ROW NUMBER, TOTAL ROW [2]
[ADMIN] [8/1/2017 14:09] [PENJUALAN] CASHIER FORM : cashierDataGridView_CellValueChanged [F8]
[ADMIN] [8/1/2017 14:09] [PENJUALAN] CASHIER FORM : REGISTER HOTKEY
[ADMIN] [8/1/2017 14:09] [PENJUALAN] CASHIER FORM : cashierDataGridView_CellValueChanged [qty]
[ADMIN] [8/1/2017 14:09] [PENJUALAN] CASHIER FORM : cashierDataGridView_CellValueChanged, previousInput [1]
[ADMIN] [8/1/2017 14:09] [PENJUALAN] CASHIER FORM : cashierDataGridView_CellValueChanged, dataGridViewTextBoxEditingControl.Text pass REGEX Checking
[ADMIN] [8/1/2017 14:09] [PENJUALAN] CASHIER FORM : CHECK STOCK QTY IS ENOUGH [PRIME-AD1]
[ADMIN] [8/1/2017 14:09] [PENJUALAN] CASHIER FORM : CHECK STOCK QTY IS ENOUGH [34, 2]
[ADMIN] [8/1/2017 14:09] [PENJUALAN] CASHIER FORM : CALCULATE SUBTOTAL
[ADMIN] [8/1/2017 14:09] [PENJUALAN] CASHIER FORM : SUBTOTAL [64000]
[ADMIN] [8/1/2017 14:09] [PENJUALAN] CASHIER FORM : cashierDataGridView_CellValueChanged, subtotal value [64000]
[ADMIN] [8/1/2017 14:09] [PENJUALAN] CASHIER FORM : cashierDataGridView_CellValueChanged, attempt to calculate total value
[ADMIN] [8/1/2017 14:09] [PENJUALAN] CASHIER FORM : calculateTotal
[ADMIN] [8/1/2017 14:09] [PENJUALAN] CASHIER FORM : calculateTotal [64000]
[ADMIN] [8/1/2017 14:09] [PENJUALAN] CASHIER FORM : calculateTotal, totalAfterDisc [64000]
[ADMIN] [8/1/2017 14:09] [PENJUALAN] CASHIER FORM : calculateChangeValue, bayarTextBox.Text [0]
[ADMIN] [8/1/2017 14:09] [PENJUALAN] CASHIER FORM : calculateChangeValue, sisaBayar [0]
[ADMIN] [8/1/2017 14:09] [PENJUALAN] CASHIER FORM : Combobox_KeyUp, cashierDataGridView.CurrentCell.OwningColumn.Name  [qty]
[ADMIN] [8/1/2017 14:09] [PENJUALAN] CASHIER FORM : Combobox_previewKeyDown, cashierDataGridView.CurrentCell.OwningColumn.Name  [productID]
[ADMIN] [8/1/2017 14:09] [PENJUALAN] CASHIER FORM : UPDATE ROW NUMBER, TOTAL ROW [3]
[ADMIN] [8/1/2017 14:09] [PENJUALAN] CASHIER FORM : cashierDataGridView_CellValueChanged [F8]
[ADMIN] [8/1/2017 14:09] [PENJUALAN] CASHIER FORM : cashierDataGridView_CellValueChanged [productID]
[ADMIN] [8/1/2017 14:09] [PENJUALAN] CASHIER FORM : Combobox_KeyUp, cashierDataGridView.CurrentCell.OwningColumn.Name  [productID]
[ADMIN] [8/1/2017 14:09] [PENJUALAN] CASHIER FORM : Combobox_KeyUp, cashierDataGridView.CurrentCell.OwningColumn.Name  [productID]
[ADMIN] [8/1/2017 14:09] [PENJUALAN] CASHIER FORM : Combobox_previewKeyDown, cashierDataGridView.CurrentCell.OwningColumn.Name  [productID]
[ADMIN] [8/1/2017 14:09] [PENJUALAN] CASHIER FORM : cashierDataGridView_CellValueChanged [productID]
[ADMIN] [8/1/2017 14:09] [PENJUALAN] CASHIER FORM : Combobox_KeyUp, cashierDataGridView.CurrentCell.OwningColumn.Name  [productID]
[ADMIN] [8/1/2017 14:09] [PENJUALAN] CASHIER FORM : Combobox_KeyUp, cashierDataGridView.CurrentCell.OwningColumn.Name  [productID]
[ADMIN] [8/1/2017 14:09] [PENJUALAN] CASHIER FORM : Combobox_previewKeyDown, cashierDataGridView.CurrentCell.OwningColumn.Name  [productID]
[ADMIN] [8/1/2017 14:09] [PENJUALAN] CASHIER FORM : cashierDataGridView_CellValueChanged [productID]
[ADMIN] [8/1/2017 14:09] [PENJUALAN] CASHIER FORM : Combobox_KeyUp, cashierDataGridView.CurrentCell.OwningColumn.Name  [productID]
[ADMIN] [8/1/2017 14:09] [PENJUALAN] CASHIER FORM : Combobox_KeyUp, cashierDataGridView.CurrentCell.OwningColumn.Name  [productID]
[ADMIN] [8/1/2017 14:09] [PENJUALAN] CASHIER FORM : Combobox_previewKeyDown, cashierDataGridView.CurrentCell.OwningColumn.Name  [productID]
[ADMIN] [8/1/2017 14:09] [PENJUALAN] CASHIER FORM : cashierDataGridView_CellValueChanged [productID]
[ADMIN] [8/1/2017 14:09] [PENJUALAN] CASHIER FORM : Combobox_KeyUp, cashierDataGridView.CurrentCell.OwningColumn.Name  [productID]
[ADMIN] [8/1/2017 14:09] [PENJUALAN] CASHIER FORM : Combobox_KeyUp, cashierDataGridView.CurrentCell.OwningColumn.Name  [productID]
[ADMIN] [8/1/2017 14:09] [PENJUALAN] CASHIER FORM : Combobox_previewKeyDown, cashierDataGridView.CurrentCell.OwningColumn.Name  [productID]
[ADMIN] [8/1/2017 14:09] [PENJUALAN] CASHIER FORM : cashierDataGridView_CellValueChanged [productID]
[ADMIN] [8/1/2017 14:09] [PENJUALAN] CASHIER FORM : Combobox_KeyUp, cashierDataGridView.CurrentCell.OwningColumn.Name  [productID]
[ADMIN] [8/1/2017 14:09] [PENJUALAN] CASHIER FORM : Combobox_KeyUp, cashierDataGridView.CurrentCell.OwningColumn.Name  [productID]
[ADMIN] [8/1/2017 14:09] [PENJUALAN] CASHIER FORM : Combobox_previewKeyDown, cashierDataGridView.CurrentCell.OwningColumn.Name  [productID]
[ADMIN] [8/1/2017 14:09] [PENJUALAN] CASHIER FORM : UNREGISTER HOTKEY
[ADMIN] [8/1/2017 14:09] [PENJUALAN] CASHIER FORM : ADD NEW ROW FROM BARCODE [PRIME CHOICE ADLT DOG 1 KG]
[ADMIN] [8/1/2017 14:09] [PENJUALAN] CASHIER FORM : updateSomeRowContents
[ADMIN] [8/1/2017 14:09] [PENJUALAN] CASHIER FORM : cashierDataGridView_CellValueChanged [productID]
[ADMIN] [8/1/2017 14:09] [PENJUALAN] CASHIER FORM : cashierDataGridView_CellValueChanged [productName]
[ADMIN] [8/1/2017 14:09] [PENJUALAN] CASHIER FORM : updateSomeRowContents
[ADMIN] [8/1/2017 14:09] [PENJUALAN] CASHIER FORM : PRODUCT PRICE TYPE [PRODUCT_BASE_PRICE]
[ADMIN] [8/1/2017 14:09] [PENJUALAN] CASHIER FORM : PRODUCT PRICE [15000]
[ADMIN] [8/1/2017 14:09] [PENJUALAN] CASHIER FORM : ComboBox_SelectedIndexChanged, PRODUCT_BASE_PRICE [15000]
[ADMIN] [8/1/2017 14:09] [PENJUALAN] CASHIER FORM : cashierDataGridView_CellValueChanged [hpp]
[ADMIN] [8/1/2017 14:09] [PENJUALAN] CASHIER FORM : PRODUCT PRICE TYPE [PRODUCT_RETAIL_PRICE]
[ADMIN] [8/1/2017 14:09] [PENJUALAN] CASHIER FORM : PRODUCT PRICE [32000]
[ADMIN] [8/1/2017 14:09] [PENJUALAN] CASHIER FORM : ComboBox_SelectedIndexChanged, PRODUCT_SALES_PRICE [32000]
[ADMIN] [8/1/2017 14:09] [PENJUALAN] CASHIER FORM : cashierDataGridView_CellValueChanged [productPrice]
[ADMIN] [8/1/2017 14:09] [PENJUALAN] CASHIER FORM : cashierDataGridView_CellValueChanged, previousInput [0]
[ADMIN] [8/1/2017 14:09] [PENJUALAN] CASHIER FORM : cashierDataGridView_CellValueChanged, cellValue [32000]
[ADMIN] [8/1/2017 14:09] [PENJUALAN] CASHIER FORM : cashierDataGridView_CellValueChanged, dataGridViewTextBoxEditingControl.Text pass REGEX Checking
[ADMIN] [8/1/2017 14:09] [PENJUALAN] CASHIER FORM : CALCULATE SUBTOTAL
[ADMIN] [8/1/2017 14:09] [PENJUALAN] CASHIER FORM : SUBTOTAL [0]
[ADMIN] [8/1/2017 14:09] [PENJUALAN] CASHIER FORM : cashierDataGridView_CellValueChanged, subtotal value [0]
[ADMIN] [8/1/2017 14:09] [PENJUALAN] CASHIER FORM : cashierDataGridView_CellValueChanged, attempt to calculate total value
[ADMIN] [8/1/2017 14:09] [PENJUALAN] CASHIER FORM : calculateTotal
[ADMIN] [8/1/2017 14:09] [PENJUALAN] CASHIER FORM : calculateTotal [64000]
[ADMIN] [8/1/2017 14:09] [PENJUALAN] CASHIER FORM : calculateTotal, totalAfterDisc [64000]
[ADMIN] [8/1/2017 14:09] [PENJUALAN] CASHIER FORM : calculateChangeValue, bayarTextBox.Text [0]
[ADMIN] [8/1/2017 14:09] [PENJUALAN] CASHIER FORM : calculateChangeValue, sisaBayar [0]
[ADMIN] [8/1/2017 14:09] [PENJUALAN] CASHIER FORM : cashierDataGridView_CellValueChanged [qty]
[ADMIN] [8/1/2017 14:09] [PENJUALAN] CASHIER FORM : cashierDataGridView_CellValueChanged, previousInput [0]
[ADMIN] [8/1/2017 14:09] [PENJUALAN] CASHIER FORM : cashierDataGridView_CellValueChanged [jumlah]
[ADMIN] [8/1/2017 14:09] [PENJUALAN] CASHIER FORM : calculateTotal
[ADMIN] [8/1/2017 14:09] [PENJUALAN] CASHIER FORM : calculateTotal [64000]
[ADMIN] [8/1/2017 14:09] [PENJUALAN] CASHIER FORM : calculateTotal, totalAfterDisc [64000]
[ADMIN] [8/1/2017 14:09] [PENJUALAN] CASHIER FORM : calculateChangeValue, bayarTextBox.Text [0]
[ADMIN] [8/1/2017 14:09] [PENJUALAN] CASHIER FORM : calculateChangeValue, sisaBayar [0]
[ADMIN] [8/1/2017 14:09] [PENJUALAN] CASHIER FORM : CHECK STOCK QTY IS ENOUGH [PRIME-AD1]
[ADMIN] [8/1/2017 14:09] [PENJUALAN] CASHIER FORM : CHECK STOCK QTY IS ENOUGH [34, 1]
[ADMIN] [8/1/2017 14:09] [PENJUALAN] CASHIER FORM : cashierDataGridView_CellValueChanged [qty]
[ADMIN] [8/1/2017 14:09] [PENJUALAN] CASHIER FORM : cashierDataGridView_CellValueChanged, previousInput [0]
[ADMIN] [8/1/2017 14:09] [PENJUALAN] CASHIER FORM : cashierDataGridView_CellValueChanged, cellValue [1]
[ADMIN] [8/1/2017 14:09] [PENJUALAN] CASHIER FORM : cashierDataGridView_CellValueChanged, dataGridViewTextBoxEditingControl.Text pass REGEX Checking
[ADMIN] [8/1/2017 14:09] [PENJUALAN] CASHIER FORM : CHECK STOCK QTY IS ENOUGH [PRIME-AD1]
[ADMIN] [8/1/2017 14:09] [PENJUALAN] CASHIER FORM : CHECK STOCK QTY IS ENOUGH [34, 1]
[ADMIN] [8/1/2017 14:09] [PENJUALAN] CASHIER FORM : CALCULATE SUBTOTAL
[ADMIN] [8/1/2017 14:09] [PENJUALAN] CASHIER FORM : SUBTOTAL [32000]
[ADMIN] [8/1/2017 14:09] [PENJUALAN] CASHIER FORM : cashierDataGridView_CellValueChanged, subtotal value [32000]
[ADMIN] [8/1/2017 14:09] [PENJUALAN] CASHIER FORM : cashierDataGridView_CellValueChanged, attempt to calculate total value
[ADMIN] [8/1/2017 14:09] [PENJUALAN] CASHIER FORM : calculateTotal
[ADMIN] [8/1/2017 14:09] [PENJUALAN] CASHIER FORM : calculateTotal [96000]
[ADMIN] [8/1/2017 14:09] [PENJUALAN] CASHIER FORM : calculateTotal, totalAfterDisc [96000]
[ADMIN] [8/1/2017 14:09] [PENJUALAN] CASHIER FORM : calculateChangeValue, bayarTextBox.Text [0]
[ADMIN] [8/1/2017 14:09] [PENJUALAN] CASHIER FORM : calculateChangeValue, sisaBayar [0]
[ADMIN] [8/1/2017 14:09] [PENJUALAN] CASHIER FORM : SET QTY TO 1 BECAUSE OF NEW ROW
[ADMIN] [8/1/2017 14:09] [PENJUALAN] CASHIER FORM : CALCULATE SUBTOTAL
[ADMIN] [8/1/2017 14:09] [PENJUALAN] CASHIER FORM : SUBTOTAL [32000]
[ADMIN] [8/1/2017 14:09] [PENJUALAN] CASHIER FORM : calculateTotal
[ADMIN] [8/1/2017 14:09] [PENJUALAN] CASHIER FORM : calculateTotal [96000]
[ADMIN] [8/1/2017 14:09] [PENJUALAN] CASHIER FORM : calculateTotal, totalAfterDisc [96000]
[ADMIN] [8/1/2017 14:09] [PENJUALAN] CASHIER FORM : calculateChangeValue, bayarTextBox.Text [0]
[ADMIN] [8/1/2017 14:09] [PENJUALAN] CASHIER FORM : calculateChangeValue, sisaBayar [0]
[ADMIN] [8/1/2017 14:09] [PENJUALAN] CASHIER FORM : UPDATE ROW NUMBER, TOTAL ROW [3]
[ADMIN] [8/1/2017 14:09] [PENJUALAN] CASHIER FORM : cashierDataGridView_CellValueChanged [F8]
[ADMIN] [8/1/2017 14:09] [PENJUALAN] CASHIER FORM : REGISTER HOTKEY
[ADMIN] [8/1/2017 14:09] [PENJUALAN] CASHIER FORM : cashierDataGridView_CellValueChanged [qty]
[ADMIN] [8/1/2017 14:09] [PENJUALAN] CASHIER FORM : cashierDataGridView_CellValueChanged, previousInput [1]
[ADMIN] [8/1/2017 14:09] [PENJUALAN] CASHIER FORM : cashierDataGridView_CellValueChanged, dataGridViewTextBoxEditingControl.Text pass REGEX Checking
[ADMIN] [8/1/2017 14:09] [PENJUALAN] CASHIER FORM : CHECK STOCK QTY IS ENOUGH [PRIME-AD1]
[ADMIN] [8/1/2017 14:09] [PENJUALAN] CASHIER FORM : CHECK STOCK QTY IS ENOUGH [34, 3]
[ADMIN] [8/1/2017 14:09] [PENJUALAN] CASHIER FORM : CALCULATE SUBTOTAL
[ADMIN] [8/1/2017 14:09] [PENJUALAN] CASHIER FORM : SUBTOTAL [96000]
[ADMIN] [8/1/2017 14:09] [PENJUALAN] CASHIER FORM : cashierDataGridView_CellValueChanged, subtotal value [96000]
[ADMIN] [8/1/2017 14:09] [PENJUALAN] CASHIER FORM : cashierDataGridView_CellValueChanged, attempt to calculate total value
[ADMIN] [8/1/2017 14:09] [PENJUALAN] CASHIER FORM : calculateTotal
[ADMIN] [8/1/2017 14:09] [PENJUALAN] CASHIER FORM : calculateTotal [160000]
[ADMIN] [8/1/2017 14:09] [PENJUALAN] CASHIER FORM : calculateTotal, totalAfterDisc [160000]
[ADMIN] [8/1/2017 14:09] [PENJUALAN] CASHIER FORM : calculateChangeValue, bayarTextBox.Text [0]
[ADMIN] [8/1/2017 14:09] [PENJUALAN] CASHIER FORM : calculateChangeValue, sisaBayar [0]
[ADMIN] [8/1/2017 14:09] [PENJUALAN] CASHIER FORM : Combobox_KeyUp, cashierDataGridView.CurrentCell.OwningColumn.Name  [qty]
[ADMIN] [8/1/2017 14:09] [PENJUALAN] CASHIER FORM : Combobox_KeyUp, cashierDataGridView.CurrentCell.OwningColumn.Name  [qty]
[ADMIN] [8/1/2017 14:09] [PENJUALAN] CASHIER FORM : calculateChangeValue, bayarTextBox.Text [10]
[ADMIN] [8/1/2017 14:09] [PENJUALAN] CASHIER FORM : calculateChangeValue, sisaBayar [0]
[ADMIN] [8/1/2017 14:09] [PENJUALAN] CASHIER FORM : calculateChangeValue, bayarTextBox.Text [101]
[ADMIN] [8/1/2017 14:09] [PENJUALAN] CASHIER FORM : calculateChangeValue, sisaBayar [0]
[ADMIN] [8/1/2017 14:09] [PENJUALAN] CASHIER FORM : calculateChangeValue, bayarTextBox.Text [1011]
[ADMIN] [8/1/2017 14:09] [PENJUALAN] CASHIER FORM : calculateChangeValue, sisaBayar [0]
[ADMIN] [8/1/2017 14:09] [PENJUALAN] CASHIER FORM : calculateChangeValue, bayarTextBox.Text [10111]
[ADMIN] [8/1/2017 14:09] [PENJUALAN] CASHIER FORM : calculateChangeValue, sisaBayar [0]
[ADMIN] [8/1/2017 14:09] [PENJUALAN] CASHIER FORM : calculateChangeValue, bayarTextBox.Text [101111]
[ADMIN] [8/1/2017 14:09] [PENJUALAN] CASHIER FORM : calculateChangeValue, sisaBayar [0]
[ADMIN] [8/1/2017 14:09] [PENJUALAN] CASHIER FORM : calculateChangeValue, bayarTextBox.Text [1011111]
[ADMIN] [8/1/2017 14:09] [PENJUALAN] CASHIER FORM : calculateChangeValue, sisaBayar [851111]
[ADMIN] [8/1/2017 14:09] [PENJUALAN] CASHIER FORM : HOTKEY TO SAVE AND PRINT OUT INVOICE PRESSED
[ADMIN] [8/1/2017 14:09] [PENJUALAN] CASHIER FORM : UNREGISTER HOTKEY
[ADMIN] [8/1/2017 14:09] [PENJUALAN] CASHIER FORM : REGISTER HOTKEY
[ADMIN] [8/1/2017 14:09] [PENJUALAN] ATTEMPT TO SAVE AND PRINT OUT INVOICE
[ADMIN] [8/1/2017 14:09] [PENJUALAN] CASHIER FORM : UNREGISTER HOTKEY
[ADMIN] [8/1/2017 14:09] [PENJUALAN] CASHIER FORM : REGISTER HOTKEY
[ADMIN] [8/1/2017 14:09] [PENJUALAN] CASHIER FORM : CHECK STOCK QTY IS ENOUGH [PRIME-AD1]
[ADMIN] [8/1/2017 14:09] [PENJUALAN] CASHIER FORM : CHECK STOCK QTY IS ENOUGH [34, 5]
[ADMIN] [8/1/2017 14:09] [PENJUALAN] CASHIER FORM : UNREGISTER HOTKEY
[ADMIN] [8/1/2017 14:09] [PENJUALAN] CASHIER FORM : ATTEMPT TO SAVE SALES DATA [01-08-2017 14:09]
[ADMIN] [8/1/2017 14:09] [PENJUALAN] CASHIER FORM : SALES DISC FINAL [0]
[ADMIN] [8/1/2017 14:09] [PENJUALAN] CASHIER FORM : CASH SALES
[ADMIN] [8/1/2017 14:09] [PENJUALAN] CHECK IF TAX LIMIT SET FOR PERCENTAGE PURCHASE [0]
[ADMIN] [8/1/2017 14:09] [PENJUALAN] CHECK IF TAX LIMIT SET FOR AVERAGE DAILY PURCHASE [0]
[ADMIN] [8/1/2017 14:09] [PENJUALAN] CASHIER FORM : NO FAKTUR [SLO001]
[ADMIN] [8/1/2017 14:09] [PENJUALAN] CASHIER FORM : MAX SALES INVOICE [4921]
[ADMIN] [8/1/2017 14:09] [PENJUALAN] CASHIER FORM : SALES INVOICE [SLO001-4922]
[ADMIN] [8/1/2017 14:09] [PENJUALAN] INSERT INTO SALES HEADER [SLO001-4922]
[ADMIN] [8/1/2017 14:09] [PENJUALAN] INSERT INTO SALES DETAIL[PRIME-AD1, 32000, 2]
[ADMIN] [8/1/2017 14:09] [PENJUALAN] INSERT INTO SALES DETAIL[PRIME-AD1, 32000, 3]
[ADMIN] [8/1/2017 14:09] [PENJUALAN] INSERT TO CREDIT TABLE [SLO001-4922]
[ADMIN] [8/1/2017 14:09] [PENJUALAN] INSERT TO DAILY JOURNAL TABLE [160000]
[ADMIN] [8/1/2017 14:09] [PENJUALAN] REDUCE STOCK AT MASTER PRODUCT [PRIME-AD1]
[ADMIN] [8/1/2017 14:09] [PENJUALAN] REDUCE STOCK AT PRODUCT_EXPIRY LOT [4119]
[ADMIN] [8/1/2017 14:09] [PENJUALAN] SAVE PRODUCT LOT INFORMATION FOR EACH ITEM AND AMOUNT
[ADMIN] [8/1/2017 14:09] [PENJUALAN] CASHIER FORM : REGISTER HOTKEY
[ADMIN] [8/1/2017 14:09] [PENJUALAN] TRANSACTION SAVED
[ADMIN] [8/1/2017 14:09] [PENJUALAN] CASHIER FORM : UNREGISTER HOTKEY
[ADMIN] [8/1/2017 14:09] [PENJUALAN] CASHIER FORM : REGISTER HOTKEY
[ADMIN] [8/1/2017 14:09] [PENJUALAN] CASHIER FORM : UPDATE ROW NUMBER, TOTAL ROW [1]
[ADMIN] [8/1/2017 14:09] [PENJUALAN] CASHIER FORM : UPDATE ROW NUMBER, TOTAL ROW [1]
[ADMIN] [8/1/2017 14:09] [PENJUALAN] CASHIER FORM : cashierDataGridView_CellValueChanged [F8]
[ADMIN] [8/1/2017 14:09] [PENJUALAN] CASHIER FORM : loadNoFaktur, noFakturValue [SLO001]
[ADMIN] [8/1/2017 14:09] [PENJUALAN] CASHIER FORM : UNREGISTER HOTKEY
[ADMIN] [8/1/2017 14:09] [PENJUALAN] CASHIER FORM : UNREGISTER HOTKEY
[ADMIN] [8/1/2017 14:09] [TAMBAH / UPDATE PRODUK] DETAIL PRODUK : detailGridView_CellValueChanged [status]
[ADMIN] [8/1/2017 14:09] [TAMBAH / UPDATE PRODUK] DETAIL PRODUK : detailGridView_CellValueChanged [status]
[ADMIN] [8/1/2017 14:09] [TAMBAH / UPDATE PRODUK] DETAIL PRODUK : detailGridView_CellValueChanged [status]
[ADMIN] [8/1/2017 14:09] [TAMBAH / UPDATE PRODUK] DETAIL PRODUK : detailGridView_CellValueChanged [status]
[ADMIN] [8/1/2017 14:09] [TAMBAH / UPDATE PRODUK] DETAIL PRODUK : detailGridView_CellValueChanged [status]
[ADMIN] [8/1/2017 14:09] [TAMBAH / UPDATE PRODUK] DETAIL PRODUK : detailGridView_CellValueChanged [status]
[ADMIN] [8/1/2017 14:09] [TAMBAH / UPDATE PRODUK] UPDATE PRODUCT EXPIRY [2293]
[ADMIN] [8/1/2017 14:09] [TAMBAH / UPDATE PRODUK] UPDATE PRODUCT EXPIRY [3333]
[ADMIN] [8/1/2017 14:09] [TAMBAH / UPDATE PRODUK] UPDATE PRODUCT EXPIRY [4119]
[ADMIN] [8/1/2017 14:09] [TAMBAH / UPDATE PRODUK] UPDATE PRODUCT EXPIRY [4907]
[ADMIN] [8/1/2017 14:09] [TAMBAH / UPDATE PRODUK] UPDATE CURRENT PRODUCT DATA [PRIME-AD1]
[ADMIN] [8/1/2017 14:09] [TAMBAH / UPDATE PRODUK] UPDATE PRODUCT CATEGORY FOR [PRIME-AD1]
[ADMIN] [8/1/2017 14:09] [TAMBAH / UPDATE PRODUK] DELETE CURRENT PRODUCT CATEGORY FOR [PRIME-AD1]
[ADMIN] [8/1/2017 14:09] [TAMBAH / UPDATE PRODUK] INSERT PRODUCT CATEGORY FOR [PRIME-AD1]
[ADMIN] [8/1/2017 14:10] [] USER ID = 1LOGOUT
