[] [6/9/2017 23:52] [] USER = ADMIN IS ACTIVE
[ADMIN] [6/9/2017 23:52] [] USER ID = 1 LOGIN SUCCESSFULLY
[ADMIN] [6/9/2017 23:52] [] ACTIVATE USER ACCESS RIGHT
[ADMIN] [6/9/2017 23:52] [] DISPLAY ADMIN FORM
[ADMIN] [6/9/2017 23:52] [] adminForm Load
[ADMIN] [6/9/2017 23:52] [] ACTIVATE USER ACCESS RIGHT
[ADMIN] [6/9/2017 23:52] [PENJUALAN] CASHIER FORM : MULTIPLE CASHIER INSTANCE [1]
[ADMIN] [6/9/2017 23:52] [PENJUALAN] CASHIER FORM : REGISTER HOTKEY
[ADMIN] [6/9/2017 23:52] [PENJUALAN] CASHIER FORM : cashierForm_Load, ATTEMPT TO LOAD NO FAKTUR
[ADMIN] [6/9/2017 23:52] [PENJUALAN] CASHIER FORM : loadNoFaktur, noFakturValue [SLO001]
[ADMIN] [6/9/2017 23:52] [PENJUALAN] CASHIER FORM : cashierForm_Load, ATTEMPT TO addColumnToDataGrid
[ADMIN] [6/9/2017 23:52] [PENJUALAN] CASHIER FORM : UPDATE ROW NUMBER, TOTAL ROW [1]
[ADMIN] [6/9/2017 23:52] [PENJUALAN] CASHIER FORM : REGISTER HOTKEY
[ADMIN] [6/9/2017 23:52] [PENJUALAN] CASHIER FORM : UNREGISTER HOTKEY
[ADMIN] [6/9/2017 23:52] [PENJUALAN] CASHIER FORM : REGISTER HOTKEY
[ADMIN] [6/9/2017 23:52] [PENJUALAN] CASHIER FORM : Combobox_previewKeyDown, cashierDataGridView.CurrentCell.OwningColumn.Name  [productID]
[ADMIN] [6/9/2017 23:52] [PENJUALAN] CASHIER FORM : UNREGISTER HOTKEY
[ADMIN] [6/9/2017 23:52] [TAMBAH / UPDATE PRODUK] DETAIL PRODUK : detailGridView_CellValueChanged [status]
[ADMIN] [6/9/2017 23:52] [TAMBAH / UPDATE PRODUK] DETAIL PRODUK : detailGridView_CellValueChanged [status]
[ADMIN] [6/9/2017 23:52] [TAMBAH / UPDATE PRODUK] DETAIL PRODUK : detailGridView_CellValueChanged [status]
[ADMIN] [6/9/2017 23:52] [TAMBAH / UPDATE PRODUK] DETAIL PRODUK : detailGridView_CellValueChanged [status]
[ADMIN] [6/9/2017 23:52] [TAMBAH / UPDATE PRODUK] UPDATE PRODUCT EXPIRY [2959]
[ADMIN] [6/9/2017 23:52] [TAMBAH / UPDATE PRODUK] UPDATE PRODUCT EXPIRY [3291]
[ADMIN] [6/9/2017 23:52] [TAMBAH / UPDATE PRODUK] UPDATE PRODUCT EXPIRY [4097]
[ADMIN] [6/9/2017 23:52] [TAMBAH / UPDATE PRODUK] UPDATE CURRENT PRODUCT DATA [ECO-PM1]
[ADMIN] [6/9/2017 23:52] [TAMBAH / UPDATE PRODUK] UPDATE PRODUCT CATEGORY FOR [ECO-PM1]
[ADMIN] [6/9/2017 23:52] [TAMBAH / UPDATE PRODUK] DELETE CURRENT PRODUCT CATEGORY FOR [ECO-PM1]
[ADMIN] [6/9/2017 23:52] [TAMBAH / UPDATE PRODUK] INSERT PRODUCT CATEGORY FOR [ECO-PM1]
[ADMIN] [6/9/2017 23:53] [PENJUALAN] CASHIER FORM : REGISTER HOTKEY
[ADMIN] [6/9/2017 23:53] [PENJUALAN] CASHIER FORM : UNREGISTER HOTKEY
[ADMIN] [6/9/2017 23:53] [PENJUALAN] CASHIER FORM : REGISTER HOTKEY
[ADMIN] [6/9/2017 23:53] [PENJUALAN] CASHIER FORM : UNREGISTER HOTKEY
[ADMIN] [6/9/2017 23:53] [PENJUALAN] CASHIER FORM : REGISTER HOTKEY
[ADMIN] [6/9/2017 23:53] [PENJUALAN] CASHIER FORM : Combobox_previewKeyDown, cashierDataGridView.CurrentCell.OwningColumn.Name  [productID]
[ADMIN] [6/9/2017 23:53] [PENJUALAN] CASHIER FORM : UPDATE ROW NUMBER, TOTAL ROW [2]
[ADMIN] [6/9/2017 23:53] [PENJUALAN] CASHIER FORM : cashierDataGridView_CellValueChanged [F8]
[ADMIN] [6/9/2017 23:53] [PENJUALAN] CASHIER FORM : cashierDataGridView_CellValueChanged [productID]
[ADMIN] [6/9/2017 23:53] [PENJUALAN] CASHIER FORM : Combobox_KeyUp, cashierDataGridView.CurrentCell.OwningColumn.Name  [productID]
[ADMIN] [6/9/2017 23:53] [PENJUALAN] CASHIER FORM : Combobox_previewKeyDown, cashierDataGridView.CurrentCell.OwningColumn.Name  [productID]
[ADMIN] [6/9/2017 23:53] [PENJUALAN] CASHIER FORM : cashierDataGridView_CellValueChanged [productID]
[ADMIN] [6/9/2017 23:53] [PENJUALAN] CASHIER FORM : Combobox_KeyUp, cashierDataGridView.CurrentCell.OwningColumn.Name  [productID]
[ADMIN] [6/9/2017 23:53] [PENJUALAN] CASHIER FORM : Combobox_previewKeyDown, cashierDataGridView.CurrentCell.OwningColumn.Name  [productID]
[ADMIN] [6/9/2017 23:53] [PENJUALAN] CASHIER FORM : cashierDataGridView_CellValueChanged [productID]
[ADMIN] [6/9/2017 23:53] [PENJUALAN] CASHIER FORM : Combobox_KeyUp, cashierDataGridView.CurrentCell.OwningColumn.Name  [productID]
[ADMIN] [6/9/2017 23:53] [PENJUALAN] CASHIER FORM : Combobox_previewKeyDown, cashierDataGridView.CurrentCell.OwningColumn.Name  [productID]
[ADMIN] [6/9/2017 23:53] [PENJUALAN] CASHIER FORM : cashierDataGridView_CellValueChanged [productID]
[ADMIN] [6/9/2017 23:53] [PENJUALAN] CASHIER FORM : Combobox_previewKeyDown, cashierDataGridView.CurrentCell.OwningColumn.Name  [productID]
[ADMIN] [6/9/2017 23:53] [PENJUALAN] CASHIER FORM : cashierDataGridView_CellValueChanged [productID]
[ADMIN] [6/9/2017 23:53] [PENJUALAN] CASHIER FORM : Combobox_KeyUp, cashierDataGridView.CurrentCell.OwningColumn.Name  [productID]
[ADMIN] [6/9/2017 23:53] [PENJUALAN] CASHIER FORM : Combobox_KeyUp, cashierDataGridView.CurrentCell.OwningColumn.Name  [productID]
[ADMIN] [6/9/2017 23:53] [PENJUALAN] CASHIER FORM : Combobox_previewKeyDown, cashierDataGridView.CurrentCell.OwningColumn.Name  [productID]
[ADMIN] [6/9/2017 23:53] [PENJUALAN] CASHIER FORM : cashierDataGridView_CellValueChanged [productID]
[ADMIN] [6/9/2017 23:53] [PENJUALAN] CASHIER FORM : Combobox_KeyUp, cashierDataGridView.CurrentCell.OwningColumn.Name  [productID]
[ADMIN] [6/9/2017 23:53] [PENJUALAN] CASHIER FORM : Combobox_previewKeyDown, cashierDataGridView.CurrentCell.OwningColumn.Name  [productID]
[ADMIN] [6/9/2017 23:53] [PENJUALAN] CASHIER FORM : Combobox_KeyUp, cashierDataGridView.CurrentCell.OwningColumn.Name  [productID]
[ADMIN] [6/9/2017 23:53] [PENJUALAN] CASHIER FORM : Combobox_previewKeyDown, cashierDataGridView.CurrentCell.OwningColumn.Name  [productID]
[ADMIN] [6/9/2017 23:53] [PENJUALAN] CASHIER FORM : UNREGISTER HOTKEY
[ADMIN] [6/9/2017 23:54] [PENJUALAN] CASHIER FORM : REGISTER HOTKEY
[ADMIN] [6/9/2017 23:54] [PENJUALAN] CASHIER FORM : UNREGISTER HOTKEY
[ADMIN] [6/9/2017 23:54] [PENJUALAN] CASHIER FORM : REGISTER HOTKEY
[ADMIN] [6/9/2017 23:54] [PENJUALAN] CASHIER FORM : UNREGISTER HOTKEY
[ADMIN] [6/9/2017 23:56] [PENJUALAN] CASHIER FORM : REGISTER HOTKEY
[ADMIN] [6/9/2017 23:56] [PENJUALAN] CASHIER FORM : Combobox_previewKeyDown, cashierDataGridView.CurrentCell.OwningColumn.Name  [productID]
[ADMIN] [6/9/2017 23:56] [PENJUALAN] CASHIER FORM : cashierDataGridView_CellValueChanged [productID]
[ADMIN] [6/9/2017 23:56] [PENJUALAN] CASHIER FORM : Combobox_KeyUp, cashierDataGridView.CurrentCell.OwningColumn.Name  [productID]
[ADMIN] [6/9/2017 23:56] [PENJUALAN] CASHIER FORM : Combobox_KeyUp, cashierDataGridView.CurrentCell.OwningColumn.Name  [productID]
[ADMIN] [6/9/2017 23:56] [PENJUALAN] CASHIER FORM : Combobox_KeyUp, cashierDataGridView.CurrentCell.OwningColumn.Name  [productID]
[ADMIN] [6/9/2017 23:56] [PENJUALAN] CASHIER FORM : Combobox_previewKeyDown, cashierDataGridView.CurrentCell.OwningColumn.Name  [productID]
[ADMIN] [6/9/2017 23:56] [PENJUALAN] CASHIER FORM : cashierDataGridView_CellValueChanged [productID]
[ADMIN] [6/9/2017 23:56] [PENJUALAN] CASHIER FORM : Combobox_KeyUp, cashierDataGridView.CurrentCell.OwningColumn.Name  [productID]
[ADMIN] [6/9/2017 23:56] [PENJUALAN] CASHIER FORM : Combobox_KeyUp, cashierDataGridView.CurrentCell.OwningColumn.Name  [productID]
[ADMIN] [6/9/2017 23:56] [PENJUALAN] CASHIER FORM : Combobox_KeyUp, cashierDataGridView.CurrentCell.OwningColumn.Name  [productID]
[ADMIN] [6/9/2017 23:56] [PENJUALAN] CASHIER FORM : Combobox_previewKeyDown, cashierDataGridView.CurrentCell.OwningColumn.Name  [productID]
[ADMIN] [6/9/2017 23:56] [PENJUALAN] CASHIER FORM : cashierDataGridView_CellValueChanged [productID]
[ADMIN] [6/9/2017 23:56] [PENJUALAN] CASHIER FORM : Combobox_KeyUp, cashierDataGridView.CurrentCell.OwningColumn.Name  [productID]
[ADMIN] [6/9/2017 23:56] [PENJUALAN] CASHIER FORM : Combobox_KeyUp, cashierDataGridView.CurrentCell.OwningColumn.Name  [productID]
[ADMIN] [6/9/2017 23:56] [PENJUALAN] CASHIER FORM : Combobox_KeyUp, cashierDataGridView.CurrentCell.OwningColumn.Name  [productID]
[ADMIN] [6/9/2017 23:56] [PENJUALAN] CASHIER FORM : Combobox_previewKeyDown, cashierDataGridView.CurrentCell.OwningColumn.Name  [productID]
[ADMIN] [6/9/2017 23:56] [PENJUALAN] CASHIER FORM : UNREGISTER HOTKEY
[ADMIN] [6/9/2017 23:56] [PENJUALAN] CASHIER FORM : ADD NEW ROW FROM BARCODE [ECOPET PUPPY MINI 1 KG]
[ADMIN] [6/9/2017 23:56] [PENJUALAN] CASHIER FORM : updateSomeRowContents
[ADMIN] [6/9/2017 23:56] [PENJUALAN] CASHIER FORM : cashierDataGridView_CellValueChanged [productID]
[ADMIN] [6/9/2017 23:56] [PENJUALAN] CASHIER FORM : cashierDataGridView_CellValueChanged [productName]
[ADMIN] [6/9/2017 23:56] [PENJUALAN] CASHIER FORM : updateSomeRowContents
[ADMIN] [6/9/2017 23:56] [PENJUALAN] CASHIER FORM : PRODUCT PRICE TYPE [PRODUCT_BASE_PRICE]
[ADMIN] [6/9/2017 23:56] [PENJUALAN] CASHIER FORM : PRODUCT PRICE [33700]
[ADMIN] [6/9/2017 23:56] [PENJUALAN] CASHIER FORM : ComboBox_SelectedIndexChanged, PRODUCT_BASE_PRICE [33700]
[ADMIN] [6/9/2017 23:56] [PENJUALAN] CASHIER FORM : cashierDataGridView_CellValueChanged [hpp]
[ADMIN] [6/9/2017 23:56] [PENJUALAN] CASHIER FORM : PRODUCT PRICE TYPE [PRODUCT_RETAIL_PRICE]
[ADMIN] [6/9/2017 23:56] [PENJUALAN] CASHIER FORM : PRODUCT PRICE [53000]
[ADMIN] [6/9/2017 23:56] [PENJUALAN] CASHIER FORM : ComboBox_SelectedIndexChanged, PRODUCT_SALES_PRICE [53000]
[ADMIN] [6/9/2017 23:56] [PENJUALAN] CASHIER FORM : cashierDataGridView_CellValueChanged [productPrice]
[ADMIN] [6/9/2017 23:56] [PENJUALAN] CASHIER FORM : cashierDataGridView_CellValueChanged, previousInput [0]
[ADMIN] [6/9/2017 23:56] [PENJUALAN] CASHIER FORM : cashierDataGridView_CellValueChanged, cellValue [53000]
[ADMIN] [6/9/2017 23:56] [PENJUALAN] CASHIER FORM : cashierDataGridView_CellValueChanged, dataGridViewTextBoxEditingControl.Text pass REGEX Checking
[ADMIN] [6/9/2017 23:56] [PENJUALAN] CASHIER FORM : CALCULATE SUBTOTAL
[ADMIN] [6/9/2017 23:56] [PENJUALAN] CASHIER FORM : SUBTOTAL [0]
[ADMIN] [6/9/2017 23:56] [PENJUALAN] CASHIER FORM : cashierDataGridView_CellValueChanged, subtotal value [0]
[ADMIN] [6/9/2017 23:56] [PENJUALAN] CASHIER FORM : cashierDataGridView_CellValueChanged, attempt to calculate total value
[ADMIN] [6/9/2017 23:56] [PENJUALAN] CASHIER FORM : calculateTotal
[ADMIN] [6/9/2017 23:56] [PENJUALAN] CASHIER FORM : calculateTotal [0]
[ADMIN] [6/9/2017 23:56] [PENJUALAN] CASHIER FORM : calculateTotal, totalAfterDisc [0]
[ADMIN] [6/9/2017 23:56] [PENJUALAN] CASHIER FORM : calculateChangeValue, bayarTextBox.Text [0]
[ADMIN] [6/9/2017 23:56] [PENJUALAN] CASHIER FORM : calculateChangeValue, sisaBayar [0]
[ADMIN] [6/9/2017 23:56] [PENJUALAN] CASHIER FORM : cashierDataGridView_CellValueChanged [qty]
[ADMIN] [6/9/2017 23:56] [PENJUALAN] CASHIER FORM : cashierDataGridView_CellValueChanged, previousInput [0]
[ADMIN] [6/9/2017 23:56] [PENJUALAN] CASHIER FORM : cashierDataGridView_CellValueChanged [jumlah]
[ADMIN] [6/9/2017 23:56] [PENJUALAN] CASHIER FORM : calculateTotal
[ADMIN] [6/9/2017 23:56] [PENJUALAN] CASHIER FORM : calculateTotal [0]
[ADMIN] [6/9/2017 23:56] [PENJUALAN] CASHIER FORM : calculateTotal, totalAfterDisc [0]
[ADMIN] [6/9/2017 23:56] [PENJUALAN] CASHIER FORM : calculateChangeValue, bayarTextBox.Text [0]
[ADMIN] [6/9/2017 23:56] [PENJUALAN] CASHIER FORM : calculateChangeValue, sisaBayar [0]
[ADMIN] [6/9/2017 23:56] [PENJUALAN] CASHIER FORM : CHECK STOCK QTY IS ENOUGH [ECO-PM1]
[ADMIN] [6/9/2017 23:56] [PENJUALAN] CASHIER FORM : CHECK STOCK QTY IS ENOUGH [11, 1]
[ADMIN] [6/9/2017 23:56] [PENJUALAN] CASHIER FORM : cashierDataGridView_CellValueChanged [qty]
[ADMIN] [6/9/2017 23:56] [PENJUALAN] CASHIER FORM : cashierDataGridView_CellValueChanged, previousInput [0]
[ADMIN] [6/9/2017 23:56] [PENJUALAN] CASHIER FORM : cashierDataGridView_CellValueChanged, cellValue [1]
[ADMIN] [6/9/2017 23:56] [PENJUALAN] CASHIER FORM : cashierDataGridView_CellValueChanged, dataGridViewTextBoxEditingControl.Text pass REGEX Checking
[ADMIN] [6/9/2017 23:56] [PENJUALAN] CASHIER FORM : CHECK STOCK QTY IS ENOUGH [ECO-PM1]
[ADMIN] [6/9/2017 23:56] [PENJUALAN] CASHIER FORM : CHECK STOCK QTY IS ENOUGH [11, 1]
[ADMIN] [6/9/2017 23:56] [PENJUALAN] CASHIER FORM : CALCULATE SUBTOTAL
[ADMIN] [6/9/2017 23:56] [PENJUALAN] CASHIER FORM : SUBTOTAL [53000]
[ADMIN] [6/9/2017 23:56] [PENJUALAN] CASHIER FORM : cashierDataGridView_CellValueChanged, subtotal value [53000]
[ADMIN] [6/9/2017 23:56] [PENJUALAN] CASHIER FORM : cashierDataGridView_CellValueChanged, attempt to calculate total value
[ADMIN] [6/9/2017 23:56] [PENJUALAN] CASHIER FORM : calculateTotal
[ADMIN] [6/9/2017 23:56] [PENJUALAN] CASHIER FORM : calculateTotal [53000]
[ADMIN] [6/9/2017 23:56] [PENJUALAN] CASHIER FORM : calculateTotal, totalAfterDisc [53000]
[ADMIN] [6/9/2017 23:56] [PENJUALAN] CASHIER FORM : calculateChangeValue, bayarTextBox.Text [0]
[ADMIN] [6/9/2017 23:56] [PENJUALAN] CASHIER FORM : calculateChangeValue, sisaBayar [0]
[ADMIN] [6/9/2017 23:56] [PENJUALAN] CASHIER FORM : SET QTY TO 1 BECAUSE OF NEW ROW
[ADMIN] [6/9/2017 23:56] [PENJUALAN] CASHIER FORM : CALCULATE SUBTOTAL
[ADMIN] [6/9/2017 23:56] [PENJUALAN] CASHIER FORM : SUBTOTAL [53000]
[ADMIN] [6/9/2017 23:56] [PENJUALAN] CASHIER FORM : calculateTotal
[ADMIN] [6/9/2017 23:56] [PENJUALAN] CASHIER FORM : calculateTotal [53000]
[ADMIN] [6/9/2017 23:56] [PENJUALAN] CASHIER FORM : calculateTotal, totalAfterDisc [53000]
[ADMIN] [6/9/2017 23:56] [PENJUALAN] CASHIER FORM : calculateChangeValue, bayarTextBox.Text [0]
[ADMIN] [6/9/2017 23:56] [PENJUALAN] CASHIER FORM : calculateChangeValue, sisaBayar [0]
[ADMIN] [6/9/2017 23:56] [PENJUALAN] CASHIER FORM : UPDATE ROW NUMBER, TOTAL ROW [2]
[ADMIN] [6/9/2017 23:56] [PENJUALAN] CASHIER FORM : cashierDataGridView_CellValueChanged [F8]
[ADMIN] [6/9/2017 23:56] [PENJUALAN] CASHIER FORM : REGISTER HOTKEY
[ADMIN] [6/9/2017 23:57] [PENJUALAN] CASHIER FORM : cashierDataGridView_CellValueChanged [qty]
[ADMIN] [6/9/2017 23:57] [PENJUALAN] CASHIER FORM : cashierDataGridView_CellValueChanged, previousInput [1]
[ADMIN] [6/9/2017 23:57] [PENJUALAN] CASHIER FORM : cashierDataGridView_CellValueChanged, dataGridViewTextBoxEditingControl.Text pass REGEX Checking
[ADMIN] [6/9/2017 23:57] [PENJUALAN] CASHIER FORM : CHECK STOCK QTY IS ENOUGH [ECO-PM1]
[ADMIN] [6/9/2017 23:57] [PENJUALAN] CASHIER FORM : CHECK STOCK QTY IS ENOUGH [11, 5]
[ADMIN] [6/9/2017 23:57] [PENJUALAN] CASHIER FORM : CALCULATE SUBTOTAL
[ADMIN] [6/9/2017 23:57] [PENJUALAN] CASHIER FORM : SUBTOTAL [265000]
[ADMIN] [6/9/2017 23:57] [PENJUALAN] CASHIER FORM : cashierDataGridView_CellValueChanged, subtotal value [265000]
[ADMIN] [6/9/2017 23:57] [PENJUALAN] CASHIER FORM : cashierDataGridView_CellValueChanged, attempt to calculate total value
[ADMIN] [6/9/2017 23:57] [PENJUALAN] CASHIER FORM : calculateTotal
[ADMIN] [6/9/2017 23:57] [PENJUALAN] CASHIER FORM : calculateTotal [265000]
[ADMIN] [6/9/2017 23:57] [PENJUALAN] CASHIER FORM : calculateTotal, totalAfterDisc [265000]
[ADMIN] [6/9/2017 23:57] [PENJUALAN] CASHIER FORM : calculateChangeValue, bayarTextBox.Text [0]
[ADMIN] [6/9/2017 23:57] [PENJUALAN] CASHIER FORM : calculateChangeValue, sisaBayar [0]
[ADMIN] [6/9/2017 23:57] [PENJUALAN] CASHIER FORM : Combobox_KeyUp, cashierDataGridView.CurrentCell.OwningColumn.Name  [qty]
[ADMIN] [6/9/2017 23:57] [PENJUALAN] CASHIER FORM : Combobox_KeyUp, cashierDataGridView.CurrentCell.OwningColumn.Name  [qty]
[ADMIN] [6/9/2017 23:57] [PENJUALAN] CASHIER FORM : Combobox_KeyUp, cashierDataGridView.CurrentCell.OwningColumn.Name  [qty]
[ADMIN] [6/9/2017 23:57] [PENJUALAN] CASHIER FORM : calculateChangeValue, bayarTextBox.Text [20]
[ADMIN] [6/9/2017 23:57] [PENJUALAN] CASHIER FORM : calculateChangeValue, sisaBayar [0]
[ADMIN] [6/9/2017 23:57] [PENJUALAN] CASHIER FORM : calculateChangeValue, bayarTextBox.Text [206]
[ADMIN] [6/9/2017 23:57] [PENJUALAN] CASHIER FORM : calculateChangeValue, sisaBayar [0]
[ADMIN] [6/9/2017 23:57] [PENJUALAN] CASHIER FORM : calculateChangeValue, bayarTextBox.Text [2065]
[ADMIN] [6/9/2017 23:57] [PENJUALAN] CASHIER FORM : calculateChangeValue, sisaBayar [0]
[ADMIN] [6/9/2017 23:57] [PENJUALAN] CASHIER FORM : calculateChangeValue, bayarTextBox.Text [20650]
[ADMIN] [6/9/2017 23:57] [PENJUALAN] CASHIER FORM : calculateChangeValue, sisaBayar [0]
[ADMIN] [6/9/2017 23:57] [PENJUALAN] CASHIER FORM : calculateChangeValue, bayarTextBox.Text [206500]
[ADMIN] [6/9/2017 23:57] [PENJUALAN] CASHIER FORM : calculateChangeValue, sisaBayar [0]
[ADMIN] [6/9/2017 23:57] [PENJUALAN] CASHIER FORM : calculateChangeValue, bayarTextBox.Text [2065000]
[ADMIN] [6/9/2017 23:57] [PENJUALAN] CASHIER FORM : calculateChangeValue, sisaBayar [1800000]
[ADMIN] [6/9/2017 23:57] [PENJUALAN] CASHIER FORM : HOTKEY TO SAVE AND PRINT OUT INVOICE PRESSED
[ADMIN] [6/9/2017 23:57] [PENJUALAN] CASHIER FORM : UNREGISTER HOTKEY
[ADMIN] [6/9/2017 23:57] [PENJUALAN] CASHIER FORM : REGISTER HOTKEY
[ADMIN] [6/9/2017 23:57] [PENJUALAN] ATTEMPT TO SAVE AND PRINT OUT INVOICE
[ADMIN] [6/9/2017 23:57] [PENJUALAN] CASHIER FORM : UNREGISTER HOTKEY
[ADMIN] [6/9/2017 23:57] [PENJUALAN] CASHIER FORM : REGISTER HOTKEY
[ADMIN] [6/9/2017 23:57] [PENJUALAN] CASHIER FORM : CHECK STOCK QTY IS ENOUGH [ECO-PM1]
[ADMIN] [6/9/2017 23:57] [PENJUALAN] CASHIER FORM : CHECK STOCK QTY IS ENOUGH [11, 5]
[ADMIN] [6/9/2017 23:57] [PENJUALAN] CASHIER FORM : UNREGISTER HOTKEY
[ADMIN] [6/9/2017 23:57] [PENJUALAN] CASHIER FORM : ATTEMPT TO SAVE SALES DATA [09-06-2017 23:57]
[ADMIN] [6/9/2017 23:57] [PENJUALAN] CASHIER FORM : SALES DISC FINAL [0]
[ADMIN] [6/9/2017 23:57] [PENJUALAN] CASHIER FORM : CASH SALES
[ADMIN] [6/9/2017 23:57] [PENJUALAN] CHECK IF TAX LIMIT SET FOR PERCENTAGE PURCHASE [0]
[ADMIN] [6/9/2017 23:57] [PENJUALAN] CHECK IF TAX LIMIT SET FOR AVERAGE DAILY PURCHASE [0]
[ADMIN] [6/9/2017 23:57] [PENJUALAN] CASHIER FORM : NO FAKTUR [SLO001]
[ADMIN] [6/9/2017 23:57] [PENJUALAN] CASHIER FORM : MAX SALES INVOICE [1222]
[ADMIN] [6/9/2017 23:57] [PENJUALAN] CASHIER FORM : SALES INVOICE [SLO001-1223]
[ADMIN] [6/9/2017 23:57] [PENJUALAN] INSERT INTO SALES HEADER [SLO001-1223]
[ADMIN] [6/9/2017 23:57] [PENJUALAN] INSERT INTO SALES DETAIL[ECO-PM1, 53000, 5]
[ADMIN] [6/9/2017 23:57] [PENJUALAN] REDUCE STOCK AT MASTER PRODUCT [ECO-PM1]
[ADMIN] [6/9/2017 23:57] [PENJUALAN] REDUCE STOCK AT PRODUCT_EXPIRY LOT [4097]
[ADMIN] [6/9/2017 23:57] [PENJUALAN] SAVE PRODUCT LOT INFORMATION FOR EACH ITEM AND AMOUNT
[ADMIN] [6/9/2017 23:57] [PENJUALAN] INSERT TO CREDIT TABLE [SLO001-1223]
[ADMIN] [6/9/2017 23:57] [PENJUALAN] INSERT TO DAILY JOURNAL TABLE [265000]
[ADMIN] [6/9/2017 23:57] [PENJUALAN] TRANSACTION SAVED
[ADMIN] [6/9/2017 23:57] [PENJUALAN] PRINT OUT INVOICE
[ADMIN] [6/9/2017 23:57] [PENJUALAN] CASHIER FORM : PrintReceipt
[ADMIN] [6/9/2017 23:57] [PENJUALAN] CASHIER FORM : PrintReceipt, POS size Paper
[ADMIN] [6/9/2017 23:57] [PENJUALAN] CASHIER FORM : loadInfoToko
[ADMIN] [6/9/2017 23:57] [PENJUALAN] CASHIER FORM : calculatePageLength, totalLengthPage [355]
[ADMIN] [6/9/2017 23:57] [PENJUALAN] CASHIER FORM : printDocument1_PrintPage, print POS size receipt
[ADMIN] [6/9/2017 23:57] [PENJUALAN] CASHIER FORM : loadInfoToko
[ADMIN] [6/9/2017 23:57] [PENJUALAN] CASHIER FORM : loadNamaUser
[ADMIN] [6/9/2017 23:57] [PENJUALAN] CASHIER FORM : UPDATE ROW NUMBER, TOTAL ROW [1]
[ADMIN] [6/9/2017 23:57] [PENJUALAN] CASHIER FORM : UPDATE ROW NUMBER, TOTAL ROW [1]
[ADMIN] [6/9/2017 23:57] [PENJUALAN] CASHIER FORM : cashierDataGridView_CellValueChanged [F8]
[ADMIN] [6/9/2017 23:57] [PENJUALAN] CASHIER FORM : loadNoFaktur, noFakturValue [SLO001]
[ADMIN] [6/9/2017 23:58] [PENJUALAN] CASHIER FORM : REGISTER HOTKEY
[ADMIN] [6/9/2017 23:58] [PENJUALAN] CASHIER FORM : UNREGISTER HOTKEY
[ADMIN] [6/9/2017 23:58] [PENJUALAN] CASHIER FORM : UNREGISTER HOTKEY
[ADMIN] [6/9/2017 23:58] [TAMBAH / UPDATE PRODUK] DETAIL PRODUK : detailGridView_CellValueChanged [status]
[ADMIN] [6/9/2017 23:58] [TAMBAH / UPDATE PRODUK] UPDATE PRODUCT EXPIRY [4097]
[ADMIN] [6/9/2017 23:58] [TAMBAH / UPDATE PRODUK] UPDATE CURRENT PRODUCT DATA [ECO-PM1]
[ADMIN] [6/9/2017 23:58] [TAMBAH / UPDATE PRODUK] UPDATE PRODUCT CATEGORY FOR [ECO-PM1]
[ADMIN] [6/9/2017 23:58] [TAMBAH / UPDATE PRODUK] DELETE CURRENT PRODUCT CATEGORY FOR [ECO-PM1]
[ADMIN] [6/9/2017 23:58] [TAMBAH / UPDATE PRODUK] INSERT PRODUCT CATEGORY FOR [ECO-PM1]
[ADMIN] [6/10/2017 00:01] [PENJUALAN] CASHIER FORM : REGISTER HOTKEY
[ADMIN] [6/10/2017 00:01] [PENJUALAN] CASHIER FORM : cashierForm_Load, ATTEMPT TO LOAD NO FAKTUR
[ADMIN] [6/10/2017 00:01] [PENJUALAN] CASHIER FORM : loadNoFaktur, noFakturValue [SLO001]
[ADMIN] [6/10/2017 00:01] [PENJUALAN] CASHIER FORM : cashierForm_Load, ATTEMPT TO addColumnToDataGrid
[ADMIN] [6/10/2017 00:01] [PENJUALAN] CASHIER FORM : UPDATE ROW NUMBER, TOTAL ROW [1]
[ADMIN] [6/10/2017 00:01] [PENJUALAN] CASHIER FORM : ADD NEW ROW,  isActive [True]
[ADMIN] [6/10/2017 00:01] [PENJUALAN] CASHIER FORM : ADD NEW ROW,  ROW COUNT [0]
[ADMIN] [6/10/2017 00:01] [PENJUALAN] CASHIER FORM : ADD NEW ROW,  ALLOW TO ADD [True]
[ADMIN] [6/10/2017 00:01] [PENJUALAN] CASHIER FORM : UPDATE ROW NUMBER, TOTAL ROW [1]
[ADMIN] [6/10/2017 00:01] [PENJUALAN] CASHIER FORM : UPDATE ROW NUMBER, TOTAL ROW [2]
[ADMIN] [6/10/2017 00:01] [PENJUALAN] CASHIER FORM : cashierDataGridView_CellValueChanged [F8]
[ADMIN] [6/10/2017 00:01] [PENJUALAN] CASHIER FORM : REGISTER HOTKEY
[ADMIN] [6/10/2017 00:01] [PENJUALAN] CASHIER FORM : cashierDataGridView_CellValueChanged [qty]
[ADMIN] [6/10/2017 00:01] [PENJUALAN] CASHIER FORM : cashierDataGridView_CellValueChanged, previousInput [5]
[ADMIN] [6/10/2017 00:01] [PENJUALAN] CASHIER FORM : cashierDataGridView_CellValueChanged, dataGridViewTextBoxEditingControl.Text pass REGEX Checking
[ADMIN] [6/10/2017 00:01] [PENJUALAN] CASHIER FORM : CHECK STOCK QTY IS ENOUGH [ECO-PM1]
[ADMIN] [6/10/2017 00:01] [PENJUALAN] CASHIER FORM : CHECK STOCK QTY IS ENOUGH [0, 4]
[ADMIN] [6/10/2017 00:01] [PENJUALAN] CASHIER FORM : CALCULATE SUBTOTAL
[ADMIN] [6/10/2017 00:01] [PENJUALAN] CASHIER FORM : SUBTOTAL [265000]
[ADMIN] [6/10/2017 00:01] [PENJUALAN] CASHIER FORM : cashierDataGridView_CellValueChanged, subtotal value [265000]
[ADMIN] [6/10/2017 00:01] [PENJUALAN] CASHIER FORM : cashierDataGridView_CellValueChanged, attempt to calculate total value
[ADMIN] [6/10/2017 00:01] [PENJUALAN] CASHIER FORM : calculateTotal
[ADMIN] [6/10/2017 00:01] [PENJUALAN] CASHIER FORM : calculateTotal [265000]
[ADMIN] [6/10/2017 00:01] [PENJUALAN] CASHIER FORM : calculateTotal, totalAfterDisc [265000]
[ADMIN] [6/10/2017 00:01] [PENJUALAN] CASHIER FORM : calculateChangeValue, bayarTextBox.Text [Rp265.000]
[ADMIN] [6/10/2017 00:01] [PENJUALAN] CASHIER FORM : calculateChangeValue, sisaBayar [0]
[ADMIN] [6/10/2017 00:01] [PENJUALAN] CASHIER FORM : Combobox_KeyUp, cashierDataGridView.CurrentCell.OwningColumn.Name  [qty]
[ADMIN] [6/10/2017 00:04] [PENJUALAN] CASHIER FORM : Combobox_previewKeyDown, cashierDataGridView.CurrentCell.OwningColumn.Name  [productID]
[ADMIN] [6/10/2017 00:04] [PENJUALAN] CASHIER FORM : UPDATE ROW NUMBER, TOTAL ROW [3]
[ADMIN] [6/10/2017 00:04] [PENJUALAN] CASHIER FORM : cashierDataGridView_CellValueChanged [F8]
[ADMIN] [6/10/2017 00:04] [PENJUALAN] CASHIER FORM : cashierDataGridView_CellValueChanged [productID]
[ADMIN] [6/10/2017 00:04] [PENJUALAN] CASHIER FORM : Combobox_KeyUp, cashierDataGridView.CurrentCell.OwningColumn.Name  [productID]
[ADMIN] [6/10/2017 00:04] [PENJUALAN] CASHIER FORM : Combobox_KeyUp, cashierDataGridView.CurrentCell.OwningColumn.Name  [productID]
[ADMIN] [6/10/2017 00:04] [PENJUALAN] CASHIER FORM : Combobox_previewKeyDown, cashierDataGridView.CurrentCell.OwningColumn.Name  [productID]
[ADMIN] [6/10/2017 00:04] [PENJUALAN] CASHIER FORM : UNREGISTER HOTKEY
[ADMIN] [6/10/2017 00:04] [PENJUALAN] CASHIER FORM : ADD NEW ROW FROM BARCODE [BETTER ADLT DOG 1 KG]
[ADMIN] [6/10/2017 00:04] [PENJUALAN] CASHIER FORM : updateSomeRowContents
[ADMIN] [6/10/2017 00:04] [PENJUALAN] CASHIER FORM : cashierDataGridView_CellValueChanged [productID]
[ADMIN] [6/10/2017 00:04] [PENJUALAN] CASHIER FORM : cashierDataGridView_CellValueChanged [productName]
[ADMIN] [6/10/2017 00:04] [PENJUALAN] CASHIER FORM : updateSomeRowContents
[ADMIN] [6/10/2017 00:04] [PENJUALAN] CASHIER FORM : PRODUCT PRICE TYPE [PRODUCT_BASE_PRICE]
[ADMIN] [6/10/2017 00:04] [PENJUALAN] CASHIER FORM : PRODUCT PRICE [13670]
[ADMIN] [6/10/2017 00:04] [PENJUALAN] CASHIER FORM : ComboBox_SelectedIndexChanged, PRODUCT_BASE_PRICE [13670]
[ADMIN] [6/10/2017 00:04] [PENJUALAN] CASHIER FORM : cashierDataGridView_CellValueChanged [hpp]
[ADMIN] [6/10/2017 00:04] [PENJUALAN] CASHIER FORM : PRODUCT PRICE TYPE [PRODUCT_RETAIL_PRICE]
[ADMIN] [6/10/2017 00:04] [PENJUALAN] CASHIER FORM : PRODUCT PRICE [22000]
[ADMIN] [6/10/2017 00:04] [PENJUALAN] CASHIER FORM : ComboBox_SelectedIndexChanged, PRODUCT_SALES_PRICE [22000]
[ADMIN] [6/10/2017 00:04] [PENJUALAN] CASHIER FORM : cashierDataGridView_CellValueChanged [productPrice]
[ADMIN] [6/10/2017 00:04] [PENJUALAN] CASHIER FORM : cashierDataGridView_CellValueChanged, previousInput [0]
[ADMIN] [6/10/2017 00:04] [PENJUALAN] CASHIER FORM : cashierDataGridView_CellValueChanged, cellValue [22000]
[ADMIN] [6/10/2017 00:04] [PENJUALAN] CASHIER FORM : cashierDataGridView_CellValueChanged, dataGridViewTextBoxEditingControl.Text pass REGEX Checking
[ADMIN] [6/10/2017 00:04] [PENJUALAN] CASHIER FORM : CALCULATE SUBTOTAL
[ADMIN] [6/10/2017 00:04] [PENJUALAN] CASHIER FORM : SUBTOTAL [0]
[ADMIN] [6/10/2017 00:04] [PENJUALAN] CASHIER FORM : cashierDataGridView_CellValueChanged, subtotal value [0]
[ADMIN] [6/10/2017 00:04] [PENJUALAN] CASHIER FORM : cashierDataGridView_CellValueChanged, attempt to calculate total value
[ADMIN] [6/10/2017 00:04] [PENJUALAN] CASHIER FORM : calculateTotal
[ADMIN] [6/10/2017 00:04] [PENJUALAN] CASHIER FORM : calculateTotal [265000]
[ADMIN] [6/10/2017 00:04] [PENJUALAN] CASHIER FORM : calculateTotal, totalAfterDisc [265000]
[ADMIN] [6/10/2017 00:04] [PENJUALAN] CASHIER FORM : calculateChangeValue, bayarTextBox.Text [Rp265.000]
[ADMIN] [6/10/2017 00:04] [PENJUALAN] CASHIER FORM : calculateChangeValue, sisaBayar [0]
[ADMIN] [6/10/2017 00:04] [PENJUALAN] CASHIER FORM : cashierDataGridView_CellValueChanged [qty]
[ADMIN] [6/10/2017 00:04] [PENJUALAN] CASHIER FORM : cashierDataGridView_CellValueChanged, previousInput [0]
[ADMIN] [6/10/2017 00:04] [PENJUALAN] CASHIER FORM : cashierDataGridView_CellValueChanged [jumlah]
[ADMIN] [6/10/2017 00:04] [PENJUALAN] CASHIER FORM : calculateTotal
[ADMIN] [6/10/2017 00:04] [PENJUALAN] CASHIER FORM : calculateTotal [265000]
[ADMIN] [6/10/2017 00:04] [PENJUALAN] CASHIER FORM : calculateTotal, totalAfterDisc [265000]
[ADMIN] [6/10/2017 00:04] [PENJUALAN] CASHIER FORM : calculateChangeValue, bayarTextBox.Text [Rp265.000]
[ADMIN] [6/10/2017 00:04] [PENJUALAN] CASHIER FORM : calculateChangeValue, sisaBayar [0]
[ADMIN] [6/10/2017 00:04] [PENJUALAN] CASHIER FORM : CHECK STOCK QTY IS ENOUGH [BETTER-AD1]
[ADMIN] [6/10/2017 00:04] [PENJUALAN] CASHIER FORM : CHECK STOCK QTY IS ENOUGH [11, 1]
[ADMIN] [6/10/2017 00:04] [PENJUALAN] CASHIER FORM : cashierDataGridView_CellValueChanged [qty]
[ADMIN] [6/10/2017 00:04] [PENJUALAN] CASHIER FORM : cashierDataGridView_CellValueChanged, previousInput [0]
[ADMIN] [6/10/2017 00:04] [PENJUALAN] CASHIER FORM : cashierDataGridView_CellValueChanged, cellValue [1]
[ADMIN] [6/10/2017 00:04] [PENJUALAN] CASHIER FORM : cashierDataGridView_CellValueChanged, dataGridViewTextBoxEditingControl.Text pass REGEX Checking
[ADMIN] [6/10/2017 00:04] [PENJUALAN] CASHIER FORM : CHECK STOCK QTY IS ENOUGH [BETTER-AD1]
[ADMIN] [6/10/2017 00:04] [PENJUALAN] CASHIER FORM : CHECK STOCK QTY IS ENOUGH [11, 1]
[ADMIN] [6/10/2017 00:04] [PENJUALAN] CASHIER FORM : CALCULATE SUBTOTAL
[ADMIN] [6/10/2017 00:04] [PENJUALAN] CASHIER FORM : SUBTOTAL [22000]
[ADMIN] [6/10/2017 00:04] [PENJUALAN] CASHIER FORM : cashierDataGridView_CellValueChanged, subtotal value [22000]
[ADMIN] [6/10/2017 00:04] [PENJUALAN] CASHIER FORM : cashierDataGridView_CellValueChanged, attempt to calculate total value
[ADMIN] [6/10/2017 00:04] [PENJUALAN] CASHIER FORM : calculateTotal
[ADMIN] [6/10/2017 00:04] [PENJUALAN] CASHIER FORM : calculateTotal [287000]
[ADMIN] [6/10/2017 00:04] [PENJUALAN] CASHIER FORM : calculateTotal, totalAfterDisc [287000]
[ADMIN] [6/10/2017 00:04] [PENJUALAN] CASHIER FORM : calculateChangeValue, bayarTextBox.Text [Rp265.000]
[ADMIN] [6/10/2017 00:04] [PENJUALAN] CASHIER FORM : calculateChangeValue, sisaBayar [0]
[ADMIN] [6/10/2017 00:04] [PENJUALAN] CASHIER FORM : SET QTY TO 1 BECAUSE OF NEW ROW
[ADMIN] [6/10/2017 00:04] [PENJUALAN] CASHIER FORM : CALCULATE SUBTOTAL
[ADMIN] [6/10/2017 00:04] [PENJUALAN] CASHIER FORM : SUBTOTAL [22000]
[ADMIN] [6/10/2017 00:04] [PENJUALAN] CASHIER FORM : calculateTotal
[ADMIN] [6/10/2017 00:04] [PENJUALAN] CASHIER FORM : calculateTotal [287000]
[ADMIN] [6/10/2017 00:04] [PENJUALAN] CASHIER FORM : calculateTotal, totalAfterDisc [287000]
[ADMIN] [6/10/2017 00:04] [PENJUALAN] CASHIER FORM : calculateChangeValue, bayarTextBox.Text [Rp265.000]
[ADMIN] [6/10/2017 00:04] [PENJUALAN] CASHIER FORM : calculateChangeValue, sisaBayar [0]
[ADMIN] [6/10/2017 00:04] [PENJUALAN] CASHIER FORM : UPDATE ROW NUMBER, TOTAL ROW [3]
[ADMIN] [6/10/2017 00:04] [PENJUALAN] CASHIER FORM : cashierDataGridView_CellValueChanged [F8]
[ADMIN] [6/10/2017 00:04] [PENJUALAN] CASHIER FORM : REGISTER HOTKEY
[ADMIN] [6/10/2017 00:06] [PENJUALAN] CASHIER FORM : UNREGISTER HOTKEY
[] [6/10/2017 00:20] [] USER = ADMIN IS ACTIVE
[ADMIN] [6/10/2017 00:20] [] USER ID = 1 LOGIN SUCCESSFULLY
[ADMIN] [6/10/2017 00:20] [] ACTIVATE USER ACCESS RIGHT
[ADMIN] [6/10/2017 00:20] [] DISPLAY ADMIN FORM
[ADMIN] [6/10/2017 00:20] [] adminForm Load
[ADMIN] [6/10/2017 00:20] [] ACTIVATE USER ACCESS RIGHT
[ADMIN] [6/10/2017 00:21] [PENJUALAN] CASHIER FORM : REGISTER HOTKEY
[ADMIN] [6/10/2017 00:21] [PENJUALAN] CASHIER FORM : cashierForm_Load, ATTEMPT TO LOAD NO FAKTUR
[ADMIN] [6/10/2017 00:21] [PENJUALAN] CASHIER FORM : loadNoFaktur, noFakturValue [SLO001]
[ADMIN] [6/10/2017 00:21] [PENJUALAN] CASHIER FORM : cashierForm_Load, ATTEMPT TO addColumnToDataGrid
[ADMIN] [6/10/2017 00:21] [PENJUALAN] CASHIER FORM : UPDATE ROW NUMBER, TOTAL ROW [1]
[ADMIN] [6/10/2017 00:21] [PENJUALAN] CASHIER FORM : UPDATE ROW NUMBER, TOTAL ROW [1]
[ADMIN] [6/10/2017 00:21] [PENJUALAN] CASHIER FORM : cashierDataGridView_CellValueChanged [F8]
[ADMIN] [6/10/2017 00:21] [PENJUALAN] CASHIER FORM : REGISTER HOTKEY
[ADMIN] [6/10/2017 00:21] [PENJUALAN] CASHIER FORM : UNREGISTER HOTKEY
[ADMIN] [6/10/2017 00:21] [PENJUALAN] CASHIER FORM : UNREGISTER HOTKEY
[ADMIN] [6/10/2017 00:22] [PENJUALAN] CASHIER FORM : REGISTER HOTKEY
[ADMIN] [6/10/2017 00:22] [PENJUALAN] CASHIER FORM : cashierForm_Load, ATTEMPT TO LOAD NO FAKTUR
[ADMIN] [6/10/2017 00:22] [PENJUALAN] CASHIER FORM : loadNoFaktur, noFakturValue [SLO001]
[ADMIN] [6/10/2017 00:22] [PENJUALAN] CASHIER FORM : cashierForm_Load, ATTEMPT TO addColumnToDataGrid
[ADMIN] [6/10/2017 00:22] [PENJUALAN] CASHIER FORM : UPDATE ROW NUMBER, TOTAL ROW [1]
[ADMIN] [6/10/2017 00:22] [PENJUALAN] CASHIER FORM : ADD NEW ROW,  isActive [True]
[ADMIN] [6/10/2017 00:22] [PENJUALAN] CASHIER FORM : ADD NEW ROW,  ROW COUNT [0]
[ADMIN] [6/10/2017 00:22] [PENJUALAN] CASHIER FORM : ADD NEW ROW,  ALLOW TO ADD [True]
[ADMIN] [6/10/2017 00:22] [PENJUALAN] CASHIER FORM : UPDATE ROW NUMBER, TOTAL ROW [1]
[ADMIN] [6/10/2017 00:22] [PENJUALAN] CASHIER FORM : UPDATE ROW NUMBER, TOTAL ROW [2]
[ADMIN] [6/10/2017 00:22] [PENJUALAN] CASHIER FORM : cashierDataGridView_CellValueChanged [F8]
[ADMIN] [6/10/2017 00:22] [PENJUALAN] CASHIER FORM : REGISTER HOTKEY
[ADMIN] [6/10/2017 00:22] [PENJUALAN] CASHIER FORM : cashierDataGridView_CellValueChanged [qty]
[ADMIN] [6/10/2017 00:22] [PENJUALAN] CASHIER FORM : cashierDataGridView_CellValueChanged, previousInput [5]
[ADMIN] [6/10/2017 00:22] [PENJUALAN] CASHIER FORM : cashierDataGridView_CellValueChanged, dataGridViewTextBoxEditingControl.Text pass REGEX Checking
[ADMIN] [6/10/2017 00:22] [PENJUALAN] CASHIER FORM : CHECK STOCK QTY IS ENOUGH [ECO-PM1]
[ADMIN] [6/10/2017 00:22] [PENJUALAN] CASHIER FORM : CHECK STOCK QTY IS ENOUGH [5, 4]
[ADMIN] [6/10/2017 00:22] [PENJUALAN] CASHIER FORM : CALCULATE SUBTOTAL
[ADMIN] [6/10/2017 00:22] [PENJUALAN] CASHIER FORM : SUBTOTAL [212000]
[ADMIN] [6/10/2017 00:22] [PENJUALAN] CASHIER FORM : cashierDataGridView_CellValueChanged, subtotal value [212000]
[ADMIN] [6/10/2017 00:22] [PENJUALAN] CASHIER FORM : cashierDataGridView_CellValueChanged, attempt to calculate total value
[ADMIN] [6/10/2017 00:22] [PENJUALAN] CASHIER FORM : calculateTotal
[ADMIN] [6/10/2017 00:22] [PENJUALAN] CASHIER FORM : calculateTotal [212000]
[ADMIN] [6/10/2017 00:22] [PENJUALAN] CASHIER FORM : calculateTotal, totalAfterDisc [212000]
[ADMIN] [6/10/2017 00:22] [PENJUALAN] CASHIER FORM : calculateChangeValue, bayarTextBox.Text [Rp265.000]
[ADMIN] [6/10/2017 00:22] [PENJUALAN] CASHIER FORM : calculateChangeValue, sisaBayar [53000]
[ADMIN] [6/10/2017 00:22] [PENJUALAN] CASHIER FORM : Combobox_KeyUp, cashierDataGridView.CurrentCell.OwningColumn.Name  [qty]
[ADMIN] [6/10/2017 00:22] [PENJUALAN] CASHIER FORM : Combobox_KeyUp, cashierDataGridView.CurrentCell.OwningColumn.Name  [qty]
[ADMIN] [6/10/2017 00:22] [PENJUALAN] CASHIER FORM : cashierDataGridView_CellValueChanged [qty]
[ADMIN] [6/10/2017 00:22] [PENJUALAN] CASHIER FORM : cashierDataGridView_CellValueChanged, previousInput [4]
[ADMIN] [6/10/2017 00:22] [PENJUALAN] CASHIER FORM : cashierDataGridView_CellValueChanged, dataGridViewTextBoxEditingControl.Text pass REGEX Checking
[ADMIN] [6/10/2017 00:22] [PENJUALAN] CASHIER FORM : CHECK STOCK QTY IS ENOUGH [ECO-PM1]
[ADMIN] [6/10/2017 00:22] [PENJUALAN] CASHIER FORM : CHECK STOCK QTY IS ENOUGH [5, 6]
[ADMIN] [6/10/2017 00:22] [PENJUALAN] CASHIER FORM : CALCULATE SUBTOTAL
[ADMIN] [6/10/2017 00:22] [PENJUALAN] CASHIER FORM : SUBTOTAL [212000]
[ADMIN] [6/10/2017 00:22] [PENJUALAN] CASHIER FORM : cashierDataGridView_CellValueChanged, subtotal value [212000]
[ADMIN] [6/10/2017 00:22] [PENJUALAN] CASHIER FORM : cashierDataGridView_CellValueChanged, attempt to calculate total value
[ADMIN] [6/10/2017 00:22] [PENJUALAN] CASHIER FORM : calculateTotal
[ADMIN] [6/10/2017 00:22] [PENJUALAN] CASHIER FORM : calculateTotal [212000]
[ADMIN] [6/10/2017 00:22] [PENJUALAN] CASHIER FORM : calculateTotal, totalAfterDisc [212000]
[ADMIN] [6/10/2017 00:22] [PENJUALAN] CASHIER FORM : calculateChangeValue, bayarTextBox.Text [Rp265.000]
[ADMIN] [6/10/2017 00:22] [PENJUALAN] CASHIER FORM : calculateChangeValue, sisaBayar [53000]
[ADMIN] [6/10/2017 00:22] [PENJUALAN] CASHIER FORM : Combobox_KeyUp, cashierDataGridView.CurrentCell.OwningColumn.Name  [qty]
[ADMIN] [6/10/2017 00:22] [PENJUALAN] CASHIER FORM : Combobox_KeyUp, cashierDataGridView.CurrentCell.OwningColumn.Name  [qty]
[ADMIN] [6/10/2017 00:22] [PENJUALAN] CASHIER FORM : cashierDataGridView_CellValueChanged [qty]
[ADMIN] [6/10/2017 00:22] [PENJUALAN] CASHIER FORM : cashierDataGridView_CellValueChanged, previousInput [4]
[ADMIN] [6/10/2017 00:22] [PENJUALAN] CASHIER FORM : cashierDataGridView_CellValueChanged, dataGridViewTextBoxEditingControl.Text pass REGEX Checking
[ADMIN] [6/10/2017 00:22] [PENJUALAN] CASHIER FORM : CHECK STOCK QTY IS ENOUGH [ECO-PM1]
[ADMIN] [6/10/2017 00:22] [PENJUALAN] CASHIER FORM : CHECK STOCK QTY IS ENOUGH [5, 45]
[ADMIN] [6/10/2017 00:22] [PENJUALAN] CASHIER FORM : CALCULATE SUBTOTAL
[ADMIN] [6/10/2017 00:22] [PENJUALAN] CASHIER FORM : SUBTOTAL [212000]
[ADMIN] [6/10/2017 00:22] [PENJUALAN] CASHIER FORM : cashierDataGridView_CellValueChanged, subtotal value [212000]
[ADMIN] [6/10/2017 00:22] [PENJUALAN] CASHIER FORM : cashierDataGridView_CellValueChanged, attempt to calculate total value
[ADMIN] [6/10/2017 00:22] [PENJUALAN] CASHIER FORM : calculateTotal
[ADMIN] [6/10/2017 00:22] [PENJUALAN] CASHIER FORM : calculateTotal [212000]
[ADMIN] [6/10/2017 00:22] [PENJUALAN] CASHIER FORM : calculateTotal, totalAfterDisc [212000]
[ADMIN] [6/10/2017 00:22] [PENJUALAN] CASHIER FORM : calculateChangeValue, bayarTextBox.Text [Rp265.000]
[ADMIN] [6/10/2017 00:22] [PENJUALAN] CASHIER FORM : calculateChangeValue, sisaBayar [53000]
[ADMIN] [6/10/2017 00:22] [PENJUALAN] CASHIER FORM : Combobox_KeyUp, cashierDataGridView.CurrentCell.OwningColumn.Name  [qty]
[ADMIN] [6/10/2017 00:22] [PENJUALAN] CASHIER FORM : Combobox_KeyUp, cashierDataGridView.CurrentCell.OwningColumn.Name  [qty]
[ADMIN] [6/10/2017 00:22] [PENJUALAN] CASHIER FORM : cashierDataGridView_CellValueChanged [qty]
[ADMIN] [6/10/2017 00:22] [PENJUALAN] CASHIER FORM : cashierDataGridView_CellValueChanged, previousInput [4]
[ADMIN] [6/10/2017 00:22] [PENJUALAN] CASHIER FORM : cashierDataGridView_CellValueChanged, dataGridViewTextBoxEditingControl.Text pass REGEX Checking
[ADMIN] [6/10/2017 00:22] [PENJUALAN] CASHIER FORM : CHECK STOCK QTY IS ENOUGH [ECO-PM1]
[ADMIN] [6/10/2017 00:22] [PENJUALAN] CASHIER FORM : CHECK STOCK QTY IS ENOUGH [5, 5]
[ADMIN] [6/10/2017 00:22] [PENJUALAN] CASHIER FORM : CALCULATE SUBTOTAL
[ADMIN] [6/10/2017 00:22] [PENJUALAN] CASHIER FORM : SUBTOTAL [265000]
[ADMIN] [6/10/2017 00:22] [PENJUALAN] CASHIER FORM : cashierDataGridView_CellValueChanged, subtotal value [265000]
[ADMIN] [6/10/2017 00:22] [PENJUALAN] CASHIER FORM : cashierDataGridView_CellValueChanged, attempt to calculate total value
[ADMIN] [6/10/2017 00:22] [PENJUALAN] CASHIER FORM : calculateTotal
[ADMIN] [6/10/2017 00:22] [PENJUALAN] CASHIER FORM : calculateTotal [265000]
[ADMIN] [6/10/2017 00:22] [PENJUALAN] CASHIER FORM : calculateTotal, totalAfterDisc [265000]
[ADMIN] [6/10/2017 00:22] [PENJUALAN] CASHIER FORM : calculateChangeValue, bayarTextBox.Text [Rp265.000]
[ADMIN] [6/10/2017 00:22] [PENJUALAN] CASHIER FORM : calculateChangeValue, sisaBayar [0]
[ADMIN] [6/10/2017 00:22] [PENJUALAN] CASHIER FORM : Combobox_KeyUp, cashierDataGridView.CurrentCell.OwningColumn.Name  [qty]
[ADMIN] [6/10/2017 00:22] [PENJUALAN] CASHIER FORM : Combobox_KeyUp, cashierDataGridView.CurrentCell.OwningColumn.Name  [qty]
[ADMIN] [6/10/2017 00:22] [PENJUALAN] CASHIER FORM : UNREGISTER HOTKEY
[ADMIN] [6/10/2017 00:22] [PENJUALAN] CASHIER FORM : UNREGISTER HOTKEY
[ADMIN] [6/10/2017 00:22] [] USER ID = 1LOGOUT
