[] [2/11/2017 13:40] [] USER = ADMIN IS ACTIVE
[ADMIN] [2/11/2017 13:40] [] USER ID = 1 LOGIN SUCCESSFULLY
[ADMIN] [2/11/2017 13:40] [] ACTIVATE USER ACCESS RIGHT
[ADMIN] [2/11/2017 13:40] [] DISPLAY ADMIN FORM
[ADMIN] [2/11/2017 13:40] [] adminForm Load
[ADMIN] [2/11/2017 13:40] [] ACTIVATE USER ACCESS RIGHT
[ADMIN] [2/11/2017 13:42] [] PEMBAYARAN LUMPSUM : ATTEMPT TO SAVE DATA PAYMENT
[ADMIN] [2/11/2017 13:42] [] PEMBAYARAN LUMPSUM : PAYMENT BY TRANSFER
[ADMIN] [2/11/2017 13:42] [PEMBAYARAN PIUTANG MUTASI] PEMBAYARAN LUMPSUM : GET A LIST OF OUTSTANDING MUTASI CREDIT
[ADMIN] [2/11/2017 13:42] [] PEMBAYARAN LUMPSUM : NUM OF OUTSTANDING DATA [12]
[ADMIN] [2/11/2017 13:42] [] PEMBAYARAN LUMPSUM : rowCounter [0] paymentNominal  [100000]
[ADMIN] [2/11/2017 13:42] [] PEMBAYARAN LUMPSUM : currentCreditID [4] outstandingCreditAmount [58500]
[ADMIN] [2/11/2017 13:42] [] PEMBAYARAN LUMPSUM : INSERT INTO PAYMENT CREDIT [4, 58500]
[ADMIN] [2/11/2017 13:42] [] PEMBAYARAN LUMPSUM : rowCounter [1] paymentNominal  [41500]
[ADMIN] [2/11/2017 13:42] [] PEMBAYARAN LUMPSUM : currentCreditID [4] outstandingCreditAmount [58500]
[ADMIN] [2/11/2017 13:42] [] PEMBAYARAN LUMPSUM : INSERT INTO PAYMENT CREDIT [4, 41500]
[ADMIN] [2/11/2017 13:42] [] PEMBAYARAN LUMPSUM : DATA PAYMENT SAVED
[ADMIN] [2/11/2017 13:42] [] PEMBAYARAN LUMPSUM : ATTEMPT TO SAVE DATA PAYMENT
[ADMIN] [2/11/2017 13:42] [] PEMBAYARAN LUMPSUM : PAYMENT BY CHEQUE OR BG
[ADMIN] [2/11/2017 13:42] [PEMBAYARAN PIUTANG MUTASI] PEMBAYARAN LUMPSUM : GET A LIST OF OUTSTANDING MUTASI CREDIT
[ADMIN] [2/11/2017 13:42] [] PEMBAYARAN LUMPSUM : NUM OF OUTSTANDING DATA [12]
[ADMIN] [2/11/2017 13:42] [] PEMBAYARAN LUMPSUM : rowCounter [0] paymentNominal  [100000]
[ADMIN] [2/11/2017 13:42] [] PEMBAYARAN LUMPSUM : currentCreditID [4] outstandingCreditAmount [-41500]
[ADMIN] [2/11/2017 13:42] [] PEMBAYARAN LUMPSUM : rowCounter [1] paymentNominal  [100000]
[ADMIN] [2/11/2017 13:42] [] PEMBAYARAN LUMPSUM : currentCreditID [4] outstandingCreditAmount [-41500]
[ADMIN] [2/11/2017 13:42] [] PEMBAYARAN LUMPSUM : rowCounter [2] paymentNominal  [100000]
[ADMIN] [2/11/2017 13:42] [] PEMBAYARAN LUMPSUM : currentCreditID [5] outstandingCreditAmount [58500]
[ADMIN] [2/11/2017 13:42] [] PEMBAYARAN LUMPSUM : INSERT INTO PAYMENT CREDIT [5, 58500]
[ADMIN] [2/11/2017 13:42] [] PEMBAYARAN LUMPSUM : rowCounter [3] paymentNominal  [41500]
[ADMIN] [2/11/2017 13:42] [] PEMBAYARAN LUMPSUM : currentCreditID [5] outstandingCreditAmount [58500]
[ADMIN] [2/11/2017 13:42] [] PEMBAYARAN LUMPSUM : INSERT INTO PAYMENT CREDIT [5, 41500]
[ADMIN] [2/11/2017 13:42] [] PEMBAYARAN LUMPSUM : DATA PAYMENT SAVED
[ADMIN] [2/11/2017 13:51] [] PEMBAYARAN LUMPSUM : ATTEMPT TO SAVE DATA PAYMENT
[ADMIN] [2/11/2017 13:51] [] PEMBAYARAN LUMPSUM : PAYMENT BY CHEQUE OR BG
[ADMIN] [2/11/2017 13:51] [PEMBAYARAN PIUTANG MUTASI] PEMBAYARAN LUMPSUM : GET A LIST OF OUTSTANDING MUTASI CREDIT
[ADMIN] [2/11/2017 13:51] [] PEMBAYARAN LUMPSUM : NUM OF OUTSTANDING DATA [10]
[ADMIN] [2/11/2017 13:51] [] PEMBAYARAN LUMPSUM : rowCounter [0] paymentNominal  [100000]
[ADMIN] [2/11/2017 13:51] [] PEMBAYARAN LUMPSUM : currentCreditID [4] outstandingCreditAmount [58500]
[ADMIN] [2/11/2017 13:51] [] PEMBAYARAN LUMPSUM : INSERT INTO PAYMENT CREDIT [4, 58500]
[ADMIN] [2/11/2017 13:51] [] PEMBAYARAN LUMPSUM : rowCounter [1] paymentNominal  [41500]
[ADMIN] [2/11/2017 13:51] [] PEMBAYARAN LUMPSUM : currentCreditID [5] outstandingCreditAmount [58500]
[ADMIN] [2/11/2017 13:51] [] PEMBAYARAN LUMPSUM : INSERT INTO PAYMENT CREDIT [5, 41500]
[ADMIN] [2/11/2017 13:51] [] PEMBAYARAN LUMPSUM : DATA PAYMENT SAVED
[ADMIN] [2/11/2017 13:53] [] PEMBAYARAN LUMPSUM : ATTEMPT TO SAVE DATA PAYMENT
[ADMIN] [2/11/2017 13:53] [] PEMBAYARAN LUMPSUM : PAYMENT BY CASH
[ADMIN] [2/11/2017 13:53] [PEMBAYARAN PIUTANG MUTASI] PEMBAYARAN LUMPSUM : GET A LIST OF OUTSTANDING MUTASI CREDIT
[ADMIN] [2/11/2017 13:53] [] PEMBAYARAN LUMPSUM : NUM OF OUTSTANDING DATA [10]
[ADMIN] [2/11/2017 13:53] [] PEMBAYARAN LUMPSUM : rowCounter [0] paymentNominal  [100000]
[ADMIN] [2/11/2017 13:53] [] PEMBAYARAN LUMPSUM : currentCreditID [4] outstandingCreditAmount [0]
[ADMIN] [2/11/2017 13:53] [] PEMBAYARAN LUMPSUM : rowCounter [1] paymentNominal  [100000]
[ADMIN] [2/11/2017 13:53] [] PEMBAYARAN LUMPSUM : currentCreditID [5] outstandingCreditAmount [17000]
[ADMIN] [2/11/2017 13:53] [] PEMBAYARAN LUMPSUM : INSERT INTO PAYMENT CREDIT [5, 17000]
[ADMIN] [2/11/2017 13:53] [] PEMBAYARAN LUMPSUM : UPDATE CREDIT SET FULLY PAID [5]
[ADMIN] [2/11/2017 13:53] [] PEMBAYARAN LUMPSUM : rowCounter [2] paymentNominal  [83000]
[ADMIN] [2/11/2017 13:53] [] PEMBAYARAN LUMPSUM : currentCreditID [6] outstandingCreditAmount [96000]
[ADMIN] [2/11/2017 13:53] [] PEMBAYARAN LUMPSUM : INSERT INTO PAYMENT CREDIT [6, 83000]
[ADMIN] [2/11/2017 13:53] [] PEMBAYARAN LUMPSUM : DATA PAYMENT SAVED
[ADMIN] [2/11/2017 13:58] [] USER ID = 1LOGOUT
