[] [1/18/2017 15:16] [] USER = ADMIN IS ACTIVE
[ADMIN] [1/18/2017 15:16] [] USER ID = 1 LOGIN SUCCESSFULLY
[ADMIN] [1/18/2017 15:16] [] ACTIVATE USER ACCESS RIGHT
[ADMIN] [1/18/2017 15:16] [] DISPLAY ADMIN FORM
[ADMIN] [1/18/2017 15:16] [] adminForm Load
[ADMIN] [1/18/2017 15:16] [] ACTIVATE USER ACCESS RIGHT
[ADMIN] [1/18/2017 15:17] [PENJUALAN] CASHIER FORM : REGISTER HOTKEY
[ADMIN] [1/18/2017 15:17] [PENJUALAN] CASHIER FORM : cashierForm_Load, ATTEMPT TO LOAD NO FAKTUR
[ADMIN] [1/18/2017 15:17] [PENJUALAN] CASHIER FORM : loadNoFaktur, noFakturValue [SLO001]
[ADMIN] [1/18/2017 15:17] [PENJUALAN] CASHIER FORM : cashierForm_Load, ATTEMPT TO addColumnToDataGrid
[ADMIN] [1/18/2017 15:17] [PENJUALAN] CASHIER FORM : UPDATE ROW NUMBER, TOTAL ROW [1]
[ADMIN] [1/18/2017 15:17] [PENJUALAN] CASHIER FORM : cashierDataGridView_CellValueChanged [F8]
[ADMIN] [1/18/2017 15:17] [PENJUALAN] CASHIER FORM : calculateTotal
[ADMIN] [1/18/2017 15:17] [PENJUALAN] CASHIER FORM : calculateTotal [0]
[ADMIN] [1/18/2017 15:17] [PENJUALAN] CASHIER FORM : calculateTotal, totalAfterDisc [0]
[ADMIN] [1/18/2017 15:17] [PENJUALAN] CASHIER FORM : calculateChangeValue, bayarTextBox.Text [0]
[ADMIN] [1/18/2017 15:17] [PENJUALAN] CASHIER FORM : calculateChangeValue, sisaBayar [0]
[ADMIN] [1/18/2017 15:17] [PENJUALAN] CASHIER FORM : ADD NEW ROW,  isActive [True]
[ADMIN] [1/18/2017 15:17] [PENJUALAN] CASHIER FORM : ADD NEW ROW,  ROW COUNT [0]
[ADMIN] [1/18/2017 15:17] [PENJUALAN] CASHIER FORM : ADD NEW ROW,  ALLOW TO ADD [True]
[ADMIN] [1/18/2017 15:17] [PENJUALAN] CASHIER FORM : UPDATE ROW NUMBER, TOTAL ROW [1]
[ADMIN] [1/18/2017 15:17] [PENJUALAN] CASHIER FORM : REGISTER HOTKEY
[ADMIN] [1/18/2017 15:17] [PENJUALAN] CASHIER FORM : UNREGISTER HOTKEY
[ADMIN] [1/18/2017 15:17] [PENJUALAN] CASHIER FORM : UNREGISTER HOTKEY
[ADMIN] [1/18/2017 16:17] [] USER ID = 1LOGOUT
