[] [5/29/2017 13:48] [] USER = ADMIN IS ACTIVE
[ADMIN] [5/29/2017 13:48] [] USER ID = 1 LOGIN SUCCESSFULLY
[ADMIN] [5/29/2017 13:48] [] ACTIVATE USER ACCESS RIGHT
[ADMIN] [5/29/2017 13:48] [] DISPLAY ADMIN FORM
[ADMIN] [5/29/2017 13:48] [] adminForm Load
[ADMIN] [5/29/2017 13:48] [] ACTIVATE USER ACCESS RIGHT
[ADMIN] [5/29/2017 13:48] [PENJUALAN] CASHIER FORM : REGISTER HOTKEY
[ADMIN] [5/29/2017 13:48] [PENJUALAN] CASHIER FORM : cashierForm_Load, ATTEMPT TO LOAD NO FAKTUR
[ADMIN] [5/29/2017 13:48] [PENJUALAN] CASHIER FORM : loadNoFaktur, noFakturValue [SLO001]
[ADMIN] [5/29/2017 13:48] [PENJUALAN] CASHIER FORM : cashierForm_Load, ATTEMPT TO addColumnToDataGrid
[ADMIN] [5/29/2017 13:48] [PENJUALAN] CASHIER FORM : UPDATE ROW NUMBER, TOTAL ROW [1]
[ADMIN] [5/29/2017 13:48] [PENJUALAN] CASHIER FORM : ADD NEW ROW,  isActive [True]
[ADMIN] [5/29/2017 13:48] [PENJUALAN] CASHIER FORM : ADD NEW ROW,  ROW COUNT [0]
[ADMIN] [5/29/2017 13:48] [PENJUALAN] CASHIER FORM : ADD NEW ROW,  ALLOW TO ADD [True]
[ADMIN] [5/29/2017 13:48] [PENJUALAN] CASHIER FORM : UPDATE ROW NUMBER, TOTAL ROW [1]
[ADMIN] [5/29/2017 13:48] [PENJUALAN] CASHIER FORM : UPDATE ROW NUMBER, TOTAL ROW [2]
[ADMIN] [5/29/2017 13:48] [PENJUALAN] CASHIER FORM : cashierDataGridView_CellValueChanged [F8]
[ADMIN] [5/29/2017 13:48] [PENJUALAN] CASHIER FORM : REGISTER HOTKEY
[ADMIN] [5/29/2017 13:48] [PENJUALAN] CASHIER FORM : UNREGISTER HOTKEY
[ADMIN] [5/29/2017 13:48] [PENJUALAN] CASHIER FORM : REGISTER HOTKEY
[ADMIN] [5/29/2017 13:48] [PENJUALAN] CASHIER FORM : UNREGISTER HOTKEY
[ADMIN] [5/29/2017 13:48] [PENJUALAN] CASHIER FORM : REGISTER HOTKEY
[ADMIN] [5/29/2017 13:48] [PENJUALAN] CASHIER FORM : UNREGISTER HOTKEY
[ADMIN] [5/29/2017 13:49] [PENJUALAN] CASHIER FORM : REGISTER HOTKEY
[ADMIN] [5/29/2017 13:49] [PENJUALAN] CASHIER FORM : UNREGISTER HOTKEY
[ADMIN] [5/29/2017 13:49] [PENJUALAN] CASHIER FORM : REGISTER HOTKEY
[ADMIN] [5/29/2017 13:49] [PENJUALAN] CASHIER FORM : UNREGISTER HOTKEY
[ADMIN] [5/29/2017 13:51] [PENJUALAN] CASHIER FORM : REGISTER HOTKEY
[ADMIN] [5/29/2017 13:52] [PENJUALAN] CASHIER FORM : UNREGISTER HOTKEY
[ADMIN] [5/29/2017 13:52] [PENJUALAN] CASHIER FORM : REGISTER HOTKEY
[ADMIN] [5/29/2017 13:52] [PENJUALAN] CASHIER FORM : UNREGISTER HOTKEY
[ADMIN] [5/29/2017 14:01] [PENJUALAN] CASHIER FORM : REGISTER HOTKEY
[ADMIN] [5/29/2017 14:01] [PENJUALAN] CASHIER FORM : UNREGISTER HOTKEY
[ADMIN] [5/29/2017 14:13] [PENJUALAN] CASHIER FORM : REGISTER HOTKEY
[ADMIN] [5/29/2017 14:13] [PENJUALAN] CASHIER FORM : UNREGISTER HOTKEY
[ADMIN] [5/29/2017 14:13] [PENJUALAN] CASHIER FORM : UNREGISTER HOTKEY
[ADMIN] [5/29/2017 14:13] [PENJUALAN] CASHIER FORM : REGISTER HOTKEY
[ADMIN] [5/29/2017 14:13] [PENJUALAN] CASHIER FORM : cashierForm_Load, ATTEMPT TO LOAD NO FAKTUR
[ADMIN] [5/29/2017 14:13] [PENJUALAN] CASHIER FORM : loadNoFaktur, noFakturValue [SLO001]
[ADMIN] [5/29/2017 14:13] [PENJUALAN] CASHIER FORM : cashierForm_Load, ATTEMPT TO addColumnToDataGrid
[ADMIN] [5/29/2017 14:13] [PENJUALAN] CASHIER FORM : UPDATE ROW NUMBER, TOTAL ROW [1]
[ADMIN] [5/29/2017 14:13] [PENJUALAN] CASHIER FORM : ADD NEW ROW,  isActive [True]
[ADMIN] [5/29/2017 14:13] [PENJUALAN] CASHIER FORM : ADD NEW ROW,  ROW COUNT [0]
[ADMIN] [5/29/2017 14:13] [PENJUALAN] CASHIER FORM : ADD NEW ROW,  ALLOW TO ADD [True]
[ADMIN] [5/29/2017 14:13] [PENJUALAN] CASHIER FORM : UPDATE ROW NUMBER, TOTAL ROW [1]
[ADMIN] [5/29/2017 14:13] [PENJUALAN] CASHIER FORM : UPDATE ROW NUMBER, TOTAL ROW [2]
[ADMIN] [5/29/2017 14:13] [PENJUALAN] CASHIER FORM : cashierDataGridView_CellValueChanged [F8]
[ADMIN] [5/29/2017 14:13] [PENJUALAN] CASHIER FORM : REGISTER HOTKEY
[ADMIN] [5/29/2017 14:13] [PENJUALAN] CASHIER FORM : UNREGISTER HOTKEY
[ADMIN] [5/29/2017 14:13] [PENJUALAN] CASHIER FORM : REGISTER HOTKEY
[ADMIN] [5/29/2017 14:14] [PENJUALAN] CASHIER FORM : UNREGISTER HOTKEY
[ADMIN] [5/29/2017 14:14] [PENJUALAN] CASHIER FORM : UNREGISTER HOTKEY
[] [5/29/2017 14:17] [] USER = ADMIN IS ACTIVE
[ADMIN] [5/29/2017 14:17] [] USER ID = 1 LOGIN SUCCESSFULLY
[ADMIN] [5/29/2017 14:17] [] ACTIVATE USER ACCESS RIGHT
[ADMIN] [5/29/2017 14:17] [] DISPLAY ADMIN FORM
[ADMIN] [5/29/2017 14:17] [] adminForm Load
[ADMIN] [5/29/2017 14:17] [] ACTIVATE USER ACCESS RIGHT
[ADMIN] [5/29/2017 14:17] [PENJUALAN] CASHIER FORM : REGISTER HOTKEY
[ADMIN] [5/29/2017 14:17] [PENJUALAN] CASHIER FORM : cashierForm_Load, ATTEMPT TO LOAD NO FAKTUR
[ADMIN] [5/29/2017 14:17] [PENJUALAN] CASHIER FORM : loadNoFaktur, noFakturValue [SLO001]
[ADMIN] [5/29/2017 14:17] [PENJUALAN] CASHIER FORM : cashierForm_Load, ATTEMPT TO addColumnToDataGrid
[ADMIN] [5/29/2017 14:17] [PENJUALAN] CASHIER FORM : UPDATE ROW NUMBER, TOTAL ROW [1]
[ADMIN] [5/29/2017 14:17] [PENJUALAN] CASHIER FORM : ADD NEW ROW,  isActive [True]
[ADMIN] [5/29/2017 14:17] [PENJUALAN] CASHIER FORM : ADD NEW ROW,  ROW COUNT [0]
[ADMIN] [5/29/2017 14:17] [PENJUALAN] CASHIER FORM : ADD NEW ROW,  ALLOW TO ADD [True]
[ADMIN] [5/29/2017 14:17] [PENJUALAN] CASHIER FORM : UPDATE ROW NUMBER, TOTAL ROW [1]
[ADMIN] [5/29/2017 14:17] [PENJUALAN] CASHIER FORM : UPDATE ROW NUMBER, TOTAL ROW [2]
[ADMIN] [5/29/2017 14:17] [PENJUALAN] CASHIER FORM : cashierDataGridView_CellValueChanged [F8]
[ADMIN] [5/29/2017 14:17] [PENJUALAN] CASHIER FORM : REGISTER HOTKEY
[ADMIN] [5/29/2017 14:17] [PENJUALAN] CASHIER FORM : UNREGISTER HOTKEY
[ADMIN] [5/29/2017 14:17] [PENJUALAN] CASHIER FORM : UNREGISTER HOTKEY
[ADMIN] [5/29/2017 14:17] [PENJUALAN] CASHIER FORM : REGISTER HOTKEY
[ADMIN] [5/29/2017 14:17] [PENJUALAN] CASHIER FORM : cashierForm_Load, ATTEMPT TO LOAD NO FAKTUR
[ADMIN] [5/29/2017 14:17] [PENJUALAN] CASHIER FORM : loadNoFaktur, noFakturValue [SLO001]
[ADMIN] [5/29/2017 14:17] [PENJUALAN] CASHIER FORM : cashierForm_Load, ATTEMPT TO addColumnToDataGrid
[ADMIN] [5/29/2017 14:17] [PENJUALAN] CASHIER FORM : UPDATE ROW NUMBER, TOTAL ROW [1]
[ADMIN] [5/29/2017 14:17] [PENJUALAN] CASHIER FORM : ADD NEW ROW,  isActive [True]
[ADMIN] [5/29/2017 14:17] [PENJUALAN] CASHIER FORM : ADD NEW ROW,  ROW COUNT [0]
[ADMIN] [5/29/2017 14:17] [PENJUALAN] CASHIER FORM : ADD NEW ROW,  ALLOW TO ADD [True]
[ADMIN] [5/29/2017 14:17] [PENJUALAN] CASHIER FORM : UPDATE ROW NUMBER, TOTAL ROW [1]
[ADMIN] [5/29/2017 14:17] [PENJUALAN] CASHIER FORM : ADD NEW ROW,  isActive [True]
[ADMIN] [5/29/2017 14:17] [PENJUALAN] CASHIER FORM : ADD NEW ROW,  ROW COUNT [1]
[ADMIN] [5/29/2017 14:17] [PENJUALAN] CASHIER FORM : ADD NEW ROW,  ALLOW TO ADD [True]
[ADMIN] [5/29/2017 14:17] [PENJUALAN] CASHIER FORM : UPDATE ROW NUMBER, TOTAL ROW [2]
[ADMIN] [5/29/2017 14:17] [PENJUALAN] CASHIER FORM : UPDATE ROW NUMBER, TOTAL ROW [3]
[ADMIN] [5/29/2017 14:17] [PENJUALAN] CASHIER FORM : cashierDataGridView_CellValueChanged [F8]
[ADMIN] [5/29/2017 14:17] [PENJUALAN] CASHIER FORM : REGISTER HOTKEY
[ADMIN] [5/29/2017 14:17] [PENJUALAN] CASHIER FORM : UNREGISTER HOTKEY
[ADMIN] [5/29/2017 14:17] [PENJUALAN] CASHIER FORM : UNREGISTER HOTKEY
[ADMIN] [5/29/2017 14:17] [PENJUALAN] CASHIER FORM : REGISTER HOTKEY
[ADMIN] [5/29/2017 14:17] [PENJUALAN] CASHIER FORM : cashierForm_Load, ATTEMPT TO LOAD NO FAKTUR
[ADMIN] [5/29/2017 14:17] [PENJUALAN] CASHIER FORM : loadNoFaktur, noFakturValue [SLO001]
[ADMIN] [5/29/2017 14:17] [PENJUALAN] CASHIER FORM : cashierForm_Load, ATTEMPT TO addColumnToDataGrid
[ADMIN] [5/29/2017 14:17] [PENJUALAN] CASHIER FORM : UPDATE ROW NUMBER, TOTAL ROW [1]
[ADMIN] [5/29/2017 14:17] [PENJUALAN] CASHIER FORM : ADD NEW ROW,  isActive [True]
[ADMIN] [5/29/2017 14:17] [PENJUALAN] CASHIER FORM : ADD NEW ROW,  ROW COUNT [0]
[ADMIN] [5/29/2017 14:17] [PENJUALAN] CASHIER FORM : ADD NEW ROW,  ALLOW TO ADD [True]
[ADMIN] [5/29/2017 14:17] [PENJUALAN] CASHIER FORM : UPDATE ROW NUMBER, TOTAL ROW [1]
[ADMIN] [5/29/2017 14:17] [PENJUALAN] CASHIER FORM : ADD NEW ROW,  isActive [True]
[ADMIN] [5/29/2017 14:17] [PENJUALAN] CASHIER FORM : ADD NEW ROW,  ROW COUNT [1]
[ADMIN] [5/29/2017 14:17] [PENJUALAN] CASHIER FORM : ADD NEW ROW,  ALLOW TO ADD [True]
[ADMIN] [5/29/2017 14:17] [PENJUALAN] CASHIER FORM : UPDATE ROW NUMBER, TOTAL ROW [2]
[ADMIN] [5/29/2017 14:17] [PENJUALAN] CASHIER FORM : UPDATE ROW NUMBER, TOTAL ROW [3]
[ADMIN] [5/29/2017 14:17] [PENJUALAN] CASHIER FORM : cashierDataGridView_CellValueChanged [F8]
[ADMIN] [5/29/2017 14:17] [PENJUALAN] CASHIER FORM : REGISTER HOTKEY
[ADMIN] [5/29/2017 14:17] [PENJUALAN] CASHIER FORM : UNREGISTER HOTKEY
[ADMIN] [5/29/2017 14:17] [PENJUALAN] CASHIER FORM : UNREGISTER HOTKEY
[ADMIN] [5/29/2017 14:17] [PENJUALAN] CASHIER FORM : REGISTER HOTKEY
[ADMIN] [5/29/2017 14:17] [PENJUALAN] CASHIER FORM : cashierForm_Load, ATTEMPT TO LOAD NO FAKTUR
[ADMIN] [5/29/2017 14:17] [PENJUALAN] CASHIER FORM : loadNoFaktur, noFakturValue [SLO001]
[ADMIN] [5/29/2017 14:17] [PENJUALAN] CASHIER FORM : cashierForm_Load, ATTEMPT TO addColumnToDataGrid
[ADMIN] [5/29/2017 14:17] [PENJUALAN] CASHIER FORM : UPDATE ROW NUMBER, TOTAL ROW [1]
[ADMIN] [5/29/2017 14:17] [PENJUALAN] CASHIER FORM : ADD NEW ROW,  isActive [True]
[ADMIN] [5/29/2017 14:17] [PENJUALAN] CASHIER FORM : ADD NEW ROW,  ROW COUNT [0]
[ADMIN] [5/29/2017 14:17] [PENJUALAN] CASHIER FORM : ADD NEW ROW,  ALLOW TO ADD [True]
[ADMIN] [5/29/2017 14:17] [PENJUALAN] CASHIER FORM : UPDATE ROW NUMBER, TOTAL ROW [1]
[ADMIN] [5/29/2017 14:17] [PENJUALAN] CASHIER FORM : UPDATE ROW NUMBER, TOTAL ROW [2]
[ADMIN] [5/29/2017 14:17] [PENJUALAN] CASHIER FORM : cashierDataGridView_CellValueChanged [F8]
[ADMIN] [5/29/2017 14:17] [PENJUALAN] CASHIER FORM : REGISTER HOTKEY
[ADMIN] [5/29/2017 14:17] [PENJUALAN] CASHIER FORM : UNREGISTER HOTKEY
[ADMIN] [5/29/2017 14:17] [PENJUALAN] CASHIER FORM : UNREGISTER HOTKEY
[ADMIN] [5/29/2017 14:18] [] USER ID = 1LOGOUT
