[] [07/10/2016 23.36] [] USER = ADMIN IS ACTIVE
[ADMIN] [07/10/2016 23.36] [] USER ID = 1 LOGIN SUCCESSFULLY
[ADMIN] [07/10/2016 23.36] [] ACTIVATE USER ACCESS RIGHT
[ADMIN] [07/10/2016 23.36] [] DISPLAY ADMIN FORM
[ADMIN] [07/10/2016 23.36] [] adminForm Load
[ADMIN] [07/10/2016 23.36] [] ACTIVATE USER ACCESS RIGHT
[] [07/10/2016 23.39] [] USER = ADMIN IS ACTIVE
[ADMIN] [07/10/2016 23.39] [] USER ID = 1 LOGIN SUCCESSFULLY
[ADMIN] [07/10/2016 23.39] [] ACTIVATE USER ACCESS RIGHT
[ADMIN] [07/10/2016 23.39] [] DISPLAY ADMIN FORM
[ADMIN] [07/10/2016 23.39] [] adminForm Load
[ADMIN] [07/10/2016 23.39] [] ACTIVATE USER ACCESS RIGHT
[] [08/10/2016 00.11] [] USER = ADMIN IS ACTIVE
[ADMIN] [08/10/2016 00.11] [] USER ID = 1 LOGIN SUCCESSFULLY
[ADMIN] [08/10/2016 00.11] [] ACTIVATE USER ACCESS RIGHT
[ADMIN] [08/10/2016 00.11] [] DISPLAY ADMIN FORM
[ADMIN] [08/10/2016 00.11] [] adminForm Load
[ADMIN] [08/10/2016 00.11] [] ACTIVATE USER ACCESS RIGHT
[] [08/10/2016 00.12] [] USER = ADMIN IS ACTIVE
[ADMIN] [08/10/2016 00.12] [] USER ID = 1 LOGIN SUCCESSFULLY
[ADMIN] [08/10/2016 00.12] [] ACTIVATE USER ACCESS RIGHT
[ADMIN] [08/10/2016 00.12] [] DISPLAY ADMIN FORM
[ADMIN] [08/10/2016 00.12] [] adminForm Load
[ADMIN] [08/10/2016 00.12] [] ACTIVATE USER ACCESS RIGHT
[] [08/10/2016 00.18] [] USER = ADMIN IS ACTIVE
[ADMIN] [08/10/2016 00.18] [] USER ID = 1 LOGIN SUCCESSFULLY
[ADMIN] [08/10/2016 00.18] [] ACTIVATE USER ACCESS RIGHT
[ADMIN] [08/10/2016 00.18] [] DISPLAY ADMIN FORM
[ADMIN] [08/10/2016 00.18] [] adminForm Load
[ADMIN] [08/10/2016 00.18] [] ACTIVATE USER ACCESS RIGHT
[ADMIN] [08/10/2016 00.19] [] USER ID = 1LOGOUT
[] [08/10/2016 00.27] [] USER = ADMIN IS ACTIVE
[] [08/10/2016 00.27] [] USER = ADMIN IS ACTIVE
[ADMIN] [08/10/2016 00.27] [] USER ID = 1 LOGIN SUCCESSFULLY
[ADMIN] [08/10/2016 00.27] [] ACTIVATE USER ACCESS RIGHT
[ADMIN] [08/10/2016 00.27] [] DISPLAY ADMIN FORM
[ADMIN] [08/10/2016 00.27] [] adminForm Load
[ADMIN] [08/10/2016 00.27] [] ACTIVATE USER ACCESS RIGHT
[] [11/10/2016 22.41] [] USER = ADMIN IS ACTIVE
[ADMIN] [11/10/2016 22.41] [] USER ID = 1 LOGIN SUCCESSFULLY
[ADMIN] [11/10/2016 22.41] [] ACTIVATE USER ACCESS RIGHT
[ADMIN] [11/10/2016 22.41] [] DISPLAY ADMIN FORM
[ADMIN] [11/10/2016 22.41] [] adminForm Load
[ADMIN] [11/10/2016 22.41] [] ACTIVATE USER ACCESS RIGHT
[ADMIN] [11/10/2016 22.42] [PENJUALAN] CASHIER FORM : MULTIPLE CASHIER INSTANCE [1]
[ADMIN] [11/10/2016 22.42] [PENJUALAN] CASHIER FORM : REGISTER HOTKEY
[ADMIN] [11/10/2016 22.42] [PENJUALAN] CASHIER FORM : cashierForm_Load, ATTEMPT TO LOAD NO FAKTUR
[ADMIN] [11/10/2016 22.42] [PENJUALAN] CASHIER FORM : loadNoFaktur, noFakturValue [SLO001]
[ADMIN] [11/10/2016 22.42] [PENJUALAN] CASHIER FORM : cashierForm_Load, ATTEMPT TO addColumnToDataGrid
[ADMIN] [11/10/2016 22.42] [PENJUALAN] CASHIER FORM : UPDATE ROW NUMBER, TOTAL ROW [1]
[ADMIN] [11/10/2016 22.42] [PENJUALAN] CASHIER FORM : cashierDataGridView_CellValueChanged [F8]
[ADMIN] [11/10/2016 22.42] [PENJUALAN] CASHIER FORM : calculateTotal
[ADMIN] [11/10/2016 22.42] [PENJUALAN] CASHIER FORM : calculateTotal [0]
[ADMIN] [11/10/2016 22.42] [PENJUALAN] CASHIER FORM : calculateTotal, totalAfterDisc [0]
[ADMIN] [11/10/2016 22.42] [PENJUALAN] CASHIER FORM : calculateChangeValue, bayarTextBox.Text [0]
[ADMIN] [11/10/2016 22.42] [PENJUALAN] CASHIER FORM : calculateChangeValue, sisaBayar [0]
[ADMIN] [11/10/2016 22.42] [PENJUALAN] CASHIER FORM : REGISTER HOTKEY
[ADMIN] [11/10/2016 22.42] [PENJUALAN] CASHIER FORM : HOTKEY TO ADD NEW ROW PRESSED
[] [11/10/2016 22.45] [] USER = ADMIN IS ACTIVE
[ADMIN] [11/10/2016 22.45] [] USER ID = 1 LOGIN SUCCESSFULLY
[ADMIN] [11/10/2016 22.45] [] ACTIVATE USER ACCESS RIGHT
[ADMIN] [11/10/2016 22.45] [] DISPLAY ADMIN FORM
[ADMIN] [11/10/2016 22.45] [] adminForm Load
[ADMIN] [11/10/2016 22.45] [] ACTIVATE USER ACCESS RIGHT
[ADMIN] [11/10/2016 22.45] [PENJUALAN] CASHIER FORM : MULTIPLE CASHIER INSTANCE [1]
[ADMIN] [11/10/2016 22.45] [PENJUALAN] CASHIER FORM : REGISTER HOTKEY
[ADMIN] [11/10/2016 22.45] [PENJUALAN] CASHIER FORM : cashierForm_Load, ATTEMPT TO LOAD NO FAKTUR
[ADMIN] [11/10/2016 22.45] [PENJUALAN] CASHIER FORM : loadNoFaktur, noFakturValue [SLO001]
[ADMIN] [11/10/2016 22.45] [PENJUALAN] CASHIER FORM : cashierForm_Load, ATTEMPT TO addColumnToDataGrid
[ADMIN] [11/10/2016 22.45] [PENJUALAN] CASHIER FORM : UPDATE ROW NUMBER, TOTAL ROW [1]
[ADMIN] [11/10/2016 22.45] [PENJUALAN] CASHIER FORM : cashierDataGridView_CellValueChanged [F8]
[ADMIN] [11/10/2016 22.45] [PENJUALAN] CASHIER FORM : calculateTotal
[ADMIN] [11/10/2016 22.45] [PENJUALAN] CASHIER FORM : calculateTotal [0]
[ADMIN] [11/10/2016 22.45] [PENJUALAN] CASHIER FORM : calculateTotal, totalAfterDisc [0]
[ADMIN] [11/10/2016 22.45] [PENJUALAN] CASHIER FORM : calculateChangeValue, bayarTextBox.Text [0]
[ADMIN] [11/10/2016 22.45] [PENJUALAN] CASHIER FORM : calculateChangeValue, sisaBayar [0]
[ADMIN] [11/10/2016 22.45] [PENJUALAN] CASHIER FORM : REGISTER HOTKEY
[ADMIN] [11/10/2016 22.45] [PENJUALAN] CASHIER FORM : Combobox_KeyUp, cashierDataGridView.CurrentCell.OwningColumn.Name  [productID]
[ADMIN] [11/10/2016 22.45] [PENJUALAN] CASHIER FORM : HOTKEY TO ADD NEW ROW PRESSED
[] [11/10/2016 22.48] [] USER = ADMIN IS ACTIVE
[ADMIN] [11/10/2016 22.48] [] USER ID = 1 LOGIN SUCCESSFULLY
[ADMIN] [11/10/2016 22.48] [] ACTIVATE USER ACCESS RIGHT
[ADMIN] [11/10/2016 22.48] [] DISPLAY ADMIN FORM
[ADMIN] [11/10/2016 22.48] [] adminForm Load
[ADMIN] [11/10/2016 22.48] [] ACTIVATE USER ACCESS RIGHT
[ADMIN] [11/10/2016 22.48] [PENJUALAN] CASHIER FORM : MULTIPLE CASHIER INSTANCE [1]
[ADMIN] [11/10/2016 22.48] [PENJUALAN] CASHIER FORM : REGISTER HOTKEY
[ADMIN] [11/10/2016 22.48] [PENJUALAN] CASHIER FORM : cashierForm_Load, ATTEMPT TO LOAD NO FAKTUR
[ADMIN] [11/10/2016 22.48] [PENJUALAN] CASHIER FORM : loadNoFaktur, noFakturValue [SLO001]
[ADMIN] [11/10/2016 22.48] [PENJUALAN] CASHIER FORM : cashierForm_Load, ATTEMPT TO addColumnToDataGrid
[ADMIN] [11/10/2016 22.48] [PENJUALAN] CASHIER FORM : UPDATE ROW NUMBER, TOTAL ROW [1]
[ADMIN] [11/10/2016 22.48] [PENJUALAN] CASHIER FORM : cashierDataGridView_CellValueChanged [F8]
[ADMIN] [11/10/2016 22.48] [PENJUALAN] CASHIER FORM : calculateTotal
[ADMIN] [11/10/2016 22.48] [PENJUALAN] CASHIER FORM : calculateTotal [0]
[ADMIN] [11/10/2016 22.48] [PENJUALAN] CASHIER FORM : calculateTotal, totalAfterDisc [0]
[ADMIN] [11/10/2016 22.48] [PENJUALAN] CASHIER FORM : calculateChangeValue, bayarTextBox.Text [0]
[ADMIN] [11/10/2016 22.48] [PENJUALAN] CASHIER FORM : calculateChangeValue, sisaBayar [0]
[ADMIN] [11/10/2016 22.48] [PENJUALAN] CASHIER FORM : REGISTER HOTKEY
[ADMIN] [11/10/2016 22.48] [PENJUALAN] CASHIER FORM : Combobox_KeyUp, cashierDataGridView.CurrentCell.OwningColumn.Name  [productID]
[ADMIN] [11/10/2016 22.48] [PENJUALAN] CASHIER FORM : HOTKEY TO ADD NEW ROW PRESSED
[ADMIN] [11/10/2016 22.48] [PENJUALAN] CASHIER FORM : HOTKEY TO OPEN PRODUK SEARCH FORM PRESSED
[ADMIN] [11/10/2016 22.48] [PENJUALAN] CASHIER FORM : UNREGISTER HOTKEY
[ADMIN] [11/10/2016 22.48] [PENJUALAN] CASHIER FORM : REGISTER HOTKEY
[ADMIN] [11/10/2016 22.48] [PENJUALAN] CASHIER FORM : UNREGISTER HOTKEY
[ADMIN] [11/10/2016 22.48] [PENJUALAN] CASHIER FORM : REGISTER HOTKEY
[ADMIN] [11/10/2016 22.48] [PENJUALAN] CASHIER FORM : HOTKEY TO OPEN PRODUK SEARCH FORM PRESSED
[ADMIN] [11/10/2016 22.48] [PENJUALAN] CASHIER FORM : HOTKEY TO OPEN PRODUK SEARCH FORM PRESSED
[ADMIN] [11/10/2016 22.48] [PENJUALAN] CASHIER FORM : HOTKEY TO OPEN PRODUK SEARCH FORM PRESSED
[ADMIN] [11/10/2016 22.49] [PENJUALAN] CASHIER FORM : UNREGISTER HOTKEY
[ADMIN] [11/10/2016 22.49] [PENJUALAN] CASHIER FORM : REGISTER HOTKEY
[ADMIN] [11/10/2016 22.49] [PENJUALAN] CASHIER FORM : HOTKEY TO ADD NEW ROW PRESSED
[ADMIN] [11/10/2016 22.49] [PENJUALAN] CASHIER FORM : UNREGISTER HOTKEY
[ADMIN] [11/10/2016 22.49] [PENJUALAN] CASHIER FORM : REGISTER HOTKEY
[ADMIN] [11/10/2016 22.49] [PENJUALAN] CASHIER FORM : HOTKEY TO OPEN PRODUK SEARCH FORM PRESSED
[ADMIN] [11/10/2016 22.49] [PENJUALAN] CASHIER FORM : UNREGISTER HOTKEY
[ADMIN] [11/10/2016 22.49] [PENJUALAN] CASHIER FORM : ADD NEW ROW FROM BARCODE [ALPO PUPPY 1 KG]
[ADMIN] [11/10/2016 22.49] [PENJUALAN] CASHIER FORM : ADD NEW ROW,  isActive [False]
[ADMIN] [11/10/2016 22.49] [PENJUALAN] CASHIER FORM : ADD NEW ROW,  ROW COUNT [0]
[ADMIN] [11/10/2016 22.49] [PENJUALAN] CASHIER FORM : ADD NEW ROW,  ALLOW TO ADD [True]
[ADMIN] [11/10/2016 22.49] [PENJUALAN] CASHIER FORM : UPDATE ROW NUMBER, TOTAL ROW [1]
[ADMIN] [11/10/2016 22.49] [PENJUALAN] CASHIER FORM : cashierDataGridView_CellValueChanged [F8]
[ADMIN] [11/10/2016 22.49] [PENJUALAN] CASHIER FORM : cashierDataGridView_CellValueChanged [hpp]
[ADMIN] [11/10/2016 22.49] [PENJUALAN] CASHIER FORM : cashierDataGridView_CellValueChanged [productPrice]
[ADMIN] [11/10/2016 22.49] [PENJUALAN] CASHIER FORM : cashierDataGridView_CellValueChanged, previousInput [0]
[ADMIN] [11/10/2016 22.49] [PENJUALAN] CASHIER FORM : cashierDataGridView_CellValueChanged [qty]
[ADMIN] [11/10/2016 22.49] [PENJUALAN] CASHIER FORM : cashierDataGridView_CellValueChanged, previousInput [0]
[ADMIN] [11/10/2016 22.49] [PENJUALAN] CASHIER FORM : cashierDataGridView_CellValueChanged [jumlah]
[ADMIN] [11/10/2016 22.49] [PENJUALAN] CASHIER FORM : NEW ROW ADDED [0]
[ADMIN] [11/10/2016 22.49] [PENJUALAN] CASHIER FORM : updateSomeRowContents
[ADMIN] [11/10/2016 22.49] [PENJUALAN] CASHIER FORM : cashierDataGridView_CellValueChanged [productID]
[ADMIN] [11/10/2016 22.49] [PENJUALAN] CASHIER FORM : cashierDataGridView_CellValueChanged [productName]
[ADMIN] [11/10/2016 22.49] [PENJUALAN] CASHIER FORM : updateSomeRowContents
[ADMIN] [11/10/2016 22.49] [PENJUALAN] CASHIER FORM : PRODUCT PRICE TYPE [PRODUCT_BASE_PRICE]
[ADMIN] [11/10/2016 22.49] [PENJUALAN] CASHIER FORM : PRODUCT PRICE [26625]
[ADMIN] [11/10/2016 22.49] [PENJUALAN] CASHIER FORM : ComboBox_SelectedIndexChanged, PRODUCT_BASE_PRICE [26625]
[ADMIN] [11/10/2016 22.49] [PENJUALAN] CASHIER FORM : cashierDataGridView_CellValueChanged [hpp]
[ADMIN] [11/10/2016 22.49] [PENJUALAN] CASHIER FORM : PRODUCT PRICE TYPE [PRODUCT_RETAIL_PRICE]
[ADMIN] [11/10/2016 22.49] [PENJUALAN] CASHIER FORM : PRODUCT PRICE [34000]
[ADMIN] [11/10/2016 22.49] [PENJUALAN] CASHIER FORM : ComboBox_SelectedIndexChanged, PRODUCT_SALES_PRICE [34000]
[ADMIN] [11/10/2016 22.49] [PENJUALAN] CASHIER FORM : cashierDataGridView_CellValueChanged [productPrice]
[ADMIN] [11/10/2016 22.49] [PENJUALAN] CASHIER FORM : cashierDataGridView_CellValueChanged, previousInput [0]
[ADMIN] [11/10/2016 22.49] [PENJUALAN] CASHIER FORM : cashierDataGridView_CellValueChanged, cellValue [34000]
[ADMIN] [11/10/2016 22.49] [PENJUALAN] CASHIER FORM : cashierDataGridView_CellValueChanged, dataGridViewTextBoxEditingControl.Text pass REGEX Checking
[ADMIN] [11/10/2016 22.49] [PENJUALAN] CASHIER FORM : CALCULATE SUBTOTAL
[ADMIN] [11/10/2016 22.49] [PENJUALAN] CASHIER FORM : SUBTOTAL [0]
[ADMIN] [11/10/2016 22.49] [PENJUALAN] CASHIER FORM : cashierDataGridView_CellValueChanged, subtotal value [0]
[ADMIN] [11/10/2016 22.49] [PENJUALAN] CASHIER FORM : cashierDataGridView_CellValueChanged [jumlah]
[ADMIN] [11/10/2016 22.49] [PENJUALAN] CASHIER FORM : cashierDataGridView_CellValueChanged, attempt to calculate total value
[ADMIN] [11/10/2016 22.49] [PENJUALAN] CASHIER FORM : calculateTotal
[ADMIN] [11/10/2016 22.49] [PENJUALAN] CASHIER FORM : calculateTotal [0]
[ADMIN] [11/10/2016 22.49] [PENJUALAN] CASHIER FORM : calculateTotal, totalAfterDisc [0]
[ADMIN] [11/10/2016 22.49] [PENJUALAN] CASHIER FORM : calculateChangeValue, bayarTextBox.Text [0]
[ADMIN] [11/10/2016 22.49] [PENJUALAN] CASHIER FORM : calculateChangeValue, sisaBayar [0]
[ADMIN] [11/10/2016 22.49] [PENJUALAN] CASHIER FORM : cashierDataGridView_CellValueChanged [qty]
[ADMIN] [11/10/2016 22.49] [PENJUALAN] CASHIER FORM : cashierDataGridView_CellValueChanged, previousInput [0]
[ADMIN] [11/10/2016 22.49] [PENJUALAN] CASHIER FORM : cashierDataGridView_CellValueChanged [jumlah]
[ADMIN] [11/10/2016 22.49] [PENJUALAN] CASHIER FORM : calculateTotal
[ADMIN] [11/10/2016 22.49] [PENJUALAN] CASHIER FORM : calculateTotal [0]
[ADMIN] [11/10/2016 22.49] [PENJUALAN] CASHIER FORM : calculateTotal, totalAfterDisc [0]
[ADMIN] [11/10/2016 22.49] [PENJUALAN] CASHIER FORM : calculateChangeValue, bayarTextBox.Text [0]
[ADMIN] [11/10/2016 22.49] [PENJUALAN] CASHIER FORM : calculateChangeValue, sisaBayar [0]
[ADMIN] [11/10/2016 22.49] [PENJUALAN] CASHIER FORM : CHECK STOCK QTY IS ENOUGH [ALPO-P1]
[ADMIN] [11/10/2016 22.49] [PENJUALAN] CASHIER FORM : CHECK STOCK QTY IS ENOUGH [70, 1]
[ADMIN] [11/10/2016 22.49] [PENJUALAN] CASHIER FORM : cashierDataGridView_CellValueChanged [qty]
[ADMIN] [11/10/2016 22.49] [PENJUALAN] CASHIER FORM : cashierDataGridView_CellValueChanged, previousInput [0]
[ADMIN] [11/10/2016 22.49] [PENJUALAN] CASHIER FORM : cashierDataGridView_CellValueChanged, cellValue [1]
[ADMIN] [11/10/2016 22.49] [PENJUALAN] CASHIER FORM : cashierDataGridView_CellValueChanged, dataGridViewTextBoxEditingControl.Text pass REGEX Checking
[ADMIN] [11/10/2016 22.49] [PENJUALAN] CASHIER FORM : CHECK STOCK QTY IS ENOUGH [ALPO-P1]
[ADMIN] [11/10/2016 22.49] [PENJUALAN] CASHIER FORM : CHECK STOCK QTY IS ENOUGH [70, 1]
[ADMIN] [11/10/2016 22.49] [PENJUALAN] CASHIER FORM : CALCULATE SUBTOTAL
[ADMIN] [11/10/2016 22.49] [PENJUALAN] CASHIER FORM : SUBTOTAL [34000]
[ADMIN] [11/10/2016 22.49] [PENJUALAN] CASHIER FORM : cashierDataGridView_CellValueChanged, subtotal value [34000]
[ADMIN] [11/10/2016 22.49] [PENJUALAN] CASHIER FORM : cashierDataGridView_CellValueChanged [jumlah]
[ADMIN] [11/10/2016 22.49] [PENJUALAN] CASHIER FORM : cashierDataGridView_CellValueChanged, attempt to calculate total value
[ADMIN] [11/10/2016 22.49] [PENJUALAN] CASHIER FORM : calculateTotal
[ADMIN] [11/10/2016 22.49] [PENJUALAN] CASHIER FORM : calculateTotal [34000]
[ADMIN] [11/10/2016 22.49] [PENJUALAN] CASHIER FORM : calculateTotal, totalAfterDisc [34000]
[ADMIN] [11/10/2016 22.49] [PENJUALAN] CASHIER FORM : calculateChangeValue, bayarTextBox.Text [0]
[ADMIN] [11/10/2016 22.49] [PENJUALAN] CASHIER FORM : calculateChangeValue, sisaBayar [0]
[ADMIN] [11/10/2016 22.49] [PENJUALAN] CASHIER FORM : SET QTY TO 1 BECAUSE OF NEW ROW
[ADMIN] [11/10/2016 22.49] [PENJUALAN] CASHIER FORM : CALCULATE SUBTOTAL
[ADMIN] [11/10/2016 22.49] [PENJUALAN] CASHIER FORM : SUBTOTAL [34000]
[ADMIN] [11/10/2016 22.49] [PENJUALAN] CASHIER FORM : calculateTotal
[ADMIN] [11/10/2016 22.49] [PENJUALAN] CASHIER FORM : calculateTotal [34000]
[ADMIN] [11/10/2016 22.49] [PENJUALAN] CASHIER FORM : calculateTotal, totalAfterDisc [34000]
[ADMIN] [11/10/2016 22.49] [PENJUALAN] CASHIER FORM : calculateChangeValue, bayarTextBox.Text [0]
[ADMIN] [11/10/2016 22.49] [PENJUALAN] CASHIER FORM : calculateChangeValue, sisaBayar [0]
[ADMIN] [11/10/2016 22.49] [PENJUALAN] CASHIER FORM : UPDATE ROW NUMBER, TOTAL ROW [2]
[ADMIN] [11/10/2016 22.49] [PENJUALAN] CASHIER FORM : cashierDataGridView_CellValueChanged [F8]
[ADMIN] [11/10/2016 22.49] [PENJUALAN] CASHIER FORM : REGISTER HOTKEY
[ADMIN] [11/10/2016 22.49] [PENJUALAN] CASHIER FORM : HOTKEY TO ADD NEW ROW PRESSED
[] [11/10/2016 22.56] [] USER = ADMIN IS ACTIVE
[ADMIN] [11/10/2016 22.56] [] USER ID = 1 LOGIN SUCCESSFULLY
[ADMIN] [11/10/2016 22.56] [] ACTIVATE USER ACCESS RIGHT
[ADMIN] [11/10/2016 22.56] [] DISPLAY ADMIN FORM
[ADMIN] [11/10/2016 22.56] [] adminForm Load
[ADMIN] [11/10/2016 22.56] [] ACTIVATE USER ACCESS RIGHT
[ADMIN] [11/10/2016 22.56] [PENJUALAN] CASHIER FORM : MULTIPLE CASHIER INSTANCE [1]
[ADMIN] [11/10/2016 22.56] [PENJUALAN] CASHIER FORM : REGISTER HOTKEY
[ADMIN] [11/10/2016 22.56] [PENJUALAN] CASHIER FORM : cashierForm_Load, ATTEMPT TO LOAD NO FAKTUR
[ADMIN] [11/10/2016 22.56] [PENJUALAN] CASHIER FORM : loadNoFaktur, noFakturValue [SLO001]
[ADMIN] [11/10/2016 22.56] [PENJUALAN] CASHIER FORM : cashierForm_Load, ATTEMPT TO addColumnToDataGrid
[ADMIN] [11/10/2016 22.56] [PENJUALAN] CASHIER FORM : UPDATE ROW NUMBER, TOTAL ROW [1]
[ADMIN] [11/10/2016 22.56] [PENJUALAN] CASHIER FORM : cashierDataGridView_CellValueChanged [F8]
[ADMIN] [11/10/2016 22.56] [PENJUALAN] CASHIER FORM : calculateTotal
[ADMIN] [11/10/2016 22.56] [PENJUALAN] CASHIER FORM : calculateTotal [0]
[ADMIN] [11/10/2016 22.56] [PENJUALAN] CASHIER FORM : calculateTotal, totalAfterDisc [0]
[ADMIN] [11/10/2016 22.56] [PENJUALAN] CASHIER FORM : calculateChangeValue, bayarTextBox.Text [0]
[ADMIN] [11/10/2016 22.56] [PENJUALAN] CASHIER FORM : calculateChangeValue, sisaBayar [0]
[ADMIN] [11/10/2016 22.56] [PENJUALAN] CASHIER FORM : REGISTER HOTKEY
[ADMIN] [11/10/2016 22.56] [PENJUALAN] CASHIER FORM : HOTKEY TO ADD NEW ROW PRESSED
[ADMIN] [11/10/2016 22.56] [PENJUALAN] CASHIER FORM : Combobox_KeyUp, cashierDataGridView.CurrentCell.OwningColumn.Name  [productID]
[ADMIN] [11/10/2016 22.56] [PENJUALAN] CASHIER FORM : Combobox_previewKeyDown, cashierDataGridView.CurrentCell.OwningColumn.Name  [productID]
[ADMIN] [11/10/2016 22.56] [PENJUALAN] CASHIER FORM : UPDATE ROW NUMBER, TOTAL ROW [2]
[ADMIN] [11/10/2016 22.56] [PENJUALAN] CASHIER FORM : cashierDataGridView_CellValueChanged [F8]
[ADMIN] [11/10/2016 22.56] [PENJUALAN] CASHIER FORM : cashierDataGridView_CellValueChanged [productID]
[ADMIN] [11/10/2016 22.56] [PENJUALAN] CASHIER FORM : Combobox_KeyUp, cashierDataGridView.CurrentCell.OwningColumn.Name  [productID]
[ADMIN] [11/10/2016 22.56] [PENJUALAN] CASHIER FORM : Combobox_previewKeyDown, cashierDataGridView.CurrentCell.OwningColumn.Name  [productID]
[ADMIN] [11/10/2016 22.56] [PENJUALAN] CASHIER FORM : cashierDataGridView_CellValueChanged [productID]
[ADMIN] [11/10/2016 22.56] [PENJUALAN] CASHIER FORM : Combobox_KeyUp, cashierDataGridView.CurrentCell.OwningColumn.Name  [productID]
[ADMIN] [11/10/2016 22.56] [PENJUALAN] CASHIER FORM : HOTKEY TO ADD NEW ROW PRESSED
[] [11/10/2016 22.58] [] USER = ADMIN IS ACTIVE
[ADMIN] [11/10/2016 22.58] [] USER ID = 1 LOGIN SUCCESSFULLY
[ADMIN] [11/10/2016 22.58] [] ACTIVATE USER ACCESS RIGHT
[ADMIN] [11/10/2016 22.58] [] DISPLAY ADMIN FORM
[ADMIN] [11/10/2016 22.58] [] adminForm Load
[ADMIN] [11/10/2016 22.58] [] ACTIVATE USER ACCESS RIGHT
[ADMIN] [11/10/2016 22.58] [PENJUALAN] CASHIER FORM : MULTIPLE CASHIER INSTANCE [1]
[ADMIN] [11/10/2016 22.58] [PENJUALAN] CASHIER FORM : REGISTER HOTKEY
[ADMIN] [11/10/2016 22.58] [PENJUALAN] CASHIER FORM : cashierForm_Load, ATTEMPT TO LOAD NO FAKTUR
[ADMIN] [11/10/2016 22.58] [PENJUALAN] CASHIER FORM : loadNoFaktur, noFakturValue [SLO001]
[ADMIN] [11/10/2016 22.58] [PENJUALAN] CASHIER FORM : cashierForm_Load, ATTEMPT TO addColumnToDataGrid
[ADMIN] [11/10/2016 22.58] [PENJUALAN] CASHIER FORM : UPDATE ROW NUMBER, TOTAL ROW [1]
[ADMIN] [11/10/2016 22.58] [PENJUALAN] CASHIER FORM : cashierDataGridView_CellValueChanged [F8]
[ADMIN] [11/10/2016 22.58] [PENJUALAN] CASHIER FORM : calculateTotal
[ADMIN] [11/10/2016 22.58] [PENJUALAN] CASHIER FORM : calculateTotal [0]
[ADMIN] [11/10/2016 22.58] [PENJUALAN] CASHIER FORM : calculateTotal, totalAfterDisc [0]
[ADMIN] [11/10/2016 22.58] [PENJUALAN] CASHIER FORM : calculateChangeValue, bayarTextBox.Text [0]
[ADMIN] [11/10/2016 22.58] [PENJUALAN] CASHIER FORM : calculateChangeValue, sisaBayar [0]
[ADMIN] [11/10/2016 22.58] [PENJUALAN] CASHIER FORM : REGISTER HOTKEY
[ADMIN] [11/10/2016 22.58] [PENJUALAN] CASHIER FORM : Combobox_KeyUp, cashierDataGridView.CurrentCell.OwningColumn.Name  [productID]
[ADMIN] [11/10/2016 22.58] [PENJUALAN] CASHIER FORM : HOTKEY TO ADD NEW ROW PRESSED
[ADMIN] [11/10/2016 22.58] [PENJUALAN] CASHIER FORM : Combobox_KeyUp, cashierDataGridView.CurrentCell.OwningColumn.Name  [productID]
[ADMIN] [11/10/2016 22.58] [PENJUALAN] CASHIER FORM : Combobox_previewKeyDown, cashierDataGridView.CurrentCell.OwningColumn.Name  [productID]
[ADMIN] [11/10/2016 22.58] [PENJUALAN] CASHIER FORM : UPDATE ROW NUMBER, TOTAL ROW [2]
[ADMIN] [11/10/2016 22.58] [PENJUALAN] CASHIER FORM : cashierDataGridView_CellValueChanged [F8]
[ADMIN] [11/10/2016 22.58] [PENJUALAN] CASHIER FORM : cashierDataGridView_CellValueChanged [productID]
[ADMIN] [11/10/2016 22.58] [PENJUALAN] CASHIER FORM : Combobox_KeyUp, cashierDataGridView.CurrentCell.OwningColumn.Name  [productID]
[ADMIN] [11/10/2016 22.58] [PENJUALAN] CASHIER FORM : HOTKEY TO ADD NEW ROW PRESSED
[ADMIN] [11/10/2016 22.58] [PENJUALAN] CASHIER FORM : Combobox_KeyUp, cashierDataGridView.CurrentCell.OwningColumn.Name  [productID]
[ADMIN] [11/10/2016 22.58] [PENJUALAN] CASHIER FORM : Combobox_KeyUp, cashierDataGridView.CurrentCell.OwningColumn.Name  [productID]
[ADMIN] [11/10/2016 22.58] [PENJUALAN] CASHIER FORM : HOTKEY TO ADD NEW ROW PRESSED
[] [11/10/2016 23.04] [] USER = ADMIN IS ACTIVE
[ADMIN] [11/10/2016 23.04] [] USER ID = 1 LOGIN SUCCESSFULLY
[ADMIN] [11/10/2016 23.05] [] ACTIVATE USER ACCESS RIGHT
[ADMIN] [11/10/2016 23.05] [] DISPLAY ADMIN FORM
[ADMIN] [11/10/2016 23.05] [] adminForm Load
[ADMIN] [11/10/2016 23.05] [] ACTIVATE USER ACCESS RIGHT
[ADMIN] [11/10/2016 23.05] [PENJUALAN] CASHIER FORM : MULTIPLE CASHIER INSTANCE [1]
[ADMIN] [11/10/2016 23.05] [PENJUALAN] CASHIER FORM : REGISTER HOTKEY
[ADMIN] [11/10/2016 23.05] [PENJUALAN] CASHIER FORM : cashierForm_Load, ATTEMPT TO LOAD NO FAKTUR
[ADMIN] [11/10/2016 23.05] [PENJUALAN] CASHIER FORM : loadNoFaktur, noFakturValue [SLO001]
[ADMIN] [11/10/2016 23.05] [PENJUALAN] CASHIER FORM : cashierForm_Load, ATTEMPT TO addColumnToDataGrid
[ADMIN] [11/10/2016 23.05] [PENJUALAN] CASHIER FORM : UPDATE ROW NUMBER, TOTAL ROW [1]
[ADMIN] [11/10/2016 23.05] [PENJUALAN] CASHIER FORM : cashierDataGridView_CellValueChanged [F8]
[ADMIN] [11/10/2016 23.05] [PENJUALAN] CASHIER FORM : calculateTotal
[ADMIN] [11/10/2016 23.05] [PENJUALAN] CASHIER FORM : calculateTotal [0]
[ADMIN] [11/10/2016 23.05] [PENJUALAN] CASHIER FORM : calculateTotal, totalAfterDisc [0]
[ADMIN] [11/10/2016 23.05] [PENJUALAN] CASHIER FORM : calculateChangeValue, bayarTextBox.Text [0]
[ADMIN] [11/10/2016 23.05] [PENJUALAN] CASHIER FORM : calculateChangeValue, sisaBayar [0]
[ADMIN] [11/10/2016 23.05] [PENJUALAN] CASHIER FORM : REGISTER HOTKEY
[ADMIN] [11/10/2016 23.05] [PENJUALAN] CASHIER FORM : Combobox_KeyUp, cashierDataGridView.CurrentCell.OwningColumn.Name  [productID]
[ADMIN] [11/10/2016 23.05] [PENJUALAN] CASHIER FORM : Combobox_previewKeyDown, cashierDataGridView.CurrentCell.OwningColumn.Name  [productID]
[ADMIN] [11/10/2016 23.05] [PENJUALAN] CASHIER FORM : UPDATE ROW NUMBER, TOTAL ROW [2]
[ADMIN] [11/10/2016 23.05] [PENJUALAN] CASHIER FORM : cashierDataGridView_CellValueChanged [F8]
[ADMIN] [11/10/2016 23.05] [PENJUALAN] CASHIER FORM : cashierDataGridView_CellValueChanged [productID]
[ADMIN] [11/10/2016 23.05] [PENJUALAN] CASHIER FORM : Combobox_KeyUp, cashierDataGridView.CurrentCell.OwningColumn.Name  [productID]
[ADMIN] [11/10/2016 23.05] [PENJUALAN] CASHIER FORM : Combobox_previewKeyDown, cashierDataGridView.CurrentCell.OwningColumn.Name  [productID]
[ADMIN] [11/10/2016 23.05] [PENJUALAN] CASHIER FORM : Combobox_KeyUp, cashierDataGridView.CurrentCell.OwningColumn.Name  [productName]
[ADMIN] [11/10/2016 23.05] [PENJUALAN] CASHIER FORM : Combobox_KeyUp, cashierDataGridView.CurrentCell.OwningColumn.Name  [productName]
[ADMIN] [11/10/2016 23.05] [PENJUALAN] CASHIER FORM : Combobox_KeyUp, cashierDataGridView.CurrentCell.OwningColumn.Name  [productName]
[ADMIN] [11/10/2016 23.05] [PENJUALAN] CASHIER FORM : Combobox_KeyUp, cashierDataGridView.CurrentCell.OwningColumn.Name  [productName]
[ADMIN] [11/10/2016 23.05] [PENJUALAN] CASHIER FORM : productName_previewKeyDown, cashierDataGridView.CurrentCell.OwningColumn.Name  [productName]
[ADMIN] [11/10/2016 23.05] [PENJUALAN] CASHIER FORM : productName_previewKeyDown, cashierDataGridView.CurrentCell.OwningColumn.Name  [productName]
[ADMIN] [11/10/2016 23.05] [PENJUALAN] CASHIER FORM : productName_previewKeyDown, cashierDataGridView.CurrentCell.OwningColumn.Name  [productName]
[ADMIN] [11/10/2016 23.05] [PENJUALAN] CASHIER FORM : Combobox_previewKeyDown, cashierDataGridView.CurrentCell.OwningColumn.Name  [productID]
[ADMIN] [11/10/2016 23.05] [PENJUALAN] CASHIER FORM : Combobox_previewKeyDown, cashierDataGridView.CurrentCell.OwningColumn.Name  [productID]
[ADMIN] [11/10/2016 23.05] [PENJUALAN] CASHIER FORM : UPDATE ROW NUMBER, TOTAL ROW [3]
[ADMIN] [11/10/2016 23.05] [PENJUALAN] CASHIER FORM : cashierDataGridView_CellValueChanged [F8]
[ADMIN] [11/10/2016 23.05] [PENJUALAN] CASHIER FORM : cashierDataGridView_CellValueChanged [productID]
[ADMIN] [11/10/2016 23.05] [PENJUALAN] CASHIER FORM : Combobox_KeyUp, cashierDataGridView.CurrentCell.OwningColumn.Name  [productID]
[ADMIN] [11/10/2016 23.05] [PENJUALAN] CASHIER FORM : Combobox_KeyUp, cashierDataGridView.CurrentCell.OwningColumn.Name  [productID]
[ADMIN] [11/10/2016 23.05] [PENJUALAN] CASHIER FORM : Combobox_KeyUp, cashierDataGridView.CurrentCell.OwningColumn.Name  [productID]
[ADMIN] [11/10/2016 23.05] [PENJUALAN] CASHIER FORM : Combobox_KeyUp, cashierDataGridView.CurrentCell.OwningColumn.Name  [productID]
[ADMIN] [11/10/2016 23.05] [PENJUALAN] CASHIER FORM : Combobox_previewKeyDown, cashierDataGridView.CurrentCell.OwningColumn.Name  [productID]
[ADMIN] [11/10/2016 23.05] [PENJUALAN] CASHIER FORM : Combobox_previewKeyDown, cashierDataGridView.CurrentCell.OwningColumn.Name  [productID]
[ADMIN] [11/10/2016 23.05] [PENJUALAN] CASHIER FORM : HOTKEY TO ADD NEW ROW PRESSED
[ADMIN] [11/10/2016 23.05] [PENJUALAN] CASHIER FORM : Combobox_KeyUp, cashierDataGridView.CurrentCell.OwningColumn.Name  [productID]
[ADMIN] [11/10/2016 23.05] [PENJUALAN] CASHIER FORM : Combobox_KeyUp, cashierDataGridView.CurrentCell.OwningColumn.Name  [productID]
[ADMIN] [11/10/2016 23.05] [PENJUALAN] CASHIER FORM : Combobox_KeyUp, cashierDataGridView.CurrentCell.OwningColumn.Name  [productID]
[ADMIN] [11/10/2016 23.05] [PENJUALAN] CASHIER FORM : Combobox_KeyUp, cashierDataGridView.CurrentCell.OwningColumn.Name  [productID]
[ADMIN] [11/10/2016 23.05] [PENJUALAN] CASHIER FORM : Combobox_KeyUp, cashierDataGridView.CurrentCell.OwningColumn.Name  [productID]
[ADMIN] [11/10/2016 23.05] [PENJUALAN] CASHIER FORM : Combobox_KeyUp, cashierDataGridView.CurrentCell.OwningColumn.Name  [productID]
[ADMIN] [11/10/2016 23.05] [PENJUALAN] CASHIER FORM : HOTKEY TO ADD NEW ROW PRESSED
[ADMIN] [11/10/2016 23.05] [PENJUALAN] CASHIER FORM : Combobox_KeyUp, cashierDataGridView.CurrentCell.OwningColumn.Name  [productID]
[ADMIN] [11/10/2016 23.05] [PENJUALAN] CASHIER FORM : Combobox_KeyUp, cashierDataGridView.CurrentCell.OwningColumn.Name  [productID]
[ADMIN] [11/10/2016 23.05] [PENJUALAN] CASHIER FORM : Combobox_KeyUp, cashierDataGridView.CurrentCell.OwningColumn.Name  [productID]
[ADMIN] [11/10/2016 23.05] [PENJUALAN] CASHIER FORM : Combobox_KeyUp, cashierDataGridView.CurrentCell.OwningColumn.Name  [productID]
[ADMIN] [11/10/2016 23.05] [PENJUALAN] CASHIER FORM : Combobox_KeyUp, cashierDataGridView.CurrentCell.OwningColumn.Name  [productID]
[ADMIN] [11/10/2016 23.05] [PENJUALAN] CASHIER FORM : Combobox_KeyUp, cashierDataGridView.CurrentCell.OwningColumn.Name  [productID]
[ADMIN] [11/10/2016 23.05] [PENJUALAN] CASHIER FORM : HOTKEY TO ADD NEW ROW PRESSED
[ADMIN] [11/10/2016 23.05] [PENJUALAN] CASHIER FORM : Combobox_KeyUp, cashierDataGridView.CurrentCell.OwningColumn.Name  [productID]
[ADMIN] [11/10/2016 23.05] [PENJUALAN] CASHIER FORM : Combobox_KeyUp, cashierDataGridView.CurrentCell.OwningColumn.Name  [productID]
[ADMIN] [11/10/2016 23.05] [PENJUALAN] CASHIER FORM : Combobox_KeyUp, cashierDataGridView.CurrentCell.OwningColumn.Name  [productID]
[ADMIN] [11/10/2016 23.05] [PENJUALAN] CASHIER FORM : Combobox_KeyUp, cashierDataGridView.CurrentCell.OwningColumn.Name  [productID]
[ADMIN] [11/10/2016 23.05] [PENJUALAN] CASHIER FORM : Combobox_KeyUp, cashierDataGridView.CurrentCell.OwningColumn.Name  [productID]
[ADMIN] [11/10/2016 23.05] [PENJUALAN] CASHIER FORM : Combobox_KeyUp, cashierDataGridView.CurrentCell.OwningColumn.Name  [productID]
[ADMIN] [11/10/2016 23.05] [PENJUALAN] CASHIER FORM : Combobox_previewKeyDown, cashierDataGridView.CurrentCell.OwningColumn.Name  [productID]
[ADMIN] [11/10/2016 23.05] [PENJUALAN] CASHIER FORM : Combobox_previewKeyDown, cashierDataGridView.CurrentCell.OwningColumn.Name  [productID]
[ADMIN] [11/10/2016 23.05] [PENJUALAN] CASHIER FORM : Combobox_previewKeyDown, cashierDataGridView.CurrentCell.OwningColumn.Name  [productID]
[ADMIN] [11/10/2016 23.05] [PENJUALAN] CASHIER FORM : Combobox_previewKeyDown, cashierDataGridView.CurrentCell.OwningColumn.Name  [productID]
[ADMIN] [11/10/2016 23.05] [PENJUALAN] CASHIER FORM : Combobox_previewKeyDown, cashierDataGridView.CurrentCell.OwningColumn.Name  [productID]
[ADMIN] [11/10/2016 23.05] [PENJUALAN] CASHIER FORM : Combobox_previewKeyDown, cashierDataGridView.CurrentCell.OwningColumn.Name  [productID]
[ADMIN] [11/10/2016 23.05] [PENJUALAN] CASHIER FORM : Combobox_previewKeyDown, cashierDataGridView.CurrentCell.OwningColumn.Name  [productID]
[ADMIN] [11/10/2016 23.05] [PENJUALAN] CASHIER FORM : Combobox_previewKeyDown, cashierDataGridView.CurrentCell.OwningColumn.Name  [productID]
[ADMIN] [11/10/2016 23.05] [PENJUALAN] CASHIER FORM : Combobox_previewKeyDown, cashierDataGridView.CurrentCell.OwningColumn.Name  [productID]
[ADMIN] [11/10/2016 23.05] [PENJUALAN] CASHIER FORM : HOTKEY TO ADD NEW ROW PRESSED
[ADMIN] [11/10/2016 23.05] [PENJUALAN] CASHIER FORM : Combobox_KeyUp, cashierDataGridView.CurrentCell.OwningColumn.Name  [productID]
[ADMIN] [11/10/2016 23.05] [PENJUALAN] CASHIER FORM : Combobox_KeyUp, cashierDataGridView.CurrentCell.OwningColumn.Name  [productID]
[ADMIN] [11/10/2016 23.05] [PENJUALAN] CASHIER FORM : Combobox_KeyUp, cashierDataGridView.CurrentCell.OwningColumn.Name  [productID]
[ADMIN] [11/10/2016 23.05] [PENJUALAN] CASHIER FORM : Combobox_KeyUp, cashierDataGridView.CurrentCell.OwningColumn.Name  [productID]
[ADMIN] [11/10/2016 23.05] [PENJUALAN] CASHIER FORM : Combobox_KeyUp, cashierDataGridView.CurrentCell.OwningColumn.Name  [productID]
[ADMIN] [11/10/2016 23.05] [PENJUALAN] CASHIER FORM : Combobox_KeyUp, cashierDataGridView.CurrentCell.OwningColumn.Name  [productID]
[ADMIN] [11/10/2016 23.05] [PENJUALAN] CASHIER FORM : Combobox_KeyUp, cashierDataGridView.CurrentCell.OwningColumn.Name  [productID]
[ADMIN] [11/10/2016 23.05] [PENJUALAN] CASHIER FORM : Combobox_KeyUp, cashierDataGridView.CurrentCell.OwningColumn.Name  [productID]
[ADMIN] [11/10/2016 23.05] [PENJUALAN] CASHIER FORM : HOTKEY TO ADD NEW ROW PRESSED
[ADMIN] [11/10/2016 23.05] [PENJUALAN] CASHIER FORM : Combobox_KeyUp, cashierDataGridView.CurrentCell.OwningColumn.Name  [productID]
[ADMIN] [11/10/2016 23.05] [PENJUALAN] CASHIER FORM : Combobox_KeyUp, cashierDataGridView.CurrentCell.OwningColumn.Name  [productID]
[ADMIN] [11/10/2016 23.05] [PENJUALAN] CASHIER FORM : Combobox_KeyUp, cashierDataGridView.CurrentCell.OwningColumn.Name  [productID]
[ADMIN] [11/10/2016 23.05] [PENJUALAN] CASHIER FORM : Combobox_KeyUp, cashierDataGridView.CurrentCell.OwningColumn.Name  [productID]
[ADMIN] [11/10/2016 23.05] [PENJUALAN] CASHIER FORM : Combobox_KeyUp, cashierDataGridView.CurrentCell.OwningColumn.Name  [productID]
[ADMIN] [11/10/2016 23.05] [PENJUALAN] CASHIER FORM : Combobox_KeyUp, cashierDataGridView.CurrentCell.OwningColumn.Name  [productID]
[ADMIN] [11/10/2016 23.05] [PENJUALAN] CASHIER FORM : Combobox_KeyUp, cashierDataGridView.CurrentCell.OwningColumn.Name  [productID]
[ADMIN] [11/10/2016 23.05] [PENJUALAN] CASHIER FORM : Combobox_KeyUp, cashierDataGridView.CurrentCell.OwningColumn.Name  [productID]
[ADMIN] [11/10/2016 23.05] [PENJUALAN] CASHIER FORM : HOTKEY TO ADD NEW ROW PRESSED
[ADMIN] [11/10/2016 23.05] [PENJUALAN] CASHIER FORM : Combobox_KeyUp, cashierDataGridView.CurrentCell.OwningColumn.Name  [productID]
[ADMIN] [11/10/2016 23.05] [PENJUALAN] CASHIER FORM : Combobox_KeyUp, cashierDataGridView.CurrentCell.OwningColumn.Name  [productID]
[ADMIN] [11/10/2016 23.05] [PENJUALAN] CASHIER FORM : Combobox_KeyUp, cashierDataGridView.CurrentCell.OwningColumn.Name  [productID]
[ADMIN] [11/10/2016 23.05] [PENJUALAN] CASHIER FORM : Combobox_KeyUp, cashierDataGridView.CurrentCell.OwningColumn.Name  [productID]
[ADMIN] [11/10/2016 23.05] [PENJUALAN] CASHIER FORM : Combobox_KeyUp, cashierDataGridView.CurrentCell.OwningColumn.Name  [productID]
[ADMIN] [11/10/2016 23.05] [PENJUALAN] CASHIER FORM : Combobox_KeyUp, cashierDataGridView.CurrentCell.OwningColumn.Name  [productID]
[ADMIN] [11/10/2016 23.05] [PENJUALAN] CASHIER FORM : Combobox_KeyUp, cashierDataGridView.CurrentCell.OwningColumn.Name  [productID]
[ADMIN] [11/10/2016 23.05] [PENJUALAN] CASHIER FORM : Combobox_KeyUp, cashierDataGridView.CurrentCell.OwningColumn.Name  [productID]
[ADMIN] [11/10/2016 23.05] [PENJUALAN] CASHIER FORM : HOTKEY TO ADD NEW ROW PRESSED
[ADMIN] [11/10/2016 23.05] [PENJUALAN] CASHIER FORM : Combobox_KeyUp, cashierDataGridView.CurrentCell.OwningColumn.Name  [productID]
[ADMIN] [11/10/2016 23.05] [PENJUALAN] CASHIER FORM : Combobox_KeyUp, cashierDataGridView.CurrentCell.OwningColumn.Name  [productID]
[ADMIN] [11/10/2016 23.05] [PENJUALAN] CASHIER FORM : Combobox_KeyUp, cashierDataGridView.CurrentCell.OwningColumn.Name  [productID]
[ADMIN] [11/10/2016 23.05] [PENJUALAN] CASHIER FORM : Combobox_KeyUp, cashierDataGridView.CurrentCell.OwningColumn.Name  [productID]
[ADMIN] [11/10/2016 23.05] [PENJUALAN] CASHIER FORM : Combobox_KeyUp, cashierDataGridView.CurrentCell.OwningColumn.Name  [productID]
[ADMIN] [11/10/2016 23.05] [PENJUALAN] CASHIER FORM : Combobox_KeyUp, cashierDataGridView.CurrentCell.OwningColumn.Name  [productID]
[ADMIN] [11/10/2016 23.05] [PENJUALAN] CASHIER FORM : Combobox_KeyUp, cashierDataGridView.CurrentCell.OwningColumn.Name  [productID]
[ADMIN] [11/10/2016 23.05] [PENJUALAN] CASHIER FORM : Combobox_KeyUp, cashierDataGridView.CurrentCell.OwningColumn.Name  [productID]
[ADMIN] [11/10/2016 23.05] [PENJUALAN] CASHIER FORM : UNREGISTER HOTKEY
[ADMIN] [11/10/2016 23.05] [PENJUALAN] CASHIER FORM : UNREGISTER HOTKEY
[] [11/10/2016 23.06] [] USER = ADMIN IS ACTIVE
[ADMIN] [11/10/2016 23.06] [] USER ID = 1 LOGIN SUCCESSFULLY
[ADMIN] [11/10/2016 23.07] [] ACTIVATE USER ACCESS RIGHT
[ADMIN] [11/10/2016 23.07] [] DISPLAY ADMIN FORM
[ADMIN] [11/10/2016 23.07] [] adminForm Load
[ADMIN] [11/10/2016 23.07] [] ACTIVATE USER ACCESS RIGHT
[ADMIN] [11/10/2016 23.07] [PENJUALAN] CASHIER FORM : MULTIPLE CASHIER INSTANCE [1]
[ADMIN] [11/10/2016 23.07] [PENJUALAN] CASHIER FORM : REGISTER HOTKEY
[ADMIN] [11/10/2016 23.07] [PENJUALAN] CASHIER FORM : cashierForm_Load, ATTEMPT TO LOAD NO FAKTUR
[ADMIN] [11/10/2016 23.07] [PENJUALAN] CASHIER FORM : loadNoFaktur, noFakturValue [SLO001]
[ADMIN] [11/10/2016 23.07] [PENJUALAN] CASHIER FORM : cashierForm_Load, ATTEMPT TO addColumnToDataGrid
[ADMIN] [11/10/2016 23.07] [PENJUALAN] CASHIER FORM : UPDATE ROW NUMBER, TOTAL ROW [1]
[ADMIN] [11/10/2016 23.07] [PENJUALAN] CASHIER FORM : cashierDataGridView_CellValueChanged [F8]
[ADMIN] [11/10/2016 23.07] [PENJUALAN] CASHIER FORM : calculateTotal
[ADMIN] [11/10/2016 23.07] [PENJUALAN] CASHIER FORM : calculateTotal [0]
[ADMIN] [11/10/2016 23.07] [PENJUALAN] CASHIER FORM : calculateTotal, totalAfterDisc [0]
[ADMIN] [11/10/2016 23.07] [PENJUALAN] CASHIER FORM : calculateChangeValue, bayarTextBox.Text [0]
[ADMIN] [11/10/2016 23.07] [PENJUALAN] CASHIER FORM : calculateChangeValue, sisaBayar [0]
[ADMIN] [11/10/2016 23.07] [PENJUALAN] CASHIER FORM : REGISTER HOTKEY
[ADMIN] [11/10/2016 23.07] [PENJUALAN] CASHIER FORM : Combobox_KeyUp, cashierDataGridView.CurrentCell.OwningColumn.Name  [productID]
[ADMIN] [11/10/2016 23.07] [PENJUALAN] CASHIER FORM : HOTKEY TO ADD NEW ROW PRESSED
[ADMIN] [11/10/2016 23.07] [PENJUALAN] CASHIER FORM : Combobox_KeyUp, cashierDataGridView.CurrentCell.OwningColumn.Name  [productID]
[ADMIN] [11/10/2016 23.07] [PENJUALAN] CASHIER FORM : Combobox_previewKeyDown, cashierDataGridView.CurrentCell.OwningColumn.Name  [productID]
[ADMIN] [11/10/2016 23.07] [PENJUALAN] CASHIER FORM : UPDATE ROW NUMBER, TOTAL ROW [2]
[ADMIN] [11/10/2016 23.07] [PENJUALAN] CASHIER FORM : cashierDataGridView_CellValueChanged [F8]
[ADMIN] [11/10/2016 23.07] [PENJUALAN] CASHIER FORM : cashierDataGridView_CellValueChanged [productID]
[ADMIN] [11/10/2016 23.07] [PENJUALAN] CASHIER FORM : Combobox_KeyUp, cashierDataGridView.CurrentCell.OwningColumn.Name  [productID]
[ADMIN] [11/10/2016 23.07] [PENJUALAN] CASHIER FORM : HOTKEY TO ADD NEW ROW PRESSED
[ADMIN] [11/10/2016 23.07] [PENJUALAN] CASHIER FORM : Combobox_KeyUp, cashierDataGridView.CurrentCell.OwningColumn.Name  [productID]
[ADMIN] [11/10/2016 23.07] [PENJUALAN] CASHIER FORM : Combobox_KeyUp, cashierDataGridView.CurrentCell.OwningColumn.Name  [productID]
[ADMIN] [11/10/2016 23.07] [PENJUALAN] CASHIER FORM : HOTKEY TO ADD NEW ROW PRESSED
[ADMIN] [11/10/2016 23.07] [PENJUALAN] CASHIER FORM : Combobox_KeyUp, cashierDataGridView.CurrentCell.OwningColumn.Name  [productID]
[ADMIN] [11/10/2016 23.07] [PENJUALAN] CASHIER FORM : Combobox_KeyUp, cashierDataGridView.CurrentCell.OwningColumn.Name  [productID]
[ADMIN] [11/10/2016 23.07] [PENJUALAN] CASHIER FORM : Combobox_previewKeyDown, cashierDataGridView.CurrentCell.OwningColumn.Name  [productID]
[ADMIN] [11/10/2016 23.07] [PENJUALAN] CASHIER FORM : Combobox_previewKeyDown, cashierDataGridView.CurrentCell.OwningColumn.Name  [productID]
[ADMIN] [11/10/2016 23.07] [PENJUALAN] CASHIER FORM : UPDATE ROW NUMBER, TOTAL ROW [3]
[ADMIN] [11/10/2016 23.07] [PENJUALAN] CASHIER FORM : cashierDataGridView_CellValueChanged [F8]
[ADMIN] [11/10/2016 23.07] [PENJUALAN] CASHIER FORM : cashierDataGridView_CellValueChanged [productID]
[ADMIN] [11/10/2016 23.07] [PENJUALAN] CASHIER FORM : Combobox_KeyUp, cashierDataGridView.CurrentCell.OwningColumn.Name  [productID]
[ADMIN] [11/10/2016 23.07] [PENJUALAN] CASHIER FORM : Combobox_KeyUp, cashierDataGridView.CurrentCell.OwningColumn.Name  [productID]
[ADMIN] [11/10/2016 23.07] [PENJUALAN] CASHIER FORM : HOTKEY TO ADD NEW ROW PRESSED
[ADMIN] [11/10/2016 23.07] [PENJUALAN] CASHIER FORM : Combobox_KeyUp, cashierDataGridView.CurrentCell.OwningColumn.Name  [productID]
[ADMIN] [11/10/2016 23.07] [PENJUALAN] CASHIER FORM : Combobox_KeyUp, cashierDataGridView.CurrentCell.OwningColumn.Name  [productID]
[ADMIN] [11/10/2016 23.07] [PENJUALAN] CASHIER FORM : Combobox_KeyUp, cashierDataGridView.CurrentCell.OwningColumn.Name  [productID]
[ADMIN] [11/10/2016 23.07] [PENJUALAN] CASHIER FORM : Combobox_previewKeyDown, cashierDataGridView.CurrentCell.OwningColumn.Name  [productID]
[ADMIN] [11/10/2016 23.07] [PENJUALAN] CASHIER FORM : Combobox_previewKeyDown, cashierDataGridView.CurrentCell.OwningColumn.Name  [productID]
[ADMIN] [11/10/2016 23.07] [PENJUALAN] CASHIER FORM : Combobox_previewKeyDown, cashierDataGridView.CurrentCell.OwningColumn.Name  [productID]
[ADMIN] [11/10/2016 23.07] [PENJUALAN] CASHIER FORM : Combobox_previewKeyDown, cashierDataGridView.CurrentCell.OwningColumn.Name  [productID]
[ADMIN] [11/10/2016 23.07] [PENJUALAN] CASHIER FORM : Combobox_previewKeyDown, cashierDataGridView.CurrentCell.OwningColumn.Name  [productID]
[ADMIN] [11/10/2016 23.07] [PENJUALAN] CASHIER FORM : Combobox_previewKeyDown, cashierDataGridView.CurrentCell.OwningColumn.Name  [productID]
[ADMIN] [11/10/2016 23.07] [PENJUALAN] CASHIER FORM : Combobox_previewKeyDown, cashierDataGridView.CurrentCell.OwningColumn.Name  [productID]
[ADMIN] [11/10/2016 23.07] [PENJUALAN] CASHIER FORM : HOTKEY TO ADD NEW ROW PRESSED
[ADMIN] [11/10/2016 23.07] [PENJUALAN] CASHIER FORM : Combobox_KeyUp, cashierDataGridView.CurrentCell.OwningColumn.Name  [productID]
[ADMIN] [11/10/2016 23.07] [PENJUALAN] CASHIER FORM : Combobox_KeyUp, cashierDataGridView.CurrentCell.OwningColumn.Name  [productID]
[ADMIN] [11/10/2016 23.07] [PENJUALAN] CASHIER FORM : Combobox_KeyUp, cashierDataGridView.CurrentCell.OwningColumn.Name  [productID]
[ADMIN] [11/10/2016 23.07] [PENJUALAN] CASHIER FORM : Combobox_KeyUp, cashierDataGridView.CurrentCell.OwningColumn.Name  [productID]
[ADMIN] [11/10/2016 23.07] [PENJUALAN] CASHIER FORM : Combobox_KeyUp, cashierDataGridView.CurrentCell.OwningColumn.Name  [productID]
[ADMIN] [11/10/2016 23.07] [PENJUALAN] CASHIER FORM : Combobox_KeyUp, cashierDataGridView.CurrentCell.OwningColumn.Name  [productID]
[ADMIN] [11/10/2016 23.07] [PENJUALAN] CASHIER FORM : HOTKEY TO ADD NEW ROW PRESSED
[ADMIN] [11/10/2016 23.07] [PENJUALAN] CASHIER FORM : Combobox_KeyUp, cashierDataGridView.CurrentCell.OwningColumn.Name  [productID]
[ADMIN] [11/10/2016 23.07] [PENJUALAN] CASHIER FORM : Combobox_KeyUp, cashierDataGridView.CurrentCell.OwningColumn.Name  [productID]
[ADMIN] [11/10/2016 23.07] [PENJUALAN] CASHIER FORM : Combobox_KeyUp, cashierDataGridView.CurrentCell.OwningColumn.Name  [productID]
[ADMIN] [11/10/2016 23.07] [PENJUALAN] CASHIER FORM : Combobox_KeyUp, cashierDataGridView.CurrentCell.OwningColumn.Name  [productID]
[ADMIN] [11/10/2016 23.07] [PENJUALAN] CASHIER FORM : Combobox_KeyUp, cashierDataGridView.CurrentCell.OwningColumn.Name  [productID]
[ADMIN] [11/10/2016 23.07] [PENJUALAN] CASHIER FORM : Combobox_KeyUp, cashierDataGridView.CurrentCell.OwningColumn.Name  [productID]
[ADMIN] [11/10/2016 23.07] [PENJUALAN] CASHIER FORM : Combobox_KeyUp, cashierDataGridView.CurrentCell.OwningColumn.Name  [productID]
[ADMIN] [11/10/2016 23.07] [PENJUALAN] CASHIER FORM : HOTKEY TO ADD NEW ROW PRESSED
[ADMIN] [11/10/2016 23.07] [PENJUALAN] CASHIER FORM : Combobox_KeyUp, cashierDataGridView.CurrentCell.OwningColumn.Name  [productID]
[ADMIN] [11/10/2016 23.07] [PENJUALAN] CASHIER FORM : Combobox_KeyUp, cashierDataGridView.CurrentCell.OwningColumn.Name  [productID]
[ADMIN] [11/10/2016 23.07] [PENJUALAN] CASHIER FORM : Combobox_KeyUp, cashierDataGridView.CurrentCell.OwningColumn.Name  [productID]
[ADMIN] [11/10/2016 23.07] [PENJUALAN] CASHIER FORM : Combobox_KeyUp, cashierDataGridView.CurrentCell.OwningColumn.Name  [productID]
[ADMIN] [11/10/2016 23.07] [PENJUALAN] CASHIER FORM : Combobox_KeyUp, cashierDataGridView.CurrentCell.OwningColumn.Name  [productID]
[ADMIN] [11/10/2016 23.07] [PENJUALAN] CASHIER FORM : Combobox_KeyUp, cashierDataGridView.CurrentCell.OwningColumn.Name  [productID]
[ADMIN] [11/10/2016 23.07] [PENJUALAN] CASHIER FORM : Combobox_KeyUp, cashierDataGridView.CurrentCell.OwningColumn.Name  [productID]
[ADMIN] [11/10/2016 23.07] [PENJUALAN] CASHIER FORM : UNREGISTER HOTKEY
[ADMIN] [11/10/2016 23.07] [PENJUALAN] CASHIER FORM : UNREGISTER HOTKEY
[ADMIN] [11/10/2016 23.07] [] USER ID = 1LOGOUT
