[] [6/8/2017 00:46] [] USER = ADMIN IS ACTIVE
[ADMIN] [6/8/2017 00:46] [] USER ID = 1 LOGIN SUCCESSFULLY
[ADMIN] [6/8/2017 00:46] [] ACTIVATE USER ACCESS RIGHT
[ADMIN] [6/8/2017 00:46] [] DISPLAY ADMIN FORM
[ADMIN] [6/8/2017 00:46] [] adminForm Load
[ADMIN] [6/8/2017 00:46] [] ACTIVATE USER ACCESS RIGHT
[ADMIN] [6/8/2017 00:52] [PENERIMAAN BARANG] PENERIMAAN BARANG : detailGridView_CellValueChanged [productID]
[ADMIN] [6/8/2017 00:53] [PENERIMAAN BARANG] PENERIMAAN BARANG : detailGridView_CellValueChanged [productName]
[ADMIN] [6/8/2017 00:53] [PENERIMAAN BARANG] PENERIMAAN BARANG : detailGridView_CellValueChanged [productName]
[ADMIN] [6/8/2017 00:53] [PENERIMAAN BARANG] PENERIMAAN BARANG : detailGridView_CellValueChanged [hpp]
[ADMIN] [6/8/2017 00:53] [PENERIMAAN BARANG] PENERIMAAN BARANG : detailGridView_CellValueChanged [subtotal]
[ADMIN] [6/8/2017 00:53] [PENERIMAAN BARANG] PENERIMAAN BARANG : detailGridView_CellValueChanged [subtotal]
[ADMIN] [6/8/2017 00:53] [PENERIMAAN BARANG] PENERIMAAN BARANG : detailGridView_CellValueChanged [qtyReceived]
[ADMIN] [6/8/2017 00:53] [PENERIMAAN BARANG] PENERIMAAN BARANG : detailGridView_CellValueChanged [subtotal]
[ADMIN] [6/8/2017 00:54] [TAMBAH / UPDATE PRODUK] DETAIL PRODUK : detailGridView_CellValueChanged [status]
[ADMIN] [6/8/2017 00:54] [TAMBAH / UPDATE PRODUK] UPDATE PRODUCT EXPIRY [4834]
[ADMIN] [6/8/2017 00:54] [TAMBAH / UPDATE PRODUK] UPDATE CURRENT PRODUCT DATA [ALPO-AD1]
[ADMIN] [6/8/2017 00:54] [TAMBAH / UPDATE PRODUK] UPDATE PRODUCT CATEGORY FOR [ALPO-AD1]
[ADMIN] [6/8/2017 00:54] [TAMBAH / UPDATE PRODUK] DELETE CURRENT PRODUCT CATEGORY FOR [ALPO-AD1]
[ADMIN] [6/8/2017 00:54] [TAMBAH / UPDATE PRODUK] INSERT PRODUCT CATEGORY FOR [ALPO-AD1]
[ADMIN] [6/8/2017 00:54] [PENERIMAAN BARANG] PENERIMAAN BARANG : detailGridView_CellValueChanged [productID]
[ADMIN] [6/8/2017 00:54] [PENERIMAAN BARANG] PENERIMAAN BARANG : detailGridView_CellValueChanged [productID]
[ADMIN] [6/8/2017 00:54] [PENERIMAAN BARANG] PENERIMAAN BARANG : detailGridView_CellValueChanged [productID]
[ADMIN] [6/8/2017 00:54] [PENERIMAAN BARANG] PENERIMAAN BARANG : detailGridView_CellValueChanged [productID]
[ADMIN] [6/8/2017 00:55] [PECAH SATUAN PRODUK] REDUCE QTY [TOMMY-AD25] AMT [1]
[ADMIN] [6/8/2017 00:55] [PECAH SATUAN PRODUK] ADD QTY [TOMMY ADLT DOG 1 KG] AMT [50]
[ADMIN] [6/8/2017 00:55] [PECAH SATUAN PRODUK] REDUCE QTY [TOMMY-AD25] AMT [1]
[ADMIN] [6/8/2017 00:55] [PECAH SATUAN PRODUK] INSERT TO PRODUCT EXPIRY [TOMMY-AD1]
[ADMIN] [6/8/2017 00:57] [TAMBAH / UPDATE PRODUK] DETAIL PRODUK : detailGridView_CellValueChanged [status]
[ADMIN] [6/8/2017 00:57] [TAMBAH / UPDATE PRODUK] DETAIL PRODUK : detailGridView_CellValueChanged [qty]
[] [6/8/2017 00:59] [] USER = ADMIN IS ACTIVE
[ADMIN] [6/8/2017 00:59] [] USER ID = 1 LOGIN SUCCESSFULLY
[ADMIN] [6/8/2017 00:59] [] ACTIVATE USER ACCESS RIGHT
[ADMIN] [6/8/2017 00:59] [] DISPLAY ADMIN FORM
[ADMIN] [6/8/2017 00:59] [] adminForm Load
[ADMIN] [6/8/2017 00:59] [] ACTIVATE USER ACCESS RIGHT
[ADMIN] [6/8/2017 00:59] [TAMBAH / UPDATE PRODUK] DETAIL PRODUK : detailGridView_CellValueChanged [expiryDate]
[ADMIN] [6/8/2017 00:59] [TAMBAH / UPDATE PRODUK] DETAIL PRODUK : detailGridView_CellValueChanged [expiryDateValue]
[ADMIN] [6/8/2017 00:59] [] USER ID = 1LOGOUT
