[] [6/4/2017 01:25] [] USER = ADMIN IS ACTIVE
[ADMIN] [6/4/2017 01:25] [] USER ID = 1 LOGIN SUCCESSFULLY
[ADMIN] [6/4/2017 01:25] [] ACTIVATE USER ACCESS RIGHT
[ADMIN] [6/4/2017 01:25] [] DISPLAY ADMIN FORM
[ADMIN] [6/4/2017 01:25] [] adminForm Load
[ADMIN] [6/4/2017 01:25] [] ACTIVATE USER ACCESS RIGHT
[ADMIN] [6/4/2017 01:25] [PENJUALAN] CASHIER FORM : MULTIPLE CASHIER INSTANCE [1]
[ADMIN] [6/4/2017 01:25] [PENJUALAN] CASHIER FORM : REGISTER HOTKEY
[ADMIN] [6/4/2017 01:25] [PENJUALAN] CASHIER FORM : cashierForm_Load, ATTEMPT TO LOAD NO FAKTUR
[ADMIN] [6/4/2017 01:25] [PENJUALAN] CASHIER FORM : loadNoFaktur, noFakturValue [SLO001]
[ADMIN] [6/4/2017 01:25] [PENJUALAN] CASHIER FORM : cashierForm_Load, ATTEMPT TO addColumnToDataGrid
[ADMIN] [6/4/2017 01:25] [PENJUALAN] CASHIER FORM : UPDATE ROW NUMBER, TOTAL ROW [1]
[ADMIN] [6/4/2017 01:25] [PENJUALAN] CASHIER FORM : REGISTER HOTKEY
[ADMIN] [6/4/2017 01:25] [PENJUALAN] CASHIER FORM : UNREGISTER HOTKEY
[ADMIN] [6/4/2017 01:25] [PENJUALAN] CASHIER FORM : ADD NEW ROW,  isActive [True]
[ADMIN] [6/4/2017 01:25] [PENJUALAN] CASHIER FORM : ADD NEW ROW,  ROW COUNT [0]
[ADMIN] [6/4/2017 01:25] [PENJUALAN] CASHIER FORM : ADD NEW ROW,  ALLOW TO ADD [True]
[ADMIN] [6/4/2017 01:25] [PENJUALAN] CASHIER FORM : UPDATE ROW NUMBER, TOTAL ROW [1]
[ADMIN] [6/4/2017 01:25] [PENJUALAN] CASHIER FORM : ADD NEW ROW,  isActive [True]
[ADMIN] [6/4/2017 01:25] [PENJUALAN] CASHIER FORM : ADD NEW ROW,  ROW COUNT [1]
[ADMIN] [6/4/2017 01:25] [PENJUALAN] CASHIER FORM : ADD NEW ROW,  ALLOW TO ADD [True]
[ADMIN] [6/4/2017 01:25] [PENJUALAN] CASHIER FORM : UPDATE ROW NUMBER, TOTAL ROW [2]
[ADMIN] [6/4/2017 01:25] [PENJUALAN] CASHIER FORM : ADD NEW ROW,  isActive [True]
[ADMIN] [6/4/2017 01:25] [PENJUALAN] CASHIER FORM : ADD NEW ROW,  ROW COUNT [2]
[ADMIN] [6/4/2017 01:25] [PENJUALAN] CASHIER FORM : ADD NEW ROW,  ALLOW TO ADD [True]
[ADMIN] [6/4/2017 01:25] [PENJUALAN] CASHIER FORM : UPDATE ROW NUMBER, TOTAL ROW [3]
[ADMIN] [6/4/2017 01:25] [PENJUALAN] CASHIER FORM : UPDATE ROW NUMBER, TOTAL ROW [4]
[ADMIN] [6/4/2017 01:25] [PENJUALAN] CASHIER FORM : cashierDataGridView_CellValueChanged [F8]
[ADMIN] [6/4/2017 01:25] [PENJUALAN] CASHIER FORM : REGISTER HOTKEY
[ADMIN] [6/4/2017 01:25] [PENJUALAN] CASHIER FORM : UNREGISTER HOTKEY
[] [6/4/2017 01:26] [] USER = ADMIN IS ACTIVE
[ADMIN] [6/4/2017 01:26] [] USER ID = 1 LOGIN SUCCESSFULLY
[ADMIN] [6/4/2017 01:26] [] ACTIVATE USER ACCESS RIGHT
[ADMIN] [6/4/2017 01:26] [] DISPLAY ADMIN FORM
[ADMIN] [6/4/2017 01:26] [] adminForm Load
[ADMIN] [6/4/2017 01:26] [] ACTIVATE USER ACCESS RIGHT
[ADMIN] [6/4/2017 01:26] [PENJUALAN] CASHIER FORM : MULTIPLE CASHIER INSTANCE [1]
[ADMIN] [6/4/2017 01:26] [PENJUALAN] CASHIER FORM : REGISTER HOTKEY
[ADMIN] [6/4/2017 01:26] [PENJUALAN] CASHIER FORM : cashierForm_Load, ATTEMPT TO LOAD NO FAKTUR
[ADMIN] [6/4/2017 01:26] [PENJUALAN] CASHIER FORM : loadNoFaktur, noFakturValue [SLO001]
[ADMIN] [6/4/2017 01:26] [PENJUALAN] CASHIER FORM : cashierForm_Load, ATTEMPT TO addColumnToDataGrid
[ADMIN] [6/4/2017 01:26] [PENJUALAN] CASHIER FORM : UPDATE ROW NUMBER, TOTAL ROW [1]
[ADMIN] [6/4/2017 01:26] [PENJUALAN] CASHIER FORM : REGISTER HOTKEY
[ADMIN] [6/4/2017 01:26] [PENJUALAN] CASHIER FORM : UNREGISTER HOTKEY
[ADMIN] [6/4/2017 01:26] [PENJUALAN] CASHIER FORM : REGISTER HOTKEY
[ADMIN] [6/4/2017 01:26] [PENJUALAN] CASHIER FORM : UPDATE ROW NUMBER, TOTAL ROW [1]
[ADMIN] [6/4/2017 01:26] [PENJUALAN] CASHIER FORM : UNREGISTER HOTKEY
[ADMIN] [6/4/2017 01:26] [PENJUALAN] CASHIER FORM : REGISTER HOTKEY
[ADMIN] [6/4/2017 01:26] [PENJUALAN] CASHIER FORM : UPDATE ROW NUMBER, TOTAL ROW [1]
[ADMIN] [6/4/2017 01:26] [PENJUALAN] CASHIER FORM : UNREGISTER HOTKEY
[ADMIN] [6/4/2017 01:26] [PENJUALAN] CASHIER FORM : ADD NEW ROW,  isActive [True]
[ADMIN] [6/4/2017 01:26] [PENJUALAN] CASHIER FORM : ADD NEW ROW,  ROW COUNT [0]
[ADMIN] [6/4/2017 01:26] [PENJUALAN] CASHIER FORM : ADD NEW ROW,  ALLOW TO ADD [True]
[ADMIN] [6/4/2017 01:26] [PENJUALAN] CASHIER FORM : UPDATE ROW NUMBER, TOTAL ROW [1]
[ADMIN] [6/4/2017 01:26] [PENJUALAN] CASHIER FORM : UPDATE ROW NUMBER, TOTAL ROW [2]
[ADMIN] [6/4/2017 01:26] [PENJUALAN] CASHIER FORM : cashierDataGridView_CellValueChanged [F8]
[ADMIN] [6/4/2017 01:26] [PENJUALAN] CASHIER FORM : REGISTER HOTKEY
[ADMIN] [6/4/2017 01:26] [PENJUALAN] CASHIER FORM : UNREGISTER HOTKEY
[ADMIN] [6/4/2017 01:26] [PENJUALAN] CASHIER FORM : REGISTER HOTKEY
[ADMIN] [6/4/2017 01:26] [PENJUALAN] CASHIER FORM : UPDATE ROW NUMBER, TOTAL ROW [1]
[ADMIN] [6/4/2017 01:26] [PENJUALAN] CASHIER FORM : cashierDataGridView_CellValueChanged [F8]
[ADMIN] [6/4/2017 01:26] [PENJUALAN] CASHIER FORM : Combobox_previewKeyDown, cashierDataGridView.CurrentCell.OwningColumn.Name  [productID]
[ADMIN] [6/4/2017 01:26] [PENJUALAN] CASHIER FORM : UPDATE ROW NUMBER, TOTAL ROW [2]
[ADMIN] [6/4/2017 01:26] [PENJUALAN] CASHIER FORM : cashierDataGridView_CellValueChanged [F8]
[ADMIN] [6/4/2017 01:26] [PENJUALAN] CASHIER FORM : cashierDataGridView_CellValueChanged [productID]
[ADMIN] [6/4/2017 01:26] [PENJUALAN] CASHIER FORM : Combobox_KeyUp, cashierDataGridView.CurrentCell.OwningColumn.Name  [productID]
[ADMIN] [6/4/2017 01:26] [PENJUALAN] CASHIER FORM : Combobox_KeyUp, cashierDataGridView.CurrentCell.OwningColumn.Name  [productID]
[ADMIN] [6/4/2017 01:26] [PENJUALAN] CASHIER FORM : Combobox_previewKeyDown, cashierDataGridView.CurrentCell.OwningColumn.Name  [productID]
[ADMIN] [6/4/2017 01:26] [PENJUALAN] CASHIER FORM : cashierDataGridView_CellValueChanged [productID]
[ADMIN] [6/4/2017 01:26] [PENJUALAN] CASHIER FORM : Combobox_KeyUp, cashierDataGridView.CurrentCell.OwningColumn.Name  [productID]
[ADMIN] [6/4/2017 01:26] [PENJUALAN] CASHIER FORM : Combobox_KeyUp, cashierDataGridView.CurrentCell.OwningColumn.Name  [productID]
[ADMIN] [6/4/2017 01:26] [PENJUALAN] CASHIER FORM : Combobox_previewKeyDown, cashierDataGridView.CurrentCell.OwningColumn.Name  [productID]
[ADMIN] [6/4/2017 01:26] [PENJUALAN] CASHIER FORM : cashierDataGridView_CellValueChanged [productID]
[ADMIN] [6/4/2017 01:26] [PENJUALAN] CASHIER FORM : Combobox_KeyUp, cashierDataGridView.CurrentCell.OwningColumn.Name  [productID]
[ADMIN] [6/4/2017 01:26] [PENJUALAN] CASHIER FORM : Combobox_KeyUp, cashierDataGridView.CurrentCell.OwningColumn.Name  [productID]
[ADMIN] [6/4/2017 01:26] [PENJUALAN] CASHIER FORM : Combobox_previewKeyDown, cashierDataGridView.CurrentCell.OwningColumn.Name  [productID]
[ADMIN] [6/4/2017 01:26] [PENJUALAN] CASHIER FORM : cashierDataGridView_CellValueChanged [productID]
[ADMIN] [6/4/2017 01:26] [PENJUALAN] CASHIER FORM : Combobox_KeyUp, cashierDataGridView.CurrentCell.OwningColumn.Name  [productID]
[ADMIN] [6/4/2017 01:26] [PENJUALAN] CASHIER FORM : Combobox_KeyUp, cashierDataGridView.CurrentCell.OwningColumn.Name  [productID]
[ADMIN] [6/4/2017 01:26] [PENJUALAN] CASHIER FORM : Combobox_previewKeyDown, cashierDataGridView.CurrentCell.OwningColumn.Name  [productID]
[ADMIN] [6/4/2017 01:26] [PENJUALAN] CASHIER FORM : UNREGISTER HOTKEY
[ADMIN] [6/4/2017 01:26] [PENJUALAN] CASHIER FORM : ADD NEW ROW FROM BARCODE [SD PUPPY ORIGINAL 1 KG]
[ADMIN] [6/4/2017 01:26] [PENJUALAN] CASHIER FORM : updateSomeRowContents
[ADMIN] [6/4/2017 01:26] [PENJUALAN] CASHIER FORM : cashierDataGridView_CellValueChanged [productID]
[ADMIN] [6/4/2017 01:26] [PENJUALAN] CASHIER FORM : cashierDataGridView_CellValueChanged [productName]
[ADMIN] [6/4/2017 01:26] [PENJUALAN] CASHIER FORM : updateSomeRowContents
[ADMIN] [6/4/2017 01:26] [PENJUALAN] CASHIER FORM : PRODUCT PRICE TYPE [PRODUCT_BASE_PRICE]
[ADMIN] [6/4/2017 01:26] [PENJUALAN] CASHIER FORM : PRODUCT PRICE [34000]
[ADMIN] [6/4/2017 01:26] [PENJUALAN] CASHIER FORM : ComboBox_SelectedIndexChanged, PRODUCT_BASE_PRICE [34000]
[ADMIN] [6/4/2017 01:26] [PENJUALAN] CASHIER FORM : cashierDataGridView_CellValueChanged [hpp]
[ADMIN] [6/4/2017 01:26] [PENJUALAN] CASHIER FORM : PRODUCT PRICE TYPE [PRODUCT_RETAIL_PRICE]
[ADMIN] [6/4/2017 01:26] [PENJUALAN] CASHIER FORM : PRODUCT PRICE [58000]
[ADMIN] [6/4/2017 01:26] [PENJUALAN] CASHIER FORM : ComboBox_SelectedIndexChanged, PRODUCT_SALES_PRICE [58000]
[ADMIN] [6/4/2017 01:26] [PENJUALAN] CASHIER FORM : cashierDataGridView_CellValueChanged [productPrice]
[ADMIN] [6/4/2017 01:26] [PENJUALAN] CASHIER FORM : cashierDataGridView_CellValueChanged, previousInput [35000]
[ADMIN] [6/4/2017 01:26] [PENJUALAN] CASHIER FORM : cashierDataGridView_CellValueChanged, dataGridViewTextBoxEditingControl.Text pass REGEX Checking
[ADMIN] [6/4/2017 01:26] [PENJUALAN] CASHIER FORM : CALCULATE SUBTOTAL
[ADMIN] [6/4/2017 01:26] [PENJUALAN] CASHIER FORM : SUBTOTAL [0]
[ADMIN] [6/4/2017 01:26] [PENJUALAN] CASHIER FORM : cashierDataGridView_CellValueChanged, subtotal value [0]
[ADMIN] [6/4/2017 01:26] [PENJUALAN] CASHIER FORM : cashierDataGridView_CellValueChanged, attempt to calculate total value
[ADMIN] [6/4/2017 01:26] [PENJUALAN] CASHIER FORM : calculateTotal
[ADMIN] [6/4/2017 01:26] [PENJUALAN] CASHIER FORM : calculateTotal [0]
[ADMIN] [6/4/2017 01:26] [PENJUALAN] CASHIER FORM : calculateTotal, totalAfterDisc [0]
[ADMIN] [6/4/2017 01:26] [PENJUALAN] CASHIER FORM : calculateChangeValue, bayarTextBox.Text [0]
[ADMIN] [6/4/2017 01:26] [PENJUALAN] CASHIER FORM : calculateChangeValue, sisaBayar [0]
[ADMIN] [6/4/2017 01:26] [PENJUALAN] CASHIER FORM : cashierDataGridView_CellValueChanged [qty]
[ADMIN] [6/4/2017 01:26] [PENJUALAN] CASHIER FORM : cashierDataGridView_CellValueChanged, previousInput [0]
[ADMIN] [6/4/2017 01:26] [PENJUALAN] CASHIER FORM : cashierDataGridView_CellValueChanged [jumlah]
[ADMIN] [6/4/2017 01:26] [PENJUALAN] CASHIER FORM : calculateTotal
[ADMIN] [6/4/2017 01:26] [PENJUALAN] CASHIER FORM : calculateTotal [0]
[ADMIN] [6/4/2017 01:26] [PENJUALAN] CASHIER FORM : calculateTotal, totalAfterDisc [0]
[ADMIN] [6/4/2017 01:26] [PENJUALAN] CASHIER FORM : calculateChangeValue, bayarTextBox.Text [0]
[ADMIN] [6/4/2017 01:26] [PENJUALAN] CASHIER FORM : calculateChangeValue, sisaBayar [0]
[ADMIN] [6/4/2017 01:26] [PENJUALAN] CASHIER FORM : CHECK STOCK QTY IS ENOUGH [SD-PO1]
[ADMIN] [6/4/2017 01:26] [PENJUALAN] CASHIER FORM : CHECK STOCK QTY IS ENOUGH [11, 1]
[ADMIN] [6/4/2017 01:26] [PENJUALAN] CASHIER FORM : cashierDataGridView_CellValueChanged [qty]
[ADMIN] [6/4/2017 01:26] [PENJUALAN] CASHIER FORM : cashierDataGridView_CellValueChanged, previousInput [0]
[ADMIN] [6/4/2017 01:26] [PENJUALAN] CASHIER FORM : cashierDataGridView_CellValueChanged, cellValue [1]
[ADMIN] [6/4/2017 01:26] [PENJUALAN] CASHIER FORM : cashierDataGridView_CellValueChanged, dataGridViewTextBoxEditingControl.Text pass REGEX Checking
[ADMIN] [6/4/2017 01:26] [PENJUALAN] CASHIER FORM : CHECK STOCK QTY IS ENOUGH [SD-PO1]
[ADMIN] [6/4/2017 01:26] [PENJUALAN] CASHIER FORM : CHECK STOCK QTY IS ENOUGH [11, 1]
[ADMIN] [6/4/2017 01:26] [PENJUALAN] CASHIER FORM : CALCULATE SUBTOTAL
[ADMIN] [6/4/2017 01:26] [PENJUALAN] CASHIER FORM : SUBTOTAL [58000]
[ADMIN] [6/4/2017 01:26] [PENJUALAN] CASHIER FORM : cashierDataGridView_CellValueChanged, subtotal value [58000]
[ADMIN] [6/4/2017 01:26] [PENJUALAN] CASHIER FORM : cashierDataGridView_CellValueChanged, attempt to calculate total value
[ADMIN] [6/4/2017 01:26] [PENJUALAN] CASHIER FORM : calculateTotal
[ADMIN] [6/4/2017 01:26] [PENJUALAN] CASHIER FORM : calculateTotal [58000]
[ADMIN] [6/4/2017 01:26] [PENJUALAN] CASHIER FORM : calculateTotal, totalAfterDisc [58000]
[ADMIN] [6/4/2017 01:26] [PENJUALAN] CASHIER FORM : calculateChangeValue, bayarTextBox.Text [0]
[ADMIN] [6/4/2017 01:26] [PENJUALAN] CASHIER FORM : calculateChangeValue, sisaBayar [0]
[ADMIN] [6/4/2017 01:26] [PENJUALAN] CASHIER FORM : SET QTY TO 1 BECAUSE OF NEW ROW
[ADMIN] [6/4/2017 01:26] [PENJUALAN] CASHIER FORM : CALCULATE SUBTOTAL
[ADMIN] [6/4/2017 01:26] [PENJUALAN] CASHIER FORM : SUBTOTAL [58000]
[ADMIN] [6/4/2017 01:26] [PENJUALAN] CASHIER FORM : calculateTotal
[ADMIN] [6/4/2017 01:26] [PENJUALAN] CASHIER FORM : calculateTotal [58000]
[ADMIN] [6/4/2017 01:26] [PENJUALAN] CASHIER FORM : calculateTotal, totalAfterDisc [58000]
[ADMIN] [6/4/2017 01:26] [PENJUALAN] CASHIER FORM : calculateChangeValue, bayarTextBox.Text [0]
[ADMIN] [6/4/2017 01:26] [PENJUALAN] CASHIER FORM : calculateChangeValue, sisaBayar [0]
[ADMIN] [6/4/2017 01:26] [PENJUALAN] CASHIER FORM : UPDATE ROW NUMBER, TOTAL ROW [2]
[ADMIN] [6/4/2017 01:26] [PENJUALAN] CASHIER FORM : cashierDataGridView_CellValueChanged [F8]
[ADMIN] [6/4/2017 01:26] [PENJUALAN] CASHIER FORM : REGISTER HOTKEY
[ADMIN] [6/4/2017 01:26] [PENJUALAN] CASHIER FORM : Combobox_KeyUp, cashierDataGridView.CurrentCell.OwningColumn.Name  [qty]
[ADMIN] [6/4/2017 01:26] [PENJUALAN] CASHIER FORM : Combobox_KeyUp, cashierDataGridView.CurrentCell.OwningColumn.Name  [qty]
[ADMIN] [6/4/2017 01:26] [PENJUALAN] CASHIER FORM : calculateChangeValue, bayarTextBox.Text [60]
[ADMIN] [6/4/2017 01:26] [PENJUALAN] CASHIER FORM : calculateChangeValue, sisaBayar [0]
[ADMIN] [6/4/2017 01:26] [PENJUALAN] CASHIER FORM : calculateChangeValue, bayarTextBox.Text [600]
[ADMIN] [6/4/2017 01:26] [PENJUALAN] CASHIER FORM : calculateChangeValue, sisaBayar [0]
[ADMIN] [6/4/2017 01:26] [PENJUALAN] CASHIER FORM : calculateChangeValue, bayarTextBox.Text [6000]
[ADMIN] [6/4/2017 01:26] [PENJUALAN] CASHIER FORM : calculateChangeValue, sisaBayar [0]
[ADMIN] [6/4/2017 01:26] [PENJUALAN] CASHIER FORM : calculateChangeValue, bayarTextBox.Text [60000]
[ADMIN] [6/4/2017 01:26] [PENJUALAN] CASHIER FORM : calculateChangeValue, sisaBayar [2000]
[ADMIN] [6/4/2017 01:26] [PENJUALAN] CASHIER FORM : calculateChangeValue, bayarTextBox.Text [600000]
[ADMIN] [6/4/2017 01:26] [PENJUALAN] CASHIER FORM : calculateChangeValue, sisaBayar [542000]
[ADMIN] [6/4/2017 01:26] [PENJUALAN] CASHIER FORM : calculateChangeValue, bayarTextBox.Text [60000]
[ADMIN] [6/4/2017 01:26] [PENJUALAN] CASHIER FORM : calculateChangeValue, sisaBayar [2000]
[ADMIN] [6/4/2017 01:26] [PENJUALAN] CASHIER FORM : HOTKEY TO SAVE AND PRINT OUT INVOICE PRESSED
[ADMIN] [6/4/2017 01:26] [PENJUALAN] CASHIER FORM : UNREGISTER HOTKEY
[ADMIN] [6/4/2017 01:26] [PENJUALAN] CASHIER FORM : REGISTER HOTKEY
[ADMIN] [6/4/2017 01:26] [PENJUALAN] ATTEMPT TO SAVE AND PRINT OUT INVOICE
[ADMIN] [6/4/2017 01:26] [PENJUALAN] CASHIER FORM : UNREGISTER HOTKEY
[ADMIN] [6/4/2017 01:26] [PENJUALAN] CASHIER FORM : REGISTER HOTKEY
[ADMIN] [6/4/2017 01:26] [PENJUALAN] CASHIER FORM : UNREGISTER HOTKEY
[ADMIN] [6/4/2017 01:26] [PENJUALAN] CASHIER FORM : ATTEMPT TO SAVE SALES DATA [04-06-2017 01:26]
[ADMIN] [6/4/2017 01:26] [PENJUALAN] CASHIER FORM : SALES DISC FINAL [0]
[ADMIN] [6/4/2017 01:26] [PENJUALAN] CASHIER FORM : CASH SALES
[ADMIN] [6/4/2017 01:26] [PENJUALAN] CHECK IF TAX LIMIT SET FOR PERCENTAGE PURCHASE [0]
[ADMIN] [6/4/2017 01:26] [PENJUALAN] CHECK IF TAX LIMIT SET FOR AVERAGE DAILY PURCHASE [0]
[ADMIN] [6/4/2017 01:26] [PENJUALAN] CASHIER FORM : NO FAKTUR [SLO001]
[ADMIN] [6/4/2017 01:26] [PENJUALAN] CASHIER FORM : MAX SALES INVOICE [326]
[ADMIN] [6/4/2017 01:26] [PENJUALAN] CASHIER FORM : SALES INVOICE [SLO001-327]
[ADMIN] [6/4/2017 01:26] [PENJUALAN] INSERT INTO SALES HEADER [SLO001-327]
[ADMIN] [6/4/2017 01:26] [PENJUALAN] INSERT INTO SALES DETAIL[SD-PO1, 58000, 1]
[ADMIN] [6/4/2017 01:26] [PENJUALAN] REDUCE STOCK AT MASTER PRODUCT [SD-PO1]
[ADMIN] [6/4/2017 01:26] [PENJUALAN] REDUCE STOCK AT PRODUCT_EXPIRY LOT [3346]
[ADMIN] [6/4/2017 01:26] [PENJUALAN] SAVE PRODUCT LOT INFORMATION FOR EACH ITEM AND AMOUNT
[ADMIN] [6/4/2017 01:26] [PENJUALAN] INSERT TO CREDIT TABLE [SLO001-327]
[ADMIN] [6/4/2017 01:26] [PENJUALAN] INSERT TO DAILY JOURNAL TABLE [58000]
[ADMIN] [6/4/2017 01:26] [PENJUALAN] CASHIER FORM : REGISTER HOTKEY
[ADMIN] [6/4/2017 01:26] [PENJUALAN] TRANSACTION SAVED
[ADMIN] [6/4/2017 01:26] [PENJUALAN] PRINT OUT INVOICE
[ADMIN] [6/4/2017 01:26] [PENJUALAN] CASHIER FORM : PrintReceipt
[ADMIN] [6/4/2017 01:26] [PENJUALAN] CASHIER FORM : PrintReceipt, POS size Paper
[ADMIN] [6/4/2017 01:26] [PENJUALAN] CASHIER FORM : loadInfoToko
[ADMIN] [6/4/2017 01:26] [PENJUALAN] CASHIER FORM : calculatePageLength, totalLengthPage [355]
[ADMIN] [6/4/2017 01:26] [PENJUALAN] CASHIER FORM : printDocument1_PrintPage, print POS size receipt
[ADMIN] [6/4/2017 01:26] [PENJUALAN] CASHIER FORM : UNREGISTER HOTKEY
[ADMIN] [6/4/2017 01:27] [PENJUALAN] CASHIER FORM : loadInfoToko
[ADMIN] [6/4/2017 01:27] [PENJUALAN] CASHIER FORM : loadNamaUser
[ADMIN] [6/4/2017 01:27] [PENJUALAN] CASHIER FORM : UPDATE ROW NUMBER, TOTAL ROW [1]
[ADMIN] [6/4/2017 01:27] [PENJUALAN] CASHIER FORM : REGISTER HOTKEY
[ADMIN] [6/4/2017 01:27] [PENJUALAN] CASHIER FORM : UNREGISTER HOTKEY
[ADMIN] [6/4/2017 01:27] [PENJUALAN] CASHIER FORM : ADD NEW ROW,  isActive [True]
[ADMIN] [6/4/2017 01:27] [PENJUALAN] CASHIER FORM : ADD NEW ROW,  ROW COUNT [0]
[ADMIN] [6/4/2017 01:27] [PENJUALAN] CASHIER FORM : ADD NEW ROW,  ALLOW TO ADD [True]
[ADMIN] [6/4/2017 01:27] [PENJUALAN] CASHIER FORM : UPDATE ROW NUMBER, TOTAL ROW [1]
[ADMIN] [6/4/2017 01:27] [PENJUALAN] CASHIER FORM : UPDATE ROW NUMBER, TOTAL ROW [2]
[ADMIN] [6/4/2017 01:27] [PENJUALAN] CASHIER FORM : cashierDataGridView_CellValueChanged [F8]
[ADMIN] [6/4/2017 01:27] [PENJUALAN] CASHIER FORM : REGISTER HOTKEY
[ADMIN] [6/4/2017 01:27] [PENJUALAN] CASHIER FORM : UNREGISTER HOTKEY
[ADMIN] [6/4/2017 01:27] [PENJUALAN] CASHIER FORM : REGISTER HOTKEY
[ADMIN] [6/4/2017 01:27] [PENJUALAN] RE-PRINT INVOICE
[ADMIN] [6/4/2017 01:27] [PENJUALAN] CASHIER FORM : PrintReceipt
[ADMIN] [6/4/2017 01:27] [PENJUALAN] CASHIER FORM : PrintReceipt, POS size Paper
[ADMIN] [6/4/2017 01:27] [PENJUALAN] CASHIER FORM : loadInfoToko
[ADMIN] [6/4/2017 01:27] [PENJUALAN] CASHIER FORM : calculatePageLength, totalLengthPage [355]
[ADMIN] [6/4/2017 01:27] [PENJUALAN] CASHIER FORM : printDocument1_PrintPage, print POS size receipt
[ADMIN] [6/4/2017 01:27] [PENJUALAN] CASHIER FORM : loadInfoToko
[ADMIN] [6/4/2017 01:27] [PENJUALAN] CASHIER FORM : loadNamaUser
[ADMIN] [6/4/2017 01:27] [PENJUALAN] CASHIER FORM : UNREGISTER HOTKEY
[ADMIN] [6/4/2017 01:27] [PENJUALAN] CASHIER FORM : REGISTER HOTKEY
[ADMIN] [6/4/2017 01:27] [PENJUALAN] CASHIER FORM : UNREGISTER HOTKEY
[ADMIN] [6/4/2017 01:27] [PENJUALAN] CASHIER FORM : REGISTER HOTKEY
[ADMIN] [6/4/2017 01:27] [PENJUALAN] CASHIER FORM : UNREGISTER HOTKEY
[ADMIN] [6/4/2017 01:27] [PENJUALAN] CASHIER FORM : REGISTER HOTKEY
[ADMIN] [6/4/2017 01:27] [PENJUALAN] CASHIER FORM : UNREGISTER HOTKEY
[ADMIN] [6/4/2017 01:27] [PENJUALAN] CASHIER FORM : REGISTER HOTKEY
[ADMIN] [6/4/2017 01:27] [PENJUALAN] CASHIER FORM : UPDATE ROW NUMBER, TOTAL ROW [1]
[ADMIN] [6/4/2017 01:27] [PENJUALAN] CASHIER FORM : cashierDataGridView_CellValueChanged [F8]
[ADMIN] [6/4/2017 01:27] [PENJUALAN] CASHIER FORM : UNREGISTER HOTKEY
[ADMIN] [6/4/2017 01:27] [PENJUALAN] CASHIER FORM : UNREGISTER HOTKEY
[] [6/4/2017 01:38] [] USER = ADMIN IS ACTIVE
[ADMIN] [6/4/2017 01:38] [] USER ID = 1 LOGIN SUCCESSFULLY
[ADMIN] [6/4/2017 01:38] [] ACTIVATE USER ACCESS RIGHT
[ADMIN] [6/4/2017 01:38] [] DISPLAY ADMIN FORM
[ADMIN] [6/4/2017 01:38] [] adminForm Load
[ADMIN] [6/4/2017 01:38] [] ACTIVATE USER ACCESS RIGHT
[ADMIN] [6/4/2017 01:38] [PENJUALAN] CASHIER FORM : MULTIPLE CASHIER INSTANCE [1]
[ADMIN] [6/4/2017 01:38] [PENJUALAN] CASHIER FORM : REGISTER HOTKEY
[ADMIN] [6/4/2017 01:38] [PENJUALAN] CASHIER FORM : cashierForm_Load, ATTEMPT TO LOAD NO FAKTUR
[ADMIN] [6/4/2017 01:38] [PENJUALAN] CASHIER FORM : loadNoFaktur, noFakturValue [SLO001]
[ADMIN] [6/4/2017 01:38] [PENJUALAN] CASHIER FORM : cashierForm_Load, ATTEMPT TO addColumnToDataGrid
[ADMIN] [6/4/2017 01:38] [PENJUALAN] CASHIER FORM : UPDATE ROW NUMBER, TOTAL ROW [1]
[ADMIN] [6/4/2017 01:38] [PENJUALAN] CASHIER FORM : REGISTER HOTKEY
[ADMIN] [6/4/2017 01:38] [PENJUALAN] CASHIER FORM : UNREGISTER HOTKEY
[ADMIN] [6/4/2017 01:38] [PENJUALAN] CASHIER FORM : ADD NEW ROW,  isActive [True]
[ADMIN] [6/4/2017 01:38] [PENJUALAN] CASHIER FORM : ADD NEW ROW,  ROW COUNT [0]
[ADMIN] [6/4/2017 01:38] [PENJUALAN] CASHIER FORM : ADD NEW ROW,  ALLOW TO ADD [True]
[ADMIN] [6/4/2017 01:38] [PENJUALAN] CASHIER FORM : UPDATE ROW NUMBER, TOTAL ROW [1]
[ADMIN] [6/4/2017 01:38] [PENJUALAN] CASHIER FORM : UPDATE ROW NUMBER, TOTAL ROW [2]
[ADMIN] [6/4/2017 01:38] [PENJUALAN] CASHIER FORM : cashierDataGridView_CellValueChanged [F8]
[ADMIN] [6/4/2017 01:38] [PENJUALAN] CASHIER FORM : REGISTER HOTKEY
[ADMIN] [6/4/2017 01:38] [PENJUALAN] CASHIER FORM : UNREGISTER HOTKEY
[ADMIN] [6/4/2017 01:38] [PENJUALAN] CASHIER FORM : ADD NEW ROW,  isActive [True]
[ADMIN] [6/4/2017 01:38] [PENJUALAN] CASHIER FORM : ADD NEW ROW,  ROW COUNT [1]
[ADMIN] [6/4/2017 01:38] [PENJUALAN] CASHIER FORM : ADD NEW ROW,  ALLOW TO ADD [True]
[ADMIN] [6/4/2017 01:38] [PENJUALAN] CASHIER FORM : UPDATE ROW NUMBER, TOTAL ROW [2]
[ADMIN] [6/4/2017 01:38] [PENJUALAN] CASHIER FORM : UPDATE ROW NUMBER, TOTAL ROW [3]
[ADMIN] [6/4/2017 01:38] [PENJUALAN] CASHIER FORM : cashierDataGridView_CellValueChanged [F8]
[ADMIN] [6/4/2017 01:38] [PENJUALAN] CASHIER FORM : REGISTER HOTKEY
[ADMIN] [6/4/2017 01:38] [PENJUALAN] CASHIER FORM : UNREGISTER HOTKEY
[ADMIN] [6/4/2017 01:38] [PENJUALAN] CASHIER FORM : ADD NEW ROW,  isActive [True]
[ADMIN] [6/4/2017 01:38] [PENJUALAN] CASHIER FORM : ADD NEW ROW,  ROW COUNT [2]
[ADMIN] [6/4/2017 01:38] [PENJUALAN] CASHIER FORM : ADD NEW ROW,  ALLOW TO ADD [False]
[ADMIN] [6/4/2017 01:38] [PENJUALAN] CASHIER FORM : clearUpSomeRowContents
[ADMIN] [6/4/2017 01:38] [PENJUALAN] CASHIER FORM : calculateTotal
[ADMIN] [6/4/2017 01:38] [PENJUALAN] CASHIER FORM : calculateTotal [350000]
[ADMIN] [6/4/2017 01:38] [PENJUALAN] CASHIER FORM : calculateTotal, totalAfterDisc [350000]
[ADMIN] [6/4/2017 01:38] [PENJUALAN] CASHIER FORM : calculateChangeValue, bayarTextBox.Text [Rp0]
[ADMIN] [6/4/2017 01:38] [PENJUALAN] CASHIER FORM : calculateChangeValue, sisaBayar [0]
[ADMIN] [6/4/2017 01:38] [PENJUALAN] CASHIER FORM : UPDATE ROW NUMBER, TOTAL ROW [3]
[ADMIN] [6/4/2017 01:38] [PENJUALAN] CASHIER FORM : cashierDataGridView_CellValueChanged [F8]
[ADMIN] [6/4/2017 01:38] [PENJUALAN] CASHIER FORM : REGISTER HOTKEY
[ADMIN] [6/4/2017 01:39] [PENJUALAN] CASHIER FORM : UNREGISTER HOTKEY
[ADMIN] [6/4/2017 01:39] [PENJUALAN] CASHIER FORM : ADD NEW ROW,  isActive [True]
[ADMIN] [6/4/2017 01:39] [PENJUALAN] CASHIER FORM : ADD NEW ROW,  ROW COUNT [2]
[ADMIN] [6/4/2017 01:39] [PENJUALAN] CASHIER FORM : ADD NEW ROW,  ALLOW TO ADD [False]
[ADMIN] [6/4/2017 01:39] [PENJUALAN] CASHIER FORM : clearUpSomeRowContents
[ADMIN] [6/4/2017 01:39] [PENJUALAN] CASHIER FORM : calculateTotal
[ADMIN] [6/4/2017 01:39] [PENJUALAN] CASHIER FORM : calculateTotal [345000]
[ADMIN] [6/4/2017 01:39] [PENJUALAN] CASHIER FORM : calculateTotal, totalAfterDisc [345000]
[ADMIN] [6/4/2017 01:39] [PENJUALAN] CASHIER FORM : calculateChangeValue, bayarTextBox.Text [Rp1.479.192]
[ADMIN] [6/4/2017 01:39] [PENJUALAN] CASHIER FORM : calculateChangeValue, sisaBayar [1134192]
[ADMIN] [6/4/2017 01:39] [PENJUALAN] CASHIER FORM : ADD NEW ROW,  isActive [True]
[ADMIN] [6/4/2017 01:39] [PENJUALAN] CASHIER FORM : ADD NEW ROW,  ROW COUNT [2]
[ADMIN] [6/4/2017 01:39] [PENJUALAN] CASHIER FORM : ADD NEW ROW,  ALLOW TO ADD [False]
[ADMIN] [6/4/2017 01:39] [PENJUALAN] CASHIER FORM : clearUpSomeRowContents
[ADMIN] [6/4/2017 01:39] [PENJUALAN] CASHIER FORM : calculateTotal
[ADMIN] [6/4/2017 01:39] [PENJUALAN] CASHIER FORM : calculateTotal [700596]
[ADMIN] [6/4/2017 01:39] [PENJUALAN] CASHIER FORM : calculateTotal, totalAfterDisc [700596]
[ADMIN] [6/4/2017 01:39] [PENJUALAN] CASHIER FORM : calculateChangeValue, bayarTextBox.Text [Rp1.479.192]
[ADMIN] [6/4/2017 01:39] [PENJUALAN] CASHIER FORM : calculateChangeValue, sisaBayar [778596]
[ADMIN] [6/4/2017 01:39] [PENJUALAN] CASHIER FORM : ADD NEW ROW,  isActive [True]
[ADMIN] [6/4/2017 01:39] [PENJUALAN] CASHIER FORM : ADD NEW ROW,  ROW COUNT [2]
[ADMIN] [6/4/2017 01:39] [PENJUALAN] CASHIER FORM : ADD NEW ROW,  ALLOW TO ADD [True]
[ADMIN] [6/4/2017 01:39] [PENJUALAN] CASHIER FORM : UPDATE ROW NUMBER, TOTAL ROW [3]
[ADMIN] [6/4/2017 01:39] [PENJUALAN] CASHIER FORM : ADD NEW ROW,  isActive [True]
[ADMIN] [6/4/2017 01:39] [PENJUALAN] CASHIER FORM : ADD NEW ROW,  ROW COUNT [3]
[ADMIN] [6/4/2017 01:39] [PENJUALAN] CASHIER FORM : ADD NEW ROW,  ALLOW TO ADD [True]
[ADMIN] [6/4/2017 01:39] [PENJUALAN] CASHIER FORM : UPDATE ROW NUMBER, TOTAL ROW [4]
[ADMIN] [6/4/2017 01:39] [PENJUALAN] CASHIER FORM : UPDATE ROW NUMBER, TOTAL ROW [5]
[ADMIN] [6/4/2017 01:39] [PENJUALAN] CASHIER FORM : cashierDataGridView_CellValueChanged [F8]
[ADMIN] [6/4/2017 01:39] [PENJUALAN] CASHIER FORM : REGISTER HOTKEY
[ADMIN] [6/4/2017 01:39] [PENJUALAN] CASHIER FORM : UNREGISTER HOTKEY
[ADMIN] [6/4/2017 01:39] [PENJUALAN] CASHIER FORM : ADD NEW ROW,  isActive [True]
[ADMIN] [6/4/2017 01:39] [PENJUALAN] CASHIER FORM : ADD NEW ROW,  ROW COUNT [4]
[ADMIN] [6/4/2017 01:39] [PENJUALAN] CASHIER FORM : ADD NEW ROW,  ALLOW TO ADD [True]
[ADMIN] [6/4/2017 01:39] [PENJUALAN] CASHIER FORM : UPDATE ROW NUMBER, TOTAL ROW [5]
[ADMIN] [6/4/2017 01:39] [PENJUALAN] CASHIER FORM : UPDATE ROW NUMBER, TOTAL ROW [6]
[ADMIN] [6/4/2017 01:39] [PENJUALAN] CASHIER FORM : cashierDataGridView_CellValueChanged [F8]
[ADMIN] [6/4/2017 01:39] [PENJUALAN] CASHIER FORM : REGISTER HOTKEY
[ADMIN] [6/4/2017 01:39] [PENJUALAN] CASHIER FORM : UNREGISTER HOTKEY
[ADMIN] [6/4/2017 01:39] [PENJUALAN] CASHIER FORM : UNREGISTER HOTKEY
[ADMIN] [6/4/2017 01:39] [] USER ID = 1LOGOUT
