[] [6/4/2017 00:29] [] USER = ADMIN IS ACTIVE
[ADMIN] [6/4/2017 00:29] [] USER ID = 1 LOGIN SUCCESSFULLY
[ADMIN] [6/4/2017 00:29] [] ACTIVATE USER ACCESS RIGHT
[ADMIN] [6/4/2017 00:29] [] DISPLAY ADMIN FORM
[ADMIN] [6/4/2017 00:29] [] adminForm Load
[ADMIN] [6/4/2017 00:29] [] ACTIVATE USER ACCESS RIGHT
[] [6/4/2017 00:38] [] USER = ADMIN IS ACTIVE
[ADMIN] [6/4/2017 00:38] [] USER ID = 1 LOGIN SUCCESSFULLY
[ADMIN] [6/4/2017 00:38] [] ACTIVATE USER ACCESS RIGHT
[ADMIN] [6/4/2017 00:38] [] DISPLAY ADMIN FORM
[ADMIN] [6/4/2017 00:38] [] adminForm Load
[ADMIN] [6/4/2017 00:38] [] ACTIVATE USER ACCESS RIGHT
[ADMIN] [6/4/2017 00:38] [] SERVER IP IS LOCALHOST
[ADMIN] [6/4/2017 00:38] [] UPDATE DATA ID 2
[ADMIN] [6/4/2017 00:38] [PENJUALAN] CASHIER FORM : MULTIPLE CASHIER INSTANCE [1]
[ADMIN] [6/4/2017 00:38] [PENJUALAN] CASHIER FORM : REGISTER HOTKEY
[ADMIN] [6/4/2017 00:38] [PENJUALAN] CASHIER FORM : cashierForm_Load, ATTEMPT TO LOAD NO FAKTUR
[ADMIN] [6/4/2017 00:38] [PENJUALAN] CASHIER FORM : loadNoFaktur, noFakturValue [SLO001]
[ADMIN] [6/4/2017 00:38] [PENJUALAN] CASHIER FORM : cashierForm_Load, ATTEMPT TO addColumnToDataGrid
[ADMIN] [6/4/2017 00:38] [PENJUALAN] CASHIER FORM : UPDATE ROW NUMBER, TOTAL ROW [1]
[ADMIN] [6/4/2017 00:38] [PENJUALAN] CASHIER FORM : REGISTER HOTKEY
[ADMIN] [6/4/2017 00:38] [PENJUALAN] CASHIER FORM : Combobox_previewKeyDown, cashierDataGridView.CurrentCell.OwningColumn.Name  [productID]
[ADMIN] [6/4/2017 00:38] [PENJUALAN] CASHIER FORM : UPDATE ROW NUMBER, TOTAL ROW [2]
[ADMIN] [6/4/2017 00:38] [PENJUALAN] CASHIER FORM : cashierDataGridView_CellValueChanged [F8]
[ADMIN] [6/4/2017 00:38] [PENJUALAN] CASHIER FORM : cashierDataGridView_CellValueChanged [productID]
[ADMIN] [6/4/2017 00:38] [PENJUALAN] CASHIER FORM : Combobox_previewKeyDown, cashierDataGridView.CurrentCell.OwningColumn.Name  [productID]
[ADMIN] [6/4/2017 00:38] [PENJUALAN] CASHIER FORM : cashierDataGridView_CellValueChanged [productID]
[ADMIN] [6/4/2017 00:38] [PENJUALAN] CASHIER FORM : Combobox_KeyUp, cashierDataGridView.CurrentCell.OwningColumn.Name  [productID]
[ADMIN] [6/4/2017 00:38] [PENJUALAN] CASHIER FORM : Combobox_KeyUp, cashierDataGridView.CurrentCell.OwningColumn.Name  [productID]
[ADMIN] [6/4/2017 00:38] [PENJUALAN] CASHIER FORM : Combobox_previewKeyDown, cashierDataGridView.CurrentCell.OwningColumn.Name  [productID]
[ADMIN] [6/4/2017 00:38] [PENJUALAN] CASHIER FORM : cashierDataGridView_CellValueChanged [productID]
[ADMIN] [6/4/2017 00:38] [PENJUALAN] CASHIER FORM : Combobox_previewKeyDown, cashierDataGridView.CurrentCell.OwningColumn.Name  [productID]
[ADMIN] [6/4/2017 00:38] [PENJUALAN] CASHIER FORM : cashierDataGridView_CellValueChanged [productID]
[ADMIN] [6/4/2017 00:38] [PENJUALAN] CASHIER FORM : Combobox_KeyUp, cashierDataGridView.CurrentCell.OwningColumn.Name  [productID]
[ADMIN] [6/4/2017 00:38] [PENJUALAN] CASHIER FORM : Combobox_KeyUp, cashierDataGridView.CurrentCell.OwningColumn.Name  [productID]
[ADMIN] [6/4/2017 00:38] [PENJUALAN] CASHIER FORM : Combobox_previewKeyDown, cashierDataGridView.CurrentCell.OwningColumn.Name  [productID]
[ADMIN] [6/4/2017 00:38] [PENJUALAN] CASHIER FORM : cashierDataGridView_CellValueChanged [productID]
[ADMIN] [6/4/2017 00:38] [PENJUALAN] CASHIER FORM : Combobox_KeyUp, cashierDataGridView.CurrentCell.OwningColumn.Name  [productID]
[ADMIN] [6/4/2017 00:38] [PENJUALAN] CASHIER FORM : Combobox_previewKeyDown, cashierDataGridView.CurrentCell.OwningColumn.Name  [productID]
[ADMIN] [6/4/2017 00:38] [PENJUALAN] CASHIER FORM : cashierDataGridView_CellValueChanged [productID]
[ADMIN] [6/4/2017 00:38] [PENJUALAN] CASHIER FORM : Combobox_KeyUp, cashierDataGridView.CurrentCell.OwningColumn.Name  [productID]
[ADMIN] [6/4/2017 00:38] [PENJUALAN] CASHIER FORM : Combobox_previewKeyDown, cashierDataGridView.CurrentCell.OwningColumn.Name  [productID]
[ADMIN] [6/4/2017 00:38] [PENJUALAN] CASHIER FORM : cashierDataGridView_CellValueChanged [productID]
[ADMIN] [6/4/2017 00:38] [PENJUALAN] CASHIER FORM : Combobox_KeyUp, cashierDataGridView.CurrentCell.OwningColumn.Name  [productID]
[ADMIN] [6/4/2017 00:38] [PENJUALAN] CASHIER FORM : Combobox_previewKeyDown, cashierDataGridView.CurrentCell.OwningColumn.Name  [productID]
[ADMIN] [6/4/2017 00:38] [PENJUALAN] CASHIER FORM : ADD NEW ROW FROM BARCODE [ALPO PUPPY 1 KG]
[ADMIN] [6/4/2017 00:38] [PENJUALAN] CASHIER FORM : updateSomeRowContents
[ADMIN] [6/4/2017 00:38] [PENJUALAN] CASHIER FORM : cashierDataGridView_CellValueChanged [productName]
[ADMIN] [6/4/2017 00:38] [PENJUALAN] CASHIER FORM : updateSomeRowContents
[ADMIN] [6/4/2017 00:38] [PENJUALAN] CASHIER FORM : PRODUCT PRICE TYPE [PRODUCT_BASE_PRICE]
[ADMIN] [6/4/2017 00:38] [PENJUALAN] CASHIER FORM : PRODUCT PRICE [29250]
[ADMIN] [6/4/2017 00:38] [PENJUALAN] CASHIER FORM : ComboBox_SelectedIndexChanged, PRODUCT_BASE_PRICE [29250]
[ADMIN] [6/4/2017 00:38] [PENJUALAN] CASHIER FORM : cashierDataGridView_CellValueChanged [hpp]
[ADMIN] [6/4/2017 00:38] [PENJUALAN] CASHIER FORM : PRODUCT PRICE TYPE [PRODUCT_RETAIL_PRICE]
[ADMIN] [6/4/2017 00:38] [PENJUALAN] CASHIER FORM : PRODUCT PRICE [35000]
[ADMIN] [6/4/2017 00:38] [PENJUALAN] CASHIER FORM : ComboBox_SelectedIndexChanged, PRODUCT_SALES_PRICE [35000]
[ADMIN] [6/4/2017 00:38] [PENJUALAN] CASHIER FORM : cashierDataGridView_CellValueChanged [productPrice]
[ADMIN] [6/4/2017 00:38] [PENJUALAN] CASHIER FORM : cashierDataGridView_CellValueChanged, previousInput [0]
[ADMIN] [6/4/2017 00:38] [PENJUALAN] CASHIER FORM : cashierDataGridView_CellValueChanged, cellValue [35000]
[ADMIN] [6/4/2017 00:38] [PENJUALAN] CASHIER FORM : cashierDataGridView_CellValueChanged, dataGridViewTextBoxEditingControl.Text pass REGEX Checking
[ADMIN] [6/4/2017 00:38] [PENJUALAN] CASHIER FORM : CALCULATE SUBTOTAL
[ADMIN] [6/4/2017 00:38] [PENJUALAN] CASHIER FORM : SUBTOTAL [0]
[ADMIN] [6/4/2017 00:38] [PENJUALAN] CASHIER FORM : cashierDataGridView_CellValueChanged, subtotal value [0]
[ADMIN] [6/4/2017 00:38] [PENJUALAN] CASHIER FORM : cashierDataGridView_CellValueChanged, attempt to calculate total value
[ADMIN] [6/4/2017 00:38] [PENJUALAN] CASHIER FORM : calculateTotal
[ADMIN] [6/4/2017 00:38] [PENJUALAN] CASHIER FORM : calculateTotal [0]
[ADMIN] [6/4/2017 00:38] [PENJUALAN] CASHIER FORM : calculateTotal, totalAfterDisc [0]
[ADMIN] [6/4/2017 00:38] [PENJUALAN] CASHIER FORM : calculateChangeValue, bayarTextBox.Text [0]
[ADMIN] [6/4/2017 00:38] [PENJUALAN] CASHIER FORM : calculateChangeValue, sisaBayar [0]
[ADMIN] [6/4/2017 00:38] [PENJUALAN] CASHIER FORM : cashierDataGridView_CellValueChanged [qty]
[ADMIN] [6/4/2017 00:38] [PENJUALAN] CASHIER FORM : cashierDataGridView_CellValueChanged, previousInput [0]
[ADMIN] [6/4/2017 00:38] [PENJUALAN] CASHIER FORM : cashierDataGridView_CellValueChanged [jumlah]
[ADMIN] [6/4/2017 00:38] [PENJUALAN] CASHIER FORM : calculateTotal
[ADMIN] [6/4/2017 00:38] [PENJUALAN] CASHIER FORM : calculateTotal [0]
[ADMIN] [6/4/2017 00:38] [PENJUALAN] CASHIER FORM : calculateTotal, totalAfterDisc [0]
[ADMIN] [6/4/2017 00:38] [PENJUALAN] CASHIER FORM : calculateChangeValue, bayarTextBox.Text [0]
[ADMIN] [6/4/2017 00:38] [PENJUALAN] CASHIER FORM : calculateChangeValue, sisaBayar [0]
[ADMIN] [6/4/2017 00:38] [PENJUALAN] CASHIER FORM : CHECK STOCK QTY IS ENOUGH [ALPO-P1]
[ADMIN] [6/4/2017 00:38] [PENJUALAN] CASHIER FORM : CHECK STOCK QTY IS ENOUGH [33, 1]
[ADMIN] [6/4/2017 00:38] [PENJUALAN] CASHIER FORM : cashierDataGridView_CellValueChanged [qty]
[ADMIN] [6/4/2017 00:38] [PENJUALAN] CASHIER FORM : cashierDataGridView_CellValueChanged, previousInput [0]
[ADMIN] [6/4/2017 00:38] [PENJUALAN] CASHIER FORM : cashierDataGridView_CellValueChanged, cellValue [1]
[ADMIN] [6/4/2017 00:38] [PENJUALAN] CASHIER FORM : cashierDataGridView_CellValueChanged, dataGridViewTextBoxEditingControl.Text pass REGEX Checking
[ADMIN] [6/4/2017 00:38] [PENJUALAN] CASHIER FORM : CHECK STOCK QTY IS ENOUGH [ALPO-P1]
[ADMIN] [6/4/2017 00:38] [PENJUALAN] CASHIER FORM : CHECK STOCK QTY IS ENOUGH [33, 1]
[ADMIN] [6/4/2017 00:38] [PENJUALAN] CASHIER FORM : CALCULATE SUBTOTAL
[ADMIN] [6/4/2017 00:38] [PENJUALAN] CASHIER FORM : SUBTOTAL [35000]
[ADMIN] [6/4/2017 00:38] [PENJUALAN] CASHIER FORM : cashierDataGridView_CellValueChanged, subtotal value [35000]
[ADMIN] [6/4/2017 00:38] [PENJUALAN] CASHIER FORM : cashierDataGridView_CellValueChanged, attempt to calculate total value
[ADMIN] [6/4/2017 00:38] [PENJUALAN] CASHIER FORM : calculateTotal
[ADMIN] [6/4/2017 00:38] [PENJUALAN] CASHIER FORM : calculateTotal [35000]
[ADMIN] [6/4/2017 00:38] [PENJUALAN] CASHIER FORM : calculateTotal, totalAfterDisc [35000]
[ADMIN] [6/4/2017 00:38] [PENJUALAN] CASHIER FORM : calculateChangeValue, bayarTextBox.Text [0]
[ADMIN] [6/4/2017 00:38] [PENJUALAN] CASHIER FORM : calculateChangeValue, sisaBayar [0]
[ADMIN] [6/4/2017 00:38] [PENJUALAN] CASHIER FORM : SET QTY TO 1 BECAUSE OF NEW ROW
[ADMIN] [6/4/2017 00:38] [PENJUALAN] CASHIER FORM : CALCULATE SUBTOTAL
[ADMIN] [6/4/2017 00:38] [PENJUALAN] CASHIER FORM : SUBTOTAL [35000]
[ADMIN] [6/4/2017 00:38] [PENJUALAN] CASHIER FORM : calculateTotal
[ADMIN] [6/4/2017 00:38] [PENJUALAN] CASHIER FORM : calculateTotal [35000]
[ADMIN] [6/4/2017 00:38] [PENJUALAN] CASHIER FORM : calculateTotal, totalAfterDisc [35000]
[ADMIN] [6/4/2017 00:38] [PENJUALAN] CASHIER FORM : calculateChangeValue, bayarTextBox.Text [0]
[ADMIN] [6/4/2017 00:38] [PENJUALAN] CASHIER FORM : calculateChangeValue, sisaBayar [0]
[ADMIN] [6/4/2017 00:38] [PENJUALAN] CASHIER FORM : UPDATE ROW NUMBER, TOTAL ROW [2]
[ADMIN] [6/4/2017 00:38] [PENJUALAN] CASHIER FORM : cashierDataGridView_CellValueChanged [F8]
[ADMIN] [6/4/2017 00:38] [PENJUALAN] CASHIER FORM : Combobox_KeyUp, cashierDataGridView.CurrentCell.OwningColumn.Name  [qty]
[ADMIN] [6/4/2017 00:38] [PENJUALAN] CASHIER FORM : cashierDataGridView_CellValueChanged [qty]
[ADMIN] [6/4/2017 00:38] [PENJUALAN] CASHIER FORM : cashierDataGridView_CellValueChanged, previousInput [1]
[ADMIN] [6/4/2017 00:38] [PENJUALAN] CASHIER FORM : cashierDataGridView_CellValueChanged, dataGridViewTextBoxEditingControl.Text pass REGEX Checking
[ADMIN] [6/4/2017 00:38] [PENJUALAN] CASHIER FORM : CHECK STOCK QTY IS ENOUGH [ALPO-P1]
[ADMIN] [6/4/2017 00:38] [PENJUALAN] CASHIER FORM : CHECK STOCK QTY IS ENOUGH [33, 2]
[ADMIN] [6/4/2017 00:38] [PENJUALAN] CASHIER FORM : CALCULATE SUBTOTAL
[ADMIN] [6/4/2017 00:38] [PENJUALAN] CASHIER FORM : SUBTOTAL [70000]
[ADMIN] [6/4/2017 00:38] [PENJUALAN] CASHIER FORM : cashierDataGridView_CellValueChanged, subtotal value [70000]
[ADMIN] [6/4/2017 00:38] [PENJUALAN] CASHIER FORM : cashierDataGridView_CellValueChanged, attempt to calculate total value
[ADMIN] [6/4/2017 00:38] [PENJUALAN] CASHIER FORM : calculateTotal
[ADMIN] [6/4/2017 00:38] [PENJUALAN] CASHIER FORM : calculateTotal [70000]
[ADMIN] [6/4/2017 00:38] [PENJUALAN] CASHIER FORM : calculateTotal, totalAfterDisc [70000]
[ADMIN] [6/4/2017 00:38] [PENJUALAN] CASHIER FORM : calculateChangeValue, bayarTextBox.Text [0]
[ADMIN] [6/4/2017 00:38] [PENJUALAN] CASHIER FORM : calculateChangeValue, sisaBayar [0]
[ADMIN] [6/4/2017 00:38] [PENJUALAN] CASHIER FORM : Combobox_KeyUp, cashierDataGridView.CurrentCell.OwningColumn.Name  [qty]
[ADMIN] [6/4/2017 00:38] [PENJUALAN] CASHIER FORM : cashierDataGridView_CellValueChanged [qty]
[ADMIN] [6/4/2017 00:38] [PENJUALAN] CASHIER FORM : cashierDataGridView_CellValueChanged, previousInput [2]
[ADMIN] [6/4/2017 00:38] [PENJUALAN] CASHIER FORM : cashierDataGridView_CellValueChanged, dataGridViewTextBoxEditingControl.Text pass REGEX Checking
[ADMIN] [6/4/2017 00:38] [PENJUALAN] CASHIER FORM : CHECK STOCK QTY IS ENOUGH [ALPO-P1]
[ADMIN] [6/4/2017 00:38] [PENJUALAN] CASHIER FORM : CHECK STOCK QTY IS ENOUGH [33, 22]
[ADMIN] [6/4/2017 00:38] [PENJUALAN] CASHIER FORM : CALCULATE SUBTOTAL
[ADMIN] [6/4/2017 00:38] [PENJUALAN] CASHIER FORM : SUBTOTAL [770000]
[ADMIN] [6/4/2017 00:38] [PENJUALAN] CASHIER FORM : cashierDataGridView_CellValueChanged, subtotal value [770000]
[ADMIN] [6/4/2017 00:38] [PENJUALAN] CASHIER FORM : cashierDataGridView_CellValueChanged, attempt to calculate total value
[ADMIN] [6/4/2017 00:38] [PENJUALAN] CASHIER FORM : calculateTotal
[ADMIN] [6/4/2017 00:38] [PENJUALAN] CASHIER FORM : calculateTotal [770000]
[ADMIN] [6/4/2017 00:38] [PENJUALAN] CASHIER FORM : calculateTotal, totalAfterDisc [770000]
[ADMIN] [6/4/2017 00:38] [PENJUALAN] CASHIER FORM : calculateChangeValue, bayarTextBox.Text [0]
[ADMIN] [6/4/2017 00:38] [PENJUALAN] CASHIER FORM : calculateChangeValue, sisaBayar [0]
[ADMIN] [6/4/2017 00:38] [PENJUALAN] CASHIER FORM : Combobox_KeyUp, cashierDataGridView.CurrentCell.OwningColumn.Name  [qty]
[ADMIN] [6/4/2017 00:38] [PENJUALAN] CASHIER FORM : cashierDataGridView_CellValueChanged [qty]
[ADMIN] [6/4/2017 00:38] [PENJUALAN] CASHIER FORM : cashierDataGridView_CellValueChanged, previousInput [22]
[ADMIN] [6/4/2017 00:38] [PENJUALAN] CASHIER FORM : cashierDataGridView_CellValueChanged, dataGridViewTextBoxEditingControl.Text pass REGEX Checking
[ADMIN] [6/4/2017 00:38] [PENJUALAN] CASHIER FORM : CHECK STOCK QTY IS ENOUGH [ALPO-P1]
[ADMIN] [6/4/2017 00:38] [PENJUALAN] CASHIER FORM : CHECK STOCK QTY IS ENOUGH [33, 222]
[ADMIN] [6/4/2017 00:38] [PENJUALAN] CASHIER FORM : CALCULATE SUBTOTAL
[ADMIN] [6/4/2017 00:38] [PENJUALAN] CASHIER FORM : SUBTOTAL [770000]
[ADMIN] [6/4/2017 00:38] [PENJUALAN] CASHIER FORM : cashierDataGridView_CellValueChanged, subtotal value [770000]
[ADMIN] [6/4/2017 00:38] [PENJUALAN] CASHIER FORM : cashierDataGridView_CellValueChanged, attempt to calculate total value
[ADMIN] [6/4/2017 00:38] [PENJUALAN] CASHIER FORM : calculateTotal
[ADMIN] [6/4/2017 00:38] [PENJUALAN] CASHIER FORM : calculateTotal [770000]
[ADMIN] [6/4/2017 00:38] [PENJUALAN] CASHIER FORM : calculateTotal, totalAfterDisc [770000]
[ADMIN] [6/4/2017 00:38] [PENJUALAN] CASHIER FORM : calculateChangeValue, bayarTextBox.Text [0]
[ADMIN] [6/4/2017 00:38] [PENJUALAN] CASHIER FORM : calculateChangeValue, sisaBayar [0]
[ADMIN] [6/4/2017 00:38] [PENJUALAN] CASHIER FORM : Combobox_KeyUp, cashierDataGridView.CurrentCell.OwningColumn.Name  [qty]
[ADMIN] [6/4/2017 00:38] [PENJUALAN] CASHIER FORM : Combobox_KeyUp, cashierDataGridView.CurrentCell.OwningColumn.Name  [qty]
[ADMIN] [6/4/2017 00:38] [PENJUALAN] CASHIER FORM : cashierDataGridView_CellValueChanged [qty]
[ADMIN] [6/4/2017 00:38] [PENJUALAN] CASHIER FORM : cashierDataGridView_CellValueChanged, previousInput [22]
[ADMIN] [6/4/2017 00:38] [PENJUALAN] CASHIER FORM : cashierDataGridView_CellValueChanged, dataGridViewTextBoxEditingControl.Text pass REGEX Checking
[ADMIN] [6/4/2017 00:38] [PENJUALAN] CASHIER FORM : CHECK STOCK QTY IS ENOUGH [ALPO-P1]
[ADMIN] [6/4/2017 00:38] [PENJUALAN] CASHIER FORM : CHECK STOCK QTY IS ENOUGH [33, 2]
[ADMIN] [6/4/2017 00:38] [PENJUALAN] CASHIER FORM : CALCULATE SUBTOTAL
[ADMIN] [6/4/2017 00:38] [PENJUALAN] CASHIER FORM : SUBTOTAL [70000]
[ADMIN] [6/4/2017 00:38] [PENJUALAN] CASHIER FORM : cashierDataGridView_CellValueChanged, subtotal value [70000]
[ADMIN] [6/4/2017 00:38] [PENJUALAN] CASHIER FORM : cashierDataGridView_CellValueChanged, attempt to calculate total value
[ADMIN] [6/4/2017 00:38] [PENJUALAN] CASHIER FORM : calculateTotal
[ADMIN] [6/4/2017 00:38] [PENJUALAN] CASHIER FORM : calculateTotal [70000]
[ADMIN] [6/4/2017 00:38] [PENJUALAN] CASHIER FORM : calculateTotal, totalAfterDisc [70000]
[ADMIN] [6/4/2017 00:38] [PENJUALAN] CASHIER FORM : calculateChangeValue, bayarTextBox.Text [0]
[ADMIN] [6/4/2017 00:38] [PENJUALAN] CASHIER FORM : calculateChangeValue, sisaBayar [0]
[ADMIN] [6/4/2017 00:38] [PENJUALAN] CASHIER FORM : Combobox_KeyUp, cashierDataGridView.CurrentCell.OwningColumn.Name  [qty]
[ADMIN] [6/4/2017 00:38] [PENJUALAN] CASHIER FORM : cashierDataGridView_CellValueChanged [qty]
[ADMIN] [6/4/2017 00:38] [PENJUALAN] CASHIER FORM : cashierDataGridView_CellValueChanged, previousInput [2]
[ADMIN] [6/4/2017 00:38] [PENJUALAN] CASHIER FORM : cashierDataGridView_CellValueChanged, dataGridViewTextBoxEditingControl.Text pass REGEX Checking
[ADMIN] [6/4/2017 00:38] [PENJUALAN] CASHIER FORM : CHECK STOCK QTY IS ENOUGH [ALPO-P1]
[ADMIN] [6/4/2017 00:38] [PENJUALAN] CASHIER FORM : CHECK STOCK QTY IS ENOUGH [33, 22]
[ADMIN] [6/4/2017 00:38] [PENJUALAN] CASHIER FORM : CALCULATE SUBTOTAL
[ADMIN] [6/4/2017 00:38] [PENJUALAN] CASHIER FORM : SUBTOTAL [770000]
[ADMIN] [6/4/2017 00:38] [PENJUALAN] CASHIER FORM : cashierDataGridView_CellValueChanged, subtotal value [770000]
[ADMIN] [6/4/2017 00:38] [PENJUALAN] CASHIER FORM : cashierDataGridView_CellValueChanged, attempt to calculate total value
[ADMIN] [6/4/2017 00:38] [PENJUALAN] CASHIER FORM : calculateTotal
[ADMIN] [6/4/2017 00:38] [PENJUALAN] CASHIER FORM : calculateTotal [770000]
[ADMIN] [6/4/2017 00:38] [PENJUALAN] CASHIER FORM : calculateTotal, totalAfterDisc [770000]
[ADMIN] [6/4/2017 00:38] [PENJUALAN] CASHIER FORM : calculateChangeValue, bayarTextBox.Text [0]
[ADMIN] [6/4/2017 00:38] [PENJUALAN] CASHIER FORM : calculateChangeValue, sisaBayar [0]
[ADMIN] [6/4/2017 00:38] [PENJUALAN] CASHIER FORM : Combobox_KeyUp, cashierDataGridView.CurrentCell.OwningColumn.Name  [qty]
[ADMIN] [6/4/2017 00:38] [PENJUALAN] CASHIER FORM : HOTKEY TO SAVE AND PRINT OUT INVOICE PRESSED
[ADMIN] [6/4/2017 00:38] [PENJUALAN] CASHIER FORM : UNREGISTER HOTKEY
[ADMIN] [6/4/2017 00:38] [PENJUALAN] CASHIER FORM : REGISTER HOTKEY
[ADMIN] [6/4/2017 00:38] [PENJUALAN] ATTEMPT TO SAVE AND PRINT OUT INVOICE
[ADMIN] [6/4/2017 00:38] [PENJUALAN] CASHIER FORM : UNREGISTER HOTKEY
[ADMIN] [6/4/2017 00:38] [PENJUALAN] CASHIER FORM : REGISTER HOTKEY
[ADMIN] [6/4/2017 00:38] [PENJUALAN] CASHIER FORM : calculateChangeValue, bayarTextBox.Text [8]
[ADMIN] [6/4/2017 00:38] [PENJUALAN] CASHIER FORM : calculateChangeValue, sisaBayar [0]
[ADMIN] [6/4/2017 00:38] [PENJUALAN] CASHIER FORM : calculateChangeValue, bayarTextBox.Text [80]
[ADMIN] [6/4/2017 00:38] [PENJUALAN] CASHIER FORM : calculateChangeValue, sisaBayar [0]
[ADMIN] [6/4/2017 00:38] [PENJUALAN] CASHIER FORM : calculateChangeValue, bayarTextBox.Text [800]
[ADMIN] [6/4/2017 00:38] [PENJUALAN] CASHIER FORM : calculateChangeValue, sisaBayar [0]
[ADMIN] [6/4/2017 00:38] [PENJUALAN] CASHIER FORM : calculateChangeValue, bayarTextBox.Text [8000]
[ADMIN] [6/4/2017 00:38] [PENJUALAN] CASHIER FORM : calculateChangeValue, sisaBayar [0]
[ADMIN] [6/4/2017 00:38] [PENJUALAN] CASHIER FORM : calculateChangeValue, bayarTextBox.Text [80000]
[ADMIN] [6/4/2017 00:38] [PENJUALAN] CASHIER FORM : calculateChangeValue, sisaBayar [0]
[ADMIN] [6/4/2017 00:39] [PENJUALAN] CASHIER FORM : calculateChangeValue, bayarTextBox.Text [800000]
[ADMIN] [6/4/2017 00:39] [PENJUALAN] CASHIER FORM : calculateChangeValue, sisaBayar [30000]
[ADMIN] [6/4/2017 00:39] [PENJUALAN] CASHIER FORM : HOTKEY TO SAVE AND PRINT OUT INVOICE PRESSED
[ADMIN] [6/4/2017 00:39] [PENJUALAN] CASHIER FORM : UNREGISTER HOTKEY
[ADMIN] [6/4/2017 00:39] [PENJUALAN] CASHIER FORM : REGISTER HOTKEY
[ADMIN] [6/4/2017 00:39] [PENJUALAN] ATTEMPT TO SAVE AND PRINT OUT INVOICE
[ADMIN] [6/4/2017 00:39] [PENJUALAN] CASHIER FORM : UNREGISTER HOTKEY
[ADMIN] [6/4/2017 00:39] [PENJUALAN] CASHIER FORM : REGISTER HOTKEY
[ADMIN] [6/4/2017 00:39] [PENJUALAN] CASHIER FORM : UNREGISTER HOTKEY
[ADMIN] [6/4/2017 00:39] [PENJUALAN] CASHIER FORM : ATTEMPT TO SAVE SALES DATA [04-06-2017 00:39]
[ADMIN] [6/4/2017 00:39] [PENJUALAN] CASHIER FORM : SALES DISC FINAL [0]
[ADMIN] [6/4/2017 00:39] [PENJUALAN] CASHIER FORM : CASH SALES
[ADMIN] [6/4/2017 00:39] [PENJUALAN] CHECK IF TAX LIMIT SET FOR PERCENTAGE PURCHASE [0]
[ADMIN] [6/4/2017 00:39] [PENJUALAN] CHECK IF TAX LIMIT SET FOR AVERAGE DAILY PURCHASE [0]
[ADMIN] [6/4/2017 00:39] [PENJUALAN] CASHIER FORM : NO FAKTUR [SLO001]
[ADMIN] [6/4/2017 00:39] [PENJUALAN] CASHIER FORM : MAX SALES INVOICE [324]
[ADMIN] [6/4/2017 00:39] [PENJUALAN] CASHIER FORM : SALES INVOICE [SLO001-325]
[ADMIN] [6/4/2017 00:39] [PENJUALAN] INSERT INTO SALES HEADER [SLO001-325]
[ADMIN] [6/4/2017 00:39] [PENJUALAN] INSERT INTO SALES DETAIL[ALPO-P1, 35000, 22]
[ADMIN] [6/4/2017 00:39] [PENJUALAN] REDUCE STOCK AT MASTER PRODUCT [ALPO-P1]
[ADMIN] [6/4/2017 00:39] [PENJUALAN] REDUCE STOCK AT PRODUCT_EXPIRY LOT [3345]
[ADMIN] [6/4/2017 00:39] [PENJUALAN] SAVE PRODUCT LOT INFORMATION FOR EACH ITEM AND AMOUNT
[ADMIN] [6/4/2017 00:39] [PENJUALAN] REDUCE STOCK AT PRODUCT_EXPIRY LOT [3321]
[ADMIN] [6/4/2017 00:39] [PENJUALAN] SAVE PRODUCT LOT INFORMATION FOR EACH ITEM AND AMOUNT
[ADMIN] [6/4/2017 00:39] [PENJUALAN] INSERT TO CREDIT TABLE [SLO001-325]
[ADMIN] [6/4/2017 00:39] [PENJUALAN] INSERT TO DAILY JOURNAL TABLE [770000]
[ADMIN] [6/4/2017 00:39] [PENJUALAN] CASHIER FORM : REGISTER HOTKEY
[ADMIN] [6/4/2017 00:39] [PENJUALAN] TRANSACTION SAVED
[ADMIN] [6/4/2017 00:39] [PENJUALAN] PRINT OUT INVOICE
[ADMIN] [6/4/2017 00:39] [PENJUALAN] CASHIER FORM : PrintReceipt
[ADMIN] [6/4/2017 00:39] [PENJUALAN] CASHIER FORM : PrintReceipt, POS size Paper
[ADMIN] [6/4/2017 00:39] [PENJUALAN] CASHIER FORM : loadInfoToko
[ADMIN] [6/4/2017 00:39] [PENJUALAN] CASHIER FORM : calculatePageLength, totalLengthPage [355]
[ADMIN] [6/4/2017 00:39] [PENJUALAN] CASHIER FORM : printDocument1_PrintPage, print POS size receipt
[ADMIN] [6/4/2017 00:39] [PENJUALAN] CASHIER FORM : UNREGISTER HOTKEY
[ADMIN] [6/4/2017 00:39] [PENJUALAN] CASHIER FORM : loadInfoToko
[ADMIN] [6/4/2017 00:39] [PENJUALAN] CASHIER FORM : loadNamaUser
[ADMIN] [6/4/2017 00:39] [PENJUALAN] CASHIER FORM : UPDATE ROW NUMBER, TOTAL ROW [1]
[ADMIN] [6/4/2017 00:39] [PENJUALAN] CASHIER FORM : REGISTER HOTKEY
[ADMIN] [6/4/2017 00:39] [PENJUALAN] CASHIER FORM : UNREGISTER HOTKEY
[ADMIN] [6/4/2017 00:40] [PENJUALAN] CASHIER FORM : REGISTER HOTKEY
[ADMIN] [6/4/2017 00:40] [PENJUALAN] CASHIER FORM : UNREGISTER HOTKEY
[ADMIN] [6/4/2017 00:40] [PENJUALAN] CASHIER FORM : UNREGISTER HOTKEY
[ADMIN] [6/4/2017 00:40] [PENJUALAN] CASHIER FORM : MULTIPLE CASHIER INSTANCE [1]
[ADMIN] [6/4/2017 00:40] [PENJUALAN] CASHIER FORM : REGISTER HOTKEY
[ADMIN] [6/4/2017 00:40] [PENJUALAN] CASHIER FORM : cashierForm_Load, ATTEMPT TO LOAD NO FAKTUR
[ADMIN] [6/4/2017 00:40] [PENJUALAN] CASHIER FORM : loadNoFaktur, noFakturValue [SLO001]
[ADMIN] [6/4/2017 00:40] [PENJUALAN] CASHIER FORM : cashierForm_Load, ATTEMPT TO addColumnToDataGrid
[ADMIN] [6/4/2017 00:40] [PENJUALAN] CASHIER FORM : UPDATE ROW NUMBER, TOTAL ROW [1]
[ADMIN] [6/4/2017 00:40] [PENJUALAN] CASHIER FORM : REGISTER HOTKEY
[ADMIN] [6/4/2017 00:40] [PENJUALAN] CASHIER FORM : DISPLAY BARCODE FORM
[ADMIN] [6/4/2017 00:40] [PENJUALAN] CASHIER FORM : UNREGISTER HOTKEY
[ADMIN] [6/4/2017 00:40] [PENJUALAN] CASHIER FORM : ADD NEW ROW FROM BARCODE [ALPO PUPPY 1 KG]
[ADMIN] [6/4/2017 00:40] [PENJUALAN] CASHIER FORM : ADD NEW ROW,  isActive [False]
[ADMIN] [6/4/2017 00:40] [PENJUALAN] CASHIER FORM : ADD NEW ROW,  ROW COUNT [0]
[ADMIN] [6/4/2017 00:40] [PENJUALAN] CASHIER FORM : ADD NEW ROW,  ALLOW TO ADD [True]
[ADMIN] [6/4/2017 00:40] [PENJUALAN] CASHIER FORM : UPDATE ROW NUMBER, TOTAL ROW [1]
[ADMIN] [6/4/2017 00:40] [PENJUALAN] CASHIER FORM : cashierDataGridView_CellValueChanged [F8]
[ADMIN] [6/4/2017 00:40] [PENJUALAN] CASHIER FORM : cashierDataGridView_CellValueChanged [hpp]
[ADMIN] [6/4/2017 00:40] [PENJUALAN] CASHIER FORM : cashierDataGridView_CellValueChanged [productPrice]
[ADMIN] [6/4/2017 00:40] [PENJUALAN] CASHIER FORM : cashierDataGridView_CellValueChanged, previousInput [0]
[ADMIN] [6/4/2017 00:40] [PENJUALAN] CASHIER FORM : cashierDataGridView_CellValueChanged [qty]
[ADMIN] [6/4/2017 00:40] [PENJUALAN] CASHIER FORM : cashierDataGridView_CellValueChanged, previousInput [0]
[ADMIN] [6/4/2017 00:40] [PENJUALAN] CASHIER FORM : cashierDataGridView_CellValueChanged [jumlah]
[ADMIN] [6/4/2017 00:40] [PENJUALAN] CASHIER FORM : NEW ROW ADDED [0]
[ADMIN] [6/4/2017 00:40] [PENJUALAN] CASHIER FORM : updateSomeRowContents
[ADMIN] [6/4/2017 00:40] [PENJUALAN] CASHIER FORM : cashierDataGridView_CellValueChanged [productID]
[ADMIN] [6/4/2017 00:40] [PENJUALAN] CASHIER FORM : cashierDataGridView_CellValueChanged [productName]
[ADMIN] [6/4/2017 00:40] [PENJUALAN] CASHIER FORM : updateSomeRowContents
[ADMIN] [6/4/2017 00:40] [PENJUALAN] CASHIER FORM : PRODUCT PRICE TYPE [PRODUCT_BASE_PRICE]
[ADMIN] [6/4/2017 00:40] [PENJUALAN] CASHIER FORM : PRODUCT PRICE [29250]
[ADMIN] [6/4/2017 00:40] [PENJUALAN] CASHIER FORM : ComboBox_SelectedIndexChanged, PRODUCT_BASE_PRICE [29250]
[ADMIN] [6/4/2017 00:40] [PENJUALAN] CASHIER FORM : cashierDataGridView_CellValueChanged [hpp]
[ADMIN] [6/4/2017 00:40] [PENJUALAN] CASHIER FORM : PRODUCT PRICE TYPE [PRODUCT_RETAIL_PRICE]
[ADMIN] [6/4/2017 00:40] [PENJUALAN] CASHIER FORM : PRODUCT PRICE [35000]
[ADMIN] [6/4/2017 00:40] [PENJUALAN] CASHIER FORM : ComboBox_SelectedIndexChanged, PRODUCT_SALES_PRICE [35000]
[ADMIN] [6/4/2017 00:40] [PENJUALAN] CASHIER FORM : cashierDataGridView_CellValueChanged [productPrice]
[ADMIN] [6/4/2017 00:40] [PENJUALAN] CASHIER FORM : cashierDataGridView_CellValueChanged, previousInput [0]
[ADMIN] [6/4/2017 00:40] [PENJUALAN] CASHIER FORM : cashierDataGridView_CellValueChanged, cellValue [35000]
[ADMIN] [6/4/2017 00:40] [PENJUALAN] CASHIER FORM : cashierDataGridView_CellValueChanged, dataGridViewTextBoxEditingControl.Text pass REGEX Checking
[ADMIN] [6/4/2017 00:40] [PENJUALAN] CASHIER FORM : CALCULATE SUBTOTAL
[ADMIN] [6/4/2017 00:40] [PENJUALAN] CASHIER FORM : SUBTOTAL [0]
[ADMIN] [6/4/2017 00:40] [PENJUALAN] CASHIER FORM : cashierDataGridView_CellValueChanged, subtotal value [0]
[ADMIN] [6/4/2017 00:40] [PENJUALAN] CASHIER FORM : cashierDataGridView_CellValueChanged, attempt to calculate total value
[ADMIN] [6/4/2017 00:40] [PENJUALAN] CASHIER FORM : calculateTotal
[ADMIN] [6/4/2017 00:40] [PENJUALAN] CASHIER FORM : calculateTotal [0]
[ADMIN] [6/4/2017 00:40] [PENJUALAN] CASHIER FORM : calculateTotal, totalAfterDisc [0]
[ADMIN] [6/4/2017 00:40] [PENJUALAN] CASHIER FORM : calculateChangeValue, bayarTextBox.Text [0]
[ADMIN] [6/4/2017 00:40] [PENJUALAN] CASHIER FORM : calculateChangeValue, sisaBayar [0]
[ADMIN] [6/4/2017 00:40] [PENJUALAN] CASHIER FORM : cashierDataGridView_CellValueChanged [qty]
[ADMIN] [6/4/2017 00:40] [PENJUALAN] CASHIER FORM : cashierDataGridView_CellValueChanged, previousInput [0]
[ADMIN] [6/4/2017 00:40] [PENJUALAN] CASHIER FORM : cashierDataGridView_CellValueChanged [jumlah]
[ADMIN] [6/4/2017 00:40] [PENJUALAN] CASHIER FORM : calculateTotal
[ADMIN] [6/4/2017 00:40] [PENJUALAN] CASHIER FORM : calculateTotal [0]
[ADMIN] [6/4/2017 00:40] [PENJUALAN] CASHIER FORM : calculateTotal, totalAfterDisc [0]
[ADMIN] [6/4/2017 00:40] [PENJUALAN] CASHIER FORM : calculateChangeValue, bayarTextBox.Text [0]
[ADMIN] [6/4/2017 00:40] [PENJUALAN] CASHIER FORM : calculateChangeValue, sisaBayar [0]
[ADMIN] [6/4/2017 00:40] [PENJUALAN] CASHIER FORM : CHECK STOCK QTY IS ENOUGH [ALPO-P1]
[ADMIN] [6/4/2017 00:40] [PENJUALAN] CASHIER FORM : CHECK STOCK QTY IS ENOUGH [11, 1]
[ADMIN] [6/4/2017 00:40] [PENJUALAN] CASHIER FORM : cashierDataGridView_CellValueChanged [qty]
[ADMIN] [6/4/2017 00:40] [PENJUALAN] CASHIER FORM : cashierDataGridView_CellValueChanged, previousInput [0]
[ADMIN] [6/4/2017 00:40] [PENJUALAN] CASHIER FORM : cashierDataGridView_CellValueChanged, cellValue [1]
[ADMIN] [6/4/2017 00:40] [PENJUALAN] CASHIER FORM : cashierDataGridView_CellValueChanged, dataGridViewTextBoxEditingControl.Text pass REGEX Checking
[ADMIN] [6/4/2017 00:40] [PENJUALAN] CASHIER FORM : CHECK STOCK QTY IS ENOUGH [ALPO-P1]
[ADMIN] [6/4/2017 00:40] [PENJUALAN] CASHIER FORM : CHECK STOCK QTY IS ENOUGH [11, 1]
[ADMIN] [6/4/2017 00:40] [PENJUALAN] CASHIER FORM : CALCULATE SUBTOTAL
[ADMIN] [6/4/2017 00:40] [PENJUALAN] CASHIER FORM : SUBTOTAL [35000]
[ADMIN] [6/4/2017 00:40] [PENJUALAN] CASHIER FORM : cashierDataGridView_CellValueChanged, subtotal value [35000]
[ADMIN] [6/4/2017 00:40] [PENJUALAN] CASHIER FORM : cashierDataGridView_CellValueChanged, attempt to calculate total value
[ADMIN] [6/4/2017 00:40] [PENJUALAN] CASHIER FORM : calculateTotal
[ADMIN] [6/4/2017 00:40] [PENJUALAN] CASHIER FORM : calculateTotal [35000]
[ADMIN] [6/4/2017 00:40] [PENJUALAN] CASHIER FORM : calculateTotal, totalAfterDisc [35000]
[ADMIN] [6/4/2017 00:40] [PENJUALAN] CASHIER FORM : calculateChangeValue, bayarTextBox.Text [0]
[ADMIN] [6/4/2017 00:40] [PENJUALAN] CASHIER FORM : calculateChangeValue, sisaBayar [0]
[ADMIN] [6/4/2017 00:40] [PENJUALAN] CASHIER FORM : SET QTY TO 1 BECAUSE OF NEW ROW
[ADMIN] [6/4/2017 00:40] [PENJUALAN] CASHIER FORM : CALCULATE SUBTOTAL
[ADMIN] [6/4/2017 00:40] [PENJUALAN] CASHIER FORM : SUBTOTAL [35000]
[ADMIN] [6/4/2017 00:40] [PENJUALAN] CASHIER FORM : calculateTotal
[ADMIN] [6/4/2017 00:40] [PENJUALAN] CASHIER FORM : calculateTotal [35000]
[ADMIN] [6/4/2017 00:40] [PENJUALAN] CASHIER FORM : calculateTotal, totalAfterDisc [35000]
[ADMIN] [6/4/2017 00:40] [PENJUALAN] CASHIER FORM : calculateChangeValue, bayarTextBox.Text [0]
[ADMIN] [6/4/2017 00:40] [PENJUALAN] CASHIER FORM : calculateChangeValue, sisaBayar [0]
[ADMIN] [6/4/2017 00:40] [PENJUALAN] CASHIER FORM : UPDATE ROW NUMBER, TOTAL ROW [2]
[ADMIN] [6/4/2017 00:40] [PENJUALAN] CASHIER FORM : cashierDataGridView_CellValueChanged [F8]
[ADMIN] [6/4/2017 00:40] [PENJUALAN] CASHIER FORM : ADD NEW ROW FROM BARCODE [ALPO PUPPY 1 KG]
[ADMIN] [6/4/2017 00:40] [PENJUALAN] CASHIER FORM : EXISTING ROW FOUND [0]
[ADMIN] [6/4/2017 00:40] [PENJUALAN] CASHIER FORM : updateSomeRowContents
[ADMIN] [6/4/2017 00:40] [PENJUALAN] CASHIER FORM : CHECK STOCK QTY IS ENOUGH [ALPO-P1]
[ADMIN] [6/4/2017 00:40] [PENJUALAN] CASHIER FORM : CHECK STOCK QTY IS ENOUGH [11, 2]
[ADMIN] [6/4/2017 00:40] [PENJUALAN] CASHIER FORM : cashierDataGridView_CellValueChanged [qty]
[ADMIN] [6/4/2017 00:40] [PENJUALAN] CASHIER FORM : cashierDataGridView_CellValueChanged, previousInput [1]
[ADMIN] [6/4/2017 00:40] [PENJUALAN] CASHIER FORM : cashierDataGridView_CellValueChanged, dataGridViewTextBoxEditingControl.Text pass REGEX Checking
[ADMIN] [6/4/2017 00:40] [PENJUALAN] CASHIER FORM : CHECK STOCK QTY IS ENOUGH [ALPO-P1]
[ADMIN] [6/4/2017 00:40] [PENJUALAN] CASHIER FORM : CHECK STOCK QTY IS ENOUGH [11, 2]
[ADMIN] [6/4/2017 00:40] [PENJUALAN] CASHIER FORM : CALCULATE SUBTOTAL
[ADMIN] [6/4/2017 00:40] [PENJUALAN] CASHIER FORM : SUBTOTAL [70000]
[ADMIN] [6/4/2017 00:40] [PENJUALAN] CASHIER FORM : cashierDataGridView_CellValueChanged, subtotal value [70000]
[ADMIN] [6/4/2017 00:40] [PENJUALAN] CASHIER FORM : cashierDataGridView_CellValueChanged, attempt to calculate total value
[ADMIN] [6/4/2017 00:40] [PENJUALAN] CASHIER FORM : calculateTotal
[ADMIN] [6/4/2017 00:40] [PENJUALAN] CASHIER FORM : calculateTotal [70000]
[ADMIN] [6/4/2017 00:40] [PENJUALAN] CASHIER FORM : calculateTotal, totalAfterDisc [70000]
[ADMIN] [6/4/2017 00:40] [PENJUALAN] CASHIER FORM : calculateChangeValue, bayarTextBox.Text [0]
[ADMIN] [6/4/2017 00:40] [PENJUALAN] CASHIER FORM : calculateChangeValue, sisaBayar [0]
[ADMIN] [6/4/2017 00:40] [PENJUALAN] CASHIER FORM : QTY FOR THE EXISTING ROW [2]
[ADMIN] [6/4/2017 00:40] [PENJUALAN] CASHIER FORM : CALCULATE SUBTOTAL
[ADMIN] [6/4/2017 00:40] [PENJUALAN] CASHIER FORM : SUBTOTAL [70000]
[ADMIN] [6/4/2017 00:40] [PENJUALAN] CASHIER FORM : calculateTotal
[ADMIN] [6/4/2017 00:40] [PENJUALAN] CASHIER FORM : calculateTotal [70000]
[ADMIN] [6/4/2017 00:40] [PENJUALAN] CASHIER FORM : calculateTotal, totalAfterDisc [70000]
[ADMIN] [6/4/2017 00:40] [PENJUALAN] CASHIER FORM : calculateChangeValue, bayarTextBox.Text [0]
[ADMIN] [6/4/2017 00:40] [PENJUALAN] CASHIER FORM : calculateChangeValue, sisaBayar [0]
[ADMIN] [6/4/2017 00:40] [PENJUALAN] CASHIER FORM : UPDATE ROW NUMBER, TOTAL ROW [2]
[ADMIN] [6/4/2017 00:40] [PENJUALAN] CASHIER FORM : cashierDataGridView_CellValueChanged [F8]
[ADMIN] [6/4/2017 00:40] [PENJUALAN] CASHIER FORM : ADD NEW ROW FROM BARCODE [ALPO PUPPY 1 KG]
[ADMIN] [6/4/2017 00:40] [PENJUALAN] CASHIER FORM : EXISTING ROW FOUND [0]
[ADMIN] [6/4/2017 00:40] [PENJUALAN] CASHIER FORM : updateSomeRowContents
[ADMIN] [6/4/2017 00:40] [PENJUALAN] CASHIER FORM : CHECK STOCK QTY IS ENOUGH [ALPO-P1]
[ADMIN] [6/4/2017 00:40] [PENJUALAN] CASHIER FORM : CHECK STOCK QTY IS ENOUGH [11, 3]
[ADMIN] [6/4/2017 00:40] [PENJUALAN] CASHIER FORM : cashierDataGridView_CellValueChanged [qty]
[ADMIN] [6/4/2017 00:40] [PENJUALAN] CASHIER FORM : cashierDataGridView_CellValueChanged, previousInput [2]
[ADMIN] [6/4/2017 00:40] [PENJUALAN] CASHIER FORM : cashierDataGridView_CellValueChanged, dataGridViewTextBoxEditingControl.Text pass REGEX Checking
[ADMIN] [6/4/2017 00:40] [PENJUALAN] CASHIER FORM : CHECK STOCK QTY IS ENOUGH [ALPO-P1]
[ADMIN] [6/4/2017 00:40] [PENJUALAN] CASHIER FORM : CHECK STOCK QTY IS ENOUGH [11, 3]
[ADMIN] [6/4/2017 00:40] [PENJUALAN] CASHIER FORM : CALCULATE SUBTOTAL
[ADMIN] [6/4/2017 00:40] [PENJUALAN] CASHIER FORM : SUBTOTAL [105000]
[ADMIN] [6/4/2017 00:40] [PENJUALAN] CASHIER FORM : cashierDataGridView_CellValueChanged, subtotal value [105000]
[ADMIN] [6/4/2017 00:40] [PENJUALAN] CASHIER FORM : cashierDataGridView_CellValueChanged, attempt to calculate total value
[ADMIN] [6/4/2017 00:40] [PENJUALAN] CASHIER FORM : calculateTotal
[ADMIN] [6/4/2017 00:40] [PENJUALAN] CASHIER FORM : calculateTotal [105000]
[ADMIN] [6/4/2017 00:40] [PENJUALAN] CASHIER FORM : calculateTotal, totalAfterDisc [105000]
[ADMIN] [6/4/2017 00:40] [PENJUALAN] CASHIER FORM : calculateChangeValue, bayarTextBox.Text [0]
[ADMIN] [6/4/2017 00:40] [PENJUALAN] CASHIER FORM : calculateChangeValue, sisaBayar [0]
[ADMIN] [6/4/2017 00:40] [PENJUALAN] CASHIER FORM : QTY FOR THE EXISTING ROW [3]
[ADMIN] [6/4/2017 00:40] [PENJUALAN] CASHIER FORM : CALCULATE SUBTOTAL
[ADMIN] [6/4/2017 00:40] [PENJUALAN] CASHIER FORM : SUBTOTAL [105000]
[ADMIN] [6/4/2017 00:40] [PENJUALAN] CASHIER FORM : calculateTotal
[ADMIN] [6/4/2017 00:40] [PENJUALAN] CASHIER FORM : calculateTotal [105000]
[ADMIN] [6/4/2017 00:40] [PENJUALAN] CASHIER FORM : calculateTotal, totalAfterDisc [105000]
[ADMIN] [6/4/2017 00:40] [PENJUALAN] CASHIER FORM : calculateChangeValue, bayarTextBox.Text [0]
[ADMIN] [6/4/2017 00:40] [PENJUALAN] CASHIER FORM : calculateChangeValue, sisaBayar [0]
[ADMIN] [6/4/2017 00:40] [PENJUALAN] CASHIER FORM : UPDATE ROW NUMBER, TOTAL ROW [2]
[ADMIN] [6/4/2017 00:40] [PENJUALAN] CASHIER FORM : cashierDataGridView_CellValueChanged [F8]
[ADMIN] [6/4/2017 00:40] [PENJUALAN] CASHIER FORM : ADD NEW ROW FROM BARCODE [ALPO PUPPY 1 KG]
[ADMIN] [6/4/2017 00:40] [PENJUALAN] CASHIER FORM : EXISTING ROW FOUND [0]
[ADMIN] [6/4/2017 00:40] [PENJUALAN] CASHIER FORM : updateSomeRowContents
[ADMIN] [6/4/2017 00:40] [PENJUALAN] CASHIER FORM : CHECK STOCK QTY IS ENOUGH [ALPO-P1]
[ADMIN] [6/4/2017 00:40] [PENJUALAN] CASHIER FORM : CHECK STOCK QTY IS ENOUGH [11, 4]
[ADMIN] [6/4/2017 00:40] [PENJUALAN] CASHIER FORM : cashierDataGridView_CellValueChanged [qty]
[ADMIN] [6/4/2017 00:40] [PENJUALAN] CASHIER FORM : cashierDataGridView_CellValueChanged, previousInput [3]
[ADMIN] [6/4/2017 00:40] [PENJUALAN] CASHIER FORM : cashierDataGridView_CellValueChanged, dataGridViewTextBoxEditingControl.Text pass REGEX Checking
[ADMIN] [6/4/2017 00:40] [PENJUALAN] CASHIER FORM : CHECK STOCK QTY IS ENOUGH [ALPO-P1]
[ADMIN] [6/4/2017 00:40] [PENJUALAN] CASHIER FORM : CHECK STOCK QTY IS ENOUGH [11, 4]
[ADMIN] [6/4/2017 00:40] [PENJUALAN] CASHIER FORM : CALCULATE SUBTOTAL
[ADMIN] [6/4/2017 00:40] [PENJUALAN] CASHIER FORM : SUBTOTAL [140000]
[ADMIN] [6/4/2017 00:40] [PENJUALAN] CASHIER FORM : cashierDataGridView_CellValueChanged, subtotal value [140000]
[ADMIN] [6/4/2017 00:40] [PENJUALAN] CASHIER FORM : cashierDataGridView_CellValueChanged, attempt to calculate total value
[ADMIN] [6/4/2017 00:40] [PENJUALAN] CASHIER FORM : calculateTotal
[ADMIN] [6/4/2017 00:40] [PENJUALAN] CASHIER FORM : calculateTotal [140000]
[ADMIN] [6/4/2017 00:40] [PENJUALAN] CASHIER FORM : calculateTotal, totalAfterDisc [140000]
[ADMIN] [6/4/2017 00:40] [PENJUALAN] CASHIER FORM : calculateChangeValue, bayarTextBox.Text [0]
[ADMIN] [6/4/2017 00:40] [PENJUALAN] CASHIER FORM : calculateChangeValue, sisaBayar [0]
[ADMIN] [6/4/2017 00:40] [PENJUALAN] CASHIER FORM : QTY FOR THE EXISTING ROW [4]
[ADMIN] [6/4/2017 00:40] [PENJUALAN] CASHIER FORM : CALCULATE SUBTOTAL
[ADMIN] [6/4/2017 00:40] [PENJUALAN] CASHIER FORM : SUBTOTAL [140000]
[ADMIN] [6/4/2017 00:40] [PENJUALAN] CASHIER FORM : calculateTotal
[ADMIN] [6/4/2017 00:40] [PENJUALAN] CASHIER FORM : calculateTotal [140000]
[ADMIN] [6/4/2017 00:40] [PENJUALAN] CASHIER FORM : calculateTotal, totalAfterDisc [140000]
[ADMIN] [6/4/2017 00:40] [PENJUALAN] CASHIER FORM : calculateChangeValue, bayarTextBox.Text [0]
[ADMIN] [6/4/2017 00:40] [PENJUALAN] CASHIER FORM : calculateChangeValue, sisaBayar [0]
[ADMIN] [6/4/2017 00:40] [PENJUALAN] CASHIER FORM : UPDATE ROW NUMBER, TOTAL ROW [2]
[ADMIN] [6/4/2017 00:40] [PENJUALAN] CASHIER FORM : cashierDataGridView_CellValueChanged [F8]
[ADMIN] [6/4/2017 00:40] [PENJUALAN] CASHIER FORM : ADD NEW ROW FROM BARCODE [ALPO PUPPY 1 KG]
[ADMIN] [6/4/2017 00:40] [PENJUALAN] CASHIER FORM : EXISTING ROW FOUND [0]
[ADMIN] [6/4/2017 00:40] [PENJUALAN] CASHIER FORM : updateSomeRowContents
[ADMIN] [6/4/2017 00:40] [PENJUALAN] CASHIER FORM : CHECK STOCK QTY IS ENOUGH [ALPO-P1]
[ADMIN] [6/4/2017 00:40] [PENJUALAN] CASHIER FORM : CHECK STOCK QTY IS ENOUGH [11, 5]
[ADMIN] [6/4/2017 00:40] [PENJUALAN] CASHIER FORM : cashierDataGridView_CellValueChanged [qty]
[ADMIN] [6/4/2017 00:40] [PENJUALAN] CASHIER FORM : cashierDataGridView_CellValueChanged, previousInput [4]
[ADMIN] [6/4/2017 00:40] [PENJUALAN] CASHIER FORM : cashierDataGridView_CellValueChanged, dataGridViewTextBoxEditingControl.Text pass REGEX Checking
[ADMIN] [6/4/2017 00:40] [PENJUALAN] CASHIER FORM : CHECK STOCK QTY IS ENOUGH [ALPO-P1]
[ADMIN] [6/4/2017 00:40] [PENJUALAN] CASHIER FORM : CHECK STOCK QTY IS ENOUGH [11, 5]
[ADMIN] [6/4/2017 00:40] [PENJUALAN] CASHIER FORM : CALCULATE SUBTOTAL
[ADMIN] [6/4/2017 00:40] [PENJUALAN] CASHIER FORM : SUBTOTAL [175000]
[ADMIN] [6/4/2017 00:40] [PENJUALAN] CASHIER FORM : cashierDataGridView_CellValueChanged, subtotal value [175000]
[ADMIN] [6/4/2017 00:40] [PENJUALAN] CASHIER FORM : cashierDataGridView_CellValueChanged, attempt to calculate total value
[ADMIN] [6/4/2017 00:40] [PENJUALAN] CASHIER FORM : calculateTotal
[ADMIN] [6/4/2017 00:40] [PENJUALAN] CASHIER FORM : calculateTotal [175000]
[ADMIN] [6/4/2017 00:40] [PENJUALAN] CASHIER FORM : calculateTotal, totalAfterDisc [175000]
[ADMIN] [6/4/2017 00:40] [PENJUALAN] CASHIER FORM : calculateChangeValue, bayarTextBox.Text [0]
[ADMIN] [6/4/2017 00:40] [PENJUALAN] CASHIER FORM : calculateChangeValue, sisaBayar [0]
[ADMIN] [6/4/2017 00:40] [PENJUALAN] CASHIER FORM : QTY FOR THE EXISTING ROW [5]
[ADMIN] [6/4/2017 00:40] [PENJUALAN] CASHIER FORM : CALCULATE SUBTOTAL
[ADMIN] [6/4/2017 00:40] [PENJUALAN] CASHIER FORM : SUBTOTAL [175000]
[ADMIN] [6/4/2017 00:40] [PENJUALAN] CASHIER FORM : calculateTotal
[ADMIN] [6/4/2017 00:40] [PENJUALAN] CASHIER FORM : calculateTotal [175000]
[ADMIN] [6/4/2017 00:40] [PENJUALAN] CASHIER FORM : calculateTotal, totalAfterDisc [175000]
[ADMIN] [6/4/2017 00:40] [PENJUALAN] CASHIER FORM : calculateChangeValue, bayarTextBox.Text [0]
[ADMIN] [6/4/2017 00:40] [PENJUALAN] CASHIER FORM : calculateChangeValue, sisaBayar [0]
[ADMIN] [6/4/2017 00:40] [PENJUALAN] CASHIER FORM : UPDATE ROW NUMBER, TOTAL ROW [2]
[ADMIN] [6/4/2017 00:40] [PENJUALAN] CASHIER FORM : cashierDataGridView_CellValueChanged [F8]
[ADMIN] [6/4/2017 00:40] [PENJUALAN] CASHIER FORM : ADD NEW ROW FROM BARCODE [ALPO PUPPY 1 KG]
[ADMIN] [6/4/2017 00:40] [PENJUALAN] CASHIER FORM : EXISTING ROW FOUND [0]
[ADMIN] [6/4/2017 00:40] [PENJUALAN] CASHIER FORM : updateSomeRowContents
[ADMIN] [6/4/2017 00:40] [PENJUALAN] CASHIER FORM : CHECK STOCK QTY IS ENOUGH [ALPO-P1]
[ADMIN] [6/4/2017 00:40] [PENJUALAN] CASHIER FORM : CHECK STOCK QTY IS ENOUGH [11, 6]
[ADMIN] [6/4/2017 00:40] [PENJUALAN] CASHIER FORM : cashierDataGridView_CellValueChanged [qty]
[ADMIN] [6/4/2017 00:40] [PENJUALAN] CASHIER FORM : cashierDataGridView_CellValueChanged, previousInput [5]
[ADMIN] [6/4/2017 00:40] [PENJUALAN] CASHIER FORM : cashierDataGridView_CellValueChanged, dataGridViewTextBoxEditingControl.Text pass REGEX Checking
[ADMIN] [6/4/2017 00:40] [PENJUALAN] CASHIER FORM : CHECK STOCK QTY IS ENOUGH [ALPO-P1]
[ADMIN] [6/4/2017 00:40] [PENJUALAN] CASHIER FORM : CHECK STOCK QTY IS ENOUGH [11, 6]
[ADMIN] [6/4/2017 00:40] [PENJUALAN] CASHIER FORM : CALCULATE SUBTOTAL
[ADMIN] [6/4/2017 00:40] [PENJUALAN] CASHIER FORM : SUBTOTAL [210000]
[ADMIN] [6/4/2017 00:40] [PENJUALAN] CASHIER FORM : cashierDataGridView_CellValueChanged, subtotal value [210000]
[ADMIN] [6/4/2017 00:40] [PENJUALAN] CASHIER FORM : cashierDataGridView_CellValueChanged, attempt to calculate total value
[ADMIN] [6/4/2017 00:40] [PENJUALAN] CASHIER FORM : calculateTotal
[ADMIN] [6/4/2017 00:40] [PENJUALAN] CASHIER FORM : calculateTotal [210000]
[ADMIN] [6/4/2017 00:40] [PENJUALAN] CASHIER FORM : calculateTotal, totalAfterDisc [210000]
[ADMIN] [6/4/2017 00:40] [PENJUALAN] CASHIER FORM : calculateChangeValue, bayarTextBox.Text [0]
[ADMIN] [6/4/2017 00:40] [PENJUALAN] CASHIER FORM : calculateChangeValue, sisaBayar [0]
[ADMIN] [6/4/2017 00:40] [PENJUALAN] CASHIER FORM : QTY FOR THE EXISTING ROW [6]
[ADMIN] [6/4/2017 00:40] [PENJUALAN] CASHIER FORM : CALCULATE SUBTOTAL
[ADMIN] [6/4/2017 00:40] [PENJUALAN] CASHIER FORM : SUBTOTAL [210000]
[ADMIN] [6/4/2017 00:40] [PENJUALAN] CASHIER FORM : calculateTotal
[ADMIN] [6/4/2017 00:40] [PENJUALAN] CASHIER FORM : calculateTotal [210000]
[ADMIN] [6/4/2017 00:40] [PENJUALAN] CASHIER FORM : calculateTotal, totalAfterDisc [210000]
[ADMIN] [6/4/2017 00:40] [PENJUALAN] CASHIER FORM : calculateChangeValue, bayarTextBox.Text [0]
[ADMIN] [6/4/2017 00:40] [PENJUALAN] CASHIER FORM : calculateChangeValue, sisaBayar [0]
[ADMIN] [6/4/2017 00:40] [PENJUALAN] CASHIER FORM : UPDATE ROW NUMBER, TOTAL ROW [2]
[ADMIN] [6/4/2017 00:40] [PENJUALAN] CASHIER FORM : cashierDataGridView_CellValueChanged [F8]
[ADMIN] [6/4/2017 00:40] [PENJUALAN] CASHIER FORM : ADD NEW ROW FROM BARCODE [ALPO PUPPY 1 KG]
[ADMIN] [6/4/2017 00:40] [PENJUALAN] CASHIER FORM : EXISTING ROW FOUND [0]
[ADMIN] [6/4/2017 00:40] [PENJUALAN] CASHIER FORM : updateSomeRowContents
[ADMIN] [6/4/2017 00:40] [PENJUALAN] CASHIER FORM : CHECK STOCK QTY IS ENOUGH [ALPO-P1]
[ADMIN] [6/4/2017 00:40] [PENJUALAN] CASHIER FORM : CHECK STOCK QTY IS ENOUGH [11, 7]
[ADMIN] [6/4/2017 00:40] [PENJUALAN] CASHIER FORM : cashierDataGridView_CellValueChanged [qty]
[ADMIN] [6/4/2017 00:40] [PENJUALAN] CASHIER FORM : cashierDataGridView_CellValueChanged, previousInput [6]
[ADMIN] [6/4/2017 00:40] [PENJUALAN] CASHIER FORM : cashierDataGridView_CellValueChanged, dataGridViewTextBoxEditingControl.Text pass REGEX Checking
[ADMIN] [6/4/2017 00:40] [PENJUALAN] CASHIER FORM : CHECK STOCK QTY IS ENOUGH [ALPO-P1]
[ADMIN] [6/4/2017 00:40] [PENJUALAN] CASHIER FORM : CHECK STOCK QTY IS ENOUGH [11, 7]
[ADMIN] [6/4/2017 00:40] [PENJUALAN] CASHIER FORM : CALCULATE SUBTOTAL
[ADMIN] [6/4/2017 00:40] [PENJUALAN] CASHIER FORM : SUBTOTAL [245000]
[ADMIN] [6/4/2017 00:40] [PENJUALAN] CASHIER FORM : cashierDataGridView_CellValueChanged, subtotal value [245000]
[ADMIN] [6/4/2017 00:40] [PENJUALAN] CASHIER FORM : cashierDataGridView_CellValueChanged, attempt to calculate total value
[ADMIN] [6/4/2017 00:40] [PENJUALAN] CASHIER FORM : calculateTotal
[ADMIN] [6/4/2017 00:40] [PENJUALAN] CASHIER FORM : calculateTotal [245000]
[ADMIN] [6/4/2017 00:40] [PENJUALAN] CASHIER FORM : calculateTotal, totalAfterDisc [245000]
[ADMIN] [6/4/2017 00:40] [PENJUALAN] CASHIER FORM : calculateChangeValue, bayarTextBox.Text [0]
[ADMIN] [6/4/2017 00:40] [PENJUALAN] CASHIER FORM : calculateChangeValue, sisaBayar [0]
[ADMIN] [6/4/2017 00:40] [PENJUALAN] CASHIER FORM : QTY FOR THE EXISTING ROW [7]
[ADMIN] [6/4/2017 00:40] [PENJUALAN] CASHIER FORM : CALCULATE SUBTOTAL
[ADMIN] [6/4/2017 00:40] [PENJUALAN] CASHIER FORM : SUBTOTAL [245000]
[ADMIN] [6/4/2017 00:40] [PENJUALAN] CASHIER FORM : calculateTotal
[ADMIN] [6/4/2017 00:40] [PENJUALAN] CASHIER FORM : calculateTotal [245000]
[ADMIN] [6/4/2017 00:40] [PENJUALAN] CASHIER FORM : calculateTotal, totalAfterDisc [245000]
[ADMIN] [6/4/2017 00:40] [PENJUALAN] CASHIER FORM : calculateChangeValue, bayarTextBox.Text [0]
[ADMIN] [6/4/2017 00:40] [PENJUALAN] CASHIER FORM : calculateChangeValue, sisaBayar [0]
[ADMIN] [6/4/2017 00:40] [PENJUALAN] CASHIER FORM : UPDATE ROW NUMBER, TOTAL ROW [2]
[ADMIN] [6/4/2017 00:40] [PENJUALAN] CASHIER FORM : cashierDataGridView_CellValueChanged [F8]
[ADMIN] [6/4/2017 00:40] [PENJUALAN] CASHIER FORM : ADD NEW ROW FROM BARCODE [ALPO PUPPY 1 KG]
[ADMIN] [6/4/2017 00:40] [PENJUALAN] CASHIER FORM : EXISTING ROW FOUND [0]
[ADMIN] [6/4/2017 00:40] [PENJUALAN] CASHIER FORM : updateSomeRowContents
[ADMIN] [6/4/2017 00:40] [PENJUALAN] CASHIER FORM : CHECK STOCK QTY IS ENOUGH [ALPO-P1]
[ADMIN] [6/4/2017 00:40] [PENJUALAN] CASHIER FORM : CHECK STOCK QTY IS ENOUGH [11, 8]
[ADMIN] [6/4/2017 00:40] [PENJUALAN] CASHIER FORM : cashierDataGridView_CellValueChanged [qty]
[ADMIN] [6/4/2017 00:40] [PENJUALAN] CASHIER FORM : cashierDataGridView_CellValueChanged, previousInput [7]
[ADMIN] [6/4/2017 00:40] [PENJUALAN] CASHIER FORM : cashierDataGridView_CellValueChanged, dataGridViewTextBoxEditingControl.Text pass REGEX Checking
[ADMIN] [6/4/2017 00:40] [PENJUALAN] CASHIER FORM : CHECK STOCK QTY IS ENOUGH [ALPO-P1]
[ADMIN] [6/4/2017 00:40] [PENJUALAN] CASHIER FORM : CHECK STOCK QTY IS ENOUGH [11, 8]
[ADMIN] [6/4/2017 00:40] [PENJUALAN] CASHIER FORM : CALCULATE SUBTOTAL
[ADMIN] [6/4/2017 00:40] [PENJUALAN] CASHIER FORM : SUBTOTAL [280000]
[ADMIN] [6/4/2017 00:40] [PENJUALAN] CASHIER FORM : cashierDataGridView_CellValueChanged, subtotal value [280000]
[ADMIN] [6/4/2017 00:40] [PENJUALAN] CASHIER FORM : cashierDataGridView_CellValueChanged, attempt to calculate total value
[ADMIN] [6/4/2017 00:40] [PENJUALAN] CASHIER FORM : calculateTotal
[ADMIN] [6/4/2017 00:40] [PENJUALAN] CASHIER FORM : calculateTotal [280000]
[ADMIN] [6/4/2017 00:40] [PENJUALAN] CASHIER FORM : calculateTotal, totalAfterDisc [280000]
[ADMIN] [6/4/2017 00:40] [PENJUALAN] CASHIER FORM : calculateChangeValue, bayarTextBox.Text [0]
[ADMIN] [6/4/2017 00:40] [PENJUALAN] CASHIER FORM : calculateChangeValue, sisaBayar [0]
[ADMIN] [6/4/2017 00:40] [PENJUALAN] CASHIER FORM : QTY FOR THE EXISTING ROW [8]
[ADMIN] [6/4/2017 00:40] [PENJUALAN] CASHIER FORM : CALCULATE SUBTOTAL
[ADMIN] [6/4/2017 00:40] [PENJUALAN] CASHIER FORM : SUBTOTAL [280000]
[ADMIN] [6/4/2017 00:40] [PENJUALAN] CASHIER FORM : calculateTotal
[ADMIN] [6/4/2017 00:40] [PENJUALAN] CASHIER FORM : calculateTotal [280000]
[ADMIN] [6/4/2017 00:40] [PENJUALAN] CASHIER FORM : calculateTotal, totalAfterDisc [280000]
[ADMIN] [6/4/2017 00:40] [PENJUALAN] CASHIER FORM : calculateChangeValue, bayarTextBox.Text [0]
[ADMIN] [6/4/2017 00:40] [PENJUALAN] CASHIER FORM : calculateChangeValue, sisaBayar [0]
[ADMIN] [6/4/2017 00:40] [PENJUALAN] CASHIER FORM : UPDATE ROW NUMBER, TOTAL ROW [2]
[ADMIN] [6/4/2017 00:40] [PENJUALAN] CASHIER FORM : cashierDataGridView_CellValueChanged [F8]
[ADMIN] [6/4/2017 00:40] [PENJUALAN] CASHIER FORM : ADD NEW ROW FROM BARCODE [ALPO PUPPY 1 KG]
[ADMIN] [6/4/2017 00:40] [PENJUALAN] CASHIER FORM : EXISTING ROW FOUND [0]
[ADMIN] [6/4/2017 00:40] [PENJUALAN] CASHIER FORM : updateSomeRowContents
[ADMIN] [6/4/2017 00:40] [PENJUALAN] CASHIER FORM : CHECK STOCK QTY IS ENOUGH [ALPO-P1]
[ADMIN] [6/4/2017 00:40] [PENJUALAN] CASHIER FORM : CHECK STOCK QTY IS ENOUGH [11, 9]
[ADMIN] [6/4/2017 00:40] [PENJUALAN] CASHIER FORM : cashierDataGridView_CellValueChanged [qty]
[ADMIN] [6/4/2017 00:40] [PENJUALAN] CASHIER FORM : cashierDataGridView_CellValueChanged, previousInput [8]
[ADMIN] [6/4/2017 00:40] [PENJUALAN] CASHIER FORM : cashierDataGridView_CellValueChanged, dataGridViewTextBoxEditingControl.Text pass REGEX Checking
[ADMIN] [6/4/2017 00:40] [PENJUALAN] CASHIER FORM : CHECK STOCK QTY IS ENOUGH [ALPO-P1]
[ADMIN] [6/4/2017 00:40] [PENJUALAN] CASHIER FORM : CHECK STOCK QTY IS ENOUGH [11, 9]
[ADMIN] [6/4/2017 00:40] [PENJUALAN] CASHIER FORM : CALCULATE SUBTOTAL
[ADMIN] [6/4/2017 00:40] [PENJUALAN] CASHIER FORM : SUBTOTAL [315000]
[ADMIN] [6/4/2017 00:40] [PENJUALAN] CASHIER FORM : cashierDataGridView_CellValueChanged, subtotal value [315000]
[ADMIN] [6/4/2017 00:40] [PENJUALAN] CASHIER FORM : cashierDataGridView_CellValueChanged, attempt to calculate total value
[ADMIN] [6/4/2017 00:40] [PENJUALAN] CASHIER FORM : calculateTotal
[ADMIN] [6/4/2017 00:40] [PENJUALAN] CASHIER FORM : calculateTotal [315000]
[ADMIN] [6/4/2017 00:40] [PENJUALAN] CASHIER FORM : calculateTotal, totalAfterDisc [315000]
[ADMIN] [6/4/2017 00:40] [PENJUALAN] CASHIER FORM : calculateChangeValue, bayarTextBox.Text [0]
[ADMIN] [6/4/2017 00:40] [PENJUALAN] CASHIER FORM : calculateChangeValue, sisaBayar [0]
[ADMIN] [6/4/2017 00:40] [PENJUALAN] CASHIER FORM : QTY FOR THE EXISTING ROW [9]
[ADMIN] [6/4/2017 00:40] [PENJUALAN] CASHIER FORM : CALCULATE SUBTOTAL
[ADMIN] [6/4/2017 00:40] [PENJUALAN] CASHIER FORM : SUBTOTAL [315000]
[ADMIN] [6/4/2017 00:40] [PENJUALAN] CASHIER FORM : calculateTotal
[ADMIN] [6/4/2017 00:40] [PENJUALAN] CASHIER FORM : calculateTotal [315000]
[ADMIN] [6/4/2017 00:40] [PENJUALAN] CASHIER FORM : calculateTotal, totalAfterDisc [315000]
[ADMIN] [6/4/2017 00:40] [PENJUALAN] CASHIER FORM : calculateChangeValue, bayarTextBox.Text [0]
[ADMIN] [6/4/2017 00:40] [PENJUALAN] CASHIER FORM : calculateChangeValue, sisaBayar [0]
[ADMIN] [6/4/2017 00:40] [PENJUALAN] CASHIER FORM : UPDATE ROW NUMBER, TOTAL ROW [2]
[ADMIN] [6/4/2017 00:40] [PENJUALAN] CASHIER FORM : cashierDataGridView_CellValueChanged [F8]
[ADMIN] [6/4/2017 00:40] [PENJUALAN] CASHIER FORM : REGISTER HOTKEY
[ADMIN] [6/4/2017 00:40] [PENJUALAN] CASHIER FORM : Combobox_previewKeyDown, cashierDataGridView.CurrentCell.OwningColumn.Name  [productID]
[ADMIN] [6/4/2017 00:40] [PENJUALAN] CASHIER FORM : UPDATE ROW NUMBER, TOTAL ROW [3]
[ADMIN] [6/4/2017 00:40] [PENJUALAN] CASHIER FORM : cashierDataGridView_CellValueChanged [F8]
[ADMIN] [6/4/2017 00:40] [PENJUALAN] CASHIER FORM : cashierDataGridView_CellValueChanged [productID]
[ADMIN] [6/4/2017 00:40] [PENJUALAN] CASHIER FORM : Combobox_KeyUp, cashierDataGridView.CurrentCell.OwningColumn.Name  [productID]
[ADMIN] [6/4/2017 00:40] [PENJUALAN] CASHIER FORM : Combobox_KeyUp, cashierDataGridView.CurrentCell.OwningColumn.Name  [productID]
[ADMIN] [6/4/2017 00:40] [PENJUALAN] CASHIER FORM : Combobox_previewKeyDown, cashierDataGridView.CurrentCell.OwningColumn.Name  [productID]
[ADMIN] [6/4/2017 00:40] [PENJUALAN] CASHIER FORM : cashierDataGridView_CellValueChanged [productID]
[ADMIN] [6/4/2017 00:40] [PENJUALAN] CASHIER FORM : Combobox_KeyUp, cashierDataGridView.CurrentCell.OwningColumn.Name  [productID]
[ADMIN] [6/4/2017 00:40] [PENJUALAN] CASHIER FORM : Combobox_KeyUp, cashierDataGridView.CurrentCell.OwningColumn.Name  [productID]
[ADMIN] [6/4/2017 00:40] [PENJUALAN] CASHIER FORM : Combobox_previewKeyDown, cashierDataGridView.CurrentCell.OwningColumn.Name  [productID]
[ADMIN] [6/4/2017 00:40] [PENJUALAN] CASHIER FORM : cashierDataGridView_CellValueChanged [productID]
[ADMIN] [6/4/2017 00:40] [PENJUALAN] CASHIER FORM : Combobox_KeyUp, cashierDataGridView.CurrentCell.OwningColumn.Name  [productID]
[ADMIN] [6/4/2017 00:40] [PENJUALAN] CASHIER FORM : Combobox_KeyUp, cashierDataGridView.CurrentCell.OwningColumn.Name  [productID]
[ADMIN] [6/4/2017 00:40] [PENJUALAN] CASHIER FORM : Combobox_previewKeyDown, cashierDataGridView.CurrentCell.OwningColumn.Name  [productID]
[ADMIN] [6/4/2017 00:40] [PENJUALAN] CASHIER FORM : cashierDataGridView_CellValueChanged [productID]
[ADMIN] [6/4/2017 00:40] [PENJUALAN] CASHIER FORM : Combobox_KeyUp, cashierDataGridView.CurrentCell.OwningColumn.Name  [productID]
[ADMIN] [6/4/2017 00:40] [PENJUALAN] CASHIER FORM : Combobox_KeyUp, cashierDataGridView.CurrentCell.OwningColumn.Name  [productID]
[ADMIN] [6/4/2017 00:40] [PENJUALAN] CASHIER FORM : Combobox_previewKeyDown, cashierDataGridView.CurrentCell.OwningColumn.Name  [productID]
[ADMIN] [6/4/2017 00:40] [PENJUALAN] CASHIER FORM : cashierDataGridView_CellValueChanged [productID]
[ADMIN] [6/4/2017 00:40] [PENJUALAN] CASHIER FORM : Combobox_KeyUp, cashierDataGridView.CurrentCell.OwningColumn.Name  [productID]
[ADMIN] [6/4/2017 00:40] [PENJUALAN] CASHIER FORM : Combobox_KeyUp, cashierDataGridView.CurrentCell.OwningColumn.Name  [productID]
[ADMIN] [6/4/2017 00:40] [PENJUALAN] CASHIER FORM : Combobox_previewKeyDown, cashierDataGridView.CurrentCell.OwningColumn.Name  [productID]
[ADMIN] [6/4/2017 00:40] [PENJUALAN] CASHIER FORM : cashierDataGridView_CellValueChanged [productID]
[ADMIN] [6/4/2017 00:40] [PENJUALAN] CASHIER FORM : Combobox_KeyUp, cashierDataGridView.CurrentCell.OwningColumn.Name  [productID]
[ADMIN] [6/4/2017 00:40] [PENJUALAN] CASHIER FORM : Combobox_KeyUp, cashierDataGridView.CurrentCell.OwningColumn.Name  [productID]
[ADMIN] [6/4/2017 00:41] [PENJUALAN] CASHIER FORM : DISPLAY BARCODE FORM
[ADMIN] [6/4/2017 00:41] [PENJUALAN] CASHIER FORM : UNREGISTER HOTKEY
[ADMIN] [6/4/2017 00:41] [PENJUALAN] CASHIER FORM : ADD NEW ROW FROM BARCODE [ALPO PUPPY 1 KG]
[ADMIN] [6/4/2017 00:41] [PENJUALAN] CASHIER FORM : EXISTING ROW FOUND [0]
[ADMIN] [6/4/2017 00:41] [PENJUALAN] CASHIER FORM : updateSomeRowContents
[ADMIN] [6/4/2017 00:41] [PENJUALAN] CASHIER FORM : CHECK STOCK QTY IS ENOUGH [ALPO-P1]
[ADMIN] [6/4/2017 00:41] [PENJUALAN] CASHIER FORM : CHECK STOCK QTY IS ENOUGH [11, 10]
[ADMIN] [6/4/2017 00:41] [PENJUALAN] CASHIER FORM : cashierDataGridView_CellValueChanged [qty]
[ADMIN] [6/4/2017 00:41] [PENJUALAN] CASHIER FORM : cashierDataGridView_CellValueChanged, previousInput [9]
[ADMIN] [6/4/2017 00:41] [PENJUALAN] CASHIER FORM : cashierDataGridView_CellValueChanged, dataGridViewTextBoxEditingControl.Text pass REGEX Checking
[ADMIN] [6/4/2017 00:41] [PENJUALAN] CASHIER FORM : CHECK STOCK QTY IS ENOUGH [ALPO-P1]
[ADMIN] [6/4/2017 00:41] [PENJUALAN] CASHIER FORM : CHECK STOCK QTY IS ENOUGH [11, 10]
[ADMIN] [6/4/2017 00:41] [PENJUALAN] CASHIER FORM : CALCULATE SUBTOTAL
[ADMIN] [6/4/2017 00:41] [PENJUALAN] CASHIER FORM : SUBTOTAL [350000]
[ADMIN] [6/4/2017 00:41] [PENJUALAN] CASHIER FORM : cashierDataGridView_CellValueChanged, subtotal value [350000]
[ADMIN] [6/4/2017 00:41] [PENJUALAN] CASHIER FORM : cashierDataGridView_CellValueChanged, attempt to calculate total value
[ADMIN] [6/4/2017 00:41] [PENJUALAN] CASHIER FORM : calculateTotal
[ADMIN] [6/4/2017 00:41] [PENJUALAN] CASHIER FORM : calculateTotal [350000]
[ADMIN] [6/4/2017 00:41] [PENJUALAN] CASHIER FORM : calculateTotal, totalAfterDisc [350000]
[ADMIN] [6/4/2017 00:41] [PENJUALAN] CASHIER FORM : calculateChangeValue, bayarTextBox.Text [Rp0]
[ADMIN] [6/4/2017 00:41] [PENJUALAN] CASHIER FORM : calculateChangeValue, sisaBayar [0]
[ADMIN] [6/4/2017 00:41] [PENJUALAN] CASHIER FORM : QTY FOR THE EXISTING ROW [10]
[ADMIN] [6/4/2017 00:41] [PENJUALAN] CASHIER FORM : CALCULATE SUBTOTAL
[ADMIN] [6/4/2017 00:41] [PENJUALAN] CASHIER FORM : SUBTOTAL [350000]
[ADMIN] [6/4/2017 00:41] [PENJUALAN] CASHIER FORM : calculateTotal
[ADMIN] [6/4/2017 00:41] [PENJUALAN] CASHIER FORM : calculateTotal [350000]
[ADMIN] [6/4/2017 00:41] [PENJUALAN] CASHIER FORM : calculateTotal, totalAfterDisc [350000]
[ADMIN] [6/4/2017 00:41] [PENJUALAN] CASHIER FORM : calculateChangeValue, bayarTextBox.Text [Rp0]
[ADMIN] [6/4/2017 00:41] [PENJUALAN] CASHIER FORM : calculateChangeValue, sisaBayar [0]
[ADMIN] [6/4/2017 00:41] [PENJUALAN] CASHIER FORM : UPDATE ROW NUMBER, TOTAL ROW [3]
[ADMIN] [6/4/2017 00:41] [PENJUALAN] CASHIER FORM : cashierDataGridView_CellValueChanged [F8]
[ADMIN] [6/4/2017 00:41] [PENJUALAN] CASHIER FORM : ADD NEW ROW FROM BARCODE [ALPO PUPPY 1 KG]
[ADMIN] [6/4/2017 00:41] [PENJUALAN] CASHIER FORM : EXISTING ROW FOUND [0]
[ADMIN] [6/4/2017 00:41] [PENJUALAN] CASHIER FORM : updateSomeRowContents
[ADMIN] [6/4/2017 00:41] [PENJUALAN] CASHIER FORM : CHECK STOCK QTY IS ENOUGH [ALPO-P1]
[ADMIN] [6/4/2017 00:41] [PENJUALAN] CASHIER FORM : CHECK STOCK QTY IS ENOUGH [11, 11]
[ADMIN] [6/4/2017 00:41] [PENJUALAN] CASHIER FORM : cashierDataGridView_CellValueChanged [qty]
[ADMIN] [6/4/2017 00:41] [PENJUALAN] CASHIER FORM : cashierDataGridView_CellValueChanged, previousInput [10]
[ADMIN] [6/4/2017 00:41] [PENJUALAN] CASHIER FORM : cashierDataGridView_CellValueChanged, dataGridViewTextBoxEditingControl.Text pass REGEX Checking
[ADMIN] [6/4/2017 00:41] [PENJUALAN] CASHIER FORM : CHECK STOCK QTY IS ENOUGH [ALPO-P1]
[ADMIN] [6/4/2017 00:41] [PENJUALAN] CASHIER FORM : CHECK STOCK QTY IS ENOUGH [11, 11]
[ADMIN] [6/4/2017 00:41] [PENJUALAN] CASHIER FORM : CALCULATE SUBTOTAL
[ADMIN] [6/4/2017 00:41] [PENJUALAN] CASHIER FORM : SUBTOTAL [385000]
[ADMIN] [6/4/2017 00:41] [PENJUALAN] CASHIER FORM : cashierDataGridView_CellValueChanged, subtotal value [385000]
[ADMIN] [6/4/2017 00:41] [PENJUALAN] CASHIER FORM : cashierDataGridView_CellValueChanged, attempt to calculate total value
[ADMIN] [6/4/2017 00:41] [PENJUALAN] CASHIER FORM : calculateTotal
[ADMIN] [6/4/2017 00:41] [PENJUALAN] CASHIER FORM : calculateTotal [385000]
[ADMIN] [6/4/2017 00:41] [PENJUALAN] CASHIER FORM : calculateTotal, totalAfterDisc [385000]
[ADMIN] [6/4/2017 00:41] [PENJUALAN] CASHIER FORM : calculateChangeValue, bayarTextBox.Text [Rp0]
[ADMIN] [6/4/2017 00:41] [PENJUALAN] CASHIER FORM : calculateChangeValue, sisaBayar [0]
[ADMIN] [6/4/2017 00:41] [PENJUALAN] CASHIER FORM : QTY FOR THE EXISTING ROW [11]
[ADMIN] [6/4/2017 00:41] [PENJUALAN] CASHIER FORM : CALCULATE SUBTOTAL
[ADMIN] [6/4/2017 00:41] [PENJUALAN] CASHIER FORM : SUBTOTAL [385000]
[ADMIN] [6/4/2017 00:41] [PENJUALAN] CASHIER FORM : calculateTotal
[ADMIN] [6/4/2017 00:41] [PENJUALAN] CASHIER FORM : calculateTotal [385000]
[ADMIN] [6/4/2017 00:41] [PENJUALAN] CASHIER FORM : calculateTotal, totalAfterDisc [385000]
[ADMIN] [6/4/2017 00:41] [PENJUALAN] CASHIER FORM : calculateChangeValue, bayarTextBox.Text [Rp0]
[ADMIN] [6/4/2017 00:41] [PENJUALAN] CASHIER FORM : calculateChangeValue, sisaBayar [0]
[ADMIN] [6/4/2017 00:41] [PENJUALAN] CASHIER FORM : UPDATE ROW NUMBER, TOTAL ROW [3]
[ADMIN] [6/4/2017 00:41] [PENJUALAN] CASHIER FORM : cashierDataGridView_CellValueChanged [F8]
[ADMIN] [6/4/2017 00:41] [PENJUALAN] CASHIER FORM : ADD NEW ROW FROM BARCODE [ALPO PUPPY 1 KG]
[ADMIN] [6/4/2017 00:41] [PENJUALAN] CASHIER FORM : EXISTING ROW FOUND [0]
[ADMIN] [6/4/2017 00:41] [PENJUALAN] CASHIER FORM : updateSomeRowContents
[ADMIN] [6/4/2017 00:41] [PENJUALAN] CASHIER FORM : CHECK STOCK QTY IS ENOUGH [ALPO-P1]
[ADMIN] [6/4/2017 00:41] [PENJUALAN] CASHIER FORM : CHECK STOCK QTY IS ENOUGH [11, 12]
[ADMIN] [6/4/2017 00:41] [PENJUALAN] CASHIER FORM : QTY FOR THE EXISTING ROW NOT CHANGED
[ADMIN] [6/4/2017 00:41] [PENJUALAN] CASHIER FORM : CALCULATE SUBTOTAL
[ADMIN] [6/4/2017 00:41] [PENJUALAN] CASHIER FORM : SUBTOTAL [385000]
[ADMIN] [6/4/2017 00:41] [PENJUALAN] CASHIER FORM : calculateTotal
[ADMIN] [6/4/2017 00:41] [PENJUALAN] CASHIER FORM : calculateTotal [385000]
[ADMIN] [6/4/2017 00:41] [PENJUALAN] CASHIER FORM : calculateTotal, totalAfterDisc [385000]
[ADMIN] [6/4/2017 00:41] [PENJUALAN] CASHIER FORM : calculateChangeValue, bayarTextBox.Text [Rp0]
[ADMIN] [6/4/2017 00:41] [PENJUALAN] CASHIER FORM : calculateChangeValue, sisaBayar [0]
[ADMIN] [6/4/2017 00:41] [PENJUALAN] CASHIER FORM : UPDATE ROW NUMBER, TOTAL ROW [3]
[ADMIN] [6/4/2017 00:41] [PENJUALAN] CASHIER FORM : cashierDataGridView_CellValueChanged [F8]
[ADMIN] [6/4/2017 00:41] [PENJUALAN] CASHIER FORM : ADD NEW ROW FROM BARCODE [PENGANGON 12 COLLAR KAIN]
[ADMIN] [6/4/2017 00:41] [PENJUALAN] CASHIER FORM : updateSomeRowContents
[ADMIN] [6/4/2017 00:41] [PENJUALAN] CASHIER FORM : cashierDataGridView_CellValueChanged [productID]
[ADMIN] [6/4/2017 00:41] [PENJUALAN] CASHIER FORM : cashierDataGridView_CellValueChanged [productName]
[ADMIN] [6/4/2017 00:41] [PENJUALAN] CASHIER FORM : updateSomeRowContents
[ADMIN] [6/4/2017 00:41] [PENJUALAN] CASHIER FORM : PRODUCT PRICE TYPE [PRODUCT_BASE_PRICE]
[ADMIN] [6/4/2017 00:41] [PENJUALAN] CASHIER FORM : PRODUCT PRICE [11700]
[ADMIN] [6/4/2017 00:41] [PENJUALAN] CASHIER FORM : ComboBox_SelectedIndexChanged, PRODUCT_BASE_PRICE [11700]
[ADMIN] [6/4/2017 00:41] [PENJUALAN] CASHIER FORM : cashierDataGridView_CellValueChanged [hpp]
[ADMIN] [6/4/2017 00:41] [PENJUALAN] CASHIER FORM : PRODUCT PRICE TYPE [PRODUCT_RETAIL_PRICE]
[ADMIN] [6/4/2017 00:41] [PENJUALAN] CASHIER FORM : PRODUCT PRICE [25000]
[ADMIN] [6/4/2017 00:41] [PENJUALAN] CASHIER FORM : ComboBox_SelectedIndexChanged, PRODUCT_SALES_PRICE [25000]
[ADMIN] [6/4/2017 00:41] [PENJUALAN] CASHIER FORM : cashierDataGridView_CellValueChanged [productPrice]
[ADMIN] [6/4/2017 00:41] [PENJUALAN] CASHIER FORM : cashierDataGridView_CellValueChanged, previousInput [0]
[ADMIN] [6/4/2017 00:41] [PENJUALAN] CASHIER FORM : cashierDataGridView_CellValueChanged, cellValue [25000]
[ADMIN] [6/4/2017 00:41] [PENJUALAN] CASHIER FORM : cashierDataGridView_CellValueChanged, dataGridViewTextBoxEditingControl.Text pass REGEX Checking
[ADMIN] [6/4/2017 00:41] [PENJUALAN] CASHIER FORM : CALCULATE SUBTOTAL
[ADMIN] [6/4/2017 00:41] [PENJUALAN] CASHIER FORM : SUBTOTAL [0]
[ADMIN] [6/4/2017 00:41] [PENJUALAN] CASHIER FORM : cashierDataGridView_CellValueChanged, subtotal value [0]
[ADMIN] [6/4/2017 00:41] [PENJUALAN] CASHIER FORM : cashierDataGridView_CellValueChanged, attempt to calculate total value
[ADMIN] [6/4/2017 00:41] [PENJUALAN] CASHIER FORM : calculateTotal
[ADMIN] [6/4/2017 00:41] [PENJUALAN] CASHIER FORM : calculateTotal [385000]
[ADMIN] [6/4/2017 00:41] [PENJUALAN] CASHIER FORM : calculateTotal, totalAfterDisc [385000]
[ADMIN] [6/4/2017 00:41] [PENJUALAN] CASHIER FORM : calculateChangeValue, bayarTextBox.Text [Rp0]
[ADMIN] [6/4/2017 00:41] [PENJUALAN] CASHIER FORM : calculateChangeValue, sisaBayar [0]
[ADMIN] [6/4/2017 00:41] [PENJUALAN] CASHIER FORM : cashierDataGridView_CellValueChanged [qty]
[ADMIN] [6/4/2017 00:41] [PENJUALAN] CASHIER FORM : cashierDataGridView_CellValueChanged, previousInput [0]
[ADMIN] [6/4/2017 00:41] [PENJUALAN] CASHIER FORM : cashierDataGridView_CellValueChanged [jumlah]
[ADMIN] [6/4/2017 00:41] [PENJUALAN] CASHIER FORM : calculateTotal
[ADMIN] [6/4/2017 00:41] [PENJUALAN] CASHIER FORM : calculateTotal [385000]
[ADMIN] [6/4/2017 00:41] [PENJUALAN] CASHIER FORM : calculateTotal, totalAfterDisc [385000]
[ADMIN] [6/4/2017 00:41] [PENJUALAN] CASHIER FORM : calculateChangeValue, bayarTextBox.Text [Rp0]
[ADMIN] [6/4/2017 00:41] [PENJUALAN] CASHIER FORM : calculateChangeValue, sisaBayar [0]
[ADMIN] [6/4/2017 00:41] [PENJUALAN] CASHIER FORM : CHECK STOCK QTY IS ENOUGH [12]
[ADMIN] [6/4/2017 00:41] [PENJUALAN] CASHIER FORM : CHECK STOCK QTY IS ENOUGH [15, 1]
[ADMIN] [6/4/2017 00:41] [PENJUALAN] CASHIER FORM : cashierDataGridView_CellValueChanged [qty]
[ADMIN] [6/4/2017 00:41] [PENJUALAN] CASHIER FORM : cashierDataGridView_CellValueChanged, previousInput [0]
[ADMIN] [6/4/2017 00:41] [PENJUALAN] CASHIER FORM : cashierDataGridView_CellValueChanged, cellValue [1]
[ADMIN] [6/4/2017 00:41] [PENJUALAN] CASHIER FORM : cashierDataGridView_CellValueChanged, dataGridViewTextBoxEditingControl.Text pass REGEX Checking
[ADMIN] [6/4/2017 00:41] [PENJUALAN] CASHIER FORM : CHECK STOCK QTY IS ENOUGH [12]
[ADMIN] [6/4/2017 00:41] [PENJUALAN] CASHIER FORM : CHECK STOCK QTY IS ENOUGH [15, 1]
[ADMIN] [6/4/2017 00:41] [PENJUALAN] CASHIER FORM : CALCULATE SUBTOTAL
[ADMIN] [6/4/2017 00:41] [PENJUALAN] CASHIER FORM : SUBTOTAL [25000]
[ADMIN] [6/4/2017 00:41] [PENJUALAN] CASHIER FORM : cashierDataGridView_CellValueChanged, subtotal value [25000]
[ADMIN] [6/4/2017 00:41] [PENJUALAN] CASHIER FORM : cashierDataGridView_CellValueChanged, attempt to calculate total value
[ADMIN] [6/4/2017 00:41] [PENJUALAN] CASHIER FORM : calculateTotal
[ADMIN] [6/4/2017 00:41] [PENJUALAN] CASHIER FORM : calculateTotal [410000]
[ADMIN] [6/4/2017 00:41] [PENJUALAN] CASHIER FORM : calculateTotal, totalAfterDisc [410000]
[ADMIN] [6/4/2017 00:41] [PENJUALAN] CASHIER FORM : calculateChangeValue, bayarTextBox.Text [Rp0]
[ADMIN] [6/4/2017 00:41] [PENJUALAN] CASHIER FORM : calculateChangeValue, sisaBayar [0]
[ADMIN] [6/4/2017 00:41] [PENJUALAN] CASHIER FORM : SET QTY TO 1 BECAUSE OF NEW ROW
[ADMIN] [6/4/2017 00:41] [PENJUALAN] CASHIER FORM : CALCULATE SUBTOTAL
[ADMIN] [6/4/2017 00:41] [PENJUALAN] CASHIER FORM : SUBTOTAL [25000]
[ADMIN] [6/4/2017 00:41] [PENJUALAN] CASHIER FORM : calculateTotal
[ADMIN] [6/4/2017 00:41] [PENJUALAN] CASHIER FORM : calculateTotal [410000]
[ADMIN] [6/4/2017 00:41] [PENJUALAN] CASHIER FORM : calculateTotal, totalAfterDisc [410000]
[ADMIN] [6/4/2017 00:41] [PENJUALAN] CASHIER FORM : calculateChangeValue, bayarTextBox.Text [Rp0]
[ADMIN] [6/4/2017 00:41] [PENJUALAN] CASHIER FORM : calculateChangeValue, sisaBayar [0]
[ADMIN] [6/4/2017 00:41] [PENJUALAN] CASHIER FORM : UPDATE ROW NUMBER, TOTAL ROW [3]
[ADMIN] [6/4/2017 00:41] [PENJUALAN] CASHIER FORM : cashierDataGridView_CellValueChanged [F8]
[ADMIN] [6/4/2017 00:41] [PENJUALAN] CASHIER FORM : ADD NEW ROW FROM BARCODE [KANDANG 012]
[ADMIN] [6/4/2017 00:41] [PENJUALAN] CASHIER FORM : ADD NEW ROW,  isActive [False]
[ADMIN] [6/4/2017 00:41] [PENJUALAN] CASHIER FORM : ADD NEW ROW,  ROW COUNT [2]
[ADMIN] [6/4/2017 00:41] [PENJUALAN] CASHIER FORM : ADD NEW ROW,  ALLOW TO ADD [True]
[ADMIN] [6/4/2017 00:41] [PENJUALAN] CASHIER FORM : UPDATE ROW NUMBER, TOTAL ROW [3]
[ADMIN] [6/4/2017 00:41] [PENJUALAN] CASHIER FORM : cashierDataGridView_CellValueChanged [F8]
[ADMIN] [6/4/2017 00:41] [PENJUALAN] CASHIER FORM : cashierDataGridView_CellValueChanged [hpp]
[ADMIN] [6/4/2017 00:41] [PENJUALAN] CASHIER FORM : cashierDataGridView_CellValueChanged [productPrice]
[ADMIN] [6/4/2017 00:41] [PENJUALAN] CASHIER FORM : cashierDataGridView_CellValueChanged, previousInput [0]
[ADMIN] [6/4/2017 00:41] [PENJUALAN] CASHIER FORM : cashierDataGridView_CellValueChanged [qty]
[ADMIN] [6/4/2017 00:41] [PENJUALAN] CASHIER FORM : cashierDataGridView_CellValueChanged, previousInput [0]
[ADMIN] [6/4/2017 00:41] [PENJUALAN] CASHIER FORM : cashierDataGridView_CellValueChanged [jumlah]
[ADMIN] [6/4/2017 00:41] [PENJUALAN] CASHIER FORM : NEW ROW ADDED [2]
[ADMIN] [6/4/2017 00:41] [PENJUALAN] CASHIER FORM : updateSomeRowContents
[ADMIN] [6/4/2017 00:41] [PENJUALAN] CASHIER FORM : cashierDataGridView_CellValueChanged [productID]
[ADMIN] [6/4/2017 00:41] [PENJUALAN] CASHIER FORM : cashierDataGridView_CellValueChanged [productName]
[ADMIN] [6/4/2017 00:41] [PENJUALAN] CASHIER FORM : updateSomeRowContents
[ADMIN] [6/4/2017 00:41] [PENJUALAN] CASHIER FORM : PRODUCT PRICE TYPE [PRODUCT_BASE_PRICE]
[ADMIN] [6/4/2017 00:41] [PENJUALAN] CASHIER FORM : PRODUCT PRICE [130000]
[ADMIN] [6/4/2017 00:41] [PENJUALAN] CASHIER FORM : ComboBox_SelectedIndexChanged, PRODUCT_BASE_PRICE [130000]
[ADMIN] [6/4/2017 00:41] [PENJUALAN] CASHIER FORM : cashierDataGridView_CellValueChanged [hpp]
[ADMIN] [6/4/2017 00:41] [PENJUALAN] CASHIER FORM : PRODUCT PRICE TYPE [PRODUCT_RETAIL_PRICE]
[ADMIN] [6/4/2017 00:41] [PENJUALAN] CASHIER FORM : PRODUCT PRICE [210000]
[ADMIN] [6/4/2017 00:41] [PENJUALAN] CASHIER FORM : ComboBox_SelectedIndexChanged, PRODUCT_SALES_PRICE [210000]
[ADMIN] [6/4/2017 00:41] [PENJUALAN] CASHIER FORM : cashierDataGridView_CellValueChanged [productPrice]
[ADMIN] [6/4/2017 00:41] [PENJUALAN] CASHIER FORM : cashierDataGridView_CellValueChanged, previousInput [0]
[ADMIN] [6/4/2017 00:41] [PENJUALAN] CASHIER FORM : cashierDataGridView_CellValueChanged, cellValue [210000]
[ADMIN] [6/4/2017 00:41] [PENJUALAN] CASHIER FORM : cashierDataGridView_CellValueChanged, dataGridViewTextBoxEditingControl.Text pass REGEX Checking
[ADMIN] [6/4/2017 00:41] [PENJUALAN] CASHIER FORM : CALCULATE SUBTOTAL
[ADMIN] [6/4/2017 00:41] [PENJUALAN] CASHIER FORM : SUBTOTAL [0]
[ADMIN] [6/4/2017 00:41] [PENJUALAN] CASHIER FORM : cashierDataGridView_CellValueChanged, subtotal value [0]
[ADMIN] [6/4/2017 00:41] [PENJUALAN] CASHIER FORM : cashierDataGridView_CellValueChanged, attempt to calculate total value
[ADMIN] [6/4/2017 00:41] [PENJUALAN] CASHIER FORM : calculateTotal
[ADMIN] [6/4/2017 00:41] [PENJUALAN] CASHIER FORM : calculateTotal [410000]
[ADMIN] [6/4/2017 00:41] [PENJUALAN] CASHIER FORM : calculateTotal, totalAfterDisc [410000]
[ADMIN] [6/4/2017 00:41] [PENJUALAN] CASHIER FORM : calculateChangeValue, bayarTextBox.Text [Rp0]
[ADMIN] [6/4/2017 00:41] [PENJUALAN] CASHIER FORM : calculateChangeValue, sisaBayar [0]
[ADMIN] [6/4/2017 00:41] [PENJUALAN] CASHIER FORM : cashierDataGridView_CellValueChanged [qty]
[ADMIN] [6/4/2017 00:41] [PENJUALAN] CASHIER FORM : cashierDataGridView_CellValueChanged, previousInput [0]
[ADMIN] [6/4/2017 00:41] [PENJUALAN] CASHIER FORM : cashierDataGridView_CellValueChanged [jumlah]
[ADMIN] [6/4/2017 00:41] [PENJUALAN] CASHIER FORM : calculateTotal
[ADMIN] [6/4/2017 00:41] [PENJUALAN] CASHIER FORM : calculateTotal [410000]
[ADMIN] [6/4/2017 00:41] [PENJUALAN] CASHIER FORM : calculateTotal, totalAfterDisc [410000]
[ADMIN] [6/4/2017 00:41] [PENJUALAN] CASHIER FORM : calculateChangeValue, bayarTextBox.Text [Rp0]
[ADMIN] [6/4/2017 00:41] [PENJUALAN] CASHIER FORM : calculateChangeValue, sisaBayar [0]
[ADMIN] [6/4/2017 00:41] [PENJUALAN] CASHIER FORM : CHECK STOCK QTY IS ENOUGH [012]
[ADMIN] [6/4/2017 00:41] [PENJUALAN] CASHIER FORM : CHECK STOCK QTY IS ENOUGH [147, 1]
[ADMIN] [6/4/2017 00:41] [PENJUALAN] CASHIER FORM : cashierDataGridView_CellValueChanged [qty]
[ADMIN] [6/4/2017 00:41] [PENJUALAN] CASHIER FORM : cashierDataGridView_CellValueChanged, previousInput [0]
[ADMIN] [6/4/2017 00:41] [PENJUALAN] CASHIER FORM : cashierDataGridView_CellValueChanged, cellValue [1]
[ADMIN] [6/4/2017 00:41] [PENJUALAN] CASHIER FORM : cashierDataGridView_CellValueChanged, dataGridViewTextBoxEditingControl.Text pass REGEX Checking
[ADMIN] [6/4/2017 00:41] [PENJUALAN] CASHIER FORM : CHECK STOCK QTY IS ENOUGH [012]
[ADMIN] [6/4/2017 00:41] [PENJUALAN] CASHIER FORM : CHECK STOCK QTY IS ENOUGH [147, 1]
[ADMIN] [6/4/2017 00:41] [PENJUALAN] CASHIER FORM : CALCULATE SUBTOTAL
[ADMIN] [6/4/2017 00:41] [PENJUALAN] CASHIER FORM : SUBTOTAL [210000]
[ADMIN] [6/4/2017 00:41] [PENJUALAN] CASHIER FORM : cashierDataGridView_CellValueChanged, subtotal value [210000]
[ADMIN] [6/4/2017 00:41] [PENJUALAN] CASHIER FORM : cashierDataGridView_CellValueChanged, attempt to calculate total value
[ADMIN] [6/4/2017 00:41] [PENJUALAN] CASHIER FORM : calculateTotal
[ADMIN] [6/4/2017 00:41] [PENJUALAN] CASHIER FORM : calculateTotal [620000]
[ADMIN] [6/4/2017 00:41] [PENJUALAN] CASHIER FORM : calculateTotal, totalAfterDisc [620000]
[ADMIN] [6/4/2017 00:41] [PENJUALAN] CASHIER FORM : calculateChangeValue, bayarTextBox.Text [Rp0]
[ADMIN] [6/4/2017 00:41] [PENJUALAN] CASHIER FORM : calculateChangeValue, sisaBayar [0]
[ADMIN] [6/4/2017 00:41] [PENJUALAN] CASHIER FORM : SET QTY TO 1 BECAUSE OF NEW ROW
[ADMIN] [6/4/2017 00:41] [PENJUALAN] CASHIER FORM : CALCULATE SUBTOTAL
[ADMIN] [6/4/2017 00:41] [PENJUALAN] CASHIER FORM : SUBTOTAL [210000]
[ADMIN] [6/4/2017 00:41] [PENJUALAN] CASHIER FORM : calculateTotal
[ADMIN] [6/4/2017 00:41] [PENJUALAN] CASHIER FORM : calculateTotal [620000]
[ADMIN] [6/4/2017 00:41] [PENJUALAN] CASHIER FORM : calculateTotal, totalAfterDisc [620000]
[ADMIN] [6/4/2017 00:41] [PENJUALAN] CASHIER FORM : calculateChangeValue, bayarTextBox.Text [Rp0]
[ADMIN] [6/4/2017 00:41] [PENJUALAN] CASHIER FORM : calculateChangeValue, sisaBayar [0]
[ADMIN] [6/4/2017 00:41] [PENJUALAN] CASHIER FORM : UPDATE ROW NUMBER, TOTAL ROW [4]
[ADMIN] [6/4/2017 00:41] [PENJUALAN] CASHIER FORM : cashierDataGridView_CellValueChanged [F8]
[ADMIN] [6/4/2017 00:41] [PENJUALAN] CASHIER FORM : REGISTER HOTKEY
[ADMIN] [6/4/2017 00:41] [PENJUALAN] CASHIER FORM : calculateChangeValue, bayarTextBox.Text [0]
[ADMIN] [6/4/2017 00:41] [PENJUALAN] CASHIER FORM : calculateChangeValue, sisaBayar [0]
[ADMIN] [6/4/2017 00:41] [PENJUALAN] CASHIER FORM : calculateChangeValue, bayarTextBox.Text [50]
[ADMIN] [6/4/2017 00:41] [PENJUALAN] CASHIER FORM : calculateChangeValue, sisaBayar [0]
[ADMIN] [6/4/2017 00:41] [PENJUALAN] CASHIER FORM : calculateChangeValue, bayarTextBox.Text [500]
[ADMIN] [6/4/2017 00:41] [PENJUALAN] CASHIER FORM : calculateChangeValue, sisaBayar [0]
[ADMIN] [6/4/2017 00:41] [PENJUALAN] CASHIER FORM : calculateChangeValue, bayarTextBox.Text [5000]
[ADMIN] [6/4/2017 00:41] [PENJUALAN] CASHIER FORM : calculateChangeValue, sisaBayar [0]
[ADMIN] [6/4/2017 00:41] [PENJUALAN] CASHIER FORM : calculateChangeValue, bayarTextBox.Text [50000]
[ADMIN] [6/4/2017 00:41] [PENJUALAN] CASHIER FORM : calculateChangeValue, sisaBayar [0]
[ADMIN] [6/4/2017 00:41] [PENJUALAN] CASHIER FORM : calculateChangeValue, bayarTextBox.Text [500000]
[ADMIN] [6/4/2017 00:41] [PENJUALAN] CASHIER FORM : calculateChangeValue, sisaBayar [0]
[ADMIN] [6/4/2017 00:41] [PENJUALAN] CASHIER FORM : calculateChangeValue, bayarTextBox.Text [5000000]
[ADMIN] [6/4/2017 00:41] [PENJUALAN] CASHIER FORM : calculateChangeValue, sisaBayar [4380000]
[ADMIN] [6/4/2017 00:41] [PENJUALAN] CASHIER FORM : HOTKEY TO SAVE AND PRINT OUT INVOICE PRESSED
[ADMIN] [6/4/2017 00:41] [PENJUALAN] CASHIER FORM : UNREGISTER HOTKEY
[ADMIN] [6/4/2017 00:41] [PENJUALAN] CASHIER FORM : REGISTER HOTKEY
[ADMIN] [6/4/2017 00:41] [PENJUALAN] ATTEMPT TO SAVE AND PRINT OUT INVOICE
[ADMIN] [6/4/2017 00:41] [PENJUALAN] CASHIER FORM : UNREGISTER HOTKEY
[ADMIN] [6/4/2017 00:41] [PENJUALAN] CASHIER FORM : REGISTER HOTKEY
[ADMIN] [6/4/2017 00:41] [PENJUALAN] CASHIER FORM : UNREGISTER HOTKEY
[ADMIN] [6/4/2017 00:41] [PENJUALAN] CASHIER FORM : ATTEMPT TO SAVE SALES DATA [04-06-2017 00:41]
[ADMIN] [6/4/2017 00:41] [PENJUALAN] CASHIER FORM : SALES DISC FINAL [Rp0]
[ADMIN] [6/4/2017 00:41] [PENJUALAN] CASHIER FORM : CASH SALES
[ADMIN] [6/4/2017 00:41] [PENJUALAN] CHECK IF TAX LIMIT SET FOR PERCENTAGE PURCHASE [0]
[ADMIN] [6/4/2017 00:41] [PENJUALAN] CHECK IF TAX LIMIT SET FOR AVERAGE DAILY PURCHASE [0]
[ADMIN] [6/4/2017 00:41] [PENJUALAN] CASHIER FORM : NO FAKTUR [SLO001]
[ADMIN] [6/4/2017 00:41] [PENJUALAN] CASHIER FORM : MAX SALES INVOICE [325]
[ADMIN] [6/4/2017 00:41] [PENJUALAN] CASHIER FORM : SALES INVOICE [SLO001-326]
[ADMIN] [6/4/2017 00:41] [PENJUALAN] INSERT INTO SALES HEADER [SLO001-326]
[ADMIN] [6/4/2017 00:41] [PENJUALAN] INSERT INTO SALES DETAIL[ALPO-P1, 35000, 11]
[ADMIN] [6/4/2017 00:41] [PENJUALAN] REDUCE STOCK AT MASTER PRODUCT [ALPO-P1]
[ADMIN] [6/4/2017 00:41] [PENJUALAN] REDUCE STOCK AT PRODUCT_EXPIRY LOT [3321]
[ADMIN] [6/4/2017 00:41] [PENJUALAN] SAVE PRODUCT LOT INFORMATION FOR EACH ITEM AND AMOUNT
[ADMIN] [6/4/2017 00:41] [PENJUALAN] REDUCE STOCK AT PRODUCT_EXPIRY LOT [2298]
[ADMIN] [6/4/2017 00:41] [PENJUALAN] SAVE PRODUCT LOT INFORMATION FOR EACH ITEM AND AMOUNT
[ADMIN] [6/4/2017 00:41] [PENJUALAN] REDUCE STOCK AT PRODUCT_EXPIRY LOT [2624]
[ADMIN] [6/4/2017 00:41] [PENJUALAN] SAVE PRODUCT LOT INFORMATION FOR EACH ITEM AND AMOUNT
[ADMIN] [6/4/2017 00:41] [PENJUALAN] INSERT INTO SALES DETAIL[12, 25000, 1]
[ADMIN] [6/4/2017 00:41] [PENJUALAN] REDUCE STOCK AT MASTER PRODUCT [12]
[ADMIN] [6/4/2017 00:41] [PENJUALAN] REDUCE STOCK AT PRODUCT_EXPIRY LOT [189]
[ADMIN] [6/4/2017 00:41] [PENJUALAN] SAVE PRODUCT LOT INFORMATION FOR EACH ITEM AND AMOUNT
[ADMIN] [6/4/2017 00:41] [PENJUALAN] INSERT INTO SALES DETAIL[012, 210000, 1]
[ADMIN] [6/4/2017 00:41] [PENJUALAN] REDUCE STOCK AT MASTER PRODUCT [012]
[ADMIN] [6/4/2017 00:41] [PENJUALAN] REDUCE STOCK AT PRODUCT_EXPIRY LOT [1910]
[ADMIN] [6/4/2017 00:41] [PENJUALAN] SAVE PRODUCT LOT INFORMATION FOR EACH ITEM AND AMOUNT
[ADMIN] [6/4/2017 00:41] [PENJUALAN] INSERT TO CREDIT TABLE [SLO001-326]
[ADMIN] [6/4/2017 00:41] [PENJUALAN] INSERT TO DAILY JOURNAL TABLE [620000]
[ADMIN] [6/4/2017 00:41] [PENJUALAN] CASHIER FORM : REGISTER HOTKEY
[ADMIN] [6/4/2017 00:41] [PENJUALAN] TRANSACTION SAVED
[ADMIN] [6/4/2017 00:41] [PENJUALAN] PRINT OUT INVOICE
[ADMIN] [6/4/2017 00:41] [PENJUALAN] CASHIER FORM : PrintReceipt
[ADMIN] [6/4/2017 00:41] [PENJUALAN] CASHIER FORM : PrintReceipt, papermode [1]
[ADMIN] [6/4/2017 00:41] [PENJUALAN] CASHIER FORM : PrintReceipt, display SalesReceiptForm
[ADMIN] [6/4/2017 00:41] [PENJUALAN] CASHIER FORM : UNREGISTER HOTKEY
[ADMIN] [6/4/2017 00:41] [PENJUALAN] CASHIER FORM : REGISTER HOTKEY
[ADMIN] [6/4/2017 00:41] [PENJUALAN] CASHIER FORM : UNREGISTER HOTKEY
[] [6/4/2017 01:04] [] USER = ADMIN IS ACTIVE
[ADMIN] [6/4/2017 01:04] [] USER ID = 1 LOGIN SUCCESSFULLY
[ADMIN] [6/4/2017 01:04] [] ACTIVATE USER ACCESS RIGHT
[ADMIN] [6/4/2017 01:04] [] DISPLAY ADMIN FORM
[ADMIN] [6/4/2017 01:04] [] adminForm Load
[ADMIN] [6/4/2017 01:04] [] ACTIVATE USER ACCESS RIGHT
[ADMIN] [6/4/2017 01:04] [PENJUALAN] CASHIER FORM : MULTIPLE CASHIER INSTANCE [1]
[ADMIN] [6/4/2017 01:04] [PENJUALAN] CASHIER FORM : REGISTER HOTKEY
[ADMIN] [6/4/2017 01:04] [PENJUALAN] CASHIER FORM : cashierForm_Load, ATTEMPT TO LOAD NO FAKTUR
[ADMIN] [6/4/2017 01:04] [PENJUALAN] CASHIER FORM : loadNoFaktur, noFakturValue [SLO001]
[ADMIN] [6/4/2017 01:04] [PENJUALAN] CASHIER FORM : cashierForm_Load, ATTEMPT TO addColumnToDataGrid
[ADMIN] [6/4/2017 01:04] [PENJUALAN] CASHIER FORM : UPDATE ROW NUMBER, TOTAL ROW [1]
[ADMIN] [6/4/2017 01:04] [PENJUALAN] CASHIER FORM : REGISTER HOTKEY
[ADMIN] [6/4/2017 01:04] [PENJUALAN] CASHIER FORM : HOTKEY TO OPEN PRODUK SEARCH FORM PRESSED
[ADMIN] [6/4/2017 01:04] [PENJUALAN] CASHIER FORM : UNREGISTER HOTKEY
[ADMIN] [6/4/2017 01:04] [PENJUALAN] CASHIER FORM : REGISTER HOTKEY
[ADMIN] [6/4/2017 01:04] [PENJUALAN] CASHIER FORM : UNREGISTER HOTKEY
[ADMIN] [6/4/2017 01:04] [PENJUALAN] CASHIER FORM : UNREGISTER HOTKEY
[ADMIN] [6/4/2017 01:05] [PENYESUAIAN STOK] TRY TO DO MANUAL STOCK ADJUSTMENT
[ADMIN] [6/4/2017 01:05] [PENYESUAIAN STOK] UPDATE STOCK QTY [2]
[ADMIN] [6/4/2017 01:05] [PENYESUAIAN STOK] INSERT INTO PRODUCT ADJUSTMENT TABLE [SD-PSB1, 5, 10]
[ADMIN] [6/4/2017 01:05] [PENERIMAAN BARANG] INSERT TO PRODUCT EXPIRY [SD-PSB1]
[ADMIN] [6/4/2017 01:05] [PENJUALAN] CASHIER FORM : MULTIPLE CASHIER INSTANCE [1]
[ADMIN] [6/4/2017 01:05] [PENJUALAN] CASHIER FORM : REGISTER HOTKEY
[ADMIN] [6/4/2017 01:05] [PENJUALAN] CASHIER FORM : cashierForm_Load, ATTEMPT TO LOAD NO FAKTUR
[ADMIN] [6/4/2017 01:05] [PENJUALAN] CASHIER FORM : loadNoFaktur, noFakturValue [SLO001]
[ADMIN] [6/4/2017 01:05] [PENJUALAN] CASHIER FORM : cashierForm_Load, ATTEMPT TO addColumnToDataGrid
[ADMIN] [6/4/2017 01:05] [PENJUALAN] CASHIER FORM : UPDATE ROW NUMBER, TOTAL ROW [1]
[ADMIN] [6/4/2017 01:05] [PENJUALAN] CASHIER FORM : REGISTER HOTKEY
[ADMIN] [6/4/2017 01:05] [PENJUALAN] CASHIER FORM : HOTKEY TO OPEN PRODUK SEARCH FORM PRESSED
[ADMIN] [6/4/2017 01:05] [PENJUALAN] CASHIER FORM : UNREGISTER HOTKEY
[ADMIN] [6/4/2017 01:05] [PENJUALAN] CASHIER FORM : REGISTER HOTKEY
[ADMIN] [6/4/2017 01:05] [PENJUALAN] CASHIER FORM : UNREGISTER HOTKEY
[ADMIN] [6/4/2017 01:06] [PENJUALAN] CASHIER FORM : REGISTER HOTKEY
[ADMIN] [6/4/2017 01:06] [PENJUALAN] CASHIER FORM : UNREGISTER HOTKEY
[ADMIN] [6/4/2017 01:06] [PENJUALAN] CASHIER FORM : REGISTER HOTKEY
[ADMIN] [6/4/2017 01:06] [PENJUALAN] CASHIER FORM : UNREGISTER HOTKEY
[ADMIN] [6/4/2017 01:06] [PENJUALAN] CASHIER FORM : UNREGISTER HOTKEY
[ADMIN] [6/4/2017 01:06] [] USER ID = 1LOGOUT
