[] [1/16/2017 13:36] [] USER = ADMIN IS ACTIVE
[ADMIN] [1/16/2017 13:36] [] USER ID = 1 LOGIN SUCCESSFULLY
[ADMIN] [1/16/2017 13:36] [] ACTIVATE USER ACCESS RIGHT
[ADMIN] [1/16/2017 13:36] [] DISPLAY ADMIN FORM
[ADMIN] [1/16/2017 13:36] [] adminForm Load
[ADMIN] [1/16/2017 13:36] [] ACTIVATE USER ACCESS RIGHT
[ADMIN] [1/16/2017 13:37] [MUTASI BARANG] MUTASI BARANG : detailRequestOrderDataGridView_CellValueChanged [productID]
[ADMIN] [1/16/2017 13:37] [PENJUALAN] MUTASI FORM : Combobox_KeyUp, cashierDataGridView.CurrentCell.OwningColumn.Name  [productID]
[ADMIN] [1/16/2017 13:37] [MUTASI BARANG] MUTASI BARANG : detailRequestOrderDataGridView_CellValueChanged [productID]
[ADMIN] [1/16/2017 13:37] [MUTASI BARANG] MUTASI BARANG : detailRequestOrderDataGridView_CellValueChanged [productID]
[ADMIN] [1/16/2017 13:37] [PENJUALAN] MUTASI FORM : Combobox_KeyUp, cashierDataGridView.CurrentCell.OwningColumn.Name  [productID]
[ADMIN] [1/16/2017 13:37] [PENJUALAN] MUTASI FORM : Combobox_KeyUp, cashierDataGridView.CurrentCell.OwningColumn.Name  [productID]
[ADMIN] [1/16/2017 13:37] [MUTASI BARANG] MUTASI BARANG : detailRequestOrderDataGridView_CellValueChanged [productID]
[ADMIN] [1/16/2017 13:37] [MUTASI BARANG] MUTASI BARANG : detailRequestOrderDataGridView_CellValueChanged [productName]
[ADMIN] [1/16/2017 13:37] [MUTASI BARANG] updateSomeRowsContent, PRODUCT_BASE_PRICE [10000]
[ADMIN] [1/16/2017 13:37] [MUTASI BARANG] MUTASI BARANG : detailRequestOrderDataGridView_CellValueChanged [hpp]
[ADMIN] [1/16/2017 13:37] [MUTASI BARANG] MUTASI BARANG : detailRequestOrderDataGridView_CellValueChanged [qty]
[ADMIN] [1/16/2017 13:37] [MUTASI BARANG] MUTASI BARANG : detailRequestOrderDataGridView_CellValueChanged [subtotal]
[ADMIN] [1/16/2017 13:37] [MUTASI BARANG] updateSomeRowsContent, attempt to calculate total
[ADMIN] [1/16/2017 13:37] [MUTASI BARANG] MUTASI BARANG : detailRequestOrderDataGridView_CellValueChanged [expiryDateValue]
[ADMIN] [1/16/2017 13:37] [MUTASI BARANG] MUTASI BARANG : detailRequestOrderDataGridView_CellValueChanged [expiryDate]
[ADMIN] [1/16/2017 13:37] [MUTASI BARANG] MUTASI BARANG : detailRequestOrderDataGridView_CellValueChanged [qty]
[ADMIN] [1/16/2017 13:37] [MUTASI BARANG] MUTASI BARANG : detailRequestOrderDataGridView_CellValueChanged [subtotal]
[ADMIN] [1/16/2017 13:37] [MUTASI BARANG] MUTASI BARANG : detailRequestOrderDataGridView_CellValueChanged [subtotal]
[ADMIN] [1/16/2017 13:37] [PENJUALAN] MUTASI FORM : Combobox_KeyUp, cashierDataGridView.CurrentCell.OwningColumn.Name  [qty]
[ADMIN] [1/16/2017 13:37] [MUTASI BARANG] MUTASI BARANG : detailRequestOrderDataGridView_CellValueChanged [qty]
[ADMIN] [1/16/2017 13:37] [MUTASI BARANG] MUTASI BARANG : detailRequestOrderDataGridView_CellValueChanged [subtotal]
[ADMIN] [1/16/2017 13:37] [PENJUALAN] MUTASI FORM : Combobox_KeyUp, cashierDataGridView.CurrentCell.OwningColumn.Name  [qty]
[ADMIN] [1/16/2017 13:38] [MUTASI BARANG] SAVE/APPROVE MUTASI
[ADMIN] [1/16/2017 13:38] [MUTASI BARANG] GET NEW NO MUTASI [PM-10]
[ADMIN] [1/16/2017 13:38] [MUTASI BARANG] ADD NEW MUTASI [PM-10]
[ADMIN] [1/16/2017 13:38] [MUTASI BARANG] ADD DETAIL NEW MUTASI [PROD11JAN, 2]
[ADMIN] [1/16/2017 13:38] [MUTASI BARANG] REDUCE MASTER PRODUCT [PROD11JAN, 2]
[ADMIN] [1/16/2017 13:38] [MUTASI BARANG] REDUCE PRODUCT EXPIRY [PROD11JAN, 2]
[ADMIN] [1/16/2017 13:38] [MUTASI BARANG] INSERT TO CREDIT TABLE [PM-10]
[ADMIN] [1/16/2017 13:38] [MUTASI BARANG] MUTASI SAVED TO LOCAL DATA
[ADMIN] [1/16/2017 13:38] [MUTASI BARANG] GET BRANCH ID TO UPDATE [1]
[ADMIN] [1/16/2017 13:38] [MUTASI BARANG] TRY TO CONNECT TO BRANCH [1]
[ADMIN] [1/16/2017 13:38] [MUTASI BARANG] FAILED TO UPDATE BRANCH DATA
[ADMIN] [1/16/2017 13:38] [PENERIMAAN BARANG] GET NO MUTASI TO RECEIVE
[ADMIN] [1/16/2017 13:38] [PENERIMAAN BARANG] NO MUTASI TO RECEIVE [PM-10]
[] [1/16/2017 14:24] [] USER = ADMIN IS ACTIVE
[ADMIN] [1/16/2017 14:24] [] USER ID = 1 LOGIN SUCCESSFULLY
[ADMIN] [1/16/2017 14:24] [] ACTIVATE USER ACCESS RIGHT
[ADMIN] [1/16/2017 14:24] [] DISPLAY ADMIN FORM
[ADMIN] [1/16/2017 14:24] [] adminForm Load
[ADMIN] [1/16/2017 14:24] [] ACTIVATE USER ACCESS RIGHT
[ADMIN] [1/16/2017 14:24] [MUTASI BARANG] MUTASI BARANG : detailRequestOrderDataGridView_CellValueChanged [expiryDate]
[ADMIN] [1/16/2017 14:24] [MUTASI BARANG] MUTASI BARANG : detailRequestOrderDataGridView_CellValueChanged [expiryDateValue]
[ADMIN] [1/16/2017 14:24] [MUTASI BARANG] MUTASI BARANG : detailRequestOrderDataGridView_CellValueChanged [expiryDate]
[ADMIN] [1/16/2017 14:24] [MUTASI BARANG] MUTASI BARANG : detailRequestOrderDataGridView_CellValueChanged [expiryDateValue]
[ADMIN] [1/16/2017 14:24] [MUTASI BARANG] MUTASI BARANG : detailRequestOrderDataGridView_CellValueChanged [qty]
[ADMIN] [1/16/2017 14:24] [MUTASI BARANG] MUTASI BARANG : detailRequestOrderDataGridView_CellValueChanged [qty]
[ADMIN] [1/16/2017 14:25] [MUTASI BARANG] MUTASI BARANG : detailRequestOrderDataGridView_CellValueChanged [expiryDate]
[ADMIN] [1/16/2017 14:25] [MUTASI BARANG] MUTASI BARANG : detailRequestOrderDataGridView_CellValueChanged [expiryDateValue]
[ADMIN] [1/16/2017 14:25] [MUTASI BARANG] TRY TO EXPORT DATA [C:\Users\Andri\Desktop\PM_PM-10_16012017.exp]
[ADMIN] [1/16/2017 14:25] [MUTASI BARANG] DATA EXPORTED [C:\Users\Andri\Desktop\PM_PM-10_16012017.exp]
[] [1/16/2017 14:35] [] USER = ADMIN IS ACTIVE
[ADMIN] [1/16/2017 14:35] [] USER ID = 1 LOGIN SUCCESSFULLY
[ADMIN] [1/16/2017 14:35] [] ACTIVATE USER ACCESS RIGHT
[ADMIN] [1/16/2017 14:35] [] DISPLAY ADMIN FORM
[ADMIN] [1/16/2017 14:35] [] adminForm Load
[ADMIN] [1/16/2017 14:35] [] ACTIVATE USER ACCESS RIGHT
[ADMIN] [1/16/2017 14:35] [MUTASI BARANG] MUTASI BARANG : detailRequestOrderDataGridView_CellValueChanged [expiryDateValue]
[ADMIN] [1/16/2017 14:35] [MUTASI BARANG] MUTASI BARANG : detailRequestOrderDataGridView_CellValueChanged [expiryDate]
[] [1/16/2017 14:36] [] USER = ADMIN IS ACTIVE
[ADMIN] [1/16/2017 14:36] [] USER ID = 1 LOGIN SUCCESSFULLY
[ADMIN] [1/16/2017 14:36] [] ACTIVATE USER ACCESS RIGHT
[ADMIN] [1/16/2017 14:36] [] DISPLAY ADMIN FORM
[ADMIN] [1/16/2017 14:36] [] adminForm Load
[ADMIN] [1/16/2017 14:36] [] ACTIVATE USER ACCESS RIGHT
[ADMIN] [1/16/2017 14:37] [MUTASI BARANG] MANUALLY SET MUTASI [PM-11] TO RECEIVED
[ADMIN] [1/16/2017 14:37] [MUTASI BARANG] UPDATE PRODUCT MUTATION HEADER TO RECEIVED [PM-11]
[ADMIN] [1/16/2017 14:37] [MUTASI BARANG] MUTASI [PM-11] SET TO RECEIVED
[] [1/16/2017 14:40] [] USER = ADMIN IS ACTIVE
[ADMIN] [1/16/2017 14:40] [] USER ID = 1 LOGIN SUCCESSFULLY
[ADMIN] [1/16/2017 14:40] [] ACTIVATE USER ACCESS RIGHT
[ADMIN] [1/16/2017 14:40] [] DISPLAY ADMIN FORM
[ADMIN] [1/16/2017 14:40] [] adminForm Load
[ADMIN] [1/16/2017 14:40] [] ACTIVATE USER ACCESS RIGHT
[] [1/16/2017 14:42] [] USER = ADMIN IS ACTIVE
[ADMIN] [1/16/2017 14:42] [] USER ID = 1 LOGIN SUCCESSFULLY
[ADMIN] [1/16/2017 14:42] [] ACTIVATE USER ACCESS RIGHT
[ADMIN] [1/16/2017 14:42] [] DISPLAY ADMIN FORM
[ADMIN] [1/16/2017 14:42] [] adminForm Load
[ADMIN] [1/16/2017 14:42] [] ACTIVATE USER ACCESS RIGHT
[ADMIN] [1/16/2017 14:42] [MUTASI BARANG] MUTASI BARANG : detailRequestOrderDataGridView_CellValueChanged [expiryDate]
[ADMIN] [1/16/2017 14:42] [] USER ID = 1LOGOUT
