[] [5/29/2017 13:36] [] USER = ADMIN IS ACTIVE
[ADMIN] [5/29/2017 13:36] [] USER ID = 1 LOGIN SUCCESSFULLY
[ADMIN] [5/29/2017 13:36] [] ACTIVATE USER ACCESS RIGHT
[ADMIN] [5/29/2017 13:36] [] DISPLAY ADMIN FORM
[ADMIN] [5/29/2017 13:36] [] adminForm Load
[ADMIN] [5/29/2017 13:36] [] ACTIVATE USER ACCESS RIGHT
[ADMIN] [5/29/2017 13:37] [PENJUALAN] CASHIER FORM : REGISTER HOTKEY
[ADMIN] [5/29/2017 13:37] [PENJUALAN] CASHIER FORM : cashierForm_Load, ATTEMPT TO LOAD NO FAKTUR
[ADMIN] [5/29/2017 13:37] [PENJUALAN] CASHIER FORM : loadNoFaktur, noFakturValue [SLO001]
[ADMIN] [5/29/2017 13:37] [PENJUALAN] CASHIER FORM : cashierForm_Load, ATTEMPT TO addColumnToDataGrid
[ADMIN] [5/29/2017 13:37] [PENJUALAN] CASHIER FORM : UPDATE ROW NUMBER, TOTAL ROW [1]
[ADMIN] [5/29/2017 13:37] [PENJUALAN] CASHIER FORM : ADD NEW ROW,  isActive [True]
[ADMIN] [5/29/2017 13:37] [PENJUALAN] CASHIER FORM : ADD NEW ROW,  ROW COUNT [0]
[ADMIN] [5/29/2017 13:37] [PENJUALAN] CASHIER FORM : ADD NEW ROW,  ALLOW TO ADD [True]
[ADMIN] [5/29/2017 13:37] [PENJUALAN] CASHIER FORM : UPDATE ROW NUMBER, TOTAL ROW [1]
[ADMIN] [5/29/2017 13:40] [PENJUALAN] CASHIER FORM : ADD NEW ROW,  isActive [True]
[ADMIN] [5/29/2017 13:40] [PENJUALAN] CASHIER FORM : ADD NEW ROW,  ROW COUNT [1]
[ADMIN] [5/29/2017 13:40] [PENJUALAN] CASHIER FORM : ADD NEW ROW,  ALLOW TO ADD [True]
[ADMIN] [5/29/2017 13:40] [PENJUALAN] CASHIER FORM : UPDATE ROW NUMBER, TOTAL ROW [2]
[ADMIN] [5/29/2017 13:40] [PENJUALAN] CASHIER FORM : UPDATE ROW NUMBER, TOTAL ROW [3]
[ADMIN] [5/29/2017 13:40] [PENJUALAN] CASHIER FORM : cashierDataGridView_CellValueChanged [F8]
[ADMIN] [5/29/2017 13:40] [PENJUALAN] CASHIER FORM : REGISTER HOTKEY
[ADMIN] [5/29/2017 13:40] [PENJUALAN] CASHIER FORM : UNREGISTER HOTKEY
[ADMIN] [5/29/2017 13:40] [PENJUALAN] CASHIER FORM : REGISTER HOTKEY
[ADMIN] [5/29/2017 13:40] [PENJUALAN] CASHIER FORM : UNREGISTER HOTKEY
[ADMIN] [5/29/2017 13:40] [PENJUALAN] CASHIER FORM : REGISTER HOTKEY
[ADMIN] [5/29/2017 13:40] [PENJUALAN] CASHIER FORM : UNREGISTER HOTKEY
[ADMIN] [5/29/2017 13:40] [PENJUALAN] CASHIER FORM : UNREGISTER HOTKEY
[ADMIN] [5/29/2017 13:40] [] USER ID = 1LOGOUT
