[] [4/13/2017 13:05] [] USER = ADMIN IS ACTIVE
[ADMIN] [4/13/2017 13:05] [] USER ID = 1 LOGIN SUCCESSFULLY
[ADMIN] [4/13/2017 13:05] [] ACTIVATE USER ACCESS RIGHT
[ADMIN] [4/13/2017 13:05] [] DISPLAY ADMIN FORM
[ADMIN] [4/13/2017 13:05] [] adminForm Load
[ADMIN] [4/13/2017 13:05] [] ACTIVATE USER ACCESS RIGHT
[ADMIN] [4/13/2017 13:05] [PENERIMAAN BARANG] PENERIMAAN FORM : ChangePrinterButton_Click, DISPLAY PRINTER SELECTION FORM
[ADMIN] [4/13/2017 13:06] [PENGATURAN PRINTER] PAPER SIZE CHANGED [0]
[ADMIN] [4/13/2017 13:06] [PENGATURAN PRINTER] DEFAULT PRINTER CHANGED [Microsoft Print to PDF]
[ADMIN] [4/13/2017 13:06] [SUPPLIER] ATTEMPT TO SAVE
[ADMIN] [4/13/2017 13:06] [SUPPLIER] INSERT NEW SUPPLIER [ANDRI]
[ADMIN] [4/13/2017 13:06] [PENERIMAAN BARANG] PENERIMAAN BARANG : detailGridView_CellValueChanged [productID]
[ADMIN] [4/13/2017 13:06] [PENERIMAAN BARANG] PENERIMAAN BARANG : detailGridView_CellValueChanged [productID]
[ADMIN] [4/13/2017 13:06] [PENERIMAAN BARANG] PENERIMAAN BARANG : detailGridView_CellValueChanged [productName]
[ADMIN] [4/13/2017 13:06] [PENJUALAN] CASHIER FORM : ComboBox_SelectedIndexChanged, PRODUCT_BASE_PRICE [29250]
[ADMIN] [4/13/2017 13:06] [PENERIMAAN BARANG] PENERIMAAN BARANG : detailGridView_CellValueChanged [hpp]
[ADMIN] [4/13/2017 13:06] [PENERIMAAN BARANG] PENERIMAAN BARANG : detailGridView_CellValueChanged [subtotal]
[ADMIN] [4/13/2017 13:06] [PENERIMAAN BARANG] PENERIMAAN BARANG : detailGridView_CellValueChanged [qtyReceived]
[ADMIN] [4/13/2017 13:06] [PENERIMAAN BARANG] PENERIMAAN BARANG : detailGridView_CellValueChanged [subtotal]
[ADMIN] [4/13/2017 13:06] [PENJUALAN] CASHIER FORM : ComboBox_SelectedIndexChanged, attempt to calculate total
[ADMIN] [4/13/2017 13:06] [PENERIMAAN BARANG] PENERIMAAN BARANG : detailGridView_CellValueChanged [qtyReceived]
[ADMIN] [4/13/2017 13:06] [PENERIMAAN BARANG] PENERIMAAN BARANG : detailGridView_CellValueChanged [subtotal]
[ADMIN] [4/13/2017 13:06] [PENERIMAAN BARANG] PENERIMAAN BARANG : detailGridView_CellValueChanged [subtotal]
[ADMIN] [4/13/2017 13:06] [PENERIMAAN BARANG] deleteCurrentRow [0]
[ADMIN] [4/13/2017 13:06] [] USER ID = 1LOGOUT
