[] [2/21/2017 11:56] [] USER = ADMIN IS ACTIVE
[ADMIN] [2/21/2017 11:56] [] USER ID = 1 LOGIN SUCCESSFULLY
[ADMIN] [2/21/2017 11:56] [] ACTIVATE USER ACCESS RIGHT
[ADMIN] [2/21/2017 11:56] [] DISPLAY ADMIN FORM
[ADMIN] [2/21/2017 11:56] [] adminForm Load
[ADMIN] [2/21/2017 11:56] [] ACTIVATE USER ACCESS RIGHT
[ADMIN] [2/21/2017 11:58] [TAMBAH TRANSAKSI HARIAN] LOAD DATA TRANSAKSI
[ADMIN] [2/21/2017 11:59] [TAMBAH TRANSAKSI HARIAN] LOAD DATA TRANSAKSI
[ADMIN] [2/21/2017 11:59] [TAMBAH TRANSAKSI HARIAN] LOAD DATA TRANSAKSI
[ADMIN] [2/21/2017 11:59] [TAMBAH TRANSAKSI HARIAN] LOAD DATA TRANSAKSI
[ADMIN] [2/21/2017 11:59] [TAMBAH TRANSAKSI HARIAN] ATTEMPT TO SAVE DATA TRANSAKSI JURNAL HARIAN
[ADMIN] [2/21/2017 11:59] [TAMBAH TRANSAKSI HARIAN] UPDATE DATA ON DAILY JOURNAL TABLE [1]
[ADMIN] [2/21/2017 11:59] [TAMBAH TRANSAKSI HARIAN] UPDATE DATA ON DAILY JOURNAL TABLE [1]
[ADMIN] [2/21/2017 11:59] [TAMBAH TRANSAKSI HARIAN] UPDATE DATA ON DAILY JOURNAL TABLE [1]
[ADMIN] [2/21/2017 11:59] [TAMBAH TRANSAKSI HARIAN] UPDATE DATA ON DAILY JOURNAL TABLE [1]
[ADMIN] [2/21/2017 11:59] [TAMBAH TRANSAKSI HARIAN] DATA TRANSAKSI JURNAL HARIAN SAVED
[ADMIN] [2/21/2017 11:59] [TAMBAH TRANSAKSI HARIAN] LOAD DATA TRANSAKSI
[] [2/21/2017 12:04] [] USER = ADMIN IS ACTIVE
[ADMIN] [2/21/2017 12:04] [] USER ID = 1 LOGIN SUCCESSFULLY
[ADMIN] [2/21/2017 12:04] [] ACTIVATE USER ACCESS RIGHT
[ADMIN] [2/21/2017 12:04] [] DISPLAY ADMIN FORM
[ADMIN] [2/21/2017 12:04] [] adminForm Load
[ADMIN] [2/21/2017 12:04] [] ACTIVATE USER ACCESS RIGHT
[ADMIN] [2/21/2017 12:04] [TAMBAH TRANSAKSI HARIAN] LOAD DATA TRANSAKSI
[ADMIN] [2/21/2017 12:04] [] USER ID = 1LOGOUT
