[] [10/3/2016 12:42] [] USER = ADMIN IS ACTIVE
[ADMIN] [10/3/2016 12:42] [] USER ID = 1 LOGIN SUCCESSFULLY
[ADMIN] [10/3/2016 12:42] [] ACTIVATE USER ACCESS RIGHT
[ADMIN] [10/3/2016 12:42] [] DISPLAY ADMIN FORM
[ADMIN] [10/3/2016 12:42] [] adminForm Load
[ADMIN] [10/3/2016 12:42] [] ACTIVATE USER ACCESS RIGHT
[ADMIN] [10/3/2016 12:48] [PENJUALAN] RETUR PENJUALAN FORM : ChangePrinterButton_Click, DISPLAY PRINTER SELECTION FORM
[ADMIN] [10/3/2016 12:48] [PENGATURAN PRINTER] PAPER SIZE CHANGED [2]
[ADMIN] [10/3/2016 12:48] [PENGATURAN PRINTER] DEFAULT PRINTER CHANGED [PrimoPDF]
[ADMIN] [10/3/2016 12:48] [RETUR PENJUALAN] RETUR PENJUALAN : detailReturDataGridView_CellValueChanged [qty]
[ADMIN] [10/3/2016 12:48] [RETUR PENJUALAN] RETUR PENJUALAN : detailReturDataGridView_CellValueChanged [subtotal]
[ADMIN] [10/3/2016 12:48] [RETUR PENJUALAN] RETUR PENJUALAN : detailReturDataGridView_CellValueChanged [productID]
[ADMIN] [10/3/2016 12:48] [RETUR PENJUALAN] RETUR PENJUALAN : detailReturDataGridView_CellValueChanged [productID]
[ADMIN] [10/3/2016 12:48] [RETUR PENJUALAN] RETUR PENJUALAN : detailReturDataGridView_CellValueChanged [productID]
[ADMIN] [10/3/2016 12:48] [RETUR PENJUALAN] RETUR PENJUALAN : detailReturDataGridView_CellValueChanged [productID]
[ADMIN] [10/3/2016 12:49] [RETUR PENJUALAN] RETUR PENJUALAN : detailReturDataGridView_CellValueChanged [productID]
[ADMIN] [10/3/2016 12:49] [RETUR PENJUALAN] RETUR PENJUALAN : detailReturDataGridView_CellValueChanged [productName]
[ADMIN] [10/3/2016 12:49] [RETUR PENJUALAN] updateSomeRowsContent, PRODUCT_BASE_PRICE [34000]
[ADMIN] [10/3/2016 12:49] [RETUR PENJUALAN] RETUR PENJUALAN : detailReturDataGridView_CellValueChanged [productPrice]
[ADMIN] [10/3/2016 12:49] [RETUR PENJUALAN] RETUR PENJUALAN : detailReturDataGridView_CellValueChanged [qty]
[ADMIN] [10/3/2016 12:49] [RETUR PENJUALAN] RETUR PENJUALAN : detailReturDataGridView_CellValueChanged [subtotal]
[ADMIN] [10/3/2016 12:49] [RETUR PENJUALAN] RETUR PENJUALAN : detailReturDataGridView_CellValueChanged [subtotal]
[ADMIN] [10/3/2016 12:49] [RETUR PENJUALAN] updateSomeRowsContent, attempt to calculate total
[ADMIN] [10/3/2016 12:49] [RETUR PENJUALAN] RETUR PENJUALAN : detailReturDataGridView_CellValueChanged [SOqty]
[ADMIN] [10/3/2016 12:49] [RETUR PENJUALAN] RETUR PENJUALAN : detailReturDataGridView_CellValueChanged [disc1]
[ADMIN] [10/3/2016 12:49] [RETUR PENJUALAN] RETUR PENJUALAN : detailReturDataGridView_CellValueChanged [disc2]
[ADMIN] [10/3/2016 12:49] [RETUR PENJUALAN] RETUR PENJUALAN : detailReturDataGridView_CellValueChanged [discRP]
[ADMIN] [10/3/2016 12:49] [RETUR PENJUALAN] RETUR PENJUALAN : detailReturDataGridView_CellValueChanged [subtotal]
[ADMIN] [10/3/2016 12:49] [RETUR PENJUALAN] RETUR PENJUALAN : detailReturDataGridView_CellValueChanged [qty]
[ADMIN] [10/3/2016 12:49] [RETUR PENJUALAN] RETUR PENJUALAN : detailReturDataGridView_CellValueChanged [subtotal]
[ADMIN] [10/3/2016 12:50] [RETUR PENJUALAN] SALES PAID STATUS [0]
[ADMIN] [10/3/2016 12:50] [RETUR PENJUALAN] ATTEMPT TO SAVE DATA
[ADMIN] [10/3/2016 12:50] [RETUR PENJUALAN] INSERT INTO RETURN SALES HEADER [RT-01]
[ADMIN] [10/3/2016 12:50] [RETUR PENJUALAN] INSERT INTO RETURN SALES DETAIL [ALPO-P1, 34000, 1, 1]
[ADMIN] [10/3/2016 12:50] [RETUR PENJUALAN] UPDATE MASTER PRODUCT QTY [ALPO-P1]
[ADMIN] [10/3/2016 12:50] [RETUR PENJUALAN] CHECK FOR ANY OUTSTANDING AMOUNT FOR THE INVOICE
[ADMIN] [10/3/2016 12:50] [RETUR PENJUALAN] selectedCreditID [7]
[ADMIN] [10/3/2016 12:50] [RETUR PENJUALAN] RETUR VALUE BIGGER THAN TOTAL CREDIT
[ADMIN] [10/3/2016 12:50] [RETUR PENJUALAN] extraAmount [400]
[ADMIN] [10/3/2016 12:50] [RETUR PENJUALAN] INSERT INTO PAYMENT CREDIT [7, 33600]
[ADMIN] [10/3/2016 12:50] [RETUR PENJUALAN] RETUR VALUE BIGGER THAN TOTAL CREDIT VALUE, MEANS FULLY PAID
[ADMIN] [10/3/2016 12:50] [RETUR PENJUALAN] UPDATE SALES HEADER [SLO001-7]
[ADMIN] [10/3/2016 12:50] [RETUR PENJUALAN] UPDATE SALES HEADER TAX [SLO001-7]
[ADMIN] [10/3/2016 12:50] [RETUR PENJUALAN] UPDATE CREDIT [7]
[ADMIN] [10/3/2016 12:50] [RETUR PENJUALAN] extraAmount [400]
[] [10/3/2016 12:53] [] USER = ADMIN IS ACTIVE
[ADMIN] [10/3/2016 12:53] [] USER ID = 1 LOGIN SUCCESSFULLY
[ADMIN] [10/3/2016 12:53] [] ACTIVATE USER ACCESS RIGHT
[ADMIN] [10/3/2016 12:53] [] DISPLAY ADMIN FORM
[ADMIN] [10/3/2016 12:53] [] adminForm Load
[ADMIN] [10/3/2016 12:53] [] ACTIVATE USER ACCESS RIGHT
[] [03/10/2016 23.19] [] USER = ADMIN IS ACTIVE
[ADMIN] [03/10/2016 23.19] [] USER ID = 1 LOGIN SUCCESSFULLY
[ADMIN] [03/10/2016 23.19] [] ACTIVATE USER ACCESS RIGHT
[ADMIN] [03/10/2016 23.19] [] DISPLAY ADMIN FORM
[ADMIN] [03/10/2016 23.19] [] adminForm Load
[ADMIN] [03/10/2016 23.19] [] CREATE PRODUCT_PHOTO FOLDER
[ADMIN] [03/10/2016 23.19] [] ACTIVATE USER ACCESS RIGHT
[ADMIN] [03/10/2016 23.19] [] USER ID = 1LOGOUT
[] [04/10/2016 18:47] [] USER = ADMIN IS ACTIVE
[ADMIN] [04/10/2016 18:47] [] USER ID = 1 LOGIN SUCCESSFULLY
[ADMIN] [04/10/2016 18:47] [] ACTIVATE USER ACCESS RIGHT
[ADMIN] [04/10/2016 18:47] [] DISPLAY ADMIN FORM
[ADMIN] [04/10/2016 18:47] [] adminForm Load
[ADMIN] [04/10/2016 18:47] [] ACTIVATE USER ACCESS RIGHT
[] [04/10/2016 18:51] [] USER = ADMIN IS ACTIVE
[ADMIN] [04/10/2016 18:51] [] USER ID = 1 LOGIN SUCCESSFULLY
[ADMIN] [04/10/2016 18:51] [] ACTIVATE USER ACCESS RIGHT
[ADMIN] [04/10/2016 18:51] [] DISPLAY ADMIN FORM
[ADMIN] [04/10/2016 18:51] [] adminForm Load
[ADMIN] [04/10/2016 18:51] [] ACTIVATE USER ACCESS RIGHT
[] [04/10/2016 18:53] [] USER = ADMIN IS ACTIVE
[ADMIN] [04/10/2016 18:53] [] USER ID = 1 LOGIN SUCCESSFULLY
[ADMIN] [04/10/2016 18:53] [] ACTIVATE USER ACCESS RIGHT
[ADMIN] [04/10/2016 18:53] [] DISPLAY ADMIN FORM
[ADMIN] [04/10/2016 18:53] [] adminForm Load
[ADMIN] [04/10/2016 18:53] [] ACTIVATE USER ACCESS RIGHT
[ADMIN] [04/10/2016 18:54] [] USER ID = 1LOGOUT
