[] [6/4/2017 01:40] [] USER = ADMIN IS ACTIVE
[ADMIN] [6/4/2017 01:40] [] USER ID = 1 LOGIN SUCCESSFULLY
[ADMIN] [6/4/2017 01:40] [] ACTIVATE USER ACCESS RIGHT
[ADMIN] [6/4/2017 01:40] [] DISPLAY ADMIN FORM
[ADMIN] [6/4/2017 01:40] [] adminForm Load
[ADMIN] [6/4/2017 01:40] [] ACTIVATE USER ACCESS RIGHT
[ADMIN] [6/4/2017 01:40] [PENJUALAN] CASHIER FORM : MULTIPLE CASHIER INSTANCE [1]
[ADMIN] [6/4/2017 01:40] [PENJUALAN] CASHIER FORM : REGISTER HOTKEY
[ADMIN] [6/4/2017 01:40] [PENJUALAN] CASHIER FORM : cashierForm_Load, ATTEMPT TO LOAD NO FAKTUR
[ADMIN] [6/4/2017 01:40] [PENJUALAN] CASHIER FORM : loadNoFaktur, noFakturValue [SLO001]
[ADMIN] [6/4/2017 01:40] [PENJUALAN] CASHIER FORM : cashierForm_Load, ATTEMPT TO addColumnToDataGrid
[ADMIN] [6/4/2017 01:40] [PENJUALAN] CASHIER FORM : UPDATE ROW NUMBER, TOTAL ROW [1]
[ADMIN] [6/4/2017 01:40] [PENJUALAN] CASHIER FORM : REGISTER HOTKEY
[ADMIN] [6/4/2017 01:41] [PENJUALAN] CASHIER FORM : UNREGISTER HOTKEY
[ADMIN] [6/4/2017 01:41] [PENJUALAN] CASHIER FORM : UPDATE ROW NUMBER, TOTAL ROW [1]
[ADMIN] [6/4/2017 01:41] [PENJUALAN] CASHIER FORM : cashierDataGridView_CellValueChanged [F8]
[ADMIN] [6/4/2017 01:41] [PENJUALAN] CASHIER FORM : ADD NEW ROW,  isActive [True]
[ADMIN] [6/4/2017 01:41] [PENJUALAN] CASHIER FORM : ADD NEW ROW,  ROW COUNT [0]
[ADMIN] [6/4/2017 01:41] [PENJUALAN] CASHIER FORM : ADD NEW ROW,  ALLOW TO ADD [True]
[ADMIN] [6/4/2017 01:41] [PENJUALAN] CASHIER FORM : UPDATE ROW NUMBER, TOTAL ROW [1]
[ADMIN] [6/4/2017 01:41] [PENJUALAN] CASHIER FORM : UPDATE ROW NUMBER, TOTAL ROW [2]
[ADMIN] [6/4/2017 01:41] [PENJUALAN] CASHIER FORM : cashierDataGridView_CellValueChanged [F8]
[ADMIN] [6/4/2017 01:41] [PENJUALAN] CASHIER FORM : REGISTER HOTKEY
[ADMIN] [6/4/2017 01:41] [PENJUALAN] CASHIER FORM : UNREGISTER HOTKEY
[ADMIN] [6/4/2017 01:41] [PENJUALAN] CASHIER FORM : ADD NEW ROW,  isActive [True]
[ADMIN] [6/4/2017 01:41] [PENJUALAN] CASHIER FORM : ADD NEW ROW,  ROW COUNT [0]
[ADMIN] [6/4/2017 01:41] [PENJUALAN] CASHIER FORM : ADD NEW ROW,  ALLOW TO ADD [True]
[ADMIN] [6/4/2017 01:41] [PENJUALAN] CASHIER FORM : UPDATE ROW NUMBER, TOTAL ROW [1]
[ADMIN] [6/4/2017 01:41] [PENJUALAN] CASHIER FORM : ADD NEW ROW,  isActive [True]
[ADMIN] [6/4/2017 01:41] [PENJUALAN] CASHIER FORM : ADD NEW ROW,  ROW COUNT [1]
[ADMIN] [6/4/2017 01:41] [PENJUALAN] CASHIER FORM : ADD NEW ROW,  ALLOW TO ADD [True]
[ADMIN] [6/4/2017 01:41] [PENJUALAN] CASHIER FORM : UPDATE ROW NUMBER, TOTAL ROW [2]
[ADMIN] [6/4/2017 01:41] [PENJUALAN] CASHIER FORM : ADD NEW ROW,  isActive [True]
[ADMIN] [6/4/2017 01:41] [PENJUALAN] CASHIER FORM : ADD NEW ROW,  ROW COUNT [2]
[ADMIN] [6/4/2017 01:41] [PENJUALAN] CASHIER FORM : ADD NEW ROW,  ALLOW TO ADD [True]
[ADMIN] [6/4/2017 01:41] [PENJUALAN] CASHIER FORM : UPDATE ROW NUMBER, TOTAL ROW [3]
[ADMIN] [6/4/2017 01:41] [PENJUALAN] CASHIER FORM : ADD NEW ROW,  isActive [True]
[ADMIN] [6/4/2017 01:41] [PENJUALAN] CASHIER FORM : ADD NEW ROW,  ROW COUNT [3]
[ADMIN] [6/4/2017 01:41] [PENJUALAN] CASHIER FORM : ADD NEW ROW,  ALLOW TO ADD [True]
[ADMIN] [6/4/2017 01:41] [PENJUALAN] CASHIER FORM : UPDATE ROW NUMBER, TOTAL ROW [4]
[ADMIN] [6/4/2017 01:41] [PENJUALAN] CASHIER FORM : UPDATE ROW NUMBER, TOTAL ROW [5]
[ADMIN] [6/4/2017 01:41] [PENJUALAN] CASHIER FORM : cashierDataGridView_CellValueChanged [F8]
[ADMIN] [6/4/2017 01:41] [PENJUALAN] CASHIER FORM : REGISTER HOTKEY
[ADMIN] [6/4/2017 01:41] [PENJUALAN] CASHIER FORM : UNREGISTER HOTKEY
[ADMIN] [6/4/2017 01:41] [PENJUALAN] CASHIER FORM : REGISTER HOTKEY
[ADMIN] [6/4/2017 01:41] [PENJUALAN] RE-PRINT INVOICE
[ADMIN] [6/4/2017 01:41] [PENJUALAN] CASHIER FORM : PrintReceipt
[ADMIN] [6/4/2017 01:41] [PENJUALAN] CASHIER FORM : PrintReceipt, POS size Paper
[ADMIN] [6/4/2017 01:41] [PENJUALAN] CASHIER FORM : loadInfoToko
[ADMIN] [6/4/2017 01:41] [PENJUALAN] CASHIER FORM : calculatePageLength, totalLengthPage [481]
[ADMIN] [6/4/2017 01:41] [PENJUALAN] CASHIER FORM : printDocument1_PrintPage, print POS size receipt
[ADMIN] [6/4/2017 01:41] [PENJUALAN] CASHIER FORM : UNREGISTER HOTKEY
[ADMIN] [6/4/2017 01:41] [PENJUALAN] CASHIER FORM : loadInfoToko
[ADMIN] [6/4/2017 01:41] [PENJUALAN] CASHIER FORM : loadNamaUser
[ADMIN] [6/4/2017 01:41] [PENJUALAN] CASHIER FORM : REGISTER HOTKEY
[ADMIN] [6/4/2017 01:41] [PENJUALAN] CASHIER FORM : UNREGISTER HOTKEY
[ADMIN] [6/4/2017 01:41] [PENJUALAN] CASHIER FORM : REGISTER HOTKEY
[ADMIN] [6/4/2017 01:41] [PENJUALAN] CASHIER FORM : UNREGISTER HOTKEY
[ADMIN] [6/4/2017 01:41] [PENJUALAN] CASHIER FORM : REGISTER HOTKEY
[ADMIN] [6/4/2017 01:41] [PENJUALAN] CASHIER FORM : UNREGISTER HOTKEY
[ADMIN] [6/4/2017 01:41] [PENJUALAN] CASHIER FORM : REGISTER HOTKEY
[ADMIN] [6/4/2017 01:41] [PENJUALAN] CASHIER FORM : UNREGISTER HOTKEY
[ADMIN] [6/4/2017 01:41] [PENJUALAN] CASHIER FORM : REGISTER HOTKEY
[ADMIN] [6/4/2017 01:41] [PENJUALAN] CASHIER FORM : calculateTotal
[ADMIN] [6/4/2017 01:41] [PENJUALAN] CASHIER FORM : calculateTotal [0]
[ADMIN] [6/4/2017 01:41] [PENJUALAN] CASHIER FORM : calculateTotal, totalAfterDisc [0]
[ADMIN] [6/4/2017 01:41] [PENJUALAN] CASHIER FORM : calculateChangeValue, bayarTextBox.Text [Rp1.479.192]
[ADMIN] [6/4/2017 01:41] [PENJUALAN] CASHIER FORM : calculateChangeValue, sisaBayar [0]
[ADMIN] [6/4/2017 01:41] [PENJUALAN] CASHIER FORM : UPDATE ROW NUMBER, TOTAL ROW [1]
[ADMIN] [6/4/2017 01:41] [PENJUALAN] CASHIER FORM : cashierDataGridView_CellValueChanged [F8]
[ADMIN] [6/4/2017 01:41] [PENJUALAN] CASHIER FORM : loadNoFaktur, noFakturValue [SLO001]
[ADMIN] [6/4/2017 01:41] [PENJUALAN] CASHIER FORM : UNREGISTER HOTKEY
[ADMIN] [6/4/2017 01:41] [PENJUALAN] CASHIER FORM : UNREGISTER HOTKEY
[ADMIN] [6/4/2017 01:43] [] USER ID = 1LOGOUT
[] [6/4/2017 01:49] [] USER = ADMIN IS ACTIVE
[ADMIN] [6/4/2017 01:49] [] USER ID = 1 LOGIN SUCCESSFULLY
[ADMIN] [6/4/2017 01:49] [] ACTIVATE USER ACCESS RIGHT
[ADMIN] [6/4/2017 01:49] [] DISPLAY ADMIN FORM
[ADMIN] [6/4/2017 01:49] [] adminForm Load
[ADMIN] [6/4/2017 01:49] [] ACTIVATE USER ACCESS RIGHT
[ADMIN] [6/4/2017 01:49] [PENJUALAN] CASHIER FORM : REGISTER HOTKEY
[ADMIN] [6/4/2017 01:49] [PENJUALAN] CASHIER FORM : cashierForm_Load, ATTEMPT TO LOAD NO FAKTUR
[ADMIN] [6/4/2017 01:49] [PENJUALAN] CASHIER FORM : loadNoFaktur, noFakturValue [SLO001]
[ADMIN] [6/4/2017 01:49] [PENJUALAN] CASHIER FORM : cashierForm_Load, ATTEMPT TO addColumnToDataGrid
[ADMIN] [6/4/2017 01:49] [PENJUALAN] CASHIER FORM : UPDATE ROW NUMBER, TOTAL ROW [1]
[ADMIN] [6/4/2017 01:49] [PENJUALAN] CASHIER FORM : ADD NEW ROW,  isActive [True]
[ADMIN] [6/4/2017 01:49] [PENJUALAN] CASHIER FORM : ADD NEW ROW,  ROW COUNT [0]
[ADMIN] [6/4/2017 01:49] [PENJUALAN] CASHIER FORM : ADD NEW ROW,  ALLOW TO ADD [True]
[ADMIN] [6/4/2017 01:49] [PENJUALAN] CASHIER FORM : UPDATE ROW NUMBER, TOTAL ROW [1]
[ADMIN] [6/4/2017 01:49] [PENJUALAN] CASHIER FORM : UPDATE ROW NUMBER, TOTAL ROW [2]
[ADMIN] [6/4/2017 01:49] [PENJUALAN] CASHIER FORM : cashierDataGridView_CellValueChanged [F8]
[ADMIN] [6/4/2017 01:49] [PENJUALAN] CASHIER FORM : REGISTER HOTKEY
[ADMIN] [6/4/2017 01:49] [PENJUALAN] CASHIER FORM : UNREGISTER HOTKEY
[ADMIN] [6/4/2017 01:49] [PENJUALAN] CASHIER FORM : REGISTER HOTKEY
[ADMIN] [6/4/2017 01:49] [PENJUALAN] CASHIER FORM : UNREGISTER HOTKEY
[ADMIN] [6/4/2017 01:49] [PENJUALAN] CASHIER FORM : UNREGISTER HOTKEY
[ADMIN] [6/4/2017 01:49] [] USER ID = 1LOGOUT
[] [6/4/2017 01:50] [] USER = ADMIN IS ACTIVE
[ADMIN] [6/4/2017 01:50] [] USER ID = 1 LOGIN SUCCESSFULLY
[ADMIN] [6/4/2017 01:50] [] ACTIVATE USER ACCESS RIGHT
[ADMIN] [6/4/2017 01:50] [] DISPLAY ADMIN FORM
[ADMIN] [6/4/2017 01:50] [] adminForm Load
[ADMIN] [6/4/2017 01:50] [] ACTIVATE USER ACCESS RIGHT
[ADMIN] [6/4/2017 01:54] [PENJUALAN] CASHIER FORM : REGISTER HOTKEY
[ADMIN] [6/4/2017 01:54] [PENJUALAN] CASHIER FORM : cashierForm_Load, ATTEMPT TO LOAD NO FAKTUR
[ADMIN] [6/4/2017 01:54] [PENJUALAN] CASHIER FORM : loadNoFaktur, noFakturValue [SLO001]
[ADMIN] [6/4/2017 01:54] [PENJUALAN] CASHIER FORM : cashierForm_Load, ATTEMPT TO addColumnToDataGrid
[ADMIN] [6/4/2017 01:54] [PENJUALAN] CASHIER FORM : UPDATE ROW NUMBER, TOTAL ROW [1]
[ADMIN] [6/4/2017 01:54] [PENJUALAN] CASHIER FORM : ADD NEW ROW,  isActive [True]
[ADMIN] [6/4/2017 01:54] [PENJUALAN] CASHIER FORM : ADD NEW ROW,  ROW COUNT [0]
[ADMIN] [6/4/2017 01:54] [PENJUALAN] CASHIER FORM : ADD NEW ROW,  ALLOW TO ADD [True]
[ADMIN] [6/4/2017 01:54] [PENJUALAN] CASHIER FORM : UPDATE ROW NUMBER, TOTAL ROW [1]
[ADMIN] [6/4/2017 01:54] [PENJUALAN] CASHIER FORM : UPDATE ROW NUMBER, TOTAL ROW [2]
[ADMIN] [6/4/2017 01:54] [PENJUALAN] CASHIER FORM : cashierDataGridView_CellValueChanged [F8]
[ADMIN] [6/4/2017 01:54] [PENJUALAN] CASHIER FORM : REGISTER HOTKEY
[ADMIN] [6/4/2017 01:54] [PENJUALAN] CASHIER FORM : UNREGISTER HOTKEY
[ADMIN] [6/4/2017 01:54] [PENJUALAN] CASHIER FORM : REGISTER HOTKEY
[ADMIN] [6/4/2017 01:54] [PENJUALAN] CASHIER FORM : UNREGISTER HOTKEY
[ADMIN] [6/4/2017 01:54] [PENJUALAN] CASHIER FORM : UNREGISTER HOTKEY
[ADMIN] [6/4/2017 01:55] [PENJUALAN] CASHIER FORM : MULTIPLE CASHIER INSTANCE [1]
[ADMIN] [6/4/2017 01:55] [PENJUALAN] CASHIER FORM : REGISTER HOTKEY
[ADMIN] [6/4/2017 01:55] [PENJUALAN] CASHIER FORM : cashierForm_Load, ATTEMPT TO LOAD NO FAKTUR
[ADMIN] [6/4/2017 01:55] [PENJUALAN] CASHIER FORM : loadNoFaktur, noFakturValue [SLO001]
[ADMIN] [6/4/2017 01:55] [PENJUALAN] CASHIER FORM : cashierForm_Load, ATTEMPT TO addColumnToDataGrid
[ADMIN] [6/4/2017 01:55] [PENJUALAN] CASHIER FORM : UPDATE ROW NUMBER, TOTAL ROW [1]
[ADMIN] [6/4/2017 01:55] [PENJUALAN] CASHIER FORM : REGISTER HOTKEY
[ADMIN] [6/4/2017 01:55] [PENJUALAN] CASHIER FORM : UNREGISTER HOTKEY
[ADMIN] [6/4/2017 01:55] [PENJUALAN] CASHIER FORM : REGISTER HOTKEY
[ADMIN] [6/4/2017 01:55] [PENJUALAN] CASHIER FORM : UNREGISTER HOTKEY
[ADMIN] [6/4/2017 01:55] [PENJUALAN] CASHIER FORM : UPDATE ROW NUMBER, TOTAL ROW [1]
[ADMIN] [6/4/2017 01:55] [PENJUALAN] CASHIER FORM : cashierDataGridView_CellValueChanged [F8]
[ADMIN] [6/4/2017 01:55] [PENJUALAN] CASHIER FORM : ADD NEW ROW,  isActive [True]
[ADMIN] [6/4/2017 01:55] [PENJUALAN] CASHIER FORM : ADD NEW ROW,  ROW COUNT [0]
[ADMIN] [6/4/2017 01:55] [PENJUALAN] CASHIER FORM : ADD NEW ROW,  ALLOW TO ADD [True]
[ADMIN] [6/4/2017 01:55] [PENJUALAN] CASHIER FORM : UPDATE ROW NUMBER, TOTAL ROW [1]
[ADMIN] [6/4/2017 01:55] [PENJUALAN] CASHIER FORM : UPDATE ROW NUMBER, TOTAL ROW [2]
[ADMIN] [6/4/2017 01:55] [PENJUALAN] CASHIER FORM : cashierDataGridView_CellValueChanged [F8]
[ADMIN] [6/4/2017 01:55] [PENJUALAN] CASHIER FORM : REGISTER HOTKEY
[ADMIN] [6/4/2017 01:55] [PENJUALAN] CASHIER FORM : UNREGISTER HOTKEY
[ADMIN] [6/4/2017 01:55] [PENJUALAN] CASHIER FORM : REGISTER HOTKEY
[ADMIN] [6/4/2017 01:55] [PENJUALAN] CASHIER FORM : UPDATE ROW NUMBER, TOTAL ROW [1]
[ADMIN] [6/4/2017 01:55] [PENJUALAN] CASHIER FORM : cashierDataGridView_CellValueChanged [F8]
[ADMIN] [6/4/2017 01:55] [PENJUALAN] CASHIER FORM : loadNoFaktur, noFakturValue [SLO001]
[ADMIN] [6/4/2017 01:55] [PENJUALAN] CASHIER FORM : UNREGISTER HOTKEY
[ADMIN] [6/4/2017 01:55] [PENJUALAN] CASHIER FORM : UNREGISTER HOTKEY
[ADMIN] [6/4/2017 01:55] [] USER ID = 1LOGOUT
