[] [2/24/2017 00:32] [] USER = ADMIN IS ACTIVE
[ADMIN] [2/24/2017 00:32] [] USER ID = 1 LOGIN SUCCESSFULLY
[ADMIN] [2/24/2017 00:32] [] ACTIVATE USER ACCESS RIGHT
[ADMIN] [2/24/2017 00:32] [] DISPLAY ADMIN FORM
[ADMIN] [2/24/2017 00:32] [] adminForm Load
[ADMIN] [2/24/2017 00:32] [] ACTIVATE USER ACCESS RIGHT
[ADMIN] [2/24/2017 00:32] [PENJUALAN] CASHIER FORM : MULTIPLE CASHIER INSTANCE [1]
[ADMIN] [2/24/2017 00:33] [PENJUALAN] CASHIER FORM : REGISTER HOTKEY
[ADMIN] [2/24/2017 00:33] [PENJUALAN] CASHIER FORM : cashierForm_Load, ATTEMPT TO LOAD NO FAKTUR
[ADMIN] [2/24/2017 00:33] [PENJUALAN] CASHIER FORM : loadNoFaktur, noFakturValue [SLO001]
[ADMIN] [2/24/2017 00:33] [PENJUALAN] CASHIER FORM : cashierForm_Load, ATTEMPT TO addColumnToDataGrid
[ADMIN] [2/24/2017 00:33] [PENJUALAN] CASHIER FORM : UPDATE ROW NUMBER, TOTAL ROW [1]
[ADMIN] [2/24/2017 00:33] [PENJUALAN] CASHIER FORM : calculateTotal
[ADMIN] [2/24/2017 00:33] [PENJUALAN] CASHIER FORM : calculateTotal [0]
[ADMIN] [2/24/2017 00:33] [PENJUALAN] CASHIER FORM : calculateTotal, totalAfterDisc [0]
[ADMIN] [2/24/2017 00:33] [PENJUALAN] CASHIER FORM : calculateChangeValue, bayarTextBox.Text [0]
[ADMIN] [2/24/2017 00:33] [PENJUALAN] CASHIER FORM : calculateChangeValue, sisaBayar [0]
[ADMIN] [2/24/2017 00:33] [PENJUALAN] CASHIER FORM : REGISTER HOTKEY
[ADMIN] [2/24/2017 00:33] [PENJUALAN] CASHIER FORM : UNREGISTER HOTKEY
[ADMIN] [2/24/2017 00:33] [PENJUALAN] CASHIER FORM : REGISTER HOTKEY
[ADMIN] [2/24/2017 00:33] [PENJUALAN] CASHIER FORM : Combobox_previewKeyDown, cashierDataGridView.CurrentCell.OwningColumn.Name  [productID]
[ADMIN] [2/24/2017 00:33] [PENJUALAN] CASHIER FORM : UPDATE ROW NUMBER, TOTAL ROW [2]
[ADMIN] [2/24/2017 00:33] [PENJUALAN] CASHIER FORM : cashierDataGridView_CellValueChanged [F8]
[ADMIN] [2/24/2017 00:33] [PENJUALAN] CASHIER FORM : cashierDataGridView_CellValueChanged [productID]
[ADMIN] [2/24/2017 00:33] [PENJUALAN] CASHIER FORM : Combobox_previewKeyDown, cashierDataGridView.CurrentCell.OwningColumn.Name  [productID]
[ADMIN] [2/24/2017 00:33] [PENJUALAN] CASHIER FORM : cashierDataGridView_CellValueChanged [productID]
[ADMIN] [2/24/2017 00:33] [PENJUALAN] CASHIER FORM : Combobox_KeyUp, cashierDataGridView.CurrentCell.OwningColumn.Name  [productID]
[ADMIN] [2/24/2017 00:33] [PENJUALAN] CASHIER FORM : Combobox_KeyUp, cashierDataGridView.CurrentCell.OwningColumn.Name  [productID]
[ADMIN] [2/24/2017 00:33] [PENJUALAN] CASHIER FORM : Combobox_previewKeyDown, cashierDataGridView.CurrentCell.OwningColumn.Name  [productID]
[ADMIN] [2/24/2017 00:33] [PENJUALAN] CASHIER FORM : UNREGISTER HOTKEY
[ADMIN] [2/24/2017 00:33] [PENJUALAN] CASHIER FORM : ADD NEW ROW FROM BARCODE [RISHY ADLT DOG 1 KG]
[ADMIN] [2/24/2017 00:33] [PENJUALAN] CASHIER FORM : updateSomeRowContents
[ADMIN] [2/24/2017 00:33] [PENJUALAN] CASHIER FORM : cashierDataGridView_CellValueChanged [productID]
[ADMIN] [2/24/2017 00:33] [PENJUALAN] CASHIER FORM : cashierDataGridView_CellValueChanged [productName]
[ADMIN] [2/24/2017 00:33] [PENJUALAN] CASHIER FORM : updateSomeRowContents
[ADMIN] [2/24/2017 00:33] [PENJUALAN] CASHIER FORM : PRODUCT PRICE TYPE [PRODUCT_BASE_PRICE]
[ADMIN] [2/24/2017 00:33] [PENJUALAN] CASHIER FORM : PRODUCT PRICE [18000]
[ADMIN] [2/24/2017 00:33] [PENJUALAN] CASHIER FORM : ComboBox_SelectedIndexChanged, PRODUCT_BASE_PRICE [18000]
[ADMIN] [2/24/2017 00:33] [PENJUALAN] CASHIER FORM : cashierDataGridView_CellValueChanged [hpp]
[ADMIN] [2/24/2017 00:33] [PENJUALAN] CASHIER FORM : PRODUCT PRICE TYPE [PRODUCT_RETAIL_PRICE]
[ADMIN] [2/24/2017 00:33] [PENJUALAN] CASHIER FORM : PRODUCT PRICE [22000]
[ADMIN] [2/24/2017 00:33] [PENJUALAN] CASHIER FORM : ComboBox_SelectedIndexChanged, PRODUCT_SALES_PRICE [22000]
[ADMIN] [2/24/2017 00:33] [PENJUALAN] CASHIER FORM : cashierDataGridView_CellValueChanged [productPrice]
[ADMIN] [2/24/2017 00:33] [PENJUALAN] CASHIER FORM : cashierDataGridView_CellValueChanged, previousInput [0]
[ADMIN] [2/24/2017 00:33] [PENJUALAN] CASHIER FORM : cashierDataGridView_CellValueChanged, cellValue [22000]
[ADMIN] [2/24/2017 00:33] [PENJUALAN] CASHIER FORM : cashierDataGridView_CellValueChanged, dataGridViewTextBoxEditingControl.Text pass REGEX Checking
[ADMIN] [2/24/2017 00:33] [PENJUALAN] CASHIER FORM : CALCULATE SUBTOTAL
[ADMIN] [2/24/2017 00:33] [PENJUALAN] CASHIER FORM : SUBTOTAL [0]
[ADMIN] [2/24/2017 00:33] [PENJUALAN] CASHIER FORM : cashierDataGridView_CellValueChanged, subtotal value [0]
[ADMIN] [2/24/2017 00:33] [PENJUALAN] CASHIER FORM : cashierDataGridView_CellValueChanged, attempt to calculate total value
[ADMIN] [2/24/2017 00:33] [PENJUALAN] CASHIER FORM : calculateTotal
[ADMIN] [2/24/2017 00:33] [PENJUALAN] CASHIER FORM : calculateTotal [0]
[ADMIN] [2/24/2017 00:33] [PENJUALAN] CASHIER FORM : calculateTotal, totalAfterDisc [0]
[ADMIN] [2/24/2017 00:33] [PENJUALAN] CASHIER FORM : calculateChangeValue, bayarTextBox.Text [0]
[ADMIN] [2/24/2017 00:33] [PENJUALAN] CASHIER FORM : calculateChangeValue, sisaBayar [0]
[ADMIN] [2/24/2017 00:33] [PENJUALAN] CASHIER FORM : cashierDataGridView_CellValueChanged [qty]
[ADMIN] [2/24/2017 00:33] [PENJUALAN] CASHIER FORM : cashierDataGridView_CellValueChanged, previousInput [0]
[ADMIN] [2/24/2017 00:33] [PENJUALAN] CASHIER FORM : cashierDataGridView_CellValueChanged [jumlah]
[ADMIN] [2/24/2017 00:33] [PENJUALAN] CASHIER FORM : calculateTotal
[ADMIN] [2/24/2017 00:33] [PENJUALAN] CASHIER FORM : calculateTotal [0]
[ADMIN] [2/24/2017 00:33] [PENJUALAN] CASHIER FORM : calculateTotal, totalAfterDisc [0]
[ADMIN] [2/24/2017 00:33] [PENJUALAN] CASHIER FORM : calculateChangeValue, bayarTextBox.Text [0]
[ADMIN] [2/24/2017 00:33] [PENJUALAN] CASHIER FORM : calculateChangeValue, sisaBayar [0]
[ADMIN] [2/24/2017 00:33] [PENJUALAN] CASHIER FORM : CHECK STOCK QTY IS ENOUGH [RISHY-AD1]
[ADMIN] [2/24/2017 00:33] [PENJUALAN] CASHIER FORM : CHECK STOCK QTY IS ENOUGH [10, 1]
[ADMIN] [2/24/2017 00:33] [PENJUALAN] CASHIER FORM : cashierDataGridView_CellValueChanged [qty]
[ADMIN] [2/24/2017 00:33] [PENJUALAN] CASHIER FORM : cashierDataGridView_CellValueChanged, previousInput [0]
[ADMIN] [2/24/2017 00:33] [PENJUALAN] CASHIER FORM : cashierDataGridView_CellValueChanged, cellValue [1]
[ADMIN] [2/24/2017 00:33] [PENJUALAN] CASHIER FORM : cashierDataGridView_CellValueChanged, dataGridViewTextBoxEditingControl.Text pass REGEX Checking
[ADMIN] [2/24/2017 00:33] [PENJUALAN] CASHIER FORM : CHECK STOCK QTY IS ENOUGH [RISHY-AD1]
[ADMIN] [2/24/2017 00:33] [PENJUALAN] CASHIER FORM : CHECK STOCK QTY IS ENOUGH [10, 1]
[ADMIN] [2/24/2017 00:33] [PENJUALAN] CASHIER FORM : CALCULATE SUBTOTAL
[ADMIN] [2/24/2017 00:33] [PENJUALAN] CASHIER FORM : SUBTOTAL [22000]
[ADMIN] [2/24/2017 00:33] [PENJUALAN] CASHIER FORM : cashierDataGridView_CellValueChanged, subtotal value [22000]
[ADMIN] [2/24/2017 00:33] [PENJUALAN] CASHIER FORM : cashierDataGridView_CellValueChanged, attempt to calculate total value
[ADMIN] [2/24/2017 00:33] [PENJUALAN] CASHIER FORM : calculateTotal
[ADMIN] [2/24/2017 00:33] [PENJUALAN] CASHIER FORM : calculateTotal [22000]
[ADMIN] [2/24/2017 00:33] [PENJUALAN] CASHIER FORM : calculateTotal, totalAfterDisc [22000]
[ADMIN] [2/24/2017 00:33] [PENJUALAN] CASHIER FORM : calculateChangeValue, bayarTextBox.Text [0]
[ADMIN] [2/24/2017 00:33] [PENJUALAN] CASHIER FORM : calculateChangeValue, sisaBayar [0]
[ADMIN] [2/24/2017 00:33] [PENJUALAN] CASHIER FORM : SET QTY TO 1 BECAUSE OF NEW ROW
[ADMIN] [2/24/2017 00:33] [PENJUALAN] CASHIER FORM : CALCULATE SUBTOTAL
[ADMIN] [2/24/2017 00:33] [PENJUALAN] CASHIER FORM : SUBTOTAL [22000]
[ADMIN] [2/24/2017 00:33] [PENJUALAN] CASHIER FORM : calculateTotal
[ADMIN] [2/24/2017 00:33] [PENJUALAN] CASHIER FORM : calculateTotal [22000]
[ADMIN] [2/24/2017 00:33] [PENJUALAN] CASHIER FORM : calculateTotal, totalAfterDisc [22000]
[ADMIN] [2/24/2017 00:33] [PENJUALAN] CASHIER FORM : calculateChangeValue, bayarTextBox.Text [0]
[ADMIN] [2/24/2017 00:33] [PENJUALAN] CASHIER FORM : calculateChangeValue, sisaBayar [0]
[ADMIN] [2/24/2017 00:33] [PENJUALAN] CASHIER FORM : UPDATE ROW NUMBER, TOTAL ROW [2]
[ADMIN] [2/24/2017 00:33] [PENJUALAN] CASHIER FORM : cashierDataGridView_CellValueChanged [F8]
[ADMIN] [2/24/2017 00:33] [PENJUALAN] CASHIER FORM : REGISTER HOTKEY
[ADMIN] [2/24/2017 00:33] [PENJUALAN] CASHIER FORM : Combobox_KeyUp, cashierDataGridView.CurrentCell.OwningColumn.Name  [qty]
[ADMIN] [2/24/2017 00:33] [PENJUALAN] CASHIER FORM : discJualMaskedTextBox_Validating, totalAfterDisc [21990]
[ADMIN] [2/24/2017 00:33] [PENJUALAN] CASHIER FORM : calculateChangeValue, bayarTextBox.Text [0]
[ADMIN] [2/24/2017 00:33] [PENJUALAN] CASHIER FORM : calculateChangeValue, sisaBayar [0]
[ADMIN] [2/24/2017 00:33] [PENJUALAN] CASHIER FORM : discJualMaskedTextBox_Validating, totalAfterDisc [21900]
[ADMIN] [2/24/2017 00:33] [PENJUALAN] CASHIER FORM : calculateChangeValue, bayarTextBox.Text [0]
[ADMIN] [2/24/2017 00:33] [PENJUALAN] CASHIER FORM : calculateChangeValue, sisaBayar [0]
[ADMIN] [2/24/2017 00:33] [PENJUALAN] CASHIER FORM : discJualMaskedTextBox_Validating, totalAfterDisc [21000]
[ADMIN] [2/24/2017 00:33] [PENJUALAN] CASHIER FORM : calculateChangeValue, bayarTextBox.Text [0]
[ADMIN] [2/24/2017 00:33] [PENJUALAN] CASHIER FORM : calculateChangeValue, sisaBayar [0]
[ADMIN] [2/24/2017 00:33] [PENJUALAN] CASHIER FORM : discJualMaskedTextBox_Validating, totalAfterDisc [12000]
[ADMIN] [2/24/2017 00:33] [PENJUALAN] CASHIER FORM : calculateChangeValue, bayarTextBox.Text [0]
[ADMIN] [2/24/2017 00:33] [PENJUALAN] CASHIER FORM : calculateChangeValue, sisaBayar [0]
[ADMIN] [2/24/2017 00:33] [PENJUALAN] CASHIER FORM : discJualMaskedTextBox_Validating, totalAfterDisc [-78000]
[ADMIN] [2/24/2017 00:33] [PENJUALAN] CASHIER FORM : calculateChangeValue, bayarTextBox.Text [0]
[ADMIN] [2/24/2017 00:33] [PENJUALAN] CASHIER FORM : calculateChangeValue, sisaBayar [78000]
[ADMIN] [2/24/2017 00:33] [PENJUALAN] CASHIER FORM : discJualMaskedTextBox_Validating, totalAfterDisc [12000]
[ADMIN] [2/24/2017 00:33] [PENJUALAN] CASHIER FORM : calculateChangeValue, bayarTextBox.Text [0]
[ADMIN] [2/24/2017 00:33] [PENJUALAN] CASHIER FORM : calculateChangeValue, sisaBayar [0]
[ADMIN] [2/24/2017 00:33] [PENJUALAN] CASHIER FORM : calculateChangeValue, bayarTextBox.Text [1]
[ADMIN] [2/24/2017 00:33] [PENJUALAN] CASHIER FORM : calculateChangeValue, sisaBayar [0]
[ADMIN] [2/24/2017 00:33] [PENJUALAN] CASHIER FORM : calculateChangeValue, bayarTextBox.Text [12]
[ADMIN] [2/24/2017 00:33] [PENJUALAN] CASHIER FORM : calculateChangeValue, sisaBayar [0]
[ADMIN] [2/24/2017 00:33] [PENJUALAN] CASHIER FORM : calculateChangeValue, bayarTextBox.Text [120]
[ADMIN] [2/24/2017 00:33] [PENJUALAN] CASHIER FORM : calculateChangeValue, sisaBayar [0]
[ADMIN] [2/24/2017 00:33] [PENJUALAN] CASHIER FORM : calculateChangeValue, bayarTextBox.Text [1200]
[ADMIN] [2/24/2017 00:33] [PENJUALAN] CASHIER FORM : calculateChangeValue, sisaBayar [0]
[ADMIN] [2/24/2017 00:33] [PENJUALAN] CASHIER FORM : calculateChangeValue, bayarTextBox.Text [12000]
[ADMIN] [2/24/2017 00:33] [PENJUALAN] CASHIER FORM : calculateChangeValue, sisaBayar [0]
[ADMIN] [2/24/2017 00:33] [PENJUALAN] CASHIER FORM : HOTKEY TO SAVE AND PRINT OUT INVOICE PRESSED
[ADMIN] [2/24/2017 00:33] [PENJUALAN] CASHIER FORM : UNREGISTER HOTKEY
[ADMIN] [2/24/2017 00:33] [PENJUALAN] CASHIER FORM : REGISTER HOTKEY
[ADMIN] [2/24/2017 00:33] [PENJUALAN] ATTEMPT TO SAVE AND PRINT OUT INVOICE
[ADMIN] [2/24/2017 00:33] [PENJUALAN] CASHIER FORM : UNREGISTER HOTKEY
[ADMIN] [2/24/2017 00:33] [PENJUALAN] CASHIER FORM : REGISTER HOTKEY
[ADMIN] [2/24/2017 00:33] [PENJUALAN] CASHIER FORM : UNREGISTER HOTKEY
[ADMIN] [2/24/2017 00:33] [PENJUALAN] CASHIER FORM : ATTEMPT TO SAVE SALES DATA [24-02-2017 00:33]
[ADMIN] [2/24/2017 00:33] [PENJUALAN] CASHIER FORM : SALES DISC FINAL [Rp10.000]
[ADMIN] [2/24/2017 00:33] [PENJUALAN] CASHIER FORM : CASH SALES
[ADMIN] [2/24/2017 00:33] [PENJUALAN] CHECK IF TAX LIMIT SET FOR PERCENTAGE PURCHASE [0]
[ADMIN] [2/24/2017 00:33] [PENJUALAN] CHECK IF TAX LIMIT SET FOR AVERAGE DAILY PURCHASE [0]
[ADMIN] [2/24/2017 00:33] [PENJUALAN] CASHIER FORM : NO FAKTUR [SLO001]
[ADMIN] [2/24/2017 00:33] [PENJUALAN] CASHIER FORM : MAX SALES INVOICE [0]
[ADMIN] [2/24/2017 00:33] [PENJUALAN] CASHIER FORM : SALES INVOICE [SLO001-1]
[ADMIN] [2/24/2017 00:33] [PENJUALAN] INSERT INTO SALES HEADER [SLO001-1]
[ADMIN] [2/24/2017 00:33] [PENJUALAN] INSERT INTO SALES DETAIL[RISHY-AD1, 22000, 1]
[ADMIN] [2/24/2017 00:33] [PENJUALAN] REDUCE STOCK AT MASTER PRODUCT [RISHY-AD1]
[ADMIN] [2/24/2017 00:33] [PENJUALAN] REDUCE STOCK AT PRODUCT_EXPIRY LOT [17]
[ADMIN] [2/24/2017 00:33] [PENJUALAN] SAVE PRODUCT LOT INFORMATION FOR EACH ITEM AND AMOUNT
[ADMIN] [2/24/2017 00:33] [PENJUALAN] INSERT TO CREDIT TABLE [SLO001-1]
[ADMIN] [2/24/2017 00:33] [PENJUALAN] INSERT TO DAILY JOURNAL TABLE [22000]
[ADMIN] [2/24/2017 00:33] [PENJUALAN] CASHIER FORM : REGISTER HOTKEY
[ADMIN] [2/24/2017 00:33] [PENJUALAN] TRANSACTION SAVED
[ADMIN] [2/24/2017 00:33] [PENJUALAN] PRINT OUT INVOICE
[ADMIN] [2/24/2017 00:33] [PENJUALAN] CASHIER FORM : PrintReceipt
[ADMIN] [2/24/2017 00:33] [PENJUALAN] CASHIER FORM : PrintReceipt, POS size Paper
[ADMIN] [2/24/2017 00:33] [PENJUALAN] CASHIER FORM : loadInfoToko
[ADMIN] [2/24/2017 00:33] [PENJUALAN] CASHIER FORM : calculatePageLength, totalLengthPage [355]
[ADMIN] [2/24/2017 00:33] [PENJUALAN] CASHIER FORM : printDocument1_PrintPage, print POS size receipt
[ADMIN] [2/24/2017 00:33] [PENJUALAN] CASHIER FORM : loadInfoToko
[ADMIN] [2/24/2017 00:33] [PENJUALAN] CASHIER FORM : loadNamaUser
[ADMIN] [2/24/2017 00:33] [PENJUALAN] CASHIER FORM : UNREGISTER HOTKEY
[ADMIN] [2/24/2017 00:33] [PENJUALAN] CASHIER FORM : REGISTER HOTKEY
[ADMIN] [2/24/2017 00:33] [PENJUALAN] CASHIER FORM : UPDATE ROW NUMBER, TOTAL ROW [1]
[ADMIN] [2/24/2017 00:33] [PENJUALAN] CASHIER FORM : cashierDataGridView_CellValueChanged [F8]
[ADMIN] [2/24/2017 00:33] [PENJUALAN] CASHIER FORM : UNREGISTER HOTKEY
[ADMIN] [2/24/2017 00:33] [PENJUALAN] CASHIER FORM : REGISTER HOTKEY
[ADMIN] [2/24/2017 00:33] [PENJUALAN] CASHIER FORM : UNREGISTER HOTKEY
[ADMIN] [2/24/2017 00:33] [PENJUALAN] CASHIER FORM : REGISTER HOTKEY
[ADMIN] [2/24/2017 00:33] [PENJUALAN] CASHIER FORM : UNREGISTER HOTKEY
[ADMIN] [2/24/2017 00:33] [PENJUALAN] CASHIER FORM : REGISTER HOTKEY
[ADMIN] [2/24/2017 00:33] [PENJUALAN] CASHIER FORM : UNREGISTER HOTKEY
[ADMIN] [2/24/2017 00:33] [PENJUALAN] CASHIER FORM : UNREGISTER HOTKEY
[ADMIN] [2/24/2017 00:34] [PENJUALAN] CASHIER FORM : REGISTER HOTKEY
[ADMIN] [2/24/2017 00:34] [PENJUALAN] CASHIER FORM : cashierForm_Load, ATTEMPT TO LOAD NO FAKTUR
[ADMIN] [2/24/2017 00:34] [PENJUALAN] CASHIER FORM : loadNoFaktur, noFakturValue [SLO001]
[ADMIN] [2/24/2017 00:34] [PENJUALAN] CASHIER FORM : cashierForm_Load, ATTEMPT TO addColumnToDataGrid
[ADMIN] [2/24/2017 00:34] [PENJUALAN] CASHIER FORM : UPDATE ROW NUMBER, TOTAL ROW [1]
[ADMIN] [2/24/2017 00:34] [PENJUALAN] CASHIER FORM : calculateTotal
[ADMIN] [2/24/2017 00:34] [PENJUALAN] CASHIER FORM : calculateTotal [0]
[ADMIN] [2/24/2017 00:34] [PENJUALAN] CASHIER FORM : calculateTotal, totalAfterDisc [0]
[ADMIN] [2/24/2017 00:34] [PENJUALAN] CASHIER FORM : calculateChangeValue, bayarTextBox.Text [0]
[ADMIN] [2/24/2017 00:34] [PENJUALAN] CASHIER FORM : calculateChangeValue, sisaBayar [0]
[ADMIN] [2/24/2017 00:34] [PENJUALAN] CASHIER FORM : ADD NEW ROW,  isActive [True]
[ADMIN] [2/24/2017 00:34] [PENJUALAN] CASHIER FORM : ADD NEW ROW,  ROW COUNT [0]
[ADMIN] [2/24/2017 00:34] [PENJUALAN] CASHIER FORM : ADD NEW ROW,  ALLOW TO ADD [True]
[ADMIN] [2/24/2017 00:34] [PENJUALAN] CASHIER FORM : UPDATE ROW NUMBER, TOTAL ROW [1]
[ADMIN] [2/24/2017 00:34] [PENJUALAN] CASHIER FORM : UPDATE ROW NUMBER, TOTAL ROW [2]
[ADMIN] [2/24/2017 00:34] [PENJUALAN] CASHIER FORM : cashierDataGridView_CellValueChanged [F8]
[ADMIN] [2/24/2017 00:34] [PENJUALAN] CASHIER FORM : REGISTER HOTKEY
[ADMIN] [2/24/2017 00:34] [PENJUALAN] CASHIER FORM : ChangePrinterButton_Click, DISPLAY PRINTER SELECTION FORM
[ADMIN] [2/24/2017 00:34] [PENJUALAN] CASHIER FORM : UNREGISTER HOTKEY
[ADMIN] [2/24/2017 00:34] [PENGATURAN PRINTER] PAPER SIZE CHANGED [1]
[ADMIN] [2/24/2017 00:34] [PENGATURAN PRINTER] DEFAULT PRINTER CHANGED [PrimoPDF]
[ADMIN] [2/24/2017 00:34] [PENJUALAN] CASHIER FORM : REGISTER HOTKEY
[ADMIN] [2/24/2017 00:34] [PENJUALAN] CASHIER FORM : UNREGISTER HOTKEY
[ADMIN] [2/24/2017 00:34] [PENJUALAN] CASHIER FORM : REGISTER HOTKEY
[ADMIN] [2/24/2017 00:34] [PENJUALAN] RE-PRINT INVOICE
[ADMIN] [2/24/2017 00:34] [PENJUALAN] CASHIER FORM : PrintReceipt
[ADMIN] [2/24/2017 00:34] [PENJUALAN] CASHIER FORM : PrintReceipt, papermode [2]
[ADMIN] [2/24/2017 00:34] [PENJUALAN] CASHIER FORM : PrintReceipt, kuarto paper, display SalesReceiptKuartoForm
[ADMIN] [2/24/2017 00:34] [PENJUALAN] CASHIER FORM : UNREGISTER HOTKEY
[ADMIN] [2/24/2017 00:34] [PENJUALAN] CASHIER FORM : REGISTER HOTKEY
[ADMIN] [2/24/2017 00:34] [PENJUALAN] CASHIER FORM : UNREGISTER HOTKEY
[ADMIN] [2/24/2017 00:34] [PENJUALAN] CASHIER FORM : UNREGISTER HOTKEY
[ADMIN] [2/24/2017 00:34] [] USER ID = 1LOGOUT
