[] [2/7/2017 14:44] [] USER = ADMIN IS ACTIVE
[ADMIN] [2/7/2017 14:44] [] USER ID = 1 LOGIN SUCCESSFULLY
[ADMIN] [2/7/2017 14:44] [] ACTIVATE USER ACCESS RIGHT
[ADMIN] [2/7/2017 14:44] [] DISPLAY ADMIN FORM
[ADMIN] [2/7/2017 14:44] [] adminForm Load
[ADMIN] [2/7/2017 14:44] [] ACTIVATE USER ACCESS RIGHT
[ADMIN] [2/7/2017 14:44] [] SERVER IP IS LOCALHOST
[ADMIN] [2/7/2017 14:44] [] SERVER IP IS LOCALHOST
[ADMIN] [2/7/2017 14:44] [] UPDATE DATA ID 2
[ADMIN] [2/7/2017 14:45] [MUTASI BARANG] MUTASI BARANG : detailRequestOrderDataGridView_CellValueChanged [productID]
[ADMIN] [2/7/2017 14:45] [MUTASI BARANG] MUTASI BARANG : detailRequestOrderDataGridView_CellValueChanged [productID]
[ADMIN] [2/7/2017 14:45] [PENJUALAN] MUTASI FORM : Combobox_KeyUp, cashierDataGridView.CurrentCell.OwningColumn.Name  [productID]
[ADMIN] [2/7/2017 14:45] [PENJUALAN] MUTASI FORM : Combobox_KeyUp, cashierDataGridView.CurrentCell.OwningColumn.Name  [productID]
[ADMIN] [2/7/2017 14:45] [MUTASI BARANG] MUTASI BARANG : detailRequestOrderDataGridView_CellValueChanged [productID]
[ADMIN] [2/7/2017 14:45] [MUTASI BARANG] MUTASI BARANG : detailRequestOrderDataGridView_CellValueChanged [productName]
[ADMIN] [2/7/2017 14:45] [MUTASI BARANG] updateSomeRowsContent, PRODUCT_BASE_PRICE [15000]
[ADMIN] [2/7/2017 14:45] [MUTASI BARANG] MUTASI BARANG : detailRequestOrderDataGridView_CellValueChanged [hpp]
[ADMIN] [2/7/2017 14:45] [MUTASI BARANG] MUTASI BARANG : detailRequestOrderDataGridView_CellValueChanged [qty]
[ADMIN] [2/7/2017 14:45] [MUTASI BARANG] MUTASI BARANG : detailRequestOrderDataGridView_CellValueChanged [subtotal]
[ADMIN] [2/7/2017 14:45] [MUTASI BARANG] updateSomeRowsContent, attempt to calculate total
[ADMIN] [2/7/2017 14:45] [MUTASI BARANG] MUTASI BARANG : detailRequestOrderDataGridView_CellValueChanged [expiryDateValue]
[ADMIN] [2/7/2017 14:45] [MUTASI BARANG] MUTASI BARANG : detailRequestOrderDataGridView_CellValueChanged [expiryDate]
[ADMIN] [2/7/2017 14:45] [MUTASI BARANG] MUTASI BARANG : detailRequestOrderDataGridView_CellValueChanged [qty]
[ADMIN] [2/7/2017 14:45] [MUTASI BARANG] MUTASI BARANG : detailRequestOrderDataGridView_CellValueChanged [subtotal]
[ADMIN] [2/7/2017 14:45] [MUTASI BARANG] MUTASI BARANG : detailRequestOrderDataGridView_CellValueChanged [subtotal]
[ADMIN] [2/7/2017 14:45] [PENJUALAN] MUTASI FORM : Combobox_KeyUp, cashierDataGridView.CurrentCell.OwningColumn.Name  [qty]
[ADMIN] [2/7/2017 14:45] [MUTASI BARANG] MUTASI BARANG : detailRequestOrderDataGridView_CellValueChanged [qty]
[ADMIN] [2/7/2017 14:45] [MUTASI BARANG] MUTASI BARANG : detailRequestOrderDataGridView_CellValueChanged [subtotal]
[ADMIN] [2/7/2017 14:45] [PENJUALAN] MUTASI FORM : Combobox_KeyUp, cashierDataGridView.CurrentCell.OwningColumn.Name  [qty]
[ADMIN] [2/7/2017 14:45] [MUTASI BARANG] MUTASI BARANG : detailRequestOrderDataGridView_CellValueChanged [qty]
[ADMIN] [2/7/2017 14:45] [MUTASI BARANG] MUTASI BARANG : detailRequestOrderDataGridView_CellValueChanged [qty]
[ADMIN] [2/7/2017 14:45] [PENJUALAN] MUTASI FORM : Combobox_KeyUp, cashierDataGridView.CurrentCell.OwningColumn.Name  [qty]
[ADMIN] [2/7/2017 14:45] [PENJUALAN] MUTASI FORM : Combobox_KeyUp, cashierDataGridView.CurrentCell.OwningColumn.Name  [qty]
[ADMIN] [2/7/2017 14:45] [MUTASI BARANG] MUTASI BARANG : detailRequestOrderDataGridView_CellValueChanged [qty]
[ADMIN] [2/7/2017 14:45] [MUTASI BARANG] MUTASI BARANG : detailRequestOrderDataGridView_CellValueChanged [subtotal]
[ADMIN] [2/7/2017 14:45] [MUTASI BARANG] MUTASI BARANG : detailRequestOrderDataGridView_CellValueChanged [qty]
[ADMIN] [2/7/2017 14:45] [PENJUALAN] MUTASI FORM : Combobox_KeyUp, cashierDataGridView.CurrentCell.OwningColumn.Name  [qty]
[ADMIN] [2/7/2017 14:45] [MUTASI BARANG] MUTASI BARANG : detailRequestOrderDataGridView_CellValueChanged [qty]
[ADMIN] [2/7/2017 14:45] [MUTASI BARANG] MUTASI BARANG : detailRequestOrderDataGridView_CellValueChanged [subtotal]
[ADMIN] [2/7/2017 14:45] [MUTASI BARANG] MUTASI BARANG : detailRequestOrderDataGridView_CellValueChanged [qty]
[ADMIN] [2/7/2017 14:45] [MUTASI BARANG] MUTASI BARANG : detailRequestOrderDataGridView_CellValueChanged [subtotal]
[ADMIN] [2/7/2017 14:45] [PENJUALAN] MUTASI FORM : Combobox_KeyUp, cashierDataGridView.CurrentCell.OwningColumn.Name  [qty]
[ADMIN] [2/7/2017 14:45] [PENJUALAN] MUTASI FORM : Combobox_KeyUp, cashierDataGridView.CurrentCell.OwningColumn.Name  [qty]
[ADMIN] [2/7/2017 14:45] [PENJUALAN] MUTASI FORM : Combobox_KeyUp, cashierDataGridView.CurrentCell.OwningColumn.Name  [qty]
[ADMIN] [2/7/2017 14:45] [MUTASI BARANG] MUTASI BARANG : detailRequestOrderDataGridView_CellValueChanged [productID]
[ADMIN] [2/7/2017 14:45] [PENJUALAN] MUTASI FORM : Combobox_KeyUp, cashierDataGridView.CurrentCell.OwningColumn.Name  [productID]
[ADMIN] [2/7/2017 14:45] [MUTASI BARANG] MUTASI BARANG : detailRequestOrderDataGridView_CellValueChanged [productID]
[ADMIN] [2/7/2017 14:45] [MUTASI BARANG] MUTASI BARANG : detailRequestOrderDataGridView_CellValueChanged [productName]
[ADMIN] [2/7/2017 14:45] [MUTASI BARANG] updateSomeRowsContent, PRODUCT_BASE_PRICE [32000]
[ADMIN] [2/7/2017 14:45] [MUTASI BARANG] MUTASI BARANG : detailRequestOrderDataGridView_CellValueChanged [hpp]
[ADMIN] [2/7/2017 14:45] [MUTASI BARANG] MUTASI BARANG : detailRequestOrderDataGridView_CellValueChanged [qty]
[ADMIN] [2/7/2017 14:45] [MUTASI BARANG] MUTASI BARANG : detailRequestOrderDataGridView_CellValueChanged [subtotal]
[ADMIN] [2/7/2017 14:45] [MUTASI BARANG] updateSomeRowsContent, attempt to calculate total
[ADMIN] [2/7/2017 14:45] [MUTASI BARANG] MUTASI BARANG : detailRequestOrderDataGridView_CellValueChanged [expiryDateValue]
[ADMIN] [2/7/2017 14:45] [MUTASI BARANG] MUTASI BARANG : detailRequestOrderDataGridView_CellValueChanged [qty]
[ADMIN] [2/7/2017 14:45] [MUTASI BARANG] MUTASI BARANG : detailRequestOrderDataGridView_CellValueChanged [subtotal]
[ADMIN] [2/7/2017 14:45] [PENJUALAN] MUTASI FORM : Combobox_KeyUp, cashierDataGridView.CurrentCell.OwningColumn.Name  [qty]
[ADMIN] [2/7/2017 14:45] [MUTASI BARANG] MUTASI BARANG : detailRequestOrderDataGridView_CellValueChanged [qty]
[ADMIN] [2/7/2017 14:45] [MUTASI BARANG] MUTASI BARANG : detailRequestOrderDataGridView_CellValueChanged [subtotal]
[ADMIN] [2/7/2017 14:45] [MUTASI BARANG] MUTASI BARANG : detailRequestOrderDataGridView_CellValueChanged [qty]
[ADMIN] [2/7/2017 14:45] [MUTASI BARANG] MUTASI BARANG : detailRequestOrderDataGridView_CellValueChanged [subtotal]
[ADMIN] [2/7/2017 14:45] [PENJUALAN] MUTASI FORM : Combobox_KeyUp, cashierDataGridView.CurrentCell.OwningColumn.Name  [qty]
[ADMIN] [2/7/2017 14:45] [PENJUALAN] MUTASI FORM : Combobox_KeyUp, cashierDataGridView.CurrentCell.OwningColumn.Name  [qty]
[ADMIN] [2/7/2017 14:45] [PENJUALAN] MUTASI FORM : Combobox_KeyUp, cashierDataGridView.CurrentCell.OwningColumn.Name  [qty]
[ADMIN] [2/7/2017 14:45] [PENJUALAN] MUTASI FORM : Combobox_KeyUp, cashierDataGridView.CurrentCell.OwningColumn.Name  [qty]
[ADMIN] [2/7/2017 14:45] [PENJUALAN] MUTASI FORM : Combobox_KeyUp, cashierDataGridView.CurrentCell.OwningColumn.Name  [qty]
[ADMIN] [2/7/2017 14:45] [PENJUALAN] MUTASI FORM : Combobox_KeyUp, cashierDataGridView.CurrentCell.OwningColumn.Name  [qty]
[ADMIN] [2/7/2017 14:45] [PENJUALAN] MUTASI FORM : Combobox_KeyUp, cashierDataGridView.CurrentCell.OwningColumn.Name  [productName]
[ADMIN] [2/7/2017 14:45] [PENJUALAN] MUTASI FORM : Combobox_KeyUp, cashierDataGridView.CurrentCell.OwningColumn.Name  [productName]
[ADMIN] [2/7/2017 14:45] [PENJUALAN] MUTASI FORM : Combobox_KeyUp, cashierDataGridView.CurrentCell.OwningColumn.Name  [qty]
[ADMIN] [2/7/2017 14:45] [PENJUALAN] MUTASI FORM : Combobox_KeyUp, cashierDataGridView.CurrentCell.OwningColumn.Name  [qty]
[ADMIN] [2/7/2017 14:45] [PENJUALAN] MUTASI FORM : Combobox_KeyUp, cashierDataGridView.CurrentCell.OwningColumn.Name  [qty]
[ADMIN] [2/7/2017 14:45] [PENJUALAN] MUTASI FORM : Combobox_KeyUp, cashierDataGridView.CurrentCell.OwningColumn.Name  [productName]
[ADMIN] [2/7/2017 14:45] [PENJUALAN] MUTASI FORM : Combobox_KeyUp, cashierDataGridView.CurrentCell.OwningColumn.Name  [productName]
[ADMIN] [2/7/2017 14:45] [PENJUALAN] MUTASI FORM : Combobox_KeyUp, cashierDataGridView.CurrentCell.OwningColumn.Name  [productName]
[ADMIN] [2/7/2017 14:45] [PENJUALAN] MUTASI FORM : Combobox_KeyUp, cashierDataGridView.CurrentCell.OwningColumn.Name  [productName]
[ADMIN] [2/7/2017 14:45] [PENJUALAN] MUTASI FORM : Combobox_KeyUp, cashierDataGridView.CurrentCell.OwningColumn.Name  [productName]
[ADMIN] [2/7/2017 14:45] [PENJUALAN] MUTASI FORM : Combobox_KeyUp, cashierDataGridView.CurrentCell.OwningColumn.Name  [productName]
[ADMIN] [2/7/2017 14:45] [PENJUALAN] MUTASI FORM : Combobox_KeyUp, cashierDataGridView.CurrentCell.OwningColumn.Name  [productName]
[ADMIN] [2/7/2017 14:45] [PENJUALAN] MUTASI FORM : Combobox_KeyUp, cashierDataGridView.CurrentCell.OwningColumn.Name  [productName]
[ADMIN] [2/7/2017 14:45] [PENJUALAN] MUTASI FORM : Combobox_KeyUp, cashierDataGridView.CurrentCell.OwningColumn.Name  [productName]
[ADMIN] [2/7/2017 14:45] [MUTASI BARANG] MUTASI BARANG : detailRequestOrderDataGridView_CellValueChanged [productID]
[ADMIN] [2/7/2017 14:45] [PENJUALAN] MUTASI FORM : Combobox_KeyUp, cashierDataGridView.CurrentCell.OwningColumn.Name  [productID]
[ADMIN] [2/7/2017 14:45] [MUTASI BARANG] MUTASI BARANG : detailRequestOrderDataGridView_CellValueChanged [productID]
[ADMIN] [2/7/2017 14:45] [MUTASI BARANG] MUTASI BARANG : detailRequestOrderDataGridView_CellValueChanged [productName]
[ADMIN] [2/7/2017 14:45] [MUTASI BARANG] updateSomeRowsContent, PRODUCT_BASE_PRICE [30000]
[ADMIN] [2/7/2017 14:45] [MUTASI BARANG] MUTASI BARANG : detailRequestOrderDataGridView_CellValueChanged [hpp]
[ADMIN] [2/7/2017 14:45] [MUTASI BARANG] MUTASI BARANG : detailRequestOrderDataGridView_CellValueChanged [qty]
[ADMIN] [2/7/2017 14:45] [MUTASI BARANG] MUTASI BARANG : detailRequestOrderDataGridView_CellValueChanged [subtotal]
[ADMIN] [2/7/2017 14:45] [MUTASI BARANG] updateSomeRowsContent, attempt to calculate total
[ADMIN] [2/7/2017 14:45] [MUTASI BARANG] MUTASI BARANG : detailRequestOrderDataGridView_CellValueChanged [qty]
[ADMIN] [2/7/2017 14:45] [MUTASI BARANG] MUTASI BARANG : detailRequestOrderDataGridView_CellValueChanged [subtotal]
[ADMIN] [2/7/2017 14:45] [PENJUALAN] MUTASI FORM : Combobox_KeyUp, cashierDataGridView.CurrentCell.OwningColumn.Name  [qty]
[ADMIN] [2/7/2017 14:45] [MUTASI BARANG] MUTASI BARANG : detailRequestOrderDataGridView_CellValueChanged [qty]
[ADMIN] [2/7/2017 14:45] [MUTASI BARANG] MUTASI BARANG : detailRequestOrderDataGridView_CellValueChanged [subtotal]
[ADMIN] [2/7/2017 14:45] [PENJUALAN] MUTASI FORM : Combobox_KeyUp, cashierDataGridView.CurrentCell.OwningColumn.Name  [qty]
[ADMIN] [2/7/2017 14:45] [MUTASI BARANG] MUTASI BARANG : detailRequestOrderDataGridView_CellValueChanged [qty]
[ADMIN] [2/7/2017 14:45] [MUTASI BARANG] MUTASI BARANG : detailRequestOrderDataGridView_CellValueChanged [subtotal]
[ADMIN] [2/7/2017 14:45] [PENJUALAN] MUTASI FORM : Combobox_KeyUp, cashierDataGridView.CurrentCell.OwningColumn.Name  [qty]
[ADMIN] [2/7/2017 14:45] [PENJUALAN] MUTASI FORM : Combobox_KeyUp, cashierDataGridView.CurrentCell.OwningColumn.Name  [qty]
[ADMIN] [2/7/2017 14:45] [PENJUALAN] MUTASI FORM : Combobox_KeyUp, cashierDataGridView.CurrentCell.OwningColumn.Name  [qty]
[ADMIN] [2/7/2017 14:46] [PENJUALAN] MUTASI FORM : Combobox_KeyUp, cashierDataGridView.CurrentCell.OwningColumn.Name  [qty]
[ADMIN] [2/7/2017 14:46] [MUTASI BARANG] MUTASI BARANG : detailRequestOrderDataGridView_CellValueChanged [productID]
[ADMIN] [2/7/2017 14:46] [PENJUALAN] MUTASI FORM : Combobox_KeyUp, cashierDataGridView.CurrentCell.OwningColumn.Name  [productID]
[ADMIN] [2/7/2017 14:46] [MUTASI BARANG] MUTASI BARANG : detailRequestOrderDataGridView_CellValueChanged [productID]
[ADMIN] [2/7/2017 14:46] [MUTASI BARANG] MUTASI BARANG : detailRequestOrderDataGridView_CellValueChanged [productName]
[ADMIN] [2/7/2017 14:46] [MUTASI BARANG] updateSomeRowsContent, PRODUCT_BASE_PRICE [29250]
[ADMIN] [2/7/2017 14:46] [MUTASI BARANG] MUTASI BARANG : detailRequestOrderDataGridView_CellValueChanged [hpp]
[ADMIN] [2/7/2017 14:46] [MUTASI BARANG] MUTASI BARANG : detailRequestOrderDataGridView_CellValueChanged [qty]
[ADMIN] [2/7/2017 14:46] [MUTASI BARANG] MUTASI BARANG : detailRequestOrderDataGridView_CellValueChanged [subtotal]
[ADMIN] [2/7/2017 14:46] [MUTASI BARANG] updateSomeRowsContent, attempt to calculate total
[ADMIN] [2/7/2017 14:46] [MUTASI BARANG] MUTASI BARANG : detailRequestOrderDataGridView_CellValueChanged [expiryDateValue]
[ADMIN] [2/7/2017 14:46] [MUTASI BARANG] MUTASI BARANG : detailRequestOrderDataGridView_CellValueChanged [qty]
[ADMIN] [2/7/2017 14:46] [MUTASI BARANG] MUTASI BARANG : detailRequestOrderDataGridView_CellValueChanged [subtotal]
[ADMIN] [2/7/2017 14:46] [PENJUALAN] MUTASI FORM : Combobox_KeyUp, cashierDataGridView.CurrentCell.OwningColumn.Name  [qty]
[ADMIN] [2/7/2017 14:46] [PENJUALAN] MUTASI FORM : Combobox_KeyUp, cashierDataGridView.CurrentCell.OwningColumn.Name  [qty]
[ADMIN] [2/7/2017 14:46] [MUTASI BARANG] MUTASI BARANG : detailRequestOrderDataGridView_CellValueChanged [expiryDate]
[ADMIN] [2/7/2017 14:46] [MUTASI BARANG] MUTASI BARANG : detailRequestOrderDataGridView_CellValueChanged [expiryDateValue]
[ADMIN] [2/7/2017 14:46] [MUTASI BARANG] MUTASI BARANG : detailRequestOrderDataGridView_CellValueChanged [qty]
[ADMIN] [2/7/2017 14:46] [MUTASI BARANG] MUTASI BARANG : detailRequestOrderDataGridView_CellValueChanged [qty]
[ADMIN] [2/7/2017 14:46] [MUTASI BARANG] MUTASI BARANG : detailRequestOrderDataGridView_CellValueChanged [qty]
[ADMIN] [2/7/2017 14:46] [MUTASI BARANG] MUTASI BARANG : detailRequestOrderDataGridView_CellValueChanged [qty]
[ADMIN] [2/7/2017 14:46] [MUTASI BARANG] MUTASI BARANG : detailRequestOrderDataGridView_CellValueChanged [qty]
[ADMIN] [2/7/2017 14:46] [MUTASI BARANG] MUTASI BARANG : detailRequestOrderDataGridView_CellValueChanged [qty]
[ADMIN] [2/7/2017 14:46] [MUTASI BARANG] MUTASI BARANG : detailRequestOrderDataGridView_CellValueChanged [qty]
[ADMIN] [2/7/2017 14:46] [MUTASI BARANG] MUTASI BARANG : detailRequestOrderDataGridView_CellValueChanged [qty]
[ADMIN] [2/7/2017 14:46] [MUTASI BARANG] MUTASI BARANG : detailRequestOrderDataGridView_CellValueChanged [qty]
[ADMIN] [2/7/2017 14:46] [MUTASI BARANG] MUTASI BARANG : detailRequestOrderDataGridView_CellValueChanged [qty]
[ADMIN] [2/7/2017 14:46] [MUTASI BARANG] MUTASI BARANG : detailRequestOrderDataGridView_CellValueChanged [qty]
[ADMIN] [2/7/2017 14:46] [MUTASI BARANG] MUTASI BARANG : detailRequestOrderDataGridView_CellValueChanged [qty]
[ADMIN] [2/7/2017 14:46] [MUTASI BARANG] MUTASI BARANG : detailRequestOrderDataGridView_CellValueChanged [qty]
[ADMIN] [2/7/2017 14:46] [MUTASI BARANG] MUTASI BARANG : detailRequestOrderDataGridView_CellValueChanged [qty]
[ADMIN] [2/7/2017 14:46] [MUTASI BARANG] MUTASI BARANG : detailRequestOrderDataGridView_CellValueChanged [qty]
[ADMIN] [2/7/2017 14:46] [MUTASI BARANG] MUTASI BARANG : detailRequestOrderDataGridView_CellValueChanged [qty]
[ADMIN] [2/7/2017 14:46] [MUTASI BARANG] MUTASI BARANG : detailRequestOrderDataGridView_CellValueChanged [qty]
[ADMIN] [2/7/2017 14:46] [MUTASI BARANG] MUTASI BARANG : detailRequestOrderDataGridView_CellValueChanged [qty]
[ADMIN] [2/7/2017 14:46] [MUTASI BARANG] MUTASI BARANG : detailRequestOrderDataGridView_CellValueChanged [qty]
[ADMIN] [2/7/2017 14:46] [MUTASI BARANG] MUTASI BARANG : detailRequestOrderDataGridView_CellValueChanged [qty]
[ADMIN] [2/7/2017 14:46] [PENJUALAN] MUTASI FORM : Combobox_KeyUp, cashierDataGridView.CurrentCell.OwningColumn.Name  [productName]
[ADMIN] [2/7/2017 14:46] [PENJUALAN] MUTASI FORM : Combobox_KeyUp, cashierDataGridView.CurrentCell.OwningColumn.Name  [productName]
[ADMIN] [2/7/2017 14:46] [PENJUALAN] MUTASI FORM : Combobox_KeyUp, cashierDataGridView.CurrentCell.OwningColumn.Name  [productName]
[ADMIN] [2/7/2017 14:46] [PENJUALAN] MUTASI FORM : Combobox_KeyUp, cashierDataGridView.CurrentCell.OwningColumn.Name  [productName]
[ADMIN] [2/7/2017 14:46] [PENJUALAN] MUTASI FORM : Combobox_KeyUp, cashierDataGridView.CurrentCell.OwningColumn.Name  [productName]
[ADMIN] [2/7/2017 14:46] [PENJUALAN] MUTASI FORM : Combobox_KeyUp, cashierDataGridView.CurrentCell.OwningColumn.Name  [productName]
[ADMIN] [2/7/2017 14:46] [PENJUALAN] MUTASI FORM : Combobox_KeyUp, cashierDataGridView.CurrentCell.OwningColumn.Name  [productName]
[ADMIN] [2/7/2017 14:46] [MUTASI BARANG] MUTASI BARANG : detailRequestOrderDataGridView_CellValueChanged [productID]
[ADMIN] [2/7/2017 14:46] [PENJUALAN] MUTASI FORM : Combobox_KeyUp, cashierDataGridView.CurrentCell.OwningColumn.Name  [productID]
[ADMIN] [2/7/2017 14:46] [MUTASI BARANG] MUTASI BARANG : detailRequestOrderDataGridView_CellValueChanged [productID]
[ADMIN] [2/7/2017 14:46] [MUTASI BARANG] MUTASI BARANG : detailRequestOrderDataGridView_CellValueChanged [productName]
[ADMIN] [2/7/2017 14:46] [MUTASI BARANG] updateSomeRowsContent, PRODUCT_BASE_PRICE [45000]
[ADMIN] [2/7/2017 14:46] [MUTASI BARANG] MUTASI BARANG : detailRequestOrderDataGridView_CellValueChanged [hpp]
[ADMIN] [2/7/2017 14:46] [MUTASI BARANG] MUTASI BARANG : detailRequestOrderDataGridView_CellValueChanged [qty]
[ADMIN] [2/7/2017 14:46] [MUTASI BARANG] MUTASI BARANG : detailRequestOrderDataGridView_CellValueChanged [subtotal]
[ADMIN] [2/7/2017 14:46] [MUTASI BARANG] updateSomeRowsContent, attempt to calculate total
[ADMIN] [2/7/2017 14:46] [MUTASI BARANG] MUTASI BARANG : detailRequestOrderDataGridView_CellValueChanged [expiryDate]
[ADMIN] [2/7/2017 14:46] [MUTASI BARANG] MUTASI BARANG : detailRequestOrderDataGridView_CellValueChanged [qty]
[ADMIN] [2/7/2017 14:46] [MUTASI BARANG] MUTASI BARANG : detailRequestOrderDataGridView_CellValueChanged [subtotal]
[ADMIN] [2/7/2017 14:46] [PENJUALAN] MUTASI FORM : Combobox_KeyUp, cashierDataGridView.CurrentCell.OwningColumn.Name  [qty]
[ADMIN] [2/7/2017 14:48] [MUTASI BARANG] MUTASI BARANG : detailRequestOrderDataGridView_CellValueChanged [productID]
[ADMIN] [2/7/2017 14:48] [MUTASI BARANG] MUTASI BARANG : detailRequestOrderDataGridView_CellValueChanged [productID]
[ADMIN] [2/7/2017 14:48] [PENJUALAN] MUTASI FORM : Combobox_KeyUp, cashierDataGridView.CurrentCell.OwningColumn.Name  [productID]
[ADMIN] [2/7/2017 14:48] [PENJUALAN] MUTASI FORM : Combobox_KeyUp, cashierDataGridView.CurrentCell.OwningColumn.Name  [productID]
[ADMIN] [2/7/2017 14:48] [MUTASI BARANG] MUTASI BARANG : detailRequestOrderDataGridView_CellValueChanged [productID]
[ADMIN] [2/7/2017 14:48] [MUTASI BARANG] MUTASI BARANG : detailRequestOrderDataGridView_CellValueChanged [productName]
[ADMIN] [2/7/2017 14:48] [MUTASI BARANG] updateSomeRowsContent, PRODUCT_BASE_PRICE [29250]
[ADMIN] [2/7/2017 14:48] [MUTASI BARANG] MUTASI BARANG : detailRequestOrderDataGridView_CellValueChanged [hpp]
[ADMIN] [2/7/2017 14:48] [MUTASI BARANG] MUTASI BARANG : detailRequestOrderDataGridView_CellValueChanged [qty]
[ADMIN] [2/7/2017 14:48] [MUTASI BARANG] MUTASI BARANG : detailRequestOrderDataGridView_CellValueChanged [subtotal]
[ADMIN] [2/7/2017 14:48] [MUTASI BARANG] updateSomeRowsContent, attempt to calculate total
[ADMIN] [2/7/2017 14:48] [MUTASI BARANG] MUTASI BARANG : detailRequestOrderDataGridView_CellValueChanged [expiryDateValue]
[ADMIN] [2/7/2017 14:48] [MUTASI BARANG] MUTASI BARANG : detailRequestOrderDataGridView_CellValueChanged [expiryDate]
[ADMIN] [2/7/2017 14:48] [MUTASI BARANG] MUTASI BARANG : detailRequestOrderDataGridView_CellValueChanged [qty]
[ADMIN] [2/7/2017 14:48] [MUTASI BARANG] MUTASI BARANG : detailRequestOrderDataGridView_CellValueChanged [subtotal]
[ADMIN] [2/7/2017 14:48] [MUTASI BARANG] MUTASI BARANG : detailRequestOrderDataGridView_CellValueChanged [subtotal]
[ADMIN] [2/7/2017 14:48] [MUTASI BARANG] MUTASI BARANG : detailRequestOrderDataGridView_CellValueChanged [productID]
[ADMIN] [2/7/2017 14:48] [PENJUALAN] MUTASI FORM : Combobox_KeyUp, cashierDataGridView.CurrentCell.OwningColumn.Name  [productID]
[ADMIN] [2/7/2017 14:48] [MUTASI BARANG] MUTASI BARANG : detailRequestOrderDataGridView_CellValueChanged [qty]
[ADMIN] [2/7/2017 14:48] [MUTASI BARANG] MUTASI BARANG : detailRequestOrderDataGridView_CellValueChanged [qty]
[ADMIN] [2/7/2017 14:48] [PENJUALAN] MUTASI FORM : Combobox_KeyUp, cashierDataGridView.CurrentCell.OwningColumn.Name  [qty]
[ADMIN] [2/7/2017 14:48] [PENJUALAN] MUTASI FORM : Combobox_KeyUp, cashierDataGridView.CurrentCell.OwningColumn.Name  [qty]
[ADMIN] [2/7/2017 14:48] [PENJUALAN] MUTASI FORM : Combobox_KeyUp, cashierDataGridView.CurrentCell.OwningColumn.Name  [productID]
[ADMIN] [2/7/2017 14:49] [MUTASI BARANG] MUTASI BARANG : detailRequestOrderDataGridView_CellValueChanged [productID]
[ADMIN] [2/7/2017 14:49] [MUTASI BARANG] MUTASI BARANG : detailRequestOrderDataGridView_CellValueChanged [productName]
[ADMIN] [2/7/2017 14:49] [MUTASI BARANG] updateSomeRowsContent, PRODUCT_BASE_PRICE [20000]
[ADMIN] [2/7/2017 14:49] [MUTASI BARANG] MUTASI BARANG : detailRequestOrderDataGridView_CellValueChanged [hpp]
[ADMIN] [2/7/2017 14:49] [MUTASI BARANG] MUTASI BARANG : detailRequestOrderDataGridView_CellValueChanged [qty]
[ADMIN] [2/7/2017 14:49] [MUTASI BARANG] MUTASI BARANG : detailRequestOrderDataGridView_CellValueChanged [subtotal]
[ADMIN] [2/7/2017 14:49] [MUTASI BARANG] updateSomeRowsContent, attempt to calculate total
[ADMIN] [2/7/2017 14:49] [MUTASI BARANG] MUTASI BARANG : detailRequestOrderDataGridView_CellValueChanged [expiryDateValue]
[ADMIN] [2/7/2017 14:49] [MUTASI BARANG] MUTASI BARANG : detailRequestOrderDataGridView_CellValueChanged [qty]
[ADMIN] [2/7/2017 14:49] [MUTASI BARANG] MUTASI BARANG : detailRequestOrderDataGridView_CellValueChanged [subtotal]
[] [2/7/2017 14:51] [] USER = ADMIN IS ACTIVE
[ADMIN] [2/7/2017 14:51] [] USER ID = 1 LOGIN SUCCESSFULLY
[ADMIN] [2/7/2017 14:51] [] ACTIVATE USER ACCESS RIGHT
[ADMIN] [2/7/2017 14:51] [] DISPLAY ADMIN FORM
[ADMIN] [2/7/2017 14:51] [] adminForm Load
[ADMIN] [2/7/2017 14:51] [] ACTIVATE USER ACCESS RIGHT
[ADMIN] [2/7/2017 14:51] [MUTASI BARANG] MUTASI BARANG : detailRequestOrderDataGridView_CellValueChanged [productID]
[ADMIN] [2/7/2017 14:51] [PENJUALAN] MUTASI FORM : Combobox_KeyUp, cashierDataGridView.CurrentCell.OwningColumn.Name  [productID]
[ADMIN] [2/7/2017 14:52] [MUTASI BARANG] MUTASI BARANG : detailRequestOrderDataGridView_CellValueChanged [productID]
[ADMIN] [2/7/2017 14:52] [MUTASI BARANG] MUTASI BARANG : detailRequestOrderDataGridView_CellValueChanged [productName]
[ADMIN] [2/7/2017 14:52] [MUTASI BARANG] updateSomeRowsContent, PRODUCT_BASE_PRICE [53700]
[ADMIN] [2/7/2017 14:52] [MUTASI BARANG] MUTASI BARANG : detailRequestOrderDataGridView_CellValueChanged [hpp]
[ADMIN] [2/7/2017 14:52] [MUTASI BARANG] MUTASI BARANG : detailRequestOrderDataGridView_CellValueChanged [qty]
[ADMIN] [2/7/2017 14:52] [MUTASI BARANG] MUTASI BARANG : detailRequestOrderDataGridView_CellValueChanged [subtotal]
[ADMIN] [2/7/2017 14:52] [MUTASI BARANG] updateSomeRowsContent, attempt to calculate total
[ADMIN] [2/7/2017 14:52] [MUTASI BARANG] MUTASI BARANG : detailRequestOrderDataGridView_CellValueChanged [expiryDateValue]
[ADMIN] [2/7/2017 14:52] [MUTASI BARANG] MUTASI BARANG : detailRequestOrderDataGridView_CellValueChanged [expiryDate]
[] [2/7/2017 14:53] [] USER = ADMIN IS ACTIVE
[ADMIN] [2/7/2017 14:53] [] USER ID = 1 LOGIN SUCCESSFULLY
[ADMIN] [2/7/2017 14:53] [] ACTIVATE USER ACCESS RIGHT
[ADMIN] [2/7/2017 14:53] [] DISPLAY ADMIN FORM
[ADMIN] [2/7/2017 14:53] [] adminForm Load
[ADMIN] [2/7/2017 14:53] [] ACTIVATE USER ACCESS RIGHT
[ADMIN] [2/7/2017 14:53] [MUTASI BARANG] MUTASI BARANG : detailRequestOrderDataGridView_CellValueChanged [productID]
[ADMIN] [2/7/2017 14:53] [PENJUALAN] MUTASI FORM : Combobox_KeyUp, cashierDataGridView.CurrentCell.OwningColumn.Name  [productID]
[ADMIN] [2/7/2017 14:53] [MUTASI BARANG] MUTASI BARANG : detailRequestOrderDataGridView_CellValueChanged [productID]
[ADMIN] [2/7/2017 14:53] [MUTASI BARANG] MUTASI BARANG : detailRequestOrderDataGridView_CellValueChanged [productName]
[ADMIN] [2/7/2017 14:53] [MUTASI BARANG] updateSomeRowsContent, PRODUCT_BASE_PRICE [53700]
[ADMIN] [2/7/2017 14:53] [MUTASI BARANG] MUTASI BARANG : detailRequestOrderDataGridView_CellValueChanged [hpp]
[ADMIN] [2/7/2017 14:53] [MUTASI BARANG] MUTASI BARANG : detailRequestOrderDataGridView_CellValueChanged [qty]
[ADMIN] [2/7/2017 14:53] [MUTASI BARANG] MUTASI BARANG : detailRequestOrderDataGridView_CellValueChanged [subtotal]
[ADMIN] [2/7/2017 14:53] [MUTASI BARANG] updateSomeRowsContent, attempt to calculate total
[ADMIN] [2/7/2017 14:53] [MUTASI BARANG] MUTASI BARANG : detailRequestOrderDataGridView_CellValueChanged [expiryDateValue]
[ADMIN] [2/7/2017 14:53] [MUTASI BARANG] MUTASI BARANG : detailRequestOrderDataGridView_CellValueChanged [expiryDate]
[ADMIN] [2/7/2017 14:53] [MUTASI BARANG] MUTASI BARANG : detailRequestOrderDataGridView_CellValueChanged [qty]
[ADMIN] [2/7/2017 14:53] [MUTASI BARANG] MUTASI BARANG : detailRequestOrderDataGridView_CellValueChanged [subtotal]
[ADMIN] [2/7/2017 14:53] [MUTASI BARANG] MUTASI BARANG : detailRequestOrderDataGridView_CellValueChanged [subtotal]
[ADMIN] [2/7/2017 14:53] [PENJUALAN] MUTASI FORM : Combobox_KeyUp, cashierDataGridView.CurrentCell.OwningColumn.Name  [qty]
[ADMIN] [2/7/2017 14:53] [MUTASI BARANG] MUTASI BARANG : detailRequestOrderDataGridView_CellValueChanged [productID]
[ADMIN] [2/7/2017 14:53] [PENJUALAN] MUTASI FORM : Combobox_KeyUp, cashierDataGridView.CurrentCell.OwningColumn.Name  [productID]
[ADMIN] [2/7/2017 14:53] [MUTASI BARANG] MUTASI BARANG : detailRequestOrderDataGridView_CellValueChanged [productID]
[ADMIN] [2/7/2017 14:53] [MUTASI BARANG] MUTASI BARANG : detailRequestOrderDataGridView_CellValueChanged [productName]
[ADMIN] [2/7/2017 14:53] [MUTASI BARANG] updateSomeRowsContent, PRODUCT_BASE_PRICE [45000]
[ADMIN] [2/7/2017 14:53] [MUTASI BARANG] MUTASI BARANG : detailRequestOrderDataGridView_CellValueChanged [hpp]
[ADMIN] [2/7/2017 14:53] [MUTASI BARANG] MUTASI BARANG : detailRequestOrderDataGridView_CellValueChanged [qty]
[ADMIN] [2/7/2017 14:53] [MUTASI BARANG] MUTASI BARANG : detailRequestOrderDataGridView_CellValueChanged [subtotal]
[ADMIN] [2/7/2017 14:53] [MUTASI BARANG] updateSomeRowsContent, attempt to calculate total
[ADMIN] [2/7/2017 14:53] [MUTASI BARANG] MUTASI BARANG : detailRequestOrderDataGridView_CellValueChanged [expiryDateValue]
[ADMIN] [2/7/2017 14:53] [MUTASI BARANG] MUTASI BARANG : detailRequestOrderDataGridView_CellValueChanged [qty]
[ADMIN] [2/7/2017 14:53] [MUTASI BARANG] MUTASI BARANG : detailRequestOrderDataGridView_CellValueChanged [subtotal]
[ADMIN] [2/7/2017 14:53] [PENJUALAN] MUTASI FORM : Combobox_KeyUp, cashierDataGridView.CurrentCell.OwningColumn.Name  [qty]
[ADMIN] [2/7/2017 14:53] [MUTASI BARANG] MUTASI BARANG : detailRequestOrderDataGridView_CellValueChanged [expiryDate]
[ADMIN] [2/7/2017 14:53] [MUTASI BARANG] MUTASI BARANG : detailRequestOrderDataGridView_CellValueChanged [expiryDateValue]
[ADMIN] [2/7/2017 14:53] [MUTASI BARANG] MUTASI BARANG : detailRequestOrderDataGridView_CellValueChanged [qty]
[ADMIN] [2/7/2017 14:53] [MUTASI BARANG] MUTASI BARANG : detailRequestOrderDataGridView_CellValueChanged [qty]
[ADMIN] [2/7/2017 14:53] [MUTASI BARANG] MUTASI BARANG : detailRequestOrderDataGridView_CellValueChanged [qty]
[ADMIN] [2/7/2017 14:53] [MUTASI BARANG] MUTASI BARANG : detailRequestOrderDataGridView_CellValueChanged [qty]
[ADMIN] [2/7/2017 14:53] [MUTASI BARANG] MUTASI BARANG : detailRequestOrderDataGridView_CellValueChanged [qty]
[ADMIN] [2/7/2017 14:53] [MUTASI BARANG] MUTASI BARANG : detailRequestOrderDataGridView_CellValueChanged [qty]
[ADMIN] [2/7/2017 14:53] [MUTASI BARANG] MUTASI BARANG : detailRequestOrderDataGridView_CellValueChanged [qty]
[ADMIN] [2/7/2017 14:53] [MUTASI BARANG] MUTASI BARANG : detailRequestOrderDataGridView_CellValueChanged [qty]
[ADMIN] [2/7/2017 14:53] [MUTASI BARANG] MUTASI BARANG : detailRequestOrderDataGridView_CellValueChanged [qty]
[ADMIN] [2/7/2017 14:53] [MUTASI BARANG] MUTASI BARANG : detailRequestOrderDataGridView_CellValueChanged [qty]
[ADMIN] [2/7/2017 14:53] [MUTASI BARANG] MUTASI BARANG : detailRequestOrderDataGridView_CellValueChanged [qty]
[ADMIN] [2/7/2017 14:53] [MUTASI BARANG] MUTASI BARANG : detailRequestOrderDataGridView_CellValueChanged [qty]
[ADMIN] [2/7/2017 14:53] [MUTASI BARANG] MUTASI BARANG : detailRequestOrderDataGridView_CellValueChanged [qty]
[ADMIN] [2/7/2017 14:53] [MUTASI BARANG] MUTASI BARANG : detailRequestOrderDataGridView_CellValueChanged [qty]
[ADMIN] [2/7/2017 14:53] [MUTASI BARANG] MUTASI BARANG : detailRequestOrderDataGridView_CellValueChanged [qty]
[ADMIN] [2/7/2017 14:53] [MUTASI BARANG] MUTASI BARANG : detailRequestOrderDataGridView_CellValueChanged [qty]
[ADMIN] [2/7/2017 14:53] [MUTASI BARANG] MUTASI BARANG : detailRequestOrderDataGridView_CellValueChanged [qty]
[ADMIN] [2/7/2017 14:53] [MUTASI BARANG] MUTASI BARANG : detailRequestOrderDataGridView_CellValueChanged [qty]
[ADMIN] [2/7/2017 14:53] [MUTASI BARANG] MUTASI BARANG : detailRequestOrderDataGridView_CellValueChanged [qty]
[ADMIN] [2/7/2017 14:53] [MUTASI BARANG] MUTASI BARANG : detailRequestOrderDataGridView_CellValueChanged [qty]
[ADMIN] [2/7/2017 14:53] [MUTASI BARANG] MUTASI BARANG : detailRequestOrderDataGridView_CellValueChanged [qty]
[ADMIN] [2/7/2017 14:53] [MUTASI BARANG] MUTASI BARANG : detailRequestOrderDataGridView_CellValueChanged [qty]
[ADMIN] [2/7/2017 14:53] [MUTASI BARANG] MUTASI BARANG : detailRequestOrderDataGridView_CellValueChanged [qty]
[ADMIN] [2/7/2017 14:53] [MUTASI BARANG] MUTASI BARANG : detailRequestOrderDataGridView_CellValueChanged [qty]
[ADMIN] [2/7/2017 14:53] [MUTASI BARANG] MUTASI BARANG : detailRequestOrderDataGridView_CellValueChanged [qty]
[ADMIN] [2/7/2017 14:53] [MUTASI BARANG] MUTASI BARANG : detailRequestOrderDataGridView_CellValueChanged [qty]
[ADMIN] [2/7/2017 14:53] [MUTASI BARANG] MUTASI BARANG : detailRequestOrderDataGridView_CellValueChanged [qty]
[ADMIN] [2/7/2017 14:53] [MUTASI BARANG] MUTASI BARANG : detailRequestOrderDataGridView_CellValueChanged [qty]
[ADMIN] [2/7/2017 14:53] [MUTASI BARANG] MUTASI BARANG : detailRequestOrderDataGridView_CellValueChanged [qty]
[ADMIN] [2/7/2017 14:53] [MUTASI BARANG] MUTASI BARANG : detailRequestOrderDataGridView_CellValueChanged [qty]
[ADMIN] [2/7/2017 14:53] [MUTASI BARANG] MUTASI BARANG : detailRequestOrderDataGridView_CellValueChanged [qty]
[ADMIN] [2/7/2017 14:53] [MUTASI BARANG] MUTASI BARANG : detailRequestOrderDataGridView_CellValueChanged [qty]
[ADMIN] [2/7/2017 14:53] [MUTASI BARANG] MUTASI BARANG : detailRequestOrderDataGridView_CellValueChanged [expiryDate]
[ADMIN] [2/7/2017 14:53] [MUTASI BARANG] MUTASI BARANG : detailRequestOrderDataGridView_CellValueChanged [expiryDateValue]
[ADMIN] [2/7/2017 14:54] [MUTASI BARANG] deleteCurrentRow [1]
[ADMIN] [2/7/2017 14:54] [MUTASI BARANG] MUTASI BARANG : detailRequestOrderDataGridView_CellValueChanged [productName]
[ADMIN] [2/7/2017 14:54] [MUTASI BARANG] MUTASI BARANG : detailRequestOrderDataGridView_CellValueChanged [productName]
[ADMIN] [2/7/2017 14:54] [MUTASI BARANG] MUTASI BARANG : detailRequestOrderDataGridView_CellValueChanged [hpp]
[ADMIN] [2/7/2017 14:54] [MUTASI BARANG] MUTASI BARANG : detailRequestOrderDataGridView_CellValueChanged [subtotal]
[ADMIN] [2/7/2017 14:54] [MUTASI BARANG] MUTASI BARANG : detailRequestOrderDataGridView_CellValueChanged [qty]
[ADMIN] [2/7/2017 14:54] [PENJUALAN] MUTASI FORM : Combobox_KeyUp, cashierDataGridView.CurrentCell.OwningColumn.Name  [productName]
[ADMIN] [2/7/2017 14:54] [PENJUALAN] MUTASI FORM : Combobox_KeyUp, cashierDataGridView.CurrentCell.OwningColumn.Name  [productName]
[ADMIN] [2/7/2017 14:54] [MUTASI BARANG] deleteCurrentRow [0]
[ADMIN] [2/7/2017 14:54] [MUTASI BARANG] MUTASI BARANG : detailRequestOrderDataGridView_CellValueChanged [productID]
[ADMIN] [2/7/2017 14:54] [PENJUALAN] MUTASI FORM : Combobox_KeyUp, cashierDataGridView.CurrentCell.OwningColumn.Name  [productID]
[ADMIN] [2/7/2017 14:54] [MUTASI BARANG] MUTASI BARANG : detailRequestOrderDataGridView_CellValueChanged [productID]
[ADMIN] [2/7/2017 14:54] [MUTASI BARANG] MUTASI BARANG : detailRequestOrderDataGridView_CellValueChanged [productName]
[ADMIN] [2/7/2017 14:54] [MUTASI BARANG] updateSomeRowsContent, PRODUCT_BASE_PRICE [28000]
[ADMIN] [2/7/2017 14:54] [MUTASI BARANG] MUTASI BARANG : detailRequestOrderDataGridView_CellValueChanged [hpp]
[ADMIN] [2/7/2017 14:54] [MUTASI BARANG] MUTASI BARANG : detailRequestOrderDataGridView_CellValueChanged [qty]
[ADMIN] [2/7/2017 14:54] [MUTASI BARANG] MUTASI BARANG : detailRequestOrderDataGridView_CellValueChanged [subtotal]
[ADMIN] [2/7/2017 14:54] [MUTASI BARANG] updateSomeRowsContent, attempt to calculate total
[ADMIN] [2/7/2017 14:54] [MUTASI BARANG] MUTASI BARANG : detailRequestOrderDataGridView_CellValueChanged [expiryDateValue]
[ADMIN] [2/7/2017 14:54] [MUTASI BARANG] MUTASI BARANG : detailRequestOrderDataGridView_CellValueChanged [qty]
[ADMIN] [2/7/2017 14:54] [MUTASI BARANG] MUTASI BARANG : detailRequestOrderDataGridView_CellValueChanged [subtotal]
[ADMIN] [2/7/2017 14:54] [PENJUALAN] MUTASI FORM : Combobox_KeyUp, cashierDataGridView.CurrentCell.OwningColumn.Name  [qty]
[ADMIN] [2/7/2017 14:54] [PENJUALAN] MUTASI FORM : Combobox_KeyUp, cashierDataGridView.CurrentCell.OwningColumn.Name  [qty]
[ADMIN] [2/7/2017 14:54] [MUTASI BARANG] MUTASI BARANG : detailRequestOrderDataGridView_CellValueChanged [qty]
[ADMIN] [2/7/2017 14:54] [MUTASI BARANG] MUTASI BARANG : detailRequestOrderDataGridView_CellValueChanged [qty]
[ADMIN] [2/7/2017 14:54] [PENJUALAN] MUTASI FORM : Combobox_KeyUp, cashierDataGridView.CurrentCell.OwningColumn.Name  [qty]
[ADMIN] [2/7/2017 14:54] [PENJUALAN] MUTASI FORM : Combobox_KeyUp, cashierDataGridView.CurrentCell.OwningColumn.Name  [qty]
[ADMIN] [2/7/2017 14:54] [MUTASI BARANG] MUTASI BARANG : detailRequestOrderDataGridView_CellValueChanged [qty]
[ADMIN] [2/7/2017 14:54] [MUTASI BARANG] MUTASI BARANG : detailRequestOrderDataGridView_CellValueChanged [subtotal]
[ADMIN] [2/7/2017 14:54] [PENJUALAN] MUTASI FORM : Combobox_KeyUp, cashierDataGridView.CurrentCell.OwningColumn.Name  [qty]
[ADMIN] [2/7/2017 14:54] [PENJUALAN] MUTASI FORM : Combobox_KeyUp, cashierDataGridView.CurrentCell.OwningColumn.Name  [qty]
[] [2/7/2017 14:57] [] USER = ADMIN IS ACTIVE
[ADMIN] [2/7/2017 14:57] [] USER ID = 1 LOGIN SUCCESSFULLY
[ADMIN] [2/7/2017 14:57] [] ACTIVATE USER ACCESS RIGHT
[ADMIN] [2/7/2017 14:57] [] DISPLAY ADMIN FORM
[ADMIN] [2/7/2017 14:57] [] adminForm Load
[ADMIN] [2/7/2017 14:57] [] ACTIVATE USER ACCESS RIGHT
[ADMIN] [2/7/2017 14:58] [MUTASI BARANG] MUTASI BARANG : detailRequestOrderDataGridView_CellValueChanged [productID]
[ADMIN] [2/7/2017 14:58] [PENJUALAN] MUTASI FORM : Combobox_KeyUp, cashierDataGridView.CurrentCell.OwningColumn.Name  [productID]
[ADMIN] [2/7/2017 14:58] [MUTASI BARANG] MUTASI BARANG : detailRequestOrderDataGridView_CellValueChanged [productID]
[ADMIN] [2/7/2017 14:58] [MUTASI BARANG] MUTASI BARANG : detailRequestOrderDataGridView_CellValueChanged [productName]
[ADMIN] [2/7/2017 14:58] [MUTASI BARANG] updateSomeRowsContent, PRODUCT_BASE_PRICE [41000]
[ADMIN] [2/7/2017 14:58] [MUTASI BARANG] MUTASI BARANG : detailRequestOrderDataGridView_CellValueChanged [hpp]
[ADMIN] [2/7/2017 14:58] [MUTASI BARANG] MUTASI BARANG : detailRequestOrderDataGridView_CellValueChanged [qty]
[ADMIN] [2/7/2017 14:58] [MUTASI BARANG] MUTASI BARANG : detailRequestOrderDataGridView_CellValueChanged [subtotal]
[ADMIN] [2/7/2017 14:58] [MUTASI BARANG] updateSomeRowsContent, attempt to calculate total
[ADMIN] [2/7/2017 14:58] [MUTASI BARANG] MUTASI BARANG : detailRequestOrderDataGridView_CellValueChanged [expiryDateValue]
[ADMIN] [2/7/2017 14:58] [MUTASI BARANG] MUTASI BARANG : detailRequestOrderDataGridView_CellValueChanged [expiryDate]
[ADMIN] [2/7/2017 14:59] [MUTASI BARANG] MUTASI BARANG : detailRequestOrderDataGridView_CellValueChanged [qty]
[ADMIN] [2/7/2017 14:59] [MUTASI BARANG] MUTASI BARANG : detailRequestOrderDataGridView_CellValueChanged [subtotal]
[ADMIN] [2/7/2017 14:59] [MUTASI BARANG] MUTASI BARANG : detailRequestOrderDataGridView_CellValueChanged [subtotal]
[ADMIN] [2/7/2017 14:59] [MUTASI BARANG] MUTASI BARANG : detailRequestOrderDataGridView_CellValueChanged [productID]
[ADMIN] [2/7/2017 14:59] [PENJUALAN] MUTASI FORM : Combobox_KeyUp, cashierDataGridView.CurrentCell.OwningColumn.Name  [productID]
[ADMIN] [2/7/2017 14:59] [PENJUALAN] MUTASI FORM : Combobox_KeyUp, cashierDataGridView.CurrentCell.OwningColumn.Name  [qty]
[ADMIN] [2/7/2017 14:59] [MUTASI BARANG] MUTASI BARANG : detailRequestOrderDataGridView_CellValueChanged [productID]
[ADMIN] [2/7/2017 14:59] [MUTASI BARANG] MUTASI BARANG : detailRequestOrderDataGridView_CellValueChanged [productName]
[ADMIN] [2/7/2017 14:59] [MUTASI BARANG] updateSomeRowsContent, PRODUCT_BASE_PRICE [29250]
[ADMIN] [2/7/2017 14:59] [MUTASI BARANG] MUTASI BARANG : detailRequestOrderDataGridView_CellValueChanged [hpp]
[ADMIN] [2/7/2017 14:59] [MUTASI BARANG] MUTASI BARANG : detailRequestOrderDataGridView_CellValueChanged [qty]
[ADMIN] [2/7/2017 14:59] [MUTASI BARANG] MUTASI BARANG : detailRequestOrderDataGridView_CellValueChanged [subtotal]
[ADMIN] [2/7/2017 14:59] [MUTASI BARANG] updateSomeRowsContent, attempt to calculate total
[ADMIN] [2/7/2017 14:59] [MUTASI BARANG] MUTASI BARANG : detailRequestOrderDataGridView_CellValueChanged [expiryDateValue]
[ADMIN] [2/7/2017 14:59] [MUTASI BARANG] MUTASI BARANG : detailRequestOrderDataGridView_CellValueChanged [qty]
[ADMIN] [2/7/2017 14:59] [MUTASI BARANG] MUTASI BARANG : detailRequestOrderDataGridView_CellValueChanged [subtotal]
[ADMIN] [2/7/2017 15:00] [MUTASI BARANG] MUTASI BARANG : detailRequestOrderDataGridView_CellValueChanged [productID]
[ADMIN] [2/7/2017 15:00] [PENJUALAN] MUTASI FORM : Combobox_KeyUp, cashierDataGridView.CurrentCell.OwningColumn.Name  [productID]
[ADMIN] [2/7/2017 15:00] [MUTASI BARANG] MUTASI BARANG : detailRequestOrderDataGridView_CellValueChanged [productID]
[ADMIN] [2/7/2017 15:00] [MUTASI BARANG] MUTASI BARANG : detailRequestOrderDataGridView_CellValueChanged [productName]
[ADMIN] [2/7/2017 15:00] [MUTASI BARANG] updateSomeRowsContent, PRODUCT_BASE_PRICE [41000]
[ADMIN] [2/7/2017 15:00] [MUTASI BARANG] MUTASI BARANG : detailRequestOrderDataGridView_CellValueChanged [hpp]
[ADMIN] [2/7/2017 15:00] [MUTASI BARANG] MUTASI BARANG : detailRequestOrderDataGridView_CellValueChanged [qty]
[ADMIN] [2/7/2017 15:00] [MUTASI BARANG] MUTASI BARANG : detailRequestOrderDataGridView_CellValueChanged [subtotal]
[ADMIN] [2/7/2017 15:00] [MUTASI BARANG] updateSomeRowsContent, attempt to calculate total
[ADMIN] [2/7/2017 15:00] [MUTASI BARANG] MUTASI BARANG : detailRequestOrderDataGridView_CellValueChanged [expiryDateValue]
[ADMIN] [2/7/2017 15:00] [MUTASI BARANG] MUTASI BARANG : detailRequestOrderDataGridView_CellValueChanged [expiryDate]
[] [2/7/2017 15:03] [] USER = ADMIN IS ACTIVE
[ADMIN] [2/7/2017 15:03] [] USER ID = 1 LOGIN SUCCESSFULLY
[ADMIN] [2/7/2017 15:03] [] ACTIVATE USER ACCESS RIGHT
[ADMIN] [2/7/2017 15:03] [] DISPLAY ADMIN FORM
[ADMIN] [2/7/2017 15:03] [] adminForm Load
[ADMIN] [2/7/2017 15:03] [] ACTIVATE USER ACCESS RIGHT
[ADMIN] [2/7/2017 15:03] [MUTASI BARANG] MUTASI BARANG : detailRequestOrderDataGridView_CellValueChanged [productID]
[ADMIN] [2/7/2017 15:03] [PENJUALAN] MUTASI FORM : Combobox_KeyUp, cashierDataGridView.CurrentCell.OwningColumn.Name  [productID]
[ADMIN] [2/7/2017 15:03] [MUTASI BARANG] MUTASI BARANG : detailRequestOrderDataGridView_CellValueChanged [productID]
[ADMIN] [2/7/2017 15:03] [MUTASI BARANG] MUTASI BARANG : detailRequestOrderDataGridView_CellValueChanged [productName]
[ADMIN] [2/7/2017 15:03] [MUTASI BARANG] updateSomeRowsContent, PRODUCT_BASE_PRICE [29250]
[ADMIN] [2/7/2017 15:03] [MUTASI BARANG] MUTASI BARANG : detailRequestOrderDataGridView_CellValueChanged [hpp]
[ADMIN] [2/7/2017 15:03] [MUTASI BARANG] MUTASI BARANG : detailRequestOrderDataGridView_CellValueChanged [qty]
[ADMIN] [2/7/2017 15:03] [MUTASI BARANG] MUTASI BARANG : detailRequestOrderDataGridView_CellValueChanged [subtotal]
[ADMIN] [2/7/2017 15:03] [MUTASI BARANG] updateSomeRowsContent, attempt to calculate total
[ADMIN] [2/7/2017 15:03] [MUTASI BARANG] MUTASI BARANG : detailRequestOrderDataGridView_CellValueChanged [expiryDateValue]
[ADMIN] [2/7/2017 15:03] [MUTASI BARANG] MUTASI BARANG : detailRequestOrderDataGridView_CellValueChanged [qty]
[ADMIN] [2/7/2017 15:03] [MUTASI BARANG] MUTASI BARANG : detailRequestOrderDataGridView_CellValueChanged [subtotal]
[ADMIN] [2/7/2017 15:03] [MUTASI BARANG] MUTASI BARANG : detailRequestOrderDataGridView_CellValueChanged [subtotal]
[ADMIN] [2/7/2017 15:03] [PENJUALAN] MUTASI FORM : Combobox_KeyUp, cashierDataGridView.CurrentCell.OwningColumn.Name  [qty]
[ADMIN] [2/7/2017 15:03] [PENJUALAN] MUTASI FORM : Combobox_KeyUp, cashierDataGridView.CurrentCell.OwningColumn.Name  [qty]
[] [2/7/2017 15:07] [] USER = ADMIN IS ACTIVE
[ADMIN] [2/7/2017 15:07] [] USER ID = 1 LOGIN SUCCESSFULLY
[ADMIN] [2/7/2017 15:07] [] ACTIVATE USER ACCESS RIGHT
[ADMIN] [2/7/2017 15:07] [] DISPLAY ADMIN FORM
[ADMIN] [2/7/2017 15:07] [] adminForm Load
[ADMIN] [2/7/2017 15:07] [] ACTIVATE USER ACCESS RIGHT
[ADMIN] [2/7/2017 15:07] [MUTASI BARANG] MUTASI BARANG : detailRequestOrderDataGridView_CellValueChanged [productID]
[ADMIN] [2/7/2017 15:07] [PENJUALAN] MUTASI FORM : Combobox_KeyUp, cashierDataGridView.CurrentCell.OwningColumn.Name  [productID]
[ADMIN] [2/7/2017 15:07] [MUTASI BARANG] MUTASI BARANG : detailRequestOrderDataGridView_CellValueChanged [productID]
[ADMIN] [2/7/2017 15:07] [MUTASI BARANG] MUTASI BARANG : detailRequestOrderDataGridView_CellValueChanged [productName]
[ADMIN] [2/7/2017 15:07] [MUTASI BARANG] updateSomeRowsContent, PRODUCT_BASE_PRICE [29250]
[ADMIN] [2/7/2017 15:07] [MUTASI BARANG] MUTASI BARANG : detailRequestOrderDataGridView_CellValueChanged [hpp]
[ADMIN] [2/7/2017 15:07] [MUTASI BARANG] MUTASI BARANG : detailRequestOrderDataGridView_CellValueChanged [qty]
[ADMIN] [2/7/2017 15:07] [MUTASI BARANG] MUTASI BARANG : detailRequestOrderDataGridView_CellValueChanged [subtotal]
[ADMIN] [2/7/2017 15:07] [MUTASI BARANG] updateSomeRowsContent, attempt to calculate total
[ADMIN] [2/7/2017 15:07] [MUTASI BARANG] MUTASI BARANG : detailRequestOrderDataGridView_CellValueChanged [expiryDateValue]
[ADMIN] [2/7/2017 15:07] [MUTASI BARANG] MUTASI BARANG : detailRequestOrderDataGridView_CellValueChanged [qty]
[ADMIN] [2/7/2017 15:07] [MUTASI BARANG] MUTASI BARANG : detailRequestOrderDataGridView_CellValueChanged [subtotal]
[ADMIN] [2/7/2017 15:07] [MUTASI BARANG] MUTASI BARANG : detailRequestOrderDataGridView_CellValueChanged [subtotal]
[] [2/7/2017 15:09] [] USER = ADMIN IS ACTIVE
[ADMIN] [2/7/2017 15:09] [] USER ID = 1 LOGIN SUCCESSFULLY
[ADMIN] [2/7/2017 15:09] [] ACTIVATE USER ACCESS RIGHT
[ADMIN] [2/7/2017 15:09] [] DISPLAY ADMIN FORM
[ADMIN] [2/7/2017 15:09] [] adminForm Load
[ADMIN] [2/7/2017 15:09] [] ACTIVATE USER ACCESS RIGHT
[ADMIN] [2/7/2017 15:09] [MUTASI BARANG] MUTASI BARANG : detailRequestOrderDataGridView_CellValueChanged [productID]
[ADMIN] [2/7/2017 15:09] [PENJUALAN] MUTASI FORM : Combobox_KeyUp, cashierDataGridView.CurrentCell.OwningColumn.Name  [productID]
[ADMIN] [2/7/2017 15:09] [MUTASI BARANG] MUTASI BARANG : detailRequestOrderDataGridView_CellValueChanged [productID]
[ADMIN] [2/7/2017 15:09] [MUTASI BARANG] MUTASI BARANG : detailRequestOrderDataGridView_CellValueChanged [productName]
[ADMIN] [2/7/2017 15:09] [MUTASI BARANG] updateSomeRowsContent, PRODUCT_BASE_PRICE [53700]
[ADMIN] [2/7/2017 15:09] [MUTASI BARANG] MUTASI BARANG : detailRequestOrderDataGridView_CellValueChanged [hpp]
[ADMIN] [2/7/2017 15:09] [MUTASI BARANG] MUTASI BARANG : detailRequestOrderDataGridView_CellValueChanged [qty]
[ADMIN] [2/7/2017 15:09] [MUTASI BARANG] MUTASI BARANG : detailRequestOrderDataGridView_CellValueChanged [subtotal]
[ADMIN] [2/7/2017 15:09] [MUTASI BARANG] updateSomeRowsContent, attempt to calculate total
[ADMIN] [2/7/2017 15:09] [MUTASI BARANG] MUTASI BARANG : detailRequestOrderDataGridView_CellValueChanged [expiryDateValue]
[ADMIN] [2/7/2017 15:10] [MUTASI BARANG] MUTASI BARANG : detailRequestOrderDataGridView_CellValueChanged [qty]
[ADMIN] [2/7/2017 15:10] [MUTASI BARANG] MUTASI BARANG : detailRequestOrderDataGridView_CellValueChanged [subtotal]
[ADMIN] [2/7/2017 15:10] [MUTASI BARANG] MUTASI BARANG : detailRequestOrderDataGridView_CellValueChanged [subtotal]
[ADMIN] [2/7/2017 15:13] [PENJUALAN] MUTASI FORM : Combobox_KeyUp, cashierDataGridView.CurrentCell.OwningColumn.Name  [qty]
[ADMIN] [2/7/2017 15:13] [MUTASI BARANG] MUTASI BARANG : detailRequestOrderDataGridView_CellValueChanged [productID]
[ADMIN] [2/7/2017 15:13] [PENJUALAN] MUTASI FORM : Combobox_KeyUp, cashierDataGridView.CurrentCell.OwningColumn.Name  [productID]
[ADMIN] [2/7/2017 15:13] [MUTASI BARANG] MUTASI BARANG : detailRequestOrderDataGridView_CellValueChanged [productID]
[ADMIN] [2/7/2017 15:13] [MUTASI BARANG] MUTASI BARANG : detailRequestOrderDataGridView_CellValueChanged [productName]
[ADMIN] [2/7/2017 15:13] [MUTASI BARANG] updateSomeRowsContent, PRODUCT_BASE_PRICE [41000]
[ADMIN] [2/7/2017 15:13] [MUTASI BARANG] MUTASI BARANG : detailRequestOrderDataGridView_CellValueChanged [hpp]
[ADMIN] [2/7/2017 15:13] [MUTASI BARANG] MUTASI BARANG : detailRequestOrderDataGridView_CellValueChanged [qty]
[ADMIN] [2/7/2017 15:13] [MUTASI BARANG] MUTASI BARANG : detailRequestOrderDataGridView_CellValueChanged [subtotal]
[ADMIN] [2/7/2017 15:13] [MUTASI BARANG] updateSomeRowsContent, attempt to calculate total
[ADMIN] [2/7/2017 15:14] [MUTASI BARANG] MUTASI BARANG : detailRequestOrderDataGridView_CellValueChanged [expiryDateValue]
[] [2/7/2017 15:16] [] USER = ADMIN IS ACTIVE
[ADMIN] [2/7/2017 15:16] [] USER ID = 1 LOGIN SUCCESSFULLY
[ADMIN] [2/7/2017 15:16] [] ACTIVATE USER ACCESS RIGHT
[ADMIN] [2/7/2017 15:16] [] DISPLAY ADMIN FORM
[ADMIN] [2/7/2017 15:16] [] adminForm Load
[ADMIN] [2/7/2017 15:16] [] ACTIVATE USER ACCESS RIGHT
[ADMIN] [2/7/2017 15:16] [MUTASI BARANG] MUTASI BARANG : detailRequestOrderDataGridView_CellValueChanged [productID]
[ADMIN] [2/7/2017 15:16] [PENJUALAN] MUTASI FORM : Combobox_KeyUp, cashierDataGridView.CurrentCell.OwningColumn.Name  [productID]
[ADMIN] [2/7/2017 15:16] [MUTASI BARANG] MUTASI BARANG : detailRequestOrderDataGridView_CellValueChanged [productID]
[ADMIN] [2/7/2017 15:16] [MUTASI BARANG] MUTASI BARANG : detailRequestOrderDataGridView_CellValueChanged [productName]
[ADMIN] [2/7/2017 15:16] [MUTASI BARANG] updateSomeRowsContent, PRODUCT_BASE_PRICE [29250]
[ADMIN] [2/7/2017 15:16] [MUTASI BARANG] MUTASI BARANG : detailRequestOrderDataGridView_CellValueChanged [hpp]
[ADMIN] [2/7/2017 15:16] [MUTASI BARANG] MUTASI BARANG : detailRequestOrderDataGridView_CellValueChanged [qty]
[ADMIN] [2/7/2017 15:16] [MUTASI BARANG] MUTASI BARANG : detailRequestOrderDataGridView_CellValueChanged [subtotal]
[ADMIN] [2/7/2017 15:16] [MUTASI BARANG] updateSomeRowsContent, attempt to calculate total
[ADMIN] [2/7/2017 15:16] [MUTASI BARANG] MUTASI BARANG : detailRequestOrderDataGridView_CellValueChanged [expiryDateValue]
[ADMIN] [2/7/2017 15:16] [MUTASI BARANG] MUTASI BARANG : detailRequestOrderDataGridView_CellValueChanged [expiryDate]
[ADMIN] [2/7/2017 15:16] [MUTASI BARANG] MUTASI BARANG : detailRequestOrderDataGridView_CellValueChanged [qty]
[ADMIN] [2/7/2017 15:16] [MUTASI BARANG] MUTASI BARANG : detailRequestOrderDataGridView_CellValueChanged [subtotal]
[ADMIN] [2/7/2017 15:16] [MUTASI BARANG] MUTASI BARANG : detailRequestOrderDataGridView_CellValueChanged [subtotal]
[] [2/7/2017 15:19] [] USER = ADMIN IS ACTIVE
[ADMIN] [2/7/2017 15:19] [] USER ID = 1 LOGIN SUCCESSFULLY
[ADMIN] [2/7/2017 15:19] [] ACTIVATE USER ACCESS RIGHT
[ADMIN] [2/7/2017 15:19] [] DISPLAY ADMIN FORM
[ADMIN] [2/7/2017 15:19] [] adminForm Load
[ADMIN] [2/7/2017 15:19] [] ACTIVATE USER ACCESS RIGHT
[ADMIN] [2/7/2017 15:19] [MUTASI BARANG] MUTASI BARANG : detailRequestOrderDataGridView_CellValueChanged [productID]
[ADMIN] [2/7/2017 15:19] [PENJUALAN] MUTASI FORM : Combobox_KeyUp, cashierDataGridView.CurrentCell.OwningColumn.Name  [productID]
[ADMIN] [2/7/2017 15:19] [MUTASI BARANG] MUTASI BARANG : detailRequestOrderDataGridView_CellValueChanged [productID]
[ADMIN] [2/7/2017 15:19] [MUTASI BARANG] MUTASI BARANG : detailRequestOrderDataGridView_CellValueChanged [productName]
[ADMIN] [2/7/2017 15:19] [MUTASI BARANG] updateSomeRowsContent, PRODUCT_BASE_PRICE [17200]
[ADMIN] [2/7/2017 15:19] [MUTASI BARANG] MUTASI BARANG : detailRequestOrderDataGridView_CellValueChanged [hpp]
[ADMIN] [2/7/2017 15:19] [MUTASI BARANG] MUTASI BARANG : detailRequestOrderDataGridView_CellValueChanged [qty]
[ADMIN] [2/7/2017 15:19] [MUTASI BARANG] MUTASI BARANG : detailRequestOrderDataGridView_CellValueChanged [subtotal]
[ADMIN] [2/7/2017 15:19] [MUTASI BARANG] updateSomeRowsContent, attempt to calculate total
[ADMIN] [2/7/2017 15:19] [MUTASI BARANG] MUTASI BARANG : detailRequestOrderDataGridView_CellValueChanged [expiryDateValue]
[ADMIN] [2/7/2017 15:20] [MUTASI BARANG] MUTASI BARANG : detailRequestOrderDataGridView_CellValueChanged [expiryDate]
[ADMIN] [2/7/2017 15:20] [MUTASI BARANG] MUTASI BARANG : detailRequestOrderDataGridView_CellValueChanged [qty]
[ADMIN] [2/7/2017 15:20] [MUTASI BARANG] MUTASI BARANG : detailRequestOrderDataGridView_CellValueChanged [subtotal]
[ADMIN] [2/7/2017 15:20] [MUTASI BARANG] MUTASI BARANG : detailRequestOrderDataGridView_CellValueChanged [subtotal]
[] [2/7/2017 15:20] [] USER = ADMIN IS ACTIVE
[ADMIN] [2/7/2017 15:20] [] USER ID = 1 LOGIN SUCCESSFULLY
[ADMIN] [2/7/2017 15:20] [] ACTIVATE USER ACCESS RIGHT
[ADMIN] [2/7/2017 15:21] [] DISPLAY ADMIN FORM
[ADMIN] [2/7/2017 15:21] [] adminForm Load
[ADMIN] [2/7/2017 15:21] [] ACTIVATE USER ACCESS RIGHT
[ADMIN] [2/7/2017 15:21] [MUTASI BARANG] MUTASI BARANG : detailRequestOrderDataGridView_CellValueChanged [productID]
[ADMIN] [2/7/2017 15:21] [PENJUALAN] MUTASI FORM : Combobox_KeyUp, cashierDataGridView.CurrentCell.OwningColumn.Name  [productID]
[ADMIN] [2/7/2017 15:21] [MUTASI BARANG] MUTASI BARANG : detailRequestOrderDataGridView_CellValueChanged [productID]
[ADMIN] [2/7/2017 15:21] [MUTASI BARANG] MUTASI BARANG : detailRequestOrderDataGridView_CellValueChanged [productName]
[ADMIN] [2/7/2017 15:21] [MUTASI BARANG] updateSomeRowsContent, PRODUCT_BASE_PRICE [28000]
[ADMIN] [2/7/2017 15:21] [MUTASI BARANG] MUTASI BARANG : detailRequestOrderDataGridView_CellValueChanged [hpp]
[ADMIN] [2/7/2017 15:21] [MUTASI BARANG] MUTASI BARANG : detailRequestOrderDataGridView_CellValueChanged [qty]
[ADMIN] [2/7/2017 15:21] [MUTASI BARANG] MUTASI BARANG : detailRequestOrderDataGridView_CellValueChanged [subtotal]
[ADMIN] [2/7/2017 15:21] [MUTASI BARANG] updateSomeRowsContent, attempt to calculate total
[ADMIN] [2/7/2017 15:21] [MUTASI BARANG] MUTASI BARANG : detailRequestOrderDataGridView_CellValueChanged [expiryDateValue]
[ADMIN] [2/7/2017 15:21] [MUTASI BARANG] MUTASI BARANG : detailRequestOrderDataGridView_CellValueChanged [expiryDate]
[ADMIN] [2/7/2017 15:21] [MUTASI BARANG] MUTASI BARANG : detailRequestOrderDataGridView_CellValueChanged [qty]
[ADMIN] [2/7/2017 15:21] [MUTASI BARANG] MUTASI BARANG : detailRequestOrderDataGridView_CellValueChanged [subtotal]
[ADMIN] [2/7/2017 15:21] [MUTASI BARANG] MUTASI BARANG : detailRequestOrderDataGridView_CellValueChanged [subtotal]
[ADMIN] [2/7/2017 15:21] [MUTASI BARANG] MUTASI BARANG : detailRequestOrderDataGridView_CellValueChanged [productID]
[ADMIN] [2/7/2017 15:21] [PENJUALAN] MUTASI FORM : Combobox_KeyUp, cashierDataGridView.CurrentCell.OwningColumn.Name  [productID]
[ADMIN] [2/7/2017 15:21] [PENJUALAN] MUTASI FORM : Combobox_KeyUp, cashierDataGridView.CurrentCell.OwningColumn.Name  [qty]
[ADMIN] [2/7/2017 15:21] [MUTASI BARANG] MUTASI BARANG : detailRequestOrderDataGridView_CellValueChanged [productID]
[ADMIN] [2/7/2017 15:21] [MUTASI BARANG] MUTASI BARANG : detailRequestOrderDataGridView_CellValueChanged [productName]
[ADMIN] [2/7/2017 15:21] [MUTASI BARANG] updateSomeRowsContent, PRODUCT_BASE_PRICE [21000]
[ADMIN] [2/7/2017 15:21] [MUTASI BARANG] MUTASI BARANG : detailRequestOrderDataGridView_CellValueChanged [hpp]
[ADMIN] [2/7/2017 15:21] [MUTASI BARANG] MUTASI BARANG : detailRequestOrderDataGridView_CellValueChanged [qty]
[ADMIN] [2/7/2017 15:21] [MUTASI BARANG] MUTASI BARANG : detailRequestOrderDataGridView_CellValueChanged [subtotal]
[ADMIN] [2/7/2017 15:21] [MUTASI BARANG] updateSomeRowsContent, attempt to calculate total
[ADMIN] [2/7/2017 15:21] [MUTASI BARANG] MUTASI BARANG : detailRequestOrderDataGridView_CellValueChanged [expiryDateValue]
[ADMIN] [2/7/2017 15:21] [MUTASI BARANG] MUTASI BARANG : detailRequestOrderDataGridView_CellValueChanged [expiryDate]
[ADMIN] [2/7/2017 15:21] [MUTASI BARANG] MUTASI BARANG : detailRequestOrderDataGridView_CellValueChanged [qty]
[ADMIN] [2/7/2017 15:21] [MUTASI BARANG] MUTASI BARANG : detailRequestOrderDataGridView_CellValueChanged [subtotal]
[ADMIN] [2/7/2017 15:22] [MUTASI BARANG] MUTASI BARANG : detailRequestOrderDataGridView_CellValueChanged [productID]
[ADMIN] [2/7/2017 15:22] [PENJUALAN] MUTASI FORM : Combobox_KeyUp, cashierDataGridView.CurrentCell.OwningColumn.Name  [productID]
[ADMIN] [2/7/2017 15:22] [PENJUALAN] MUTASI FORM : Combobox_KeyUp, cashierDataGridView.CurrentCell.OwningColumn.Name  [qty]
[ADMIN] [2/7/2017 15:22] [PENJUALAN] MUTASI FORM : Combobox_KeyUp, cashierDataGridView.CurrentCell.OwningColumn.Name  [productID]
[ADMIN] [2/7/2017 15:22] [PENJUALAN] MUTASI FORM : Combobox_KeyUp, cashierDataGridView.CurrentCell.OwningColumn.Name  [productID]
[ADMIN] [2/7/2017 15:22] [MUTASI BARANG] MUTASI BARANG : detailRequestOrderDataGridView_CellValueChanged [productID]
[ADMIN] [2/7/2017 15:22] [PENJUALAN] MUTASI FORM : Combobox_KeyUp, cashierDataGridView.CurrentCell.OwningColumn.Name  [productID]
[ADMIN] [2/7/2017 15:22] [PENJUALAN] MUTASI FORM : Combobox_KeyUp, cashierDataGridView.CurrentCell.OwningColumn.Name  [productID]
[ADMIN] [2/7/2017 15:22] [MUTASI BARANG] MUTASI BARANG : detailRequestOrderDataGridView_CellValueChanged [productID]
[ADMIN] [2/7/2017 15:22] [PENJUALAN] MUTASI FORM : Combobox_KeyUp, cashierDataGridView.CurrentCell.OwningColumn.Name  [productID]
[ADMIN] [2/7/2017 15:22] [MUTASI BARANG] MUTASI BARANG : detailRequestOrderDataGridView_CellValueChanged [productID]
[ADMIN] [2/7/2017 15:22] [MUTASI BARANG] MUTASI BARANG : detailRequestOrderDataGridView_CellValueChanged [productName]
[ADMIN] [2/7/2017 15:22] [MUTASI BARANG] updateSomeRowsContent, PRODUCT_BASE_PRICE [53700]
[ADMIN] [2/7/2017 15:22] [MUTASI BARANG] MUTASI BARANG : detailRequestOrderDataGridView_CellValueChanged [hpp]
[ADMIN] [2/7/2017 15:22] [MUTASI BARANG] MUTASI BARANG : detailRequestOrderDataGridView_CellValueChanged [qty]
[ADMIN] [2/7/2017 15:22] [MUTASI BARANG] MUTASI BARANG : detailRequestOrderDataGridView_CellValueChanged [subtotal]
[ADMIN] [2/7/2017 15:22] [MUTASI BARANG] updateSomeRowsContent, attempt to calculate total
[ADMIN] [2/7/2017 15:22] [MUTASI BARANG] MUTASI BARANG : detailRequestOrderDataGridView_CellValueChanged [expiryDateValue]
[ADMIN] [2/7/2017 15:22] [MUTASI BARANG] MUTASI BARANG : detailRequestOrderDataGridView_CellValueChanged [expiryDate]
[ADMIN] [2/7/2017 15:22] [MUTASI BARANG] MUTASI BARANG : detailRequestOrderDataGridView_CellValueChanged [qty]
[ADMIN] [2/7/2017 15:22] [MUTASI BARANG] MUTASI BARANG : detailRequestOrderDataGridView_CellValueChanged [subtotal]
[ADMIN] [2/7/2017 15:22] [MUTASI BARANG] MUTASI BARANG : detailRequestOrderDataGridView_CellValueChanged [productID]
[ADMIN] [2/7/2017 15:22] [PENJUALAN] MUTASI FORM : Combobox_KeyUp, cashierDataGridView.CurrentCell.OwningColumn.Name  [productID]
[ADMIN] [2/7/2017 15:22] [PENJUALAN] MUTASI FORM : Combobox_KeyUp, cashierDataGridView.CurrentCell.OwningColumn.Name  [qty]
[ADMIN] [2/7/2017 15:23] [PENJUALAN] MUTASI FORM : Combobox_KeyUp, cashierDataGridView.CurrentCell.OwningColumn.Name  [qty]
[ADMIN] [2/7/2017 15:23] [PENJUALAN] MUTASI FORM : Combobox_KeyUp, cashierDataGridView.CurrentCell.OwningColumn.Name  [productID]
[ADMIN] [2/7/2017 15:23] [PENJUALAN] MUTASI FORM : Combobox_KeyUp, cashierDataGridView.CurrentCell.OwningColumn.Name  [productID]
[ADMIN] [2/7/2017 15:25] [MUTASI BARANG] MUTASI BARANG : detailRequestOrderDataGridView_CellValueChanged [productID]
[ADMIN] [2/7/2017 15:25] [MUTASI BARANG] MUTASI BARANG : detailRequestOrderDataGridView_CellValueChanged [productName]
[ADMIN] [2/7/2017 15:25] [MUTASI BARANG] updateSomeRowsContent, PRODUCT_BASE_PRICE [18000]
[ADMIN] [2/7/2017 15:25] [MUTASI BARANG] MUTASI BARANG : detailRequestOrderDataGridView_CellValueChanged [hpp]
[ADMIN] [2/7/2017 15:25] [MUTASI BARANG] MUTASI BARANG : detailRequestOrderDataGridView_CellValueChanged [qty]
[ADMIN] [2/7/2017 15:25] [MUTASI BARANG] MUTASI BARANG : detailRequestOrderDataGridView_CellValueChanged [subtotal]
[ADMIN] [2/7/2017 15:25] [MUTASI BARANG] updateSomeRowsContent, attempt to calculate total
[ADMIN] [2/7/2017 15:25] [MUTASI BARANG] MUTASI BARANG : detailRequestOrderDataGridView_CellValueChanged [expiryDateValue]
[ADMIN] [2/7/2017 15:25] [MUTASI BARANG] MUTASI BARANG : detailRequestOrderDataGridView_CellValueChanged [expiryDate]
[ADMIN] [2/7/2017 15:25] [MUTASI BARANG] MUTASI BARANG : detailRequestOrderDataGridView_CellValueChanged [qty]
[ADMIN] [2/7/2017 15:25] [MUTASI BARANG] MUTASI BARANG : detailRequestOrderDataGridView_CellValueChanged [subtotal]
[ADMIN] [2/7/2017 15:25] [PENJUALAN] MUTASI FORM : Combobox_KeyUp, cashierDataGridView.CurrentCell.OwningColumn.Name  [qty]
[] [2/8/2017 11:35] [] USER = ADMIN IS ACTIVE
[ADMIN] [2/8/2017 11:35] [] USER ID = 1 LOGIN SUCCESSFULLY
[ADMIN] [2/8/2017 11:35] [] ACTIVATE USER ACCESS RIGHT
[ADMIN] [2/8/2017 11:35] [] DISPLAY ADMIN FORM
[ADMIN] [2/8/2017 11:35] [] adminForm Load
[ADMIN] [2/8/2017 11:35] [] ACTIVATE USER ACCESS RIGHT
[ADMIN] [2/8/2017 11:35] [MUTASI BARANG] MUTASI BARANG : detailRequestOrderDataGridView_CellValueChanged [productID]
[ADMIN] [2/8/2017 11:35] [PENJUALAN] MUTASI FORM : Combobox_KeyUp, cashierDataGridView.CurrentCell.OwningColumn.Name  [productID]
[ADMIN] [2/8/2017 11:36] [MUTASI BARANG] MUTASI BARANG : detailRequestOrderDataGridView_CellValueChanged [productID]
[ADMIN] [2/8/2017 11:36] [MUTASI BARANG] MUTASI BARANG : detailRequestOrderDataGridView_CellValueChanged [productName]
[ADMIN] [2/8/2017 11:36] [MUTASI BARANG] updateSomeRowsContent, PRODUCT_BASE_PRICE [53700]
[ADMIN] [2/8/2017 11:36] [MUTASI BARANG] MUTASI BARANG : detailRequestOrderDataGridView_CellValueChanged [hpp]
[ADMIN] [2/8/2017 11:36] [MUTASI BARANG] MUTASI BARANG : detailRequestOrderDataGridView_CellValueChanged [qty]
[ADMIN] [2/8/2017 11:36] [MUTASI BARANG] MUTASI BARANG : detailRequestOrderDataGridView_CellValueChanged [subtotal]
[ADMIN] [2/8/2017 11:36] [MUTASI BARANG] updateSomeRowsContent, attempt to calculate total
[ADMIN] [2/8/2017 11:36] [MUTASI BARANG] MUTASI BARANG : detailRequestOrderDataGridView_CellValueChanged [expiryDateValue]
[ADMIN] [2/8/2017 11:36] [MUTASI BARANG] MUTASI BARANG : detailRequestOrderDataGridView_CellValueChanged [expiryDate]
[ADMIN] [2/8/2017 11:36] [MUTASI BARANG] MUTASI BARANG : detailRequestOrderDataGridView_CellValueChanged [qty]
[ADMIN] [2/8/2017 11:36] [MUTASI BARANG] MUTASI BARANG : detailRequestOrderDataGridView_CellValueChanged [subtotal]
[ADMIN] [2/8/2017 11:36] [MUTASI BARANG] MUTASI BARANG : detailRequestOrderDataGridView_CellValueChanged [expiryDate]
[ADMIN] [2/8/2017 11:36] [MUTASI BARANG] MUTASI BARANG : detailRequestOrderDataGridView_CellValueChanged [productID]
[ADMIN] [2/8/2017 11:36] [PENJUALAN] MUTASI FORM : Combobox_KeyUp, cashierDataGridView.CurrentCell.OwningColumn.Name  [productID]
[ADMIN] [2/8/2017 11:36] [PENJUALAN] MUTASI FORM : Combobox_KeyUp, cashierDataGridView.CurrentCell.OwningColumn.Name  [qty]
[ADMIN] [2/8/2017 11:36] [MUTASI BARANG] MUTASI BARANG : detailRequestOrderDataGridView_CellValueChanged [productID]
[ADMIN] [2/8/2017 11:36] [MUTASI BARANG] MUTASI BARANG : detailRequestOrderDataGridView_CellValueChanged [productName]
[ADMIN] [2/8/2017 11:36] [MUTASI BARANG] updateSomeRowsContent, PRODUCT_BASE_PRICE [30000]
[ADMIN] [2/8/2017 11:36] [MUTASI BARANG] MUTASI BARANG : detailRequestOrderDataGridView_CellValueChanged [hpp]
[ADMIN] [2/8/2017 11:36] [MUTASI BARANG] MUTASI BARANG : detailRequestOrderDataGridView_CellValueChanged [qty]
[ADMIN] [2/8/2017 11:36] [MUTASI BARANG] MUTASI BARANG : detailRequestOrderDataGridView_CellValueChanged [subtotal]
[ADMIN] [2/8/2017 11:36] [MUTASI BARANG] updateSomeRowsContent, attempt to calculate total
[ADMIN] [2/8/2017 11:36] [MUTASI BARANG] MUTASI BARANG : detailRequestOrderDataGridView_CellValueChanged [expiryDateValue]
[ADMIN] [2/8/2017 11:36] [MUTASI BARANG] MUTASI BARANG : detailRequestOrderDataGridView_CellValueChanged [expiryDate]
[ADMIN] [2/8/2017 11:36] [MUTASI BARANG] MUTASI BARANG : detailRequestOrderDataGridView_CellValueChanged [qty]
[ADMIN] [2/8/2017 11:36] [MUTASI BARANG] MUTASI BARANG : detailRequestOrderDataGridView_CellValueChanged [subtotal]
[ADMIN] [2/8/2017 11:36] [PENJUALAN] MUTASI FORM : Combobox_KeyUp, cashierDataGridView.CurrentCell.OwningColumn.Name  [qty]
[ADMIN] [2/8/2017 11:36] [PENJUALAN] MUTASI FORM : Combobox_KeyUp, cashierDataGridView.CurrentCell.OwningColumn.Name  [qty]
[ADMIN] [2/8/2017 11:37] [MUTASI BARANG] deleteCurrentRow [1]
[ADMIN] [2/8/2017 11:37] [MUTASI BARANG] MUTASI BARANG : detailRequestOrderDataGridView_CellValueChanged [productID]
[ADMIN] [2/8/2017 11:37] [PENJUALAN] MUTASI FORM : Combobox_KeyUp, cashierDataGridView.CurrentCell.OwningColumn.Name  [productID]
[ADMIN] [2/8/2017 11:37] [MUTASI BARANG] MUTASI BARANG : detailRequestOrderDataGridView_CellValueChanged [productID]
[ADMIN] [2/8/2017 11:37] [MUTASI BARANG] MUTASI BARANG : detailRequestOrderDataGridView_CellValueChanged [productName]
[ADMIN] [2/8/2017 11:37] [MUTASI BARANG] updateSomeRowsContent, PRODUCT_BASE_PRICE [28000]
[ADMIN] [2/8/2017 11:37] [MUTASI BARANG] MUTASI BARANG : detailRequestOrderDataGridView_CellValueChanged [hpp]
[ADMIN] [2/8/2017 11:37] [MUTASI BARANG] MUTASI BARANG : detailRequestOrderDataGridView_CellValueChanged [qty]
[ADMIN] [2/8/2017 11:37] [MUTASI BARANG] MUTASI BARANG : detailRequestOrderDataGridView_CellValueChanged [subtotal]
[ADMIN] [2/8/2017 11:37] [MUTASI BARANG] updateSomeRowsContent, attempt to calculate total
[ADMIN] [2/8/2017 11:37] [MUTASI BARANG] MUTASI BARANG : detailRequestOrderDataGridView_CellValueChanged [expiryDateValue]
[ADMIN] [2/8/2017 11:37] [MUTASI BARANG] MUTASI BARANG : detailRequestOrderDataGridView_CellValueChanged [expiryDate]
[] [2/8/2017 11:40] [] USER = ADMIN IS ACTIVE
[ADMIN] [2/8/2017 11:40] [] USER ID = 1 LOGIN SUCCESSFULLY
[ADMIN] [2/8/2017 11:40] [] ACTIVATE USER ACCESS RIGHT
[ADMIN] [2/8/2017 11:40] [] DISPLAY ADMIN FORM
[ADMIN] [2/8/2017 11:40] [] adminForm Load
[ADMIN] [2/8/2017 11:40] [] ACTIVATE USER ACCESS RIGHT
[ADMIN] [2/8/2017 11:40] [MUTASI BARANG] MUTASI BARANG : detailRequestOrderDataGridView_CellValueChanged [productID]
[ADMIN] [2/8/2017 11:40] [PENJUALAN] MUTASI FORM : Combobox_KeyUp, cashierDataGridView.CurrentCell.OwningColumn.Name  [productID]
[ADMIN] [2/8/2017 11:40] [MUTASI BARANG] MUTASI BARANG : detailRequestOrderDataGridView_CellValueChanged [productID]
[ADMIN] [2/8/2017 11:40] [PENJUALAN] MUTASI FORM : Combobox_KeyUp, cashierDataGridView.CurrentCell.OwningColumn.Name  [productID]
[ADMIN] [2/8/2017 11:40] [MUTASI BARANG] MUTASI BARANG : detailRequestOrderDataGridView_CellValueChanged [productID]
[ADMIN] [2/8/2017 11:40] [MUTASI BARANG] MUTASI BARANG : detailRequestOrderDataGridView_CellValueChanged [productName]
[ADMIN] [2/8/2017 11:40] [MUTASI BARANG] updateSomeRowsContent, PRODUCT_BASE_PRICE [84000]
[ADMIN] [2/8/2017 11:40] [MUTASI BARANG] MUTASI BARANG : detailRequestOrderDataGridView_CellValueChanged [hpp]
[ADMIN] [2/8/2017 11:40] [MUTASI BARANG] MUTASI BARANG : detailRequestOrderDataGridView_CellValueChanged [qty]
[ADMIN] [2/8/2017 11:40] [MUTASI BARANG] MUTASI BARANG : detailRequestOrderDataGridView_CellValueChanged [subtotal]
[ADMIN] [2/8/2017 11:40] [MUTASI BARANG] updateSomeRowsContent, attempt to calculate total
[ADMIN] [2/8/2017 11:40] [MUTASI BARANG] MUTASI BARANG : detailRequestOrderDataGridView_CellValueChanged [expiryDateValue]
[ADMIN] [2/8/2017 11:40] [MUTASI BARANG] MUTASI BARANG : detailRequestOrderDataGridView_CellValueChanged [expiryDate]
[ADMIN] [2/8/2017 11:41] [MUTASI BARANG] MUTASI BARANG : detailRequestOrderDataGridView_CellValueChanged [qty]
[ADMIN] [2/8/2017 11:41] [MUTASI BARANG] MUTASI BARANG : detailRequestOrderDataGridView_CellValueChanged [subtotal]
[ADMIN] [2/8/2017 11:41] [PENJUALAN] MUTASI FORM : Combobox_KeyUp, cashierDataGridView.CurrentCell.OwningColumn.Name  [qty]
[] [2/8/2017 11:42] [] USER = ADMIN IS ACTIVE
[ADMIN] [2/8/2017 11:42] [] USER ID = 1 LOGIN SUCCESSFULLY
[ADMIN] [2/8/2017 11:43] [] ACTIVATE USER ACCESS RIGHT
[ADMIN] [2/8/2017 11:43] [] DISPLAY ADMIN FORM
[ADMIN] [2/8/2017 11:43] [] adminForm Load
[ADMIN] [2/8/2017 11:43] [] ACTIVATE USER ACCESS RIGHT
[ADMIN] [2/8/2017 11:43] [MUTASI BARANG] MUTASI BARANG : detailRequestOrderDataGridView_CellValueChanged [productID]
[ADMIN] [2/8/2017 11:43] [PENJUALAN] MUTASI FORM : Combobox_KeyUp, cashierDataGridView.CurrentCell.OwningColumn.Name  [productID]
[ADMIN] [2/8/2017 11:43] [MUTASI BARANG] MUTASI BARANG : detailRequestOrderDataGridView_CellValueChanged [productID]
[ADMIN] [2/8/2017 11:43] [MUTASI BARANG] MUTASI BARANG : detailRequestOrderDataGridView_CellValueChanged [productName]
[ADMIN] [2/8/2017 11:43] [MUTASI BARANG] updateSomeRowsContent, PRODUCT_BASE_PRICE [28000]
[ADMIN] [2/8/2017 11:43] [MUTASI BARANG] MUTASI BARANG : detailRequestOrderDataGridView_CellValueChanged [hpp]
[ADMIN] [2/8/2017 11:43] [MUTASI BARANG] MUTASI BARANG : detailRequestOrderDataGridView_CellValueChanged [qty]
[ADMIN] [2/8/2017 11:43] [MUTASI BARANG] MUTASI BARANG : detailRequestOrderDataGridView_CellValueChanged [subtotal]
[ADMIN] [2/8/2017 11:43] [MUTASI BARANG] updateSomeRowsContent, attempt to calculate total
[ADMIN] [2/8/2017 11:43] [MUTASI BARANG] MUTASI BARANG : detailRequestOrderDataGridView_CellValueChanged [expiryDateValue]
[ADMIN] [2/8/2017 11:43] [MUTASI BARANG] MUTASI BARANG : detailRequestOrderDataGridView_CellValueChanged [expiryDate]
[] [2/8/2017 11:45] [] USER = ADMIN IS ACTIVE
[ADMIN] [2/8/2017 11:45] [] USER ID = 1 LOGIN SUCCESSFULLY
[ADMIN] [2/8/2017 11:45] [] ACTIVATE USER ACCESS RIGHT
[ADMIN] [2/8/2017 11:45] [] DISPLAY ADMIN FORM
[ADMIN] [2/8/2017 11:45] [] adminForm Load
[ADMIN] [2/8/2017 11:45] [] ACTIVATE USER ACCESS RIGHT
[ADMIN] [2/8/2017 11:46] [MUTASI BARANG] MUTASI BARANG : detailRequestOrderDataGridView_CellValueChanged [productID]
[ADMIN] [2/8/2017 11:46] [PENJUALAN] MUTASI FORM : Combobox_KeyUp, cashierDataGridView.CurrentCell.OwningColumn.Name  [productID]
[ADMIN] [2/8/2017 11:46] [MUTASI BARANG] MUTASI BARANG : detailRequestOrderDataGridView_CellValueChanged [productID]
[ADMIN] [2/8/2017 11:46] [MUTASI BARANG] MUTASI BARANG : detailRequestOrderDataGridView_CellValueChanged [productName]
[ADMIN] [2/8/2017 11:46] [MUTASI BARANG] updateSomeRowsContent, PRODUCT_BASE_PRICE [17200]
[ADMIN] [2/8/2017 11:46] [MUTASI BARANG] MUTASI BARANG : detailRequestOrderDataGridView_CellValueChanged [hpp]
[ADMIN] [2/8/2017 11:46] [MUTASI BARANG] MUTASI BARANG : detailRequestOrderDataGridView_CellValueChanged [qty]
[ADMIN] [2/8/2017 11:46] [MUTASI BARANG] MUTASI BARANG : detailRequestOrderDataGridView_CellValueChanged [subtotal]
[ADMIN] [2/8/2017 11:46] [MUTASI BARANG] updateSomeRowsContent, attempt to calculate total
[ADMIN] [2/8/2017 11:46] [MUTASI BARANG] MUTASI BARANG : detailRequestOrderDataGridView_CellValueChanged [expiryDateValue]
[ADMIN] [2/8/2017 11:46] [MUTASI BARANG] MUTASI BARANG : detailRequestOrderDataGridView_CellValueChanged [expiryDate]
[ADMIN] [2/8/2017 11:46] [MUTASI BARANG] MUTASI BARANG : detailRequestOrderDataGridView_CellValueChanged [qty]
[ADMIN] [2/8/2017 11:46] [MUTASI BARANG] MUTASI BARANG : detailRequestOrderDataGridView_CellValueChanged [subtotal]
[ADMIN] [2/8/2017 11:46] [PENJUALAN] MUTASI FORM : Combobox_KeyUp, cashierDataGridView.CurrentCell.OwningColumn.Name  [qty]
[ADMIN] [2/8/2017 11:46] [MUTASI BARANG] MUTASI BARANG : detailRequestOrderDataGridView_CellValueChanged [qty]
[ADMIN] [2/8/2017 11:46] [MUTASI BARANG] MUTASI BARANG : detailRequestOrderDataGridView_CellValueChanged [subtotal]
[ADMIN] [2/8/2017 11:46] [PENJUALAN] MUTASI FORM : Combobox_KeyUp, cashierDataGridView.CurrentCell.OwningColumn.Name  [qty]
[ADMIN] [2/8/2017 11:46] [MUTASI BARANG] MUTASI BARANG : detailRequestOrderDataGridView_CellValueChanged [qty]
[ADMIN] [2/8/2017 11:46] [MUTASI BARANG] MUTASI BARANG : detailRequestOrderDataGridView_CellValueChanged [qty]
[ADMIN] [2/8/2017 11:46] [PENJUALAN] MUTASI FORM : Combobox_KeyUp, cashierDataGridView.CurrentCell.OwningColumn.Name  [qty]
[ADMIN] [2/8/2017 11:46] [PENJUALAN] MUTASI FORM : Combobox_KeyUp, cashierDataGridView.CurrentCell.OwningColumn.Name  [qty]
[ADMIN] [2/8/2017 11:46] [MUTASI BARANG] MUTASI BARANG : detailRequestOrderDataGridView_CellValueChanged [qty]
[ADMIN] [2/8/2017 11:46] [MUTASI BARANG] MUTASI BARANG : detailRequestOrderDataGridView_CellValueChanged [subtotal]
[ADMIN] [2/8/2017 11:46] [MUTASI BARANG] MUTASI BARANG : detailRequestOrderDataGridView_CellValueChanged [qty]
[ADMIN] [2/8/2017 11:46] [PENJUALAN] MUTASI FORM : Combobox_KeyUp, cashierDataGridView.CurrentCell.OwningColumn.Name  [qty]
[ADMIN] [2/8/2017 11:46] [MUTASI BARANG] MUTASI BARANG : detailRequestOrderDataGridView_CellValueChanged [qty]
[ADMIN] [2/8/2017 11:46] [MUTASI BARANG] MUTASI BARANG : detailRequestOrderDataGridView_CellValueChanged [subtotal]
[ADMIN] [2/8/2017 11:46] [PENJUALAN] MUTASI FORM : Combobox_KeyUp, cashierDataGridView.CurrentCell.OwningColumn.Name  [qty]
[ADMIN] [2/8/2017 11:46] [MUTASI BARANG] MUTASI BARANG : detailRequestOrderDataGridView_CellValueChanged [qty]
[ADMIN] [2/8/2017 11:46] [MUTASI BARANG] MUTASI BARANG : detailRequestOrderDataGridView_CellValueChanged [qty]
[ADMIN] [2/8/2017 11:46] [PENJUALAN] MUTASI FORM : Combobox_KeyUp, cashierDataGridView.CurrentCell.OwningColumn.Name  [qty]
[ADMIN] [2/8/2017 11:46] [MUTASI BARANG] MUTASI BARANG : detailRequestOrderDataGridView_CellValueChanged [qty]
[ADMIN] [2/8/2017 11:46] [MUTASI BARANG] MUTASI BARANG : detailRequestOrderDataGridView_CellValueChanged [qty]
[ADMIN] [2/8/2017 11:46] [PENJUALAN] MUTASI FORM : Combobox_KeyUp, cashierDataGridView.CurrentCell.OwningColumn.Name  [qty]
[ADMIN] [2/8/2017 11:46] [MUTASI BARANG] MUTASI BARANG : detailRequestOrderDataGridView_CellValueChanged [qty]
[ADMIN] [2/8/2017 11:46] [MUTASI BARANG] MUTASI BARANG : detailRequestOrderDataGridView_CellValueChanged [qty]
[ADMIN] [2/8/2017 11:46] [PENJUALAN] MUTASI FORM : Combobox_KeyUp, cashierDataGridView.CurrentCell.OwningColumn.Name  [qty]
[ADMIN] [2/8/2017 11:46] [PENJUALAN] MUTASI FORM : Combobox_KeyUp, cashierDataGridView.CurrentCell.OwningColumn.Name  [qty]
[ADMIN] [2/8/2017 11:46] [MUTASI BARANG] MUTASI BARANG : detailRequestOrderDataGridView_CellValueChanged [qty]
[ADMIN] [2/8/2017 11:46] [MUTASI BARANG] MUTASI BARANG : detailRequestOrderDataGridView_CellValueChanged [subtotal]
[ADMIN] [2/8/2017 11:46] [MUTASI BARANG] MUTASI BARANG : detailRequestOrderDataGridView_CellValueChanged [qty]
[ADMIN] [2/8/2017 11:46] [PENJUALAN] MUTASI FORM : Combobox_KeyUp, cashierDataGridView.CurrentCell.OwningColumn.Name  [qty]
[ADMIN] [2/8/2017 11:46] [PENJUALAN] MUTASI FORM : Combobox_KeyUp, cashierDataGridView.CurrentCell.OwningColumn.Name  [qty]
[ADMIN] [2/8/2017 11:46] [PENJUALAN] MUTASI FORM : Combobox_KeyUp, cashierDataGridView.CurrentCell.OwningColumn.Name  [productID]
[ADMIN] [2/8/2017 11:46] [PENJUALAN] MUTASI FORM : Combobox_KeyUp, cashierDataGridView.CurrentCell.OwningColumn.Name  [productName]
[ADMIN] [2/8/2017 11:46] [MUTASI BARANG] MUTASI BARANG : detailRequestOrderDataGridView_CellValueChanged [qty]
[ADMIN] [2/8/2017 11:46] [MUTASI BARANG] MUTASI BARANG : detailRequestOrderDataGridView_CellValueChanged [qty]
[ADMIN] [2/8/2017 11:46] [PENJUALAN] MUTASI FORM : Combobox_KeyUp, cashierDataGridView.CurrentCell.OwningColumn.Name  [qty]
[ADMIN] [2/8/2017 11:46] [MUTASI BARANG] MUTASI BARANG : detailRequestOrderDataGridView_CellValueChanged [qty]
[ADMIN] [2/8/2017 11:46] [MUTASI BARANG] MUTASI BARANG : detailRequestOrderDataGridView_CellValueChanged [qty]
[ADMIN] [2/8/2017 11:46] [PENJUALAN] MUTASI FORM : Combobox_KeyUp, cashierDataGridView.CurrentCell.OwningColumn.Name  [qty]
[ADMIN] [2/8/2017 11:46] [MUTASI BARANG] MUTASI BARANG : detailRequestOrderDataGridView_CellValueChanged [qty]
[ADMIN] [2/8/2017 11:46] [MUTASI BARANG] MUTASI BARANG : detailRequestOrderDataGridView_CellValueChanged [qty]
[ADMIN] [2/8/2017 11:46] [PENJUALAN] MUTASI FORM : Combobox_KeyUp, cashierDataGridView.CurrentCell.OwningColumn.Name  [qty]
[ADMIN] [2/8/2017 11:46] [MUTASI BARANG] MUTASI BARANG : detailRequestOrderDataGridView_CellValueChanged [qty]
[ADMIN] [2/8/2017 11:46] [MUTASI BARANG] MUTASI BARANG : detailRequestOrderDataGridView_CellValueChanged [subtotal]
[ADMIN] [2/8/2017 11:46] [MUTASI BARANG] MUTASI BARANG : detailRequestOrderDataGridView_CellValueChanged [qty]
[ADMIN] [2/8/2017 11:46] [MUTASI BARANG] MUTASI BARANG : detailRequestOrderDataGridView_CellValueChanged [qty]
[ADMIN] [2/8/2017 11:46] [PENJUALAN] MUTASI FORM : Combobox_KeyUp, cashierDataGridView.CurrentCell.OwningColumn.Name  [qty]
[ADMIN] [2/8/2017 11:46] [PENJUALAN] MUTASI FORM : Combobox_KeyUp, cashierDataGridView.CurrentCell.OwningColumn.Name  [qty]
[ADMIN] [2/8/2017 11:46] [MUTASI BARANG] MUTASI BARANG : detailRequestOrderDataGridView_CellValueChanged [qty]
[ADMIN] [2/8/2017 11:46] [MUTASI BARANG] MUTASI BARANG : detailRequestOrderDataGridView_CellValueChanged [qty]
[ADMIN] [2/8/2017 11:46] [PENJUALAN] MUTASI FORM : Combobox_KeyUp, cashierDataGridView.CurrentCell.OwningColumn.Name  [qty]
[ADMIN] [2/8/2017 11:46] [MUTASI BARANG] MUTASI BARANG : detailRequestOrderDataGridView_CellValueChanged [qty]
[ADMIN] [2/8/2017 11:46] [MUTASI BARANG] MUTASI BARANG : detailRequestOrderDataGridView_CellValueChanged [subtotal]
[ADMIN] [2/8/2017 11:46] [PENJUALAN] MUTASI FORM : Combobox_KeyUp, cashierDataGridView.CurrentCell.OwningColumn.Name  [qty]
[ADMIN] [2/8/2017 11:46] [MUTASI BARANG] MUTASI BARANG : detailRequestOrderDataGridView_CellValueChanged [qty]
[ADMIN] [2/8/2017 11:46] [MUTASI BARANG] MUTASI BARANG : detailRequestOrderDataGridView_CellValueChanged [subtotal]
[ADMIN] [2/8/2017 11:46] [MUTASI BARANG] MUTASI BARANG : detailRequestOrderDataGridView_CellValueChanged [qty]
[ADMIN] [2/8/2017 11:46] [PENJUALAN] MUTASI FORM : Combobox_KeyUp, cashierDataGridView.CurrentCell.OwningColumn.Name  [qty]
[ADMIN] [2/8/2017 11:46] [MUTASI BARANG] MUTASI BARANG : detailRequestOrderDataGridView_CellValueChanged [qty]
[ADMIN] [2/8/2017 11:46] [MUTASI BARANG] MUTASI BARANG : detailRequestOrderDataGridView_CellValueChanged [subtotal]
[ADMIN] [2/8/2017 11:46] [MUTASI BARANG] MUTASI BARANG : detailRequestOrderDataGridView_CellValueChanged [qty]
[ADMIN] [2/8/2017 11:46] [MUTASI BARANG] MUTASI BARANG : detailRequestOrderDataGridView_CellValueChanged [qty]
[ADMIN] [2/8/2017 11:46] [PENJUALAN] MUTASI FORM : Combobox_KeyUp, cashierDataGridView.CurrentCell.OwningColumn.Name  [qty]
[ADMIN] [2/8/2017 11:46] [PENJUALAN] MUTASI FORM : Combobox_KeyUp, cashierDataGridView.CurrentCell.OwningColumn.Name  [qty]
[ADMIN] [2/8/2017 11:46] [PENJUALAN] MUTASI FORM : Combobox_KeyUp, cashierDataGridView.CurrentCell.OwningColumn.Name  [qty]
[ADMIN] [2/8/2017 11:46] [MUTASI BARANG] MUTASI BARANG : detailRequestOrderDataGridView_CellValueChanged [qty]
[ADMIN] [2/8/2017 11:46] [MUTASI BARANG] MUTASI BARANG : detailRequestOrderDataGridView_CellValueChanged [subtotal]
[ADMIN] [2/8/2017 11:46] [MUTASI BARANG] MUTASI BARANG : detailRequestOrderDataGridView_CellValueChanged [qty]
[ADMIN] [2/8/2017 11:46] [PENJUALAN] MUTASI FORM : Combobox_KeyUp, cashierDataGridView.CurrentCell.OwningColumn.Name  [qty]
[ADMIN] [2/8/2017 11:46] [MUTASI BARANG] MUTASI BARANG : detailRequestOrderDataGridView_CellValueChanged [qty]
[ADMIN] [2/8/2017 11:46] [MUTASI BARANG] MUTASI BARANG : detailRequestOrderDataGridView_CellValueChanged [subtotal]
[ADMIN] [2/8/2017 11:46] [PENJUALAN] MUTASI FORM : Combobox_KeyUp, cashierDataGridView.CurrentCell.OwningColumn.Name  [qty]
[ADMIN] [2/8/2017 11:46] [MUTASI BARANG] MUTASI BARANG : detailRequestOrderDataGridView_CellValueChanged [qty]
[ADMIN] [2/8/2017 11:46] [MUTASI BARANG] MUTASI BARANG : detailRequestOrderDataGridView_CellValueChanged [qty]
[ADMIN] [2/8/2017 11:46] [PENJUALAN] MUTASI FORM : Combobox_KeyUp, cashierDataGridView.CurrentCell.OwningColumn.Name  [qty]
[ADMIN] [2/8/2017 11:46] [PENJUALAN] MUTASI FORM : Combobox_KeyUp, cashierDataGridView.CurrentCell.OwningColumn.Name  [qty]
[ADMIN] [2/8/2017 11:46] [MUTASI BARANG] MUTASI BARANG : detailRequestOrderDataGridView_CellValueChanged [qty]
[ADMIN] [2/8/2017 11:46] [MUTASI BARANG] MUTASI BARANG : detailRequestOrderDataGridView_CellValueChanged [subtotal]
[ADMIN] [2/8/2017 11:46] [MUTASI BARANG] MUTASI BARANG : detailRequestOrderDataGridView_CellValueChanged [qty]
[ADMIN] [2/8/2017 11:46] [PENJUALAN] MUTASI FORM : Combobox_KeyUp, cashierDataGridView.CurrentCell.OwningColumn.Name  [qty]
[ADMIN] [2/8/2017 11:46] [MUTASI BARANG] MUTASI BARANG : detailRequestOrderDataGridView_CellValueChanged [qty]
[ADMIN] [2/8/2017 11:46] [MUTASI BARANG] MUTASI BARANG : detailRequestOrderDataGridView_CellValueChanged [subtotal]
[ADMIN] [2/8/2017 11:46] [PENJUALAN] MUTASI FORM : Combobox_KeyUp, cashierDataGridView.CurrentCell.OwningColumn.Name  [qty]
[ADMIN] [2/8/2017 11:46] [MUTASI BARANG] MUTASI BARANG : detailRequestOrderDataGridView_CellValueChanged [qty]
[ADMIN] [2/8/2017 11:46] [MUTASI BARANG] MUTASI BARANG : detailRequestOrderDataGridView_CellValueChanged [subtotal]
[ADMIN] [2/8/2017 11:46] [MUTASI BARANG] MUTASI BARANG : detailRequestOrderDataGridView_CellValueChanged [qty]
[ADMIN] [2/8/2017 11:46] [PENJUALAN] MUTASI FORM : Combobox_KeyUp, cashierDataGridView.CurrentCell.OwningColumn.Name  [qty]
[ADMIN] [2/8/2017 11:46] [PENJUALAN] MUTASI FORM : Combobox_KeyUp, cashierDataGridView.CurrentCell.OwningColumn.Name  [qty]
[ADMIN] [2/8/2017 11:46] [MUTASI BARANG] MUTASI BARANG : detailRequestOrderDataGridView_CellValueChanged [qty]
[ADMIN] [2/8/2017 11:46] [MUTASI BARANG] MUTASI BARANG : detailRequestOrderDataGridView_CellValueChanged [subtotal]
[ADMIN] [2/8/2017 11:46] [PENJUALAN] MUTASI FORM : Combobox_KeyUp, cashierDataGridView.CurrentCell.OwningColumn.Name  [qty]
[ADMIN] [2/8/2017 11:46] [MUTASI BARANG] MUTASI BARANG : detailRequestOrderDataGridView_CellValueChanged [qty]
[ADMIN] [2/8/2017 11:46] [MUTASI BARANG] MUTASI BARANG : detailRequestOrderDataGridView_CellValueChanged [qty]
[ADMIN] [2/8/2017 11:46] [PENJUALAN] MUTASI FORM : Combobox_KeyUp, cashierDataGridView.CurrentCell.OwningColumn.Name  [qty]
[ADMIN] [2/8/2017 11:46] [PENJUALAN] MUTASI FORM : Combobox_KeyUp, cashierDataGridView.CurrentCell.OwningColumn.Name  [qty]
[ADMIN] [2/8/2017 11:46] [MUTASI BARANG] MUTASI BARANG : detailRequestOrderDataGridView_CellValueChanged [qty]
[ADMIN] [2/8/2017 11:46] [MUTASI BARANG] MUTASI BARANG : detailRequestOrderDataGridView_CellValueChanged [qty]
[ADMIN] [2/8/2017 11:46] [PENJUALAN] MUTASI FORM : Combobox_KeyUp, cashierDataGridView.CurrentCell.OwningColumn.Name  [qty]
[ADMIN] [2/8/2017 11:46] [PENJUALAN] MUTASI FORM : Combobox_KeyUp, cashierDataGridView.CurrentCell.OwningColumn.Name  [qty]
[ADMIN] [2/8/2017 11:46] [MUTASI BARANG] MUTASI BARANG : detailRequestOrderDataGridView_CellValueChanged [qty]
[ADMIN] [2/8/2017 11:46] [MUTASI BARANG] MUTASI BARANG : detailRequestOrderDataGridView_CellValueChanged [subtotal]
[ADMIN] [2/8/2017 11:46] [MUTASI BARANG] MUTASI BARANG : detailRequestOrderDataGridView_CellValueChanged [qty]
[ADMIN] [2/8/2017 11:46] [PENJUALAN] MUTASI FORM : Combobox_KeyUp, cashierDataGridView.CurrentCell.OwningColumn.Name  [qty]
[ADMIN] [2/8/2017 11:47] [MUTASI BARANG] MUTASI BARANG : detailRequestOrderDataGridView_CellValueChanged [productID]
[ADMIN] [2/8/2017 11:47] [PENJUALAN] MUTASI FORM : Combobox_KeyUp, cashierDataGridView.CurrentCell.OwningColumn.Name  [productID]
[ADMIN] [2/8/2017 11:47] [MUTASI BARANG] MUTASI BARANG : detailRequestOrderDataGridView_CellValueChanged [productID]
[ADMIN] [2/8/2017 11:47] [PENJUALAN] MUTASI FORM : Combobox_KeyUp, cashierDataGridView.CurrentCell.OwningColumn.Name  [productID]
[ADMIN] [2/8/2017 11:47] [MUTASI BARANG] MUTASI BARANG : detailRequestOrderDataGridView_CellValueChanged [productID]
[ADMIN] [2/8/2017 11:47] [MUTASI BARANG] MUTASI BARANG : detailRequestOrderDataGridView_CellValueChanged [productName]
[ADMIN] [2/8/2017 11:47] [MUTASI BARANG] updateSomeRowsContent, PRODUCT_BASE_PRICE [8350]
[ADMIN] [2/8/2017 11:47] [MUTASI BARANG] MUTASI BARANG : detailRequestOrderDataGridView_CellValueChanged [hpp]
[ADMIN] [2/8/2017 11:47] [MUTASI BARANG] MUTASI BARANG : detailRequestOrderDataGridView_CellValueChanged [qty]
[ADMIN] [2/8/2017 11:47] [MUTASI BARANG] MUTASI BARANG : detailRequestOrderDataGridView_CellValueChanged [subtotal]
[ADMIN] [2/8/2017 11:47] [MUTASI BARANG] updateSomeRowsContent, attempt to calculate total
[ADMIN] [2/8/2017 11:47] [MUTASI BARANG] MUTASI BARANG : detailRequestOrderDataGridView_CellValueChanged [expiryDateValue]
[ADMIN] [2/8/2017 11:47] [MUTASI BARANG] MUTASI BARANG : detailRequestOrderDataGridView_CellValueChanged [expiryDate]
[ADMIN] [2/8/2017 11:47] [MUTASI BARANG] MUTASI BARANG : detailRequestOrderDataGridView_CellValueChanged [qty]
[ADMIN] [2/8/2017 11:47] [MUTASI BARANG] MUTASI BARANG : detailRequestOrderDataGridView_CellValueChanged [subtotal]
[ADMIN] [2/8/2017 11:48] [PENERIMAAN BARANG] PENERIMAAN BARANG : detailGridView_CellValueChanged [productID]
[ADMIN] [2/8/2017 11:48] [PENERIMAAN BARANG] PENERIMAAN BARANG : detailGridView_CellValueChanged [productID]
[ADMIN] [2/8/2017 11:48] [PENERIMAAN BARANG] PENERIMAAN BARANG : detailGridView_CellValueChanged [productName]
[ADMIN] [2/8/2017 11:48] [PENJUALAN] CASHIER FORM : ComboBox_SelectedIndexChanged, PRODUCT_BASE_PRICE [41000]
[ADMIN] [2/8/2017 11:48] [PENERIMAAN BARANG] PENERIMAAN BARANG : detailGridView_CellValueChanged [hpp]
[ADMIN] [2/8/2017 11:48] [PENERIMAAN BARANG] PENERIMAAN BARANG : detailGridView_CellValueChanged [subtotal]
[ADMIN] [2/8/2017 11:48] [PENERIMAAN BARANG] PENERIMAAN BARANG : detailGridView_CellValueChanged [qtyReceived]
[ADMIN] [2/8/2017 11:48] [PENERIMAAN BARANG] PENERIMAAN BARANG : detailGridView_CellValueChanged [subtotal]
[ADMIN] [2/8/2017 11:48] [PENJUALAN] CASHIER FORM : ComboBox_SelectedIndexChanged, attempt to calculate total
[ADMIN] [2/8/2017 11:48] [PENERIMAAN BARANG] PENERIMAAN BARANG : detailGridView_CellValueChanged [qtyReceived]
[ADMIN] [2/8/2017 11:48] [PENERIMAAN BARANG] PENERIMAAN BARANG : detailGridView_CellValueChanged [subtotal]
[ADMIN] [2/8/2017 11:48] [PENERIMAAN BARANG] PENERIMAAN BARANG : detailGridView_CellValueChanged [subtotal]
[ADMIN] [2/8/2017 11:48] [PENERIMAAN BARANG] PENERIMAAN BARANG : detailGridView_CellValueChanged [qtyReceived]
[ADMIN] [2/8/2017 11:48] [PENERIMAAN BARANG] PENERIMAAN BARANG : detailGridView_CellValueChanged [subtotal]
[ADMIN] [2/8/2017 11:48] [PENERIMAAN BARANG] PENERIMAAN BARANG : detailGridView_CellValueChanged [qtyReceived]
[ADMIN] [2/8/2017 11:48] [PENERIMAAN BARANG] PENERIMAAN BARANG : detailGridView_CellValueChanged [subtotal]
[ADMIN] [2/8/2017 11:48] [PENERIMAAN BARANG] PENERIMAAN BARANG : detailGridView_CellValueChanged [expiryDate]
[ADMIN] [2/8/2017 11:48] [PENERIMAAN BARANG] PENERIMAAN BARANG : detailGridView_CellValueChanged [expiryDateValue]
[ADMIN] [2/8/2017 11:48] [PENERIMAAN BARANG] PENERIMAAN BARANG : detailGridView_CellValueChanged [productID]
[ADMIN] [2/8/2017 11:48] [PENERIMAAN BARANG] PENERIMAAN BARANG : detailGridView_CellValueChanged [productID]
[ADMIN] [2/8/2017 11:48] [PENERIMAAN BARANG] PENERIMAAN BARANG : detailGridView_CellValueChanged [productName]
[ADMIN] [2/8/2017 11:48] [PENJUALAN] CASHIER FORM : ComboBox_SelectedIndexChanged, PRODUCT_BASE_PRICE [18000]
[ADMIN] [2/8/2017 11:48] [PENERIMAAN BARANG] PENERIMAAN BARANG : detailGridView_CellValueChanged [hpp]
[ADMIN] [2/8/2017 11:48] [PENERIMAAN BARANG] PENERIMAAN BARANG : detailGridView_CellValueChanged [subtotal]
[ADMIN] [2/8/2017 11:48] [PENERIMAAN BARANG] PENERIMAAN BARANG : detailGridView_CellValueChanged [qtyReceived]
[ADMIN] [2/8/2017 11:48] [PENERIMAAN BARANG] PENERIMAAN BARANG : detailGridView_CellValueChanged [subtotal]
[ADMIN] [2/8/2017 11:48] [PENJUALAN] CASHIER FORM : ComboBox_SelectedIndexChanged, attempt to calculate total
[ADMIN] [2/8/2017 11:48] [PENERIMAAN BARANG] PENERIMAAN BARANG : detailGridView_CellValueChanged [qtyReceived]
[ADMIN] [2/8/2017 11:48] [PENERIMAAN BARANG] PENERIMAAN BARANG : detailGridView_CellValueChanged [subtotal]
[ADMIN] [2/8/2017 11:48] [PENERIMAAN BARANG] PENERIMAAN BARANG : detailGridView_CellValueChanged [subtotal]
[ADMIN] [2/8/2017 11:48] [PENERIMAAN BARANG] PENERIMAAN BARANG : detailGridView_CellValueChanged [expiryDate]
[ADMIN] [2/8/2017 11:48] [PENERIMAAN BARANG] PENERIMAAN BARANG : detailGridView_CellValueChanged [expiryDateValue]
[ADMIN] [2/8/2017 11:48] [PENERIMAAN BARANG] SAVE PENERIMAAN BARANG
[ADMIN] [2/8/2017 11:48] [PENERIMAAN BARANG] PENERIMAAN BARANG : detailGridView_CellValueChanged [productID]
[ADMIN] [2/8/2017 11:48] [PENERIMAAN BARANG] PENERIMAAN BARANG : detailGridView_CellValueChanged [productID]
[ADMIN] [2/8/2017 11:48] [PENERIMAAN BARANG] PENERIMAAN BARANG : detailGridView_CellValueChanged [productID]
[ADMIN] [2/8/2017 11:48] [PENERIMAAN BARANG] PENERIMAAN BARANG : detailGridView_CellValueChanged [productName]
[ADMIN] [2/8/2017 11:48] [PENJUALAN] CASHIER FORM : ComboBox_SelectedIndexChanged, PRODUCT_BASE_PRICE [16250]
[ADMIN] [2/8/2017 11:48] [PENERIMAAN BARANG] PENERIMAAN BARANG : detailGridView_CellValueChanged [hpp]
[ADMIN] [2/8/2017 11:48] [PENERIMAAN BARANG] PENERIMAAN BARANG : detailGridView_CellValueChanged [subtotal]
[ADMIN] [2/8/2017 11:48] [PENERIMAAN BARANG] PENERIMAAN BARANG : detailGridView_CellValueChanged [qtyReceived]
[ADMIN] [2/8/2017 11:48] [PENERIMAAN BARANG] PENERIMAAN BARANG : detailGridView_CellValueChanged [subtotal]
[ADMIN] [2/8/2017 11:48] [PENJUALAN] CASHIER FORM : ComboBox_SelectedIndexChanged, attempt to calculate total
[ADMIN] [2/8/2017 11:48] [PENERIMAAN BARANG] PENERIMAAN BARANG : detailGridView_CellValueChanged [qtyReceived]
[ADMIN] [2/8/2017 11:48] [PENERIMAAN BARANG] PENERIMAAN BARANG : detailGridView_CellValueChanged [subtotal]
[ADMIN] [2/8/2017 11:48] [PENERIMAAN BARANG] PENERIMAAN BARANG : detailGridView_CellValueChanged [subtotal]
[ADMIN] [2/8/2017 11:48] [PENERIMAAN BARANG] SAVE PENERIMAAN BARANG
[ADMIN] [2/8/2017 11:49] [REQUEST ORDER] REQUEST ORDER : detailRequestOrderDataGridView_CellValueChanged [productID]
[ADMIN] [2/8/2017 11:49] [REQUEST ORDER] REQUEST ORDER : detailRequestOrderDataGridView_CellValueChanged [productID]
[ADMIN] [2/8/2017 11:49] [REQUEST ORDER] REQUEST ORDER : detailRequestOrderDataGridView_CellValueChanged [productName]
[ADMIN] [2/8/2017 11:49] [REQUEST ORDER] updateSomeRowsContent, PRODUCT_BASE_PRICE [234000]
[ADMIN] [2/8/2017 11:49] [REQUEST ORDER] REQUEST ORDER : detailRequestOrderDataGridView_CellValueChanged [HPP]
[ADMIN] [2/8/2017 11:49] [REQUEST ORDER] REQUEST ORDER : detailRequestOrderDataGridView_CellValueChanged [qty]
[ADMIN] [2/8/2017 11:49] [REQUEST ORDER] REQUEST ORDER : detailRequestOrderDataGridView_CellValueChanged [subTotal]
[ADMIN] [2/8/2017 11:49] [REQUEST ORDER] REQUEST ORDER : detailRequestOrderDataGridView_CellValueChanged [subTotal]
[ADMIN] [2/8/2017 11:49] [REQUEST ORDER] updateSomeRowsContent, attempt to calculate total
[ADMIN] [2/8/2017 11:49] [REQUEST ORDER] REQUEST ORDER : detailRequestOrderDataGridView_CellValueChanged [qty]
[ADMIN] [2/8/2017 11:49] [REQUEST ORDER] REQUEST ORDER : detailRequestOrderDataGridView_CellValueChanged [subTotal]
[ADMIN] [2/8/2017 11:49] [REQUEST ORDER] REQUEST ORDER : detailRequestOrderDataGridView_CellValueChanged [qty]
[ADMIN] [2/8/2017 11:49] [REQUEST ORDER] REQUEST ORDER : detailRequestOrderDataGridView_CellValueChanged [subTotal]
[ADMIN] [2/8/2017 11:49] [RETUR PERMINTAAN KE PUSAT] RETUR PERMINTAAN : detailReturDataGridView_CellValueChanged [productID]
[ADMIN] [2/8/2017 11:50] [RETUR PERMINTAAN KE PUSAT] RETUR PERMINTAAN : detailReturDataGridView_CellValueChanged [productID]
[ADMIN] [2/8/2017 11:50] [RETUR PERMINTAAN KE PUSAT] RETUR PERMINTAAN : detailReturDataGridView_CellValueChanged [productName]
[ADMIN] [2/8/2017 11:50] [RETUR PERMINTAAN KE PUSAT] updateSomeRowsContent, PRODUCT_BASE_PRICE [15000]
[ADMIN] [2/8/2017 11:50] [RETUR PERMINTAAN KE PUSAT] RETUR PERMINTAAN : detailReturDataGridView_CellValueChanged [HPP]
[ADMIN] [2/8/2017 11:50] [RETUR PERMINTAAN KE PUSAT] RETUR PERMINTAAN : detailReturDataGridView_CellValueChanged [qty]
[ADMIN] [2/8/2017 11:50] [RETUR PERMINTAAN KE PUSAT] RETUR PERMINTAAN : detailReturDataGridView_CellValueChanged [subTotal]
[ADMIN] [2/8/2017 11:50] [RETUR PERMINTAAN KE PUSAT] RETUR PERMINTAAN : detailReturDataGridView_CellValueChanged [subTotal]
[ADMIN] [2/8/2017 11:50] [RETUR PERMINTAAN KE PUSAT] updateSomeRowsContent, attempt to calculate total
[ADMIN] [2/8/2017 11:50] [RETUR PERMINTAAN KE PUSAT] RETUR PERMINTAAN : detailReturDataGridView_CellValueChanged [expiryDateValue]
[ADMIN] [2/8/2017 11:50] [RETUR PERMINTAAN KE PUSAT] RETUR PERMINTAAN : detailReturDataGridView_CellValueChanged [expiryDate]
[ADMIN] [2/8/2017 11:50] [RETUR PERMINTAAN KE PUSAT] RETUR PERMINTAAN : detailReturDataGridView_CellValueChanged [qty]
[ADMIN] [2/8/2017 11:50] [RETUR PERMINTAAN KE PUSAT] RETUR PERMINTAAN : detailReturDataGridView_CellValueChanged [subTotal]
[ADMIN] [2/8/2017 11:50] [RETUR PERMINTAAN KE PUSAT] RETUR PERMINTAAN : detailReturDataGridView_CellValueChanged [subTotal]
[ADMIN] [2/8/2017 11:50] [RETUR PERMINTAAN KE PUSAT] RETUR PERMINTAAN : detailReturDataGridView_CellValueChanged [productID]
[ADMIN] [2/8/2017 11:50] [RETUR PERMINTAAN KE PUSAT] RETUR PERMINTAAN : detailReturDataGridView_CellValueChanged [productID]
[ADMIN] [2/8/2017 11:50] [RETUR PERMINTAAN KE PUSAT] RETUR PERMINTAAN : detailReturDataGridView_CellValueChanged [productName]
[ADMIN] [2/8/2017 11:50] [RETUR PERMINTAAN KE PUSAT] updateSomeRowsContent, PRODUCT_BASE_PRICE [53700]
[ADMIN] [2/8/2017 11:50] [RETUR PERMINTAAN KE PUSAT] RETUR PERMINTAAN : detailReturDataGridView_CellValueChanged [HPP]
[ADMIN] [2/8/2017 11:50] [RETUR PERMINTAAN KE PUSAT] RETUR PERMINTAAN : detailReturDataGridView_CellValueChanged [qty]
[ADMIN] [2/8/2017 11:50] [RETUR PERMINTAAN KE PUSAT] RETUR PERMINTAAN : detailReturDataGridView_CellValueChanged [subTotal]
[ADMIN] [2/8/2017 11:50] [RETUR PERMINTAAN KE PUSAT] RETUR PERMINTAAN : detailReturDataGridView_CellValueChanged [subTotal]
[ADMIN] [2/8/2017 11:50] [RETUR PERMINTAAN KE PUSAT] updateSomeRowsContent, attempt to calculate total
[ADMIN] [2/8/2017 11:50] [RETUR PERMINTAAN KE PUSAT] RETUR PERMINTAAN : detailReturDataGridView_CellValueChanged [expiryDateValue]
[ADMIN] [2/8/2017 11:50] [RETUR PERMINTAAN KE PUSAT] RETUR PERMINTAAN : detailReturDataGridView_CellValueChanged [qty]
[ADMIN] [2/8/2017 11:50] [RETUR PERMINTAAN KE PUSAT] RETUR PERMINTAAN : detailReturDataGridView_CellValueChanged [subTotal]
[ADMIN] [2/8/2017 11:50] [RETUR PERMINTAAN KE PUSAT] RETUR PERMINTAAN : detailReturDataGridView_CellValueChanged [subTotal]
[ADMIN] [2/8/2017 11:50] [] USER ID = 1LOGOUT
