[] [4/6/2017 23:21] [] USER = ADMIN IS ACTIVE
[ADMIN] [4/6/2017 23:21] [] USER ID = 1 LOGIN SUCCESSFULLY
[ADMIN] [4/6/2017 23:21] [] ACTIVATE USER ACCESS RIGHT
[ADMIN] [4/6/2017 23:21] [] DISPLAY ADMIN FORM
[ADMIN] [4/6/2017 23:21] [] adminForm Load
[ADMIN] [4/6/2017 23:21] [] ACTIVATE USER ACCESS RIGHT
[ADMIN] [4/6/2017 23:21] [PENERIMAAN BARANG] PENERIMAAN BARANG : detailGridView_CellValueChanged [productID]
[ADMIN] [4/6/2017 23:21] [PENERIMAAN BARANG] PENERIMAAN BARANG : detailGridView_CellValueChanged [productID]
[ADMIN] [4/6/2017 23:21] [PENERIMAAN BARANG] PENERIMAAN BARANG : detailGridView_CellValueChanged [productName]
[ADMIN] [4/6/2017 23:21] [PENJUALAN] CASHIER FORM : ComboBox_SelectedIndexChanged, PRODUCT_BASE_PRICE [29250]
[ADMIN] [4/6/2017 23:21] [PENERIMAAN BARANG] PENERIMAAN BARANG : detailGridView_CellValueChanged [hpp]
[ADMIN] [4/6/2017 23:21] [PENERIMAAN BARANG] PENERIMAAN BARANG : detailGridView_CellValueChanged [subtotal]
[ADMIN] [4/6/2017 23:21] [PENERIMAAN BARANG] PENERIMAAN BARANG : detailGridView_CellValueChanged [qtyReceived]
[ADMIN] [4/6/2017 23:21] [PENERIMAAN BARANG] PENERIMAAN BARANG : detailGridView_CellValueChanged [subtotal]
[ADMIN] [4/6/2017 23:21] [PENJUALAN] CASHIER FORM : ComboBox_SelectedIndexChanged, attempt to calculate total
[ADMIN] [4/6/2017 23:21] [PENERIMAAN BARANG] PENERIMAAN BARANG : detailGridView_CellValueChanged [qtyReceived]
[ADMIN] [4/6/2017 23:21] [PENERIMAAN BARANG] PENERIMAAN BARANG : detailGridView_CellValueChanged [subtotal]
[ADMIN] [4/6/2017 23:21] [PENERIMAAN BARANG] PENERIMAAN BARANG : detailGridView_CellValueChanged [subtotal]
[ADMIN] [4/6/2017 23:21] [PENERIMAAN BARANG] PENERIMAAN BARANG : detailGridView_CellValueChanged [qtyReceived]
[ADMIN] [4/6/2017 23:21] [PENERIMAAN BARANG] PENERIMAAN BARANG : detailGridView_CellValueChanged [subtotal]
[ADMIN] [4/6/2017 23:21] [PENERIMAAN BARANG] PENERIMAAN BARANG : detailGridView_CellValueChanged [qtyReceived]
[ADMIN] [4/6/2017 23:21] [PENERIMAAN BARANG] PENERIMAAN BARANG : detailGridView_CellValueChanged [subtotal]
[ADMIN] [4/6/2017 23:21] [PENERIMAAN BARANG] PENERIMAAN BARANG : detailGridView_CellValueChanged [expiryDate]
[ADMIN] [4/6/2017 23:21] [PENERIMAAN BARANG] PENERIMAAN BARANG : detailGridView_CellValueChanged [expiryDateValue]
[ADMIN] [4/6/2017 23:22] [PENERIMAAN BARANG] PENERIMAAN BARANG : detailGridView_CellValueChanged [productID]
[ADMIN] [4/6/2017 23:22] [PENERIMAAN BARANG] PENERIMAAN BARANG : detailGridView_CellValueChanged [productID]
[ADMIN] [4/6/2017 23:22] [PENERIMAAN BARANG] PENERIMAAN BARANG : detailGridView_CellValueChanged [productID]
[ADMIN] [4/6/2017 23:22] [PENERIMAAN BARANG] PENERIMAAN BARANG : detailGridView_CellValueChanged [productName]
[ADMIN] [4/6/2017 23:22] [PENJUALAN] CASHIER FORM : ComboBox_SelectedIndexChanged, PRODUCT_BASE_PRICE [13500]
[ADMIN] [4/6/2017 23:22] [PENERIMAAN BARANG] PENERIMAAN BARANG : detailGridView_CellValueChanged [hpp]
[ADMIN] [4/6/2017 23:22] [PENERIMAAN BARANG] PENERIMAAN BARANG : detailGridView_CellValueChanged [subtotal]
[ADMIN] [4/6/2017 23:22] [PENERIMAAN BARANG] PENERIMAAN BARANG : detailGridView_CellValueChanged [qtyReceived]
[ADMIN] [4/6/2017 23:22] [PENERIMAAN BARANG] PENERIMAAN BARANG : detailGridView_CellValueChanged [subtotal]
[ADMIN] [4/6/2017 23:22] [PENJUALAN] CASHIER FORM : ComboBox_SelectedIndexChanged, attempt to calculate total
[ADMIN] [4/6/2017 23:22] [PENERIMAAN BARANG] PENERIMAAN BARANG : detailGridView_CellValueChanged [qtyReceived]
[ADMIN] [4/6/2017 23:22] [PENERIMAAN BARANG] PENERIMAAN BARANG : detailGridView_CellValueChanged [subtotal]
[ADMIN] [4/6/2017 23:22] [PENERIMAAN BARANG] PENERIMAAN BARANG : detailGridView_CellValueChanged [subtotal]
[ADMIN] [4/6/2017 23:22] [PENERIMAAN BARANG] PENERIMAAN BARANG : detailGridView_CellValueChanged [qtyReceived]
[ADMIN] [4/6/2017 23:22] [PENERIMAAN BARANG] PENERIMAAN BARANG : detailGridView_CellValueChanged [subtotal]
[ADMIN] [4/6/2017 23:22] [PENERIMAAN BARANG] PENERIMAAN BARANG : detailGridView_CellValueChanged [qtyReceived]
[ADMIN] [4/6/2017 23:22] [PENERIMAAN BARANG] PENERIMAAN BARANG : detailGridView_CellValueChanged [subtotal]
[ADMIN] [4/6/2017 23:22] [PENERIMAAN BARANG] PENERIMAAN BARANG : detailGridView_CellValueChanged [expiryDate]
[ADMIN] [4/6/2017 23:22] [PENERIMAAN BARANG] PENERIMAAN BARANG : detailGridView_CellValueChanged [expiryDateValue]
[ADMIN] [4/6/2017 23:22] [PENERIMAAN BARANG] PENERIMAAN BARANG : detailGridView_CellValueChanged [expiryDate]
[ADMIN] [4/6/2017 23:22] [PENERIMAAN BARANG] PENERIMAAN BARANG : detailGridView_CellValueChanged [expiryDateValue]
[ADMIN] [4/6/2017 23:22] [PENERIMAAN BARANG] SAVE PENERIMAAN BARANG
[ADMIN] [4/6/2017 23:22] [PENERIMAAN BARANG] DIRECT PENERIMAAN BARANG, THEREFORE CALCULATE TAX LIMIT
[ADMIN] [4/6/2017 23:22] [PENERIMAAN BARANG] CHECK IF TAX LIMIT SET FOR PERCENTAGE PURCHASE [0]
[ADMIN] [4/6/2017 23:22] [PENERIMAAN BARANG] CHECK IF TAX LIMIT SET FOR AVERAGE DAILY PURCHASE [0]
[ADMIN] [4/6/2017 23:22] [PENERIMAAN BARANG] INSERT PENERIMAAN BARANG [1]
[ADMIN] [4/6/2017 23:22] [PENERIMAAN BARANG] INSERT PO DATA BECAUSE OF DIRECT PENERIMAAN [1]
[ADMIN] [4/6/2017 23:22] [PENERIMAAN BARANG] SAVE DETAIL PENERIMAAN [ALPO-P1, 29250, 22]
[ADMIN] [4/6/2017 23:22] [PENERIMAAN BARANG] UPDATE MASTER PRODUCT DATA [ALPO-P1]
[ADMIN] [4/6/2017 23:22] [PENERIMAAN BARANG] INSERT TO PRODUCT EXPIRY [ALPO-P1]
[ADMIN] [4/6/2017 23:22] [PENERIMAAN BARANG] INSERT TO PURCHASE DETAIL [ALPO-P1]
[ADMIN] [4/6/2017 23:22] [PENERIMAAN BARANG] SAVE DETAIL PENERIMAAN [SS-507, 13500, 22]
[ADMIN] [4/6/2017 23:22] [PENERIMAAN BARANG] UPDATE MASTER PRODUCT DATA [SS-507]
[ADMIN] [4/6/2017 23:22] [PENERIMAAN BARANG] INSERT TO PRODUCT EXPIRY [SS-507]
[ADMIN] [4/6/2017 23:22] [PENERIMAAN BARANG] INSERT TO PURCHASE DETAIL [SS-507]
[ADMIN] [4/6/2017 23:22] [PENERIMAAN BARANG] INSERT INTO DEBT [1]
[ADMIN] [4/6/2017 23:22] [PENERIMAAN BARANG] PENERIMAAN BARANG SAVED
[ADMIN] [4/6/2017 23:22] [PENERIMAAN BARANG] PENERIMAAN BARANG : detailGridView_CellValueChanged [productID]
[ADMIN] [4/6/2017 23:22] [PENERIMAAN BARANG] PENERIMAAN BARANG : detailGridView_CellValueChanged [productID]
[ADMIN] [4/6/2017 23:22] [PENERIMAAN BARANG] PENERIMAAN BARANG : detailGridView_CellValueChanged [productName]
[ADMIN] [4/6/2017 23:22] [PENJUALAN] CASHIER FORM : ComboBox_SelectedIndexChanged, PRODUCT_BASE_PRICE [53700]
[ADMIN] [4/6/2017 23:22] [PENERIMAAN BARANG] PENERIMAAN BARANG : detailGridView_CellValueChanged [hpp]
[ADMIN] [4/6/2017 23:22] [PENERIMAAN BARANG] PENERIMAAN BARANG : detailGridView_CellValueChanged [subtotal]
[ADMIN] [4/6/2017 23:22] [PENERIMAAN BARANG] PENERIMAAN BARANG : detailGridView_CellValueChanged [qtyReceived]
[ADMIN] [4/6/2017 23:22] [PENERIMAAN BARANG] PENERIMAAN BARANG : detailGridView_CellValueChanged [subtotal]
[ADMIN] [4/6/2017 23:22] [PENJUALAN] CASHIER FORM : ComboBox_SelectedIndexChanged, attempt to calculate total
[ADMIN] [4/6/2017 23:22] [PENERIMAAN BARANG] PENERIMAAN BARANG : detailGridView_CellValueChanged [qtyReceived]
[ADMIN] [4/6/2017 23:22] [PENERIMAAN BARANG] PENERIMAAN BARANG : detailGridView_CellValueChanged [subtotal]
[ADMIN] [4/6/2017 23:22] [PENERIMAAN BARANG] PENERIMAAN BARANG : detailGridView_CellValueChanged [subtotal]
[ADMIN] [4/6/2017 23:22] [PENERIMAAN BARANG] PENERIMAAN BARANG : detailGridView_CellValueChanged [qtyReceived]
[ADMIN] [4/6/2017 23:22] [PENERIMAAN BARANG] PENERIMAAN BARANG : detailGridView_CellValueChanged [subtotal]
[ADMIN] [4/6/2017 23:22] [PENERIMAAN BARANG] PENERIMAAN BARANG : detailGridView_CellValueChanged [qtyReceived]
[ADMIN] [4/6/2017 23:22] [PENERIMAAN BARANG] PENERIMAAN BARANG : detailGridView_CellValueChanged [subtotal]
[ADMIN] [4/6/2017 23:22] [PENERIMAAN BARANG] PENERIMAAN BARANG : detailGridView_CellValueChanged [expiryDate]
[ADMIN] [4/6/2017 23:22] [PENERIMAAN BARANG] PENERIMAAN BARANG : detailGridView_CellValueChanged [expiryDateValue]
[ADMIN] [4/6/2017 23:22] [PENERIMAAN BARANG] PENERIMAAN BARANG : detailGridView_CellValueChanged [productID]
[ADMIN] [4/6/2017 23:22] [PENERIMAAN BARANG] PENERIMAAN BARANG : detailGridView_CellValueChanged [productID]
[ADMIN] [4/6/2017 23:22] [PENERIMAAN BARANG] PENERIMAAN BARANG : detailGridView_CellValueChanged [productName]
[ADMIN] [4/6/2017 23:22] [PENJUALAN] CASHIER FORM : ComboBox_SelectedIndexChanged, PRODUCT_BASE_PRICE [35900]
[ADMIN] [4/6/2017 23:22] [PENERIMAAN BARANG] PENERIMAAN BARANG : detailGridView_CellValueChanged [hpp]
[ADMIN] [4/6/2017 23:22] [PENERIMAAN BARANG] PENERIMAAN BARANG : detailGridView_CellValueChanged [subtotal]
[ADMIN] [4/6/2017 23:22] [PENERIMAAN BARANG] PENERIMAAN BARANG : detailGridView_CellValueChanged [qtyReceived]
[ADMIN] [4/6/2017 23:22] [PENERIMAAN BARANG] PENERIMAAN BARANG : detailGridView_CellValueChanged [subtotal]
[ADMIN] [4/6/2017 23:22] [PENJUALAN] CASHIER FORM : ComboBox_SelectedIndexChanged, attempt to calculate total
[ADMIN] [4/6/2017 23:22] [PENERIMAAN BARANG] PENERIMAAN BARANG : detailGridView_CellValueChanged [qtyReceived]
[ADMIN] [4/6/2017 23:22] [PENERIMAAN BARANG] PENERIMAAN BARANG : detailGridView_CellValueChanged [subtotal]
[ADMIN] [4/6/2017 23:22] [PENERIMAAN BARANG] PENERIMAAN BARANG : detailGridView_CellValueChanged [subtotal]
[ADMIN] [4/6/2017 23:22] [PENERIMAAN BARANG] PENERIMAAN BARANG : detailGridView_CellValueChanged [qtyReceived]
[ADMIN] [4/6/2017 23:22] [PENERIMAAN BARANG] PENERIMAAN BARANG : detailGridView_CellValueChanged [subtotal]
[ADMIN] [4/6/2017 23:22] [PENERIMAAN BARANG] PENERIMAAN BARANG : detailGridView_CellValueChanged [qtyReceived]
[ADMIN] [4/6/2017 23:22] [PENERIMAAN BARANG] PENERIMAAN BARANG : detailGridView_CellValueChanged [subtotal]
[ADMIN] [4/6/2017 23:22] [PENERIMAAN BARANG] PENERIMAAN BARANG : detailGridView_CellValueChanged [qtyReceived]
[ADMIN] [4/6/2017 23:22] [PENERIMAAN BARANG] PENERIMAAN BARANG : detailGridView_CellValueChanged [qtyReceived]
[ADMIN] [4/6/2017 23:22] [PENERIMAAN BARANG] PENERIMAAN BARANG : detailGridView_CellValueChanged [qtyReceived]
[ADMIN] [4/6/2017 23:22] [PENERIMAAN BARANG] PENERIMAAN BARANG : detailGridView_CellValueChanged [qtyReceived]
[ADMIN] [4/6/2017 23:22] [PENERIMAAN BARANG] PENERIMAAN BARANG : detailGridView_CellValueChanged [expiryDate]
[ADMIN] [4/6/2017 23:22] [PENERIMAAN BARANG] PENERIMAAN BARANG : detailGridView_CellValueChanged [expiryDateValue]
[ADMIN] [4/6/2017 23:23] [PENERIMAAN BARANG] PENERIMAAN BARANG : detailGridView_CellValueChanged [qtyReceived]
[ADMIN] [4/6/2017 23:23] [PENERIMAAN BARANG] PENERIMAAN BARANG : detailGridView_CellValueChanged [subtotal]
[ADMIN] [4/6/2017 23:23] [PENERIMAAN BARANG] PENERIMAAN BARANG : detailGridView_CellValueChanged [qtyReceived]
[ADMIN] [4/6/2017 23:23] [PENERIMAAN BARANG] PENERIMAAN BARANG : detailGridView_CellValueChanged [subtotal]
[ADMIN] [4/6/2017 23:23] [PENERIMAAN BARANG] PENERIMAAN BARANG : detailGridView_CellValueChanged [qtyReceived]
[ADMIN] [4/6/2017 23:23] [PENERIMAAN BARANG] PENERIMAAN BARANG : detailGridView_CellValueChanged [subtotal]
[ADMIN] [4/6/2017 23:23] [PENERIMAAN BARANG] PENERIMAAN BARANG : detailGridView_CellValueChanged [qtyReceived]
[ADMIN] [4/6/2017 23:23] [PENERIMAAN BARANG] PENERIMAAN BARANG : detailGridView_CellValueChanged [subtotal]
[ADMIN] [4/6/2017 23:23] [PENERIMAAN BARANG] SAVE PENERIMAAN BARANG
[ADMIN] [4/6/2017 23:23] [PENERIMAAN BARANG] DIRECT PENERIMAAN BARANG, THEREFORE CALCULATE TAX LIMIT
[ADMIN] [4/6/2017 23:23] [PENERIMAAN BARANG] CHECK IF TAX LIMIT SET FOR PERCENTAGE PURCHASE [0]
[ADMIN] [4/6/2017 23:23] [PENERIMAAN BARANG] CHECK IF TAX LIMIT SET FOR AVERAGE DAILY PURCHASE [0]
[ADMIN] [4/6/2017 23:23] [PENERIMAAN BARANG] INSERT PENERIMAAN BARANG [1]
[ADMIN] [4/6/2017 23:23] [PENERIMAAN BARANG] EXCEPTION THROWN [Duplicate entry '1' for key 'PR_INVOICE_UNIQUE']
[ADMIN] [4/6/2017 23:23] [PENERIMAAN BARANG] SAVE PENERIMAAN BARANG
[ADMIN] [4/6/2017 23:23] [PENERIMAAN BARANG] DIRECT PENERIMAAN BARANG, THEREFORE CALCULATE TAX LIMIT
[ADMIN] [4/6/2017 23:23] [PENERIMAAN BARANG] CHECK IF TAX LIMIT SET FOR PERCENTAGE PURCHASE [0]
[ADMIN] [4/6/2017 23:23] [PENERIMAAN BARANG] CHECK IF TAX LIMIT SET FOR AVERAGE DAILY PURCHASE [0]
[ADMIN] [4/6/2017 23:23] [PENERIMAAN BARANG] INSERT PENERIMAAN BARANG [1]
[ADMIN] [4/6/2017 23:23] [PENERIMAAN BARANG] EXCEPTION THROWN [Duplicate entry '1' for key 'PR_INVOICE_UNIQUE']
[ADMIN] [4/6/2017 23:23] [PENERIMAAN BARANG] SAVE PENERIMAAN BARANG
[ADMIN] [4/6/2017 23:23] [PENERIMAAN BARANG] DIRECT PENERIMAAN BARANG, THEREFORE CALCULATE TAX LIMIT
[ADMIN] [4/6/2017 23:23] [PENERIMAAN BARANG] CHECK IF TAX LIMIT SET FOR PERCENTAGE PURCHASE [0]
[ADMIN] [4/6/2017 23:23] [PENERIMAAN BARANG] CHECK IF TAX LIMIT SET FOR AVERAGE DAILY PURCHASE [0]
[ADMIN] [4/6/2017 23:23] [PENERIMAAN BARANG] INSERT PENERIMAAN BARANG [2]
[ADMIN] [4/6/2017 23:23] [PENERIMAAN BARANG] INSERT PO DATA BECAUSE OF DIRECT PENERIMAAN [2]
[ADMIN] [4/6/2017 23:23] [PENERIMAAN BARANG] SAVE DETAIL PENERIMAAN [SD-PSB1, 53700, 11]
[ADMIN] [4/6/2017 23:23] [PENERIMAAN BARANG] UPDATE MASTER PRODUCT DATA [SD-PSB1]
[ADMIN] [4/6/2017 23:23] [PENERIMAAN BARANG] INSERT TO PRODUCT EXPIRY [SD-PSB1]
[ADMIN] [4/6/2017 23:23] [PENERIMAAN BARANG] INSERT TO PURCHASE DETAIL [SD-PSB1]
[ADMIN] [4/6/2017 23:23] [PENERIMAAN BARANG] SAVE DETAIL PENERIMAAN [DRF-P1, 35900, 11]
[ADMIN] [4/6/2017 23:23] [PENERIMAAN BARANG] UPDATE MASTER PRODUCT DATA [DRF-P1]
[ADMIN] [4/6/2017 23:23] [PENERIMAAN BARANG] INSERT TO PRODUCT EXPIRY [DRF-P1]
[ADMIN] [4/6/2017 23:23] [PENERIMAAN BARANG] INSERT TO PURCHASE DETAIL [DRF-P1]
[ADMIN] [4/6/2017 23:23] [PENERIMAAN BARANG] INSERT INTO DEBT [2]
[ADMIN] [4/6/2017 23:23] [PENERIMAAN BARANG] PENERIMAAN BARANG SAVED
[ADMIN] [4/6/2017 23:23] [PENERIMAAN BARANG] PENERIMAAN BARANG : detailGridView_CellValueChanged [productID]
[ADMIN] [4/6/2017 23:23] [PENERIMAAN BARANG] PENERIMAAN BARANG : detailGridView_CellValueChanged [productID]
[ADMIN] [4/6/2017 23:23] [PENERIMAAN BARANG] SAVE PENERIMAAN BARANG
[ADMIN] [4/6/2017 23:23] [PENERIMAAN BARANG] PENERIMAAN BARANG : detailGridView_CellValueChanged [expiryDate]
[ADMIN] [4/6/2017 23:23] [PENERIMAAN BARANG] PENERIMAAN BARANG : detailGridView_CellValueChanged [expiryDateValue]
[ADMIN] [4/6/2017 23:23] [PENERIMAAN BARANG] SAVE PENERIMAAN BARANG
[ADMIN] [4/6/2017 23:23] [PENERIMAAN BARANG] PENERIMAAN BARANG : detailGridView_CellValueChanged [qtyReceived]
[ADMIN] [4/6/2017 23:23] [PENERIMAAN BARANG] PENERIMAAN BARANG : detailGridView_CellValueChanged [subtotal]
[ADMIN] [4/6/2017 23:23] [PENERIMAAN BARANG] PENERIMAAN BARANG : detailGridView_CellValueChanged [qtyReceived]
[ADMIN] [4/6/2017 23:23] [PENERIMAAN BARANG] SAVE PENERIMAAN BARANG
[ADMIN] [4/6/2017 23:23] [PENERIMAAN BARANG] DIRECT PENERIMAAN BARANG, THEREFORE CALCULATE TAX LIMIT
[ADMIN] [4/6/2017 23:23] [PENERIMAAN BARANG] CHECK IF TAX LIMIT SET FOR PERCENTAGE PURCHASE [0]
[ADMIN] [4/6/2017 23:23] [PENERIMAAN BARANG] CHECK IF TAX LIMIT SET FOR AVERAGE DAILY PURCHASE [0]
[ADMIN] [4/6/2017 23:23] [PENERIMAAN BARANG] INSERT PENERIMAAN BARANG [2 ]
[ADMIN] [4/6/2017 23:23] [PENERIMAAN BARANG] EXCEPTION THROWN [Duplicate entry '2 ' for key 'PR_INVOICE_UNIQUE']
[ADMIN] [4/6/2017 23:23] [PENERIMAAN BARANG] SAVE PENERIMAAN BARANG
[ADMIN] [4/6/2017 23:23] [PENERIMAAN BARANG] DIRECT PENERIMAAN BARANG, THEREFORE CALCULATE TAX LIMIT
[ADMIN] [4/6/2017 23:23] [PENERIMAAN BARANG] CHECK IF TAX LIMIT SET FOR PERCENTAGE PURCHASE [0]
[ADMIN] [4/6/2017 23:23] [PENERIMAAN BARANG] CHECK IF TAX LIMIT SET FOR AVERAGE DAILY PURCHASE [0]
[ADMIN] [4/6/2017 23:23] [PENERIMAAN BARANG] INSERT PENERIMAAN BARANG [3]
[ADMIN] [4/6/2017 23:23] [PENERIMAAN BARANG] INSERT PO DATA BECAUSE OF DIRECT PENERIMAAN [3]
[ADMIN] [4/6/2017 23:23] [PENERIMAAN BARANG] SAVE DETAIL PENERIMAAN [11, 0, 22]
[ADMIN] [4/6/2017 23:23] [PENERIMAAN BARANG] UPDATE MASTER PRODUCT DATA [11]
[ADMIN] [4/6/2017 23:23] [PENERIMAAN BARANG] INSERT TO PRODUCT EXPIRY [11]
[ADMIN] [4/6/2017 23:23] [PENERIMAAN BARANG] INSERT TO PURCHASE DETAIL [11]
[ADMIN] [4/6/2017 23:23] [PENERIMAAN BARANG] INSERT INTO DEBT [3]
[ADMIN] [4/6/2017 23:23] [PENERIMAAN BARANG] PENERIMAAN BARANG SAVED
