[] [2/10/2017 12:35] [] USER = ADMIN IS ACTIVE
[ADMIN] [2/10/2017 12:35] [] USER ID = 1 LOGIN SUCCESSFULLY
[ADMIN] [2/10/2017 12:35] [] ACTIVATE USER ACCESS RIGHT
[ADMIN] [2/10/2017 12:35] [] DISPLAY ADMIN FORM
[ADMIN] [2/10/2017 12:35] [] adminForm Load
[ADMIN] [2/10/2017 12:35] [] ACTIVATE USER ACCESS RIGHT
[ADMIN] [2/10/2017 12:35] [PENJUALAN] CASHIER FORM : MULTIPLE CASHIER INSTANCE [1]
[ADMIN] [2/10/2017 12:35] [PENJUALAN] CASHIER FORM : REGISTER HOTKEY
[ADMIN] [2/10/2017 12:35] [PENJUALAN] CASHIER FORM : cashierForm_Load, ATTEMPT TO LOAD NO FAKTUR
[ADMIN] [2/10/2017 12:35] [PENJUALAN] CASHIER FORM : loadNoFaktur, noFakturValue [ABC]
[ADMIN] [2/10/2017 12:35] [PENJUALAN] CASHIER FORM : cashierForm_Load, ATTEMPT TO addColumnToDataGrid
[ADMIN] [2/10/2017 12:35] [PENJUALAN] CASHIER FORM : UPDATE ROW NUMBER, TOTAL ROW [1]
[ADMIN] [2/10/2017 12:35] [PENJUALAN] CASHIER FORM : calculateTotal
[ADMIN] [2/10/2017 12:35] [PENJUALAN] CASHIER FORM : calculateTotal [0]
[ADMIN] [2/10/2017 12:35] [PENJUALAN] CASHIER FORM : calculateTotal, totalAfterDisc [0]
[ADMIN] [2/10/2017 12:35] [PENJUALAN] CASHIER FORM : calculateChangeValue, bayarTextBox.Text [0]
[ADMIN] [2/10/2017 12:35] [PENJUALAN] CASHIER FORM : calculateChangeValue, sisaBayar [0]
[ADMIN] [2/10/2017 12:35] [PENJUALAN] CASHIER FORM : REGISTER HOTKEY
[ADMIN] [2/10/2017 12:35] [PENJUALAN] CASHIER FORM : Combobox_previewKeyDown, cashierDataGridView.CurrentCell.OwningColumn.Name  [productID]
[ADMIN] [2/10/2017 12:35] [PENJUALAN] CASHIER FORM : UPDATE ROW NUMBER, TOTAL ROW [2]
[ADMIN] [2/10/2017 12:35] [PENJUALAN] CASHIER FORM : cashierDataGridView_CellValueChanged [F8]
[ADMIN] [2/10/2017 12:35] [PENJUALAN] CASHIER FORM : cashierDataGridView_CellValueChanged [productID]
[ADMIN] [2/10/2017 12:35] [PENJUALAN] CASHIER FORM : Combobox_KeyUp, cashierDataGridView.CurrentCell.OwningColumn.Name  [productID]
[ADMIN] [2/10/2017 12:35] [PENJUALAN] CASHIER FORM : Combobox_previewKeyDown, cashierDataGridView.CurrentCell.OwningColumn.Name  [productID]
[ADMIN] [2/10/2017 12:35] [PENJUALAN] CASHIER FORM : cashierDataGridView_CellValueChanged [productID]
[ADMIN] [2/10/2017 12:35] [PENJUALAN] CASHIER FORM : Combobox_KeyUp, cashierDataGridView.CurrentCell.OwningColumn.Name  [productID]
[ADMIN] [2/10/2017 12:35] [PENJUALAN] CASHIER FORM : Combobox_previewKeyDown, cashierDataGridView.CurrentCell.OwningColumn.Name  [productID]
[ADMIN] [2/10/2017 12:35] [PENJUALAN] CASHIER FORM : cashierDataGridView_CellValueChanged [productID]
[ADMIN] [2/10/2017 12:35] [PENJUALAN] CASHIER FORM : Combobox_previewKeyDown, cashierDataGridView.CurrentCell.OwningColumn.Name  [productID]
[ADMIN] [2/10/2017 12:35] [PENJUALAN] CASHIER FORM : cashierDataGridView_CellValueChanged [productID]
[ADMIN] [2/10/2017 12:35] [PENJUALAN] CASHIER FORM : Combobox_KeyUp, cashierDataGridView.CurrentCell.OwningColumn.Name  [productID]
[ADMIN] [2/10/2017 12:35] [PENJUALAN] CASHIER FORM : Combobox_KeyUp, cashierDataGridView.CurrentCell.OwningColumn.Name  [productID]
[ADMIN] [2/10/2017 12:35] [PENJUALAN] CASHIER FORM : Combobox_previewKeyDown, cashierDataGridView.CurrentCell.OwningColumn.Name  [productID]
[ADMIN] [2/10/2017 12:35] [PENJUALAN] CASHIER FORM : UNREGISTER HOTKEY
[ADMIN] [2/10/2017 12:35] [PENJUALAN] CASHIER FORM : ADD NEW ROW FROM BARCODE [B-4104  KANDANG HAMSTER]
[ADMIN] [2/10/2017 12:35] [PENJUALAN] CASHIER FORM : updateSomeRowContents
[ADMIN] [2/10/2017 12:35] [PENJUALAN] CASHIER FORM : cashierDataGridView_CellValueChanged [productID]
[ADMIN] [2/10/2017 12:35] [PENJUALAN] CASHIER FORM : cashierDataGridView_CellValueChanged [productName]
[ADMIN] [2/10/2017 12:35] [PENJUALAN] CASHIER FORM : updateSomeRowContents
[ADMIN] [2/10/2017 12:35] [PENJUALAN] CASHIER FORM : PRODUCT PRICE TYPE [PRODUCT_BASE_PRICE]
[ADMIN] [2/10/2017 12:35] [PENJUALAN] CASHIER FORM : PRODUCT PRICE [140000]
[ADMIN] [2/10/2017 12:35] [PENJUALAN] CASHIER FORM : ComboBox_SelectedIndexChanged, PRODUCT_BASE_PRICE [140000]
[ADMIN] [2/10/2017 12:35] [PENJUALAN] CASHIER FORM : cashierDataGridView_CellValueChanged [hpp]
[ADMIN] [2/10/2017 12:35] [PENJUALAN] CASHIER FORM : PRODUCT PRICE TYPE [PRODUCT_RETAIL_PRICE]
[ADMIN] [2/10/2017 12:35] [PENJUALAN] CASHIER FORM : PRODUCT PRICE [155000]
[ADMIN] [2/10/2017 12:35] [PENJUALAN] CASHIER FORM : ComboBox_SelectedIndexChanged, PRODUCT_SALES_PRICE [155000]
[ADMIN] [2/10/2017 12:35] [PENJUALAN] CASHIER FORM : cashierDataGridView_CellValueChanged [productPrice]
[ADMIN] [2/10/2017 12:35] [PENJUALAN] CASHIER FORM : cashierDataGridView_CellValueChanged, previousInput [0]
[ADMIN] [2/10/2017 12:35] [PENJUALAN] CASHIER FORM : cashierDataGridView_CellValueChanged, cellValue [155000]
[ADMIN] [2/10/2017 12:35] [PENJUALAN] CASHIER FORM : cashierDataGridView_CellValueChanged, dataGridViewTextBoxEditingControl.Text pass REGEX Checking
[ADMIN] [2/10/2017 12:35] [PENJUALAN] CASHIER FORM : CALCULATE SUBTOTAL
[ADMIN] [2/10/2017 12:35] [PENJUALAN] CASHIER FORM : SUBTOTAL [0]
[ADMIN] [2/10/2017 12:35] [PENJUALAN] CASHIER FORM : cashierDataGridView_CellValueChanged, subtotal value [0]
[ADMIN] [2/10/2017 12:35] [PENJUALAN] CASHIER FORM : cashierDataGridView_CellValueChanged, attempt to calculate total value
[ADMIN] [2/10/2017 12:35] [PENJUALAN] CASHIER FORM : calculateTotal
[ADMIN] [2/10/2017 12:35] [PENJUALAN] CASHIER FORM : calculateTotal [0]
[ADMIN] [2/10/2017 12:35] [PENJUALAN] CASHIER FORM : calculateTotal, totalAfterDisc [0]
[ADMIN] [2/10/2017 12:35] [PENJUALAN] CASHIER FORM : calculateChangeValue, bayarTextBox.Text [0]
[ADMIN] [2/10/2017 12:35] [PENJUALAN] CASHIER FORM : calculateChangeValue, sisaBayar [0]
[ADMIN] [2/10/2017 12:35] [PENJUALAN] CASHIER FORM : cashierDataGridView_CellValueChanged [qty]
[ADMIN] [2/10/2017 12:35] [PENJUALAN] CASHIER FORM : cashierDataGridView_CellValueChanged, previousInput [0]
[ADMIN] [2/10/2017 12:35] [PENJUALAN] CASHIER FORM : cashierDataGridView_CellValueChanged [jumlah]
[ADMIN] [2/10/2017 12:35] [PENJUALAN] CASHIER FORM : calculateTotal
[ADMIN] [2/10/2017 12:35] [PENJUALAN] CASHIER FORM : calculateTotal [0]
[ADMIN] [2/10/2017 12:35] [PENJUALAN] CASHIER FORM : calculateTotal, totalAfterDisc [0]
[ADMIN] [2/10/2017 12:35] [PENJUALAN] CASHIER FORM : calculateChangeValue, bayarTextBox.Text [0]
[ADMIN] [2/10/2017 12:35] [PENJUALAN] CASHIER FORM : calculateChangeValue, sisaBayar [0]
[ADMIN] [2/10/2017 12:35] [PENJUALAN] CASHIER FORM : CHECK STOCK QTY IS ENOUGH [B-4104]
[ADMIN] [2/10/2017 12:35] [PENJUALAN] CASHIER FORM : CHECK STOCK QTY IS ENOUGH [70, 1]
[ADMIN] [2/10/2017 12:35] [PENJUALAN] CASHIER FORM : cashierDataGridView_CellValueChanged [qty]
[ADMIN] [2/10/2017 12:35] [PENJUALAN] CASHIER FORM : cashierDataGridView_CellValueChanged, previousInput [0]
[ADMIN] [2/10/2017 12:35] [PENJUALAN] CASHIER FORM : cashierDataGridView_CellValueChanged, cellValue [1]
[ADMIN] [2/10/2017 12:35] [PENJUALAN] CASHIER FORM : cashierDataGridView_CellValueChanged, dataGridViewTextBoxEditingControl.Text pass REGEX Checking
[ADMIN] [2/10/2017 12:35] [PENJUALAN] CASHIER FORM : CHECK STOCK QTY IS ENOUGH [B-4104]
[ADMIN] [2/10/2017 12:35] [PENJUALAN] CASHIER FORM : CHECK STOCK QTY IS ENOUGH [70, 1]
[ADMIN] [2/10/2017 12:35] [PENJUALAN] CASHIER FORM : CALCULATE SUBTOTAL
[ADMIN] [2/10/2017 12:35] [PENJUALAN] CASHIER FORM : SUBTOTAL [155000]
[ADMIN] [2/10/2017 12:35] [PENJUALAN] CASHIER FORM : cashierDataGridView_CellValueChanged, subtotal value [155000]
[ADMIN] [2/10/2017 12:35] [PENJUALAN] CASHIER FORM : cashierDataGridView_CellValueChanged, attempt to calculate total value
[ADMIN] [2/10/2017 12:35] [PENJUALAN] CASHIER FORM : calculateTotal
[ADMIN] [2/10/2017 12:35] [PENJUALAN] CASHIER FORM : calculateTotal [155000]
[ADMIN] [2/10/2017 12:35] [PENJUALAN] CASHIER FORM : calculateTotal, totalAfterDisc [155000]
[ADMIN] [2/10/2017 12:35] [PENJUALAN] CASHIER FORM : calculateChangeValue, bayarTextBox.Text [0]
[ADMIN] [2/10/2017 12:35] [PENJUALAN] CASHIER FORM : calculateChangeValue, sisaBayar [0]
[ADMIN] [2/10/2017 12:35] [PENJUALAN] CASHIER FORM : SET QTY TO 1 BECAUSE OF NEW ROW
[ADMIN] [2/10/2017 12:35] [PENJUALAN] CASHIER FORM : CALCULATE SUBTOTAL
[ADMIN] [2/10/2017 12:35] [PENJUALAN] CASHIER FORM : SUBTOTAL [155000]
[ADMIN] [2/10/2017 12:35] [PENJUALAN] CASHIER FORM : calculateTotal
[ADMIN] [2/10/2017 12:35] [PENJUALAN] CASHIER FORM : calculateTotal [155000]
[ADMIN] [2/10/2017 12:35] [PENJUALAN] CASHIER FORM : calculateTotal, totalAfterDisc [155000]
[ADMIN] [2/10/2017 12:35] [PENJUALAN] CASHIER FORM : calculateChangeValue, bayarTextBox.Text [0]
[ADMIN] [2/10/2017 12:35] [PENJUALAN] CASHIER FORM : calculateChangeValue, sisaBayar [0]
[ADMIN] [2/10/2017 12:35] [PENJUALAN] CASHIER FORM : UPDATE ROW NUMBER, TOTAL ROW [2]
[ADMIN] [2/10/2017 12:35] [PENJUALAN] CASHIER FORM : cashierDataGridView_CellValueChanged [F8]
[ADMIN] [2/10/2017 12:35] [PENJUALAN] CASHIER FORM : REGISTER HOTKEY
[ADMIN] [2/10/2017 12:35] [PENJUALAN] CASHIER FORM : Combobox_KeyUp, cashierDataGridView.CurrentCell.OwningColumn.Name  [qty]
[ADMIN] [2/10/2017 12:35] [PENJUALAN] CASHIER FORM : Combobox_KeyUp, cashierDataGridView.CurrentCell.OwningColumn.Name  [qty]
[ADMIN] [2/10/2017 12:35] [PENJUALAN] CASHIER FORM : cashierDataGridView_CellValueChanged [disc1]
[ADMIN] [2/10/2017 12:35] [PENJUALAN] CASHIER FORM : cashierDataGridView_CellValueChanged, previousInput [0]
[ADMIN] [2/10/2017 12:35] [PENJUALAN] CASHIER FORM : cashierDataGridView_CellValueChanged, cellValue [1]
[ADMIN] [2/10/2017 12:35] [PENJUALAN] CASHIER FORM : cashierDataGridView_CellValueChanged, dataGridViewTextBoxEditingControl.Text pass REGEX Checking
[ADMIN] [2/10/2017 12:35] [PENJUALAN] CASHIER FORM : CALCULATE SUBTOTAL
[ADMIN] [2/10/2017 12:35] [PENJUALAN] CASHIER FORM : SUBTOTAL [153450]
[ADMIN] [2/10/2017 12:35] [PENJUALAN] CASHIER FORM : cashierDataGridView_CellValueChanged, subtotal value [153450]
[ADMIN] [2/10/2017 12:35] [PENJUALAN] CASHIER FORM : cashierDataGridView_CellValueChanged, attempt to calculate total value
[ADMIN] [2/10/2017 12:35] [PENJUALAN] CASHIER FORM : calculateTotal
[ADMIN] [2/10/2017 12:35] [PENJUALAN] CASHIER FORM : calculateTotal [153450]
[ADMIN] [2/10/2017 12:35] [PENJUALAN] CASHIER FORM : calculateTotal, totalAfterDisc [153450]
[ADMIN] [2/10/2017 12:35] [PENJUALAN] CASHIER FORM : calculateChangeValue, bayarTextBox.Text [0]
[ADMIN] [2/10/2017 12:35] [PENJUALAN] CASHIER FORM : calculateChangeValue, sisaBayar [0]
[ADMIN] [2/10/2017 12:35] [PENJUALAN] CASHIER FORM : Combobox_KeyUp, cashierDataGridView.CurrentCell.OwningColumn.Name  [disc1]
[ADMIN] [2/10/2017 12:35] [PENJUALAN] CASHIER FORM : cashierDataGridView_CellValueChanged [disc1]
[ADMIN] [2/10/2017 12:35] [PENJUALAN] CASHIER FORM : cashierDataGridView_CellValueChanged, previousInput [1]
[ADMIN] [2/10/2017 12:35] [PENJUALAN] CASHIER FORM : cashierDataGridView_CellValueChanged, dataGridViewTextBoxEditingControl.Text pass REGEX Checking
[ADMIN] [2/10/2017 12:35] [PENJUALAN] CASHIER FORM : CALCULATE SUBTOTAL
[ADMIN] [2/10/2017 12:35] [PENJUALAN] CASHIER FORM : SUBTOTAL [139500]
[ADMIN] [2/10/2017 12:35] [PENJUALAN] CASHIER FORM : cashierDataGridView_CellValueChanged, subtotal value [139500]
[ADMIN] [2/10/2017 12:35] [PENJUALAN] CASHIER FORM : cashierDataGridView_CellValueChanged, attempt to calculate total value
[ADMIN] [2/10/2017 12:35] [PENJUALAN] CASHIER FORM : calculateTotal
[ADMIN] [2/10/2017 12:35] [PENJUALAN] CASHIER FORM : calculateTotal [139500]
[ADMIN] [2/10/2017 12:35] [PENJUALAN] CASHIER FORM : calculateTotal, totalAfterDisc [139500]
[ADMIN] [2/10/2017 12:35] [PENJUALAN] CASHIER FORM : calculateChangeValue, bayarTextBox.Text [0]
[ADMIN] [2/10/2017 12:35] [PENJUALAN] CASHIER FORM : calculateChangeValue, sisaBayar [0]
[ADMIN] [2/10/2017 12:35] [PENJUALAN] CASHIER FORM : Combobox_KeyUp, cashierDataGridView.CurrentCell.OwningColumn.Name  [disc1]
[ADMIN] [2/10/2017 12:35] [PENJUALAN] CASHIER FORM : cashierDataGridView_CellValueChanged [disc1]
[ADMIN] [2/10/2017 12:35] [PENJUALAN] CASHIER FORM : cashierDataGridView_CellValueChanged, previousInput [10]
[ADMIN] [2/10/2017 12:35] [PENJUALAN] CASHIER FORM : cashierDataGridView_CellValueChanged, dataGridViewTextBoxEditingControl.Text pass REGEX Checking
[ADMIN] [2/10/2017 12:35] [PENJUALAN] CASHIER FORM : CALCULATE SUBTOTAL
[ADMIN] [2/10/2017 12:35] [PENJUALAN] CASHIER FORM : SUBTOTAL [0]
[ADMIN] [2/10/2017 12:35] [PENJUALAN] CASHIER FORM : cashierDataGridView_CellValueChanged, subtotal value [0]
[ADMIN] [2/10/2017 12:35] [PENJUALAN] CASHIER FORM : cashierDataGridView_CellValueChanged, attempt to calculate total value
[ADMIN] [2/10/2017 12:35] [PENJUALAN] CASHIER FORM : calculateTotal
[ADMIN] [2/10/2017 12:35] [PENJUALAN] CASHIER FORM : calculateTotal [0]
[ADMIN] [2/10/2017 12:35] [PENJUALAN] CASHIER FORM : calculateTotal, totalAfterDisc [0]
[ADMIN] [2/10/2017 12:35] [PENJUALAN] CASHIER FORM : calculateChangeValue, bayarTextBox.Text [0]
[ADMIN] [2/10/2017 12:35] [PENJUALAN] CASHIER FORM : calculateChangeValue, sisaBayar [0]
[ADMIN] [2/10/2017 12:35] [PENJUALAN] CASHIER FORM : Combobox_KeyUp, cashierDataGridView.CurrentCell.OwningColumn.Name  [disc1]
[ADMIN] [2/10/2017 12:35] [PENJUALAN] CASHIER FORM : HOTKEY TO SAVE AND PRINT OUT INVOICE PRESSED
[ADMIN] [2/10/2017 12:35] [PENJUALAN] CASHIER FORM : UNREGISTER HOTKEY
[ADMIN] [2/10/2017 12:35] [PENJUALAN] CASHIER FORM : REGISTER HOTKEY
[ADMIN] [2/10/2017 12:35] [PENJUALAN] ATTEMPT TO SAVE AND PRINT OUT INVOICE
[ADMIN] [2/10/2017 12:36] [PENJUALAN] CASHIER FORM : UNREGISTER HOTKEY
[ADMIN] [2/10/2017 12:36] [PENJUALAN] CASHIER FORM : REGISTER HOTKEY
[ADMIN] [2/10/2017 12:36] [PENJUALAN] CASHIER FORM : UNREGISTER HOTKEY
[ADMIN] [2/10/2017 12:36] [PENJUALAN] CASHIER FORM : UNREGISTER HOTKEY
[] [2/10/2017 12:37] [] USER = ADMIN IS ACTIVE
[ADMIN] [2/10/2017 12:37] [] USER ID = 1 LOGIN SUCCESSFULLY
[ADMIN] [2/10/2017 12:37] [] ACTIVATE USER ACCESS RIGHT
[ADMIN] [2/10/2017 12:37] [] DISPLAY ADMIN FORM
[ADMIN] [2/10/2017 12:37] [] adminForm Load
[ADMIN] [2/10/2017 12:37] [] ACTIVATE USER ACCESS RIGHT
[ADMIN] [2/10/2017 12:37] [PENJUALAN] CASHIER FORM : MULTIPLE CASHIER INSTANCE [1]
[ADMIN] [2/10/2017 12:37] [PENJUALAN] CASHIER FORM : REGISTER HOTKEY
[ADMIN] [2/10/2017 12:37] [PENJUALAN] CASHIER FORM : cashierForm_Load, ATTEMPT TO LOAD NO FAKTUR
[ADMIN] [2/10/2017 12:37] [PENJUALAN] CASHIER FORM : loadNoFaktur, noFakturValue [ABC]
[ADMIN] [2/10/2017 12:37] [PENJUALAN] CASHIER FORM : cashierForm_Load, ATTEMPT TO addColumnToDataGrid
[ADMIN] [2/10/2017 12:37] [PENJUALAN] CASHIER FORM : UPDATE ROW NUMBER, TOTAL ROW [1]
[ADMIN] [2/10/2017 12:37] [PENJUALAN] CASHIER FORM : calculateTotal
[ADMIN] [2/10/2017 12:37] [PENJUALAN] CASHIER FORM : calculateTotal [0]
[ADMIN] [2/10/2017 12:37] [PENJUALAN] CASHIER FORM : calculateTotal, totalAfterDisc [0]
[ADMIN] [2/10/2017 12:37] [PENJUALAN] CASHIER FORM : calculateChangeValue, bayarTextBox.Text [0]
[ADMIN] [2/10/2017 12:37] [PENJUALAN] CASHIER FORM : calculateChangeValue, sisaBayar [0]
[ADMIN] [2/10/2017 12:37] [PENJUALAN] CASHIER FORM : REGISTER HOTKEY
[ADMIN] [2/10/2017 12:37] [PENJUALAN] CASHIER FORM : Combobox_previewKeyDown, cashierDataGridView.CurrentCell.OwningColumn.Name  [productID]
[ADMIN] [2/10/2017 12:37] [PENJUALAN] CASHIER FORM : UPDATE ROW NUMBER, TOTAL ROW [2]
[ADMIN] [2/10/2017 12:37] [PENJUALAN] CASHIER FORM : cashierDataGridView_CellValueChanged [F8]
[ADMIN] [2/10/2017 12:37] [PENJUALAN] CASHIER FORM : cashierDataGridView_CellValueChanged [productID]
[ADMIN] [2/10/2017 12:37] [PENJUALAN] CASHIER FORM : Combobox_KeyUp, cashierDataGridView.CurrentCell.OwningColumn.Name  [productID]
[ADMIN] [2/10/2017 12:37] [PENJUALAN] CASHIER FORM : Combobox_previewKeyDown, cashierDataGridView.CurrentCell.OwningColumn.Name  [productID]
[ADMIN] [2/10/2017 12:37] [PENJUALAN] CASHIER FORM : cashierDataGridView_CellValueChanged [productID]
[ADMIN] [2/10/2017 12:37] [PENJUALAN] CASHIER FORM : Combobox_KeyUp, cashierDataGridView.CurrentCell.OwningColumn.Name  [productID]
[ADMIN] [2/10/2017 12:37] [PENJUALAN] CASHIER FORM : Combobox_previewKeyDown, cashierDataGridView.CurrentCell.OwningColumn.Name  [productID]
[ADMIN] [2/10/2017 12:37] [PENJUALAN] CASHIER FORM : cashierDataGridView_CellValueChanged [productID]
[ADMIN] [2/10/2017 12:37] [PENJUALAN] CASHIER FORM : Combobox_previewKeyDown, cashierDataGridView.CurrentCell.OwningColumn.Name  [productID]
[ADMIN] [2/10/2017 12:37] [PENJUALAN] CASHIER FORM : cashierDataGridView_CellValueChanged [productID]
[ADMIN] [2/10/2017 12:37] [PENJUALAN] CASHIER FORM : Combobox_KeyUp, cashierDataGridView.CurrentCell.OwningColumn.Name  [productID]
[ADMIN] [2/10/2017 12:37] [PENJUALAN] CASHIER FORM : Combobox_KeyUp, cashierDataGridView.CurrentCell.OwningColumn.Name  [productID]
[ADMIN] [2/10/2017 12:37] [PENJUALAN] CASHIER FORM : Combobox_previewKeyDown, cashierDataGridView.CurrentCell.OwningColumn.Name  [productID]
[ADMIN] [2/10/2017 12:37] [PENJUALAN] CASHIER FORM : cashierDataGridView_CellValueChanged [productID]
[ADMIN] [2/10/2017 12:37] [PENJUALAN] CASHIER FORM : Combobox_KeyUp, cashierDataGridView.CurrentCell.OwningColumn.Name  [productID]
[ADMIN] [2/10/2017 12:37] [PENJUALAN] CASHIER FORM : Combobox_previewKeyDown, cashierDataGridView.CurrentCell.OwningColumn.Name  [productID]
[ADMIN] [2/10/2017 12:37] [PENJUALAN] CASHIER FORM : cashierDataGridView_CellValueChanged [productID]
[ADMIN] [2/10/2017 12:37] [PENJUALAN] CASHIER FORM : Combobox_KeyUp, cashierDataGridView.CurrentCell.OwningColumn.Name  [productID]
[ADMIN] [2/10/2017 12:37] [PENJUALAN] CASHIER FORM : Combobox_previewKeyDown, cashierDataGridView.CurrentCell.OwningColumn.Name  [productID]
[ADMIN] [2/10/2017 12:37] [PENJUALAN] CASHIER FORM : cashierDataGridView_CellValueChanged [productID]
[ADMIN] [2/10/2017 12:38] [PENJUALAN] CASHIER FORM : Combobox_KeyUp, cashierDataGridView.CurrentCell.OwningColumn.Name  [productID]
[ADMIN] [2/10/2017 12:38] [PENJUALAN] CASHIER FORM : Combobox_previewKeyDown, cashierDataGridView.CurrentCell.OwningColumn.Name  [productID]
[ADMIN] [2/10/2017 12:38] [PENJUALAN] CASHIER FORM : UNREGISTER HOTKEY
[ADMIN] [2/10/2017 12:38] [PENJUALAN] CASHIER FORM : ADD NEW ROW FROM BARCODE [B-4104  KANDANG HAMSTER]
[ADMIN] [2/10/2017 12:38] [PENJUALAN] CASHIER FORM : updateSomeRowContents
[ADMIN] [2/10/2017 12:38] [PENJUALAN] CASHIER FORM : cashierDataGridView_CellValueChanged [productID]
[ADMIN] [2/10/2017 12:38] [PENJUALAN] CASHIER FORM : cashierDataGridView_CellValueChanged [productName]
[ADMIN] [2/10/2017 12:38] [PENJUALAN] CASHIER FORM : updateSomeRowContents
[ADMIN] [2/10/2017 12:38] [PENJUALAN] CASHIER FORM : PRODUCT PRICE TYPE [PRODUCT_BASE_PRICE]
[ADMIN] [2/10/2017 12:38] [PENJUALAN] CASHIER FORM : PRODUCT PRICE [140000]
[ADMIN] [2/10/2017 12:38] [PENJUALAN] CASHIER FORM : ComboBox_SelectedIndexChanged, PRODUCT_BASE_PRICE [140000]
[ADMIN] [2/10/2017 12:38] [PENJUALAN] CASHIER FORM : cashierDataGridView_CellValueChanged [hpp]
[ADMIN] [2/10/2017 12:38] [PENJUALAN] CASHIER FORM : PRODUCT PRICE TYPE [PRODUCT_RETAIL_PRICE]
[ADMIN] [2/10/2017 12:38] [PENJUALAN] CASHIER FORM : PRODUCT PRICE [155000]
[ADMIN] [2/10/2017 12:38] [PENJUALAN] CASHIER FORM : ComboBox_SelectedIndexChanged, PRODUCT_SALES_PRICE [155000]
[ADMIN] [2/10/2017 12:38] [PENJUALAN] CASHIER FORM : cashierDataGridView_CellValueChanged [productPrice]
[ADMIN] [2/10/2017 12:38] [PENJUALAN] CASHIER FORM : cashierDataGridView_CellValueChanged, previousInput [0]
[ADMIN] [2/10/2017 12:38] [PENJUALAN] CASHIER FORM : cashierDataGridView_CellValueChanged, cellValue [155000]
[ADMIN] [2/10/2017 12:38] [PENJUALAN] CASHIER FORM : cashierDataGridView_CellValueChanged, dataGridViewTextBoxEditingControl.Text pass REGEX Checking
[ADMIN] [2/10/2017 12:38] [PENJUALAN] CASHIER FORM : CALCULATE SUBTOTAL
[ADMIN] [2/10/2017 12:38] [PENJUALAN] CASHIER FORM : SUBTOTAL [0]
[ADMIN] [2/10/2017 12:38] [PENJUALAN] CASHIER FORM : cashierDataGridView_CellValueChanged, subtotal value [0]
[ADMIN] [2/10/2017 12:38] [PENJUALAN] CASHIER FORM : cashierDataGridView_CellValueChanged, attempt to calculate total value
[ADMIN] [2/10/2017 12:38] [PENJUALAN] CASHIER FORM : calculateTotal
[ADMIN] [2/10/2017 12:38] [PENJUALAN] CASHIER FORM : calculateTotal [0]
[ADMIN] [2/10/2017 12:38] [PENJUALAN] CASHIER FORM : calculateTotal, totalAfterDisc [0]
[ADMIN] [2/10/2017 12:38] [PENJUALAN] CASHIER FORM : calculateChangeValue, bayarTextBox.Text [0]
[ADMIN] [2/10/2017 12:38] [PENJUALAN] CASHIER FORM : calculateChangeValue, sisaBayar [0]
[ADMIN] [2/10/2017 12:38] [PENJUALAN] CASHIER FORM : cashierDataGridView_CellValueChanged [qty]
[ADMIN] [2/10/2017 12:38] [PENJUALAN] CASHIER FORM : cashierDataGridView_CellValueChanged, previousInput [0]
[ADMIN] [2/10/2017 12:38] [PENJUALAN] CASHIER FORM : cashierDataGridView_CellValueChanged [jumlah]
[ADMIN] [2/10/2017 12:38] [PENJUALAN] CASHIER FORM : calculateTotal
[ADMIN] [2/10/2017 12:38] [PENJUALAN] CASHIER FORM : calculateTotal [0]
[ADMIN] [2/10/2017 12:38] [PENJUALAN] CASHIER FORM : calculateTotal, totalAfterDisc [0]
[ADMIN] [2/10/2017 12:38] [PENJUALAN] CASHIER FORM : calculateChangeValue, bayarTextBox.Text [0]
[ADMIN] [2/10/2017 12:38] [PENJUALAN] CASHIER FORM : calculateChangeValue, sisaBayar [0]
[ADMIN] [2/10/2017 12:38] [PENJUALAN] CASHIER FORM : CHECK STOCK QTY IS ENOUGH [B-4104]
[ADMIN] [2/10/2017 12:38] [PENJUALAN] CASHIER FORM : CHECK STOCK QTY IS ENOUGH [70, 1]
[ADMIN] [2/10/2017 12:38] [PENJUALAN] CASHIER FORM : cashierDataGridView_CellValueChanged [qty]
[ADMIN] [2/10/2017 12:38] [PENJUALAN] CASHIER FORM : cashierDataGridView_CellValueChanged, previousInput [0]
[ADMIN] [2/10/2017 12:38] [PENJUALAN] CASHIER FORM : cashierDataGridView_CellValueChanged, cellValue [1]
[ADMIN] [2/10/2017 12:38] [PENJUALAN] CASHIER FORM : cashierDataGridView_CellValueChanged, dataGridViewTextBoxEditingControl.Text pass REGEX Checking
[ADMIN] [2/10/2017 12:38] [PENJUALAN] CASHIER FORM : CHECK STOCK QTY IS ENOUGH [B-4104]
[ADMIN] [2/10/2017 12:38] [PENJUALAN] CASHIER FORM : CHECK STOCK QTY IS ENOUGH [70, 1]
[ADMIN] [2/10/2017 12:38] [PENJUALAN] CASHIER FORM : CALCULATE SUBTOTAL
[ADMIN] [2/10/2017 12:38] [PENJUALAN] CASHIER FORM : SUBTOTAL [155000]
[ADMIN] [2/10/2017 12:38] [PENJUALAN] CASHIER FORM : cashierDataGridView_CellValueChanged, subtotal value [155000]
[ADMIN] [2/10/2017 12:38] [PENJUALAN] CASHIER FORM : cashierDataGridView_CellValueChanged, attempt to calculate total value
[ADMIN] [2/10/2017 12:38] [PENJUALAN] CASHIER FORM : calculateTotal
[ADMIN] [2/10/2017 12:38] [PENJUALAN] CASHIER FORM : calculateTotal [155000]
[ADMIN] [2/10/2017 12:38] [PENJUALAN] CASHIER FORM : calculateTotal, totalAfterDisc [155000]
[ADMIN] [2/10/2017 12:38] [PENJUALAN] CASHIER FORM : calculateChangeValue, bayarTextBox.Text [0]
[ADMIN] [2/10/2017 12:38] [PENJUALAN] CASHIER FORM : calculateChangeValue, sisaBayar [0]
[ADMIN] [2/10/2017 12:38] [PENJUALAN] CASHIER FORM : SET QTY TO 1 BECAUSE OF NEW ROW
[ADMIN] [2/10/2017 12:38] [PENJUALAN] CASHIER FORM : CALCULATE SUBTOTAL
[ADMIN] [2/10/2017 12:38] [PENJUALAN] CASHIER FORM : SUBTOTAL [155000]
[ADMIN] [2/10/2017 12:38] [PENJUALAN] CASHIER FORM : calculateTotal
[ADMIN] [2/10/2017 12:38] [PENJUALAN] CASHIER FORM : calculateTotal [155000]
[ADMIN] [2/10/2017 12:38] [PENJUALAN] CASHIER FORM : calculateTotal, totalAfterDisc [155000]
[ADMIN] [2/10/2017 12:38] [PENJUALAN] CASHIER FORM : calculateChangeValue, bayarTextBox.Text [0]
[ADMIN] [2/10/2017 12:38] [PENJUALAN] CASHIER FORM : calculateChangeValue, sisaBayar [0]
[ADMIN] [2/10/2017 12:38] [PENJUALAN] CASHIER FORM : UPDATE ROW NUMBER, TOTAL ROW [2]
[ADMIN] [2/10/2017 12:38] [PENJUALAN] CASHIER FORM : cashierDataGridView_CellValueChanged [F8]
[ADMIN] [2/10/2017 12:38] [PENJUALAN] CASHIER FORM : REGISTER HOTKEY
[ADMIN] [2/10/2017 12:38] [PENJUALAN] CASHIER FORM : Combobox_KeyUp, cashierDataGridView.CurrentCell.OwningColumn.Name  [qty]
[ADMIN] [2/10/2017 12:38] [PENJUALAN] CASHIER FORM : Combobox_KeyUp, cashierDataGridView.CurrentCell.OwningColumn.Name  [qty]
[ADMIN] [2/10/2017 12:38] [PENJUALAN] CASHIER FORM : cashierDataGridView_CellValueChanged [disc1]
[ADMIN] [2/10/2017 12:38] [PENJUALAN] CASHIER FORM : cashierDataGridView_CellValueChanged, previousInput [0]
[ADMIN] [2/10/2017 12:38] [PENJUALAN] CASHIER FORM : cashierDataGridView_CellValueChanged, cellValue [1]
[ADMIN] [2/10/2017 12:38] [PENJUALAN] CASHIER FORM : cashierDataGridView_CellValueChanged, dataGridViewTextBoxEditingControl.Text pass REGEX Checking
[ADMIN] [2/10/2017 12:38] [PENJUALAN] CASHIER FORM : CALCULATE SUBTOTAL
[ADMIN] [2/10/2017 12:38] [PENJUALAN] CASHIER FORM : SUBTOTAL [153450]
[ADMIN] [2/10/2017 12:38] [PENJUALAN] CASHIER FORM : cashierDataGridView_CellValueChanged, subtotal value [153450]
[ADMIN] [2/10/2017 12:38] [PENJUALAN] CASHIER FORM : cashierDataGridView_CellValueChanged, attempt to calculate total value
[ADMIN] [2/10/2017 12:38] [PENJUALAN] CASHIER FORM : calculateTotal
[ADMIN] [2/10/2017 12:38] [PENJUALAN] CASHIER FORM : calculateTotal [153450]
[ADMIN] [2/10/2017 12:38] [PENJUALAN] CASHIER FORM : calculateTotal, totalAfterDisc [153450]
[ADMIN] [2/10/2017 12:38] [PENJUALAN] CASHIER FORM : calculateChangeValue, bayarTextBox.Text [0]
[ADMIN] [2/10/2017 12:38] [PENJUALAN] CASHIER FORM : calculateChangeValue, sisaBayar [0]
[ADMIN] [2/10/2017 12:38] [PENJUALAN] CASHIER FORM : Combobox_KeyUp, cashierDataGridView.CurrentCell.OwningColumn.Name  [disc1]
[ADMIN] [2/10/2017 12:38] [PENJUALAN] CASHIER FORM : cashierDataGridView_CellValueChanged [disc1]
[ADMIN] [2/10/2017 12:38] [PENJUALAN] CASHIER FORM : cashierDataGridView_CellValueChanged, previousInput [1]
[ADMIN] [2/10/2017 12:38] [PENJUALAN] CASHIER FORM : cashierDataGridView_CellValueChanged, dataGridViewTextBoxEditingControl.Text pass REGEX Checking
[ADMIN] [2/10/2017 12:38] [PENJUALAN] CASHIER FORM : CALCULATE SUBTOTAL
[ADMIN] [2/10/2017 12:38] [PENJUALAN] CASHIER FORM : SUBTOTAL [139500]
[ADMIN] [2/10/2017 12:38] [PENJUALAN] CASHIER FORM : cashierDataGridView_CellValueChanged, subtotal value [139500]
[ADMIN] [2/10/2017 12:38] [PENJUALAN] CASHIER FORM : cashierDataGridView_CellValueChanged, attempt to calculate total value
[ADMIN] [2/10/2017 12:38] [PENJUALAN] CASHIER FORM : calculateTotal
[ADMIN] [2/10/2017 12:38] [PENJUALAN] CASHIER FORM : calculateTotal [139500]
[ADMIN] [2/10/2017 12:38] [PENJUALAN] CASHIER FORM : calculateTotal, totalAfterDisc [139500]
[ADMIN] [2/10/2017 12:38] [PENJUALAN] CASHIER FORM : calculateChangeValue, bayarTextBox.Text [0]
[ADMIN] [2/10/2017 12:38] [PENJUALAN] CASHIER FORM : calculateChangeValue, sisaBayar [0]
[ADMIN] [2/10/2017 12:38] [PENJUALAN] CASHIER FORM : Combobox_KeyUp, cashierDataGridView.CurrentCell.OwningColumn.Name  [disc1]
[ADMIN] [2/10/2017 12:38] [PENJUALAN] CASHIER FORM : cashierDataGridView_CellValueChanged [disc1]
[ADMIN] [2/10/2017 12:38] [PENJUALAN] CASHIER FORM : cashierDataGridView_CellValueChanged, previousInput [10]
[ADMIN] [2/10/2017 12:38] [PENJUALAN] CASHIER FORM : cashierDataGridView_CellValueChanged, dataGridViewTextBoxEditingControl.Text pass REGEX Checking
[ADMIN] [2/10/2017 12:38] [PENJUALAN] CASHIER FORM : CALCULATE SUBTOTAL
[ADMIN] [2/10/2017 12:38] [PENJUALAN] CASHIER FORM : SUBTOTAL [0]
[ADMIN] [2/10/2017 12:38] [PENJUALAN] CASHIER FORM : cashierDataGridView_CellValueChanged, subtotal value [0]
[ADMIN] [2/10/2017 12:38] [PENJUALAN] CASHIER FORM : cashierDataGridView_CellValueChanged, attempt to calculate total value
[ADMIN] [2/10/2017 12:38] [PENJUALAN] CASHIER FORM : calculateTotal
[ADMIN] [2/10/2017 12:38] [PENJUALAN] CASHIER FORM : calculateTotal [0]
[ADMIN] [2/10/2017 12:38] [PENJUALAN] CASHIER FORM : calculateTotal, totalAfterDisc [0]
[ADMIN] [2/10/2017 12:38] [PENJUALAN] CASHIER FORM : calculateChangeValue, bayarTextBox.Text [0]
[ADMIN] [2/10/2017 12:38] [PENJUALAN] CASHIER FORM : calculateChangeValue, sisaBayar [0]
[ADMIN] [2/10/2017 12:38] [PENJUALAN] CASHIER FORM : Combobox_KeyUp, cashierDataGridView.CurrentCell.OwningColumn.Name  [disc1]
[ADMIN] [2/10/2017 12:38] [PENJUALAN] CASHIER FORM : HOTKEY TO SAVE AND PRINT OUT INVOICE PRESSED
[ADMIN] [2/10/2017 12:38] [PENJUALAN] CASHIER FORM : UNREGISTER HOTKEY
[ADMIN] [2/10/2017 12:38] [PENJUALAN] CASHIER FORM : REGISTER HOTKEY
[ADMIN] [2/10/2017 12:38] [PENJUALAN] ATTEMPT TO SAVE AND PRINT OUT INVOICE
[ADMIN] [2/10/2017 12:38] [PENJUALAN] CASHIER FORM : UNREGISTER HOTKEY
[ADMIN] [2/10/2017 12:38] [PENJUALAN] CASHIER FORM : REGISTER HOTKEY
[ADMIN] [2/10/2017 12:38] [PENJUALAN] CASHIER FORM : UNREGISTER HOTKEY
[ADMIN] [2/10/2017 12:38] [PENJUALAN] CASHIER FORM : ATTEMPT TO SAVE SALES DATA [10-02-2017 12:38]
[ADMIN] [2/10/2017 12:38] [PENJUALAN] CASHIER FORM : SALES DISC FINAL [0]
[ADMIN] [2/10/2017 12:38] [PENJUALAN] CASHIER FORM : CASH SALES
[ADMIN] [2/10/2017 12:38] [PENJUALAN] CHECK IF TAX LIMIT SET FOR PERCENTAGE PURCHASE [0]
[ADMIN] [2/10/2017 12:38] [PENJUALAN] CHECK IF TAX LIMIT SET FOR AVERAGE DAILY PURCHASE [0]
[ADMIN] [2/10/2017 12:38] [PENJUALAN] CASHIER FORM : NO FAKTUR [ABC]
[ADMIN] [2/10/2017 12:38] [PENJUALAN] CASHIER FORM : MAX SALES INVOICE [1]
[ADMIN] [2/10/2017 12:38] [PENJUALAN] CASHIER FORM : SALES INVOICE [ABC-2]
[ADMIN] [2/10/2017 12:38] [PENJUALAN] INSERT INTO SALES HEADER [ABC-2]
[ADMIN] [2/10/2017 12:38] [PENJUALAN] INSERT INTO SALES DETAIL[B-4104, 155000, 1]
[ADMIN] [2/10/2017 12:38] [PENJUALAN] REDUCE STOCK AT MASTER PRODUCT [B-4104]
[ADMIN] [2/10/2017 12:38] [PENJUALAN] INSERT TO CREDIT TABLE [ABC-2]
[ADMIN] [2/10/2017 12:38] [PENJUALAN] INSERT TO DAILY JOURNAL TABLE [0]
[ADMIN] [2/10/2017 12:38] [PENJUALAN] CASHIER FORM : REGISTER HOTKEY
[ADMIN] [2/10/2017 12:38] [PENJUALAN] TRANSACTION SAVED
[ADMIN] [2/10/2017 12:38] [PENJUALAN] PRINT OUT INVOICE
[ADMIN] [2/10/2017 12:38] [PENJUALAN] CASHIER FORM : PrintReceipt
[ADMIN] [2/10/2017 12:38] [PENJUALAN] CASHIER FORM : PrintReceipt, POS size Paper
[ADMIN] [2/10/2017 12:38] [PENJUALAN] CASHIER FORM : loadInfoToko
[ADMIN] [2/10/2017 12:38] [PENJUALAN] CASHIER FORM : calculatePageLength, totalLengthPage [369]
[ADMIN] [2/10/2017 12:38] [PENJUALAN] CASHIER FORM : printDocument1_PrintPage, print POS size receipt
[ADMIN] [2/10/2017 12:38] [PENJUALAN] CASHIER FORM : loadInfoToko
[ADMIN] [2/10/2017 12:38] [PENJUALAN] CASHIER FORM : loadNamaUser
[ADMIN] [2/10/2017 12:38] [PENJUALAN] CASHIER FORM : UNREGISTER HOTKEY
[ADMIN] [2/10/2017 12:38] [PENJUALAN] CASHIER FORM : REGISTER HOTKEY
[ADMIN] [2/10/2017 12:38] [PENJUALAN] CASHIER FORM : UPDATE ROW NUMBER, TOTAL ROW [1]
[ADMIN] [2/10/2017 12:38] [PENJUALAN] CASHIER FORM : UNREGISTER HOTKEY
[ADMIN] [2/10/2017 12:38] [PENJUALAN] CASHIER FORM : UNREGISTER HOTKEY
[ADMIN] [2/10/2017 13:58] [PENJUALAN] CASHIER FORM : MULTIPLE CASHIER INSTANCE [1]
[ADMIN] [2/10/2017 13:58] [PENJUALAN] CASHIER FORM : REGISTER HOTKEY
[ADMIN] [2/10/2017 13:58] [PENJUALAN] CASHIER FORM : cashierForm_Load, ATTEMPT TO LOAD NO FAKTUR
[ADMIN] [2/10/2017 13:58] [PENJUALAN] CASHIER FORM : loadNoFaktur, noFakturValue [ABC]
[ADMIN] [2/10/2017 13:58] [PENJUALAN] CASHIER FORM : cashierForm_Load, ATTEMPT TO addColumnToDataGrid
[ADMIN] [2/10/2017 13:58] [PENJUALAN] CASHIER FORM : UPDATE ROW NUMBER, TOTAL ROW [1]
[ADMIN] [2/10/2017 13:58] [PENJUALAN] CASHIER FORM : calculateTotal
[ADMIN] [2/10/2017 13:58] [PENJUALAN] CASHIER FORM : calculateTotal [0]
[ADMIN] [2/10/2017 13:58] [PENJUALAN] CASHIER FORM : calculateTotal, totalAfterDisc [0]
[ADMIN] [2/10/2017 13:58] [PENJUALAN] CASHIER FORM : calculateChangeValue, bayarTextBox.Text [0]
[ADMIN] [2/10/2017 13:58] [PENJUALAN] CASHIER FORM : calculateChangeValue, sisaBayar [0]
[ADMIN] [2/10/2017 13:58] [PENJUALAN] CASHIER FORM : REGISTER HOTKEY
[ADMIN] [2/10/2017 13:58] [PENJUALAN] CASHIER FORM : Combobox_previewKeyDown, cashierDataGridView.CurrentCell.OwningColumn.Name  [productID]
[ADMIN] [2/10/2017 13:58] [PENJUALAN] CASHIER FORM : UPDATE ROW NUMBER, TOTAL ROW [2]
[ADMIN] [2/10/2017 13:58] [PENJUALAN] CASHIER FORM : cashierDataGridView_CellValueChanged [F8]
[ADMIN] [2/10/2017 13:58] [PENJUALAN] CASHIER FORM : cashierDataGridView_CellValueChanged [productID]
[ADMIN] [2/10/2017 13:58] [PENJUALAN] CASHIER FORM : Combobox_KeyUp, cashierDataGridView.CurrentCell.OwningColumn.Name  [productID]
[ADMIN] [2/10/2017 13:58] [PENJUALAN] CASHIER FORM : Combobox_previewKeyDown, cashierDataGridView.CurrentCell.OwningColumn.Name  [productID]
[ADMIN] [2/10/2017 13:58] [PENJUALAN] CASHIER FORM : UNREGISTER HOTKEY
[ADMIN] [2/10/2017 13:58] [PENJUALAN] CASHIER FORM : ADD NEW ROW FROM BARCODE [ANF PUPPY 1 KG]
[ADMIN] [2/10/2017 13:58] [PENJUALAN] CASHIER FORM : updateSomeRowContents
[ADMIN] [2/10/2017 13:58] [PENJUALAN] CASHIER FORM : cashierDataGridView_CellValueChanged [productID]
[ADMIN] [2/10/2017 13:58] [PENJUALAN] CASHIER FORM : cashierDataGridView_CellValueChanged [productName]
[ADMIN] [2/10/2017 13:58] [PENJUALAN] CASHIER FORM : updateSomeRowContents
[ADMIN] [2/10/2017 13:58] [PENJUALAN] CASHIER FORM : PRODUCT PRICE TYPE [PRODUCT_BASE_PRICE]
[ADMIN] [2/10/2017 13:58] [PENJUALAN] CASHIER FORM : PRODUCT PRICE [28000]
[ADMIN] [2/10/2017 13:58] [PENJUALAN] CASHIER FORM : ComboBox_SelectedIndexChanged, PRODUCT_BASE_PRICE [28000]
[ADMIN] [2/10/2017 13:58] [PENJUALAN] CASHIER FORM : cashierDataGridView_CellValueChanged [hpp]
[ADMIN] [2/10/2017 13:58] [PENJUALAN] CASHIER FORM : PRODUCT PRICE TYPE [PRODUCT_RETAIL_PRICE]
[ADMIN] [2/10/2017 13:58] [PENJUALAN] CASHIER FORM : PRODUCT PRICE [30000]
[ADMIN] [2/10/2017 13:58] [PENJUALAN] CASHIER FORM : ComboBox_SelectedIndexChanged, PRODUCT_SALES_PRICE [30000]
[ADMIN] [2/10/2017 13:58] [PENJUALAN] CASHIER FORM : cashierDataGridView_CellValueChanged [productPrice]
[ADMIN] [2/10/2017 13:58] [PENJUALAN] CASHIER FORM : cashierDataGridView_CellValueChanged, previousInput [0]
[ADMIN] [2/10/2017 13:58] [PENJUALAN] CASHIER FORM : cashierDataGridView_CellValueChanged, cellValue [30000]
[ADMIN] [2/10/2017 13:58] [PENJUALAN] CASHIER FORM : cashierDataGridView_CellValueChanged, dataGridViewTextBoxEditingControl.Text pass REGEX Checking
[ADMIN] [2/10/2017 13:58] [PENJUALAN] CASHIER FORM : CALCULATE SUBTOTAL
[ADMIN] [2/10/2017 13:58] [PENJUALAN] CASHIER FORM : SUBTOTAL [0]
[ADMIN] [2/10/2017 13:58] [PENJUALAN] CASHIER FORM : cashierDataGridView_CellValueChanged, subtotal value [0]
[ADMIN] [2/10/2017 13:58] [PENJUALAN] CASHIER FORM : cashierDataGridView_CellValueChanged, attempt to calculate total value
[ADMIN] [2/10/2017 13:58] [PENJUALAN] CASHIER FORM : calculateTotal
[ADMIN] [2/10/2017 13:58] [PENJUALAN] CASHIER FORM : calculateTotal [0]
[ADMIN] [2/10/2017 13:58] [PENJUALAN] CASHIER FORM : calculateTotal, totalAfterDisc [0]
[ADMIN] [2/10/2017 13:58] [PENJUALAN] CASHIER FORM : calculateChangeValue, bayarTextBox.Text [0]
[ADMIN] [2/10/2017 13:58] [PENJUALAN] CASHIER FORM : calculateChangeValue, sisaBayar [0]
[ADMIN] [2/10/2017 13:58] [PENJUALAN] CASHIER FORM : cashierDataGridView_CellValueChanged [qty]
[ADMIN] [2/10/2017 13:58] [PENJUALAN] CASHIER FORM : cashierDataGridView_CellValueChanged, previousInput [0]
[ADMIN] [2/10/2017 13:58] [PENJUALAN] CASHIER FORM : cashierDataGridView_CellValueChanged [jumlah]
[ADMIN] [2/10/2017 13:58] [PENJUALAN] CASHIER FORM : calculateTotal
[ADMIN] [2/10/2017 13:58] [PENJUALAN] CASHIER FORM : calculateTotal [0]
[ADMIN] [2/10/2017 13:58] [PENJUALAN] CASHIER FORM : calculateTotal, totalAfterDisc [0]
[ADMIN] [2/10/2017 13:58] [PENJUALAN] CASHIER FORM : calculateChangeValue, bayarTextBox.Text [0]
[ADMIN] [2/10/2017 13:58] [PENJUALAN] CASHIER FORM : calculateChangeValue, sisaBayar [0]
[ADMIN] [2/10/2017 13:58] [PENJUALAN] CASHIER FORM : CHECK STOCK QTY IS ENOUGH [ANF-P1]
[ADMIN] [2/10/2017 13:58] [PENJUALAN] CASHIER FORM : CHECK STOCK QTY IS ENOUGH [10, 1]
[ADMIN] [2/10/2017 13:58] [PENJUALAN] CASHIER FORM : cashierDataGridView_CellValueChanged [qty]
[ADMIN] [2/10/2017 13:58] [PENJUALAN] CASHIER FORM : cashierDataGridView_CellValueChanged, previousInput [0]
[ADMIN] [2/10/2017 13:58] [PENJUALAN] CASHIER FORM : cashierDataGridView_CellValueChanged, cellValue [1]
[ADMIN] [2/10/2017 13:58] [PENJUALAN] CASHIER FORM : cashierDataGridView_CellValueChanged, dataGridViewTextBoxEditingControl.Text pass REGEX Checking
[ADMIN] [2/10/2017 13:58] [PENJUALAN] CASHIER FORM : CHECK STOCK QTY IS ENOUGH [ANF-P1]
[ADMIN] [2/10/2017 13:58] [PENJUALAN] CASHIER FORM : CHECK STOCK QTY IS ENOUGH [10, 1]
[ADMIN] [2/10/2017 13:58] [PENJUALAN] CASHIER FORM : CALCULATE SUBTOTAL
[ADMIN] [2/10/2017 13:58] [PENJUALAN] CASHIER FORM : SUBTOTAL [30000]
[ADMIN] [2/10/2017 13:58] [PENJUALAN] CASHIER FORM : cashierDataGridView_CellValueChanged, subtotal value [30000]
[ADMIN] [2/10/2017 13:58] [PENJUALAN] CASHIER FORM : cashierDataGridView_CellValueChanged, attempt to calculate total value
[ADMIN] [2/10/2017 13:58] [PENJUALAN] CASHIER FORM : calculateTotal
[ADMIN] [2/10/2017 13:58] [PENJUALAN] CASHIER FORM : calculateTotal [30000]
[ADMIN] [2/10/2017 13:58] [PENJUALAN] CASHIER FORM : calculateTotal, totalAfterDisc [30000]
[ADMIN] [2/10/2017 13:58] [PENJUALAN] CASHIER FORM : calculateChangeValue, bayarTextBox.Text [0]
[ADMIN] [2/10/2017 13:58] [PENJUALAN] CASHIER FORM : calculateChangeValue, sisaBayar [0]
[ADMIN] [2/10/2017 13:58] [PENJUALAN] CASHIER FORM : SET QTY TO 1 BECAUSE OF NEW ROW
[ADMIN] [2/10/2017 13:58] [PENJUALAN] CASHIER FORM : CALCULATE SUBTOTAL
[ADMIN] [2/10/2017 13:58] [PENJUALAN] CASHIER FORM : SUBTOTAL [30000]
[ADMIN] [2/10/2017 13:58] [PENJUALAN] CASHIER FORM : calculateTotal
[ADMIN] [2/10/2017 13:58] [PENJUALAN] CASHIER FORM : calculateTotal [30000]
[ADMIN] [2/10/2017 13:58] [PENJUALAN] CASHIER FORM : calculateTotal, totalAfterDisc [30000]
[ADMIN] [2/10/2017 13:58] [PENJUALAN] CASHIER FORM : calculateChangeValue, bayarTextBox.Text [0]
[ADMIN] [2/10/2017 13:58] [PENJUALAN] CASHIER FORM : calculateChangeValue, sisaBayar [0]
[ADMIN] [2/10/2017 13:58] [PENJUALAN] CASHIER FORM : UPDATE ROW NUMBER, TOTAL ROW [2]
[ADMIN] [2/10/2017 13:58] [PENJUALAN] CASHIER FORM : cashierDataGridView_CellValueChanged [F8]
[ADMIN] [2/10/2017 13:58] [PENJUALAN] CASHIER FORM : REGISTER HOTKEY
[ADMIN] [2/10/2017 13:58] [PENJUALAN] CASHIER FORM : Combobox_KeyUp, cashierDataGridView.CurrentCell.OwningColumn.Name  [qty]
[ADMIN] [2/10/2017 13:58] [PENJUALAN] CASHIER FORM : Combobox_KeyUp, cashierDataGridView.CurrentCell.OwningColumn.Name  [qty]
[ADMIN] [2/10/2017 13:58] [PENJUALAN] CASHIER FORM : calculateChangeValue, bayarTextBox.Text [30]
[ADMIN] [2/10/2017 13:58] [PENJUALAN] CASHIER FORM : calculateChangeValue, sisaBayar [0]
[ADMIN] [2/10/2017 13:58] [PENJUALAN] CASHIER FORM : calculateChangeValue, bayarTextBox.Text [300]
[ADMIN] [2/10/2017 13:58] [PENJUALAN] CASHIER FORM : calculateChangeValue, sisaBayar [0]
[ADMIN] [2/10/2017 13:58] [PENJUALAN] CASHIER FORM : calculateChangeValue, bayarTextBox.Text [3000]
[ADMIN] [2/10/2017 13:58] [PENJUALAN] CASHIER FORM : calculateChangeValue, sisaBayar [0]
[ADMIN] [2/10/2017 13:58] [PENJUALAN] CASHIER FORM : calculateChangeValue, bayarTextBox.Text [30000]
[ADMIN] [2/10/2017 13:58] [PENJUALAN] CASHIER FORM : calculateChangeValue, sisaBayar [0]
[ADMIN] [2/10/2017 13:58] [PENJUALAN] CASHIER FORM : calculateChangeValue, bayarTextBox.Text [300000]
[ADMIN] [2/10/2017 13:58] [PENJUALAN] CASHIER FORM : calculateChangeValue, sisaBayar [270000]
[ADMIN] [2/10/2017 13:58] [PENJUALAN] CASHIER FORM : calculateChangeValue, bayarTextBox.Text [30000]
[ADMIN] [2/10/2017 13:58] [PENJUALAN] CASHIER FORM : calculateChangeValue, sisaBayar [0]
[ADMIN] [2/10/2017 13:58] [PENJUALAN] CASHIER FORM : HOTKEY TO SAVE AND PRINT OUT INVOICE PRESSED
[ADMIN] [2/10/2017 13:58] [PENJUALAN] CASHIER FORM : UNREGISTER HOTKEY
[ADMIN] [2/10/2017 13:58] [PENJUALAN] CASHIER FORM : REGISTER HOTKEY
[ADMIN] [2/10/2017 13:58] [PENJUALAN] ATTEMPT TO SAVE AND PRINT OUT INVOICE
[ADMIN] [2/10/2017 13:58] [PENJUALAN] CASHIER FORM : UNREGISTER HOTKEY
[ADMIN] [2/10/2017 13:58] [PENJUALAN] CASHIER FORM : REGISTER HOTKEY
[ADMIN] [2/10/2017 13:58] [PENJUALAN] CASHIER FORM : UNREGISTER HOTKEY
[ADMIN] [2/10/2017 13:58] [PENJUALAN] CASHIER FORM : ATTEMPT TO SAVE SALES DATA [10-02-2017 13:58]
[ADMIN] [2/10/2017 13:58] [PENJUALAN] CASHIER FORM : SALES DISC FINAL [0]
[ADMIN] [2/10/2017 13:58] [PENJUALAN] CASHIER FORM : CASH SALES
[ADMIN] [2/10/2017 13:58] [PENJUALAN] CHECK IF TAX LIMIT SET FOR PERCENTAGE PURCHASE [0]
[ADMIN] [2/10/2017 13:58] [PENJUALAN] CHECK IF TAX LIMIT SET FOR AVERAGE DAILY PURCHASE [0]
[ADMIN] [2/10/2017 13:58] [PENJUALAN] CASHIER FORM : NO FAKTUR [ABC]
[ADMIN] [2/10/2017 13:58] [PENJUALAN] CASHIER FORM : MAX SALES INVOICE [2]
[ADMIN] [2/10/2017 13:58] [PENJUALAN] CASHIER FORM : SALES INVOICE [ABC-3]
[ADMIN] [2/10/2017 13:58] [PENJUALAN] INSERT INTO SALES HEADER [ABC-3]
[ADMIN] [2/10/2017 13:58] [PENJUALAN] INSERT INTO SALES DETAIL[ANF-P1, 30000, 1]
[ADMIN] [2/10/2017 13:58] [PENJUALAN] REDUCE STOCK AT MASTER PRODUCT [ANF-P1]
[ADMIN] [2/10/2017 13:58] [PENJUALAN] REDUCE STOCK AT PRODUCT_EXPIRY LOT [3]
[ADMIN] [2/10/2017 13:58] [PENJUALAN] SAVE PRODUCT LOT INFORMATION FOR EACH ITEM AND AMOUNT
[ADMIN] [2/10/2017 13:58] [PENJUALAN] INSERT TO CREDIT TABLE [ABC-3]
[ADMIN] [2/10/2017 13:58] [PENJUALAN] INSERT TO DAILY JOURNAL TABLE [30000]
[ADMIN] [2/10/2017 13:58] [PENJUALAN] CASHIER FORM : REGISTER HOTKEY
[ADMIN] [2/10/2017 13:58] [PENJUALAN] TRANSACTION SAVED
[ADMIN] [2/10/2017 13:58] [PENJUALAN] PRINT OUT INVOICE
[ADMIN] [2/10/2017 13:58] [PENJUALAN] CASHIER FORM : PrintReceipt
[ADMIN] [2/10/2017 13:58] [PENJUALAN] CASHIER FORM : PrintReceipt, POS size Paper
[ADMIN] [2/10/2017 13:58] [PENJUALAN] CASHIER FORM : loadInfoToko
[ADMIN] [2/10/2017 13:58] [PENJUALAN] CASHIER FORM : calculatePageLength, totalLengthPage [369]
[ADMIN] [2/10/2017 13:58] [PENJUALAN] CASHIER FORM : printDocument1_PrintPage, print POS size receipt
[ADMIN] [2/10/2017 13:58] [PENJUALAN] CASHIER FORM : loadInfoToko
[ADMIN] [2/10/2017 13:58] [PENJUALAN] CASHIER FORM : loadNamaUser
[ADMIN] [2/10/2017 13:58] [PENJUALAN] CASHIER FORM : UNREGISTER HOTKEY
[ADMIN] [2/10/2017 13:59] [PENJUALAN] CASHIER FORM : REGISTER HOTKEY
[ADMIN] [2/10/2017 13:59] [PENJUALAN] CASHIER FORM : UPDATE ROW NUMBER, TOTAL ROW [1]
[ADMIN] [2/10/2017 13:59] [PENJUALAN] CASHIER FORM : UNREGISTER HOTKEY
[ADMIN] [2/10/2017 13:59] [PENJUALAN] CASHIER FORM : UNREGISTER HOTKEY
[ADMIN] [2/10/2017 15:21] [] USER ID = 1LOGOUT
