[] [6/1/2017 23:34] [] USER = ADMIN IS ACTIVE
[ADMIN] [6/1/2017 23:34] [] USER ID = 1 LOGIN SUCCESSFULLY
[ADMIN] [6/1/2017 23:34] [] ACTIVATE USER ACCESS RIGHT
[ADMIN] [6/1/2017 23:34] [] DISPLAY ADMIN FORM
[ADMIN] [6/1/2017 23:34] [] adminForm Load
[ADMIN] [6/1/2017 23:34] [] ACTIVATE USER ACCESS RIGHT
[ADMIN] [6/1/2017 23:34] [PENYESUAIAN STOK] TRY TO DO MANUAL STOCK ADJUSTMENT
[ADMIN] [6/1/2017 23:34] [PENYESUAIAN STOK] UPDATE STOCK QTY [4669]
[ADMIN] [6/1/2017 23:34] [PENYESUAIAN STOK] INSERT INTO PRODUCT ADJUSTMENT TABLE [IMP-AC1, 3, 5]
[ADMIN] [6/1/2017 23:34] [PENERIMAAN BARANG] INSERT TO PRODUCT EXPIRY [IMP-AC1]
[] [6/1/2017 23:36] [] USER = ADMIN IS ACTIVE
[ADMIN] [6/1/2017 23:36] [] USER ID = 1 LOGIN SUCCESSFULLY
[ADMIN] [6/1/2017 23:36] [] ACTIVATE USER ACCESS RIGHT
[ADMIN] [6/1/2017 23:36] [] DISPLAY ADMIN FORM
[ADMIN] [6/1/2017 23:36] [] adminForm Load
[ADMIN] [6/1/2017 23:36] [] ACTIVATE USER ACCESS RIGHT
[ADMIN] [6/1/2017 23:36] [PENYESUAIAN STOK] TRY TO DO MANUAL STOCK ADJUSTMENT
[ADMIN] [6/1/2017 23:36] [PENYESUAIAN STOK] UPDATE STOCK QTY [4669]
[ADMIN] [6/1/2017 23:36] [PENYESUAIAN STOK] INSERT INTO PRODUCT ADJUSTMENT TABLE [IMP-AC1, 8, 5]
[ADMIN] [6/1/2017 23:36] [PENERIMAAN BARANG] INSERT TO PRODUCT EXPIRY [IMP-AC1]
[ADMIN] [6/1/2017 23:36] [PENJUALAN] CASHIER FORM : MULTIPLE CASHIER INSTANCE [1]
[ADMIN] [6/1/2017 23:36] [PENJUALAN] CASHIER FORM : REGISTER HOTKEY
[ADMIN] [6/1/2017 23:36] [PENJUALAN] CASHIER FORM : cashierForm_Load, ATTEMPT TO LOAD NO FAKTUR
[ADMIN] [6/1/2017 23:36] [PENJUALAN] CASHIER FORM : loadNoFaktur, noFakturValue [SLO001]
[ADMIN] [6/1/2017 23:36] [PENJUALAN] CASHIER FORM : cashierForm_Load, ATTEMPT TO addColumnToDataGrid
[ADMIN] [6/1/2017 23:36] [PENJUALAN] CASHIER FORM : UPDATE ROW NUMBER, TOTAL ROW [1]
[ADMIN] [6/1/2017 23:36] [PENJUALAN] CASHIER FORM : REGISTER HOTKEY
[ADMIN] [6/1/2017 23:36] [PENJUALAN] CASHIER FORM : Combobox_KeyUp, cashierDataGridView.CurrentCell.OwningColumn.Name  [productID]
[ADMIN] [6/1/2017 23:36] [PENJUALAN] CASHIER FORM : Combobox_previewKeyDown, cashierDataGridView.CurrentCell.OwningColumn.Name  [productID]
[ADMIN] [6/1/2017 23:36] [PENJUALAN] CASHIER FORM : UPDATE ROW NUMBER, TOTAL ROW [2]
[ADMIN] [6/1/2017 23:36] [PENJUALAN] CASHIER FORM : cashierDataGridView_CellValueChanged [F8]
[ADMIN] [6/1/2017 23:36] [PENJUALAN] CASHIER FORM : cashierDataGridView_CellValueChanged [productID]
[ADMIN] [6/1/2017 23:36] [PENJUALAN] CASHIER FORM : Combobox_KeyUp, cashierDataGridView.CurrentCell.OwningColumn.Name  [productID]
[ADMIN] [6/1/2017 23:36] [PENJUALAN] CASHIER FORM : Combobox_previewKeyDown, cashierDataGridView.CurrentCell.OwningColumn.Name  [productID]
[ADMIN] [6/1/2017 23:36] [PENJUALAN] CASHIER FORM : cashierDataGridView_CellValueChanged [productID]
[ADMIN] [6/1/2017 23:36] [PENJUALAN] CASHIER FORM : Combobox_KeyUp, cashierDataGridView.CurrentCell.OwningColumn.Name  [productID]
[ADMIN] [6/1/2017 23:36] [PENJUALAN] CASHIER FORM : Combobox_previewKeyDown, cashierDataGridView.CurrentCell.OwningColumn.Name  [productID]
[ADMIN] [6/1/2017 23:36] [PENJUALAN] CASHIER FORM : cashierDataGridView_CellValueChanged [productID]
[ADMIN] [6/1/2017 23:36] [PENJUALAN] CASHIER FORM : Combobox_KeyUp, cashierDataGridView.CurrentCell.OwningColumn.Name  [productID]
[ADMIN] [6/1/2017 23:36] [PENJUALAN] CASHIER FORM : Combobox_previewKeyDown, cashierDataGridView.CurrentCell.OwningColumn.Name  [productID]
[ADMIN] [6/1/2017 23:36] [PENJUALAN] CASHIER FORM : cashierDataGridView_CellValueChanged [productID]
[ADMIN] [6/1/2017 23:36] [PENJUALAN] CASHIER FORM : Combobox_KeyUp, cashierDataGridView.CurrentCell.OwningColumn.Name  [productID]
[ADMIN] [6/1/2017 23:36] [PENJUALAN] CASHIER FORM : Combobox_previewKeyDown, cashierDataGridView.CurrentCell.OwningColumn.Name  [productID]
[ADMIN] [6/1/2017 23:36] [PENJUALAN] CASHIER FORM : cashierDataGridView_CellValueChanged [productID]
[ADMIN] [6/1/2017 23:36] [PENJUALAN] CASHIER FORM : Combobox_KeyUp, cashierDataGridView.CurrentCell.OwningColumn.Name  [productID]
[ADMIN] [6/1/2017 23:36] [PENJUALAN] CASHIER FORM : Combobox_previewKeyDown, cashierDataGridView.CurrentCell.OwningColumn.Name  [productID]
[ADMIN] [6/1/2017 23:36] [PENJUALAN] CASHIER FORM : cashierDataGridView_CellValueChanged [productID]
[ADMIN] [6/1/2017 23:36] [PENJUALAN] CASHIER FORM : Combobox_KeyUp, cashierDataGridView.CurrentCell.OwningColumn.Name  [productID]
[ADMIN] [6/1/2017 23:36] [PENJUALAN] CASHIER FORM : Combobox_previewKeyDown, cashierDataGridView.CurrentCell.OwningColumn.Name  [productID]
[ADMIN] [6/1/2017 23:36] [PENJUALAN] CASHIER FORM : cashierDataGridView_CellValueChanged [productID]
[ADMIN] [6/1/2017 23:36] [PENJUALAN] CASHIER FORM : Combobox_KeyUp, cashierDataGridView.CurrentCell.OwningColumn.Name  [productID]
[ADMIN] [6/1/2017 23:36] [PENJUALAN] CASHIER FORM : Combobox_previewKeyDown, cashierDataGridView.CurrentCell.OwningColumn.Name  [productID]
[ADMIN] [6/1/2017 23:36] [PENJUALAN] CASHIER FORM : cashierDataGridView_CellValueChanged [productID]
[ADMIN] [6/1/2017 23:36] [PENJUALAN] CASHIER FORM : Combobox_KeyUp, cashierDataGridView.CurrentCell.OwningColumn.Name  [productID]
[ADMIN] [6/1/2017 23:36] [PENJUALAN] CASHIER FORM : Combobox_previewKeyDown, cashierDataGridView.CurrentCell.OwningColumn.Name  [productID]
[ADMIN] [6/1/2017 23:36] [PENJUALAN] CASHIER FORM : cashierDataGridView_CellValueChanged [productID]
[ADMIN] [6/1/2017 23:36] [PENJUALAN] CASHIER FORM : Combobox_KeyUp, cashierDataGridView.CurrentCell.OwningColumn.Name  [productID]
[ADMIN] [6/1/2017 23:36] [PENJUALAN] CASHIER FORM : Combobox_previewKeyDown, cashierDataGridView.CurrentCell.OwningColumn.Name  [productID]
[ADMIN] [6/1/2017 23:36] [PENJUALAN] CASHIER FORM : cashierDataGridView_CellValueChanged [productID]
[ADMIN] [6/1/2017 23:36] [PENJUALAN] CASHIER FORM : Combobox_KeyUp, cashierDataGridView.CurrentCell.OwningColumn.Name  [productID]
[ADMIN] [6/1/2017 23:36] [PENJUALAN] CASHIER FORM : Combobox_previewKeyDown, cashierDataGridView.CurrentCell.OwningColumn.Name  [productID]
[ADMIN] [6/1/2017 23:36] [PENJUALAN] CASHIER FORM : cashierDataGridView_CellValueChanged [productID]
[ADMIN] [6/1/2017 23:36] [PENJUALAN] CASHIER FORM : Combobox_KeyUp, cashierDataGridView.CurrentCell.OwningColumn.Name  [productID]
[ADMIN] [6/1/2017 23:36] [PENJUALAN] CASHIER FORM : Combobox_previewKeyDown, cashierDataGridView.CurrentCell.OwningColumn.Name  [productID]
[ADMIN] [6/1/2017 23:36] [PENJUALAN] CASHIER FORM : cashierDataGridView_CellValueChanged [productID]
[ADMIN] [6/1/2017 23:36] [PENJUALAN] CASHIER FORM : Combobox_KeyUp, cashierDataGridView.CurrentCell.OwningColumn.Name  [productID]
[ADMIN] [6/1/2017 23:36] [PENJUALAN] CASHIER FORM : Combobox_previewKeyDown, cashierDataGridView.CurrentCell.OwningColumn.Name  [productID]
[ADMIN] [6/1/2017 23:36] [PENJUALAN] CASHIER FORM : cashierDataGridView_CellValueChanged [productID]
[ADMIN] [6/1/2017 23:36] [PENJUALAN] CASHIER FORM : Combobox_KeyUp, cashierDataGridView.CurrentCell.OwningColumn.Name  [productID]
[ADMIN] [6/1/2017 23:36] [PENJUALAN] CASHIER FORM : Combobox_previewKeyDown, cashierDataGridView.CurrentCell.OwningColumn.Name  [productID]
[ADMIN] [6/1/2017 23:36] [PENJUALAN] CASHIER FORM : ADD NEW ROW FROM BARCODE [IMPERIAL PAW ADLT CAT 1 KG]
[ADMIN] [6/1/2017 23:36] [PENJUALAN] CASHIER FORM : updateSomeRowContents
[ADMIN] [6/1/2017 23:36] [PENJUALAN] CASHIER FORM : cashierDataGridView_CellValueChanged [productName]
[ADMIN] [6/1/2017 23:36] [PENJUALAN] CASHIER FORM : updateSomeRowContents
[ADMIN] [6/1/2017 23:36] [PENJUALAN] CASHIER FORM : PRODUCT PRICE TYPE [PRODUCT_BASE_PRICE]
[ADMIN] [6/1/2017 23:36] [PENJUALAN] CASHIER FORM : PRODUCT PRICE [44500]
[ADMIN] [6/1/2017 23:36] [PENJUALAN] CASHIER FORM : ComboBox_SelectedIndexChanged, PRODUCT_BASE_PRICE [44500]
[ADMIN] [6/1/2017 23:36] [PENJUALAN] CASHIER FORM : cashierDataGridView_CellValueChanged [hpp]
[ADMIN] [6/1/2017 23:36] [PENJUALAN] CASHIER FORM : PRODUCT PRICE TYPE [PRODUCT_RETAIL_PRICE]
[ADMIN] [6/1/2017 23:36] [PENJUALAN] CASHIER FORM : PRODUCT PRICE [67000]
[ADMIN] [6/1/2017 23:36] [PENJUALAN] CASHIER FORM : ComboBox_SelectedIndexChanged, PRODUCT_SALES_PRICE [67000]
[ADMIN] [6/1/2017 23:36] [PENJUALAN] CASHIER FORM : cashierDataGridView_CellValueChanged [productPrice]
[ADMIN] [6/1/2017 23:36] [PENJUALAN] CASHIER FORM : cashierDataGridView_CellValueChanged, previousInput [0]
[ADMIN] [6/1/2017 23:36] [PENJUALAN] CASHIER FORM : cashierDataGridView_CellValueChanged, cellValue [67000]
[ADMIN] [6/1/2017 23:36] [PENJUALAN] CASHIER FORM : cashierDataGridView_CellValueChanged, dataGridViewTextBoxEditingControl.Text pass REGEX Checking
[ADMIN] [6/1/2017 23:36] [PENJUALAN] CASHIER FORM : CALCULATE SUBTOTAL
[ADMIN] [6/1/2017 23:36] [PENJUALAN] CASHIER FORM : SUBTOTAL [0]
[ADMIN] [6/1/2017 23:36] [PENJUALAN] CASHIER FORM : cashierDataGridView_CellValueChanged, subtotal value [0]
[ADMIN] [6/1/2017 23:36] [PENJUALAN] CASHIER FORM : cashierDataGridView_CellValueChanged, attempt to calculate total value
[ADMIN] [6/1/2017 23:36] [PENJUALAN] CASHIER FORM : calculateTotal
[ADMIN] [6/1/2017 23:36] [PENJUALAN] CASHIER FORM : calculateTotal [0]
[ADMIN] [6/1/2017 23:36] [PENJUALAN] CASHIER FORM : calculateTotal, totalAfterDisc [0]
[ADMIN] [6/1/2017 23:36] [PENJUALAN] CASHIER FORM : calculateChangeValue, bayarTextBox.Text [0]
[ADMIN] [6/1/2017 23:36] [PENJUALAN] CASHIER FORM : calculateChangeValue, sisaBayar [0]
[ADMIN] [6/1/2017 23:36] [PENJUALAN] CASHIER FORM : cashierDataGridView_CellValueChanged [qty]
[ADMIN] [6/1/2017 23:36] [PENJUALAN] CASHIER FORM : cashierDataGridView_CellValueChanged, previousInput [0]
[ADMIN] [6/1/2017 23:36] [PENJUALAN] CASHIER FORM : cashierDataGridView_CellValueChanged [jumlah]
[ADMIN] [6/1/2017 23:36] [PENJUALAN] CASHIER FORM : calculateTotal
[ADMIN] [6/1/2017 23:36] [PENJUALAN] CASHIER FORM : calculateTotal [0]
[ADMIN] [6/1/2017 23:36] [PENJUALAN] CASHIER FORM : calculateTotal, totalAfterDisc [0]
[ADMIN] [6/1/2017 23:36] [PENJUALAN] CASHIER FORM : calculateChangeValue, bayarTextBox.Text [0]
[ADMIN] [6/1/2017 23:36] [PENJUALAN] CASHIER FORM : calculateChangeValue, sisaBayar [0]
[ADMIN] [6/1/2017 23:36] [PENJUALAN] CASHIER FORM : CHECK STOCK QTY IS ENOUGH [IMP-AC1]
[ADMIN] [6/1/2017 23:36] [PENJUALAN] CASHIER FORM : CHECK STOCK QTY IS ENOUGH [15, 1]
[ADMIN] [6/1/2017 23:36] [PENJUALAN] CASHIER FORM : cashierDataGridView_CellValueChanged [qty]
[ADMIN] [6/1/2017 23:36] [PENJUALAN] CASHIER FORM : cashierDataGridView_CellValueChanged, previousInput [0]
[ADMIN] [6/1/2017 23:36] [PENJUALAN] CASHIER FORM : cashierDataGridView_CellValueChanged, cellValue [1]
[ADMIN] [6/1/2017 23:36] [PENJUALAN] CASHIER FORM : cashierDataGridView_CellValueChanged, dataGridViewTextBoxEditingControl.Text pass REGEX Checking
[ADMIN] [6/1/2017 23:36] [PENJUALAN] CASHIER FORM : CHECK STOCK QTY IS ENOUGH [IMP-AC1]
[ADMIN] [6/1/2017 23:36] [PENJUALAN] CASHIER FORM : CHECK STOCK QTY IS ENOUGH [15, 1]
[ADMIN] [6/1/2017 23:36] [PENJUALAN] CASHIER FORM : CALCULATE SUBTOTAL
[ADMIN] [6/1/2017 23:36] [PENJUALAN] CASHIER FORM : SUBTOTAL [67000]
[ADMIN] [6/1/2017 23:36] [PENJUALAN] CASHIER FORM : cashierDataGridView_CellValueChanged, subtotal value [67000]
[ADMIN] [6/1/2017 23:36] [PENJUALAN] CASHIER FORM : cashierDataGridView_CellValueChanged, attempt to calculate total value
[ADMIN] [6/1/2017 23:36] [PENJUALAN] CASHIER FORM : calculateTotal
[ADMIN] [6/1/2017 23:36] [PENJUALAN] CASHIER FORM : calculateTotal [67000]
[ADMIN] [6/1/2017 23:36] [PENJUALAN] CASHIER FORM : calculateTotal, totalAfterDisc [67000]
[ADMIN] [6/1/2017 23:36] [PENJUALAN] CASHIER FORM : calculateChangeValue, bayarTextBox.Text [0]
[ADMIN] [6/1/2017 23:36] [PENJUALAN] CASHIER FORM : calculateChangeValue, sisaBayar [0]
[ADMIN] [6/1/2017 23:36] [PENJUALAN] CASHIER FORM : SET QTY TO 1 BECAUSE OF NEW ROW
[ADMIN] [6/1/2017 23:36] [PENJUALAN] CASHIER FORM : CALCULATE SUBTOTAL
[ADMIN] [6/1/2017 23:36] [PENJUALAN] CASHIER FORM : SUBTOTAL [67000]
[ADMIN] [6/1/2017 23:36] [PENJUALAN] CASHIER FORM : calculateTotal
[ADMIN] [6/1/2017 23:36] [PENJUALAN] CASHIER FORM : calculateTotal [67000]
[ADMIN] [6/1/2017 23:36] [PENJUALAN] CASHIER FORM : calculateTotal, totalAfterDisc [67000]
[ADMIN] [6/1/2017 23:36] [PENJUALAN] CASHIER FORM : calculateChangeValue, bayarTextBox.Text [0]
[ADMIN] [6/1/2017 23:36] [PENJUALAN] CASHIER FORM : calculateChangeValue, sisaBayar [0]
[ADMIN] [6/1/2017 23:36] [PENJUALAN] CASHIER FORM : UPDATE ROW NUMBER, TOTAL ROW [2]
[ADMIN] [6/1/2017 23:36] [PENJUALAN] CASHIER FORM : cashierDataGridView_CellValueChanged [F8]
[ADMIN] [6/1/2017 23:36] [PENJUALAN] CASHIER FORM : Combobox_KeyUp, cashierDataGridView.CurrentCell.OwningColumn.Name  [qty]
[ADMIN] [6/1/2017 23:36] [PENJUALAN] CASHIER FORM : HOTKEY TO OPEN PRODUK SEARCH FORM PRESSED
[ADMIN] [6/1/2017 23:36] [PENJUALAN] CASHIER FORM : UNREGISTER HOTKEY
[ADMIN] [6/1/2017 23:36] [PENJUALAN] CASHIER FORM : REGISTER HOTKEY
[ADMIN] [6/1/2017 23:36] [PENJUALAN] CASHIER FORM : DISPLAY BARCODE FORM
[ADMIN] [6/1/2017 23:36] [PENJUALAN] CASHIER FORM : UNREGISTER HOTKEY
[ADMIN] [6/1/2017 23:37] [PENJUALAN] CASHIER FORM : REGISTER HOTKEY
[ADMIN] [6/1/2017 23:37] [PENJUALAN] CASHIER FORM : Combobox_previewKeyDown, cashierDataGridView.CurrentCell.OwningColumn.Name  [productID]
[ADMIN] [6/1/2017 23:37] [PENJUALAN] CASHIER FORM : Combobox_KeyUp, cashierDataGridView.CurrentCell.OwningColumn.Name  [productID]
[ADMIN] [6/1/2017 23:37] [PENJUALAN] CASHIER FORM : Combobox_KeyUp, cashierDataGridView.CurrentCell.OwningColumn.Name  [productID]
[ADMIN] [6/1/2017 23:37] [PENJUALAN] CASHIER FORM : Combobox_KeyUp, cashierDataGridView.CurrentCell.OwningColumn.Name  [productID]
[ADMIN] [6/1/2017 23:37] [PENJUALAN] CASHIER FORM : Combobox_previewKeyDown, cashierDataGridView.CurrentCell.OwningColumn.Name  [productID]
[ADMIN] [6/1/2017 23:37] [PENJUALAN] CASHIER FORM : cashierDataGridView_CellValueChanged [productID]
[ADMIN] [6/1/2017 23:37] [PENJUALAN] CASHIER FORM : Combobox_KeyUp, cashierDataGridView.CurrentCell.OwningColumn.Name  [productID]
[ADMIN] [6/1/2017 23:37] [PENJUALAN] CASHIER FORM : Combobox_KeyUp, cashierDataGridView.CurrentCell.OwningColumn.Name  [productID]
[ADMIN] [6/1/2017 23:37] [PENJUALAN] CASHIER FORM : Combobox_KeyUp, cashierDataGridView.CurrentCell.OwningColumn.Name  [productID]
[ADMIN] [6/1/2017 23:37] [PENJUALAN] CASHIER FORM : Combobox_previewKeyDown, cashierDataGridView.CurrentCell.OwningColumn.Name  [productID]
[ADMIN] [6/1/2017 23:37] [PENJUALAN] CASHIER FORM : cashierDataGridView_CellValueChanged [productID]
[ADMIN] [6/1/2017 23:37] [PENJUALAN] CASHIER FORM : Combobox_KeyUp, cashierDataGridView.CurrentCell.OwningColumn.Name  [productID]
[ADMIN] [6/1/2017 23:37] [PENJUALAN] CASHIER FORM : Combobox_KeyUp, cashierDataGridView.CurrentCell.OwningColumn.Name  [productID]
[ADMIN] [6/1/2017 23:37] [PENJUALAN] CASHIER FORM : Combobox_KeyUp, cashierDataGridView.CurrentCell.OwningColumn.Name  [productID]
[ADMIN] [6/1/2017 23:37] [PENJUALAN] CASHIER FORM : Combobox_previewKeyDown, cashierDataGridView.CurrentCell.OwningColumn.Name  [productID]
[ADMIN] [6/1/2017 23:37] [PENJUALAN] CASHIER FORM : cashierDataGridView_CellValueChanged [productID]
[ADMIN] [6/1/2017 23:37] [PENJUALAN] CASHIER FORM : Combobox_KeyUp, cashierDataGridView.CurrentCell.OwningColumn.Name  [productID]
[ADMIN] [6/1/2017 23:37] [PENJUALAN] CASHIER FORM : Combobox_KeyUp, cashierDataGridView.CurrentCell.OwningColumn.Name  [productID]
[ADMIN] [6/1/2017 23:37] [PENJUALAN] CASHIER FORM : Combobox_KeyUp, cashierDataGridView.CurrentCell.OwningColumn.Name  [productID]
[ADMIN] [6/1/2017 23:37] [PENJUALAN] CASHIER FORM : Combobox_previewKeyDown, cashierDataGridView.CurrentCell.OwningColumn.Name  [productID]
[ADMIN] [6/1/2017 23:37] [PENJUALAN] CASHIER FORM : UNREGISTER HOTKEY
[ADMIN] [6/1/2017 23:37] [PENJUALAN] CASHIER FORM : REGISTER HOTKEY
[ADMIN] [6/1/2017 23:37] [PENJUALAN] CASHIER FORM : UNREGISTER HOTKEY
[ADMIN] [6/1/2017 23:37] [PENJUALAN] CASHIER FORM : UNREGISTER HOTKEY
[ADMIN] [6/1/2017 23:37] [] USER ID = 1LOGOUT
