[] [6/10/2017 00:29] [] USER = ADMIN IS ACTIVE
[ADMIN] [6/10/2017 00:29] [] USER ID = 1 LOGIN SUCCESSFULLY
[ADMIN] [6/10/2017 00:29] [] ACTIVATE USER ACCESS RIGHT
[ADMIN] [6/10/2017 00:29] [] DISPLAY ADMIN FORM
[ADMIN] [6/10/2017 00:29] [] adminForm Load
[ADMIN] [6/10/2017 00:29] [] ACTIVATE USER ACCESS RIGHT
[ADMIN] [6/10/2017 00:29] [PENJUALAN] CASHIER FORM : REGISTER HOTKEY
[ADMIN] [6/10/2017 00:29] [PENJUALAN] CASHIER FORM : cashierForm_Load, ATTEMPT TO LOAD NO FAKTUR
[ADMIN] [6/10/2017 00:29] [PENJUALAN] CASHIER FORM : loadNoFaktur, noFakturValue [SLO001]
[ADMIN] [6/10/2017 00:29] [PENJUALAN] CASHIER FORM : cashierForm_Load, ATTEMPT TO addColumnToDataGrid
[ADMIN] [6/10/2017 00:29] [PENJUALAN] CASHIER FORM : UPDATE ROW NUMBER, TOTAL ROW [1]
[ADMIN] [6/10/2017 00:30] [PENJUALAN] CASHIER FORM : ADD NEW ROW,  isActive [True]
[ADMIN] [6/10/2017 00:30] [PENJUALAN] CASHIER FORM : ADD NEW ROW,  ROW COUNT [0]
[ADMIN] [6/10/2017 00:30] [PENJUALAN] CASHIER FORM : ADD NEW ROW,  ALLOW TO ADD [True]
[ADMIN] [6/10/2017 00:30] [PENJUALAN] CASHIER FORM : UPDATE ROW NUMBER, TOTAL ROW [1]
[ADMIN] [6/10/2017 00:30] [PENJUALAN] CASHIER FORM : UPDATE ROW NUMBER, TOTAL ROW [2]
[ADMIN] [6/10/2017 00:30] [PENJUALAN] CASHIER FORM : cashierDataGridView_CellValueChanged [F8]
[ADMIN] [6/10/2017 00:30] [PENJUALAN] CASHIER FORM : REGISTER HOTKEY
[ADMIN] [6/10/2017 00:30] [PENJUALAN] CASHIER FORM : cashierDataGridView_CellValueChanged [qty]
[ADMIN] [6/10/2017 00:30] [PENJUALAN] CASHIER FORM : cashierDataGridView_CellValueChanged, previousInput [5]
[ADMIN] [6/10/2017 00:30] [PENJUALAN] CASHIER FORM : cashierDataGridView_CellValueChanged, dataGridViewTextBoxEditingControl.Text pass REGEX Checking
[ADMIN] [6/10/2017 00:30] [PENJUALAN] CASHIER FORM : CHECK STOCK QTY IS ENOUGH [ECO-PM1]
[ADMIN] [6/10/2017 00:30] [PENJUALAN] CASHIER FORM : CHECK STOCK QTY IS ENOUGH [5, 8]
[ADMIN] [6/10/2017 00:30] [PENJUALAN] CASHIER FORM : CALCULATE SUBTOTAL
[ADMIN] [6/10/2017 00:30] [PENJUALAN] CASHIER FORM : SUBTOTAL [265000]
[ADMIN] [6/10/2017 00:30] [PENJUALAN] CASHIER FORM : cashierDataGridView_CellValueChanged, subtotal value [265000]
[ADMIN] [6/10/2017 00:30] [PENJUALAN] CASHIER FORM : cashierDataGridView_CellValueChanged, attempt to calculate total value
[ADMIN] [6/10/2017 00:30] [PENJUALAN] CASHIER FORM : calculateTotal
[ADMIN] [6/10/2017 00:30] [PENJUALAN] CASHIER FORM : calculateTotal [265000]
[ADMIN] [6/10/2017 00:30] [PENJUALAN] CASHIER FORM : calculateTotal, totalAfterDisc [265000]
[ADMIN] [6/10/2017 00:30] [PENJUALAN] CASHIER FORM : calculateChangeValue, bayarTextBox.Text [Rp265.000]
[ADMIN] [6/10/2017 00:30] [PENJUALAN] CASHIER FORM : calculateChangeValue, sisaBayar [0]
[ADMIN] [6/10/2017 00:30] [PENJUALAN] CASHIER FORM : Combobox_KeyUp, cashierDataGridView.CurrentCell.OwningColumn.Name  [qty]
[ADMIN] [6/10/2017 00:30] [PENJUALAN] CASHIER FORM : Combobox_KeyUp, cashierDataGridView.CurrentCell.OwningColumn.Name  [qty]
[ADMIN] [6/10/2017 00:30] [PENJUALAN] CASHIER FORM : cashierDataGridView_CellValueChanged [qty]
[ADMIN] [6/10/2017 00:30] [PENJUALAN] CASHIER FORM : cashierDataGridView_CellValueChanged, previousInput [5]
[ADMIN] [6/10/2017 00:30] [PENJUALAN] CASHIER FORM : cashierDataGridView_CellValueChanged, dataGridViewTextBoxEditingControl.Text pass REGEX Checking
[ADMIN] [6/10/2017 00:30] [PENJUALAN] CASHIER FORM : CHECK STOCK QTY IS ENOUGH [ECO-PM1]
[ADMIN] [6/10/2017 00:30] [PENJUALAN] CASHIER FORM : CHECK STOCK QTY IS ENOUGH [5, 4]
[ADMIN] [6/10/2017 00:30] [PENJUALAN] CASHIER FORM : CALCULATE SUBTOTAL
[ADMIN] [6/10/2017 00:30] [PENJUALAN] CASHIER FORM : SUBTOTAL [212000]
[ADMIN] [6/10/2017 00:30] [PENJUALAN] CASHIER FORM : cashierDataGridView_CellValueChanged, subtotal value [212000]
[ADMIN] [6/10/2017 00:30] [PENJUALAN] CASHIER FORM : cashierDataGridView_CellValueChanged, attempt to calculate total value
[ADMIN] [6/10/2017 00:30] [PENJUALAN] CASHIER FORM : calculateTotal
[ADMIN] [6/10/2017 00:30] [PENJUALAN] CASHIER FORM : calculateTotal [212000]
[ADMIN] [6/10/2017 00:30] [PENJUALAN] CASHIER FORM : calculateTotal, totalAfterDisc [212000]
[ADMIN] [6/10/2017 00:30] [PENJUALAN] CASHIER FORM : calculateChangeValue, bayarTextBox.Text [Rp265.000]
[ADMIN] [6/10/2017 00:30] [PENJUALAN] CASHIER FORM : calculateChangeValue, sisaBayar [53000]
[ADMIN] [6/10/2017 00:30] [PENJUALAN] CASHIER FORM : Combobox_KeyUp, cashierDataGridView.CurrentCell.OwningColumn.Name  [qty]
[ADMIN] [6/10/2017 00:30] [PENJUALAN] CASHIER FORM : Combobox_KeyUp, cashierDataGridView.CurrentCell.OwningColumn.Name  [qty]
[ADMIN] [6/10/2017 00:30] [PENJUALAN] CASHIER FORM : Combobox_KeyUp, cashierDataGridView.CurrentCell.OwningColumn.Name  [qty]
[ADMIN] [6/10/2017 00:30] [PENJUALAN] CASHIER FORM : HOTKEY TO SAVE AND PRINT OUT INVOICE PRESSED
[ADMIN] [6/10/2017 00:30] [PENJUALAN] CASHIER FORM : UNREGISTER HOTKEY
[ADMIN] [6/10/2017 00:30] [PENJUALAN] CASHIER FORM : REGISTER HOTKEY
[ADMIN] [6/10/2017 00:30] [PENJUALAN] ATTEMPT TO SAVE AND PRINT OUT INVOICE
[ADMIN] [6/10/2017 00:30] [PENJUALAN] CASHIER FORM : UNREGISTER HOTKEY
[ADMIN] [6/10/2017 00:30] [PENJUALAN] CASHIER FORM : REGISTER HOTKEY
[ADMIN] [6/10/2017 00:30] [PENJUALAN] CASHIER FORM : CHECK STOCK QTY IS ENOUGH [ECO-PM1]
[ADMIN] [6/10/2017 00:30] [PENJUALAN] CASHIER FORM : CHECK STOCK QTY IS ENOUGH [5, 4]
[ADMIN] [6/10/2017 00:30] [PENJUALAN] CASHIER FORM : UNREGISTER HOTKEY
[ADMIN] [6/10/2017 00:30] [PENJUALAN] CASHIER FORM : ATTEMPT TO SAVE SALES DATA [10-06-2017 00:30]
[ADMIN] [6/10/2017 00:30] [PENJUALAN] CASHIER FORM : SALES DISC FINAL [0]
[ADMIN] [6/10/2017 00:30] [PENJUALAN] CASHIER FORM : CASH SALES
[ADMIN] [6/10/2017 00:30] [PENJUALAN] EXCEPTION THROWN [There is already an open DataReader associated with this Connection which must be closed first.]
[ADMIN] [6/10/2017 00:30] [PENJUALAN] CASHIER FORM : REGISTER HOTKEY
[ADMIN] [6/10/2017 00:30] [PENJUALAN] CASHIER FORM : UNREGISTER HOTKEY
[ADMIN] [6/10/2017 00:30] [PENJUALAN] CASHIER FORM : UNREGISTER HOTKEY
[ADMIN] [6/10/2017 00:30] [] USER ID = 1LOGOUT
