[] [7/2/2017 23:39] [] USER = ADMIN IS ACTIVE
[ADMIN] [7/2/2017 23:39] [] USER ID = 1 LOGIN SUCCESSFULLY
[ADMIN] [7/2/2017 23:40] [] ACTIVATE USER ACCESS RIGHT
[ADMIN] [7/2/2017 23:40] [] DISPLAY ADMIN FORM
[ADMIN] [7/2/2017 23:40] [] adminForm Load
[ADMIN] [7/2/2017 23:40] [] ACTIVATE USER ACCESS RIGHT
[ADMIN] [7/2/2017 23:40] [] USER ID = 1LOGOUT
[ADMIN] [7/2/2017 23:40] [] USER = ADMIN IS ACTIVE
[ADMIN] [7/2/2017 23:40] [] USER ID = 1 LOGIN SUCCESSFULLY
[ADMIN] [7/2/2017 23:40] [] ACTIVATE USER ACCESS RIGHT
[ADMIN] [7/2/2017 23:40] [] DISPLAY ADMIN FORM
[ADMIN] [7/2/2017 23:40] [] adminForm Load
[ADMIN] [7/2/2017 23:40] [] ACTIVATE USER ACCESS RIGHT
[] [7/2/2017 23:43] [] USER = ADMIN IS ACTIVE
[ADMIN] [7/2/2017 23:43] [] USER ID = 1 LOGIN SUCCESSFULLY
[ADMIN] [7/2/2017 23:43] [] ACTIVATE USER ACCESS RIGHT
[ADMIN] [7/2/2017 23:43] [] DISPLAY ADMIN FORM
[ADMIN] [7/2/2017 23:43] [] adminForm Load
[ADMIN] [7/2/2017 23:43] [] ACTIVATE USER ACCESS RIGHT
[ADMIN] [7/2/2017 23:44] [] USER ID = 1LOGOUT
