[] [2/11/2017 12:46] [] USER = ADMIN IS ACTIVE
[ADMIN] [2/11/2017 12:46] [] USER ID = 1 LOGIN SUCCESSFULLY
[ADMIN] [2/11/2017 12:46] [] ACTIVATE USER ACCESS RIGHT
[ADMIN] [2/11/2017 12:46] [] DISPLAY ADMIN FORM
[ADMIN] [2/11/2017 12:46] [] adminForm Load
[ADMIN] [2/11/2017 12:46] [] ACTIVATE USER ACCESS RIGHT
[ADMIN] [2/11/2017 12:47] [RETUR PENJUALAN] RETUR PENJUALAN : detailReturDataGridView_CellValueChanged [qty]
[ADMIN] [2/11/2017 12:47] [RETUR PENJUALAN] RETUR PENJUALAN : detailReturDataGridView_CellValueChanged [subtotal]
[ADMIN] [2/11/2017 12:47] [RETUR PENJUALAN] RETUR PENJUALAN : detailReturDataGridView_CellValueChanged [productID]
[ADMIN] [2/11/2017 12:47] [RETUR PENJUALAN] RETUR PENJUALAN : detailReturDataGridView_CellValueChanged [productID]
[ADMIN] [2/11/2017 12:47] [RETUR PENJUALAN] RETUR PENJUALAN : detailReturDataGridView_CellValueChanged [productID]
[ADMIN] [2/11/2017 12:47] [RETUR PENJUALAN] RETUR PENJUALAN : detailReturDataGridView_CellValueChanged [productID]
[ADMIN] [2/11/2017 12:47] [RETUR PENJUALAN] RETUR PENJUALAN : detailReturDataGridView_CellValueChanged [productID]
[ADMIN] [2/11/2017 12:47] [RETUR PENJUALAN] RETUR PENJUALAN : detailReturDataGridView_CellValueChanged [productName]
[ADMIN] [2/11/2017 12:47] [RETUR PENJUALAN] updateSomeRowsContent, PRODUCT_BASE_PRICE [155000]
[ADMIN] [2/11/2017 12:47] [RETUR PENJUALAN] RETUR PENJUALAN : detailReturDataGridView_CellValueChanged [productPrice]
[ADMIN] [2/11/2017 12:47] [RETUR PENJUALAN] RETUR PENJUALAN : detailReturDataGridView_CellValueChanged [qty]
[ADMIN] [2/11/2017 12:47] [RETUR PENJUALAN] RETUR PENJUALAN : detailReturDataGridView_CellValueChanged [subtotal]
[ADMIN] [2/11/2017 12:47] [RETUR PENJUALAN] RETUR PENJUALAN : detailReturDataGridView_CellValueChanged [subtotal]
[ADMIN] [2/11/2017 12:47] [RETUR PENJUALAN] updateSomeRowsContent, attempt to calculate total
[ADMIN] [2/11/2017 12:47] [RETUR PENJUALAN] RETUR PENJUALAN : detailReturDataGridView_CellValueChanged [subtotal]
[ADMIN] [2/11/2017 12:47] [RETUR PENJUALAN] RETUR PENJUALAN : detailReturDataGridView_CellValueChanged [qty]
[ADMIN] [2/11/2017 12:47] [RETUR PENJUALAN] RETUR PENJUALAN : detailReturDataGridView_CellValueChanged [subtotal]
[ADMIN] [2/11/2017 12:47] [RETUR PENJUALAN BY STOK] RETURN CASH [True]
[ADMIN] [2/11/2017 12:47] [RETUR PENJUALAN] ATTEMPT TO SAVE DATA
[ADMIN] [2/11/2017 12:47] [RETUR PENJUALAN] INSERT INTO RETURN SALES HEADER [RT-1]
[ADMIN] [2/11/2017 12:47] [RETUR PENJUALAN] INSERT INTO RETURN SALES DETAIL [B-4104, 155000, 0, 2]
[ADMIN] [2/11/2017 12:47] [RETUR PENJUALAN] UPDATE MASTER PRODUCT QTY [B-4104]
[ADMIN] [2/11/2017 12:47] [RETUR PENJUALAN] CHECK FOR ANY OUTSTANDING AMOUNT FOR THE INVOICE
[ADMIN] [2/11/2017 12:47] [RETUR PENJUALAN] GET LIST OF OUTSTANDING CREDIT AND PAY FROM THE OLDEST CREDIT
[ADMIN] [2/11/2017 12:47] [RETUR PENJUALAN] extraAmount [310000]
[ADMIN] [2/11/2017 12:47] [RETUR PENJUALAN] printDocument1_PrintPage, print POS size receipt
[ADMIN] [2/11/2017 12:47] [RETUR PENJUALAN] loadInfoToko
[ADMIN] [2/11/2017 12:47] [RETUR PENJUALAN] calculatePageLength, totalLengthPage [354]
[ADMIN] [2/11/2017 12:47] [RETUR PENJUALAN] printDocument1_PrintPage, print POS size receipt
[ADMIN] [2/11/2017 12:47] [RETUR PENJUALAN] loadInfoToko
[ADMIN] [2/11/2017 12:47] [RETUR PENJUALAN] CASHIER FORM : loadNamaUser
[ADMIN] [2/11/2017 12:47] [RETUR PENJUALAN] printDocument1_PrintPage, print POS size receipt
[ADMIN] [2/11/2017 12:47] [RETUR PENJUALAN] loadInfoToko
[ADMIN] [2/11/2017 12:47] [RETUR PENJUALAN] calculatePageLength, totalLengthPage [373]
[ADMIN] [2/11/2017 12:47] [RETUR PENJUALAN] printDocument1_PrintPage, print POS size receipt
[ADMIN] [2/11/2017 12:47] [RETUR PENJUALAN] loadInfoToko
[ADMIN] [2/11/2017 12:47] [RETUR PENJUALAN] CASHIER FORM : loadNamaUser
[ADMIN] [2/11/2017 12:47] [PENGATURAN PRINTER] PAPER SIZE CHANGED [1]
[ADMIN] [2/11/2017 12:47] [PENGATURAN PRINTER] DEFAULT PRINTER CHANGED [PrimoPDF]
[ADMIN] [2/11/2017 12:48] [RETUR PENJUALAN] printDocument1_PrintPage, print POS size receipt
[ADMIN] [2/11/2017 12:48] [RETUR PENJUALAN] loadInfoToko
[ADMIN] [2/11/2017 12:48] [RETUR PENJUALAN] calculatePageLength, totalLengthPage [373]
[ADMIN] [2/11/2017 12:48] [RETUR PENJUALAN] printDocument1_PrintPage, print POS size receipt
[ADMIN] [2/11/2017 12:48] [RETUR PENJUALAN] loadInfoToko
[ADMIN] [2/11/2017 12:48] [RETUR PENJUALAN] CASHIER FORM : loadNamaUser
[ADMIN] [2/11/2017 13:38] [] USER ID = 1LOGOUT
