[] [6/22/2017 10:56] [] USER = ADMIN IS ACTIVE
[ADMIN] [6/22/2017 10:56] [] USER ID = 1 LOGIN SUCCESSFULLY
[ADMIN] [6/22/2017 10:56] [] ACTIVATE USER ACCESS RIGHT
[ADMIN] [6/22/2017 10:56] [] DISPLAY ADMIN FORM
[ADMIN] [6/22/2017 10:56] [] adminForm Load
[ADMIN] [6/22/2017 10:56] [] ACTIVATE USER ACCESS RIGHT
[ADMIN] [6/22/2017 10:56] [TAMBAH / UPDATE PRODUK] DETAIL PRODUK : detailGridView_CellValueChanged [status]
[ADMIN] [6/22/2017 10:57] [TAMBAH / UPDATE PRODUK] UPDATE PRODUCT EXPIRY [3275]
[ADMIN] [6/22/2017 10:57] [TAMBAH / UPDATE PRODUK] UPDATE PRODUCT EXPIRY [5048]
[ADMIN] [6/22/2017 10:57] [TAMBAH / UPDATE PRODUK] UPDATE PRODUCT EXPIRY [5150]
[ADMIN] [6/22/2017 10:57] [TAMBAH / UPDATE PRODUK] UPDATE CURRENT PRODUCT DATA [TOMMY-AD1]
[ADMIN] [6/22/2017 10:57] [TAMBAH / UPDATE PRODUK] UPDATE PRODUCT CATEGORY FOR [TOMMY-AD1]
[ADMIN] [6/22/2017 10:57] [TAMBAH / UPDATE PRODUK] DELETE CURRENT PRODUCT CATEGORY FOR [TOMMY-AD1]
[ADMIN] [6/22/2017 10:57] [TAMBAH / UPDATE PRODUK] INSERT PRODUCT CATEGORY FOR [TOMMY-AD1]
[ADMIN] [6/22/2017 10:57] [TAMBAH / UPDATE PRODUK] DETAIL PRODUK : detailGridView_CellValueChanged [status]
[ADMIN] [6/22/2017 10:57] [TAMBAH / UPDATE PRODUK] UPDATE PRODUCT EXPIRY [3275]
[ADMIN] [6/22/2017 10:57] [TAMBAH / UPDATE PRODUK] UPDATE PRODUCT EXPIRY [5150]
[ADMIN] [6/22/2017 10:57] [TAMBAH / UPDATE PRODUK] UPDATE CURRENT PRODUCT DATA [TOMMY-AD1]
[ADMIN] [6/22/2017 10:57] [TAMBAH / UPDATE PRODUK] UPDATE PRODUCT CATEGORY FOR [TOMMY-AD1]
[ADMIN] [6/22/2017 10:57] [TAMBAH / UPDATE PRODUK] DELETE CURRENT PRODUCT CATEGORY FOR [TOMMY-AD1]
[ADMIN] [6/22/2017 10:57] [TAMBAH / UPDATE PRODUK] INSERT PRODUCT CATEGORY FOR [TOMMY-AD1]
[ADMIN] [6/22/2017 10:57] [TAMBAH / UPDATE PRODUK] DETAIL PRODUK : detailGridView_CellValueChanged [status]
[ADMIN] [6/22/2017 10:57] [TAMBAH / UPDATE PRODUK] DETAIL PRODUK : detailGridView_CellValueChanged [status]
[ADMIN] [6/22/2017 10:57] [TAMBAH / UPDATE PRODUK] UPDATE PRODUCT EXPIRY [3275]
[ADMIN] [6/22/2017 10:57] [TAMBAH / UPDATE PRODUK] UPDATE PRODUCT EXPIRY [5048]
[ADMIN] [6/22/2017 10:57] [TAMBAH / UPDATE PRODUK] UPDATE PRODUCT EXPIRY [5150]
[ADMIN] [6/22/2017 10:57] [TAMBAH / UPDATE PRODUK] UPDATE CURRENT PRODUCT DATA [TOMMY-AD1]
[ADMIN] [6/22/2017 10:57] [TAMBAH / UPDATE PRODUK] UPDATE PRODUCT CATEGORY FOR [TOMMY-AD1]
[ADMIN] [6/22/2017 10:57] [TAMBAH / UPDATE PRODUK] DELETE CURRENT PRODUCT CATEGORY FOR [TOMMY-AD1]
[ADMIN] [6/22/2017 10:57] [TAMBAH / UPDATE PRODUK] INSERT PRODUCT CATEGORY FOR [TOMMY-AD1]
[ADMIN] [6/22/2017 10:57] [TAMBAH / UPDATE PRODUK] DETAIL PRODUK : detailGridView_CellValueChanged [qty]
[ADMIN] [6/22/2017 10:57] [TAMBAH / UPDATE PRODUK] UPDATE PRODUCT EXPIRY [3275]
[ADMIN] [6/22/2017 10:57] [TAMBAH / UPDATE PRODUK] UPDATE PRODUCT EXPIRY [5048]
[ADMIN] [6/22/2017 10:57] [TAMBAH / UPDATE PRODUK] UPDATE PRODUCT EXPIRY [5150]
[ADMIN] [6/22/2017 10:57] [TAMBAH / UPDATE PRODUK] UPDATE CURRENT PRODUCT DATA [TOMMY-AD1]
[ADMIN] [6/22/2017 10:57] [TAMBAH / UPDATE PRODUK] UPDATE PRODUCT CATEGORY FOR [TOMMY-AD1]
[ADMIN] [6/22/2017 10:57] [TAMBAH / UPDATE PRODUK] DELETE CURRENT PRODUCT CATEGORY FOR [TOMMY-AD1]
[ADMIN] [6/22/2017 10:57] [TAMBAH / UPDATE PRODUK] INSERT PRODUCT CATEGORY FOR [TOMMY-AD1]
[ADMIN] [6/22/2017 10:57] [] USER ID = 1LOGOUT
[ADMIN] [6/22/2017 10:57] [] USER = ADMIN IS ACTIVE
[ADMIN] [6/22/2017 10:57] [] USER ID = 1 LOGIN SUCCESSFULLY
[ADMIN] [6/22/2017 10:57] [] ACTIVATE USER ACCESS RIGHT
[ADMIN] [6/22/2017 10:57] [] DISPLAY ADMIN FORM
[ADMIN] [6/22/2017 10:57] [] adminForm Load
[ADMIN] [6/22/2017 10:57] [] ACTIVATE USER ACCESS RIGHT
[ADMIN] [6/22/2017 10:58] [TAMBAH / UPDATE PRODUK] DETAIL PRODUK : detailGridView_CellValueChanged [lotID]
[ADMIN] [6/22/2017 10:58] [TAMBAH / UPDATE PRODUK] DETAIL PRODUK : detailGridView_CellValueChanged [status]
[ADMIN] [6/22/2017 10:58] [TAMBAH / UPDATE PRODUK] DETAIL PRODUK : detailGridView_CellValueChanged [qty]
[ADMIN] [6/22/2017 10:58] [TAMBAH / UPDATE PRODUK] DETAIL PRODUK : detailGridView_CellValueChanged [qty]
[ADMIN] [6/22/2017 10:58] [TAMBAH / UPDATE PRODUK] DETAIL PRODUK : detailGridView_CellValueChanged [expiryDate]
[ADMIN] [6/22/2017 10:58] [TAMBAH / UPDATE PRODUK] DETAIL PRODUK : detailGridView_CellValueChanged [expiryDateValue]
[ADMIN] [6/22/2017 10:58] [TAMBAH / UPDATE PRODUK] DETAIL PRODUK : detailGridView_CellValueChanged [expiryDate]
[ADMIN] [6/22/2017 10:58] [TAMBAH / UPDATE PRODUK] DETAIL PRODUK : detailGridView_CellValueChanged [expiryDateValue]
[ADMIN] [6/22/2017 10:58] [TAMBAH / UPDATE PRODUK] DETAIL PRODUK : detailGridView_CellValueChanged [expiryDate]
[ADMIN] [6/22/2017 10:58] [TAMBAH / UPDATE PRODUK] DETAIL PRODUK : detailGridView_CellValueChanged [expiryDateValue]
[ADMIN] [6/22/2017 10:58] [TAMBAH / UPDATE PRODUK] DETAIL PRODUK : detailGridView_CellValueChanged [expiryDate]
[ADMIN] [6/22/2017 10:58] [TAMBAH / UPDATE PRODUK] DETAIL PRODUK : detailGridView_CellValueChanged [expiryDateValue]
[ADMIN] [6/22/2017 10:58] [TAMBAH / UPDATE PRODUK] DETAIL PRODUK : detailGridView_CellValueChanged [expiryDate]
[ADMIN] [6/22/2017 10:58] [TAMBAH / UPDATE PRODUK] DETAIL PRODUK : detailGridView_CellValueChanged [expiryDateValue]
[ADMIN] [6/22/2017 10:58] [TAMBAH / UPDATE PRODUK] DETAIL PRODUK : detailGridView_CellValueChanged [expiryDate]
[ADMIN] [6/22/2017 10:58] [TAMBAH / UPDATE PRODUK] DETAIL PRODUK : detailGridView_CellValueChanged [expiryDateValue]
[ADMIN] [6/22/2017 10:58] [TAMBAH / UPDATE PRODUK] DETAIL PRODUK : detailGridView_CellValueChanged [expiryDate]
[ADMIN] [6/22/2017 10:58] [TAMBAH / UPDATE PRODUK] DETAIL PRODUK : detailGridView_CellValueChanged [expiryDateValue]
[ADMIN] [6/22/2017 10:58] [TAMBAH / UPDATE PRODUK] DETAIL PRODUK : detailGridView_CellValueChanged [expiryDate]
[ADMIN] [6/22/2017 10:58] [TAMBAH / UPDATE PRODUK] DETAIL PRODUK : detailGridView_CellValueChanged [expiryDateValue]
[ADMIN] [6/22/2017 10:58] [TAMBAH / UPDATE PRODUK] UPDATE PRODUCT EXPIRY [3275]
[ADMIN] [6/22/2017 10:58] [TAMBAH / UPDATE PRODUK] UPDATE PRODUCT EXPIRY [5048]
[ADMIN] [6/22/2017 10:58] [TAMBAH / UPDATE PRODUK] UPDATE PRODUCT EXPIRY [5150]
[ADMIN] [6/22/2017 10:58] [TAMBAH / UPDATE PRODUK] INSERT TO PRODUCT EXPIRY [13-03-2018]
[ADMIN] [6/22/2017 10:58] [TAMBAH / UPDATE PRODUK] UPDATE CURRENT PRODUCT DATA [TOMMY-AD1]
[ADMIN] [6/22/2017 10:58] [TAMBAH / UPDATE PRODUK] UPDATE PRODUCT CATEGORY FOR [TOMMY-AD1]
[ADMIN] [6/22/2017 10:58] [TAMBAH / UPDATE PRODUK] DELETE CURRENT PRODUCT CATEGORY FOR [TOMMY-AD1]
[ADMIN] [6/22/2017 10:58] [TAMBAH / UPDATE PRODUK] INSERT PRODUCT CATEGORY FOR [TOMMY-AD1]
[ADMIN] [6/22/2017 10:58] [TAMBAH / UPDATE PRODUK] DETAIL PRODUK : detailGridView_CellValueChanged [status]
[ADMIN] [6/22/2017 10:58] [TAMBAH / UPDATE PRODUK] UPDATE PRODUCT EXPIRY [3275]
[ADMIN] [6/22/2017 10:58] [TAMBAH / UPDATE PRODUK] UPDATE PRODUCT EXPIRY [5048]
[ADMIN] [6/22/2017 10:58] [TAMBAH / UPDATE PRODUK] UPDATE PRODUCT EXPIRY [5150]
[ADMIN] [6/22/2017 10:58] [TAMBAH / UPDATE PRODUK] UPDATE PRODUCT EXPIRY [5191]
[ADMIN] [6/22/2017 10:58] [TAMBAH / UPDATE PRODUK] UPDATE CURRENT PRODUCT DATA [TOMMY-AD1]
[ADMIN] [6/22/2017 10:58] [TAMBAH / UPDATE PRODUK] UPDATE PRODUCT CATEGORY FOR [TOMMY-AD1]
[ADMIN] [6/22/2017 10:58] [TAMBAH / UPDATE PRODUK] DELETE CURRENT PRODUCT CATEGORY FOR [TOMMY-AD1]
[ADMIN] [6/22/2017 10:58] [TAMBAH / UPDATE PRODUK] INSERT PRODUCT CATEGORY FOR [TOMMY-AD1]
[ADMIN] [6/22/2017 10:58] [PENYESUAIAN STOK] TRY TO DO MANUAL STOCK ADJUSTMENT
[ADMIN] [6/22/2017 10:58] [PENERIMAAN BARANG] INSERT TO PRODUCT EXPIRY [TOMMY-AD1]
[ADMIN] [6/22/2017 10:58] [PENYESUAIAN STOK] UPDATE STOCK QTY [2665]
[ADMIN] [6/22/2017 10:58] [PENYESUAIAN STOK] INSERT INTO PRODUCT ADJUSTMENT TABLE [TOMMY-AD1, 10, 20]
[ADMIN] [6/22/2017 10:59] [TAMBAH / UPDATE PRODUK] DETAIL PRODUK : detailGridView_CellValueChanged [status]
[ADMIN] [6/22/2017 10:59] [TAMBAH / UPDATE PRODUK] UPDATE PRODUCT EXPIRY [3275]
[ADMIN] [6/22/2017 10:59] [TAMBAH / UPDATE PRODUK] UPDATE PRODUCT EXPIRY [5150]
[ADMIN] [6/22/2017 10:59] [TAMBAH / UPDATE PRODUK] UPDATE PRODUCT EXPIRY [5191]
[ADMIN] [6/22/2017 10:59] [TAMBAH / UPDATE PRODUK] UPDATE CURRENT PRODUCT DATA [TOMMY-AD1]
[ADMIN] [6/22/2017 10:59] [TAMBAH / UPDATE PRODUK] UPDATE PRODUCT CATEGORY FOR [TOMMY-AD1]
[ADMIN] [6/22/2017 10:59] [TAMBAH / UPDATE PRODUK] DELETE CURRENT PRODUCT CATEGORY FOR [TOMMY-AD1]
[ADMIN] [6/22/2017 10:59] [TAMBAH / UPDATE PRODUK] INSERT PRODUCT CATEGORY FOR [TOMMY-AD1]
[ADMIN] [6/22/2017 11:00] [PENYESUAIAN STOK] TRY TO DO MANUAL STOCK ADJUSTMENT
[ADMIN] [6/22/2017 11:00] [PENERIMAAN BARANG] INSERT TO PRODUCT EXPIRY [TOMMY-AD1]
[ADMIN] [6/22/2017 11:00] [PENYESUAIAN STOK] UPDATE STOCK QTY [2665]
[ADMIN] [6/22/2017 11:00] [PENYESUAIAN STOK] INSERT INTO PRODUCT ADJUSTMENT TABLE [TOMMY-AD1, 20, 10]
[ADMIN] [6/22/2017 11:00] [PENYESUAIAN STOK] TRY TO DO MANUAL STOCK ADJUSTMENT
[ADMIN] [6/22/2017 11:00] [PENERIMAAN BARANG] INSERT TO PRODUCT EXPIRY [TOMMY-AD1]
[ADMIN] [6/22/2017 11:00] [PENYESUAIAN STOK] UPDATE STOCK QTY [2665]
[ADMIN] [6/22/2017 11:00] [PENYESUAIAN STOK] INSERT INTO PRODUCT ADJUSTMENT TABLE [TOMMY-AD1, 10, 10]
[ADMIN] [6/22/2017 11:00] [TAMBAH / UPDATE PRODUK] DETAIL PRODUK : detailGridView_CellValueChanged [status]
[ADMIN] [6/22/2017 11:00] [TAMBAH / UPDATE PRODUK] DETAIL PRODUK : detailGridView_CellValueChanged [status]
[ADMIN] [6/22/2017 11:00] [TAMBAH / UPDATE PRODUK] UPDATE PRODUCT EXPIRY [3275]
[ADMIN] [6/22/2017 11:00] [TAMBAH / UPDATE PRODUK] UPDATE PRODUCT EXPIRY [5048]
[ADMIN] [6/22/2017 11:00] [TAMBAH / UPDATE PRODUK] UPDATE PRODUCT EXPIRY [5150]
[ADMIN] [6/22/2017 11:00] [TAMBAH / UPDATE PRODUK] UPDATE PRODUCT EXPIRY [5191]
[ADMIN] [6/22/2017 11:00] [TAMBAH / UPDATE PRODUK] UPDATE CURRENT PRODUCT DATA [TOMMY-AD1]
[ADMIN] [6/22/2017 11:00] [TAMBAH / UPDATE PRODUK] UPDATE PRODUCT CATEGORY FOR [TOMMY-AD1]
[ADMIN] [6/22/2017 11:00] [TAMBAH / UPDATE PRODUK] DELETE CURRENT PRODUCT CATEGORY FOR [TOMMY-AD1]
[ADMIN] [6/22/2017 11:00] [TAMBAH / UPDATE PRODUK] INSERT PRODUCT CATEGORY FOR [TOMMY-AD1]
[ADMIN] [6/22/2017 11:01] [TAMBAH / UPDATE PRODUK] DETAIL PRODUK : detailGridView_CellValueChanged [status]
[ADMIN] [6/22/2017 11:01] [TAMBAH / UPDATE PRODUK] DETAIL PRODUK : detailGridView_CellValueChanged [status]
[ADMIN] [6/22/2017 11:01] [TAMBAH / UPDATE PRODUK] DETAIL PRODUK : detailGridView_CellValueChanged [status]
[ADMIN] [6/22/2017 11:01] [TAMBAH / UPDATE PRODUK] DETAIL PRODUK : detailGridView_CellValueChanged [status]
[ADMIN] [6/22/2017 11:01] [TAMBAH / UPDATE PRODUK] DETAIL PRODUK : detailGridView_CellValueChanged [status]
[ADMIN] [6/22/2017 11:01] [TAMBAH / UPDATE PRODUK] DETAIL PRODUK : detailGridView_CellValueChanged [status]
[ADMIN] [6/22/2017 11:01] [TAMBAH / UPDATE PRODUK] DETAIL PRODUK : detailGridView_CellValueChanged [status]
[ADMIN] [6/22/2017 11:01] [TAMBAH / UPDATE PRODUK] UPDATE PRODUCT EXPIRY [3275]
[ADMIN] [6/22/2017 11:01] [TAMBAH / UPDATE PRODUK] UPDATE PRODUCT EXPIRY [5048]
[ADMIN] [6/22/2017 11:01] [TAMBAH / UPDATE PRODUK] UPDATE PRODUCT EXPIRY [5150]
[ADMIN] [6/22/2017 11:01] [TAMBAH / UPDATE PRODUK] UPDATE PRODUCT EXPIRY [5191]
[ADMIN] [6/22/2017 11:01] [TAMBAH / UPDATE PRODUK] UPDATE CURRENT PRODUCT DATA [TOMMY-AD1]
[ADMIN] [6/22/2017 11:01] [TAMBAH / UPDATE PRODUK] UPDATE PRODUCT CATEGORY FOR [TOMMY-AD1]
[ADMIN] [6/22/2017 11:01] [TAMBAH / UPDATE PRODUK] DELETE CURRENT PRODUCT CATEGORY FOR [TOMMY-AD1]
[ADMIN] [6/22/2017 11:01] [TAMBAH / UPDATE PRODUK] INSERT PRODUCT CATEGORY FOR [TOMMY-AD1]
[ADMIN] [6/22/2017 11:01] [] USER ID = 1LOGOUT
