[] [1/12/2017 11:48] [] USER = ADMIN IS ACTIVE
[ADMIN] [1/12/2017 11:48] [] USER ID = 1 LOGIN SUCCESSFULLY
[ADMIN] [1/12/2017 11:48] [] ACTIVATE USER ACCESS RIGHT
[ADMIN] [1/12/2017 11:48] [] DISPLAY ADMIN FORM
[ADMIN] [1/12/2017 11:48] [] adminForm Load
[ADMIN] [1/12/2017 11:48] [] ACTIVATE USER ACCESS RIGHT
[] [1/12/2017 11:56] [] USER = ADMIN IS ACTIVE
[ADMIN] [1/12/2017 11:56] [] USER ID = 1 LOGIN SUCCESSFULLY
[ADMIN] [1/12/2017 11:56] [] ACTIVATE USER ACCESS RIGHT
[ADMIN] [1/12/2017 11:56] [] DISPLAY ADMIN FORM
[ADMIN] [1/12/2017 11:56] [] adminForm Load
[ADMIN] [1/12/2017 11:56] [] ACTIVATE USER ACCESS RIGHT
[ADMIN] [1/12/2017 11:57] [MUTASI BARANG] MUTASI BARANG : detailRequestOrderDataGridView_CellValueChanged [qty]
[ADMIN] [1/12/2017 11:57] [MUTASI BARANG] MUTASI BARANG : detailRequestOrderDataGridView_CellValueChanged [qty]
[ADMIN] [1/12/2017 11:57] [PENJUALAN] MUTASI FORM : Combobox_KeyUp, cashierDataGridView.CurrentCell.OwningColumn.Name  [qty]
[ADMIN] [1/12/2017 11:57] [MUTASI BARANG] MUTASI BARANG : detailRequestOrderDataGridView_CellValueChanged [qty]
[ADMIN] [1/12/2017 11:57] [MUTASI BARANG] MUTASI BARANG : detailRequestOrderDataGridView_CellValueChanged [qty]
[ADMIN] [1/12/2017 11:57] [PENJUALAN] MUTASI FORM : Combobox_KeyUp, cashierDataGridView.CurrentCell.OwningColumn.Name  [qty]
[ADMIN] [1/12/2017 11:57] [MUTASI BARANG] MUTASI BARANG : detailRequestOrderDataGridView_CellValueChanged [qty]
[ADMIN] [1/12/2017 11:57] [MUTASI BARANG] MUTASI BARANG : detailRequestOrderDataGridView_CellValueChanged [qty]
[ADMIN] [1/12/2017 11:57] [PENJUALAN] MUTASI FORM : Combobox_KeyUp, cashierDataGridView.CurrentCell.OwningColumn.Name  [qty]
[ADMIN] [1/12/2017 11:57] [MUTASI BARANG] MUTASI BARANG : detailRequestOrderDataGridView_CellValueChanged [expiryDate]
[ADMIN] [1/12/2017 11:57] [MUTASI BARANG] MUTASI BARANG : detailRequestOrderDataGridView_CellValueChanged [expiryDateValue]
[ADMIN] [1/12/2017 11:57] [MUTASI BARANG] MUTASI BARANG : detailRequestOrderDataGridView_CellValueChanged [qty]
[ADMIN] [1/12/2017 11:57] [MUTASI BARANG] MUTASI BARANG : detailRequestOrderDataGridView_CellValueChanged [subtotal]
[ADMIN] [1/12/2017 11:57] [PENJUALAN] MUTASI FORM : Combobox_KeyUp, cashierDataGridView.CurrentCell.OwningColumn.Name  [qty]
[ADMIN] [1/12/2017 11:57] [MUTASI BARANG] MUTASI BARANG : detailRequestOrderDataGridView_CellValueChanged [qty]
[ADMIN] [1/12/2017 11:57] [MUTASI BARANG] MUTASI BARANG : detailRequestOrderDataGridView_CellValueChanged [subtotal]
[ADMIN] [1/12/2017 11:57] [PENJUALAN] MUTASI FORM : Combobox_KeyUp, cashierDataGridView.CurrentCell.OwningColumn.Name  [qty]
[ADMIN] [1/12/2017 11:57] [MUTASI BARANG] MUTASI BARANG : detailRequestOrderDataGridView_CellValueChanged [qty]
[ADMIN] [1/12/2017 11:57] [MUTASI BARANG] MUTASI BARANG : detailRequestOrderDataGridView_CellValueChanged [subtotal]
[ADMIN] [1/12/2017 11:57] [PENJUALAN] MUTASI FORM : Combobox_KeyUp, cashierDataGridView.CurrentCell.OwningColumn.Name  [qty]
[ADMIN] [1/12/2017 11:57] [MUTASI BARANG] MUTASI BARANG : detailRequestOrderDataGridView_CellValueChanged [productID]
[ADMIN] [1/12/2017 11:57] [PENJUALAN] MUTASI FORM : Combobox_KeyUp, cashierDataGridView.CurrentCell.OwningColumn.Name  [productID]
[ADMIN] [1/12/2017 11:57] [MUTASI BARANG] MUTASI BARANG : detailRequestOrderDataGridView_CellValueChanged [productID]
[ADMIN] [1/12/2017 11:57] [MUTASI BARANG] MUTASI BARANG : detailRequestOrderDataGridView_CellValueChanged [productID]
[ADMIN] [1/12/2017 11:57] [PENJUALAN] MUTASI FORM : Combobox_KeyUp, cashierDataGridView.CurrentCell.OwningColumn.Name  [productID]
[ADMIN] [1/12/2017 11:57] [PENJUALAN] MUTASI FORM : Combobox_KeyUp, cashierDataGridView.CurrentCell.OwningColumn.Name  [productID]
[ADMIN] [1/12/2017 11:57] [MUTASI BARANG] MUTASI BARANG : detailRequestOrderDataGridView_CellValueChanged [productID]
[ADMIN] [1/12/2017 11:57] [MUTASI BARANG] MUTASI BARANG : detailRequestOrderDataGridView_CellValueChanged [productName]
[ADMIN] [1/12/2017 11:57] [MUTASI BARANG] updateSomeRowsContent, PRODUCT_BASE_PRICE [100]
[ADMIN] [1/12/2017 11:57] [MUTASI BARANG] MUTASI BARANG : detailRequestOrderDataGridView_CellValueChanged [hpp]
[ADMIN] [1/12/2017 11:57] [MUTASI BARANG] MUTASI BARANG : detailRequestOrderDataGridView_CellValueChanged [qty]
[ADMIN] [1/12/2017 11:57] [MUTASI BARANG] MUTASI BARANG : detailRequestOrderDataGridView_CellValueChanged [subtotal]
[ADMIN] [1/12/2017 11:57] [MUTASI BARANG] updateSomeRowsContent, attempt to calculate total
[ADMIN] [1/12/2017 11:57] [MUTASI BARANG] MUTASI BARANG : detailRequestOrderDataGridView_CellValueChanged [expiryDateValue]
[ADMIN] [1/12/2017 11:57] [MUTASI BARANG] MUTASI BARANG : detailRequestOrderDataGridView_CellValueChanged [expiryDate]
[ADMIN] [1/12/2017 11:57] [MUTASI BARANG] MUTASI BARANG : detailRequestOrderDataGridView_CellValueChanged [qty]
[ADMIN] [1/12/2017 11:57] [MUTASI BARANG] MUTASI BARANG : detailRequestOrderDataGridView_CellValueChanged [subtotal]
[ADMIN] [1/12/2017 11:57] [PENJUALAN] MUTASI FORM : Combobox_KeyUp, cashierDataGridView.CurrentCell.OwningColumn.Name  [qty]
[ADMIN] [1/12/2017 11:57] [PENJUALAN] MUTASI FORM : Combobox_KeyUp, cashierDataGridView.CurrentCell.OwningColumn.Name  [qty]
[ADMIN] [1/12/2017 11:57] [PENJUALAN] MUTASI FORM : Combobox_KeyUp, cashierDataGridView.CurrentCell.OwningColumn.Name  [productID]
[ADMIN] [1/12/2017 11:57] [PENJUALAN] MUTASI FORM : Combobox_KeyUp, cashierDataGridView.CurrentCell.OwningColumn.Name  [productID]
[ADMIN] [1/12/2017 11:57] [PENJUALAN] MUTASI FORM : Combobox_KeyUp, cashierDataGridView.CurrentCell.OwningColumn.Name  [productID]
[ADMIN] [1/12/2017 11:57] [PENJUALAN] MUTASI FORM : Combobox_KeyUp, cashierDataGridView.CurrentCell.OwningColumn.Name  [productID]
[ADMIN] [1/12/2017 11:57] [PENJUALAN] MUTASI FORM : Combobox_KeyUp, cashierDataGridView.CurrentCell.OwningColumn.Name  [productID]
[ADMIN] [1/12/2017 11:57] [PENJUALAN] MUTASI FORM : Combobox_KeyUp, cashierDataGridView.CurrentCell.OwningColumn.Name  [productName]
[ADMIN] [1/12/2017 11:57] [PENJUALAN] MUTASI FORM : Combobox_KeyUp, cashierDataGridView.CurrentCell.OwningColumn.Name  [qty]
[ADMIN] [1/12/2017 11:57] [MUTASI BARANG] MUTASI BARANG : detailRequestOrderDataGridView_CellValueChanged [qty]
[ADMIN] [1/12/2017 11:57] [MUTASI BARANG] MUTASI BARANG : detailRequestOrderDataGridView_CellValueChanged [subtotal]
[ADMIN] [1/12/2017 11:57] [PENJUALAN] MUTASI FORM : Combobox_KeyUp, cashierDataGridView.CurrentCell.OwningColumn.Name  [qty]
[ADMIN] [1/12/2017 11:57] [MUTASI BARANG] MUTASI BARANG : detailRequestOrderDataGridView_CellValueChanged [qty]
[ADMIN] [1/12/2017 11:57] [MUTASI BARANG] MUTASI BARANG : detailRequestOrderDataGridView_CellValueChanged [subtotal]
[ADMIN] [1/12/2017 11:57] [PENJUALAN] MUTASI FORM : Combobox_KeyUp, cashierDataGridView.CurrentCell.OwningColumn.Name  [qty]
[ADMIN] [1/12/2017 11:57] [MUTASI BARANG] MUTASI BARANG : detailRequestOrderDataGridView_CellValueChanged [qty]
[ADMIN] [1/12/2017 11:57] [MUTASI BARANG] MUTASI BARANG : detailRequestOrderDataGridView_CellValueChanged [qty]
[ADMIN] [1/12/2017 11:57] [PENJUALAN] MUTASI FORM : Combobox_KeyUp, cashierDataGridView.CurrentCell.OwningColumn.Name  [qty]
[ADMIN] [1/12/2017 11:58] [MUTASI BARANG] MUTASI BARANG : detailRequestOrderDataGridView_CellValueChanged [productID]
[ADMIN] [1/12/2017 11:58] [PENJUALAN] MUTASI FORM : Combobox_KeyUp, cashierDataGridView.CurrentCell.OwningColumn.Name  [productID]
[ADMIN] [1/12/2017 11:58] [MUTASI BARANG] MUTASI BARANG : detailRequestOrderDataGridView_CellValueChanged [productID]
[ADMIN] [1/12/2017 11:58] [PENJUALAN] MUTASI FORM : Combobox_KeyUp, cashierDataGridView.CurrentCell.OwningColumn.Name  [productID]
[ADMIN] [1/12/2017 11:58] [MUTASI BARANG] MUTASI BARANG : detailRequestOrderDataGridView_CellValueChanged [productID]
[ADMIN] [1/12/2017 11:58] [PENJUALAN] MUTASI FORM : Combobox_KeyUp, cashierDataGridView.CurrentCell.OwningColumn.Name  [productID]
[ADMIN] [1/12/2017 11:58] [MUTASI BARANG] MUTASI BARANG : detailRequestOrderDataGridView_CellValueChanged [productID]
[ADMIN] [1/12/2017 11:58] [MUTASI BARANG] MUTASI BARANG : detailRequestOrderDataGridView_CellValueChanged [productName]
[ADMIN] [1/12/2017 11:58] [MUTASI BARANG] updateSomeRowsContent, PRODUCT_BASE_PRICE [100]
[ADMIN] [1/12/2017 11:58] [MUTASI BARANG] MUTASI BARANG : detailRequestOrderDataGridView_CellValueChanged [hpp]
[ADMIN] [1/12/2017 11:58] [MUTASI BARANG] MUTASI BARANG : detailRequestOrderDataGridView_CellValueChanged [qty]
[ADMIN] [1/12/2017 11:58] [MUTASI BARANG] MUTASI BARANG : detailRequestOrderDataGridView_CellValueChanged [subtotal]
[ADMIN] [1/12/2017 11:58] [MUTASI BARANG] updateSomeRowsContent, attempt to calculate total
[ADMIN] [1/12/2017 11:58] [MUTASI BARANG] MUTASI BARANG : detailRequestOrderDataGridView_CellValueChanged [expiryDateValue]
[ADMIN] [1/12/2017 11:58] [MUTASI BARANG] MUTASI BARANG : detailRequestOrderDataGridView_CellValueChanged [expiryDate]
[ADMIN] [1/12/2017 11:58] [MUTASI BARANG] MUTASI BARANG : detailRequestOrderDataGridView_CellValueChanged [qty]
[ADMIN] [1/12/2017 11:58] [MUTASI BARANG] MUTASI BARANG : detailRequestOrderDataGridView_CellValueChanged [subtotal]
[ADMIN] [1/12/2017 11:58] [PENJUALAN] MUTASI FORM : Combobox_KeyUp, cashierDataGridView.CurrentCell.OwningColumn.Name  [qty]
[ADMIN] [1/12/2017 11:58] [MUTASI BARANG] MUTASI BARANG : detailRequestOrderDataGridView_CellValueChanged [qty]
[ADMIN] [1/12/2017 11:58] [MUTASI BARANG] MUTASI BARANG : detailRequestOrderDataGridView_CellValueChanged [subtotal]
[ADMIN] [1/12/2017 11:58] [PENJUALAN] MUTASI FORM : Combobox_KeyUp, cashierDataGridView.CurrentCell.OwningColumn.Name  [qty]
[ADMIN] [1/12/2017 11:58] [MUTASI BARANG] MUTASI BARANG : detailRequestOrderDataGridView_CellValueChanged [qty]
[ADMIN] [1/12/2017 11:58] [MUTASI BARANG] MUTASI BARANG : detailRequestOrderDataGridView_CellValueChanged [subtotal]
[ADMIN] [1/12/2017 11:58] [PENJUALAN] MUTASI FORM : Combobox_KeyUp, cashierDataGridView.CurrentCell.OwningColumn.Name  [qty]
[ADMIN] [1/12/2017 11:58] [MUTASI BARANG] MUTASI BARANG : detailRequestOrderDataGridView_CellValueChanged [qty]
[ADMIN] [1/12/2017 11:58] [MUTASI BARANG] MUTASI BARANG : detailRequestOrderDataGridView_CellValueChanged [subtotal]
[ADMIN] [1/12/2017 11:58] [PENJUALAN] MUTASI FORM : Combobox_KeyUp, cashierDataGridView.CurrentCell.OwningColumn.Name  [qty]
[ADMIN] [1/12/2017 11:58] [PENJUALAN] MUTASI FORM : Combobox_KeyUp, cashierDataGridView.CurrentCell.OwningColumn.Name  [qty]
[ADMIN] [1/12/2017 11:58] [MUTASI BARANG] SAVE/APPROVE MUTASI
[ADMIN] [1/12/2017 11:58] [MUTASI BARANG] GET NEW NO MUTASI [PM-9]
[ADMIN] [1/12/2017 11:58] [MUTASI BARANG] ADD NEW MUTASI [PM-9]
[ADMIN] [1/12/2017 11:58] [MUTASI BARANG] ADD DETAIL NEW MUTASI [PROD11JAN_2, 100]
[ADMIN] [1/12/2017 11:58] [MUTASI BARANG] REDUCE MASTER PRODUCT [PROD11JAN_2, 100]
[ADMIN] [1/12/2017 11:58] [MUTASI BARANG] REDUCE PRODUCT EXPIRY [PROD11JAN_2, 100]
[ADMIN] [1/12/2017 11:58] [MUTASI BARANG] ADD DETAIL NEW MUTASI [PROD11JAN_2, 10]
[ADMIN] [1/12/2017 11:58] [MUTASI BARANG] REDUCE MASTER PRODUCT [PROD11JAN_2, 10]
[ADMIN] [1/12/2017 11:58] [MUTASI BARANG] REDUCE PRODUCT EXPIRY [PROD11JAN_2, 10]
[ADMIN] [1/12/2017 11:58] [MUTASI BARANG] ADD DETAIL NEW MUTASI [PROD11JAN_2, 100]
[ADMIN] [1/12/2017 11:58] [MUTASI BARANG] REDUCE MASTER PRODUCT [PROD11JAN_2, 100]
[ADMIN] [1/12/2017 11:58] [MUTASI BARANG] REDUCE PRODUCT EXPIRY [PROD11JAN_2, 100]
[ADMIN] [1/12/2017 11:58] [MUTASI BARANG] INSERT TO CREDIT TABLE [PM-9]
[ADMIN] [1/12/2017 11:58] [MUTASI BARANG] MUTASI SAVED TO LOCAL DATA
[ADMIN] [1/12/2017 11:58] [MUTASI BARANG] GET BRANCH ID TO UPDATE [1]
[ADMIN] [1/12/2017 11:58] [MUTASI BARANG] TRY TO CONNECT TO BRANCH [1]
[ADMIN] [1/12/2017 11:58] [MUTASI BARANG] FAILED TO UPDATE BRANCH DATA
[] [1/12/2017 12:04] [] USER = ADMIN IS ACTIVE
[ADMIN] [1/12/2017 12:04] [] USER ID = 1 LOGIN SUCCESSFULLY
[ADMIN] [1/12/2017 12:04] [] ACTIVATE USER ACCESS RIGHT
[ADMIN] [1/12/2017 12:04] [] DISPLAY ADMIN FORM
[ADMIN] [1/12/2017 12:04] [] adminForm Load
[ADMIN] [1/12/2017 12:04] [] ACTIVATE USER ACCESS RIGHT
[ADMIN] [1/12/2017 12:12] [PENERIMAAN BARANG] GET PO INVOICE TO RECEIVE
[ADMIN] [1/12/2017 12:12] [PENERIMAAN BARANG] GET NO MUTASI TO RECEIVE
[ADMIN] [1/12/2017 12:12] [PENERIMAAN BARANG] NO MUTASI TO RECEIVE [PM-9]
[] [1/12/2017 12:14] [] USER = ADMIN IS ACTIVE
[ADMIN] [1/12/2017 12:14] [] USER ID = 1 LOGIN SUCCESSFULLY
[ADMIN] [1/12/2017 12:14] [] ACTIVATE USER ACCESS RIGHT
[ADMIN] [1/12/2017 12:14] [] DISPLAY ADMIN FORM
[ADMIN] [1/12/2017 12:14] [] adminForm Load
[ADMIN] [1/12/2017 12:14] [] ACTIVATE USER ACCESS RIGHT
[ADMIN] [1/12/2017 12:15] [PENERIMAAN BARANG] GET PO INVOICE TO RECEIVE
[ADMIN] [1/12/2017 12:16] [PENERIMAAN BARANG] GET NO MUTASI TO RECEIVE
[ADMIN] [1/12/2017 12:16] [PENERIMAAN BARANG] NO MUTASI TO RECEIVE [PM-9]
[] [1/12/2017 12:16] [] USER = ADMIN IS ACTIVE
[ADMIN] [1/12/2017 12:16] [] USER ID = 1 LOGIN SUCCESSFULLY
[ADMIN] [1/12/2017 12:17] [] ACTIVATE USER ACCESS RIGHT
[ADMIN] [1/12/2017 12:17] [] DISPLAY ADMIN FORM
[ADMIN] [1/12/2017 12:17] [] adminForm Load
[ADMIN] [1/12/2017 12:17] [] ACTIVATE USER ACCESS RIGHT
[ADMIN] [1/12/2017 12:17] [PENERIMAAN BARANG] GET NO MUTASI TO RECEIVE
[ADMIN] [1/12/2017 12:22] [PENERIMAAN BARANG] NO MUTASI TO RECEIVE [PM-9]
[] [1/12/2017 12:23] [] USER = ADMIN IS ACTIVE
[ADMIN] [1/12/2017 12:23] [] USER ID = 1 LOGIN SUCCESSFULLY
[ADMIN] [1/12/2017 12:23] [] ACTIVATE USER ACCESS RIGHT
[ADMIN] [1/12/2017 12:23] [] DISPLAY ADMIN FORM
[ADMIN] [1/12/2017 12:23] [] adminForm Load
[ADMIN] [1/12/2017 12:23] [] ACTIVATE USER ACCESS RIGHT
[ADMIN] [1/12/2017 12:23] [PENERIMAAN BARANG] GET NO MUTASI TO RECEIVE
[ADMIN] [1/12/2017 12:27] [PENERIMAAN BARANG] NO MUTASI TO RECEIVE [PM-9]
[] [1/12/2017 12:28] [] USER = ADMIN IS ACTIVE
[ADMIN] [1/12/2017 12:28] [] USER ID = 1 LOGIN SUCCESSFULLY
[ADMIN] [1/12/2017 12:28] [] ACTIVATE USER ACCESS RIGHT
[ADMIN] [1/12/2017 12:28] [] DISPLAY ADMIN FORM
[ADMIN] [1/12/2017 12:28] [] adminForm Load
[ADMIN] [1/12/2017 12:28] [] ACTIVATE USER ACCESS RIGHT
[ADMIN] [1/12/2017 12:29] [PENERIMAAN BARANG] GET NO MUTASI TO RECEIVE
[ADMIN] [1/12/2017 12:30] [PENERIMAAN BARANG] NO MUTASI TO RECEIVE [PM-9]
[ADMIN] [1/12/2017 12:32] [PENERIMAAN BARANG] PENERIMAAN BARANG : detailGridView_CellValueChanged [productID]
[ADMIN] [1/12/2017 12:32] [PENERIMAAN BARANG] PENERIMAAN BARANG : detailGridView_CellValueChanged [productID]
[ADMIN] [1/12/2017 12:32] [PENERIMAAN BARANG] PENERIMAAN BARANG : detailGridView_CellValueChanged [productID]
[ADMIN] [1/12/2017 12:32] [PENERIMAAN BARANG] PENERIMAAN BARANG : detailGridView_CellValueChanged [productID]
[ADMIN] [1/12/2017 12:32] [PENERIMAAN BARANG] PENERIMAAN BARANG : detailGridView_CellValueChanged [productID]
[ADMIN] [1/12/2017 12:32] [PENERIMAAN BARANG] PENERIMAAN BARANG : detailGridView_CellValueChanged [productName]
[ADMIN] [1/12/2017 12:32] [PENJUALAN] CASHIER FORM : ComboBox_SelectedIndexChanged, PRODUCT_BASE_PRICE [10000]
[ADMIN] [1/12/2017 12:32] [PENERIMAAN BARANG] PENERIMAAN BARANG : detailGridView_CellValueChanged [hpp]
[ADMIN] [1/12/2017 12:32] [PENERIMAAN BARANG] PENERIMAAN BARANG : detailGridView_CellValueChanged [subtotal]
[ADMIN] [1/12/2017 12:32] [PENERIMAAN BARANG] PENERIMAAN BARANG : detailGridView_CellValueChanged [qtyReceived]
[ADMIN] [1/12/2017 12:32] [PENERIMAAN BARANG] PENERIMAAN BARANG : detailGridView_CellValueChanged [subtotal]
[ADMIN] [1/12/2017 12:32] [PENJUALAN] CASHIER FORM : ComboBox_SelectedIndexChanged, attempt to calculate total
[ADMIN] [1/12/2017 12:32] [PENERIMAAN BARANG] PENERIMAAN BARANG : detailGridView_CellValueChanged [qtyReceived]
[ADMIN] [1/12/2017 12:32] [PENERIMAAN BARANG] PENERIMAAN BARANG : detailGridView_CellValueChanged [subtotal]
[ADMIN] [1/12/2017 12:32] [PENERIMAAN BARANG] PENERIMAAN BARANG : detailGridView_CellValueChanged [subtotal]
[ADMIN] [1/12/2017 12:32] [PENERIMAAN BARANG] PENERIMAAN BARANG : detailGridView_CellValueChanged [qtyReceived]
[ADMIN] [1/12/2017 12:32] [PENERIMAAN BARANG] PENERIMAAN BARANG : detailGridView_CellValueChanged [subtotal]
[ADMIN] [1/12/2017 12:32] [PENERIMAAN BARANG] PENERIMAAN BARANG : detailGridView_CellValueChanged [qtyReceived]
[ADMIN] [1/12/2017 12:32] [PENERIMAAN BARANG] PENERIMAAN BARANG : detailGridView_CellValueChanged [subtotal]
[ADMIN] [1/12/2017 12:33] [PENERIMAAN BARANG] SAVE PENERIMAAN BARANG
[ADMIN] [1/12/2017 12:33] [PENERIMAAN BARANG] PENERIMAAN BARANG : detailGridView_CellValueChanged [expiryDate]
[ADMIN] [1/12/2017 12:33] [PENERIMAAN BARANG] PENERIMAAN BARANG : detailGridView_CellValueChanged [expiryDateValue]
[ADMIN] [1/12/2017 12:33] [PENERIMAAN BARANG] PENERIMAAN BARANG : detailGridView_CellValueChanged [expiryDate]
[ADMIN] [1/12/2017 12:33] [PENERIMAAN BARANG] PENERIMAAN BARANG : detailGridView_CellValueChanged [expiryDateValue]
[ADMIN] [1/12/2017 12:33] [PENERIMAAN BARANG] PENERIMAAN BARANG : detailGridView_CellValueChanged [expiryDate]
[ADMIN] [1/12/2017 12:33] [PENERIMAAN BARANG] PENERIMAAN BARANG : detailGridView_CellValueChanged [expiryDateValue]
[ADMIN] [1/12/2017 12:33] [PENERIMAAN BARANG] PENERIMAAN BARANG : detailGridView_CellValueChanged [expiryDate]
[ADMIN] [1/12/2017 12:33] [PENERIMAAN BARANG] PENERIMAAN BARANG : detailGridView_CellValueChanged [expiryDateValue]
[ADMIN] [1/12/2017 12:33] [PENERIMAAN BARANG] PENERIMAAN BARANG : detailGridView_CellValueChanged [expiryDate]
[ADMIN] [1/12/2017 12:33] [PENERIMAAN BARANG] PENERIMAAN BARANG : detailGridView_CellValueChanged [expiryDateValue]
[ADMIN] [1/12/2017 12:33] [PENERIMAAN BARANG] PENERIMAAN BARANG : detailGridView_CellValueChanged [expiryDate]
[ADMIN] [1/12/2017 12:33] [PENERIMAAN BARANG] PENERIMAAN BARANG : detailGridView_CellValueChanged [expiryDateValue]
[ADMIN] [1/12/2017 12:33] [PENERIMAAN BARANG] PENERIMAAN BARANG : detailGridView_CellValueChanged [expiryDate]
[ADMIN] [1/12/2017 12:33] [PENERIMAAN BARANG] PENERIMAAN BARANG : detailGridView_CellValueChanged [expiryDateValue]
[ADMIN] [1/12/2017 12:34] [PENERIMAAN BARANG] PENERIMAAN BARANG : detailGridView_CellValueChanged [expiryDate]
[ADMIN] [1/12/2017 12:34] [PENERIMAAN BARANG] PENERIMAAN BARANG : detailGridView_CellValueChanged [expiryDateValue]
[ADMIN] [1/12/2017 12:34] [PENERIMAAN BARANG] PENERIMAAN BARANG : detailGridView_CellValueChanged [expiryDate]
[ADMIN] [1/12/2017 12:34] [PENERIMAAN BARANG] PENERIMAAN BARANG : detailGridView_CellValueChanged [expiryDateValue]
[ADMIN] [1/12/2017 12:34] [PENERIMAAN BARANG] PENERIMAAN BARANG : detailGridView_CellValueChanged [expiryDate]
[ADMIN] [1/12/2017 12:34] [PENERIMAAN BARANG] PENERIMAAN BARANG : detailGridView_CellValueChanged [expiryDateValue]
[ADMIN] [1/12/2017 12:34] [PENERIMAAN BARANG] PENERIMAAN BARANG : detailGridView_CellValueChanged [expiryDate]
[ADMIN] [1/12/2017 12:34] [PENERIMAAN BARANG] PENERIMAAN BARANG : detailGridView_CellValueChanged [expiryDateValue]
[ADMIN] [1/12/2017 12:36] [PENERIMAAN BARANG] SAVE PENERIMAAN BARANG
[ADMIN] [1/12/2017 12:36] [PENERIMAAN BARANG] INSERT PENERIMAAN BARANG DARI MUTASI [PR_12JAN]
[ADMIN] [1/12/2017 12:36] [PENERIMAAN BARANG] PRICE CHANGE PARAM [PROD11JAN_2] [0]
[ADMIN] [1/12/2017 12:36] [PENERIMAAN BARANG] SAVE DETAIL PENERIMAAN [PROD11JAN_2, 100, 100]
[ADMIN] [1/12/2017 12:36] [PENERIMAAN BARANG] UPDATE MASTER PRODUCT DATA [PROD11JAN_2]
[ADMIN] [1/12/2017 12:36] [PENERIMAAN BARANG] INSERT TO PRODUCT EXPIRY [PROD11JAN_2]
[ADMIN] [1/12/2017 12:36] [PENERIMAAN BARANG] PRICE CHANGE PARAM [PROD11JAN_2] [0]
[ADMIN] [1/12/2017 12:36] [PENERIMAAN BARANG] SAVE DETAIL PENERIMAAN [PROD11JAN_2, 100, 10]
[ADMIN] [1/12/2017 12:36] [PENERIMAAN BARANG] UPDATE MASTER PRODUCT DATA [PROD11JAN_2]
[ADMIN] [1/12/2017 12:36] [PENERIMAAN BARANG] INSERT TO PRODUCT EXPIRY [PROD11JAN_2]
[ADMIN] [1/12/2017 12:36] [PENERIMAAN BARANG] PRICE CHANGE PARAM [PROD11JAN_2] [0]
[ADMIN] [1/12/2017 12:36] [PENERIMAAN BARANG] SAVE DETAIL PENERIMAAN [PROD11JAN_2, 100, 100]
[ADMIN] [1/12/2017 12:36] [PENERIMAAN BARANG] UPDATE MASTER PRODUCT DATA [PROD11JAN_2]
[ADMIN] [1/12/2017 12:36] [PENERIMAAN BARANG] INSERT TO PRODUCT EXPIRY [PROD11JAN_2]
[ADMIN] [1/12/2017 12:36] [PENERIMAAN BARANG] PRICE CHANGE PARAM [PROD11JAN] [0]
[ADMIN] [1/12/2017 12:36] [PENERIMAAN BARANG] SAVE DETAIL PENERIMAAN [PROD11JAN, 10000, 0]
[ADMIN] [1/12/2017 12:36] [PENERIMAAN BARANG] UPDATE MASTER PRODUCT DATA [PROD11JAN]
[ADMIN] [1/12/2017 12:37] [PENERIMAAN BARANG] INSERT TO PRODUCT EXPIRY [PROD11JAN]
[ADMIN] [1/12/2017 12:37] [PENERIMAAN BARANG] UPDATE PRODUCT MUTATION HEADER [PM-9]
[ADMIN] [1/12/2017 12:37] [PENERIMAAN BARANG] PENERIMAAN BARANG SAVED
[ADMIN] [1/12/2017 12:37] [PENERIMAAN BARANG] PENERIMAAN BARANG FROM MUTASI, UPDATE HQ DATA
[ADMIN] [1/12/2017 12:37] [PENERIMAAN BARANG] ATTEMPT TO CREATE CONNECTION TO HQ
[ADMIN] [1/12/2017 12:37] [PENERIMAAN BARANG] CONNECTION CREATED, ATTEMPT TO UPDATE DATA AT HQ
[ADMIN] [1/12/2017 12:37] [PENERIMAAN BARANG] ATTEMPT TO UPDATE PRODUCTS MUTATION HEADER TO INDICATE RECEIVED [PM-9]
[ADMIN] [1/12/2017 13:03] [REQUEST ORDER] REQUEST ORDER : detailRequestOrderDataGridView_CellValueChanged [productID]
[ADMIN] [1/12/2017 13:04] [REQUEST ORDER] REQUEST ORDER : detailRequestOrderDataGridView_CellValueChanged [productID]
[ADMIN] [1/12/2017 13:04] [REQUEST ORDER] REQUEST ORDER : detailRequestOrderDataGridView_CellValueChanged [productID]
[ADMIN] [1/12/2017 13:04] [REQUEST ORDER] REQUEST ORDER : detailRequestOrderDataGridView_CellValueChanged [productID]
[ADMIN] [1/12/2017 13:04] [REQUEST ORDER] REQUEST ORDER : detailRequestOrderDataGridView_CellValueChanged [productID]
[ADMIN] [1/12/2017 13:04] [REQUEST ORDER] REQUEST ORDER : detailRequestOrderDataGridView_CellValueChanged [productName]
[ADMIN] [1/12/2017 13:04] [REQUEST ORDER] updateSomeRowsContent, PRODUCT_BASE_PRICE [100]
[ADMIN] [1/12/2017 13:04] [REQUEST ORDER] REQUEST ORDER : detailRequestOrderDataGridView_CellValueChanged [HPP]
[ADMIN] [1/12/2017 13:04] [REQUEST ORDER] REQUEST ORDER : detailRequestOrderDataGridView_CellValueChanged [qty]
[ADMIN] [1/12/2017 13:04] [REQUEST ORDER] REQUEST ORDER : detailRequestOrderDataGridView_CellValueChanged [subTotal]
[ADMIN] [1/12/2017 13:04] [REQUEST ORDER] REQUEST ORDER : detailRequestOrderDataGridView_CellValueChanged [subTotal]
[ADMIN] [1/12/2017 13:04] [REQUEST ORDER] updateSomeRowsContent, attempt to calculate total
[ADMIN] [1/12/2017 13:04] [REQUEST ORDER] REQUEST ORDER : detailRequestOrderDataGridView_CellValueChanged [qty]
[ADMIN] [1/12/2017 13:04] [REQUEST ORDER] REQUEST ORDER : detailRequestOrderDataGridView_CellValueChanged [subTotal]
[ADMIN] [1/12/2017 13:04] [REQUEST ORDER] REQUEST ORDER : detailRequestOrderDataGridView_CellValueChanged [qty]
[ADMIN] [1/12/2017 13:04] [REQUEST ORDER] REQUEST ORDER : detailRequestOrderDataGridView_CellValueChanged [subTotal]
[ADMIN] [1/12/2017 13:04] [REQUEST ORDER] REQUEST ORDER : detailRequestOrderDataGridView_CellValueChanged [qty]
[ADMIN] [1/12/2017 13:04] [REQUEST ORDER] REQUEST ORDER : detailRequestOrderDataGridView_CellValueChanged [subTotal]
[ADMIN] [1/12/2017 13:04] [REQUEST ORDER] ATTEMPT TO SAVE
[ADMIN] [1/12/2017 13:04] [REQUEST ORDER] INSERT NEW REQUEST ORDER [RQ_12JAN_2]
[ADMIN] [1/12/2017 13:04] [REQUEST ORDER] INSERT DETAIL REQUEST ORDER [PROD11JAN_2]
[ADMIN] [1/12/2017 13:04] [REQUEST ORDER] DATA SAVED SUCCESSFULLY
[ADMIN] [1/12/2017 13:04] [REQUEST ORDER] ATTEMPT TO SAVE AND SEND DATA TO HQ
[ADMIN] [1/12/2017 13:04] [REQUEST ORDER] ATTEMPT TO SAVE TO LOCAL DATABASE
[ADMIN] [1/12/2017 13:04] [REQUEST ORDER] EDIT REQUEST ORDER [RQ_12JAN_2]
[ADMIN] [1/12/2017 13:04] [REQUEST ORDER] DELETE DETAIL REQUEST ORDER [RQ_12JAN_2]
[ADMIN] [1/12/2017 13:04] [REQUEST ORDER] INSERT NEW DETAIL REQUEST ORDER [PROD11JAN_2]
[ADMIN] [1/12/2017 13:04] [REQUEST ORDER] REQUEST ORDER SAVED TO LOCAL DATABASE
[ADMIN] [1/12/2017 13:04] [REQUEST ORDER] ATTEMPT TO CONNECT TO HQ
[ADMIN] [1/12/2017 13:04] [REQUEST ORDER] CONNECTION TO HQ CREATED
[ADMIN] [1/12/2017 13:04] [REQUEST ORDER] ATTEMPT TO INSERT DATA TO HQ
[ADMIN] [1/12/2017 13:04] [REQUEST ORDER] INSERT REQUEST ORDER [RQ_12JAN_2] TO HQ
[ADMIN] [1/12/2017 13:04] [REQUEST ORDER] EXCEPTION THROWN [Duplicate entry 'RQ_12JAN_2' for key 'RO_INVOICE_UNIQUE']
[ADMIN] [1/12/2017 13:04] [REQUEST ORDER] REQUEST ORDER FAILED TO SENT TO HQ
[ADMIN] [1/12/2017 13:04] [MUTASI BARANG] CREATE PO FROM REQUEST ORDER [RQ_12JAN_2]
[ADMIN] [1/12/2017 13:05] [PURCHASE ORDER] PURCHASE ORDER : detailPODataGridView_CellValueChanged [qty]
[ADMIN] [1/12/2017 13:05] [PURCHASE ORDER] ATTEMPT TO SAVE DATA
[ADMIN] [1/12/2017 13:05] [PURCHASE ORDER] CHECK IF TAX LIMIT SET FOR PERCENTAGE PURCHASE [0]
[ADMIN] [1/12/2017 13:05] [PURCHASE ORDER] CHECK IF TAX LIMIT SET FOR AVERAGE DAILY PURCHASE [0]
[ADMIN] [1/12/2017 13:05] [PURCHASE ORDER] PURCHASE HEADER FROM REQUEST ORDER
[ADMIN] [1/12/2017 13:05] [PURCHASE ORDER] INSERT PURCHASE HEADER DATA [PO_12JAN]
[ADMIN] [1/12/2017 13:05] [PURCHASE ORDER] EXCEPTION THROWN [You have an error in your SQL syntax; check the manual that corresponds to your MySQL server version for the right syntax to use near ''1)' at line 1]
[ADMIN] [1/12/2017 13:05] [PURCHASE ORDER] ATTEMPT TO SAVE DATA
[ADMIN] [1/12/2017 13:06] [PURCHASE ORDER] CHECK IF TAX LIMIT SET FOR PERCENTAGE PURCHASE [0]
[ADMIN] [1/12/2017 13:06] [PURCHASE ORDER] CHECK IF TAX LIMIT SET FOR AVERAGE DAILY PURCHASE [0]
[ADMIN] [1/12/2017 13:06] [PURCHASE ORDER] PURCHASE HEADER FROM REQUEST ORDER
[ADMIN] [1/12/2017 13:06] [PURCHASE ORDER] INSERT PURCHASE HEADER DATA [PO_12JAN]
[] [1/12/2017 13:10] [] USER = ADMIN IS ACTIVE
[ADMIN] [1/12/2017 13:10] [] USER ID = 1 LOGIN SUCCESSFULLY
[ADMIN] [1/12/2017 13:10] [] ACTIVATE USER ACCESS RIGHT
[ADMIN] [1/12/2017 13:10] [] DISPLAY ADMIN FORM
[ADMIN] [1/12/2017 13:10] [] adminForm Load
[ADMIN] [1/12/2017 13:10] [] ACTIVATE USER ACCESS RIGHT
[ADMIN] [1/12/2017 13:10] [MUTASI BARANG] CREATE PO FROM REQUEST ORDER [RQ_12JAN_2]
[ADMIN] [1/12/2017 13:10] [PURCHASE ORDER] PURCHASE ORDER : detailPODataGridView_CellValueChanged [qty]
[ADMIN] [1/12/2017 13:11] [PURCHASE ORDER] PURCHASE ORDER : detailPODataGridView_CellValueChanged [qty]
[ADMIN] [1/12/2017 13:11] [PURCHASE ORDER] PURCHASE ORDER : detailPODataGridView_CellValueChanged [qty]
[ADMIN] [1/12/2017 13:11] [PURCHASE ORDER] ATTEMPT TO SAVE DATA
[ADMIN] [1/12/2017 13:11] [PURCHASE ORDER] CHECK IF TAX LIMIT SET FOR PERCENTAGE PURCHASE [0]
[ADMIN] [1/12/2017 13:11] [PURCHASE ORDER] CHECK IF TAX LIMIT SET FOR AVERAGE DAILY PURCHASE [0]
[ADMIN] [1/12/2017 13:11] [PURCHASE ORDER] PURCHASE HEADER FROM REQUEST ORDER
[ADMIN] [1/12/2017 13:11] [PURCHASE ORDER] INSERT PURCHASE HEADER DATA [PO_12JAN]
[ADMIN] [1/12/2017 13:11] [PURCHASE ORDER] INSERT DETAIL PURCHASE DATA [PROD11JAN_2', 100, 200]
[ADMIN] [1/12/2017 13:11] [PURCHASE ORDER] UPDATE REQUEST ORDER DATA IF COMES FROM REQUEST ORDER
[ADMIN] [1/12/2017 13:11] [PURCHASE ORDER] PURCHASE ORDER SAVED
[ADMIN] [1/12/2017 13:13] [PURCHASE ORDER] CHECK IF TAX LIMIT SET FOR PERCENTAGE PURCHASE [0]
[ADMIN] [1/12/2017 13:13] [PURCHASE ORDER] CHECK IF TAX LIMIT SET FOR AVERAGE DAILY PURCHASE [0]
[ADMIN] [1/12/2017 13:14] [PURCHASE ORDER] UPDATE PURCHASE HEADER DATA TO INDICATE PO HAS BEEN PRINTED OUT, THEREFORE UNEDITABLE
[ADMIN] [1/12/2017 13:14] [PURCHASE ORDER] UPDATE FLAG AT PURCHASE HEADER TAX
[ADMIN] [1/12/2017 13:14] [PENERIMAAN BARANG] GET PO INVOICE TO RECEIVE
[ADMIN] [1/12/2017 13:15] [PENERIMAAN BARANG] PO INVOICE TO RECEIVE [PO_12JAN]
[] [1/12/2017 13:17] [] USER = ADMIN IS ACTIVE
[ADMIN] [1/12/2017 13:17] [] USER ID = 1 LOGIN SUCCESSFULLY
[ADMIN] [1/12/2017 13:17] [] ACTIVATE USER ACCESS RIGHT
[ADMIN] [1/12/2017 13:17] [] DISPLAY ADMIN FORM
[ADMIN] [1/12/2017 13:17] [] adminForm Load
[ADMIN] [1/12/2017 13:17] [] ACTIVATE USER ACCESS RIGHT
[ADMIN] [1/12/2017 13:18] [PENERIMAAN BARANG] GET PO INVOICE TO RECEIVE
[ADMIN] [1/12/2017 13:18] [PENERIMAAN BARANG] PO INVOICE TO RECEIVE [PO_12JAN]
[] [1/12/2017 13:24] [] USER = ADMIN IS ACTIVE
[ADMIN] [1/12/2017 13:24] [] USER ID = 1 LOGIN SUCCESSFULLY
[ADMIN] [1/12/2017 13:24] [] ACTIVATE USER ACCESS RIGHT
[ADMIN] [1/12/2017 13:24] [] DISPLAY ADMIN FORM
[ADMIN] [1/12/2017 13:24] [] adminForm Load
[ADMIN] [1/12/2017 13:24] [] ACTIVATE USER ACCESS RIGHT
[ADMIN] [1/12/2017 13:24] [PENERIMAAN BARANG] GET PO INVOICE TO RECEIVE
[ADMIN] [1/12/2017 13:25] [PENERIMAAN BARANG] PO INVOICE TO RECEIVE [PO_12JAN]
[ADMIN] [1/12/2017 13:25] [PENERIMAAN BARANG] PENERIMAAN BARANG : detailGridView_CellValueChanged [qtyReceived]
[ADMIN] [1/12/2017 13:25] [PENERIMAAN BARANG] PENERIMAAN BARANG : detailGridView_CellValueChanged [subtotal]
[ADMIN] [1/12/2017 13:25] [PENERIMAAN BARANG] PENERIMAAN BARANG : detailGridView_CellValueChanged [qtyReceived]
[ADMIN] [1/12/2017 13:25] [PENERIMAAN BARANG] PENERIMAAN BARANG : detailGridView_CellValueChanged [subtotal]
[ADMIN] [1/12/2017 13:25] [PENERIMAAN BARANG] PENERIMAAN BARANG : detailGridView_CellValueChanged [qtyReceived]
[ADMIN] [1/12/2017 13:25] [PENERIMAAN BARANG] PENERIMAAN BARANG : detailGridView_CellValueChanged [subtotal]
[ADMIN] [1/12/2017 13:25] [PENERIMAAN BARANG] PENERIMAAN BARANG : detailGridView_CellValueChanged [expiryDate]
[ADMIN] [1/12/2017 13:25] [PENERIMAAN BARANG] PENERIMAAN BARANG : detailGridView_CellValueChanged [expiryDateValue]
[ADMIN] [1/12/2017 13:25] [PENERIMAAN BARANG] PENERIMAAN BARANG : detailGridView_CellValueChanged [expiryDate]
[ADMIN] [1/12/2017 13:25] [PENERIMAAN BARANG] PENERIMAAN BARANG : detailGridView_CellValueChanged [expiryDateValue]
[ADMIN] [1/12/2017 13:25] [PENERIMAAN BARANG] SAVE PENERIMAAN BARANG
[ADMIN] [1/12/2017 13:25] [PENERIMAAN BARANG] INSERT PENERIMAAN BARANG [PR_12JAN_1]
[ADMIN] [1/12/2017 13:25] [PENERIMAAN BARANG] PRICE CHANGE PARAM [PROD11JAN_2] [0]
[ADMIN] [1/12/2017 13:25] [PENERIMAAN BARANG] SAVE DETAIL PENERIMAAN [PROD11JAN_2, 100, 200]
[ADMIN] [1/12/2017 13:25] [PENERIMAAN BARANG] UPDATE MASTER PRODUCT DATA [PROD11JAN_2]
[ADMIN] [1/12/2017 13:25] [PENERIMAAN BARANG] INSERT TO PRODUCT EXPIRY [PROD11JAN_2]
[ADMIN] [1/12/2017 13:25] [PENERIMAAN BARANG] UPDATE PURCHASE HEADER [PO_12JAN]
[ADMIN] [1/12/2017 13:25] [PENERIMAAN BARANG] UPDATE PURCHASE HEADER TAX [PO_12JAN]
[ADMIN] [1/12/2017 13:25] [PENERIMAAN BARANG] UPDATE PURCHASE HEADER DUE DATE [PO_12JAN]
[ADMIN] [1/12/2017 13:25] [PENERIMAAN BARANG] UPDATE PURCHASE HEADER TAX DUE DATE [PO_12JAN]
[ADMIN] [1/12/2017 13:25] [PENERIMAAN BARANG] INSERT INTO DEBT [PO_12JAN]
[ADMIN] [1/12/2017 13:25] [PENERIMAAN BARANG] PENERIMAAN BARANG SAVED
[ADMIN] [1/12/2017 13:34] [RETUR PERMINTAAN KE PUSAT] RETUR PERMINTAAN : detailReturDataGridView_CellValueChanged [productID]
[ADMIN] [1/12/2017 13:34] [RETUR PERMINTAAN KE PUSAT] RETUR PERMINTAAN : detailReturDataGridView_CellValueChanged [productID]
[ADMIN] [1/12/2017 13:34] [RETUR PERMINTAAN KE PUSAT] RETUR PERMINTAAN : detailReturDataGridView_CellValueChanged [productID]
[ADMIN] [1/12/2017 13:34] [RETUR PERMINTAAN KE PUSAT] RETUR PERMINTAAN : detailReturDataGridView_CellValueChanged [productID]
[ADMIN] [1/12/2017 13:34] [RETUR PERMINTAAN KE PUSAT] RETUR PERMINTAAN : detailReturDataGridView_CellValueChanged [productID]
[ADMIN] [1/12/2017 13:34] [RETUR PERMINTAAN KE PUSAT] RETUR PERMINTAAN : detailReturDataGridView_CellValueChanged [productName]
[ADMIN] [1/12/2017 13:34] [RETUR PERMINTAAN KE PUSAT] updateSomeRowsContent, PRODUCT_BASE_PRICE [100]
[ADMIN] [1/12/2017 13:34] [RETUR PERMINTAAN KE PUSAT] RETUR PERMINTAAN : detailReturDataGridView_CellValueChanged [HPP]
[ADMIN] [1/12/2017 13:34] [RETUR PERMINTAAN KE PUSAT] RETUR PERMINTAAN : detailReturDataGridView_CellValueChanged [qty]
[ADMIN] [1/12/2017 13:34] [RETUR PERMINTAAN KE PUSAT] RETUR PERMINTAAN : detailReturDataGridView_CellValueChanged [subTotal]
[ADMIN] [1/12/2017 13:34] [RETUR PERMINTAAN KE PUSAT] RETUR PERMINTAAN : detailReturDataGridView_CellValueChanged [subTotal]
[ADMIN] [1/12/2017 13:34] [RETUR PERMINTAAN KE PUSAT] updateSomeRowsContent, attempt to calculate total
[ADMIN] [1/12/2017 13:34] [RETUR PERMINTAAN KE PUSAT] RETUR PERMINTAAN : detailReturDataGridView_CellValueChanged [expiryDateValue]
[ADMIN] [1/12/2017 13:34] [RETUR PERMINTAAN KE PUSAT] RETUR PERMINTAAN : detailReturDataGridView_CellValueChanged [expiryDate]
[ADMIN] [1/12/2017 13:34] [RETUR PERMINTAAN KE PUSAT] RETUR PERMINTAAN : detailReturDataGridView_CellValueChanged [qty]
[ADMIN] [1/12/2017 13:34] [RETUR PERMINTAAN KE PUSAT] RETUR PERMINTAAN : detailReturDataGridView_CellValueChanged [subTotal]
[ADMIN] [1/12/2017 13:34] [RETUR PERMINTAAN KE PUSAT] RETUR PERMINTAAN : detailReturDataGridView_CellValueChanged [subTotal]
[ADMIN] [1/12/2017 13:34] [RETUR PERMINTAAN KE PUSAT] RETUR PERMINTAAN : detailReturDataGridView_CellValueChanged [qty]
[ADMIN] [1/12/2017 13:34] [RETUR PERMINTAAN KE PUSAT] RETUR PERMINTAAN : detailReturDataGridView_CellValueChanged [subTotal]
[ADMIN] [1/12/2017 13:34] [RETUR PERMINTAAN KE PUSAT] RETUR PERMINTAAN : detailReturDataGridView_CellValueChanged [qty]
[ADMIN] [1/12/2017 13:34] [RETUR PERMINTAAN KE PUSAT] RETUR PERMINTAAN : detailReturDataGridView_CellValueChanged [subTotal]
[ADMIN] [1/12/2017 13:34] [RETUR PERMINTAAN KE PUSAT] RETUR PERMINTAAN : detailReturDataGridView_CellValueChanged [qty]
[ADMIN] [1/12/2017 13:34] [RETUR PERMINTAAN KE PUSAT] RETUR PERMINTAAN : detailReturDataGridView_CellValueChanged [subTotal]
[ADMIN] [1/12/2017 13:34] [RETUR PERMINTAAN KE PUSAT] RETUR PERMINTAAN : detailReturDataGridView_CellValueChanged [description]
[ADMIN] [1/12/2017 13:34] [RETUR PERMINTAAN KE PUSAT] RETUR PERMINTAAN : detailReturDataGridView_CellValueChanged [description]
[ADMIN] [1/12/2017 13:34] [RETUR PERMINTAAN KE PUSAT] RETUR PERMINTAAN : detailReturDataGridView_CellValueChanged [description]
[ADMIN] [1/12/2017 13:34] [RETUR PERMINTAAN KE PUSAT] RETUR PERMINTAAN : detailReturDataGridView_CellValueChanged [description]
[ADMIN] [1/12/2017 13:34] [RETUR PERMINTAAN KE PUSAT] RETUR PERMINTAAN : detailReturDataGridView_CellValueChanged [description]
[ADMIN] [1/12/2017 13:34] [RETUR PERMINTAAN KE PUSAT] RETUR PERMINTAAN : detailReturDataGridView_CellValueChanged [description]
[ADMIN] [1/12/2017 13:34] [RETUR PEMBELIAN KE SUPPLIER] ATTEMPT TO SAVE TO LOCAL DATA FIRST
[ADMIN] [1/12/2017 13:34] [] USER ID = 1LOGOUT
