[] [6/10/2017 00:32] [] USER = ADMIN IS ACTIVE
[ADMIN] [6/10/2017 00:32] [] USER ID = 1 LOGIN SUCCESSFULLY
[ADMIN] [6/10/2017 00:32] [] ACTIVATE USER ACCESS RIGHT
[ADMIN] [6/10/2017 00:32] [] DISPLAY ADMIN FORM
[ADMIN] [6/10/2017 00:32] [] adminForm Load
[ADMIN] [6/10/2017 00:32] [] ACTIVATE USER ACCESS RIGHT
[ADMIN] [6/10/2017 00:33] [PENJUALAN] CASHIER FORM : REGISTER HOTKEY
[ADMIN] [6/10/2017 00:33] [PENJUALAN] CASHIER FORM : cashierForm_Load, ATTEMPT TO LOAD NO FAKTUR
[ADMIN] [6/10/2017 00:33] [PENJUALAN] CASHIER FORM : loadNoFaktur, noFakturValue [SLO001]
[ADMIN] [6/10/2017 00:33] [PENJUALAN] CASHIER FORM : cashierForm_Load, ATTEMPT TO addColumnToDataGrid
[ADMIN] [6/10/2017 00:33] [PENJUALAN] CASHIER FORM : UPDATE ROW NUMBER, TOTAL ROW [1]
[ADMIN] [6/10/2017 00:33] [PENJUALAN] CASHIER FORM : ADD NEW ROW,  isActive [True]
[ADMIN] [6/10/2017 00:33] [PENJUALAN] CASHIER FORM : ADD NEW ROW,  ROW COUNT [0]
[ADMIN] [6/10/2017 00:33] [PENJUALAN] CASHIER FORM : ADD NEW ROW,  ALLOW TO ADD [True]
[ADMIN] [6/10/2017 00:33] [PENJUALAN] CASHIER FORM : UPDATE ROW NUMBER, TOTAL ROW [1]
[ADMIN] [6/10/2017 00:33] [PENJUALAN] CASHIER FORM : UPDATE ROW NUMBER, TOTAL ROW [2]
[ADMIN] [6/10/2017 00:33] [PENJUALAN] CASHIER FORM : cashierDataGridView_CellValueChanged [F8]
[ADMIN] [6/10/2017 00:33] [PENJUALAN] CASHIER FORM : REGISTER HOTKEY
[ADMIN] [6/10/2017 00:33] [PENJUALAN] CASHIER FORM : cashierDataGridView_CellValueChanged [qty]
[ADMIN] [6/10/2017 00:33] [PENJUALAN] CASHIER FORM : cashierDataGridView_CellValueChanged, previousInput [5]
[ADMIN] [6/10/2017 00:33] [PENJUALAN] CASHIER FORM : cashierDataGridView_CellValueChanged, dataGridViewTextBoxEditingControl.Text pass REGEX Checking
[ADMIN] [6/10/2017 00:33] [PENJUALAN] CASHIER FORM : CHECK STOCK QTY IS ENOUGH [ECO-PM1]
[ADMIN] [6/10/2017 00:33] [PENJUALAN] CASHIER FORM : CHECK STOCK QTY IS ENOUGH [5, 4]
[ADMIN] [6/10/2017 00:33] [PENJUALAN] CASHIER FORM : CALCULATE SUBTOTAL
[ADMIN] [6/10/2017 00:33] [PENJUALAN] CASHIER FORM : SUBTOTAL [212000]
[ADMIN] [6/10/2017 00:33] [PENJUALAN] CASHIER FORM : cashierDataGridView_CellValueChanged, subtotal value [212000]
[ADMIN] [6/10/2017 00:33] [PENJUALAN] CASHIER FORM : cashierDataGridView_CellValueChanged, attempt to calculate total value
[ADMIN] [6/10/2017 00:33] [PENJUALAN] CASHIER FORM : calculateTotal
[ADMIN] [6/10/2017 00:33] [PENJUALAN] CASHIER FORM : calculateTotal [212000]
[ADMIN] [6/10/2017 00:33] [PENJUALAN] CASHIER FORM : calculateTotal, totalAfterDisc [212000]
[ADMIN] [6/10/2017 00:33] [PENJUALAN] CASHIER FORM : calculateChangeValue, bayarTextBox.Text [Rp265.000]
[ADMIN] [6/10/2017 00:33] [PENJUALAN] CASHIER FORM : calculateChangeValue, sisaBayar [53000]
[ADMIN] [6/10/2017 00:33] [PENJUALAN] CASHIER FORM : Combobox_KeyUp, cashierDataGridView.CurrentCell.OwningColumn.Name  [qty]
[ADMIN] [6/10/2017 00:33] [PENJUALAN] CASHIER FORM : HOTKEY TO SAVE AND PRINT OUT INVOICE PRESSED
[ADMIN] [6/10/2017 00:33] [PENJUALAN] CASHIER FORM : UNREGISTER HOTKEY
[ADMIN] [6/10/2017 00:33] [PENJUALAN] CASHIER FORM : REGISTER HOTKEY
[ADMIN] [6/10/2017 00:33] [PENJUALAN] ATTEMPT TO SAVE AND PRINT OUT INVOICE
[ADMIN] [6/10/2017 00:33] [PENJUALAN] CASHIER FORM : UNREGISTER HOTKEY
[ADMIN] [6/10/2017 00:33] [PENJUALAN] CASHIER FORM : REGISTER HOTKEY
[ADMIN] [6/10/2017 00:33] [PENJUALAN] CASHIER FORM : CHECK STOCK QTY IS ENOUGH [ECO-PM1]
[ADMIN] [6/10/2017 00:33] [PENJUALAN] CASHIER FORM : CHECK STOCK QTY IS ENOUGH [5, 4]
[ADMIN] [6/10/2017 00:33] [PENJUALAN] CASHIER FORM : UNREGISTER HOTKEY
[ADMIN] [6/10/2017 00:33] [PENJUALAN] CASHIER FORM : ATTEMPT TO SAVE SALES DATA [10-06-2017 00:33]
[ADMIN] [6/10/2017 00:33] [PENJUALAN] CASHIER FORM : SALES DISC FINAL [0]
[ADMIN] [6/10/2017 00:33] [PENJUALAN] CASHIER FORM : CASH SALES
[ADMIN] [6/10/2017 00:33] [PENJUALAN] RETURN SALES DETAIL EXPIRY AMOUNT [SLO001-1223]
[ADMIN] [6/10/2017 00:33] [PENJUALAN] RETURN SALES DETAIL AMOUNT [SLO001-1223]
[ADMIN] [6/10/2017 00:33] [PENJUALAN] UPDATE SALES HEADER [SLO001-1223]
[ADMIN] [6/10/2017 00:33] [PENJUALAN] DELETE SALES DETAIL EXPIRY [SLO001-1223]
[ADMIN] [6/10/2017 00:33] [PENJUALAN] DELETE SALES DETAIL[SLO001-1223]
[ADMIN] [6/10/2017 00:33] [PENJUALAN] SAVE TO SALES REVISI HISTORY [SLO001-1223]
[ADMIN] [6/10/2017 00:33] [PENJUALAN] INSERT INTO SALES DETAIL[ECO-PM1, 53000, 4]
[ADMIN] [6/10/2017 00:33] [PENJUALAN] REDUCE STOCK AT MASTER PRODUCT [ECO-PM1]
[ADMIN] [6/10/2017 00:33] [PENJUALAN] REDUCE STOCK AT PRODUCT_EXPIRY LOT [4097]
[ADMIN] [6/10/2017 00:33] [PENJUALAN] SAVE PRODUCT LOT INFORMATION FOR EACH ITEM AND AMOUNT
[ADMIN] [6/10/2017 00:33] [PENJUALAN] UPDATE CREDIT TABLE [SLO001-1223]
[ADMIN] [6/10/2017 00:33] [PENJUALAN] INSERT TO DAILY JOURNAL TABLE [53000]
[ADMIN] [6/10/2017 00:33] [PENJUALAN] CASHIER FORM : REGISTER HOTKEY
[ADMIN] [6/10/2017 00:33] [PENJUALAN] TRANSACTION SAVED
[ADMIN] [6/10/2017 00:33] [PENJUALAN] PRINT OUT INVOICE
[ADMIN] [6/10/2017 00:33] [PENJUALAN] CASHIER FORM : PrintReceipt
[ADMIN] [6/10/2017 00:33] [PENJUALAN] CASHIER FORM : PrintReceipt, POS size Paper
[ADMIN] [6/10/2017 00:33] [PENJUALAN] CASHIER FORM : loadInfoToko
[ADMIN] [6/10/2017 00:33] [PENJUALAN] CASHIER FORM : calculatePageLength, totalLengthPage [355]
[ADMIN] [6/10/2017 00:33] [PENJUALAN] CASHIER FORM : printDocument1_PrintPage, print POS size receipt
[ADMIN] [6/10/2017 00:33] [PENJUALAN] CASHIER FORM : loadInfoToko
[ADMIN] [6/10/2017 00:33] [PENJUALAN] CASHIER FORM : loadNamaUser
[ADMIN] [6/10/2017 00:33] [PENJUALAN] CASHIER FORM : UNREGISTER HOTKEY
[ADMIN] [6/10/2017 00:33] [PENJUALAN] CASHIER FORM : REGISTER HOTKEY
[ADMIN] [6/10/2017 00:33] [PENJUALAN] CASHIER FORM : UPDATE ROW NUMBER, TOTAL ROW [1]
[ADMIN] [6/10/2017 00:33] [PENJUALAN] CASHIER FORM : UPDATE ROW NUMBER, TOTAL ROW [1]
[ADMIN] [6/10/2017 00:33] [PENJUALAN] CASHIER FORM : cashierDataGridView_CellValueChanged [F8]
[ADMIN] [6/10/2017 00:33] [PENJUALAN] CASHIER FORM : loadNoFaktur, noFakturValue [SLO001]
[ADMIN] [6/10/2017 00:33] [PENJUALAN] CASHIER FORM : UNREGISTER HOTKEY
[ADMIN] [6/10/2017 00:33] [PENJUALAN] CASHIER FORM : UNREGISTER HOTKEY
[ADMIN] [6/10/2017 00:33] [TAMBAH / UPDATE PRODUK] DETAIL PRODUK : detailGridView_CellValueChanged [lotID]
[ADMIN] [6/10/2017 00:33] [TAMBAH / UPDATE PRODUK] DETAIL PRODUK : detailGridView_CellValueChanged [status]
[ADMIN] [6/10/2017 00:33] [TAMBAH / UPDATE PRODUK] DETAIL PRODUK : detailGridView_CellValueChanged [qty]
[ADMIN] [6/10/2017 00:33] [TAMBAH / UPDATE PRODUK] DETAIL PRODUK : detailGridView_CellValueChanged [qty]
[ADMIN] [6/10/2017 00:34] [TAMBAH / UPDATE PRODUK] DETAIL PRODUK : detailGridView_CellValueChanged [expiryDate]
[ADMIN] [6/10/2017 00:34] [TAMBAH / UPDATE PRODUK] DETAIL PRODUK : detailGridView_CellValueChanged [expiryDateValue]
[ADMIN] [6/10/2017 00:34] [TAMBAH / UPDATE PRODUK] DETAIL PRODUK : detailGridView_CellValueChanged [lotID]
[ADMIN] [6/10/2017 00:34] [TAMBAH / UPDATE PRODUK] DETAIL PRODUK : detailGridView_CellValueChanged [status]
[ADMIN] [6/10/2017 00:34] [TAMBAH / UPDATE PRODUK] DETAIL PRODUK : detailGridView_CellValueChanged [qty]
[ADMIN] [6/10/2017 00:34] [TAMBAH / UPDATE PRODUK] DETAIL PRODUK : detailGridView_CellValueChanged [qty]
[ADMIN] [6/10/2017 00:34] [TAMBAH / UPDATE PRODUK] DETAIL PRODUK : detailGridView_CellValueChanged [expiryDate]
[ADMIN] [6/10/2017 00:34] [TAMBAH / UPDATE PRODUK] DETAIL PRODUK : detailGridView_CellValueChanged [expiryDateValue]
[ADMIN] [6/10/2017 00:34] [TAMBAH / UPDATE PRODUK] DETAIL PRODUK : detailGridView_CellValueChanged [status]
[ADMIN] [6/10/2017 00:34] [TAMBAH / UPDATE PRODUK] DETAIL PRODUK : detailGridView_CellValueChanged [lotID]
[ADMIN] [6/10/2017 00:34] [TAMBAH / UPDATE PRODUK] DETAIL PRODUK : detailGridView_CellValueChanged [status]
[ADMIN] [6/10/2017 00:34] [TAMBAH / UPDATE PRODUK] DETAIL PRODUK : detailGridView_CellValueChanged [qty]
[ADMIN] [6/10/2017 00:34] [TAMBAH / UPDATE PRODUK] DETAIL PRODUK : detailGridView_CellValueChanged [qty]
[ADMIN] [6/10/2017 00:34] [TAMBAH / UPDATE PRODUK] DETAIL PRODUK : detailGridView_CellValueChanged [expiryDate]
[ADMIN] [6/10/2017 00:34] [TAMBAH / UPDATE PRODUK] DETAIL PRODUK : detailGridView_CellValueChanged [expiryDateValue]
[ADMIN] [6/10/2017 00:34] [TAMBAH / UPDATE PRODUK] deleteCurrentRow [2]
[ADMIN] [6/10/2017 00:34] [TAMBAH / UPDATE PRODUK] UPDATE PRODUCT EXPIRY [4097]
[ADMIN] [6/10/2017 00:34] [TAMBAH / UPDATE PRODUK] INSERT TO PRODUCT EXPIRY [29-06-2017]
[ADMIN] [6/10/2017 00:34] [TAMBAH / UPDATE PRODUK] INSERT TO PRODUCT EXPIRY [23-06-2017]
[ADMIN] [6/10/2017 00:34] [TAMBAH / UPDATE PRODUK] UPDATE CURRENT PRODUCT DATA [ECO-PM1]
[ADMIN] [6/10/2017 00:34] [TAMBAH / UPDATE PRODUK] UPDATE PRODUCT CATEGORY FOR [ECO-PM1]
[ADMIN] [6/10/2017 00:34] [TAMBAH / UPDATE PRODUK] DELETE CURRENT PRODUCT CATEGORY FOR [ECO-PM1]
[ADMIN] [6/10/2017 00:34] [TAMBAH / UPDATE PRODUK] INSERT PRODUCT CATEGORY FOR [ECO-PM1]
[ADMIN] [6/10/2017 00:35] [TAMBAH / UPDATE PRODUK] deleteCurrentRow [4]
[ADMIN] [6/10/2017 00:35] [TAMBAH / UPDATE PRODUK] DETAIL PRODUK : detailGridView_CellValueChanged [qty]
[ADMIN] [6/10/2017 00:35] [TAMBAH / UPDATE PRODUK] DETAIL PRODUK : detailGridView_CellValueChanged [qty]
[ADMIN] [6/10/2017 00:35] [TAMBAH / UPDATE PRODUK] DETAIL PRODUK : detailGridView_CellValueChanged [qty]
[ADMIN] [6/10/2017 00:35] [TAMBAH / UPDATE PRODUK] DETAIL PRODUK : detailGridView_CellValueChanged [expiryDate]
[ADMIN] [6/10/2017 00:35] [TAMBAH / UPDATE PRODUK] DETAIL PRODUK : detailGridView_CellValueChanged [expiryDateValue]
[ADMIN] [6/10/2017 00:35] [TAMBAH / UPDATE PRODUK] UPDATE PRODUCT EXPIRY [2959]
[ADMIN] [6/10/2017 00:35] [TAMBAH / UPDATE PRODUK] UPDATE PRODUCT EXPIRY [3291]
[ADMIN] [6/10/2017 00:35] [TAMBAH / UPDATE PRODUK] UPDATE PRODUCT EXPIRY [4097]
[ADMIN] [6/10/2017 00:35] [TAMBAH / UPDATE PRODUK] UPDATE PRODUCT EXPIRY [4969]
[ADMIN] [6/10/2017 00:35] [TAMBAH / UPDATE PRODUK] INSERT TO PRODUCT EXPIRY [14-06-2017]
[ADMIN] [6/10/2017 00:35] [TAMBAH / UPDATE PRODUK] DELETE PRODUCT EXPIRY [4970]
[ADMIN] [6/10/2017 00:35] [TAMBAH / UPDATE PRODUK] UPDATE CURRENT PRODUCT DATA [ECO-PM1]
[ADMIN] [6/10/2017 00:35] [TAMBAH / UPDATE PRODUK] UPDATE PRODUCT CATEGORY FOR [ECO-PM1]
[ADMIN] [6/10/2017 00:35] [TAMBAH / UPDATE PRODUK] DELETE CURRENT PRODUCT CATEGORY FOR [ECO-PM1]
[ADMIN] [6/10/2017 00:35] [TAMBAH / UPDATE PRODUK] INSERT PRODUCT CATEGORY FOR [ECO-PM1]
[ADMIN] [6/10/2017 00:35] [PENJUALAN] CASHIER FORM : MULTIPLE CASHIER INSTANCE [1]
[ADMIN] [6/10/2017 00:35] [PENJUALAN] CASHIER FORM : REGISTER HOTKEY
[ADMIN] [6/10/2017 00:35] [PENJUALAN] CASHIER FORM : cashierForm_Load, ATTEMPT TO LOAD NO FAKTUR
[ADMIN] [6/10/2017 00:35] [PENJUALAN] CASHIER FORM : loadNoFaktur, noFakturValue [SLO001]
[ADMIN] [6/10/2017 00:35] [PENJUALAN] CASHIER FORM : cashierForm_Load, ATTEMPT TO addColumnToDataGrid
[ADMIN] [6/10/2017 00:35] [PENJUALAN] CASHIER FORM : UPDATE ROW NUMBER, TOTAL ROW [1]
[ADMIN] [6/10/2017 00:35] [PENJUALAN] CASHIER FORM : REGISTER HOTKEY
[ADMIN] [6/10/2017 00:35] [PENJUALAN] CASHIER FORM : Combobox_previewKeyDown, cashierDataGridView.CurrentCell.OwningColumn.Name  [productID]
[ADMIN] [6/10/2017 00:35] [PENJUALAN] CASHIER FORM : UPDATE ROW NUMBER, TOTAL ROW [2]
[ADMIN] [6/10/2017 00:35] [PENJUALAN] CASHIER FORM : cashierDataGridView_CellValueChanged [F8]
[ADMIN] [6/10/2017 00:35] [PENJUALAN] CASHIER FORM : cashierDataGridView_CellValueChanged [productID]
[ADMIN] [6/10/2017 00:35] [PENJUALAN] CASHIER FORM : Combobox_KeyUp, cashierDataGridView.CurrentCell.OwningColumn.Name  [productID]
[ADMIN] [6/10/2017 00:35] [PENJUALAN] CASHIER FORM : Combobox_previewKeyDown, cashierDataGridView.CurrentCell.OwningColumn.Name  [productID]
[ADMIN] [6/10/2017 00:35] [PENJUALAN] CASHIER FORM : cashierDataGridView_CellValueChanged [productID]
[ADMIN] [6/10/2017 00:35] [PENJUALAN] CASHIER FORM : Combobox_KeyUp, cashierDataGridView.CurrentCell.OwningColumn.Name  [productID]
[ADMIN] [6/10/2017 00:35] [PENJUALAN] CASHIER FORM : Combobox_previewKeyDown, cashierDataGridView.CurrentCell.OwningColumn.Name  [productID]
[ADMIN] [6/10/2017 00:35] [PENJUALAN] CASHIER FORM : cashierDataGridView_CellValueChanged [productID]
[ADMIN] [6/10/2017 00:35] [PENJUALAN] CASHIER FORM : Combobox_KeyUp, cashierDataGridView.CurrentCell.OwningColumn.Name  [productID]
[ADMIN] [6/10/2017 00:35] [PENJUALAN] CASHIER FORM : Combobox_previewKeyDown, cashierDataGridView.CurrentCell.OwningColumn.Name  [productID]
[ADMIN] [6/10/2017 00:35] [PENJUALAN] CASHIER FORM : cashierDataGridView_CellValueChanged [productID]
[ADMIN] [6/10/2017 00:35] [PENJUALAN] CASHIER FORM : Combobox_KeyUp, cashierDataGridView.CurrentCell.OwningColumn.Name  [productID]
[ADMIN] [6/10/2017 00:35] [PENJUALAN] CASHIER FORM : Combobox_previewKeyDown, cashierDataGridView.CurrentCell.OwningColumn.Name  [productID]
[ADMIN] [6/10/2017 00:35] [PENJUALAN] CASHIER FORM : cashierDataGridView_CellValueChanged [productID]
[ADMIN] [6/10/2017 00:35] [PENJUALAN] CASHIER FORM : Combobox_KeyUp, cashierDataGridView.CurrentCell.OwningColumn.Name  [productID]
[ADMIN] [6/10/2017 00:35] [PENJUALAN] CASHIER FORM : Combobox_previewKeyDown, cashierDataGridView.CurrentCell.OwningColumn.Name  [productID]
[ADMIN] [6/10/2017 00:35] [PENJUALAN] CASHIER FORM : cashierDataGridView_CellValueChanged [productID]
[ADMIN] [6/10/2017 00:35] [PENJUALAN] CASHIER FORM : Combobox_KeyUp, cashierDataGridView.CurrentCell.OwningColumn.Name  [productID]
[ADMIN] [6/10/2017 00:35] [PENJUALAN] CASHIER FORM : Combobox_previewKeyDown, cashierDataGridView.CurrentCell.OwningColumn.Name  [productID]
[ADMIN] [6/10/2017 00:35] [PENJUALAN] CASHIER FORM : cashierDataGridView_CellValueChanged [productID]
[ADMIN] [6/10/2017 00:35] [PENJUALAN] CASHIER FORM : Combobox_KeyUp, cashierDataGridView.CurrentCell.OwningColumn.Name  [productID]
[ADMIN] [6/10/2017 00:35] [PENJUALAN] CASHIER FORM : Combobox_previewKeyDown, cashierDataGridView.CurrentCell.OwningColumn.Name  [productID]
[ADMIN] [6/10/2017 00:35] [PENJUALAN] CASHIER FORM : ADD NEW ROW FROM BARCODE [ECOPET PUPPY MINI 1 KG]
[ADMIN] [6/10/2017 00:35] [PENJUALAN] CASHIER FORM : updateSomeRowContents
[ADMIN] [6/10/2017 00:35] [PENJUALAN] CASHIER FORM : cashierDataGridView_CellValueChanged [productName]
[ADMIN] [6/10/2017 00:35] [PENJUALAN] CASHIER FORM : updateSomeRowContents
[ADMIN] [6/10/2017 00:35] [PENJUALAN] CASHIER FORM : PRODUCT PRICE TYPE [PRODUCT_BASE_PRICE]
[ADMIN] [6/10/2017 00:35] [PENJUALAN] CASHIER FORM : PRODUCT PRICE [33700]
[ADMIN] [6/10/2017 00:35] [PENJUALAN] CASHIER FORM : ComboBox_SelectedIndexChanged, PRODUCT_BASE_PRICE [33700]
[ADMIN] [6/10/2017 00:35] [PENJUALAN] CASHIER FORM : cashierDataGridView_CellValueChanged [hpp]
[ADMIN] [6/10/2017 00:35] [PENJUALAN] CASHIER FORM : PRODUCT PRICE TYPE [PRODUCT_RETAIL_PRICE]
[ADMIN] [6/10/2017 00:35] [PENJUALAN] CASHIER FORM : PRODUCT PRICE [53000]
[ADMIN] [6/10/2017 00:35] [PENJUALAN] CASHIER FORM : ComboBox_SelectedIndexChanged, PRODUCT_SALES_PRICE [53000]
[ADMIN] [6/10/2017 00:35] [PENJUALAN] CASHIER FORM : cashierDataGridView_CellValueChanged [productPrice]
[ADMIN] [6/10/2017 00:35] [PENJUALAN] CASHIER FORM : cashierDataGridView_CellValueChanged, previousInput [0]
[ADMIN] [6/10/2017 00:35] [PENJUALAN] CASHIER FORM : cashierDataGridView_CellValueChanged, cellValue [53000]
[ADMIN] [6/10/2017 00:35] [PENJUALAN] CASHIER FORM : cashierDataGridView_CellValueChanged, dataGridViewTextBoxEditingControl.Text pass REGEX Checking
[ADMIN] [6/10/2017 00:35] [PENJUALAN] CASHIER FORM : CALCULATE SUBTOTAL
[ADMIN] [6/10/2017 00:35] [PENJUALAN] CASHIER FORM : SUBTOTAL [0]
[ADMIN] [6/10/2017 00:35] [PENJUALAN] CASHIER FORM : cashierDataGridView_CellValueChanged, subtotal value [0]
[ADMIN] [6/10/2017 00:35] [PENJUALAN] CASHIER FORM : cashierDataGridView_CellValueChanged, attempt to calculate total value
[ADMIN] [6/10/2017 00:35] [PENJUALAN] CASHIER FORM : calculateTotal
[ADMIN] [6/10/2017 00:35] [PENJUALAN] CASHIER FORM : calculateTotal [0]
[ADMIN] [6/10/2017 00:35] [PENJUALAN] CASHIER FORM : calculateTotal, totalAfterDisc [0]
[ADMIN] [6/10/2017 00:35] [PENJUALAN] CASHIER FORM : calculateChangeValue, bayarTextBox.Text [0]
[ADMIN] [6/10/2017 00:35] [PENJUALAN] CASHIER FORM : calculateChangeValue, sisaBayar [0]
[ADMIN] [6/10/2017 00:35] [PENJUALAN] CASHIER FORM : cashierDataGridView_CellValueChanged [qty]
[ADMIN] [6/10/2017 00:35] [PENJUALAN] CASHIER FORM : cashierDataGridView_CellValueChanged, previousInput [0]
[ADMIN] [6/10/2017 00:35] [PENJUALAN] CASHIER FORM : cashierDataGridView_CellValueChanged [jumlah]
[ADMIN] [6/10/2017 00:35] [PENJUALAN] CASHIER FORM : calculateTotal
[ADMIN] [6/10/2017 00:35] [PENJUALAN] CASHIER FORM : calculateTotal [0]
[ADMIN] [6/10/2017 00:35] [PENJUALAN] CASHIER FORM : calculateTotal, totalAfterDisc [0]
[ADMIN] [6/10/2017 00:35] [PENJUALAN] CASHIER FORM : calculateChangeValue, bayarTextBox.Text [0]
[ADMIN] [6/10/2017 00:35] [PENJUALAN] CASHIER FORM : calculateChangeValue, sisaBayar [0]
[ADMIN] [6/10/2017 00:35] [PENJUALAN] CASHIER FORM : CHECK STOCK QTY IS ENOUGH [ECO-PM1]
[ADMIN] [6/10/2017 00:35] [PENJUALAN] CASHIER FORM : CHECK STOCK QTY IS ENOUGH [15, 1]
[ADMIN] [6/10/2017 00:35] [PENJUALAN] CASHIER FORM : cashierDataGridView_CellValueChanged [qty]
[ADMIN] [6/10/2017 00:35] [PENJUALAN] CASHIER FORM : cashierDataGridView_CellValueChanged, previousInput [0]
[ADMIN] [6/10/2017 00:35] [PENJUALAN] CASHIER FORM : cashierDataGridView_CellValueChanged, cellValue [1]
[ADMIN] [6/10/2017 00:35] [PENJUALAN] CASHIER FORM : cashierDataGridView_CellValueChanged, dataGridViewTextBoxEditingControl.Text pass REGEX Checking
[ADMIN] [6/10/2017 00:35] [PENJUALAN] CASHIER FORM : CHECK STOCK QTY IS ENOUGH [ECO-PM1]
[ADMIN] [6/10/2017 00:35] [PENJUALAN] CASHIER FORM : CHECK STOCK QTY IS ENOUGH [15, 1]
[ADMIN] [6/10/2017 00:35] [PENJUALAN] CASHIER FORM : CALCULATE SUBTOTAL
[ADMIN] [6/10/2017 00:35] [PENJUALAN] CASHIER FORM : SUBTOTAL [53000]
[ADMIN] [6/10/2017 00:35] [PENJUALAN] CASHIER FORM : cashierDataGridView_CellValueChanged, subtotal value [53000]
[ADMIN] [6/10/2017 00:35] [PENJUALAN] CASHIER FORM : cashierDataGridView_CellValueChanged, attempt to calculate total value
[ADMIN] [6/10/2017 00:35] [PENJUALAN] CASHIER FORM : calculateTotal
[ADMIN] [6/10/2017 00:35] [PENJUALAN] CASHIER FORM : calculateTotal [53000]
[ADMIN] [6/10/2017 00:35] [PENJUALAN] CASHIER FORM : calculateTotal, totalAfterDisc [53000]
[ADMIN] [6/10/2017 00:35] [PENJUALAN] CASHIER FORM : calculateChangeValue, bayarTextBox.Text [0]
[ADMIN] [6/10/2017 00:35] [PENJUALAN] CASHIER FORM : calculateChangeValue, sisaBayar [0]
[ADMIN] [6/10/2017 00:35] [PENJUALAN] CASHIER FORM : SET QTY TO 1 BECAUSE OF NEW ROW
[ADMIN] [6/10/2017 00:35] [PENJUALAN] CASHIER FORM : CALCULATE SUBTOTAL
[ADMIN] [6/10/2017 00:35] [PENJUALAN] CASHIER FORM : SUBTOTAL [53000]
[ADMIN] [6/10/2017 00:35] [PENJUALAN] CASHIER FORM : calculateTotal
[ADMIN] [6/10/2017 00:35] [PENJUALAN] CASHIER FORM : calculateTotal [53000]
[ADMIN] [6/10/2017 00:35] [PENJUALAN] CASHIER FORM : calculateTotal, totalAfterDisc [53000]
[ADMIN] [6/10/2017 00:35] [PENJUALAN] CASHIER FORM : calculateChangeValue, bayarTextBox.Text [0]
[ADMIN] [6/10/2017 00:35] [PENJUALAN] CASHIER FORM : calculateChangeValue, sisaBayar [0]
[ADMIN] [6/10/2017 00:35] [PENJUALAN] CASHIER FORM : UPDATE ROW NUMBER, TOTAL ROW [2]
[ADMIN] [6/10/2017 00:35] [PENJUALAN] CASHIER FORM : cashierDataGridView_CellValueChanged [F8]
[ADMIN] [6/10/2017 00:35] [PENJUALAN] CASHIER FORM : Combobox_KeyUp, cashierDataGridView.CurrentCell.OwningColumn.Name  [qty]
[ADMIN] [6/10/2017 00:35] [PENJUALAN] CASHIER FORM : cashierDataGridView_CellValueChanged [qty]
[ADMIN] [6/10/2017 00:35] [PENJUALAN] CASHIER FORM : cashierDataGridView_CellValueChanged, previousInput [1]
[ADMIN] [6/10/2017 00:35] [PENJUALAN] CASHIER FORM : Combobox_KeyUp, cashierDataGridView.CurrentCell.OwningColumn.Name  [qty]
[ADMIN] [6/10/2017 00:35] [PENJUALAN] CASHIER FORM : cashierDataGridView_CellValueChanged [qty]
[ADMIN] [6/10/2017 00:35] [PENJUALAN] CASHIER FORM : cashierDataGridView_CellValueChanged, previousInput [1]
[ADMIN] [6/10/2017 00:35] [PENJUALAN] CASHIER FORM : cashierDataGridView_CellValueChanged, dataGridViewTextBoxEditingControl.Text pass REGEX Checking
[ADMIN] [6/10/2017 00:35] [PENJUALAN] CASHIER FORM : CHECK STOCK QTY IS ENOUGH [ECO-PM1]
[ADMIN] [6/10/2017 00:35] [PENJUALAN] CASHIER FORM : CHECK STOCK QTY IS ENOUGH [15, 10]
[ADMIN] [6/10/2017 00:35] [PENJUALAN] CASHIER FORM : CALCULATE SUBTOTAL
[ADMIN] [6/10/2017 00:35] [PENJUALAN] CASHIER FORM : SUBTOTAL [530000]
[ADMIN] [6/10/2017 00:35] [PENJUALAN] CASHIER FORM : cashierDataGridView_CellValueChanged, subtotal value [530000]
[ADMIN] [6/10/2017 00:35] [PENJUALAN] CASHIER FORM : cashierDataGridView_CellValueChanged, attempt to calculate total value
[ADMIN] [6/10/2017 00:35] [PENJUALAN] CASHIER FORM : calculateTotal
[ADMIN] [6/10/2017 00:35] [PENJUALAN] CASHIER FORM : calculateTotal [530000]
[ADMIN] [6/10/2017 00:35] [PENJUALAN] CASHIER FORM : calculateTotal, totalAfterDisc [530000]
[ADMIN] [6/10/2017 00:35] [PENJUALAN] CASHIER FORM : calculateChangeValue, bayarTextBox.Text [0]
[ADMIN] [6/10/2017 00:35] [PENJUALAN] CASHIER FORM : calculateChangeValue, sisaBayar [0]
[ADMIN] [6/10/2017 00:35] [PENJUALAN] CASHIER FORM : Combobox_KeyUp, cashierDataGridView.CurrentCell.OwningColumn.Name  [qty]
[ADMIN] [6/10/2017 00:35] [PENJUALAN] CASHIER FORM : calculateChangeValue, bayarTextBox.Text [60]
[ADMIN] [6/10/2017 00:35] [PENJUALAN] CASHIER FORM : calculateChangeValue, sisaBayar [0]
[ADMIN] [6/10/2017 00:35] [PENJUALAN] CASHIER FORM : calculateChangeValue, bayarTextBox.Text [600]
[ADMIN] [6/10/2017 00:35] [PENJUALAN] CASHIER FORM : calculateChangeValue, sisaBayar [0]
[ADMIN] [6/10/2017 00:35] [PENJUALAN] CASHIER FORM : calculateChangeValue, bayarTextBox.Text [6000]
[ADMIN] [6/10/2017 00:35] [PENJUALAN] CASHIER FORM : calculateChangeValue, sisaBayar [0]
[ADMIN] [6/10/2017 00:35] [PENJUALAN] CASHIER FORM : calculateChangeValue, bayarTextBox.Text [60000]
[ADMIN] [6/10/2017 00:35] [PENJUALAN] CASHIER FORM : calculateChangeValue, sisaBayar [0]
[ADMIN] [6/10/2017 00:35] [PENJUALAN] CASHIER FORM : calculateChangeValue, bayarTextBox.Text [600000]
[ADMIN] [6/10/2017 00:35] [PENJUALAN] CASHIER FORM : calculateChangeValue, sisaBayar [70000]
[ADMIN] [6/10/2017 00:35] [PENJUALAN] CASHIER FORM : calculateChangeValue, bayarTextBox.Text [6000000]
[ADMIN] [6/10/2017 00:35] [PENJUALAN] CASHIER FORM : calculateChangeValue, sisaBayar [5470000]
[ADMIN] [6/10/2017 00:35] [PENJUALAN] CASHIER FORM : HOTKEY TO SAVE AND PRINT OUT INVOICE PRESSED
[ADMIN] [6/10/2017 00:35] [PENJUALAN] CASHIER FORM : UNREGISTER HOTKEY
[ADMIN] [6/10/2017 00:35] [PENJUALAN] CASHIER FORM : REGISTER HOTKEY
[ADMIN] [6/10/2017 00:35] [PENJUALAN] ATTEMPT TO SAVE AND PRINT OUT INVOICE
[ADMIN] [6/10/2017 00:35] [PENJUALAN] CASHIER FORM : UNREGISTER HOTKEY
[ADMIN] [6/10/2017 00:35] [PENJUALAN] CASHIER FORM : REGISTER HOTKEY
[ADMIN] [6/10/2017 00:35] [PENJUALAN] CASHIER FORM : CHECK STOCK QTY IS ENOUGH [ECO-PM1]
[ADMIN] [6/10/2017 00:35] [PENJUALAN] CASHIER FORM : CHECK STOCK QTY IS ENOUGH [15, 10]
[ADMIN] [6/10/2017 00:35] [PENJUALAN] CASHIER FORM : UNREGISTER HOTKEY
[ADMIN] [6/10/2017 00:35] [PENJUALAN] CASHIER FORM : ATTEMPT TO SAVE SALES DATA [10-06-2017 00:35]
[ADMIN] [6/10/2017 00:35] [PENJUALAN] CASHIER FORM : SALES DISC FINAL [0]
[ADMIN] [6/10/2017 00:35] [PENJUALAN] CASHIER FORM : CASH SALES
[ADMIN] [6/10/2017 00:35] [PENJUALAN] CHECK IF TAX LIMIT SET FOR PERCENTAGE PURCHASE [0]
[ADMIN] [6/10/2017 00:35] [PENJUALAN] CHECK IF TAX LIMIT SET FOR AVERAGE DAILY PURCHASE [0]
[ADMIN] [6/10/2017 00:35] [PENJUALAN] CASHIER FORM : NO FAKTUR [SLO001]
[ADMIN] [6/10/2017 00:35] [PENJUALAN] CASHIER FORM : MAX SALES INVOICE [1223]
[ADMIN] [6/10/2017 00:35] [PENJUALAN] CASHIER FORM : SALES INVOICE [SLO001-1224]
[ADMIN] [6/10/2017 00:35] [PENJUALAN] INSERT INTO SALES HEADER [SLO001-1224]
[ADMIN] [6/10/2017 00:35] [PENJUALAN] INSERT INTO SALES DETAIL[ECO-PM1, 53000, 10]
[ADMIN] [6/10/2017 00:35] [PENJUALAN] REDUCE STOCK AT MASTER PRODUCT [ECO-PM1]
[ADMIN] [6/10/2017 00:35] [PENJUALAN] REDUCE STOCK AT PRODUCT_EXPIRY LOT [4971]
[ADMIN] [6/10/2017 00:35] [PENJUALAN] SAVE PRODUCT LOT INFORMATION FOR EACH ITEM AND AMOUNT
[ADMIN] [6/10/2017 00:35] [PENJUALAN] REDUCE STOCK AT PRODUCT_EXPIRY LOT [4097]
[ADMIN] [6/10/2017 00:35] [PENJUALAN] SAVE PRODUCT LOT INFORMATION FOR EACH ITEM AND AMOUNT
[ADMIN] [6/10/2017 00:35] [PENJUALAN] INSERT TO CREDIT TABLE [SLO001-1224]
[ADMIN] [6/10/2017 00:35] [PENJUALAN] INSERT TO DAILY JOURNAL TABLE [530000]
[ADMIN] [6/10/2017 00:35] [PENJUALAN] CASHIER FORM : REGISTER HOTKEY
[ADMIN] [6/10/2017 00:35] [PENJUALAN] TRANSACTION SAVED
[ADMIN] [6/10/2017 00:35] [PENJUALAN] PRINT OUT INVOICE
[ADMIN] [6/10/2017 00:35] [PENJUALAN] CASHIER FORM : PrintReceipt
[ADMIN] [6/10/2017 00:35] [PENJUALAN] CASHIER FORM : PrintReceipt, POS size Paper
[ADMIN] [6/10/2017 00:35] [PENJUALAN] CASHIER FORM : loadInfoToko
[ADMIN] [6/10/2017 00:35] [PENJUALAN] CASHIER FORM : calculatePageLength, totalLengthPage [355]
[ADMIN] [6/10/2017 00:35] [PENJUALAN] CASHIER FORM : printDocument1_PrintPage, print POS size receipt
[ADMIN] [6/10/2017 00:35] [PENJUALAN] CASHIER FORM : UNREGISTER HOTKEY
[ADMIN] [6/10/2017 00:35] [PENJUALAN] CASHIER FORM : loadInfoToko
[ADMIN] [6/10/2017 00:35] [PENJUALAN] CASHIER FORM : loadNamaUser
[ADMIN] [6/10/2017 00:35] [PENJUALAN] CASHIER FORM : UPDATE ROW NUMBER, TOTAL ROW [1]
[ADMIN] [6/10/2017 00:35] [PENJUALAN] CASHIER FORM : UPDATE ROW NUMBER, TOTAL ROW [1]
[ADMIN] [6/10/2017 00:35] [PENJUALAN] CASHIER FORM : cashierDataGridView_CellValueChanged [F8]
[ADMIN] [6/10/2017 00:35] [PENJUALAN] CASHIER FORM : loadNoFaktur, noFakturValue [SLO001]
[ADMIN] [6/10/2017 00:36] [PENJUALAN] CASHIER FORM : REGISTER HOTKEY
[ADMIN] [6/10/2017 00:36] [PENJUALAN] CASHIER FORM : UNREGISTER HOTKEY
[ADMIN] [6/10/2017 00:36] [PENJUALAN] CASHIER FORM : REGISTER HOTKEY
[ADMIN] [6/10/2017 00:36] [PENJUALAN] CASHIER FORM : UNREGISTER HOTKEY
[ADMIN] [6/10/2017 00:36] [PENJUALAN] CASHIER FORM : UNREGISTER HOTKEY
[ADMIN] [6/10/2017 00:36] [PENJUALAN] CASHIER FORM : REGISTER HOTKEY
[ADMIN] [6/10/2017 00:36] [PENJUALAN] CASHIER FORM : cashierForm_Load, ATTEMPT TO LOAD NO FAKTUR
[ADMIN] [6/10/2017 00:36] [PENJUALAN] CASHIER FORM : loadNoFaktur, noFakturValue [SLO001]
[ADMIN] [6/10/2017 00:36] [PENJUALAN] CASHIER FORM : cashierForm_Load, ATTEMPT TO addColumnToDataGrid
[ADMIN] [6/10/2017 00:36] [PENJUALAN] CASHIER FORM : UPDATE ROW NUMBER, TOTAL ROW [1]
[ADMIN] [6/10/2017 00:36] [PENJUALAN] CASHIER FORM : ADD NEW ROW,  isActive [True]
[ADMIN] [6/10/2017 00:36] [PENJUALAN] CASHIER FORM : ADD NEW ROW,  ROW COUNT [0]
[ADMIN] [6/10/2017 00:36] [PENJUALAN] CASHIER FORM : ADD NEW ROW,  ALLOW TO ADD [True]
[ADMIN] [6/10/2017 00:36] [PENJUALAN] CASHIER FORM : UPDATE ROW NUMBER, TOTAL ROW [1]
[ADMIN] [6/10/2017 00:36] [PENJUALAN] CASHIER FORM : UPDATE ROW NUMBER, TOTAL ROW [2]
[ADMIN] [6/10/2017 00:36] [PENJUALAN] CASHIER FORM : cashierDataGridView_CellValueChanged [F8]
[ADMIN] [6/10/2017 00:36] [PENJUALAN] CASHIER FORM : REGISTER HOTKEY
[ADMIN] [6/10/2017 00:36] [PENJUALAN] CASHIER FORM : cashierDataGridView_CellValueChanged [qty]
[ADMIN] [6/10/2017 00:36] [PENJUALAN] CASHIER FORM : cashierDataGridView_CellValueChanged, previousInput [10]
[ADMIN] [6/10/2017 00:36] [PENJUALAN] CASHIER FORM : cashierDataGridView_CellValueChanged, dataGridViewTextBoxEditingControl.Text pass REGEX Checking
[ADMIN] [6/10/2017 00:36] [PENJUALAN] CASHIER FORM : CHECK STOCK QTY IS ENOUGH [ECO-PM1]
[ADMIN] [6/10/2017 00:36] [PENJUALAN] CASHIER FORM : CHECK STOCK QTY IS ENOUGH [15, 1]
[ADMIN] [6/10/2017 00:36] [PENJUALAN] CASHIER FORM : CALCULATE SUBTOTAL
[ADMIN] [6/10/2017 00:36] [PENJUALAN] CASHIER FORM : SUBTOTAL [53000]
[ADMIN] [6/10/2017 00:36] [PENJUALAN] CASHIER FORM : cashierDataGridView_CellValueChanged, subtotal value [53000]
[ADMIN] [6/10/2017 00:36] [PENJUALAN] CASHIER FORM : cashierDataGridView_CellValueChanged, attempt to calculate total value
[ADMIN] [6/10/2017 00:36] [PENJUALAN] CASHIER FORM : calculateTotal
[ADMIN] [6/10/2017 00:36] [PENJUALAN] CASHIER FORM : calculateTotal [53000]
[ADMIN] [6/10/2017 00:36] [PENJUALAN] CASHIER FORM : calculateTotal, totalAfterDisc [53000]
[ADMIN] [6/10/2017 00:36] [PENJUALAN] CASHIER FORM : calculateChangeValue, bayarTextBox.Text [Rp530.000]
[ADMIN] [6/10/2017 00:36] [PENJUALAN] CASHIER FORM : calculateChangeValue, sisaBayar [477000]
[ADMIN] [6/10/2017 00:36] [PENJUALAN] CASHIER FORM : Combobox_KeyUp, cashierDataGridView.CurrentCell.OwningColumn.Name  [qty]
[ADMIN] [6/10/2017 00:36] [PENJUALAN] CASHIER FORM : HOTKEY TO SAVE AND PRINT OUT INVOICE PRESSED
[ADMIN] [6/10/2017 00:36] [PENJUALAN] CASHIER FORM : UNREGISTER HOTKEY
[ADMIN] [6/10/2017 00:36] [PENJUALAN] CASHIER FORM : REGISTER HOTKEY
[ADMIN] [6/10/2017 00:36] [PENJUALAN] ATTEMPT TO SAVE AND PRINT OUT INVOICE
[ADMIN] [6/10/2017 00:36] [PENJUALAN] CASHIER FORM : UNREGISTER HOTKEY
[ADMIN] [6/10/2017 00:36] [PENJUALAN] CASHIER FORM : REGISTER HOTKEY
[ADMIN] [6/10/2017 00:36] [PENJUALAN] CASHIER FORM : CHECK STOCK QTY IS ENOUGH [ECO-PM1]
[ADMIN] [6/10/2017 00:36] [PENJUALAN] CASHIER FORM : CHECK STOCK QTY IS ENOUGH [15, 1]
[ADMIN] [6/10/2017 00:36] [PENJUALAN] CASHIER FORM : UNREGISTER HOTKEY
[ADMIN] [6/10/2017 00:36] [PENJUALAN] CASHIER FORM : ATTEMPT TO SAVE SALES DATA [10-06-2017 00:36]
[ADMIN] [6/10/2017 00:36] [PENJUALAN] CASHIER FORM : SALES DISC FINAL [0]
[ADMIN] [6/10/2017 00:36] [PENJUALAN] CASHIER FORM : CASH SALES
[ADMIN] [6/10/2017 00:36] [PENJUALAN] RETURN SALES DETAIL EXPIRY AMOUNT [SLO001-1224]
[ADMIN] [6/10/2017 00:36] [PENJUALAN] RETURN SALES DETAIL EXPIRY AMOUNT [SLO001-1224]
[ADMIN] [6/10/2017 00:36] [PENJUALAN] RETURN SALES DETAIL AMOUNT [SLO001-1224]
[ADMIN] [6/10/2017 00:36] [PENJUALAN] UPDATE SALES HEADER [SLO001-1224]
[ADMIN] [6/10/2017 00:36] [PENJUALAN] DELETE SALES DETAIL EXPIRY [SLO001-1224]
[ADMIN] [6/10/2017 00:36] [PENJUALAN] DELETE SALES DETAIL[SLO001-1224]
[ADMIN] [6/10/2017 00:36] [PENJUALAN] SAVE TO SALES REVISI HISTORY [SLO001-1224]
[ADMIN] [6/10/2017 00:36] [PENJUALAN] INSERT INTO SALES DETAIL[ECO-PM1, 53000, 1]
[ADMIN] [6/10/2017 00:36] [PENJUALAN] REDUCE STOCK AT MASTER PRODUCT [ECO-PM1]
[ADMIN] [6/10/2017 00:36] [PENJUALAN] REDUCE STOCK AT PRODUCT_EXPIRY LOT [4971]
[ADMIN] [6/10/2017 00:36] [PENJUALAN] SAVE PRODUCT LOT INFORMATION FOR EACH ITEM AND AMOUNT
[ADMIN] [6/10/2017 00:36] [PENJUALAN] UPDATE CREDIT TABLE [SLO001-1224]
[ADMIN] [6/10/2017 00:36] [PENJUALAN] INSERT TO DAILY JOURNAL TABLE [477000]
[ADMIN] [6/10/2017 00:36] [PENJUALAN] CASHIER FORM : REGISTER HOTKEY
[ADMIN] [6/10/2017 00:36] [PENJUALAN] TRANSACTION SAVED
[ADMIN] [6/10/2017 00:36] [PENJUALAN] PRINT OUT INVOICE
[ADMIN] [6/10/2017 00:36] [PENJUALAN] CASHIER FORM : PrintReceipt
[ADMIN] [6/10/2017 00:36] [PENJUALAN] CASHIER FORM : PrintReceipt, POS size Paper
[ADMIN] [6/10/2017 00:36] [PENJUALAN] CASHIER FORM : loadInfoToko
[ADMIN] [6/10/2017 00:36] [PENJUALAN] CASHIER FORM : calculatePageLength, totalLengthPage [355]
[ADMIN] [6/10/2017 00:36] [PENJUALAN] CASHIER FORM : printDocument1_PrintPage, print POS size receipt
[ADMIN] [6/10/2017 00:36] [PENJUALAN] CASHIER FORM : loadInfoToko
[ADMIN] [6/10/2017 00:36] [PENJUALAN] CASHIER FORM : loadNamaUser
[ADMIN] [6/10/2017 00:36] [PENJUALAN] CASHIER FORM : UNREGISTER HOTKEY
[ADMIN] [6/10/2017 00:36] [PENJUALAN] CASHIER FORM : REGISTER HOTKEY
[ADMIN] [6/10/2017 00:36] [PENJUALAN] CASHIER FORM : UPDATE ROW NUMBER, TOTAL ROW [1]
[ADMIN] [6/10/2017 00:36] [PENJUALAN] CASHIER FORM : UPDATE ROW NUMBER, TOTAL ROW [1]
[ADMIN] [6/10/2017 00:36] [PENJUALAN] CASHIER FORM : cashierDataGridView_CellValueChanged [F8]
[ADMIN] [6/10/2017 00:36] [PENJUALAN] CASHIER FORM : loadNoFaktur, noFakturValue [SLO001]
[ADMIN] [6/10/2017 00:37] [PENJUALAN] CASHIER FORM : UNREGISTER HOTKEY
[ADMIN] [6/10/2017 00:37] [PENJUALAN] CASHIER FORM : UNREGISTER HOTKEY
[ADMIN] [6/10/2017 00:37] [PENERIMAAN BARANG] PENERIMAAN BARANG : detailGridView_CellValueChanged [productID]
[ADMIN] [6/10/2017 00:37] [PENERIMAAN BARANG] PENERIMAAN BARANG : detailGridView_CellValueChanged [productID]
[ADMIN] [6/10/2017 00:37] [PENERIMAAN BARANG] PENERIMAAN BARANG : detailGridView_CellValueChanged [productID]
[ADMIN] [6/10/2017 00:37] [PENERIMAAN BARANG] PENERIMAAN BARANG : detailGridView_CellValueChanged [productID]
[ADMIN] [6/10/2017 00:37] [PENERIMAAN BARANG] PENERIMAAN BARANG : detailGridView_CellValueChanged [productName]
[ADMIN] [6/10/2017 00:37] [PENJUALAN] CASHIER FORM : ComboBox_SelectedIndexChanged, PRODUCT_BASE_PRICE [37500]
[ADMIN] [6/10/2017 00:37] [PENERIMAAN BARANG] PENERIMAAN BARANG : detailGridView_CellValueChanged [hpp]
[ADMIN] [6/10/2017 00:37] [PENERIMAAN BARANG] PENERIMAAN BARANG : detailGridView_CellValueChanged [subtotal]
[ADMIN] [6/10/2017 00:37] [PENERIMAAN BARANG] PENERIMAAN BARANG : detailGridView_CellValueChanged [qtyReceived]
[ADMIN] [6/10/2017 00:37] [PENERIMAAN BARANG] PENERIMAAN BARANG : detailGridView_CellValueChanged [subtotal]
[ADMIN] [6/10/2017 00:37] [PENJUALAN] CASHIER FORM : ComboBox_SelectedIndexChanged, attempt to calculate total
[ADMIN] [6/10/2017 00:37] [PENERIMAAN BARANG] PENERIMAAN BARANG : detailGridView_CellValueChanged [qtyReceived]
[ADMIN] [6/10/2017 00:37] [PENERIMAAN BARANG] PENERIMAAN BARANG : detailGridView_CellValueChanged [subtotal]
[ADMIN] [6/10/2017 00:37] [PENERIMAAN BARANG] PENERIMAAN BARANG : detailGridView_CellValueChanged [subtotal]
[ADMIN] [6/10/2017 00:37] [PENERIMAAN BARANG] PENERIMAAN BARANG : detailGridView_CellValueChanged [qtyReceived]
[ADMIN] [6/10/2017 00:37] [PENERIMAAN BARANG] PENERIMAAN BARANG : detailGridView_CellValueChanged [subtotal]
[ADMIN] [6/10/2017 00:37] [PENERIMAAN BARANG] PENERIMAAN BARANG : detailGridView_CellValueChanged [qtyReceived]
[ADMIN] [6/10/2017 00:37] [PENERIMAAN BARANG] PENERIMAAN BARANG : detailGridView_CellValueChanged [subtotal]
[ADMIN] [6/10/2017 00:38] [PENERIMAAN BARANG] SAVE PENERIMAAN BARANG
[ADMIN] [6/10/2017 00:38] [PENERIMAAN BARANG] DIRECT PENERIMAAN BARANG, THEREFORE CALCULATE TAX LIMIT
[ADMIN] [6/10/2017 00:38] [PENERIMAAN BARANG] CHECK IF TAX LIMIT SET FOR PERCENTAGE PURCHASE [0]
[ADMIN] [6/10/2017 00:38] [PENERIMAAN BARANG] CHECK IF TAX LIMIT SET FOR AVERAGE DAILY PURCHASE [0]
[ADMIN] [6/10/2017 00:38] [PENERIMAAN BARANG] INSERT PENERIMAAN BARANG [1]
[ADMIN] [6/10/2017 00:38] [PENERIMAAN BARANG] INSERT PO DATA BECAUSE OF DIRECT PENERIMAAN [1]
[ADMIN] [6/10/2017 00:38] [PENERIMAAN BARANG] SAVE DETAIL PENERIMAAN [ECOPET-ADMM1, 37500, 20]
[ADMIN] [6/10/2017 00:38] [PENERIMAAN BARANG] UPDATE MASTER PRODUCT DATA [ECOPET-ADMM1]
[ADMIN] [6/10/2017 00:38] [PENERIMAAN BARANG] INSERT TO PURCHASE DETAIL [ECOPET-ADMM1]
[ADMIN] [6/10/2017 00:38] [PENERIMAAN BARANG] INSERT INTO DEBT [1]
[ADMIN] [6/10/2017 00:38] [PENERIMAAN BARANG] PENERIMAAN BARANG SAVED
[ADMIN] [6/10/2017 00:38] [TAMBAH / UPDATE PRODUK] INSERT TO PRODUCT EXPIRY [10-06-2017]
[ADMIN] [6/10/2017 00:38] [TAMBAH / UPDATE PRODUK] UPDATE CURRENT PRODUCT DATA [ECOPET-ADMM1]
[ADMIN] [6/10/2017 00:38] [TAMBAH / UPDATE PRODUK] UPDATE PRODUCT CATEGORY FOR [ECOPET-ADMM1]
[ADMIN] [6/10/2017 00:38] [TAMBAH / UPDATE PRODUK] DELETE CURRENT PRODUCT CATEGORY FOR [ECOPET-ADMM1]
[ADMIN] [6/10/2017 00:38] [TAMBAH / UPDATE PRODUK] INSERT PRODUCT CATEGORY FOR [ECOPET-ADMM1]
[ADMIN] [6/10/2017 00:43] [] USER ID = 1LOGOUT
