[] [04/10/2016 18:59] [] USER = ADMIN IS ACTIVE
[ADMIN] [04/10/2016 18:59] [] USER ID = 1 LOGIN SUCCESSFULLY
[ADMIN] [04/10/2016 18:59] [] ACTIVATE USER ACCESS RIGHT
[ADMIN] [04/10/2016 18:59] [] DISPLAY ADMIN FORM
[ADMIN] [04/10/2016 18:59] [] adminForm Load
[ADMIN] [04/10/2016 18:59] [] ACTIVATE USER ACCESS RIGHT
[] [04/10/2016 19:00] [] USER = ADMIN IS ACTIVE
[ADMIN] [04/10/2016 19:00] [] USER ID = 1 LOGIN SUCCESSFULLY
[ADMIN] [04/10/2016 19:00] [] ACTIVATE USER ACCESS RIGHT
[ADMIN] [04/10/2016 19:00] [] DISPLAY ADMIN FORM
[ADMIN] [04/10/2016 19:00] [] adminForm Load
[ADMIN] [04/10/2016 19:00] [] ACTIVATE USER ACCESS RIGHT
[ADMIN] [04/10/2016 19:01] [] USER ID = 1LOGOUT
[] [04/10/2016 19:03] [] USER = ADMIN IS ACTIVE
[ADMIN] [04/10/2016 19:03] [] USER ID = 1 LOGIN SUCCESSFULLY
[ADMIN] [04/10/2016 19:03] [] ACTIVATE USER ACCESS RIGHT
[ADMIN] [04/10/2016 19:03] [] DISPLAY ADMIN FORM
[ADMIN] [04/10/2016 19:03] [] adminForm Load
[ADMIN] [04/10/2016 19:03] [] ACTIVATE USER ACCESS RIGHT
[ADMIN] [04/10/2016 19:18] [PENJUALAN] CASHIER FORM : MULTIPLE CASHIER INSTANCE [1]
[ADMIN] [04/10/2016 19:18] [PENJUALAN] CASHIER FORM : REGISTER HOTKEY
[ADMIN] [04/10/2016 19:18] [PENJUALAN] CASHIER FORM : cashierForm_Load, ATTEMPT TO LOAD NO FAKTUR
[ADMIN] [04/10/2016 19:18] [PENJUALAN] CASHIER FORM : loadNoFaktur, noFakturValue [SLO001]
[ADMIN] [04/10/2016 19:18] [PENJUALAN] CASHIER FORM : cashierForm_Load, ATTEMPT TO addColumnToDataGrid
[ADMIN] [04/10/2016 19:18] [PENJUALAN] CASHIER FORM : UPDATE ROW NUMBER, TOTAL ROW [1]
[ADMIN] [04/10/2016 19:18] [PENJUALAN] CASHIER FORM : cashierDataGridView_CellValueChanged [F8]
[ADMIN] [04/10/2016 19:18] [PENJUALAN] CASHIER FORM : calculateTotal
[ADMIN] [04/10/2016 19:18] [PENJUALAN] CASHIER FORM : calculateTotal [0]
[ADMIN] [04/10/2016 19:18] [PENJUALAN] CASHIER FORM : calculateTotal, totalAfterDisc [0]
[ADMIN] [04/10/2016 19:18] [PENJUALAN] CASHIER FORM : calculateChangeValue, bayarTextBox.Text [0]
[ADMIN] [04/10/2016 19:18] [PENJUALAN] CASHIER FORM : calculateChangeValue, sisaBayar [0]
[ADMIN] [04/10/2016 19:18] [PENJUALAN] CASHIER FORM : REGISTER HOTKEY
[ADMIN] [04/10/2016 19:18] [PENJUALAN] CASHIER FORM : Combobox_previewKeyDown, cashierDataGridView.CurrentCell.OwningColumn.Name  [productID]
[ADMIN] [04/10/2016 19:18] [PENJUALAN] CASHIER FORM : UPDATE ROW NUMBER, TOTAL ROW [2]
[ADMIN] [04/10/2016 19:18] [PENJUALAN] CASHIER FORM : cashierDataGridView_CellValueChanged [F8]
[ADMIN] [04/10/2016 19:18] [PENJUALAN] CASHIER FORM : cashierDataGridView_CellValueChanged [productID]
[ADMIN] [04/10/2016 19:18] [PENJUALAN] CASHIER FORM : Combobox_KeyUp, cashierDataGridView.CurrentCell.OwningColumn.Name  [productID]
[ADMIN] [04/10/2016 19:18] [PENJUALAN] CASHIER FORM : Combobox_previewKeyDown, cashierDataGridView.CurrentCell.OwningColumn.Name  [productID]
[ADMIN] [04/10/2016 19:18] [PENJUALAN] CASHIER FORM : cashierDataGridView_CellValueChanged [productID]
[ADMIN] [04/10/2016 19:18] [PENJUALAN] CASHIER FORM : Combobox_KeyUp, cashierDataGridView.CurrentCell.OwningColumn.Name  [productID]
[ADMIN] [04/10/2016 19:18] [PENJUALAN] CASHIER FORM : Combobox_previewKeyDown, cashierDataGridView.CurrentCell.OwningColumn.Name  [productID]
[ADMIN] [04/10/2016 19:18] [PENJUALAN] CASHIER FORM : cashierDataGridView_CellValueChanged [productID]
[ADMIN] [04/10/2016 19:18] [PENJUALAN] CASHIER FORM : Combobox_KeyUp, cashierDataGridView.CurrentCell.OwningColumn.Name  [productID]
[ADMIN] [04/10/2016 19:18] [PENJUALAN] CASHIER FORM : Combobox_previewKeyDown, cashierDataGridView.CurrentCell.OwningColumn.Name  [productID]
[ADMIN] [04/10/2016 19:18] [PENJUALAN] CASHIER FORM : cashierDataGridView_CellValueChanged [productID]
[ADMIN] [04/10/2016 19:18] [PENJUALAN] CASHIER FORM : Combobox_KeyUp, cashierDataGridView.CurrentCell.OwningColumn.Name  [productID]
[ADMIN] [04/10/2016 19:18] [PENJUALAN] CASHIER FORM : Combobox_previewKeyDown, cashierDataGridView.CurrentCell.OwningColumn.Name  [productID]
[ADMIN] [04/10/2016 19:18] [PENJUALAN] CASHIER FORM : cashierDataGridView_CellValueChanged [productID]
[ADMIN] [04/10/2016 19:18] [PENJUALAN] CASHIER FORM : Combobox_KeyUp, cashierDataGridView.CurrentCell.OwningColumn.Name  [productID]
[ADMIN] [04/10/2016 19:18] [PENJUALAN] CASHIER FORM : Combobox_previewKeyDown, cashierDataGridView.CurrentCell.OwningColumn.Name  [productID]
[ADMIN] [04/10/2016 19:18] [PENJUALAN] CASHIER FORM : cashierDataGridView_CellValueChanged [productID]
[ADMIN] [04/10/2016 19:18] [PENJUALAN] CASHIER FORM : Combobox_KeyUp, cashierDataGridView.CurrentCell.OwningColumn.Name  [productID]
[ADMIN] [04/10/2016 19:18] [PENJUALAN] CASHIER FORM : Combobox_previewKeyDown, cashierDataGridView.CurrentCell.OwningColumn.Name  [productID]
[ADMIN] [04/10/2016 19:18] [PENJUALAN] CASHIER FORM : cashierDataGridView_CellValueChanged [productID]
[ADMIN] [04/10/2016 19:18] [PENJUALAN] CASHIER FORM : Combobox_KeyUp, cashierDataGridView.CurrentCell.OwningColumn.Name  [productID]
[ADMIN] [04/10/2016 19:18] [PENJUALAN] CASHIER FORM : Combobox_previewKeyDown, cashierDataGridView.CurrentCell.OwningColumn.Name  [productID]
[ADMIN] [04/10/2016 19:18] [PENJUALAN] CASHIER FORM : cashierDataGridView_CellValueChanged [productID]
[ADMIN] [04/10/2016 19:18] [PENJUALAN] CASHIER FORM : Combobox_KeyUp, cashierDataGridView.CurrentCell.OwningColumn.Name  [productID]
[ADMIN] [04/10/2016 19:18] [PENJUALAN] CASHIER FORM : Combobox_previewKeyDown, cashierDataGridView.CurrentCell.OwningColumn.Name  [productID]
[ADMIN] [04/10/2016 19:18] [PENJUALAN] CASHIER FORM : cashierDataGridView_CellValueChanged [productID]
[ADMIN] [04/10/2016 19:18] [PENJUALAN] CASHIER FORM : Combobox_KeyUp, cashierDataGridView.CurrentCell.OwningColumn.Name  [productID]
[ADMIN] [04/10/2016 19:18] [PENJUALAN] CASHIER FORM : Combobox_previewKeyDown, cashierDataGridView.CurrentCell.OwningColumn.Name  [productID]
[ADMIN] [04/10/2016 19:18] [PENJUALAN] CASHIER FORM : cashierDataGridView_CellValueChanged [productID]
[ADMIN] [04/10/2016 19:18] [PENJUALAN] CASHIER FORM : Combobox_KeyUp, cashierDataGridView.CurrentCell.OwningColumn.Name  [productID]
[ADMIN] [04/10/2016 19:18] [PENJUALAN] CASHIER FORM : Combobox_previewKeyDown, cashierDataGridView.CurrentCell.OwningColumn.Name  [productID]
[ADMIN] [04/10/2016 19:18] [PENJUALAN] CASHIER FORM : cashierDataGridView_CellValueChanged [productID]
[ADMIN] [04/10/2016 19:18] [PENJUALAN] CASHIER FORM : Combobox_KeyUp, cashierDataGridView.CurrentCell.OwningColumn.Name  [productID]
[ADMIN] [04/10/2016 19:18] [PENJUALAN] CASHIER FORM : Combobox_previewKeyDown, cashierDataGridView.CurrentCell.OwningColumn.Name  [productID]
[ADMIN] [04/10/2016 19:18] [PENJUALAN] CASHIER FORM : cashierDataGridView_CellValueChanged [productID]
[ADMIN] [04/10/2016 19:18] [PENJUALAN] CASHIER FORM : Combobox_KeyUp, cashierDataGridView.CurrentCell.OwningColumn.Name  [productID]
[ADMIN] [04/10/2016 19:18] [PENJUALAN] CASHIER FORM : Combobox_previewKeyDown, cashierDataGridView.CurrentCell.OwningColumn.Name  [productID]
[ADMIN] [04/10/2016 19:18] [PENJUALAN] CASHIER FORM : cashierDataGridView_CellValueChanged [productID]
[ADMIN] [04/10/2016 19:18] [PENJUALAN] CASHIER FORM : Combobox_KeyUp, cashierDataGridView.CurrentCell.OwningColumn.Name  [productID]
[ADMIN] [04/10/2016 19:18] [PENJUALAN] CASHIER FORM : Combobox_previewKeyDown, cashierDataGridView.CurrentCell.OwningColumn.Name  [productID]
[ADMIN] [04/10/2016 19:18] [PENJUALAN] CASHIER FORM : updateSomeRowContents
[ADMIN] [04/10/2016 19:18] [PENJUALAN] CASHIER FORM : cashierDataGridView_CellValueChanged [productName]
[ADMIN] [04/10/2016 19:18] [PENJUALAN] CASHIER FORM : updateSomeRowContents
[ADMIN] [04/10/2016 19:18] [PENJUALAN] CASHIER FORM : PRODUCT PRICE TYPE [PRODUCT_BASE_PRICE]
[ADMIN] [04/10/2016 19:18] [PENJUALAN] CASHIER FORM : PRODUCT PRICE [13800]
[ADMIN] [04/10/2016 19:18] [PENJUALAN] CASHIER FORM : ComboBox_SelectedIndexChanged, PRODUCT_BASE_PRICE [13800]
[ADMIN] [04/10/2016 19:18] [PENJUALAN] CASHIER FORM : cashierDataGridView_CellValueChanged [hpp]
[ADMIN] [04/10/2016 19:18] [PENJUALAN] CASHIER FORM : PRODUCT PRICE TYPE [PRODUCT_RETAIL_PRICE]
[ADMIN] [04/10/2016 19:18] [PENJUALAN] CASHIER FORM : PRODUCT PRICE [14500]
[ADMIN] [04/10/2016 19:18] [PENJUALAN] CASHIER FORM : ComboBox_SelectedIndexChanged, PRODUCT_SALES_PRICE [14500]
[ADMIN] [04/10/2016 19:18] [PENJUALAN] CASHIER FORM : cashierDataGridView_CellValueChanged [productPrice]
[ADMIN] [04/10/2016 19:18] [PENJUALAN] CASHIER FORM : cashierDataGridView_CellValueChanged, previousInput [0]
[ADMIN] [04/10/2016 19:18] [PENJUALAN] CASHIER FORM : cashierDataGridView_CellValueChanged, cellValue [14500]
[ADMIN] [04/10/2016 19:18] [PENJUALAN] CASHIER FORM : cashierDataGridView_CellValueChanged, dataGridViewTextBoxEditingControl.Text pass REGEX Checking
[ADMIN] [04/10/2016 19:18] [PENJUALAN] CASHIER FORM : CALCULATE SUBTOTAL
[ADMIN] [04/10/2016 19:18] [PENJUALAN] CASHIER FORM : SUBTOTAL [0]
[ADMIN] [04/10/2016 19:18] [PENJUALAN] CASHIER FORM : cashierDataGridView_CellValueChanged, subtotal value [0]
[ADMIN] [04/10/2016 19:18] [PENJUALAN] CASHIER FORM : cashierDataGridView_CellValueChanged [jumlah]
[ADMIN] [04/10/2016 19:18] [PENJUALAN] CASHIER FORM : cashierDataGridView_CellValueChanged, attempt to calculate total value
[ADMIN] [04/10/2016 19:18] [PENJUALAN] CASHIER FORM : calculateTotal
[ADMIN] [04/10/2016 19:18] [PENJUALAN] CASHIER FORM : calculateTotal [0]
[ADMIN] [04/10/2016 19:18] [PENJUALAN] CASHIER FORM : calculateTotal, totalAfterDisc [0]
[ADMIN] [04/10/2016 19:18] [PENJUALAN] CASHIER FORM : calculateChangeValue, bayarTextBox.Text [0]
[ADMIN] [04/10/2016 19:18] [PENJUALAN] CASHIER FORM : calculateChangeValue, sisaBayar [0]
[ADMIN] [04/10/2016 19:18] [PENJUALAN] CASHIER FORM : cashierDataGridView_CellValueChanged [qty]
[ADMIN] [04/10/2016 19:18] [PENJUALAN] CASHIER FORM : cashierDataGridView_CellValueChanged, previousInput [0]
[ADMIN] [04/10/2016 19:18] [PENJUALAN] CASHIER FORM : cashierDataGridView_CellValueChanged [jumlah]
[ADMIN] [04/10/2016 19:18] [PENJUALAN] CASHIER FORM : calculateTotal
[ADMIN] [04/10/2016 19:18] [PENJUALAN] CASHIER FORM : calculateTotal [0]
[ADMIN] [04/10/2016 19:18] [PENJUALAN] CASHIER FORM : calculateTotal, totalAfterDisc [0]
[ADMIN] [04/10/2016 19:18] [PENJUALAN] CASHIER FORM : calculateChangeValue, bayarTextBox.Text [0]
[ADMIN] [04/10/2016 19:18] [PENJUALAN] CASHIER FORM : calculateChangeValue, sisaBayar [0]
[ADMIN] [04/10/2016 19:18] [PENJUALAN] CASHIER FORM : Combobox_KeyUp, cashierDataGridView.CurrentCell.OwningColumn.Name  [qty]
[ADMIN] [04/10/2016 19:18] [PENJUALAN] CASHIER FORM : cashierDataGridView_CellValueChanged [qty]
[ADMIN] [04/10/2016 19:18] [PENJUALAN] CASHIER FORM : cashierDataGridView_CellValueChanged, previousInput [0]
[ADMIN] [04/10/2016 19:18] [PENJUALAN] CASHIER FORM : cashierDataGridView_CellValueChanged, cellValue [3]
[ADMIN] [04/10/2016 19:18] [PENJUALAN] CASHIER FORM : cashierDataGridView_CellValueChanged, dataGridViewTextBoxEditingControl.Text pass REGEX Checking
[ADMIN] [04/10/2016 19:18] [PENJUALAN] CASHIER FORM : CHECK STOCK QTY IS ENOUGH [8998989100120]
[ADMIN] [04/10/2016 19:18] [PENJUALAN] CASHIER FORM : CHECK STOCK QTY IS ENOUGH [4, 3]
[ADMIN] [04/10/2016 19:18] [PENJUALAN] CASHIER FORM : CALCULATE SUBTOTAL
[ADMIN] [04/10/2016 19:18] [PENJUALAN] CASHIER FORM : SUBTOTAL [43500]
[ADMIN] [04/10/2016 19:18] [PENJUALAN] CASHIER FORM : cashierDataGridView_CellValueChanged, subtotal value [43500]
[ADMIN] [04/10/2016 19:18] [PENJUALAN] CASHIER FORM : cashierDataGridView_CellValueChanged [jumlah]
[ADMIN] [04/10/2016 19:18] [PENJUALAN] CASHIER FORM : cashierDataGridView_CellValueChanged, attempt to calculate total value
[ADMIN] [04/10/2016 19:18] [PENJUALAN] CASHIER FORM : calculateTotal
[ADMIN] [04/10/2016 19:18] [PENJUALAN] CASHIER FORM : calculateTotal [43500]
[ADMIN] [04/10/2016 19:18] [PENJUALAN] CASHIER FORM : calculateTotal, totalAfterDisc [43500]
[ADMIN] [04/10/2016 19:18] [PENJUALAN] CASHIER FORM : calculateChangeValue, bayarTextBox.Text [0]
[ADMIN] [04/10/2016 19:18] [PENJUALAN] CASHIER FORM : calculateChangeValue, sisaBayar [0]
[ADMIN] [04/10/2016 19:18] [PENJUALAN] CASHIER FORM : Combobox_KeyUp, cashierDataGridView.CurrentCell.OwningColumn.Name  [qty]
[ADMIN] [04/10/2016 19:18] [PENJUALAN] CASHIER FORM : Combobox_previewKeyDown, cashierDataGridView.CurrentCell.OwningColumn.Name  [productID]
[ADMIN] [04/10/2016 19:18] [PENJUALAN] CASHIER FORM : Combobox_previewKeyDown, cashierDataGridView.CurrentCell.OwningColumn.Name  [productID]
[ADMIN] [04/10/2016 19:18] [PENJUALAN] CASHIER FORM : UPDATE ROW NUMBER, TOTAL ROW [3]
[ADMIN] [04/10/2016 19:18] [PENJUALAN] CASHIER FORM : cashierDataGridView_CellValueChanged [F8]
[ADMIN] [04/10/2016 19:18] [PENJUALAN] CASHIER FORM : cashierDataGridView_CellValueChanged [productID]
[ADMIN] [04/10/2016 19:18] [PENJUALAN] CASHIER FORM : Combobox_KeyUp, cashierDataGridView.CurrentCell.OwningColumn.Name  [productID]
[ADMIN] [04/10/2016 19:18] [PENJUALAN] CASHIER FORM : Combobox_KeyUp, cashierDataGridView.CurrentCell.OwningColumn.Name  [productID]
[ADMIN] [04/10/2016 19:18] [PENJUALAN] CASHIER FORM : Combobox_previewKeyDown, cashierDataGridView.CurrentCell.OwningColumn.Name  [productID]
[ADMIN] [04/10/2016 19:18] [PENJUALAN] CASHIER FORM : Combobox_previewKeyDown, cashierDataGridView.CurrentCell.OwningColumn.Name  [productID]
[ADMIN] [04/10/2016 19:18] [PENJUALAN] CASHIER FORM : cashierDataGridView_CellValueChanged [productID]
[ADMIN] [04/10/2016 19:18] [PENJUALAN] CASHIER FORM : Combobox_KeyUp, cashierDataGridView.CurrentCell.OwningColumn.Name  [productID]
[ADMIN] [04/10/2016 19:18] [PENJUALAN] CASHIER FORM : Combobox_KeyUp, cashierDataGridView.CurrentCell.OwningColumn.Name  [productID]
[ADMIN] [04/10/2016 19:18] [PENJUALAN] CASHIER FORM : Combobox_previewKeyDown, cashierDataGridView.CurrentCell.OwningColumn.Name  [productID]
[ADMIN] [04/10/2016 19:18] [PENJUALAN] CASHIER FORM : Combobox_previewKeyDown, cashierDataGridView.CurrentCell.OwningColumn.Name  [productID]
[ADMIN] [04/10/2016 19:18] [PENJUALAN] CASHIER FORM : cashierDataGridView_CellValueChanged [productID]
[ADMIN] [04/10/2016 19:18] [PENJUALAN] CASHIER FORM : Combobox_KeyUp, cashierDataGridView.CurrentCell.OwningColumn.Name  [productID]
[ADMIN] [04/10/2016 19:18] [PENJUALAN] CASHIER FORM : Combobox_KeyUp, cashierDataGridView.CurrentCell.OwningColumn.Name  [productID]
[ADMIN] [04/10/2016 19:18] [PENJUALAN] CASHIER FORM : Combobox_previewKeyDown, cashierDataGridView.CurrentCell.OwningColumn.Name  [productID]
[ADMIN] [04/10/2016 19:18] [PENJUALAN] CASHIER FORM : Combobox_previewKeyDown, cashierDataGridView.CurrentCell.OwningColumn.Name  [productID]
[ADMIN] [04/10/2016 19:18] [PENJUALAN] CASHIER FORM : cashierDataGridView_CellValueChanged [productID]
[ADMIN] [04/10/2016 19:18] [PENJUALAN] CASHIER FORM : Combobox_KeyUp, cashierDataGridView.CurrentCell.OwningColumn.Name  [productID]
[ADMIN] [04/10/2016 19:18] [PENJUALAN] CASHIER FORM : Combobox_KeyUp, cashierDataGridView.CurrentCell.OwningColumn.Name  [productID]
[ADMIN] [04/10/2016 19:18] [PENJUALAN] CASHIER FORM : Combobox_previewKeyDown, cashierDataGridView.CurrentCell.OwningColumn.Name  [productID]
[ADMIN] [04/10/2016 19:18] [PENJUALAN] CASHIER FORM : Combobox_previewKeyDown, cashierDataGridView.CurrentCell.OwningColumn.Name  [productID]
[ADMIN] [04/10/2016 19:18] [PENJUALAN] CASHIER FORM : cashierDataGridView_CellValueChanged [productID]
[ADMIN] [04/10/2016 19:18] [PENJUALAN] CASHIER FORM : Combobox_KeyUp, cashierDataGridView.CurrentCell.OwningColumn.Name  [productID]
[ADMIN] [04/10/2016 19:18] [PENJUALAN] CASHIER FORM : Combobox_KeyUp, cashierDataGridView.CurrentCell.OwningColumn.Name  [productID]
[ADMIN] [04/10/2016 19:18] [PENJUALAN] CASHIER FORM : Combobox_previewKeyDown, cashierDataGridView.CurrentCell.OwningColumn.Name  [productID]
[ADMIN] [04/10/2016 19:18] [PENJUALAN] CASHIER FORM : Combobox_previewKeyDown, cashierDataGridView.CurrentCell.OwningColumn.Name  [productID]
[ADMIN] [04/10/2016 19:18] [PENJUALAN] CASHIER FORM : cashierDataGridView_CellValueChanged [productID]
[ADMIN] [04/10/2016 19:18] [PENJUALAN] CASHIER FORM : Combobox_KeyUp, cashierDataGridView.CurrentCell.OwningColumn.Name  [productID]
[ADMIN] [04/10/2016 19:18] [PENJUALAN] CASHIER FORM : Combobox_KeyUp, cashierDataGridView.CurrentCell.OwningColumn.Name  [productID]
[ADMIN] [04/10/2016 19:18] [PENJUALAN] CASHIER FORM : Combobox_previewKeyDown, cashierDataGridView.CurrentCell.OwningColumn.Name  [productID]
[ADMIN] [04/10/2016 19:18] [PENJUALAN] CASHIER FORM : Combobox_previewKeyDown, cashierDataGridView.CurrentCell.OwningColumn.Name  [productID]
[ADMIN] [04/10/2016 19:18] [PENJUALAN] CASHIER FORM : cashierDataGridView_CellValueChanged [productID]
[ADMIN] [04/10/2016 19:18] [PENJUALAN] CASHIER FORM : Combobox_KeyUp, cashierDataGridView.CurrentCell.OwningColumn.Name  [productID]
[ADMIN] [04/10/2016 19:18] [PENJUALAN] CASHIER FORM : Combobox_KeyUp, cashierDataGridView.CurrentCell.OwningColumn.Name  [productID]
[ADMIN] [04/10/2016 19:18] [PENJUALAN] CASHIER FORM : Combobox_previewKeyDown, cashierDataGridView.CurrentCell.OwningColumn.Name  [productID]
[ADMIN] [04/10/2016 19:18] [PENJUALAN] CASHIER FORM : Combobox_previewKeyDown, cashierDataGridView.CurrentCell.OwningColumn.Name  [productID]
[ADMIN] [04/10/2016 19:18] [PENJUALAN] CASHIER FORM : cashierDataGridView_CellValueChanged [productID]
[ADMIN] [04/10/2016 19:18] [PENJUALAN] CASHIER FORM : Combobox_KeyUp, cashierDataGridView.CurrentCell.OwningColumn.Name  [productID]
[ADMIN] [04/10/2016 19:18] [PENJUALAN] CASHIER FORM : Combobox_KeyUp, cashierDataGridView.CurrentCell.OwningColumn.Name  [productID]
[ADMIN] [04/10/2016 19:18] [PENJUALAN] CASHIER FORM : Combobox_previewKeyDown, cashierDataGridView.CurrentCell.OwningColumn.Name  [productID]
[ADMIN] [04/10/2016 19:18] [PENJUALAN] CASHIER FORM : Combobox_previewKeyDown, cashierDataGridView.CurrentCell.OwningColumn.Name  [productID]
[ADMIN] [04/10/2016 19:18] [PENJUALAN] CASHIER FORM : cashierDataGridView_CellValueChanged [productID]
[ADMIN] [04/10/2016 19:18] [PENJUALAN] CASHIER FORM : Combobox_KeyUp, cashierDataGridView.CurrentCell.OwningColumn.Name  [productID]
[ADMIN] [04/10/2016 19:18] [PENJUALAN] CASHIER FORM : Combobox_KeyUp, cashierDataGridView.CurrentCell.OwningColumn.Name  [productID]
[ADMIN] [04/10/2016 19:18] [PENJUALAN] CASHIER FORM : Combobox_previewKeyDown, cashierDataGridView.CurrentCell.OwningColumn.Name  [productID]
[ADMIN] [04/10/2016 19:18] [PENJUALAN] CASHIER FORM : Combobox_previewKeyDown, cashierDataGridView.CurrentCell.OwningColumn.Name  [productID]
[ADMIN] [04/10/2016 19:18] [PENJUALAN] CASHIER FORM : cashierDataGridView_CellValueChanged [productID]
[ADMIN] [04/10/2016 19:18] [PENJUALAN] CASHIER FORM : Combobox_KeyUp, cashierDataGridView.CurrentCell.OwningColumn.Name  [productID]
[ADMIN] [04/10/2016 19:18] [PENJUALAN] CASHIER FORM : Combobox_KeyUp, cashierDataGridView.CurrentCell.OwningColumn.Name  [productID]
[ADMIN] [04/10/2016 19:18] [PENJUALAN] CASHIER FORM : Combobox_previewKeyDown, cashierDataGridView.CurrentCell.OwningColumn.Name  [productID]
[ADMIN] [04/10/2016 19:18] [PENJUALAN] CASHIER FORM : Combobox_previewKeyDown, cashierDataGridView.CurrentCell.OwningColumn.Name  [productID]
[ADMIN] [04/10/2016 19:18] [PENJUALAN] CASHIER FORM : cashierDataGridView_CellValueChanged [productID]
[ADMIN] [04/10/2016 19:18] [PENJUALAN] CASHIER FORM : Combobox_KeyUp, cashierDataGridView.CurrentCell.OwningColumn.Name  [productID]
[ADMIN] [04/10/2016 19:18] [PENJUALAN] CASHIER FORM : Combobox_KeyUp, cashierDataGridView.CurrentCell.OwningColumn.Name  [productID]
[ADMIN] [04/10/2016 19:18] [PENJUALAN] CASHIER FORM : Combobox_previewKeyDown, cashierDataGridView.CurrentCell.OwningColumn.Name  [productID]
[ADMIN] [04/10/2016 19:18] [PENJUALAN] CASHIER FORM : Combobox_previewKeyDown, cashierDataGridView.CurrentCell.OwningColumn.Name  [productID]
[ADMIN] [04/10/2016 19:18] [PENJUALAN] CASHIER FORM : cashierDataGridView_CellValueChanged [productID]
[ADMIN] [04/10/2016 19:18] [PENJUALAN] CASHIER FORM : Combobox_KeyUp, cashierDataGridView.CurrentCell.OwningColumn.Name  [productID]
[ADMIN] [04/10/2016 19:18] [PENJUALAN] CASHIER FORM : Combobox_KeyUp, cashierDataGridView.CurrentCell.OwningColumn.Name  [productID]
[ADMIN] [04/10/2016 19:18] [PENJUALAN] CASHIER FORM : Combobox_previewKeyDown, cashierDataGridView.CurrentCell.OwningColumn.Name  [productID]
[ADMIN] [04/10/2016 19:18] [PENJUALAN] CASHIER FORM : Combobox_previewKeyDown, cashierDataGridView.CurrentCell.OwningColumn.Name  [productID]
[ADMIN] [04/10/2016 19:18] [PENJUALAN] CASHIER FORM : cashierDataGridView_CellValueChanged [productID]
[ADMIN] [04/10/2016 19:18] [PENJUALAN] CASHIER FORM : Combobox_KeyUp, cashierDataGridView.CurrentCell.OwningColumn.Name  [productID]
[ADMIN] [04/10/2016 19:18] [PENJUALAN] CASHIER FORM : Combobox_KeyUp, cashierDataGridView.CurrentCell.OwningColumn.Name  [productID]
[ADMIN] [04/10/2016 19:18] [PENJUALAN] CASHIER FORM : Combobox_previewKeyDown, cashierDataGridView.CurrentCell.OwningColumn.Name  [productID]
[ADMIN] [04/10/2016 19:18] [PENJUALAN] CASHIER FORM : updateSomeRowContents
[ADMIN] [04/10/2016 19:18] [PENJUALAN] CASHIER FORM : cashierDataGridView_CellValueChanged [productName]
[ADMIN] [04/10/2016 19:18] [PENJUALAN] CASHIER FORM : updateSomeRowContents
[ADMIN] [04/10/2016 19:18] [PENJUALAN] CASHIER FORM : PRODUCT PRICE TYPE [PRODUCT_BASE_PRICE]
[ADMIN] [04/10/2016 19:18] [PENJUALAN] CASHIER FORM : PRODUCT PRICE [3748]
[ADMIN] [04/10/2016 19:18] [PENJUALAN] CASHIER FORM : ComboBox_SelectedIndexChanged, PRODUCT_BASE_PRICE [3748]
[ADMIN] [04/10/2016 19:18] [PENJUALAN] CASHIER FORM : cashierDataGridView_CellValueChanged [hpp]
[ADMIN] [04/10/2016 19:18] [PENJUALAN] CASHIER FORM : PRODUCT PRICE TYPE [PRODUCT_RETAIL_PRICE]
[ADMIN] [04/10/2016 19:18] [PENJUALAN] CASHIER FORM : PRODUCT PRICE [4100]
[ADMIN] [04/10/2016 19:18] [PENJUALAN] CASHIER FORM : ComboBox_SelectedIndexChanged, PRODUCT_SALES_PRICE [4100]
[ADMIN] [04/10/2016 19:18] [PENJUALAN] CASHIER FORM : cashierDataGridView_CellValueChanged [productPrice]
[ADMIN] [04/10/2016 19:18] [PENJUALAN] CASHIER FORM : cashierDataGridView_CellValueChanged, previousInput [0]
[ADMIN] [04/10/2016 19:18] [PENJUALAN] CASHIER FORM : cashierDataGridView_CellValueChanged, cellValue [4100]
[ADMIN] [04/10/2016 19:18] [PENJUALAN] CASHIER FORM : cashierDataGridView_CellValueChanged, dataGridViewTextBoxEditingControl.Text pass REGEX Checking
[ADMIN] [04/10/2016 19:18] [PENJUALAN] CASHIER FORM : CALCULATE SUBTOTAL
[ADMIN] [04/10/2016 19:18] [PENJUALAN] CASHIER FORM : SUBTOTAL [0]
[ADMIN] [04/10/2016 19:18] [PENJUALAN] CASHIER FORM : cashierDataGridView_CellValueChanged, subtotal value [0]
[ADMIN] [04/10/2016 19:18] [PENJUALAN] CASHIER FORM : cashierDataGridView_CellValueChanged [jumlah]
[ADMIN] [04/10/2016 19:18] [PENJUALAN] CASHIER FORM : cashierDataGridView_CellValueChanged, attempt to calculate total value
[ADMIN] [04/10/2016 19:18] [PENJUALAN] CASHIER FORM : calculateTotal
[ADMIN] [04/10/2016 19:18] [PENJUALAN] CASHIER FORM : calculateTotal [43500]
[ADMIN] [04/10/2016 19:18] [PENJUALAN] CASHIER FORM : calculateTotal, totalAfterDisc [43500]
[ADMIN] [04/10/2016 19:18] [PENJUALAN] CASHIER FORM : calculateChangeValue, bayarTextBox.Text [0]
[ADMIN] [04/10/2016 19:18] [PENJUALAN] CASHIER FORM : calculateChangeValue, sisaBayar [0]
[ADMIN] [04/10/2016 19:18] [PENJUALAN] CASHIER FORM : cashierDataGridView_CellValueChanged [qty]
[ADMIN] [04/10/2016 19:18] [PENJUALAN] CASHIER FORM : cashierDataGridView_CellValueChanged, previousInput [0]
[ADMIN] [04/10/2016 19:18] [PENJUALAN] CASHIER FORM : cashierDataGridView_CellValueChanged [jumlah]
[ADMIN] [04/10/2016 19:18] [PENJUALAN] CASHIER FORM : calculateTotal
[ADMIN] [04/10/2016 19:18] [PENJUALAN] CASHIER FORM : calculateTotal [43500]
[ADMIN] [04/10/2016 19:18] [PENJUALAN] CASHIER FORM : calculateTotal, totalAfterDisc [43500]
[ADMIN] [04/10/2016 19:18] [PENJUALAN] CASHIER FORM : calculateChangeValue, bayarTextBox.Text [0]
[ADMIN] [04/10/2016 19:18] [PENJUALAN] CASHIER FORM : calculateChangeValue, sisaBayar [0]
[ADMIN] [04/10/2016 19:18] [PENJUALAN] CASHIER FORM : Combobox_KeyUp, cashierDataGridView.CurrentCell.OwningColumn.Name  [qty]
[ADMIN] [04/10/2016 19:18] [PENJUALAN] CASHIER FORM : Combobox_KeyUp, cashierDataGridView.CurrentCell.OwningColumn.Name  [qty]
[ADMIN] [04/10/2016 19:18] [PENJUALAN] CASHIER FORM : cashierDataGridView_CellValueChanged [qty]
[ADMIN] [04/10/2016 19:18] [PENJUALAN] CASHIER FORM : cashierDataGridView_CellValueChanged, previousInput [0]
[ADMIN] [04/10/2016 19:18] [PENJUALAN] CASHIER FORM : cashierDataGridView_CellValueChanged, cellValue [1]
[ADMIN] [04/10/2016 19:18] [PENJUALAN] CASHIER FORM : cashierDataGridView_CellValueChanged, dataGridViewTextBoxEditingControl.Text pass REGEX Checking
[ADMIN] [04/10/2016 19:18] [PENJUALAN] CASHIER FORM : CHECK STOCK QTY IS ENOUGH [8999999390419]
[ADMIN] [04/10/2016 19:18] [PENJUALAN] CASHIER FORM : CHECK STOCK QTY IS ENOUGH [11, 1]
[ADMIN] [04/10/2016 19:18] [PENJUALAN] CASHIER FORM : CALCULATE SUBTOTAL
[ADMIN] [04/10/2016 19:18] [PENJUALAN] CASHIER FORM : SUBTOTAL [4100]
[ADMIN] [04/10/2016 19:18] [PENJUALAN] CASHIER FORM : cashierDataGridView_CellValueChanged, subtotal value [4100]
[ADMIN] [04/10/2016 19:18] [PENJUALAN] CASHIER FORM : cashierDataGridView_CellValueChanged [jumlah]
[ADMIN] [04/10/2016 19:18] [PENJUALAN] CASHIER FORM : cashierDataGridView_CellValueChanged, attempt to calculate total value
[ADMIN] [04/10/2016 19:18] [PENJUALAN] CASHIER FORM : calculateTotal
[ADMIN] [04/10/2016 19:18] [PENJUALAN] CASHIER FORM : calculateTotal [47600]
[ADMIN] [04/10/2016 19:18] [PENJUALAN] CASHIER FORM : calculateTotal, totalAfterDisc [47600]
[ADMIN] [04/10/2016 19:18] [PENJUALAN] CASHIER FORM : calculateChangeValue, bayarTextBox.Text [0]
[ADMIN] [04/10/2016 19:18] [PENJUALAN] CASHIER FORM : calculateChangeValue, sisaBayar [0]
[ADMIN] [04/10/2016 19:18] [PENJUALAN] CASHIER FORM : Combobox_KeyUp, cashierDataGridView.CurrentCell.OwningColumn.Name  [qty]
[ADMIN] [04/10/2016 19:18] [PENJUALAN] CASHIER FORM : Combobox_KeyUp, cashierDataGridView.CurrentCell.OwningColumn.Name  [qty]
[ADMIN] [04/10/2016 19:20] [PENJUALAN] CASHIER FORM : cashierDataGridView_CellValueChanged [qty]
[ADMIN] [04/10/2016 19:20] [PENJUALAN] CASHIER FORM : cashierDataGridView_CellValueChanged, previousInput [3]
[ADMIN] [04/10/2016 19:20] [PENJUALAN] CASHIER FORM : cashierDataGridView_CellValueChanged, dataGridViewTextBoxEditingControl.Text pass REGEX Checking
[ADMIN] [04/10/2016 19:20] [PENJUALAN] CASHIER FORM : CHECK STOCK QTY IS ENOUGH [8998989100120]
[ADMIN] [04/10/2016 19:20] [PENJUALAN] CASHIER FORM : CHECK STOCK QTY IS ENOUGH [4, 2]
[ADMIN] [04/10/2016 19:20] [PENJUALAN] CASHIER FORM : CALCULATE SUBTOTAL
[ADMIN] [04/10/2016 19:20] [PENJUALAN] CASHIER FORM : SUBTOTAL [29000]
[ADMIN] [04/10/2016 19:20] [PENJUALAN] CASHIER FORM : cashierDataGridView_CellValueChanged, subtotal value [29000]
[ADMIN] [04/10/2016 19:20] [PENJUALAN] CASHIER FORM : cashierDataGridView_CellValueChanged [jumlah]
[ADMIN] [04/10/2016 19:20] [PENJUALAN] CASHIER FORM : cashierDataGridView_CellValueChanged, attempt to calculate total value
[ADMIN] [04/10/2016 19:20] [PENJUALAN] CASHIER FORM : calculateTotal
[ADMIN] [04/10/2016 19:20] [PENJUALAN] CASHIER FORM : calculateTotal [33100]
[ADMIN] [04/10/2016 19:20] [PENJUALAN] CASHIER FORM : calculateTotal, totalAfterDisc [33100]
[ADMIN] [04/10/2016 19:20] [PENJUALAN] CASHIER FORM : calculateChangeValue, bayarTextBox.Text [0]
[ADMIN] [04/10/2016 19:20] [PENJUALAN] CASHIER FORM : calculateChangeValue, sisaBayar [0]
[ADMIN] [04/10/2016 19:20] [PENJUALAN] CASHIER FORM : Combobox_KeyUp, cashierDataGridView.CurrentCell.OwningColumn.Name  [qty]
[ADMIN] [04/10/2016 19:20] [PENJUALAN] CASHIER FORM : Combobox_KeyUp, cashierDataGridView.CurrentCell.OwningColumn.Name  [qty]
[ADMIN] [04/10/2016 19:20] [PENJUALAN] CASHIER FORM : calculateChangeValue, bayarTextBox.Text [10]
[ADMIN] [04/10/2016 19:20] [PENJUALAN] CASHIER FORM : calculateChangeValue, sisaBayar [0]
[ADMIN] [04/10/2016 19:20] [PENJUALAN] CASHIER FORM : calculateChangeValue, bayarTextBox.Text [100]
[ADMIN] [04/10/2016 19:20] [PENJUALAN] CASHIER FORM : calculateChangeValue, sisaBayar [0]
[ADMIN] [04/10/2016 19:20] [PENJUALAN] CASHIER FORM : calculateChangeValue, bayarTextBox.Text [1000]
[ADMIN] [04/10/2016 19:20] [PENJUALAN] CASHIER FORM : calculateChangeValue, sisaBayar [0]
[ADMIN] [04/10/2016 19:20] [PENJUALAN] CASHIER FORM : calculateChangeValue, bayarTextBox.Text [10000]
[ADMIN] [04/10/2016 19:20] [PENJUALAN] CASHIER FORM : calculateChangeValue, sisaBayar [0]
[ADMIN] [04/10/2016 19:20] [PENJUALAN] CASHIER FORM : calculateChangeValue, bayarTextBox.Text [100000]
[ADMIN] [04/10/2016 19:20] [PENJUALAN] CASHIER FORM : calculateChangeValue, sisaBayar [66900]
[ADMIN] [04/10/2016 19:21] [PENJUALAN] CASHIER FORM : Combobox_previewKeyDown, cashierDataGridView.CurrentCell.OwningColumn.Name  [productID]
[ADMIN] [04/10/2016 19:21] [PENJUALAN] CASHIER FORM : Combobox_previewKeyDown, cashierDataGridView.CurrentCell.OwningColumn.Name  [productID]
[ADMIN] [04/10/2016 19:21] [PENJUALAN] CASHIER FORM : Combobox_previewKeyDown, cashierDataGridView.CurrentCell.OwningColumn.Name  [productID]
[ADMIN] [04/10/2016 19:21] [PENJUALAN] CASHIER FORM : UPDATE ROW NUMBER, TOTAL ROW [4]
[ADMIN] [04/10/2016 19:21] [PENJUALAN] CASHIER FORM : cashierDataGridView_CellValueChanged [F8]
[ADMIN] [04/10/2016 19:21] [PENJUALAN] CASHIER FORM : cashierDataGridView_CellValueChanged [productID]
[ADMIN] [04/10/2016 19:21] [PENJUALAN] CASHIER FORM : Combobox_KeyUp, cashierDataGridView.CurrentCell.OwningColumn.Name  [productID]
[ADMIN] [04/10/2016 19:21] [PENJUALAN] CASHIER FORM : Combobox_KeyUp, cashierDataGridView.CurrentCell.OwningColumn.Name  [productID]
[ADMIN] [04/10/2016 19:21] [PENJUALAN] CASHIER FORM : Combobox_KeyUp, cashierDataGridView.CurrentCell.OwningColumn.Name  [productID]
[ADMIN] [04/10/2016 19:21] [PENJUALAN] CASHIER FORM : Combobox_previewKeyDown, cashierDataGridView.CurrentCell.OwningColumn.Name  [productID]
[ADMIN] [04/10/2016 19:21] [PENJUALAN] CASHIER FORM : Combobox_previewKeyDown, cashierDataGridView.CurrentCell.OwningColumn.Name  [productID]
[ADMIN] [04/10/2016 19:21] [PENJUALAN] CASHIER FORM : Combobox_previewKeyDown, cashierDataGridView.CurrentCell.OwningColumn.Name  [productID]
[ADMIN] [04/10/2016 19:21] [PENJUALAN] CASHIER FORM : cashierDataGridView_CellValueChanged [productID]
[ADMIN] [04/10/2016 19:21] [PENJUALAN] CASHIER FORM : Combobox_KeyUp, cashierDataGridView.CurrentCell.OwningColumn.Name  [productID]
[ADMIN] [04/10/2016 19:21] [PENJUALAN] CASHIER FORM : Combobox_KeyUp, cashierDataGridView.CurrentCell.OwningColumn.Name  [productID]
[ADMIN] [04/10/2016 19:21] [PENJUALAN] CASHIER FORM : Combobox_KeyUp, cashierDataGridView.CurrentCell.OwningColumn.Name  [productID]
[ADMIN] [04/10/2016 19:21] [PENJUALAN] CASHIER FORM : Combobox_previewKeyDown, cashierDataGridView.CurrentCell.OwningColumn.Name  [productID]
[ADMIN] [04/10/2016 19:21] [PENJUALAN] CASHIER FORM : Combobox_previewKeyDown, cashierDataGridView.CurrentCell.OwningColumn.Name  [productID]
[ADMIN] [04/10/2016 19:21] [PENJUALAN] CASHIER FORM : Combobox_previewKeyDown, cashierDataGridView.CurrentCell.OwningColumn.Name  [productID]
[ADMIN] [04/10/2016 19:21] [PENJUALAN] CASHIER FORM : cashierDataGridView_CellValueChanged [productID]
[ADMIN] [04/10/2016 19:21] [PENJUALAN] CASHIER FORM : Combobox_KeyUp, cashierDataGridView.CurrentCell.OwningColumn.Name  [productID]
[ADMIN] [04/10/2016 19:21] [PENJUALAN] CASHIER FORM : Combobox_KeyUp, cashierDataGridView.CurrentCell.OwningColumn.Name  [productID]
[ADMIN] [04/10/2016 19:21] [PENJUALAN] CASHIER FORM : Combobox_KeyUp, cashierDataGridView.CurrentCell.OwningColumn.Name  [productID]
[ADMIN] [04/10/2016 19:21] [PENJUALAN] CASHIER FORM : Combobox_previewKeyDown, cashierDataGridView.CurrentCell.OwningColumn.Name  [productID]
[ADMIN] [04/10/2016 19:21] [PENJUALAN] CASHIER FORM : Combobox_previewKeyDown, cashierDataGridView.CurrentCell.OwningColumn.Name  [productID]
[ADMIN] [04/10/2016 19:21] [PENJUALAN] CASHIER FORM : Combobox_previewKeyDown, cashierDataGridView.CurrentCell.OwningColumn.Name  [productID]
[ADMIN] [04/10/2016 19:21] [PENJUALAN] CASHIER FORM : cashierDataGridView_CellValueChanged [productID]
[ADMIN] [04/10/2016 19:21] [PENJUALAN] CASHIER FORM : Combobox_KeyUp, cashierDataGridView.CurrentCell.OwningColumn.Name  [productID]
[ADMIN] [04/10/2016 19:21] [PENJUALAN] CASHIER FORM : Combobox_KeyUp, cashierDataGridView.CurrentCell.OwningColumn.Name  [productID]
[ADMIN] [04/10/2016 19:21] [PENJUALAN] CASHIER FORM : Combobox_KeyUp, cashierDataGridView.CurrentCell.OwningColumn.Name  [productID]
[ADMIN] [04/10/2016 19:21] [PENJUALAN] CASHIER FORM : Combobox_previewKeyDown, cashierDataGridView.CurrentCell.OwningColumn.Name  [productID]
[ADMIN] [04/10/2016 19:21] [PENJUALAN] CASHIER FORM : Combobox_previewKeyDown, cashierDataGridView.CurrentCell.OwningColumn.Name  [productID]
[ADMIN] [04/10/2016 19:21] [PENJUALAN] CASHIER FORM : Combobox_previewKeyDown, cashierDataGridView.CurrentCell.OwningColumn.Name  [productID]
[ADMIN] [04/10/2016 19:21] [PENJUALAN] CASHIER FORM : cashierDataGridView_CellValueChanged [productID]
[ADMIN] [04/10/2016 19:21] [PENJUALAN] CASHIER FORM : Combobox_KeyUp, cashierDataGridView.CurrentCell.OwningColumn.Name  [productID]
[ADMIN] [04/10/2016 19:21] [PENJUALAN] CASHIER FORM : Combobox_KeyUp, cashierDataGridView.CurrentCell.OwningColumn.Name  [productID]
[ADMIN] [04/10/2016 19:21] [PENJUALAN] CASHIER FORM : Combobox_KeyUp, cashierDataGridView.CurrentCell.OwningColumn.Name  [productID]
[ADMIN] [04/10/2016 19:21] [PENJUALAN] CASHIER FORM : Combobox_previewKeyDown, cashierDataGridView.CurrentCell.OwningColumn.Name  [productID]
[ADMIN] [04/10/2016 19:21] [PENJUALAN] CASHIER FORM : Combobox_previewKeyDown, cashierDataGridView.CurrentCell.OwningColumn.Name  [productID]
[ADMIN] [04/10/2016 19:21] [PENJUALAN] CASHIER FORM : Combobox_previewKeyDown, cashierDataGridView.CurrentCell.OwningColumn.Name  [productID]
[ADMIN] [04/10/2016 19:21] [PENJUALAN] CASHIER FORM : cashierDataGridView_CellValueChanged [productID]
[ADMIN] [04/10/2016 19:21] [PENJUALAN] CASHIER FORM : Combobox_KeyUp, cashierDataGridView.CurrentCell.OwningColumn.Name  [productID]
[ADMIN] [04/10/2016 19:21] [PENJUALAN] CASHIER FORM : Combobox_KeyUp, cashierDataGridView.CurrentCell.OwningColumn.Name  [productID]
[ADMIN] [04/10/2016 19:21] [PENJUALAN] CASHIER FORM : Combobox_KeyUp, cashierDataGridView.CurrentCell.OwningColumn.Name  [productID]
[ADMIN] [04/10/2016 19:21] [PENJUALAN] CASHIER FORM : Combobox_previewKeyDown, cashierDataGridView.CurrentCell.OwningColumn.Name  [productID]
[ADMIN] [04/10/2016 19:21] [PENJUALAN] CASHIER FORM : Combobox_previewKeyDown, cashierDataGridView.CurrentCell.OwningColumn.Name  [productID]
[ADMIN] [04/10/2016 19:21] [PENJUALAN] CASHIER FORM : Combobox_previewKeyDown, cashierDataGridView.CurrentCell.OwningColumn.Name  [productID]
[ADMIN] [04/10/2016 19:21] [PENJUALAN] CASHIER FORM : cashierDataGridView_CellValueChanged [productID]
[ADMIN] [04/10/2016 19:21] [PENJUALAN] CASHIER FORM : Combobox_KeyUp, cashierDataGridView.CurrentCell.OwningColumn.Name  [productID]
[ADMIN] [04/10/2016 19:21] [PENJUALAN] CASHIER FORM : Combobox_KeyUp, cashierDataGridView.CurrentCell.OwningColumn.Name  [productID]
[ADMIN] [04/10/2016 19:21] [PENJUALAN] CASHIER FORM : Combobox_KeyUp, cashierDataGridView.CurrentCell.OwningColumn.Name  [productID]
[ADMIN] [04/10/2016 19:21] [PENJUALAN] CASHIER FORM : Combobox_previewKeyDown, cashierDataGridView.CurrentCell.OwningColumn.Name  [productID]
[ADMIN] [04/10/2016 19:21] [PENJUALAN] CASHIER FORM : Combobox_previewKeyDown, cashierDataGridView.CurrentCell.OwningColumn.Name  [productID]
[ADMIN] [04/10/2016 19:21] [PENJUALAN] CASHIER FORM : Combobox_previewKeyDown, cashierDataGridView.CurrentCell.OwningColumn.Name  [productID]
[ADMIN] [04/10/2016 19:21] [PENJUALAN] CASHIER FORM : cashierDataGridView_CellValueChanged [productID]
[ADMIN] [04/10/2016 19:21] [PENJUALAN] CASHIER FORM : Combobox_KeyUp, cashierDataGridView.CurrentCell.OwningColumn.Name  [productID]
[ADMIN] [04/10/2016 19:21] [PENJUALAN] CASHIER FORM : Combobox_KeyUp, cashierDataGridView.CurrentCell.OwningColumn.Name  [productID]
[ADMIN] [04/10/2016 19:21] [PENJUALAN] CASHIER FORM : Combobox_KeyUp, cashierDataGridView.CurrentCell.OwningColumn.Name  [productID]
[ADMIN] [04/10/2016 19:21] [PENJUALAN] CASHIER FORM : Combobox_previewKeyDown, cashierDataGridView.CurrentCell.OwningColumn.Name  [productID]
[ADMIN] [04/10/2016 19:21] [PENJUALAN] CASHIER FORM : Combobox_previewKeyDown, cashierDataGridView.CurrentCell.OwningColumn.Name  [productID]
[ADMIN] [04/10/2016 19:21] [PENJUALAN] CASHIER FORM : Combobox_previewKeyDown, cashierDataGridView.CurrentCell.OwningColumn.Name  [productID]
[ADMIN] [04/10/2016 19:21] [PENJUALAN] CASHIER FORM : cashierDataGridView_CellValueChanged [productID]
[ADMIN] [04/10/2016 19:21] [PENJUALAN] CASHIER FORM : Combobox_KeyUp, cashierDataGridView.CurrentCell.OwningColumn.Name  [productID]
[ADMIN] [04/10/2016 19:21] [PENJUALAN] CASHIER FORM : Combobox_KeyUp, cashierDataGridView.CurrentCell.OwningColumn.Name  [productID]
[ADMIN] [04/10/2016 19:21] [PENJUALAN] CASHIER FORM : Combobox_KeyUp, cashierDataGridView.CurrentCell.OwningColumn.Name  [productID]
[ADMIN] [04/10/2016 19:21] [PENJUALAN] CASHIER FORM : Combobox_previewKeyDown, cashierDataGridView.CurrentCell.OwningColumn.Name  [productID]
[ADMIN] [04/10/2016 19:21] [PENJUALAN] CASHIER FORM : Combobox_previewKeyDown, cashierDataGridView.CurrentCell.OwningColumn.Name  [productID]
[ADMIN] [04/10/2016 19:21] [PENJUALAN] CASHIER FORM : Combobox_previewKeyDown, cashierDataGridView.CurrentCell.OwningColumn.Name  [productID]
[ADMIN] [04/10/2016 19:21] [PENJUALAN] CASHIER FORM : cashierDataGridView_CellValueChanged [productID]
[ADMIN] [04/10/2016 19:21] [PENJUALAN] CASHIER FORM : Combobox_KeyUp, cashierDataGridView.CurrentCell.OwningColumn.Name  [productID]
[ADMIN] [04/10/2016 19:21] [PENJUALAN] CASHIER FORM : Combobox_KeyUp, cashierDataGridView.CurrentCell.OwningColumn.Name  [productID]
[ADMIN] [04/10/2016 19:21] [PENJUALAN] CASHIER FORM : Combobox_KeyUp, cashierDataGridView.CurrentCell.OwningColumn.Name  [productID]
[ADMIN] [04/10/2016 19:21] [PENJUALAN] CASHIER FORM : Combobox_previewKeyDown, cashierDataGridView.CurrentCell.OwningColumn.Name  [productID]
[ADMIN] [04/10/2016 19:21] [PENJUALAN] CASHIER FORM : Combobox_previewKeyDown, cashierDataGridView.CurrentCell.OwningColumn.Name  [productID]
[ADMIN] [04/10/2016 19:21] [PENJUALAN] CASHIER FORM : Combobox_previewKeyDown, cashierDataGridView.CurrentCell.OwningColumn.Name  [productID]
[ADMIN] [04/10/2016 19:21] [PENJUALAN] CASHIER FORM : cashierDataGridView_CellValueChanged [productID]
[ADMIN] [04/10/2016 19:21] [PENJUALAN] CASHIER FORM : Combobox_KeyUp, cashierDataGridView.CurrentCell.OwningColumn.Name  [productID]
[ADMIN] [04/10/2016 19:21] [PENJUALAN] CASHIER FORM : Combobox_KeyUp, cashierDataGridView.CurrentCell.OwningColumn.Name  [productID]
[ADMIN] [04/10/2016 19:21] [PENJUALAN] CASHIER FORM : Combobox_KeyUp, cashierDataGridView.CurrentCell.OwningColumn.Name  [productID]
[ADMIN] [04/10/2016 19:21] [PENJUALAN] CASHIER FORM : Combobox_previewKeyDown, cashierDataGridView.CurrentCell.OwningColumn.Name  [productID]
[ADMIN] [04/10/2016 19:21] [PENJUALAN] CASHIER FORM : Combobox_previewKeyDown, cashierDataGridView.CurrentCell.OwningColumn.Name  [productID]
[ADMIN] [04/10/2016 19:21] [PENJUALAN] CASHIER FORM : Combobox_previewKeyDown, cashierDataGridView.CurrentCell.OwningColumn.Name  [productID]
[ADMIN] [04/10/2016 19:21] [PENJUALAN] CASHIER FORM : cashierDataGridView_CellValueChanged [productID]
[ADMIN] [04/10/2016 19:21] [PENJUALAN] CASHIER FORM : Combobox_KeyUp, cashierDataGridView.CurrentCell.OwningColumn.Name  [productID]
[ADMIN] [04/10/2016 19:21] [PENJUALAN] CASHIER FORM : Combobox_KeyUp, cashierDataGridView.CurrentCell.OwningColumn.Name  [productID]
[ADMIN] [04/10/2016 19:21] [PENJUALAN] CASHIER FORM : Combobox_KeyUp, cashierDataGridView.CurrentCell.OwningColumn.Name  [productID]
[ADMIN] [04/10/2016 19:21] [PENJUALAN] CASHIER FORM : Combobox_previewKeyDown, cashierDataGridView.CurrentCell.OwningColumn.Name  [productID]
[ADMIN] [04/10/2016 19:21] [PENJUALAN] CASHIER FORM : Combobox_previewKeyDown, cashierDataGridView.CurrentCell.OwningColumn.Name  [productID]
[ADMIN] [04/10/2016 19:21] [PENJUALAN] CASHIER FORM : Combobox_previewKeyDown, cashierDataGridView.CurrentCell.OwningColumn.Name  [productID]
[ADMIN] [04/10/2016 19:21] [PENJUALAN] CASHIER FORM : cashierDataGridView_CellValueChanged [productID]
[ADMIN] [04/10/2016 19:21] [PENJUALAN] CASHIER FORM : Combobox_KeyUp, cashierDataGridView.CurrentCell.OwningColumn.Name  [productID]
[ADMIN] [04/10/2016 19:21] [PENJUALAN] CASHIER FORM : Combobox_KeyUp, cashierDataGridView.CurrentCell.OwningColumn.Name  [productID]
[ADMIN] [04/10/2016 19:21] [PENJUALAN] CASHIER FORM : Combobox_KeyUp, cashierDataGridView.CurrentCell.OwningColumn.Name  [productID]
[ADMIN] [04/10/2016 19:21] [PENJUALAN] CASHIER FORM : Combobox_previewKeyDown, cashierDataGridView.CurrentCell.OwningColumn.Name  [productID]
[ADMIN] [04/10/2016 19:21] [PENJUALAN] CASHIER FORM : updateSomeRowContents
[ADMIN] [04/10/2016 19:21] [PENJUALAN] CASHIER FORM : cashierDataGridView_CellValueChanged [productName]
[ADMIN] [04/10/2016 19:21] [PENJUALAN] CASHIER FORM : updateSomeRowContents
[ADMIN] [04/10/2016 19:21] [PENJUALAN] CASHIER FORM : PRODUCT PRICE TYPE [PRODUCT_BASE_PRICE]
[ADMIN] [04/10/2016 19:21] [PENJUALAN] CASHIER FORM : PRODUCT PRICE [1683]
[ADMIN] [04/10/2016 19:21] [PENJUALAN] CASHIER FORM : ComboBox_SelectedIndexChanged, PRODUCT_BASE_PRICE [1683]
[ADMIN] [04/10/2016 19:21] [PENJUALAN] CASHIER FORM : cashierDataGridView_CellValueChanged [hpp]
[ADMIN] [04/10/2016 19:21] [PENJUALAN] CASHIER FORM : PRODUCT PRICE TYPE [PRODUCT_RETAIL_PRICE]
[ADMIN] [04/10/2016 19:21] [PENJUALAN] CASHIER FORM : PRODUCT PRICE [1900]
[ADMIN] [04/10/2016 19:21] [PENJUALAN] CASHIER FORM : ComboBox_SelectedIndexChanged, PRODUCT_SALES_PRICE [1900]
[ADMIN] [04/10/2016 19:21] [PENJUALAN] CASHIER FORM : cashierDataGridView_CellValueChanged [productPrice]
[ADMIN] [04/10/2016 19:21] [PENJUALAN] CASHIER FORM : cashierDataGridView_CellValueChanged, previousInput [0]
[ADMIN] [04/10/2016 19:21] [PENJUALAN] CASHIER FORM : cashierDataGridView_CellValueChanged, cellValue [1900]
[ADMIN] [04/10/2016 19:21] [PENJUALAN] CASHIER FORM : cashierDataGridView_CellValueChanged, dataGridViewTextBoxEditingControl.Text pass REGEX Checking
[ADMIN] [04/10/2016 19:21] [PENJUALAN] CASHIER FORM : CALCULATE SUBTOTAL
[ADMIN] [04/10/2016 19:21] [PENJUALAN] CASHIER FORM : SUBTOTAL [0]
[ADMIN] [04/10/2016 19:21] [PENJUALAN] CASHIER FORM : cashierDataGridView_CellValueChanged, subtotal value [0]
[ADMIN] [04/10/2016 19:21] [PENJUALAN] CASHIER FORM : cashierDataGridView_CellValueChanged [jumlah]
[ADMIN] [04/10/2016 19:21] [PENJUALAN] CASHIER FORM : cashierDataGridView_CellValueChanged, attempt to calculate total value
[ADMIN] [04/10/2016 19:21] [PENJUALAN] CASHIER FORM : calculateTotal
[ADMIN] [04/10/2016 19:21] [PENJUALAN] CASHIER FORM : calculateTotal [33100]
[ADMIN] [04/10/2016 19:21] [PENJUALAN] CASHIER FORM : calculateTotal, totalAfterDisc [33100]
[ADMIN] [04/10/2016 19:21] [PENJUALAN] CASHIER FORM : calculateChangeValue, bayarTextBox.Text [Rp100.000]
[ADMIN] [04/10/2016 19:21] [PENJUALAN] CASHIER FORM : calculateChangeValue, sisaBayar [66900]
[ADMIN] [04/10/2016 19:21] [PENJUALAN] CASHIER FORM : cashierDataGridView_CellValueChanged [qty]
[ADMIN] [04/10/2016 19:21] [PENJUALAN] CASHIER FORM : cashierDataGridView_CellValueChanged, previousInput [0]
[ADMIN] [04/10/2016 19:21] [PENJUALAN] CASHIER FORM : cashierDataGridView_CellValueChanged [jumlah]
[ADMIN] [04/10/2016 19:21] [PENJUALAN] CASHIER FORM : calculateTotal
[ADMIN] [04/10/2016 19:21] [PENJUALAN] CASHIER FORM : calculateTotal [33100]
[ADMIN] [04/10/2016 19:21] [PENJUALAN] CASHIER FORM : calculateTotal, totalAfterDisc [33100]
[ADMIN] [04/10/2016 19:21] [PENJUALAN] CASHIER FORM : calculateChangeValue, bayarTextBox.Text [Rp100.000]
[ADMIN] [04/10/2016 19:21] [PENJUALAN] CASHIER FORM : calculateChangeValue, sisaBayar [66900]
[ADMIN] [04/10/2016 19:21] [PENJUALAN] CASHIER FORM : Combobox_KeyUp, cashierDataGridView.CurrentCell.OwningColumn.Name  [qty]
[ADMIN] [04/10/2016 19:21] [PENJUALAN] CASHIER FORM : Combobox_KeyUp, cashierDataGridView.CurrentCell.OwningColumn.Name  [qty]
[ADMIN] [04/10/2016 19:21] [PENJUALAN] CASHIER FORM : Combobox_KeyUp, cashierDataGridView.CurrentCell.OwningColumn.Name  [qty]
[ADMIN] [04/10/2016 19:21] [PENJUALAN] CASHIER FORM : cashierDataGridView_CellValueChanged [qty]
[ADMIN] [04/10/2016 19:21] [PENJUALAN] CASHIER FORM : cashierDataGridView_CellValueChanged, previousInput [0]
[ADMIN] [04/10/2016 19:21] [PENJUALAN] CASHIER FORM : cashierDataGridView_CellValueChanged, cellValue [1]
[ADMIN] [04/10/2016 19:21] [PENJUALAN] CASHIER FORM : cashierDataGridView_CellValueChanged, dataGridViewTextBoxEditingControl.Text pass REGEX Checking
[ADMIN] [04/10/2016 19:21] [PENJUALAN] CASHIER FORM : CHECK STOCK QTY IS ENOUGH [8998866607872]
[ADMIN] [04/10/2016 19:21] [PENJUALAN] CASHIER FORM : CHECK STOCK QTY IS ENOUGH [24, 1]
[ADMIN] [04/10/2016 19:21] [PENJUALAN] CASHIER FORM : CALCULATE SUBTOTAL
[ADMIN] [04/10/2016 19:21] [PENJUALAN] CASHIER FORM : SUBTOTAL [1900]
[ADMIN] [04/10/2016 19:21] [PENJUALAN] CASHIER FORM : cashierDataGridView_CellValueChanged, subtotal value [1900]
[ADMIN] [04/10/2016 19:21] [PENJUALAN] CASHIER FORM : cashierDataGridView_CellValueChanged [jumlah]
[ADMIN] [04/10/2016 19:21] [PENJUALAN] CASHIER FORM : cashierDataGridView_CellValueChanged, attempt to calculate total value
[ADMIN] [04/10/2016 19:21] [PENJUALAN] CASHIER FORM : calculateTotal
[ADMIN] [04/10/2016 19:21] [PENJUALAN] CASHIER FORM : calculateTotal [35000]
[ADMIN] [04/10/2016 19:21] [PENJUALAN] CASHIER FORM : calculateTotal, totalAfterDisc [35000]
[ADMIN] [04/10/2016 19:21] [PENJUALAN] CASHIER FORM : calculateChangeValue, bayarTextBox.Text [Rp100.000]
[ADMIN] [04/10/2016 19:21] [PENJUALAN] CASHIER FORM : calculateChangeValue, sisaBayar [65000]
[ADMIN] [04/10/2016 19:21] [PENJUALAN] CASHIER FORM : Combobox_KeyUp, cashierDataGridView.CurrentCell.OwningColumn.Name  [qty]
[ADMIN] [04/10/2016 19:21] [PENJUALAN] CASHIER FORM : Combobox_KeyUp, cashierDataGridView.CurrentCell.OwningColumn.Name  [qty]
[ADMIN] [04/10/2016 19:21] [PENJUALAN] CASHIER FORM : Combobox_KeyUp, cashierDataGridView.CurrentCell.OwningColumn.Name  [qty]
[ADMIN] [04/10/2016 19:21] [PENJUALAN] CASHIER FORM : cashierDataGridView_CellValueChanged [qty]
[ADMIN] [04/10/2016 19:21] [PENJUALAN] CASHIER FORM : cashierDataGridView_CellValueChanged, previousInput [1]
[ADMIN] [04/10/2016 19:21] [PENJUALAN] CASHIER FORM : cashierDataGridView_CellValueChanged, dataGridViewTextBoxEditingControl.Text pass REGEX Checking
[ADMIN] [04/10/2016 19:21] [PENJUALAN] CASHIER FORM : CHECK STOCK QTY IS ENOUGH [8998866607872]
[ADMIN] [04/10/2016 19:21] [PENJUALAN] CASHIER FORM : CHECK STOCK QTY IS ENOUGH [24, 18]
[ADMIN] [04/10/2016 19:21] [PENJUALAN] CASHIER FORM : CALCULATE SUBTOTAL
[ADMIN] [04/10/2016 19:21] [PENJUALAN] CASHIER FORM : SUBTOTAL [34200]
[ADMIN] [04/10/2016 19:21] [PENJUALAN] CASHIER FORM : cashierDataGridView_CellValueChanged, subtotal value [34200]
[ADMIN] [04/10/2016 19:21] [PENJUALAN] CASHIER FORM : cashierDataGridView_CellValueChanged [jumlah]
[ADMIN] [04/10/2016 19:21] [PENJUALAN] CASHIER FORM : cashierDataGridView_CellValueChanged, attempt to calculate total value
[ADMIN] [04/10/2016 19:21] [PENJUALAN] CASHIER FORM : calculateTotal
[ADMIN] [04/10/2016 19:21] [PENJUALAN] CASHIER FORM : calculateTotal [67300]
[ADMIN] [04/10/2016 19:21] [PENJUALAN] CASHIER FORM : calculateTotal, totalAfterDisc [67300]
[ADMIN] [04/10/2016 19:21] [PENJUALAN] CASHIER FORM : calculateChangeValue, bayarTextBox.Text [Rp100.000]
[ADMIN] [04/10/2016 19:21] [PENJUALAN] CASHIER FORM : calculateChangeValue, sisaBayar [32700]
[ADMIN] [04/10/2016 19:21] [PENJUALAN] CASHIER FORM : Combobox_KeyUp, cashierDataGridView.CurrentCell.OwningColumn.Name  [qty]
[ADMIN] [04/10/2016 19:21] [PENJUALAN] CASHIER FORM : Combobox_KeyUp, cashierDataGridView.CurrentCell.OwningColumn.Name  [qty]
[ADMIN] [04/10/2016 19:21] [PENJUALAN] CASHIER FORM : Combobox_KeyUp, cashierDataGridView.CurrentCell.OwningColumn.Name  [qty]
[ADMIN] [04/10/2016 19:21] [PENJUALAN] CASHIER FORM : cashierDataGridView_CellValueChanged [qty]
[ADMIN] [04/10/2016 19:21] [PENJUALAN] CASHIER FORM : cashierDataGridView_CellValueChanged, previousInput [18]
[ADMIN] [04/10/2016 19:21] [PENJUALAN] CASHIER FORM : cashierDataGridView_CellValueChanged, dataGridViewTextBoxEditingControl.Text pass REGEX Checking
[ADMIN] [04/10/2016 19:21] [PENJUALAN] CASHIER FORM : CHECK STOCK QTY IS ENOUGH [8998866607872]
[ADMIN] [04/10/2016 19:21] [PENJUALAN] CASHIER FORM : CHECK STOCK QTY IS ENOUGH [24, 189]
[ADMIN] [04/10/2016 19:21] [PENJUALAN] CASHIER FORM : cashierDataGridView_CellValueChanged [qty]
[ADMIN] [04/10/2016 19:21] [PENJUALAN] CASHIER FORM : cashierDataGridView_CellValueChanged, previousInput [18]
[ADMIN] [04/10/2016 19:21] [PENJUALAN] CASHIER FORM : CALCULATE SUBTOTAL
[ADMIN] [04/10/2016 19:21] [PENJUALAN] CASHIER FORM : SUBTOTAL [34200]
[ADMIN] [04/10/2016 19:21] [PENJUALAN] CASHIER FORM : cashierDataGridView_CellValueChanged, subtotal value [34200]
[ADMIN] [04/10/2016 19:21] [PENJUALAN] CASHIER FORM : cashierDataGridView_CellValueChanged, attempt to calculate total value
[ADMIN] [04/10/2016 19:21] [PENJUALAN] CASHIER FORM : calculateTotal
[ADMIN] [04/10/2016 19:21] [PENJUALAN] CASHIER FORM : calculateTotal [67300]
[ADMIN] [04/10/2016 19:21] [PENJUALAN] CASHIER FORM : calculateTotal, totalAfterDisc [67300]
[ADMIN] [04/10/2016 19:21] [PENJUALAN] CASHIER FORM : calculateChangeValue, bayarTextBox.Text [Rp100.000]
[ADMIN] [04/10/2016 19:21] [PENJUALAN] CASHIER FORM : calculateChangeValue, sisaBayar [32700]
[ADMIN] [04/10/2016 19:21] [PENJUALAN] CASHIER FORM : Combobox_KeyUp, cashierDataGridView.CurrentCell.OwningColumn.Name  [qty]
[ADMIN] [04/10/2016 19:21] [PENJUALAN] CASHIER FORM : Combobox_KeyUp, cashierDataGridView.CurrentCell.OwningColumn.Name  [qty]
[ADMIN] [04/10/2016 19:21] [PENJUALAN] CASHIER FORM : Combobox_KeyUp, cashierDataGridView.CurrentCell.OwningColumn.Name  [qty]
[ADMIN] [04/10/2016 19:21] [PENJUALAN] CASHIER FORM : cashierDataGridView_CellValueChanged [qty]
[ADMIN] [04/10/2016 19:21] [PENJUALAN] CASHIER FORM : cashierDataGridView_CellValueChanged, previousInput [18]
[ADMIN] [04/10/2016 19:21] [PENJUALAN] CASHIER FORM : cashierDataGridView_CellValueChanged, dataGridViewTextBoxEditingControl.Text pass REGEX Checking
[ADMIN] [04/10/2016 19:21] [PENJUALAN] CASHIER FORM : CHECK STOCK QTY IS ENOUGH [8998866607872]
[ADMIN] [04/10/2016 19:21] [PENJUALAN] CASHIER FORM : CHECK STOCK QTY IS ENOUGH [24, 1899]
[ADMIN] [04/10/2016 19:21] [PENJUALAN] CASHIER FORM : cashierDataGridView_CellValueChanged [qty]
[ADMIN] [04/10/2016 19:21] [PENJUALAN] CASHIER FORM : cashierDataGridView_CellValueChanged, previousInput [18]
[ADMIN] [04/10/2016 19:21] [PENJUALAN] CASHIER FORM : CALCULATE SUBTOTAL
[ADMIN] [04/10/2016 19:21] [PENJUALAN] CASHIER FORM : SUBTOTAL [34200]
[ADMIN] [04/10/2016 19:21] [PENJUALAN] CASHIER FORM : cashierDataGridView_CellValueChanged, subtotal value [34200]
[ADMIN] [04/10/2016 19:21] [PENJUALAN] CASHIER FORM : cashierDataGridView_CellValueChanged, attempt to calculate total value
[ADMIN] [04/10/2016 19:21] [PENJUALAN] CASHIER FORM : calculateTotal
[ADMIN] [04/10/2016 19:21] [PENJUALAN] CASHIER FORM : calculateTotal [67300]
[ADMIN] [04/10/2016 19:21] [PENJUALAN] CASHIER FORM : calculateTotal, totalAfterDisc [67300]
[ADMIN] [04/10/2016 19:21] [PENJUALAN] CASHIER FORM : calculateChangeValue, bayarTextBox.Text [Rp100.000]
[ADMIN] [04/10/2016 19:21] [PENJUALAN] CASHIER FORM : calculateChangeValue, sisaBayar [32700]
[ADMIN] [04/10/2016 19:21] [PENJUALAN] CASHIER FORM : Combobox_KeyUp, cashierDataGridView.CurrentCell.OwningColumn.Name  [qty]
[ADMIN] [04/10/2016 19:21] [PENJUALAN] CASHIER FORM : Combobox_KeyUp, cashierDataGridView.CurrentCell.OwningColumn.Name  [qty]
[ADMIN] [04/10/2016 19:21] [PENJUALAN] CASHIER FORM : Combobox_KeyUp, cashierDataGridView.CurrentCell.OwningColumn.Name  [qty]
[ADMIN] [04/10/2016 19:21] [PENJUALAN] CASHIER FORM : cashierDataGridView_CellValueChanged [qty]
[ADMIN] [04/10/2016 19:21] [PENJUALAN] CASHIER FORM : cashierDataGridView_CellValueChanged, previousInput [18]
[ADMIN] [04/10/2016 19:21] [PENJUALAN] CASHIER FORM : cashierDataGridView_CellValueChanged, dataGridViewTextBoxEditingControl.Text pass REGEX Checking
[ADMIN] [04/10/2016 19:21] [PENJUALAN] CASHIER FORM : CHECK STOCK QTY IS ENOUGH [8998866607872]
[ADMIN] [04/10/2016 19:21] [PENJUALAN] CASHIER FORM : CHECK STOCK QTY IS ENOUGH [24, 18991]
[ADMIN] [04/10/2016 19:21] [PENJUALAN] CASHIER FORM : cashierDataGridView_CellValueChanged [qty]
[ADMIN] [04/10/2016 19:21] [PENJUALAN] CASHIER FORM : cashierDataGridView_CellValueChanged, previousInput [18]
[ADMIN] [04/10/2016 19:21] [PENJUALAN] CASHIER FORM : CALCULATE SUBTOTAL
[ADMIN] [04/10/2016 19:21] [PENJUALAN] CASHIER FORM : SUBTOTAL [34200]
[ADMIN] [04/10/2016 19:21] [PENJUALAN] CASHIER FORM : cashierDataGridView_CellValueChanged, subtotal value [34200]
[ADMIN] [04/10/2016 19:21] [PENJUALAN] CASHIER FORM : cashierDataGridView_CellValueChanged, attempt to calculate total value
[ADMIN] [04/10/2016 19:21] [PENJUALAN] CASHIER FORM : calculateTotal
[ADMIN] [04/10/2016 19:21] [PENJUALAN] CASHIER FORM : calculateTotal [67300]
[ADMIN] [04/10/2016 19:21] [PENJUALAN] CASHIER FORM : calculateTotal, totalAfterDisc [67300]
[ADMIN] [04/10/2016 19:21] [PENJUALAN] CASHIER FORM : calculateChangeValue, bayarTextBox.Text [Rp100.000]
[ADMIN] [04/10/2016 19:21] [PENJUALAN] CASHIER FORM : calculateChangeValue, sisaBayar [32700]
[ADMIN] [04/10/2016 19:21] [PENJUALAN] CASHIER FORM : Combobox_KeyUp, cashierDataGridView.CurrentCell.OwningColumn.Name  [qty]
[ADMIN] [04/10/2016 19:21] [PENJUALAN] CASHIER FORM : Combobox_KeyUp, cashierDataGridView.CurrentCell.OwningColumn.Name  [qty]
[ADMIN] [04/10/2016 19:21] [PENJUALAN] CASHIER FORM : Combobox_KeyUp, cashierDataGridView.CurrentCell.OwningColumn.Name  [qty]
[ADMIN] [04/10/2016 19:21] [PENJUALAN] CASHIER FORM : cashierDataGridView_CellValueChanged [qty]
[ADMIN] [04/10/2016 19:21] [PENJUALAN] CASHIER FORM : cashierDataGridView_CellValueChanged, previousInput [18]
[ADMIN] [04/10/2016 19:21] [PENJUALAN] CASHIER FORM : cashierDataGridView_CellValueChanged, dataGridViewTextBoxEditingControl.Text pass REGEX Checking
[ADMIN] [04/10/2016 19:21] [PENJUALAN] CASHIER FORM : CHECK STOCK QTY IS ENOUGH [8998866607872]
[ADMIN] [04/10/2016 19:21] [PENJUALAN] CASHIER FORM : CHECK STOCK QTY IS ENOUGH [24, 189918]
[ADMIN] [04/10/2016 19:21] [PENJUALAN] CASHIER FORM : cashierDataGridView_CellValueChanged [qty]
[ADMIN] [04/10/2016 19:21] [PENJUALAN] CASHIER FORM : cashierDataGridView_CellValueChanged, previousInput [18]
[ADMIN] [04/10/2016 19:21] [PENJUALAN] CASHIER FORM : CALCULATE SUBTOTAL
[ADMIN] [04/10/2016 19:21] [PENJUALAN] CASHIER FORM : SUBTOTAL [34200]
[ADMIN] [04/10/2016 19:21] [PENJUALAN] CASHIER FORM : cashierDataGridView_CellValueChanged, subtotal value [34200]
[ADMIN] [04/10/2016 19:21] [PENJUALAN] CASHIER FORM : cashierDataGridView_CellValueChanged, attempt to calculate total value
[ADMIN] [04/10/2016 19:21] [PENJUALAN] CASHIER FORM : calculateTotal
[ADMIN] [04/10/2016 19:21] [PENJUALAN] CASHIER FORM : calculateTotal [67300]
[ADMIN] [04/10/2016 19:21] [PENJUALAN] CASHIER FORM : calculateTotal, totalAfterDisc [67300]
[ADMIN] [04/10/2016 19:21] [PENJUALAN] CASHIER FORM : calculateChangeValue, bayarTextBox.Text [Rp100.000]
[ADMIN] [04/10/2016 19:21] [PENJUALAN] CASHIER FORM : calculateChangeValue, sisaBayar [32700]
[ADMIN] [04/10/2016 19:21] [PENJUALAN] CASHIER FORM : Combobox_KeyUp, cashierDataGridView.CurrentCell.OwningColumn.Name  [qty]
[ADMIN] [04/10/2016 19:21] [PENJUALAN] CASHIER FORM : Combobox_KeyUp, cashierDataGridView.CurrentCell.OwningColumn.Name  [qty]
[ADMIN] [04/10/2016 19:21] [PENJUALAN] CASHIER FORM : Combobox_KeyUp, cashierDataGridView.CurrentCell.OwningColumn.Name  [qty]
[ADMIN] [04/10/2016 19:21] [PENJUALAN] CASHIER FORM : cashierDataGridView_CellValueChanged [qty]
[ADMIN] [04/10/2016 19:21] [PENJUALAN] CASHIER FORM : cashierDataGridView_CellValueChanged, previousInput [18]
[ADMIN] [04/10/2016 19:21] [PENJUALAN] CASHIER FORM : cashierDataGridView_CellValueChanged, dataGridViewTextBoxEditingControl.Text pass REGEX Checking
[ADMIN] [04/10/2016 19:21] [PENJUALAN] CASHIER FORM : CHECK STOCK QTY IS ENOUGH [8998866607872]
[ADMIN] [04/10/2016 19:21] [PENJUALAN] CASHIER FORM : CHECK STOCK QTY IS ENOUGH [24, 1899189]
[ADMIN] [04/10/2016 19:21] [PENJUALAN] CASHIER FORM : cashierDataGridView_CellValueChanged [qty]
[ADMIN] [04/10/2016 19:21] [PENJUALAN] CASHIER FORM : cashierDataGridView_CellValueChanged, previousInput [18]
[ADMIN] [04/10/2016 19:21] [PENJUALAN] CASHIER FORM : CALCULATE SUBTOTAL
[ADMIN] [04/10/2016 19:21] [PENJUALAN] CASHIER FORM : SUBTOTAL [34200]
[ADMIN] [04/10/2016 19:21] [PENJUALAN] CASHIER FORM : cashierDataGridView_CellValueChanged, subtotal value [34200]
[ADMIN] [04/10/2016 19:21] [PENJUALAN] CASHIER FORM : cashierDataGridView_CellValueChanged, attempt to calculate total value
[ADMIN] [04/10/2016 19:21] [PENJUALAN] CASHIER FORM : calculateTotal
[ADMIN] [04/10/2016 19:21] [PENJUALAN] CASHIER FORM : calculateTotal [67300]
[ADMIN] [04/10/2016 19:21] [PENJUALAN] CASHIER FORM : calculateTotal, totalAfterDisc [67300]
[ADMIN] [04/10/2016 19:21] [PENJUALAN] CASHIER FORM : calculateChangeValue, bayarTextBox.Text [Rp100.000]
[ADMIN] [04/10/2016 19:21] [PENJUALAN] CASHIER FORM : calculateChangeValue, sisaBayar [32700]
[ADMIN] [04/10/2016 19:21] [PENJUALAN] CASHIER FORM : Combobox_KeyUp, cashierDataGridView.CurrentCell.OwningColumn.Name  [qty]
[ADMIN] [04/10/2016 19:21] [PENJUALAN] CASHIER FORM : Combobox_KeyUp, cashierDataGridView.CurrentCell.OwningColumn.Name  [qty]
[ADMIN] [04/10/2016 19:21] [PENJUALAN] CASHIER FORM : Combobox_KeyUp, cashierDataGridView.CurrentCell.OwningColumn.Name  [qty]
[ADMIN] [04/10/2016 19:21] [PENJUALAN] CASHIER FORM : cashierDataGridView_CellValueChanged [qty]
[ADMIN] [04/10/2016 19:21] [PENJUALAN] CASHIER FORM : cashierDataGridView_CellValueChanged, previousInput [18]
[ADMIN] [04/10/2016 19:21] [PENJUALAN] CASHIER FORM : cashierDataGridView_CellValueChanged, dataGridViewTextBoxEditingControl.Text pass REGEX Checking
[ADMIN] [04/10/2016 19:21] [PENJUALAN] CASHIER FORM : CHECK STOCK QTY IS ENOUGH [8998866607872]
[ADMIN] [04/10/2016 19:21] [PENJUALAN] CASHIER FORM : CHECK STOCK QTY IS ENOUGH [24, 18991899]
[ADMIN] [04/10/2016 19:21] [PENJUALAN] CASHIER FORM : cashierDataGridView_CellValueChanged [qty]
[ADMIN] [04/10/2016 19:21] [PENJUALAN] CASHIER FORM : cashierDataGridView_CellValueChanged, previousInput [18]
[ADMIN] [04/10/2016 19:21] [PENJUALAN] CASHIER FORM : CALCULATE SUBTOTAL
[ADMIN] [04/10/2016 19:21] [PENJUALAN] CASHIER FORM : SUBTOTAL [34200]
[ADMIN] [04/10/2016 19:21] [PENJUALAN] CASHIER FORM : cashierDataGridView_CellValueChanged, subtotal value [34200]
[ADMIN] [04/10/2016 19:21] [PENJUALAN] CASHIER FORM : cashierDataGridView_CellValueChanged, attempt to calculate total value
[ADMIN] [04/10/2016 19:21] [PENJUALAN] CASHIER FORM : calculateTotal
[ADMIN] [04/10/2016 19:21] [PENJUALAN] CASHIER FORM : calculateTotal [67300]
[ADMIN] [04/10/2016 19:21] [PENJUALAN] CASHIER FORM : calculateTotal, totalAfterDisc [67300]
[ADMIN] [04/10/2016 19:21] [PENJUALAN] CASHIER FORM : calculateChangeValue, bayarTextBox.Text [Rp100.000]
[ADMIN] [04/10/2016 19:21] [PENJUALAN] CASHIER FORM : calculateChangeValue, sisaBayar [32700]
[ADMIN] [04/10/2016 19:21] [PENJUALAN] CASHIER FORM : Combobox_KeyUp, cashierDataGridView.CurrentCell.OwningColumn.Name  [qty]
[ADMIN] [04/10/2016 19:21] [PENJUALAN] CASHIER FORM : Combobox_KeyUp, cashierDataGridView.CurrentCell.OwningColumn.Name  [qty]
[ADMIN] [04/10/2016 19:21] [PENJUALAN] CASHIER FORM : Combobox_KeyUp, cashierDataGridView.CurrentCell.OwningColumn.Name  [qty]
[ADMIN] [04/10/2016 19:21] [PENJUALAN] CASHIER FORM : cashierDataGridView_CellValueChanged [qty]
[ADMIN] [04/10/2016 19:21] [PENJUALAN] CASHIER FORM : cashierDataGridView_CellValueChanged, previousInput [18]
[ADMIN] [04/10/2016 19:21] [PENJUALAN] CASHIER FORM : cashierDataGridView_CellValueChanged, dataGridViewTextBoxEditingControl.Text pass REGEX Checking
[ADMIN] [04/10/2016 19:21] [PENJUALAN] CASHIER FORM : CHECK STOCK QTY IS ENOUGH [8998866607872]
[ADMIN] [04/10/2016 19:21] [PENJUALAN] CASHIER FORM : CHECK STOCK QTY IS ENOUGH [24, 189918993]
[ADMIN] [04/10/2016 19:21] [PENJUALAN] CASHIER FORM : cashierDataGridView_CellValueChanged [qty]
[ADMIN] [04/10/2016 19:21] [PENJUALAN] CASHIER FORM : cashierDataGridView_CellValueChanged, previousInput [18]
[ADMIN] [04/10/2016 19:21] [PENJUALAN] CASHIER FORM : CALCULATE SUBTOTAL
[ADMIN] [04/10/2016 19:21] [PENJUALAN] CASHIER FORM : SUBTOTAL [34200]
[ADMIN] [04/10/2016 19:21] [PENJUALAN] CASHIER FORM : cashierDataGridView_CellValueChanged, subtotal value [34200]
[ADMIN] [04/10/2016 19:21] [PENJUALAN] CASHIER FORM : cashierDataGridView_CellValueChanged, attempt to calculate total value
[ADMIN] [04/10/2016 19:21] [PENJUALAN] CASHIER FORM : calculateTotal
[ADMIN] [04/10/2016 19:21] [PENJUALAN] CASHIER FORM : calculateTotal [67300]
[ADMIN] [04/10/2016 19:21] [PENJUALAN] CASHIER FORM : calculateTotal, totalAfterDisc [67300]
[ADMIN] [04/10/2016 19:21] [PENJUALAN] CASHIER FORM : calculateChangeValue, bayarTextBox.Text [Rp100.000]
[ADMIN] [04/10/2016 19:21] [PENJUALAN] CASHIER FORM : calculateChangeValue, sisaBayar [32700]
[ADMIN] [04/10/2016 19:21] [PENJUALAN] CASHIER FORM : Combobox_KeyUp, cashierDataGridView.CurrentCell.OwningColumn.Name  [qty]
[ADMIN] [04/10/2016 19:21] [PENJUALAN] CASHIER FORM : Combobox_KeyUp, cashierDataGridView.CurrentCell.OwningColumn.Name  [qty]
[ADMIN] [04/10/2016 19:21] [PENJUALAN] CASHIER FORM : Combobox_KeyUp, cashierDataGridView.CurrentCell.OwningColumn.Name  [qty]
[ADMIN] [04/10/2016 19:21] [PENJUALAN] CASHIER FORM : cashierDataGridView_CellValueChanged [qty]
[ADMIN] [04/10/2016 19:21] [PENJUALAN] CASHIER FORM : cashierDataGridView_CellValueChanged, previousInput [18]
[ADMIN] [04/10/2016 19:21] [PENJUALAN] CASHIER FORM : cashierDataGridView_CellValueChanged, dataGridViewTextBoxEditingControl.Text pass REGEX Checking
[ADMIN] [04/10/2016 19:21] [PENJUALAN] CASHIER FORM : CHECK STOCK QTY IS ENOUGH [8998866607872]
[ADMIN] [04/10/2016 19:21] [PENJUALAN] CASHIER FORM : CHECK STOCK QTY IS ENOUGH [24, 1899189930]
[ADMIN] [04/10/2016 19:21] [PENJUALAN] CASHIER FORM : cashierDataGridView_CellValueChanged [qty]
[ADMIN] [04/10/2016 19:21] [PENJUALAN] CASHIER FORM : cashierDataGridView_CellValueChanged, previousInput [18]
[ADMIN] [04/10/2016 19:21] [PENJUALAN] CASHIER FORM : CALCULATE SUBTOTAL
[ADMIN] [04/10/2016 19:21] [PENJUALAN] CASHIER FORM : SUBTOTAL [34200]
[ADMIN] [04/10/2016 19:21] [PENJUALAN] CASHIER FORM : cashierDataGridView_CellValueChanged, subtotal value [34200]
[ADMIN] [04/10/2016 19:21] [PENJUALAN] CASHIER FORM : cashierDataGridView_CellValueChanged, attempt to calculate total value
[ADMIN] [04/10/2016 19:21] [PENJUALAN] CASHIER FORM : calculateTotal
[ADMIN] [04/10/2016 19:21] [PENJUALAN] CASHIER FORM : calculateTotal [67300]
[ADMIN] [04/10/2016 19:21] [PENJUALAN] CASHIER FORM : calculateTotal, totalAfterDisc [67300]
[ADMIN] [04/10/2016 19:21] [PENJUALAN] CASHIER FORM : calculateChangeValue, bayarTextBox.Text [Rp100.000]
[ADMIN] [04/10/2016 19:21] [PENJUALAN] CASHIER FORM : calculateChangeValue, sisaBayar [32700]
[ADMIN] [04/10/2016 19:21] [PENJUALAN] CASHIER FORM : Combobox_KeyUp, cashierDataGridView.CurrentCell.OwningColumn.Name  [qty]
[ADMIN] [04/10/2016 19:21] [PENJUALAN] CASHIER FORM : Combobox_KeyUp, cashierDataGridView.CurrentCell.OwningColumn.Name  [qty]
[ADMIN] [04/10/2016 19:21] [PENJUALAN] CASHIER FORM : Combobox_KeyUp, cashierDataGridView.CurrentCell.OwningColumn.Name  [qty]
[ADMIN] [04/10/2016 19:21] [PENJUALAN] CASHIER FORM : cashierDataGridView_CellValueChanged [qty]
[ADMIN] [04/10/2016 19:21] [PENJUALAN] CASHIER FORM : cashierDataGridView_CellValueChanged, previousInput [18]
[ADMIN] [04/10/2016 19:21] [PENJUALAN] CASHIER FORM : cashierDataGridView_CellValueChanged, dataGridViewTextBoxEditingControl.Text pass REGEX Checking
[ADMIN] [04/10/2016 19:21] [PENJUALAN] CASHIER FORM : CHECK STOCK QTY IS ENOUGH [8998866607872]
[ADMIN] [04/10/2016 19:21] [PENJUALAN] CASHIER FORM : CHECK STOCK QTY IS ENOUGH [24, 18991899302]
[ADMIN] [04/10/2016 19:21] [PENJUALAN] CASHIER FORM : cashierDataGridView_CellValueChanged [qty]
[ADMIN] [04/10/2016 19:21] [PENJUALAN] CASHIER FORM : cashierDataGridView_CellValueChanged, previousInput [18]
[ADMIN] [04/10/2016 19:21] [PENJUALAN] CASHIER FORM : CALCULATE SUBTOTAL
[ADMIN] [04/10/2016 19:21] [PENJUALAN] CASHIER FORM : SUBTOTAL [34200]
[ADMIN] [04/10/2016 19:21] [PENJUALAN] CASHIER FORM : cashierDataGridView_CellValueChanged, subtotal value [34200]
[ADMIN] [04/10/2016 19:21] [PENJUALAN] CASHIER FORM : cashierDataGridView_CellValueChanged, attempt to calculate total value
[ADMIN] [04/10/2016 19:21] [PENJUALAN] CASHIER FORM : calculateTotal
[ADMIN] [04/10/2016 19:21] [PENJUALAN] CASHIER FORM : calculateTotal [67300]
[ADMIN] [04/10/2016 19:21] [PENJUALAN] CASHIER FORM : calculateTotal, totalAfterDisc [67300]
[ADMIN] [04/10/2016 19:21] [PENJUALAN] CASHIER FORM : calculateChangeValue, bayarTextBox.Text [Rp100.000]
[ADMIN] [04/10/2016 19:21] [PENJUALAN] CASHIER FORM : calculateChangeValue, sisaBayar [32700]
[ADMIN] [04/10/2016 19:21] [PENJUALAN] CASHIER FORM : Combobox_KeyUp, cashierDataGridView.CurrentCell.OwningColumn.Name  [qty]
[ADMIN] [04/10/2016 19:21] [PENJUALAN] CASHIER FORM : Combobox_KeyUp, cashierDataGridView.CurrentCell.OwningColumn.Name  [qty]
[ADMIN] [04/10/2016 19:21] [PENJUALAN] CASHIER FORM : Combobox_KeyUp, cashierDataGridView.CurrentCell.OwningColumn.Name  [qty]
[ADMIN] [04/10/2016 19:21] [PENJUALAN] CASHIER FORM : cashierDataGridView_CellValueChanged [qty]
[ADMIN] [04/10/2016 19:21] [PENJUALAN] CASHIER FORM : cashierDataGridView_CellValueChanged, previousInput [18]
[ADMIN] [04/10/2016 19:21] [PENJUALAN] CASHIER FORM : cashierDataGridView_CellValueChanged, dataGridViewTextBoxEditingControl.Text pass REGEX Checking
[ADMIN] [04/10/2016 19:21] [PENJUALAN] CASHIER FORM : CHECK STOCK QTY IS ENOUGH [8998866607872]
[ADMIN] [04/10/2016 19:21] [PENJUALAN] CASHIER FORM : CHECK STOCK QTY IS ENOUGH [24, 189918993021]
[ADMIN] [04/10/2016 19:21] [PENJUALAN] CASHIER FORM : cashierDataGridView_CellValueChanged [qty]
[ADMIN] [04/10/2016 19:21] [PENJUALAN] CASHIER FORM : cashierDataGridView_CellValueChanged, previousInput [18]
[ADMIN] [04/10/2016 19:21] [PENJUALAN] CASHIER FORM : CALCULATE SUBTOTAL
[ADMIN] [04/10/2016 19:21] [PENJUALAN] CASHIER FORM : SUBTOTAL [34200]
[ADMIN] [04/10/2016 19:21] [PENJUALAN] CASHIER FORM : cashierDataGridView_CellValueChanged, subtotal value [34200]
[ADMIN] [04/10/2016 19:21] [PENJUALAN] CASHIER FORM : cashierDataGridView_CellValueChanged, attempt to calculate total value
[ADMIN] [04/10/2016 19:21] [PENJUALAN] CASHIER FORM : calculateTotal
[ADMIN] [04/10/2016 19:21] [PENJUALAN] CASHIER FORM : calculateTotal [67300]
[ADMIN] [04/10/2016 19:21] [PENJUALAN] CASHIER FORM : calculateTotal, totalAfterDisc [67300]
[ADMIN] [04/10/2016 19:21] [PENJUALAN] CASHIER FORM : calculateChangeValue, bayarTextBox.Text [Rp100.000]
[ADMIN] [04/10/2016 19:21] [PENJUALAN] CASHIER FORM : calculateChangeValue, sisaBayar [32700]
[ADMIN] [04/10/2016 19:21] [PENJUALAN] CASHIER FORM : Combobox_KeyUp, cashierDataGridView.CurrentCell.OwningColumn.Name  [qty]
[ADMIN] [04/10/2016 19:21] [PENJUALAN] CASHIER FORM : Combobox_KeyUp, cashierDataGridView.CurrentCell.OwningColumn.Name  [qty]
[ADMIN] [04/10/2016 19:21] [PENJUALAN] CASHIER FORM : Combobox_KeyUp, cashierDataGridView.CurrentCell.OwningColumn.Name  [qty]
[ADMIN] [04/10/2016 19:21] [PENJUALAN] CASHIER FORM : cashierDataGridView_CellValueChanged [qty]
[ADMIN] [04/10/2016 19:21] [PENJUALAN] CASHIER FORM : cashierDataGridView_CellValueChanged, previousInput [18]
[ADMIN] [04/10/2016 19:21] [PENJUALAN] CASHIER FORM : cashierDataGridView_CellValueChanged, dataGridViewTextBoxEditingControl.Text pass REGEX Checking
[ADMIN] [04/10/2016 19:21] [PENJUALAN] CASHIER FORM : CHECK STOCK QTY IS ENOUGH [8998866607872]
[ADMIN] [04/10/2016 19:21] [PENJUALAN] CASHIER FORM : CHECK STOCK QTY IS ENOUGH [24, 1899189930217]
[ADMIN] [04/10/2016 19:21] [PENJUALAN] CASHIER FORM : cashierDataGridView_CellValueChanged [qty]
[ADMIN] [04/10/2016 19:21] [PENJUALAN] CASHIER FORM : cashierDataGridView_CellValueChanged, previousInput [18]
[ADMIN] [04/10/2016 19:21] [PENJUALAN] CASHIER FORM : CALCULATE SUBTOTAL
[ADMIN] [04/10/2016 19:21] [PENJUALAN] CASHIER FORM : SUBTOTAL [34200]
[ADMIN] [04/10/2016 19:21] [PENJUALAN] CASHIER FORM : cashierDataGridView_CellValueChanged, subtotal value [34200]
[ADMIN] [04/10/2016 19:21] [PENJUALAN] CASHIER FORM : cashierDataGridView_CellValueChanged, attempt to calculate total value
[ADMIN] [04/10/2016 19:21] [PENJUALAN] CASHIER FORM : calculateTotal
[ADMIN] [04/10/2016 19:21] [PENJUALAN] CASHIER FORM : calculateTotal [67300]
[ADMIN] [04/10/2016 19:21] [PENJUALAN] CASHIER FORM : calculateTotal, totalAfterDisc [67300]
[ADMIN] [04/10/2016 19:21] [PENJUALAN] CASHIER FORM : calculateChangeValue, bayarTextBox.Text [Rp100.000]
[ADMIN] [04/10/2016 19:21] [PENJUALAN] CASHIER FORM : calculateChangeValue, sisaBayar [32700]
[ADMIN] [04/10/2016 19:21] [PENJUALAN] CASHIER FORM : Combobox_KeyUp, cashierDataGridView.CurrentCell.OwningColumn.Name  [qty]
[ADMIN] [04/10/2016 19:21] [PENJUALAN] CASHIER FORM : Combobox_KeyUp, cashierDataGridView.CurrentCell.OwningColumn.Name  [qty]
[ADMIN] [04/10/2016 19:21] [PENJUALAN] CASHIER FORM : Combobox_KeyUp, cashierDataGridView.CurrentCell.OwningColumn.Name  [qty]
[ADMIN] [04/10/2016 19:21] [PENJUALAN] CASHIER FORM : cashierDataGridView_CellValueChanged [qty]
[ADMIN] [04/10/2016 19:21] [PENJUALAN] CASHIER FORM : cashierDataGridView_CellValueChanged, previousInput [18]
[ADMIN] [04/10/2016 19:21] [PENJUALAN] CASHIER FORM : cashierDataGridView_CellValueChanged, dataGridViewTextBoxEditingControl.Text pass REGEX Checking
[ADMIN] [04/10/2016 19:21] [PENJUALAN] CASHIER FORM : CHECK STOCK QTY IS ENOUGH [8998866607872]
[ADMIN] [04/10/2016 19:21] [PENJUALAN] CASHIER FORM : CHECK STOCK QTY IS ENOUGH [24, 18991899302172]
[ADMIN] [04/10/2016 19:21] [PENJUALAN] CASHIER FORM : cashierDataGridView_CellValueChanged [qty]
[ADMIN] [04/10/2016 19:21] [PENJUALAN] CASHIER FORM : cashierDataGridView_CellValueChanged, previousInput [18]
[ADMIN] [04/10/2016 19:21] [PENJUALAN] CASHIER FORM : CALCULATE SUBTOTAL
[ADMIN] [04/10/2016 19:21] [PENJUALAN] CASHIER FORM : SUBTOTAL [34200]
[ADMIN] [04/10/2016 19:21] [PENJUALAN] CASHIER FORM : cashierDataGridView_CellValueChanged, subtotal value [34200]
[ADMIN] [04/10/2016 19:21] [PENJUALAN] CASHIER FORM : cashierDataGridView_CellValueChanged, attempt to calculate total value
[ADMIN] [04/10/2016 19:21] [PENJUALAN] CASHIER FORM : calculateTotal
[ADMIN] [04/10/2016 19:21] [PENJUALAN] CASHIER FORM : calculateTotal [67300]
[ADMIN] [04/10/2016 19:21] [PENJUALAN] CASHIER FORM : calculateTotal, totalAfterDisc [67300]
[ADMIN] [04/10/2016 19:21] [PENJUALAN] CASHIER FORM : calculateChangeValue, bayarTextBox.Text [Rp100.000]
[ADMIN] [04/10/2016 19:21] [PENJUALAN] CASHIER FORM : calculateChangeValue, sisaBayar [32700]
[ADMIN] [04/10/2016 19:21] [PENJUALAN] CASHIER FORM : Combobox_KeyUp, cashierDataGridView.CurrentCell.OwningColumn.Name  [qty]
[ADMIN] [04/10/2016 19:21] [PENJUALAN] CASHIER FORM : Combobox_KeyUp, cashierDataGridView.CurrentCell.OwningColumn.Name  [qty]
[ADMIN] [04/10/2016 19:21] [PENJUALAN] CASHIER FORM : Combobox_KeyUp, cashierDataGridView.CurrentCell.OwningColumn.Name  [qty]
[ADMIN] [04/10/2016 19:21] [PENJUALAN] CASHIER FORM : Combobox_KeyUp, cashierDataGridView.CurrentCell.OwningColumn.Name  [qty]
[ADMIN] [04/10/2016 19:21] [PENJUALAN] CASHIER FORM : Combobox_KeyUp, cashierDataGridView.CurrentCell.OwningColumn.Name  [qty]
[ADMIN] [04/10/2016 19:21] [PENJUALAN] CASHIER FORM : Combobox_KeyUp, cashierDataGridView.CurrentCell.OwningColumn.Name  [qty]
[ADMIN] [04/10/2016 19:21] [PENJUALAN] CASHIER FORM : cashierDataGridView_CellValueChanged [qty]
[ADMIN] [04/10/2016 19:21] [PENJUALAN] CASHIER FORM : cashierDataGridView_CellValueChanged, previousInput [18]
[ADMIN] [04/10/2016 19:21] [PENJUALAN] CASHIER FORM : cashierDataGridView_CellValueChanged, dataGridViewTextBoxEditingControl.Text pass REGEX Checking
[ADMIN] [04/10/2016 19:21] [PENJUALAN] CASHIER FORM : CHECK STOCK QTY IS ENOUGH [8998866607872]
[ADMIN] [04/10/2016 19:21] [PENJUALAN] CASHIER FORM : CHECK STOCK QTY IS ENOUGH [24, 1]
[ADMIN] [04/10/2016 19:21] [PENJUALAN] CASHIER FORM : CALCULATE SUBTOTAL
[ADMIN] [04/10/2016 19:21] [PENJUALAN] CASHIER FORM : SUBTOTAL [1900]
[ADMIN] [04/10/2016 19:21] [PENJUALAN] CASHIER FORM : cashierDataGridView_CellValueChanged, subtotal value [1900]
[ADMIN] [04/10/2016 19:21] [PENJUALAN] CASHIER FORM : cashierDataGridView_CellValueChanged [jumlah]
[ADMIN] [04/10/2016 19:21] [PENJUALAN] CASHIER FORM : cashierDataGridView_CellValueChanged, attempt to calculate total value
[ADMIN] [04/10/2016 19:21] [PENJUALAN] CASHIER FORM : calculateTotal
[ADMIN] [04/10/2016 19:21] [PENJUALAN] CASHIER FORM : calculateTotal [35000]
[ADMIN] [04/10/2016 19:21] [PENJUALAN] CASHIER FORM : calculateTotal, totalAfterDisc [35000]
[ADMIN] [04/10/2016 19:21] [PENJUALAN] CASHIER FORM : calculateChangeValue, bayarTextBox.Text [Rp100.000]
[ADMIN] [04/10/2016 19:21] [PENJUALAN] CASHIER FORM : calculateChangeValue, sisaBayar [65000]
[ADMIN] [04/10/2016 19:21] [PENJUALAN] CASHIER FORM : Combobox_KeyUp, cashierDataGridView.CurrentCell.OwningColumn.Name  [qty]
[ADMIN] [04/10/2016 19:21] [PENJUALAN] CASHIER FORM : Combobox_KeyUp, cashierDataGridView.CurrentCell.OwningColumn.Name  [qty]
[ADMIN] [04/10/2016 19:21] [PENJUALAN] CASHIER FORM : Combobox_KeyUp, cashierDataGridView.CurrentCell.OwningColumn.Name  [qty]
[ADMIN] [04/10/2016 19:21] [PENJUALAN] CASHIER FORM : Combobox_previewKeyDown, cashierDataGridView.CurrentCell.OwningColumn.Name  [productID]
[ADMIN] [04/10/2016 19:21] [PENJUALAN] CASHIER FORM : Combobox_previewKeyDown, cashierDataGridView.CurrentCell.OwningColumn.Name  [productID]
[ADMIN] [04/10/2016 19:21] [PENJUALAN] CASHIER FORM : Combobox_previewKeyDown, cashierDataGridView.CurrentCell.OwningColumn.Name  [productID]
[ADMIN] [04/10/2016 19:21] [PENJUALAN] CASHIER FORM : Combobox_previewKeyDown, cashierDataGridView.CurrentCell.OwningColumn.Name  [productID]
[ADMIN] [04/10/2016 19:21] [PENJUALAN] CASHIER FORM : UPDATE ROW NUMBER, TOTAL ROW [5]
[ADMIN] [04/10/2016 19:21] [PENJUALAN] CASHIER FORM : cashierDataGridView_CellValueChanged [F8]
[ADMIN] [04/10/2016 19:21] [PENJUALAN] CASHIER FORM : cashierDataGridView_CellValueChanged [productID]
[ADMIN] [04/10/2016 19:21] [PENJUALAN] CASHIER FORM : Combobox_KeyUp, cashierDataGridView.CurrentCell.OwningColumn.Name  [productID]
[ADMIN] [04/10/2016 19:21] [PENJUALAN] CASHIER FORM : Combobox_KeyUp, cashierDataGridView.CurrentCell.OwningColumn.Name  [productID]
[ADMIN] [04/10/2016 19:21] [PENJUALAN] CASHIER FORM : Combobox_KeyUp, cashierDataGridView.CurrentCell.OwningColumn.Name  [productID]
[ADMIN] [04/10/2016 19:21] [PENJUALAN] CASHIER FORM : Combobox_KeyUp, cashierDataGridView.CurrentCell.OwningColumn.Name  [productID]
[ADMIN] [04/10/2016 19:21] [PENJUALAN] CASHIER FORM : Combobox_previewKeyDown, cashierDataGridView.CurrentCell.OwningColumn.Name  [productID]
[ADMIN] [04/10/2016 19:21] [PENJUALAN] CASHIER FORM : Combobox_previewKeyDown, cashierDataGridView.CurrentCell.OwningColumn.Name  [productID]
[ADMIN] [04/10/2016 19:21] [PENJUALAN] CASHIER FORM : Combobox_previewKeyDown, cashierDataGridView.CurrentCell.OwningColumn.Name  [productID]
[ADMIN] [04/10/2016 19:21] [PENJUALAN] CASHIER FORM : Combobox_previewKeyDown, cashierDataGridView.CurrentCell.OwningColumn.Name  [productID]
[ADMIN] [04/10/2016 19:21] [PENJUALAN] CASHIER FORM : cashierDataGridView_CellValueChanged [productID]
[ADMIN] [04/10/2016 19:21] [PENJUALAN] CASHIER FORM : Combobox_KeyUp, cashierDataGridView.CurrentCell.OwningColumn.Name  [productID]
[ADMIN] [04/10/2016 19:21] [PENJUALAN] CASHIER FORM : Combobox_KeyUp, cashierDataGridView.CurrentCell.OwningColumn.Name  [productID]
[ADMIN] [04/10/2016 19:21] [PENJUALAN] CASHIER FORM : Combobox_KeyUp, cashierDataGridView.CurrentCell.OwningColumn.Name  [productID]
[ADMIN] [04/10/2016 19:21] [PENJUALAN] CASHIER FORM : Combobox_KeyUp, cashierDataGridView.CurrentCell.OwningColumn.Name  [productID]
[ADMIN] [04/10/2016 19:21] [PENJUALAN] CASHIER FORM : Combobox_previewKeyDown, cashierDataGridView.CurrentCell.OwningColumn.Name  [productID]
[ADMIN] [04/10/2016 19:21] [PENJUALAN] CASHIER FORM : Combobox_previewKeyDown, cashierDataGridView.CurrentCell.OwningColumn.Name  [productID]
[ADMIN] [04/10/2016 19:21] [PENJUALAN] CASHIER FORM : Combobox_previewKeyDown, cashierDataGridView.CurrentCell.OwningColumn.Name  [productID]
[ADMIN] [04/10/2016 19:21] [PENJUALAN] CASHIER FORM : Combobox_previewKeyDown, cashierDataGridView.CurrentCell.OwningColumn.Name  [productID]
[ADMIN] [04/10/2016 19:21] [PENJUALAN] CASHIER FORM : cashierDataGridView_CellValueChanged [productID]
[ADMIN] [04/10/2016 19:21] [PENJUALAN] CASHIER FORM : Combobox_KeyUp, cashierDataGridView.CurrentCell.OwningColumn.Name  [productID]
[ADMIN] [04/10/2016 19:21] [PENJUALAN] CASHIER FORM : Combobox_KeyUp, cashierDataGridView.CurrentCell.OwningColumn.Name  [productID]
[ADMIN] [04/10/2016 19:21] [PENJUALAN] CASHIER FORM : Combobox_KeyUp, cashierDataGridView.CurrentCell.OwningColumn.Name  [productID]
[ADMIN] [04/10/2016 19:21] [PENJUALAN] CASHIER FORM : Combobox_KeyUp, cashierDataGridView.CurrentCell.OwningColumn.Name  [productID]
[ADMIN] [04/10/2016 19:21] [PENJUALAN] CASHIER FORM : Combobox_previewKeyDown, cashierDataGridView.CurrentCell.OwningColumn.Name  [productID]
[ADMIN] [04/10/2016 19:21] [PENJUALAN] CASHIER FORM : Combobox_previewKeyDown, cashierDataGridView.CurrentCell.OwningColumn.Name  [productID]
[ADMIN] [04/10/2016 19:21] [PENJUALAN] CASHIER FORM : Combobox_previewKeyDown, cashierDataGridView.CurrentCell.OwningColumn.Name  [productID]
[ADMIN] [04/10/2016 19:21] [PENJUALAN] CASHIER FORM : Combobox_previewKeyDown, cashierDataGridView.CurrentCell.OwningColumn.Name  [productID]
[ADMIN] [04/10/2016 19:21] [PENJUALAN] CASHIER FORM : cashierDataGridView_CellValueChanged [productID]
[ADMIN] [04/10/2016 19:21] [PENJUALAN] CASHIER FORM : Combobox_KeyUp, cashierDataGridView.CurrentCell.OwningColumn.Name  [productID]
[ADMIN] [04/10/2016 19:21] [PENJUALAN] CASHIER FORM : Combobox_KeyUp, cashierDataGridView.CurrentCell.OwningColumn.Name  [productID]
[ADMIN] [04/10/2016 19:21] [PENJUALAN] CASHIER FORM : Combobox_KeyUp, cashierDataGridView.CurrentCell.OwningColumn.Name  [productID]
[ADMIN] [04/10/2016 19:21] [PENJUALAN] CASHIER FORM : Combobox_KeyUp, cashierDataGridView.CurrentCell.OwningColumn.Name  [productID]
[ADMIN] [04/10/2016 19:21] [PENJUALAN] CASHIER FORM : Combobox_previewKeyDown, cashierDataGridView.CurrentCell.OwningColumn.Name  [productID]
[ADMIN] [04/10/2016 19:21] [PENJUALAN] CASHIER FORM : Combobox_previewKeyDown, cashierDataGridView.CurrentCell.OwningColumn.Name  [productID]
[ADMIN] [04/10/2016 19:21] [PENJUALAN] CASHIER FORM : Combobox_previewKeyDown, cashierDataGridView.CurrentCell.OwningColumn.Name  [productID]
[ADMIN] [04/10/2016 19:21] [PENJUALAN] CASHIER FORM : Combobox_previewKeyDown, cashierDataGridView.CurrentCell.OwningColumn.Name  [productID]
[ADMIN] [04/10/2016 19:21] [PENJUALAN] CASHIER FORM : cashierDataGridView_CellValueChanged [productID]
[ADMIN] [04/10/2016 19:21] [PENJUALAN] CASHIER FORM : Combobox_KeyUp, cashierDataGridView.CurrentCell.OwningColumn.Name  [productID]
[ADMIN] [04/10/2016 19:21] [PENJUALAN] CASHIER FORM : Combobox_KeyUp, cashierDataGridView.CurrentCell.OwningColumn.Name  [productID]
[ADMIN] [04/10/2016 19:21] [PENJUALAN] CASHIER FORM : Combobox_KeyUp, cashierDataGridView.CurrentCell.OwningColumn.Name  [productID]
[ADMIN] [04/10/2016 19:21] [PENJUALAN] CASHIER FORM : Combobox_KeyUp, cashierDataGridView.CurrentCell.OwningColumn.Name  [productID]
[ADMIN] [04/10/2016 19:21] [PENJUALAN] CASHIER FORM : Combobox_previewKeyDown, cashierDataGridView.CurrentCell.OwningColumn.Name  [productID]
[ADMIN] [04/10/2016 19:21] [PENJUALAN] CASHIER FORM : Combobox_previewKeyDown, cashierDataGridView.CurrentCell.OwningColumn.Name  [productID]
[ADMIN] [04/10/2016 19:21] [PENJUALAN] CASHIER FORM : Combobox_previewKeyDown, cashierDataGridView.CurrentCell.OwningColumn.Name  [productID]
[ADMIN] [04/10/2016 19:21] [PENJUALAN] CASHIER FORM : Combobox_previewKeyDown, cashierDataGridView.CurrentCell.OwningColumn.Name  [productID]
[ADMIN] [04/10/2016 19:21] [PENJUALAN] CASHIER FORM : cashierDataGridView_CellValueChanged [productID]
[ADMIN] [04/10/2016 19:21] [PENJUALAN] CASHIER FORM : Combobox_KeyUp, cashierDataGridView.CurrentCell.OwningColumn.Name  [productID]
[ADMIN] [04/10/2016 19:21] [PENJUALAN] CASHIER FORM : Combobox_KeyUp, cashierDataGridView.CurrentCell.OwningColumn.Name  [productID]
[ADMIN] [04/10/2016 19:21] [PENJUALAN] CASHIER FORM : Combobox_KeyUp, cashierDataGridView.CurrentCell.OwningColumn.Name  [productID]
[ADMIN] [04/10/2016 19:21] [PENJUALAN] CASHIER FORM : Combobox_KeyUp, cashierDataGridView.CurrentCell.OwningColumn.Name  [productID]
[ADMIN] [04/10/2016 19:21] [PENJUALAN] CASHIER FORM : Combobox_previewKeyDown, cashierDataGridView.CurrentCell.OwningColumn.Name  [productID]
[ADMIN] [04/10/2016 19:21] [PENJUALAN] CASHIER FORM : Combobox_previewKeyDown, cashierDataGridView.CurrentCell.OwningColumn.Name  [productID]
[ADMIN] [04/10/2016 19:21] [PENJUALAN] CASHIER FORM : Combobox_previewKeyDown, cashierDataGridView.CurrentCell.OwningColumn.Name  [productID]
[ADMIN] [04/10/2016 19:21] [PENJUALAN] CASHIER FORM : Combobox_previewKeyDown, cashierDataGridView.CurrentCell.OwningColumn.Name  [productID]
[ADMIN] [04/10/2016 19:21] [PENJUALAN] CASHIER FORM : cashierDataGridView_CellValueChanged [productID]
[ADMIN] [04/10/2016 19:21] [PENJUALAN] CASHIER FORM : Combobox_KeyUp, cashierDataGridView.CurrentCell.OwningColumn.Name  [productID]
[ADMIN] [04/10/2016 19:21] [PENJUALAN] CASHIER FORM : Combobox_KeyUp, cashierDataGridView.CurrentCell.OwningColumn.Name  [productID]
[ADMIN] [04/10/2016 19:21] [PENJUALAN] CASHIER FORM : Combobox_KeyUp, cashierDataGridView.CurrentCell.OwningColumn.Name  [productID]
[ADMIN] [04/10/2016 19:21] [PENJUALAN] CASHIER FORM : Combobox_KeyUp, cashierDataGridView.CurrentCell.OwningColumn.Name  [productID]
[ADMIN] [04/10/2016 19:21] [PENJUALAN] CASHIER FORM : Combobox_previewKeyDown, cashierDataGridView.CurrentCell.OwningColumn.Name  [productID]
[ADMIN] [04/10/2016 19:21] [PENJUALAN] CASHIER FORM : Combobox_previewKeyDown, cashierDataGridView.CurrentCell.OwningColumn.Name  [productID]
[ADMIN] [04/10/2016 19:21] [PENJUALAN] CASHIER FORM : Combobox_previewKeyDown, cashierDataGridView.CurrentCell.OwningColumn.Name  [productID]
[ADMIN] [04/10/2016 19:21] [PENJUALAN] CASHIER FORM : Combobox_previewKeyDown, cashierDataGridView.CurrentCell.OwningColumn.Name  [productID]
[ADMIN] [04/10/2016 19:21] [PENJUALAN] CASHIER FORM : cashierDataGridView_CellValueChanged [productID]
[ADMIN] [04/10/2016 19:21] [PENJUALAN] CASHIER FORM : Combobox_KeyUp, cashierDataGridView.CurrentCell.OwningColumn.Name  [productID]
[ADMIN] [04/10/2016 19:21] [PENJUALAN] CASHIER FORM : Combobox_KeyUp, cashierDataGridView.CurrentCell.OwningColumn.Name  [productID]
[ADMIN] [04/10/2016 19:21] [PENJUALAN] CASHIER FORM : Combobox_KeyUp, cashierDataGridView.CurrentCell.OwningColumn.Name  [productID]
[ADMIN] [04/10/2016 19:21] [PENJUALAN] CASHIER FORM : Combobox_KeyUp, cashierDataGridView.CurrentCell.OwningColumn.Name  [productID]
[ADMIN] [04/10/2016 19:21] [PENJUALAN] CASHIER FORM : Combobox_previewKeyDown, cashierDataGridView.CurrentCell.OwningColumn.Name  [productID]
[ADMIN] [04/10/2016 19:21] [PENJUALAN] CASHIER FORM : Combobox_previewKeyDown, cashierDataGridView.CurrentCell.OwningColumn.Name  [productID]
[ADMIN] [04/10/2016 19:21] [PENJUALAN] CASHIER FORM : Combobox_previewKeyDown, cashierDataGridView.CurrentCell.OwningColumn.Name  [productID]
[ADMIN] [04/10/2016 19:21] [PENJUALAN] CASHIER FORM : Combobox_previewKeyDown, cashierDataGridView.CurrentCell.OwningColumn.Name  [productID]
[ADMIN] [04/10/2016 19:21] [PENJUALAN] CASHIER FORM : cashierDataGridView_CellValueChanged [productID]
[ADMIN] [04/10/2016 19:21] [PENJUALAN] CASHIER FORM : Combobox_KeyUp, cashierDataGridView.CurrentCell.OwningColumn.Name  [productID]
[ADMIN] [04/10/2016 19:21] [PENJUALAN] CASHIER FORM : Combobox_KeyUp, cashierDataGridView.CurrentCell.OwningColumn.Name  [productID]
[ADMIN] [04/10/2016 19:21] [PENJUALAN] CASHIER FORM : Combobox_KeyUp, cashierDataGridView.CurrentCell.OwningColumn.Name  [productID]
[ADMIN] [04/10/2016 19:21] [PENJUALAN] CASHIER FORM : Combobox_KeyUp, cashierDataGridView.CurrentCell.OwningColumn.Name  [productID]
[ADMIN] [04/10/2016 19:21] [PENJUALAN] CASHIER FORM : Combobox_previewKeyDown, cashierDataGridView.CurrentCell.OwningColumn.Name  [productID]
[ADMIN] [04/10/2016 19:21] [PENJUALAN] CASHIER FORM : Combobox_previewKeyDown, cashierDataGridView.CurrentCell.OwningColumn.Name  [productID]
[ADMIN] [04/10/2016 19:21] [PENJUALAN] CASHIER FORM : Combobox_previewKeyDown, cashierDataGridView.CurrentCell.OwningColumn.Name  [productID]
[ADMIN] [04/10/2016 19:21] [PENJUALAN] CASHIER FORM : Combobox_previewKeyDown, cashierDataGridView.CurrentCell.OwningColumn.Name  [productID]
[ADMIN] [04/10/2016 19:21] [PENJUALAN] CASHIER FORM : cashierDataGridView_CellValueChanged [productID]
[ADMIN] [04/10/2016 19:21] [PENJUALAN] CASHIER FORM : Combobox_KeyUp, cashierDataGridView.CurrentCell.OwningColumn.Name  [productID]
[ADMIN] [04/10/2016 19:21] [PENJUALAN] CASHIER FORM : Combobox_KeyUp, cashierDataGridView.CurrentCell.OwningColumn.Name  [productID]
[ADMIN] [04/10/2016 19:21] [PENJUALAN] CASHIER FORM : Combobox_KeyUp, cashierDataGridView.CurrentCell.OwningColumn.Name  [productID]
[ADMIN] [04/10/2016 19:21] [PENJUALAN] CASHIER FORM : Combobox_KeyUp, cashierDataGridView.CurrentCell.OwningColumn.Name  [productID]
[ADMIN] [04/10/2016 19:21] [PENJUALAN] CASHIER FORM : Combobox_previewKeyDown, cashierDataGridView.CurrentCell.OwningColumn.Name  [productID]
[ADMIN] [04/10/2016 19:21] [PENJUALAN] CASHIER FORM : Combobox_previewKeyDown, cashierDataGridView.CurrentCell.OwningColumn.Name  [productID]
[ADMIN] [04/10/2016 19:21] [PENJUALAN] CASHIER FORM : Combobox_previewKeyDown, cashierDataGridView.CurrentCell.OwningColumn.Name  [productID]
[ADMIN] [04/10/2016 19:21] [PENJUALAN] CASHIER FORM : Combobox_previewKeyDown, cashierDataGridView.CurrentCell.OwningColumn.Name  [productID]
[ADMIN] [04/10/2016 19:21] [PENJUALAN] CASHIER FORM : cashierDataGridView_CellValueChanged [productID]
[ADMIN] [04/10/2016 19:21] [PENJUALAN] CASHIER FORM : Combobox_KeyUp, cashierDataGridView.CurrentCell.OwningColumn.Name  [productID]
[ADMIN] [04/10/2016 19:21] [PENJUALAN] CASHIER FORM : Combobox_KeyUp, cashierDataGridView.CurrentCell.OwningColumn.Name  [productID]
[ADMIN] [04/10/2016 19:21] [PENJUALAN] CASHIER FORM : Combobox_KeyUp, cashierDataGridView.CurrentCell.OwningColumn.Name  [productID]
[ADMIN] [04/10/2016 19:21] [PENJUALAN] CASHIER FORM : Combobox_KeyUp, cashierDataGridView.CurrentCell.OwningColumn.Name  [productID]
[ADMIN] [04/10/2016 19:21] [PENJUALAN] CASHIER FORM : Combobox_previewKeyDown, cashierDataGridView.CurrentCell.OwningColumn.Name  [productID]
[ADMIN] [04/10/2016 19:21] [PENJUALAN] CASHIER FORM : Combobox_previewKeyDown, cashierDataGridView.CurrentCell.OwningColumn.Name  [productID]
[ADMIN] [04/10/2016 19:21] [PENJUALAN] CASHIER FORM : Combobox_previewKeyDown, cashierDataGridView.CurrentCell.OwningColumn.Name  [productID]
[ADMIN] [04/10/2016 19:21] [PENJUALAN] CASHIER FORM : Combobox_previewKeyDown, cashierDataGridView.CurrentCell.OwningColumn.Name  [productID]
[ADMIN] [04/10/2016 19:21] [PENJUALAN] CASHIER FORM : cashierDataGridView_CellValueChanged [productID]
[ADMIN] [04/10/2016 19:21] [PENJUALAN] CASHIER FORM : Combobox_KeyUp, cashierDataGridView.CurrentCell.OwningColumn.Name  [productID]
[ADMIN] [04/10/2016 19:21] [PENJUALAN] CASHIER FORM : Combobox_KeyUp, cashierDataGridView.CurrentCell.OwningColumn.Name  [productID]
[ADMIN] [04/10/2016 19:21] [PENJUALAN] CASHIER FORM : Combobox_KeyUp, cashierDataGridView.CurrentCell.OwningColumn.Name  [productID]
[ADMIN] [04/10/2016 19:21] [PENJUALAN] CASHIER FORM : Combobox_KeyUp, cashierDataGridView.CurrentCell.OwningColumn.Name  [productID]
[ADMIN] [04/10/2016 19:21] [PENJUALAN] CASHIER FORM : Combobox_previewKeyDown, cashierDataGridView.CurrentCell.OwningColumn.Name  [productID]
[ADMIN] [04/10/2016 19:21] [PENJUALAN] CASHIER FORM : Combobox_previewKeyDown, cashierDataGridView.CurrentCell.OwningColumn.Name  [productID]
[ADMIN] [04/10/2016 19:21] [PENJUALAN] CASHIER FORM : Combobox_previewKeyDown, cashierDataGridView.CurrentCell.OwningColumn.Name  [productID]
[ADMIN] [04/10/2016 19:21] [PENJUALAN] CASHIER FORM : Combobox_previewKeyDown, cashierDataGridView.CurrentCell.OwningColumn.Name  [productID]
[ADMIN] [04/10/2016 19:21] [PENJUALAN] CASHIER FORM : cashierDataGridView_CellValueChanged [productID]
[ADMIN] [04/10/2016 19:21] [PENJUALAN] CASHIER FORM : Combobox_KeyUp, cashierDataGridView.CurrentCell.OwningColumn.Name  [productID]
[ADMIN] [04/10/2016 19:21] [PENJUALAN] CASHIER FORM : Combobox_KeyUp, cashierDataGridView.CurrentCell.OwningColumn.Name  [productID]
[ADMIN] [04/10/2016 19:21] [PENJUALAN] CASHIER FORM : Combobox_KeyUp, cashierDataGridView.CurrentCell.OwningColumn.Name  [productID]
[ADMIN] [04/10/2016 19:21] [PENJUALAN] CASHIER FORM : Combobox_KeyUp, cashierDataGridView.CurrentCell.OwningColumn.Name  [productID]
[ADMIN] [04/10/2016 19:21] [PENJUALAN] CASHIER FORM : Combobox_previewKeyDown, cashierDataGridView.CurrentCell.OwningColumn.Name  [productID]
[ADMIN] [04/10/2016 19:21] [PENJUALAN] CASHIER FORM : updateSomeRowContents
[ADMIN] [04/10/2016 19:21] [PENJUALAN] CASHIER FORM : cashierDataGridView_CellValueChanged [productName]
[ADMIN] [04/10/2016 19:21] [PENJUALAN] CASHIER FORM : updateSomeRowContents
[ADMIN] [04/10/2016 19:21] [PENJUALAN] CASHIER FORM : PRODUCT PRICE TYPE [PRODUCT_BASE_PRICE]
[ADMIN] [04/10/2016 19:21] [PENJUALAN] CASHIER FORM : PRODUCT PRICE [6633]
[ADMIN] [04/10/2016 19:21] [PENJUALAN] CASHIER FORM : ComboBox_SelectedIndexChanged, PRODUCT_BASE_PRICE [6633]
[ADMIN] [04/10/2016 19:21] [PENJUALAN] CASHIER FORM : cashierDataGridView_CellValueChanged [hpp]
[ADMIN] [04/10/2016 19:21] [PENJUALAN] CASHIER FORM : PRODUCT PRICE TYPE [PRODUCT_RETAIL_PRICE]
[ADMIN] [04/10/2016 19:21] [PENJUALAN] CASHIER FORM : PRODUCT PRICE [7600]
[ADMIN] [04/10/2016 19:21] [PENJUALAN] CASHIER FORM : ComboBox_SelectedIndexChanged, PRODUCT_SALES_PRICE [7600]
[ADMIN] [04/10/2016 19:21] [PENJUALAN] CASHIER FORM : cashierDataGridView_CellValueChanged [productPrice]
[ADMIN] [04/10/2016 19:21] [PENJUALAN] CASHIER FORM : cashierDataGridView_CellValueChanged, previousInput [0]
[ADMIN] [04/10/2016 19:21] [PENJUALAN] CASHIER FORM : cashierDataGridView_CellValueChanged, cellValue [7600]
[ADMIN] [04/10/2016 19:21] [PENJUALAN] CASHIER FORM : cashierDataGridView_CellValueChanged, dataGridViewTextBoxEditingControl.Text pass REGEX Checking
[ADMIN] [04/10/2016 19:21] [PENJUALAN] CASHIER FORM : CALCULATE SUBTOTAL
[ADMIN] [04/10/2016 19:21] [PENJUALAN] CASHIER FORM : SUBTOTAL [0]
[ADMIN] [04/10/2016 19:21] [PENJUALAN] CASHIER FORM : cashierDataGridView_CellValueChanged, subtotal value [0]
[ADMIN] [04/10/2016 19:21] [PENJUALAN] CASHIER FORM : cashierDataGridView_CellValueChanged [jumlah]
[ADMIN] [04/10/2016 19:21] [PENJUALAN] CASHIER FORM : cashierDataGridView_CellValueChanged, attempt to calculate total value
[ADMIN] [04/10/2016 19:21] [PENJUALAN] CASHIER FORM : calculateTotal
[ADMIN] [04/10/2016 19:21] [PENJUALAN] CASHIER FORM : calculateTotal [35000]
[ADMIN] [04/10/2016 19:21] [PENJUALAN] CASHIER FORM : calculateTotal, totalAfterDisc [35000]
[ADMIN] [04/10/2016 19:21] [PENJUALAN] CASHIER FORM : calculateChangeValue, bayarTextBox.Text [Rp100.000]
[ADMIN] [04/10/2016 19:21] [PENJUALAN] CASHIER FORM : calculateChangeValue, sisaBayar [65000]
[ADMIN] [04/10/2016 19:21] [PENJUALAN] CASHIER FORM : cashierDataGridView_CellValueChanged [qty]
[ADMIN] [04/10/2016 19:21] [PENJUALAN] CASHIER FORM : cashierDataGridView_CellValueChanged, previousInput [0]
[ADMIN] [04/10/2016 19:21] [PENJUALAN] CASHIER FORM : cashierDataGridView_CellValueChanged [jumlah]
[ADMIN] [04/10/2016 19:21] [PENJUALAN] CASHIER FORM : calculateTotal
[ADMIN] [04/10/2016 19:21] [PENJUALAN] CASHIER FORM : calculateTotal [35000]
[ADMIN] [04/10/2016 19:21] [PENJUALAN] CASHIER FORM : calculateTotal, totalAfterDisc [35000]
[ADMIN] [04/10/2016 19:21] [PENJUALAN] CASHIER FORM : calculateChangeValue, bayarTextBox.Text [Rp100.000]
[ADMIN] [04/10/2016 19:21] [PENJUALAN] CASHIER FORM : calculateChangeValue, sisaBayar [65000]
[ADMIN] [04/10/2016 19:21] [PENJUALAN] CASHIER FORM : Combobox_KeyUp, cashierDataGridView.CurrentCell.OwningColumn.Name  [qty]
[ADMIN] [04/10/2016 19:21] [PENJUALAN] CASHIER FORM : Combobox_KeyUp, cashierDataGridView.CurrentCell.OwningColumn.Name  [qty]
[ADMIN] [04/10/2016 19:21] [PENJUALAN] CASHIER FORM : Combobox_KeyUp, cashierDataGridView.CurrentCell.OwningColumn.Name  [qty]
[ADMIN] [04/10/2016 19:21] [PENJUALAN] CASHIER FORM : Combobox_KeyUp, cashierDataGridView.CurrentCell.OwningColumn.Name  [qty]
[ADMIN] [04/10/2016 19:21] [PENJUALAN] CASHIER FORM : cashierDataGridView_CellValueChanged [qty]
[ADMIN] [04/10/2016 19:21] [PENJUALAN] CASHIER FORM : cashierDataGridView_CellValueChanged, previousInput [0]
[ADMIN] [04/10/2016 19:21] [PENJUALAN] CASHIER FORM : cashierDataGridView_CellValueChanged, cellValue [1]
[ADMIN] [04/10/2016 19:21] [PENJUALAN] CASHIER FORM : cashierDataGridView_CellValueChanged, dataGridViewTextBoxEditingControl.Text pass REGEX Checking
[ADMIN] [04/10/2016 19:21] [PENJUALAN] CASHIER FORM : CHECK STOCK QTY IS ENOUGH [8991899302172]
[ADMIN] [04/10/2016 19:21] [PENJUALAN] CASHIER FORM : CHECK STOCK QTY IS ENOUGH [1, 1]
[ADMIN] [04/10/2016 19:21] [PENJUALAN] CASHIER FORM : CALCULATE SUBTOTAL
[ADMIN] [04/10/2016 19:21] [PENJUALAN] CASHIER FORM : SUBTOTAL [7600]
[ADMIN] [04/10/2016 19:21] [PENJUALAN] CASHIER FORM : cashierDataGridView_CellValueChanged, subtotal value [7600]
[ADMIN] [04/10/2016 19:21] [PENJUALAN] CASHIER FORM : cashierDataGridView_CellValueChanged [jumlah]
[ADMIN] [04/10/2016 19:21] [PENJUALAN] CASHIER FORM : cashierDataGridView_CellValueChanged, attempt to calculate total value
[ADMIN] [04/10/2016 19:21] [PENJUALAN] CASHIER FORM : calculateTotal
[ADMIN] [04/10/2016 19:21] [PENJUALAN] CASHIER FORM : calculateTotal [42600]
[ADMIN] [04/10/2016 19:21] [PENJUALAN] CASHIER FORM : calculateTotal, totalAfterDisc [42600]
[ADMIN] [04/10/2016 19:21] [PENJUALAN] CASHIER FORM : calculateChangeValue, bayarTextBox.Text [Rp100.000]
[ADMIN] [04/10/2016 19:21] [PENJUALAN] CASHIER FORM : calculateChangeValue, sisaBayar [57400]
[ADMIN] [04/10/2016 19:21] [PENJUALAN] CASHIER FORM : Combobox_KeyUp, cashierDataGridView.CurrentCell.OwningColumn.Name  [qty]
[ADMIN] [04/10/2016 19:21] [PENJUALAN] CASHIER FORM : Combobox_KeyUp, cashierDataGridView.CurrentCell.OwningColumn.Name  [qty]
[ADMIN] [04/10/2016 19:21] [PENJUALAN] CASHIER FORM : Combobox_KeyUp, cashierDataGridView.CurrentCell.OwningColumn.Name  [qty]
[ADMIN] [04/10/2016 19:21] [PENJUALAN] CASHIER FORM : Combobox_KeyUp, cashierDataGridView.CurrentCell.OwningColumn.Name  [qty]
[ADMIN] [04/10/2016 19:22] [PENJUALAN] CASHIER FORM : UNREGISTER HOTKEY
[ADMIN] [04/10/2016 19:23] [PENJUALAN] CASHIER FORM : REGISTER HOTKEY
[ADMIN] [04/10/2016 19:25] [PENJUALAN] CASHIER FORM : HOTKEY TO SAVE AND PRINT OUT INVOICE PRESSED
[ADMIN] [04/10/2016 19:25] [PENJUALAN] CASHIER FORM : UNREGISTER HOTKEY
[ADMIN] [04/10/2016 19:25] [PENJUALAN] CASHIER FORM : REGISTER HOTKEY
[ADMIN] [04/10/2016 19:25] [PENJUALAN] CASHIER FORM : HOTKEY TO SAVE AND PRINT OUT INVOICE PRESSED
[ADMIN] [04/10/2016 19:25] [PENJUALAN] CASHIER FORM : UNREGISTER HOTKEY
[ADMIN] [04/10/2016 19:26] [PENJUALAN] CASHIER FORM : REGISTER HOTKEY
[ADMIN] [04/10/2016 19:26] [PENJUALAN] ATTEMPT TO SAVE AND PRINT OUT INVOICE
[ADMIN] [04/10/2016 19:26] [PENJUALAN] CASHIER FORM : UNREGISTER HOTKEY
[ADMIN] [04/10/2016 19:26] [PENJUALAN] CASHIER FORM : REGISTER HOTKEY
[ADMIN] [04/10/2016 19:26] [PENJUALAN] CASHIER FORM : UNREGISTER HOTKEY
[ADMIN] [04/10/2016 19:26] [PENJUALAN] CASHIER FORM : ATTEMPT TO SAVE SALES DATA [04-10-2016 19:26]
[ADMIN] [04/10/2016 19:26] [PENJUALAN] CASHIER FORM : SALES DISC FINAL [0]
[ADMIN] [04/10/2016 19:26] [PENJUALAN] CASHIER FORM : CASH SALES
[ADMIN] [04/10/2016 19:26] [PENJUALAN] CHECK IF TAX LIMIT SET FOR PERCENTAGE PURCHASE [0]
[ADMIN] [04/10/2016 19:26] [PENJUALAN] CHECK IF TAX LIMIT SET FOR AVERAGE DAILY PURCHASE [0]
[ADMIN] [04/10/2016 19:26] [PENJUALAN] CASHIER FORM : NO FAKTUR [SLO001]
[ADMIN] [04/10/2016 19:26] [PENJUALAN] CASHIER FORM : MAX SALES INVOICE [39]
[ADMIN] [04/10/2016 19:26] [PENJUALAN] CASHIER FORM : SALES INVOICE [SLO001-40]
[ADMIN] [04/10/2016 19:26] [PENJUALAN] INSERT INTO SALES HEADER [SLO001-40]
[ADMIN] [04/10/2016 19:26] [PENJUALAN] INSERT INTO SALES DETAIL[8998989100120, 14500, 2]
[ADMIN] [04/10/2016 19:26] [PENJUALAN] REDUCE STOCK AT MASTER PRODUCT [8998989100120]
[ADMIN] [04/10/2016 19:26] [PENJUALAN] INSERT INTO SALES DETAIL[8999999390419, 4100, 1]
[ADMIN] [04/10/2016 19:26] [PENJUALAN] REDUCE STOCK AT MASTER PRODUCT [8999999390419]
[ADMIN] [04/10/2016 19:26] [PENJUALAN] INSERT INTO SALES DETAIL[8998866607872, 1900, 1]
[ADMIN] [04/10/2016 19:26] [PENJUALAN] REDUCE STOCK AT MASTER PRODUCT [8998866607872]
[ADMIN] [04/10/2016 19:26] [PENJUALAN] INSERT INTO SALES DETAIL[8991899302172, 7600, 1]
[ADMIN] [04/10/2016 19:26] [PENJUALAN] REDUCE STOCK AT MASTER PRODUCT [8991899302172]
[ADMIN] [04/10/2016 19:26] [PENJUALAN] INSERT TO CREDIT TABLE [SLO001-40]
[ADMIN] [04/10/2016 19:26] [PENJUALAN] INSERT TO DAILY JOURNAL TABLE [42600]
[ADMIN] [04/10/2016 19:26] [PENJUALAN] CASHIER FORM : REGISTER HOTKEY
[ADMIN] [04/10/2016 19:26] [PENJUALAN] TRANSACTION SAVED
[ADMIN] [04/10/2016 19:26] [PENJUALAN] CASHIER FORM : UNREGISTER HOTKEY
[ADMIN] [04/10/2016 19:26] [PENJUALAN] CASHIER FORM : REGISTER HOTKEY
[ADMIN] [04/10/2016 19:26] [PENJUALAN] CASHIER FORM : UPDATE ROW NUMBER, TOTAL ROW [1]
[ADMIN] [04/10/2016 19:26] [PENJUALAN] CASHIER FORM : cashierDataGridView_CellValueChanged [F8]
[ADMIN] [04/10/2016 19:26] [PENJUALAN] CASHIER FORM : UNREGISTER HOTKEY
[ADMIN] [04/10/2016 19:26] [PENJUALAN] CASHIER FORM : UNREGISTER HOTKEY
[ADMIN] [04/10/2016 20:09] [] USER ID = 1LOGOUT
