[] [06/06/2017 18.30] [] USER = ADMIN IS ACTIVE
[ADMIN] [06/06/2017 18.30] [] USER ID = 1 LOGIN SUCCESSFULLY
[ADMIN] [06/06/2017 18.30] [] ACTIVATE USER ACCESS RIGHT
[ADMIN] [06/06/2017 18.30] [] DISPLAY ADMIN FORM
[ADMIN] [06/06/2017 18.30] [] adminForm Load
[ADMIN] [06/06/2017 18.30] [] ACTIVATE USER ACCESS RIGHT
[] [06/06/2017 18.33] [] USER = ADMIN IS ACTIVE
[ADMIN] [06/06/2017 18.33] [] USER ID = 1 LOGIN SUCCESSFULLY
[ADMIN] [06/06/2017 18.33] [] ACTIVATE USER ACCESS RIGHT
[ADMIN] [06/06/2017 18.33] [] DISPLAY ADMIN FORM
[ADMIN] [06/06/2017 18.33] [] adminForm Load
[ADMIN] [06/06/2017 18.33] [] ACTIVATE USER ACCESS RIGHT
[] [06/06/2017 18.42] [] USER = ADMIN IS ACTIVE
[ADMIN] [06/06/2017 18.42] [] USER ID = 1 LOGIN SUCCESSFULLY
[ADMIN] [06/06/2017 18.42] [] ACTIVATE USER ACCESS RIGHT
[ADMIN] [06/06/2017 18.42] [] DISPLAY ADMIN FORM
[ADMIN] [06/06/2017 18.42] [] adminForm Load
[ADMIN] [06/06/2017 18.42] [] ACTIVATE USER ACCESS RIGHT
[] [06/06/2017 18.51] [] USER = ADMIN IS ACTIVE
[ADMIN] [06/06/2017 18.51] [] USER ID = 1 LOGIN SUCCESSFULLY
[ADMIN] [06/06/2017 18.51] [] ACTIVATE USER ACCESS RIGHT
[ADMIN] [06/06/2017 18.51] [] DISPLAY ADMIN FORM
[ADMIN] [06/06/2017 18.51] [] adminForm Load
[ADMIN] [06/06/2017 18.51] [] ACTIVATE USER ACCESS RIGHT
[] [06/06/2017 18.55] [] USER = ADMIN IS ACTIVE
[ADMIN] [06/06/2017 18.55] [] USER ID = 1 LOGIN SUCCESSFULLY
[ADMIN] [06/06/2017 18.55] [] ACTIVATE USER ACCESS RIGHT
[ADMIN] [06/06/2017 18.55] [] DISPLAY ADMIN FORM
[ADMIN] [06/06/2017 18.55] [] adminForm Load
[ADMIN] [06/06/2017 18.55] [] ACTIVATE USER ACCESS RIGHT
[] [06/06/2017 22.47] [] USER = ADMIN IS ACTIVE
[ADMIN] [06/06/2017 22.47] [] USER ID = 1 LOGIN SUCCESSFULLY
[ADMIN] [06/06/2017 22.47] [] ACTIVATE USER ACCESS RIGHT
[ADMIN] [06/06/2017 22.47] [] DISPLAY ADMIN FORM
[ADMIN] [06/06/2017 22.47] [] adminForm Load
[ADMIN] [06/06/2017 22.47] [] ACTIVATE USER ACCESS RIGHT
[ADMIN] [06/06/2017 22.56] [] USER ID = 1LOGOUT
