[] [1/19/2017 23:38] [] USER = ADMIN IS ACTIVE
[ADMIN] [1/19/2017 23:38] [] USER ID = 1 LOGIN SUCCESSFULLY
[ADMIN] [1/19/2017 23:38] [] ACTIVATE USER ACCESS RIGHT
[ADMIN] [1/19/2017 23:38] [] DISPLAY ADMIN FORM
[ADMIN] [1/19/2017 23:38] [] adminForm Load
[ADMIN] [1/19/2017 23:38] [] ACTIVATE USER ACCESS RIGHT
[ADMIN] [1/19/2017 23:38] [PENJUALAN] CASHIER FORM : MULTIPLE CASHIER INSTANCE [1]
[ADMIN] [1/19/2017 23:38] [PENJUALAN] CASHIER FORM : REGISTER HOTKEY
[ADMIN] [1/19/2017 23:38] [PENJUALAN] CASHIER FORM : cashierForm_Load, ATTEMPT TO LOAD NO FAKTUR
[ADMIN] [1/19/2017 23:39] [PENJUALAN] CASHIER FORM : loadNoFaktur, noFakturValue [SLO001]
[ADMIN] [1/19/2017 23:39] [PENJUALAN] CASHIER FORM : cashierForm_Load, ATTEMPT TO addColumnToDataGrid
[ADMIN] [1/19/2017 23:39] [PENJUALAN] CASHIER FORM : UPDATE ROW NUMBER, TOTAL ROW [1]
[ADMIN] [1/19/2017 23:39] [PENJUALAN] CASHIER FORM : calculateTotal
[ADMIN] [1/19/2017 23:39] [PENJUALAN] CASHIER FORM : calculateTotal [0]
[ADMIN] [1/19/2017 23:39] [PENJUALAN] CASHIER FORM : calculateTotal, totalAfterDisc [0]
[ADMIN] [1/19/2017 23:39] [PENJUALAN] CASHIER FORM : calculateChangeValue, bayarTextBox.Text [0]
[ADMIN] [1/19/2017 23:39] [PENJUALAN] CASHIER FORM : calculateChangeValue, sisaBayar [0]
[ADMIN] [1/19/2017 23:39] [PENJUALAN] CASHIER FORM : REGISTER HOTKEY
[ADMIN] [1/19/2017 23:40] [PENJUALAN] CASHIER FORM : UNREGISTER HOTKEY
[ADMIN] [1/19/2017 23:40] [PENJUALAN] CASHIER FORM : REGISTER HOTKEY
[ADMIN] [1/19/2017 23:40] [PENJUALAN] CASHIER FORM : UNREGISTER HOTKEY
[ADMIN] [1/19/2017 23:40] [PENJUALAN] CASHIER FORM : UNREGISTER HOTKEY
[ADMIN] [1/19/2017 23:40] [PENJUALAN] CASHIER FORM : REGISTER HOTKEY
[ADMIN] [1/19/2017 23:40] [PENJUALAN] CASHIER FORM : cashierForm_Load, ATTEMPT TO LOAD NO FAKTUR
[ADMIN] [1/19/2017 23:40] [PENJUALAN] CASHIER FORM : loadNoFaktur, noFakturValue [SLO001]
[ADMIN] [1/19/2017 23:40] [PENJUALAN] CASHIER FORM : cashierForm_Load, ATTEMPT TO addColumnToDataGrid
[ADMIN] [1/19/2017 23:40] [PENJUALAN] CASHIER FORM : UPDATE ROW NUMBER, TOTAL ROW [1]
[ADMIN] [1/19/2017 23:40] [PENJUALAN] CASHIER FORM : calculateTotal
[ADMIN] [1/19/2017 23:40] [PENJUALAN] CASHIER FORM : calculateTotal [0]
[ADMIN] [1/19/2017 23:40] [PENJUALAN] CASHIER FORM : calculateTotal, totalAfterDisc [0]
[ADMIN] [1/19/2017 23:40] [PENJUALAN] CASHIER FORM : calculateChangeValue, bayarTextBox.Text [0]
[ADMIN] [1/19/2017 23:40] [PENJUALAN] CASHIER FORM : calculateChangeValue, sisaBayar [0]
[ADMIN] [1/19/2017 23:40] [PENJUALAN] CASHIER FORM : ADD NEW ROW,  isActive [True]
[ADMIN] [1/19/2017 23:40] [PENJUALAN] CASHIER FORM : ADD NEW ROW,  ROW COUNT [0]
[ADMIN] [1/19/2017 23:40] [PENJUALAN] CASHIER FORM : ADD NEW ROW,  ALLOW TO ADD [True]
[ADMIN] [1/19/2017 23:40] [PENJUALAN] CASHIER FORM : UPDATE ROW NUMBER, TOTAL ROW [1]
[ADMIN] [1/19/2017 23:40] [PENJUALAN] CASHIER FORM : ADD NEW ROW,  isActive [True]
[ADMIN] [1/19/2017 23:40] [PENJUALAN] CASHIER FORM : ADD NEW ROW,  ROW COUNT [1]
[ADMIN] [1/19/2017 23:40] [PENJUALAN] CASHIER FORM : ADD NEW ROW,  ALLOW TO ADD [True]
[ADMIN] [1/19/2017 23:40] [PENJUALAN] CASHIER FORM : UPDATE ROW NUMBER, TOTAL ROW [2]
[ADMIN] [1/19/2017 23:40] [PENJUALAN] CASHIER FORM : UPDATE ROW NUMBER, TOTAL ROW [3]
[ADMIN] [1/19/2017 23:40] [PENJUALAN] CASHIER FORM : cashierDataGridView_CellValueChanged [F8]
[ADMIN] [1/19/2017 23:40] [PENJUALAN] CASHIER FORM : REGISTER HOTKEY
[ADMIN] [1/19/2017 23:40] [PENJUALAN] CASHIER FORM : Combobox_previewKeyDown, cashierDataGridView.CurrentCell.OwningColumn.Name  [productID]
[ADMIN] [1/19/2017 23:40] [PENJUALAN] CASHIER FORM : UNREGISTER HOTKEY
[ADMIN] [1/19/2017 23:40] [PENJUALAN] CASHIER FORM : REGISTER HOTKEY
[ADMIN] [1/19/2017 23:40] [PENJUALAN] CASHIER FORM : Combobox_previewKeyDown, cashierDataGridView.CurrentCell.OwningColumn.Name  [productID]
[ADMIN] [1/19/2017 23:40] [PENJUALAN] CASHIER FORM : UNREGISTER HOTKEY
[ADMIN] [1/19/2017 23:40] [PENJUALAN] CASHIER FORM : REGISTER HOTKEY
[ADMIN] [1/19/2017 23:40] [PENJUALAN] CASHIER FORM : Combobox_KeyUp, cashierDataGridView.CurrentCell.OwningColumn.Name  [productID]
[ADMIN] [1/19/2017 23:40] [PENJUALAN] CASHIER FORM : Combobox_previewKeyDown, cashierDataGridView.CurrentCell.OwningColumn.Name  [productID]
[ADMIN] [1/19/2017 23:40] [PENJUALAN] CASHIER FORM : UNREGISTER HOTKEY
[ADMIN] [1/19/2017 23:40] [PENJUALAN] CASHIER FORM : REGISTER HOTKEY
[ADMIN] [1/19/2017 23:40] [PENJUALAN] CASHIER FORM : Combobox_KeyUp, cashierDataGridView.CurrentCell.OwningColumn.Name  [productID]
[ADMIN] [1/19/2017 23:40] [PENJUALAN] CASHIER FORM : Combobox_previewKeyDown, cashierDataGridView.CurrentCell.OwningColumn.Name  [productID]
[ADMIN] [1/19/2017 23:40] [PENJUALAN] CASHIER FORM : UNREGISTER HOTKEY
[ADMIN] [1/19/2017 23:40] [PENJUALAN] CASHIER FORM : REGISTER HOTKEY
[ADMIN] [1/19/2017 23:40] [PENJUALAN] CASHIER FORM : Combobox_previewKeyDown, cashierDataGridView.CurrentCell.OwningColumn.Name  [productID]
[ADMIN] [1/19/2017 23:40] [PENJUALAN] CASHIER FORM : UNREGISTER HOTKEY
[ADMIN] [1/19/2017 23:40] [PENJUALAN] CASHIER FORM : REGISTER HOTKEY
[ADMIN] [1/19/2017 23:40] [PENJUALAN] CASHIER FORM : Combobox_KeyUp, cashierDataGridView.CurrentCell.OwningColumn.Name  [productID]
[ADMIN] [1/19/2017 23:40] [PENJUALAN] CASHIER FORM : cashierDataGridView_CellValueChanged [qty]
[ADMIN] [1/19/2017 23:40] [PENJUALAN] CASHIER FORM : cashierDataGridView_CellValueChanged, previousInput [2]
[ADMIN] [1/19/2017 23:40] [PENJUALAN] CASHIER FORM : cashierDataGridView_CellValueChanged, dataGridViewTextBoxEditingControl.Text pass REGEX Checking
[ADMIN] [1/19/2017 23:40] [PENJUALAN] CASHIER FORM : CHECK STOCK QTY IS ENOUGH [PROD11JAN]
[ADMIN] [1/19/2017 23:40] [PENJUALAN] CASHIER FORM : CHECK STOCK QTY IS ENOUGH [167, 3]
[ADMIN] [1/19/2017 23:40] [PENJUALAN] CASHIER FORM : CALCULATE SUBTOTAL
[ADMIN] [1/19/2017 23:40] [PENJUALAN] CASHIER FORM : SUBTOTAL [21600]
[ADMIN] [1/19/2017 23:40] [PENJUALAN] CASHIER FORM : cashierDataGridView_CellValueChanged, subtotal value [21600]
[ADMIN] [1/19/2017 23:40] [PENJUALAN] CASHIER FORM : cashierDataGridView_CellValueChanged, attempt to calculate total value
[ADMIN] [1/19/2017 23:40] [PENJUALAN] CASHIER FORM : calculateTotal
[ADMIN] [1/19/2017 23:40] [PENJUALAN] CASHIER FORM : calculateTotal [21750]
[ADMIN] [1/19/2017 23:40] [PENJUALAN] CASHIER FORM : calculateTotal, totalAfterDisc [21750]
[ADMIN] [1/19/2017 23:40] [PENJUALAN] CASHIER FORM : calculateChangeValue, bayarTextBox.Text [Rp14.550]
[ADMIN] [1/19/2017 23:40] [PENJUALAN] CASHIER FORM : calculateChangeValue, sisaBayar [0]
[ADMIN] [1/19/2017 23:40] [PENJUALAN] CASHIER FORM : Combobox_KeyUp, cashierDataGridView.CurrentCell.OwningColumn.Name  [qty]
[ADMIN] [1/19/2017 23:40] [PENJUALAN] CASHIER FORM : UNREGISTER HOTKEY
[ADMIN] [1/19/2017 23:40] [PENJUALAN] CASHIER FORM : REGISTER HOTKEY
[ADMIN] [1/19/2017 23:40] [PENJUALAN] CASHIER FORM : Combobox_KeyUp, cashierDataGridView.CurrentCell.OwningColumn.Name  [qty]
[ADMIN] [1/19/2017 23:40] [PENJUALAN] CASHIER FORM : UNREGISTER HOTKEY
[ADMIN] [1/19/2017 23:40] [PENJUALAN] CASHIER FORM : REGISTER HOTKEY
[ADMIN] [1/19/2017 23:40] [PENJUALAN] CASHIER FORM : calculateChangeValue, bayarTextBox.Text [14550]
[ADMIN] [1/19/2017 23:40] [PENJUALAN] CASHIER FORM : calculateChangeValue, sisaBayar [0]
[ADMIN] [1/19/2017 23:41] [PENJUALAN] CASHIER FORM : calculateChangeValue, bayarTextBox.Text [2]
[ADMIN] [1/19/2017 23:41] [PENJUALAN] CASHIER FORM : calculateChangeValue, sisaBayar [0]
[ADMIN] [1/19/2017 23:41] [PENJUALAN] CASHIER FORM : calculateChangeValue, bayarTextBox.Text [22]
[ADMIN] [1/19/2017 23:41] [PENJUALAN] CASHIER FORM : calculateChangeValue, sisaBayar [0]
[ADMIN] [1/19/2017 23:41] [PENJUALAN] CASHIER FORM : calculateChangeValue, bayarTextBox.Text [220]
[ADMIN] [1/19/2017 23:41] [PENJUALAN] CASHIER FORM : calculateChangeValue, sisaBayar [0]
[ADMIN] [1/19/2017 23:41] [PENJUALAN] CASHIER FORM : calculateChangeValue, bayarTextBox.Text [2200]
[ADMIN] [1/19/2017 23:41] [PENJUALAN] CASHIER FORM : calculateChangeValue, sisaBayar [0]
[ADMIN] [1/19/2017 23:41] [PENJUALAN] CASHIER FORM : calculateChangeValue, bayarTextBox.Text [22000]
[ADMIN] [1/19/2017 23:41] [PENJUALAN] CASHIER FORM : calculateChangeValue, sisaBayar [250]
[ADMIN] [1/19/2017 23:41] [PENJUALAN] CASHIER FORM : UNREGISTER HOTKEY
[ADMIN] [1/19/2017 23:42] [PENJUALAN] CASHIER FORM : REGISTER HOTKEY
[ADMIN] [1/19/2017 23:42] [PENJUALAN] CASHIER FORM : UNREGISTER HOTKEY
[ADMIN] [1/19/2017 23:42] [PENJUALAN] CASHIER FORM : REGISTER HOTKEY
[ADMIN] [1/19/2017 23:42] [PENJUALAN] CASHIER FORM : HOTKEY TO SAVE AND PRINT OUT INVOICE PRESSED
[ADMIN] [1/19/2017 23:42] [PENJUALAN] CASHIER FORM : UNREGISTER HOTKEY
[ADMIN] [1/19/2017 23:42] [PENJUALAN] CASHIER FORM : REGISTER HOTKEY
[ADMIN] [1/19/2017 23:42] [PENJUALAN] ATTEMPT TO SAVE AND PRINT OUT INVOICE
[ADMIN] [1/19/2017 23:42] [PENJUALAN] CASHIER FORM : UNREGISTER HOTKEY
[ADMIN] [1/19/2017 23:42] [PENJUALAN] CASHIER FORM : ATTEMPT TO SAVE SALES DATA [19-01-2017 23:42]
[ADMIN] [1/19/2017 23:42] [PENJUALAN] CASHIER FORM : SALES DISC FINAL [0]
[ADMIN] [1/19/2017 23:42] [PENJUALAN] CASHIER FORM : CASH SALES
[ADMIN] [1/19/2017 23:42] [PENJUALAN] RETURN SALES DETAIL EXPIRY AMOUNT [SLO001-34]
[ADMIN] [1/19/2017 23:42] [PENJUALAN] RETURN SALES DETAIL EXPIRY AMOUNT [SLO001-34]
[ADMIN] [1/19/2017 23:42] [PENJUALAN] RETURN SALES DETAIL AMOUNT [SLO001-34]
[ADMIN] [1/19/2017 23:42] [PENJUALAN] RETURN SALES DETAIL AMOUNT [SLO001-34]
[ADMIN] [1/19/2017 23:42] [PENJUALAN] UPDATE SALES HEADER [SLO001-34]
[ADMIN] [1/19/2017 23:42] [PENJUALAN] DELETE SALES DETAIL EXPIRY [SLO001-34]
[ADMIN] [1/19/2017 23:42] [PENJUALAN] DELETE SALES DETAIL[SLO001-34]
[ADMIN] [1/19/2017 23:42] [PENJUALAN] INSERT INTO SALES DETAIL[PROD11JAN, 10000, 3]
[ADMIN] [1/19/2017 23:42] [PENJUALAN] REDUCE STOCK AT MASTER PRODUCT [PROD11JAN]
[ADMIN] [1/19/2017 23:42] [PENJUALAN] REDUCE STOCK AT PRODUCT_EXPIRY LOT [15]
[ADMIN] [1/19/2017 23:42] [PENJUALAN] SAVE PRODUCT LOT INFORMATION FOR EACH ITEM AND AMOUNT
[ADMIN] [1/19/2017 23:42] [PENJUALAN] UPDATE CUSTOMER PRODUCT DISC [PROD11JAN]
[ADMIN] [1/19/2017 23:42] [PENJUALAN] INSERT INTO SALES DETAIL[PROD11JAN_2, 100, 2]
[ADMIN] [1/19/2017 23:42] [PENJUALAN] REDUCE STOCK AT MASTER PRODUCT [PROD11JAN_2]
[ADMIN] [1/19/2017 23:42] [PENJUALAN] REDUCE STOCK AT PRODUCT_EXPIRY LOT [10]
[ADMIN] [1/19/2017 23:42] [PENJUALAN] SAVE PRODUCT LOT INFORMATION FOR EACH ITEM AND AMOUNT
[ADMIN] [1/19/2017 23:42] [PENJUALAN] UPDATE CUSTOMER PRODUCT DISC [PROD11JAN_2]
[ADMIN] [1/19/2017 23:42] [PENJUALAN] UPDATE CREDIT TABLE [SLO001-34]
[ADMIN] [1/19/2017 23:42] [PENJUALAN] INSERT TO DAILY JOURNAL TABLE [7200]
[ADMIN] [1/19/2017 23:42] [PENJUALAN] CASHIER FORM : REGISTER HOTKEY
[ADMIN] [1/19/2017 23:42] [PENJUALAN] TRANSACTION SAVED
[ADMIN] [1/19/2017 23:42] [PENJUALAN] PRINT OUT INVOICE
[ADMIN] [1/19/2017 23:42] [PENJUALAN] CASHIER FORM : PrintReceipt
[ADMIN] [1/19/2017 23:42] [PENJUALAN] CASHIER FORM : PrintReceipt, POS size Paper
[ADMIN] [1/19/2017 23:42] [PENJUALAN] CASHIER FORM : loadInfoToko
[ADMIN] [1/19/2017 23:42] [PENJUALAN] CASHIER FORM : calculatePageLength, totalLengthPage [411]
[ADMIN] [1/19/2017 23:42] [PENJUALAN] CASHIER FORM : UNREGISTER HOTKEY
[ADMIN] [1/19/2017 23:42] [PENJUALAN] CASHIER FORM : REGISTER HOTKEY
[ADMIN] [1/19/2017 23:42] [PENJUALAN] CASHIER FORM : UNREGISTER HOTKEY
[ADMIN] [1/19/2017 23:42] [PENJUALAN] CASHIER FORM : UPDATE ROW NUMBER, TOTAL ROW [1]
[ADMIN] [1/19/2017 23:42] [PENJUALAN] CASHIER FORM : cashierDataGridView_CellValueChanged [F8]
[] [1/19/2017 23:55] [] USER = ADMIN IS ACTIVE
[ADMIN] [1/19/2017 23:55] [] USER ID = 1 LOGIN SUCCESSFULLY
[ADMIN] [1/19/2017 23:55] [] ACTIVATE USER ACCESS RIGHT
[ADMIN] [1/19/2017 23:55] [] DISPLAY ADMIN FORM
[ADMIN] [1/19/2017 23:55] [] adminForm Load
[ADMIN] [1/19/2017 23:55] [] ACTIVATE USER ACCESS RIGHT
[] [1/19/2017 23:58] [] USER = ADMIN IS ACTIVE
[ADMIN] [1/19/2017 23:58] [] USER ID = 1 LOGIN SUCCESSFULLY
[ADMIN] [1/19/2017 23:58] [] ACTIVATE USER ACCESS RIGHT
[ADMIN] [1/19/2017 23:58] [] DISPLAY ADMIN FORM
[ADMIN] [1/19/2017 23:58] [] adminForm Load
[ADMIN] [1/19/2017 23:58] [] ACTIVATE USER ACCESS RIGHT
[ADMIN] [1/19/2017 23:58] [TAMBAH / UPDATE PRODUK] UPDATE CURRENT PRODUCT DATA [PROD11JAN]
[ADMIN] [1/19/2017 23:58] [TAMBAH / UPDATE PRODUK] UPDATE PRODUCT CATEGORY FOR [PROD11JAN]
[ADMIN] [1/19/2017 23:58] [TAMBAH / UPDATE PRODUK] DELETE CURRENT PRODUCT CATEGORY FOR [PROD11JAN]
[ADMIN] [1/19/2017 23:58] [TAMBAH / UPDATE PRODUK] INSERT PRODUCT CATEGORY FOR [PROD11JAN]
[ADMIN] [1/19/2017 23:58] [PENERIMAAN BARANG] INSERT TO PRODUCT EXPIRY [PROD11JAN]
[ADMIN] [1/19/2017 23:59] [] USER ID = 1LOGOUT
