[] [6/4/2017 02:09] [] USER = ADMIN IS ACTIVE
[ADMIN] [6/4/2017 02:09] [] USER ID = 1 LOGIN SUCCESSFULLY
[ADMIN] [6/4/2017 02:09] [] ACTIVATE USER ACCESS RIGHT
[ADMIN] [6/4/2017 02:09] [] DISPLAY ADMIN FORM
[ADMIN] [6/4/2017 02:09] [] adminForm Load
[ADMIN] [6/4/2017 02:09] [] ACTIVATE USER ACCESS RIGHT
[ADMIN] [6/4/2017 02:09] [PENJUALAN] CASHIER FORM : MULTIPLE CASHIER INSTANCE [1]
[ADMIN] [6/4/2017 02:09] [PENJUALAN] CASHIER FORM : REGISTER HOTKEY
[ADMIN] [6/4/2017 02:09] [PENJUALAN] CASHIER FORM : cashierForm_Load, ATTEMPT TO LOAD NO FAKTUR
[ADMIN] [6/4/2017 02:09] [PENJUALAN] CASHIER FORM : loadNoFaktur, noFakturValue [SLO001]
[ADMIN] [6/4/2017 02:09] [PENJUALAN] CASHIER FORM : cashierForm_Load, ATTEMPT TO addColumnToDataGrid
[ADMIN] [6/4/2017 02:09] [PENJUALAN] CASHIER FORM : UPDATE ROW NUMBER, TOTAL ROW [1]
[ADMIN] [6/4/2017 02:09] [PENJUALAN] CASHIER FORM : REGISTER HOTKEY
[ADMIN] [6/4/2017 02:09] [PENJUALAN] CASHIER FORM : Combobox_previewKeyDown, cashierDataGridView.CurrentCell.OwningColumn.Name  [productID]
[ADMIN] [6/4/2017 02:09] [PENJUALAN] CASHIER FORM : UPDATE ROW NUMBER, TOTAL ROW [2]
[ADMIN] [6/4/2017 02:09] [PENJUALAN] CASHIER FORM : cashierDataGridView_CellValueChanged [F8]
[ADMIN] [6/4/2017 02:09] [PENJUALAN] CASHIER FORM : cashierDataGridView_CellValueChanged [productID]
[ADMIN] [6/4/2017 02:09] [PENJUALAN] CASHIER FORM : Combobox_KeyUp, cashierDataGridView.CurrentCell.OwningColumn.Name  [productID]
[ADMIN] [6/4/2017 02:09] [PENJUALAN] CASHIER FORM : Combobox_previewKeyDown, cashierDataGridView.CurrentCell.OwningColumn.Name  [productID]
[ADMIN] [6/4/2017 02:10] [PENJUALAN] CASHIER FORM : UNREGISTER HOTKEY
[ADMIN] [6/4/2017 02:10] [PENJUALAN] CASHIER FORM : ADD NEW ROW FROM BARCODE [PRIME CHOICE ADLT DOG 1 KG]
[ADMIN] [6/4/2017 02:10] [PENJUALAN] CASHIER FORM : updateSomeRowContents
[ADMIN] [6/4/2017 02:10] [PENJUALAN] CASHIER FORM : cashierDataGridView_CellValueChanged [productID]
[ADMIN] [6/4/2017 02:10] [PENJUALAN] CASHIER FORM : cashierDataGridView_CellValueChanged [productName]
[ADMIN] [6/4/2017 02:10] [PENJUALAN] CASHIER FORM : updateSomeRowContents
[ADMIN] [6/4/2017 02:10] [PENJUALAN] CASHIER FORM : PRODUCT PRICE TYPE [PRODUCT_BASE_PRICE]
[ADMIN] [6/4/2017 02:10] [PENJUALAN] CASHIER FORM : PRODUCT PRICE [15000]
[ADMIN] [6/4/2017 02:10] [PENJUALAN] CASHIER FORM : ComboBox_SelectedIndexChanged, PRODUCT_BASE_PRICE [15000]
[ADMIN] [6/4/2017 02:10] [PENJUALAN] CASHIER FORM : cashierDataGridView_CellValueChanged [hpp]
[ADMIN] [6/4/2017 02:10] [PENJUALAN] CASHIER FORM : PRODUCT PRICE TYPE [PRODUCT_RETAIL_PRICE]
[ADMIN] [6/4/2017 02:10] [PENJUALAN] CASHIER FORM : PRODUCT PRICE [32000]
[ADMIN] [6/4/2017 02:10] [PENJUALAN] CASHIER FORM : ComboBox_SelectedIndexChanged, PRODUCT_SALES_PRICE [32000]
[ADMIN] [6/4/2017 02:10] [PENJUALAN] CASHIER FORM : cashierDataGridView_CellValueChanged [productPrice]
[ADMIN] [6/4/2017 02:10] [PENJUALAN] CASHIER FORM : cashierDataGridView_CellValueChanged, previousInput [0]
[ADMIN] [6/4/2017 02:10] [PENJUALAN] CASHIER FORM : cashierDataGridView_CellValueChanged, cellValue [32000]
[ADMIN] [6/4/2017 02:10] [PENJUALAN] CASHIER FORM : cashierDataGridView_CellValueChanged, dataGridViewTextBoxEditingControl.Text pass REGEX Checking
[ADMIN] [6/4/2017 02:10] [PENJUALAN] CASHIER FORM : CALCULATE SUBTOTAL
[ADMIN] [6/4/2017 02:10] [PENJUALAN] CASHIER FORM : SUBTOTAL [0]
[ADMIN] [6/4/2017 02:10] [PENJUALAN] CASHIER FORM : cashierDataGridView_CellValueChanged, subtotal value [0]
[ADMIN] [6/4/2017 02:10] [PENJUALAN] CASHIER FORM : cashierDataGridView_CellValueChanged, attempt to calculate total value
[ADMIN] [6/4/2017 02:10] [PENJUALAN] CASHIER FORM : calculateTotal
[ADMIN] [6/4/2017 02:10] [PENJUALAN] CASHIER FORM : calculateTotal [0]
[ADMIN] [6/4/2017 02:10] [PENJUALAN] CASHIER FORM : calculateTotal, totalAfterDisc [0]
[ADMIN] [6/4/2017 02:10] [PENJUALAN] CASHIER FORM : calculateChangeValue, bayarTextBox.Text [0]
[ADMIN] [6/4/2017 02:10] [PENJUALAN] CASHIER FORM : calculateChangeValue, sisaBayar [0]
[ADMIN] [6/4/2017 02:10] [PENJUALAN] CASHIER FORM : cashierDataGridView_CellValueChanged [qty]
[ADMIN] [6/4/2017 02:10] [PENJUALAN] CASHIER FORM : cashierDataGridView_CellValueChanged, previousInput [0]
[ADMIN] [6/4/2017 02:10] [PENJUALAN] CASHIER FORM : cashierDataGridView_CellValueChanged [jumlah]
[ADMIN] [6/4/2017 02:10] [PENJUALAN] CASHIER FORM : calculateTotal
[ADMIN] [6/4/2017 02:10] [PENJUALAN] CASHIER FORM : calculateTotal [0]
[ADMIN] [6/4/2017 02:10] [PENJUALAN] CASHIER FORM : calculateTotal, totalAfterDisc [0]
[ADMIN] [6/4/2017 02:10] [PENJUALAN] CASHIER FORM : calculateChangeValue, bayarTextBox.Text [0]
[ADMIN] [6/4/2017 02:10] [PENJUALAN] CASHIER FORM : calculateChangeValue, sisaBayar [0]
[ADMIN] [6/4/2017 02:10] [PENJUALAN] CASHIER FORM : CHECK STOCK QTY IS ENOUGH [PRIME-AD1]
[ADMIN] [6/4/2017 02:10] [PENJUALAN] CASHIER FORM : CHECK STOCK QTY IS ENOUGH [29, 1]
[ADMIN] [6/4/2017 02:10] [PENJUALAN] CASHIER FORM : cashierDataGridView_CellValueChanged [qty]
[ADMIN] [6/4/2017 02:10] [PENJUALAN] CASHIER FORM : cashierDataGridView_CellValueChanged, previousInput [0]
[ADMIN] [6/4/2017 02:10] [PENJUALAN] CASHIER FORM : cashierDataGridView_CellValueChanged, cellValue [1]
[ADMIN] [6/4/2017 02:10] [PENJUALAN] CASHIER FORM : cashierDataGridView_CellValueChanged, dataGridViewTextBoxEditingControl.Text pass REGEX Checking
[ADMIN] [6/4/2017 02:10] [PENJUALAN] CASHIER FORM : CHECK STOCK QTY IS ENOUGH [PRIME-AD1]
[ADMIN] [6/4/2017 02:10] [PENJUALAN] CASHIER FORM : CHECK STOCK QTY IS ENOUGH [29, 1]
[ADMIN] [6/4/2017 02:10] [PENJUALAN] CASHIER FORM : CALCULATE SUBTOTAL
[ADMIN] [6/4/2017 02:10] [PENJUALAN] CASHIER FORM : SUBTOTAL [32000]
[ADMIN] [6/4/2017 02:10] [PENJUALAN] CASHIER FORM : cashierDataGridView_CellValueChanged, subtotal value [32000]
[ADMIN] [6/4/2017 02:10] [PENJUALAN] CASHIER FORM : cashierDataGridView_CellValueChanged, attempt to calculate total value
[ADMIN] [6/4/2017 02:10] [PENJUALAN] CASHIER FORM : calculateTotal
[ADMIN] [6/4/2017 02:10] [PENJUALAN] CASHIER FORM : calculateTotal [32000]
[ADMIN] [6/4/2017 02:10] [PENJUALAN] CASHIER FORM : calculateTotal, totalAfterDisc [32000]
[ADMIN] [6/4/2017 02:10] [PENJUALAN] CASHIER FORM : calculateChangeValue, bayarTextBox.Text [0]
[ADMIN] [6/4/2017 02:10] [PENJUALAN] CASHIER FORM : calculateChangeValue, sisaBayar [0]
[ADMIN] [6/4/2017 02:10] [PENJUALAN] CASHIER FORM : SET QTY TO 1 BECAUSE OF NEW ROW
[ADMIN] [6/4/2017 02:10] [PENJUALAN] CASHIER FORM : CALCULATE SUBTOTAL
[ADMIN] [6/4/2017 02:10] [PENJUALAN] CASHIER FORM : SUBTOTAL [32000]
[ADMIN] [6/4/2017 02:10] [PENJUALAN] CASHIER FORM : calculateTotal
[ADMIN] [6/4/2017 02:10] [PENJUALAN] CASHIER FORM : calculateTotal [32000]
[ADMIN] [6/4/2017 02:10] [PENJUALAN] CASHIER FORM : calculateTotal, totalAfterDisc [32000]
[ADMIN] [6/4/2017 02:10] [PENJUALAN] CASHIER FORM : calculateChangeValue, bayarTextBox.Text [0]
[ADMIN] [6/4/2017 02:10] [PENJUALAN] CASHIER FORM : calculateChangeValue, sisaBayar [0]
[ADMIN] [6/4/2017 02:10] [PENJUALAN] CASHIER FORM : UPDATE ROW NUMBER, TOTAL ROW [2]
[ADMIN] [6/4/2017 02:10] [PENJUALAN] CASHIER FORM : cashierDataGridView_CellValueChanged [F8]
[ADMIN] [6/4/2017 02:10] [PENJUALAN] CASHIER FORM : REGISTER HOTKEY
[ADMIN] [6/4/2017 02:10] [PENJUALAN] CASHIER FORM : Combobox_KeyUp, cashierDataGridView.CurrentCell.OwningColumn.Name  [qty]
[ADMIN] [6/4/2017 02:10] [PENJUALAN] CASHIER FORM : calculateChangeValue, bayarTextBox.Text [3]
[ADMIN] [6/4/2017 02:10] [PENJUALAN] CASHIER FORM : calculateChangeValue, sisaBayar [0]
[ADMIN] [6/4/2017 02:10] [PENJUALAN] CASHIER FORM : calculateChangeValue, bayarTextBox.Text [32]
[ADMIN] [6/4/2017 02:10] [PENJUALAN] CASHIER FORM : calculateChangeValue, sisaBayar [0]
[ADMIN] [6/4/2017 02:10] [PENJUALAN] CASHIER FORM : calculateChangeValue, bayarTextBox.Text [322]
[ADMIN] [6/4/2017 02:10] [PENJUALAN] CASHIER FORM : calculateChangeValue, sisaBayar [0]
[ADMIN] [6/4/2017 02:10] [PENJUALAN] CASHIER FORM : calculateChangeValue, bayarTextBox.Text [3222]
[ADMIN] [6/4/2017 02:10] [PENJUALAN] CASHIER FORM : calculateChangeValue, sisaBayar [0]
[ADMIN] [6/4/2017 02:10] [PENJUALAN] CASHIER FORM : calculateChangeValue, bayarTextBox.Text [32222]
[ADMIN] [6/4/2017 02:10] [PENJUALAN] CASHIER FORM : calculateChangeValue, sisaBayar [222]
[ADMIN] [6/4/2017 02:10] [PENJUALAN] CASHIER FORM : HOTKEY TO SAVE AND PRINT OUT INVOICE PRESSED
[ADMIN] [6/4/2017 02:10] [PENJUALAN] CASHIER FORM : UNREGISTER HOTKEY
[ADMIN] [6/4/2017 02:10] [PENJUALAN] CASHIER FORM : REGISTER HOTKEY
[ADMIN] [6/4/2017 02:10] [PENJUALAN] ATTEMPT TO SAVE AND PRINT OUT INVOICE
[ADMIN] [6/4/2017 02:10] [PENJUALAN] CASHIER FORM : UNREGISTER HOTKEY
[ADMIN] [6/4/2017 02:10] [PENJUALAN] CASHIER FORM : REGISTER HOTKEY
[ADMIN] [6/4/2017 02:10] [PENJUALAN] CASHIER FORM : UNREGISTER HOTKEY
[ADMIN] [6/4/2017 02:10] [PENJUALAN] CASHIER FORM : ATTEMPT TO SAVE SALES DATA [04-06-2017 02:10]
[ADMIN] [6/4/2017 02:10] [PENJUALAN] CASHIER FORM : SALES DISC FINAL [0]
[ADMIN] [6/4/2017 02:10] [PENJUALAN] CASHIER FORM : CASH SALES
[ADMIN] [6/4/2017 02:10] [PENJUALAN] CHECK IF TAX LIMIT SET FOR PERCENTAGE PURCHASE [0]
[ADMIN] [6/4/2017 02:10] [PENJUALAN] CHECK IF TAX LIMIT SET FOR AVERAGE DAILY PURCHASE [0]
[ADMIN] [6/4/2017 02:10] [PENJUALAN] CASHIER FORM : NO FAKTUR [SLO001]
[ADMIN] [6/4/2017 02:10] [PENJUALAN] CASHIER FORM : MAX SALES INVOICE [328]
[ADMIN] [6/4/2017 02:10] [PENJUALAN] CASHIER FORM : SALES INVOICE [SLO001-329]
[ADMIN] [6/4/2017 02:10] [PENJUALAN] INSERT INTO SALES HEADER [SLO001-329]
[ADMIN] [6/4/2017 02:10] [PENJUALAN] INSERT INTO SALES DETAIL[PRIME-AD1, 32000, 1]
[ADMIN] [6/4/2017 02:10] [PENJUALAN] REDUCE STOCK AT MASTER PRODUCT [PRIME-AD1]
[ADMIN] [6/4/2017 02:10] [PENJUALAN] REDUCE STOCK AT PRODUCT_EXPIRY LOT [3333]
[ADMIN] [6/4/2017 02:10] [PENJUALAN] SAVE PRODUCT LOT INFORMATION FOR EACH ITEM AND AMOUNT
[ADMIN] [6/4/2017 02:10] [PENJUALAN] INSERT TO CREDIT TABLE [SLO001-329]
[ADMIN] [6/4/2017 02:10] [PENJUALAN] INSERT TO DAILY JOURNAL TABLE [32000]
[ADMIN] [6/4/2017 02:10] [PENJUALAN] CASHIER FORM : REGISTER HOTKEY
[ADMIN] [6/4/2017 02:10] [PENJUALAN] TRANSACTION SAVED
[ADMIN] [6/4/2017 02:10] [PENJUALAN] PRINT OUT INVOICE
[ADMIN] [6/4/2017 02:10] [PENJUALAN] CASHIER FORM : PrintReceipt
[ADMIN] [6/4/2017 02:10] [PENJUALAN] CASHIER FORM : PrintReceipt, POS size Paper
[ADMIN] [6/4/2017 02:10] [PENJUALAN] CASHIER FORM : loadInfoToko
[ADMIN] [6/4/2017 02:10] [PENJUALAN] CASHIER FORM : calculatePageLength, totalLengthPage [355]
[ADMIN] [6/4/2017 02:10] [PENJUALAN] CASHIER FORM : printDocument1_PrintPage, print POS size receipt
[ADMIN] [6/4/2017 02:10] [PENJUALAN] CASHIER FORM : UNREGISTER HOTKEY
[ADMIN] [6/4/2017 02:10] [PENJUALAN] CASHIER FORM : loadInfoToko
[ADMIN] [6/4/2017 02:10] [PENJUALAN] CASHIER FORM : loadNamaUser
[ADMIN] [6/4/2017 02:10] [PENJUALAN] CASHIER FORM : UPDATE ROW NUMBER, TOTAL ROW [1]
[ADMIN] [6/4/2017 02:10] [PENJUALAN] CASHIER FORM : loadNoFaktur, noFakturValue [SLO001]
[ADMIN] [6/4/2017 02:10] [PENJUALAN] CASHIER FORM : REGISTER HOTKEY
[ADMIN] [6/4/2017 02:10] [PENJUALAN] CASHIER FORM : UNREGISTER HOTKEY
[ADMIN] [6/4/2017 02:10] [PENJUALAN] CASHIER FORM : UNREGISTER HOTKEY
[ADMIN] [6/4/2017 02:10] [] USER ID = 1LOGOUT
