[] [07/06/2017 14.21] [] USER = ADMIN IS ACTIVE
[ADMIN] [07/06/2017 14.21] [] USER ID = 1 LOGIN SUCCESSFULLY
[ADMIN] [07/06/2017 14.21] [] ACTIVATE USER ACCESS RIGHT
[ADMIN] [07/06/2017 14.21] [] DISPLAY ADMIN FORM
[ADMIN] [07/06/2017 14.21] [] adminForm Load
[ADMIN] [07/06/2017 14.21] [] ACTIVATE USER ACCESS RIGHT
[] [07/06/2017 14.27] [] USER = ADMIN IS ACTIVE
[ADMIN] [07/06/2017 14.27] [] USER ID = 1 LOGIN SUCCESSFULLY
[ADMIN] [07/06/2017 14.27] [] ACTIVATE USER ACCESS RIGHT
[ADMIN] [07/06/2017 14.27] [] DISPLAY ADMIN FORM
[ADMIN] [07/06/2017 14.27] [] adminForm Load
[ADMIN] [07/06/2017 14.27] [] ACTIVATE USER ACCESS RIGHT
[] [07/06/2017 14.34] [] USER = ADMIN IS ACTIVE
[ADMIN] [07/06/2017 14.34] [] USER ID = 1 LOGIN SUCCESSFULLY
[ADMIN] [07/06/2017 14.35] [] ACTIVATE USER ACCESS RIGHT
[ADMIN] [07/06/2017 14.35] [] DISPLAY ADMIN FORM
[ADMIN] [07/06/2017 14.35] [] adminForm Load
[ADMIN] [07/06/2017 14.35] [] ACTIVATE USER ACCESS RIGHT
[] [07/06/2017 14.41] [] USER = ADMIN IS ACTIVE
[ADMIN] [07/06/2017 14.41] [] USER ID = 1 LOGIN SUCCESSFULLY
[ADMIN] [07/06/2017 14.41] [] ACTIVATE USER ACCESS RIGHT
[ADMIN] [07/06/2017 14.41] [] DISPLAY ADMIN FORM
[ADMIN] [07/06/2017 14.41] [] adminForm Load
[ADMIN] [07/06/2017 14.41] [] ACTIVATE USER ACCESS RIGHT
[] [07/06/2017 14.45] [] USER = ADMIN IS ACTIVE
[ADMIN] [07/06/2017 14.45] [] USER ID = 1 LOGIN SUCCESSFULLY
[ADMIN] [07/06/2017 14.45] [] ACTIVATE USER ACCESS RIGHT
[ADMIN] [07/06/2017 14.45] [] DISPLAY ADMIN FORM
[ADMIN] [07/06/2017 14.45] [] adminForm Load
[ADMIN] [07/06/2017 14.45] [] ACTIVATE USER ACCESS RIGHT
[] [07/06/2017 14.50] [] USER = ADMIN IS ACTIVE
[ADMIN] [07/06/2017 14.50] [] USER ID = 1 LOGIN SUCCESSFULLY
[ADMIN] [07/06/2017 14.50] [] ACTIVATE USER ACCESS RIGHT
[ADMIN] [07/06/2017 14.50] [] DISPLAY ADMIN FORM
[ADMIN] [07/06/2017 14.50] [] adminForm Load
[ADMIN] [07/06/2017 14.50] [] ACTIVATE USER ACCESS RIGHT
[ADMIN] [07/06/2017 14.50] [] USER ID = 1LOGOUT
