[] [6/1/2017 23:05] [] USER = ADMIN IS ACTIVE
[ADMIN] [6/1/2017 23:05] [] USER ID = 1 LOGIN SUCCESSFULLY
[ADMIN] [6/1/2017 23:05] [] ACTIVATE USER ACCESS RIGHT
[ADMIN] [6/1/2017 23:05] [] DISPLAY ADMIN FORM
[ADMIN] [6/1/2017 23:05] [] adminForm Load
[ADMIN] [6/1/2017 23:05] [] ACTIVATE USER ACCESS RIGHT
[ADMIN] [6/1/2017 23:06] [PENYESUAIAN STOK] TRY TO DO MANUAL STOCK ADJUSTMENT
[ADMIN] [6/1/2017 23:06] [PENYESUAIAN STOK] UPDATE STOCK QTY [0]
[ADMIN] [6/1/2017 23:06] [PENYESUAIAN STOK] INSERT INTO PRODUCT ADJUSTMENT TABLE [IMP-AC1, 12, 8]
[ADMIN] [6/1/2017 23:06] [PENERIMAAN BARANG] INSERT TO PRODUCT EXPIRY [IMP-AC1]
[ADMIN] [6/1/2017 23:07] [PENYESUAIAN STOK] TRY TO DO MANUAL STOCK ADJUSTMENT
[ADMIN] [6/1/2017 23:07] [PENYESUAIAN STOK] UPDATE STOCK QTY [0]
[ADMIN] [6/1/2017 23:07] [PENYESUAIAN STOK] INSERT INTO PRODUCT ADJUSTMENT TABLE [IMP-AMD1, 7, 8]
[ADMIN] [6/1/2017 23:07] [PENERIMAAN BARANG] INSERT TO PRODUCT EXPIRY [IMP-AMD1]
[ADMIN] [6/1/2017 23:07] [PENJUALAN] CASHIER FORM : MULTIPLE CASHIER INSTANCE [1]
[ADMIN] [6/1/2017 23:07] [PENJUALAN] CASHIER FORM : REGISTER HOTKEY
[ADMIN] [6/1/2017 23:07] [PENJUALAN] CASHIER FORM : cashierForm_Load, ATTEMPT TO LOAD NO FAKTUR
[ADMIN] [6/1/2017 23:07] [PENJUALAN] CASHIER FORM : loadNoFaktur, noFakturValue [SLO001]
[ADMIN] [6/1/2017 23:07] [PENJUALAN] CASHIER FORM : cashierForm_Load, ATTEMPT TO addColumnToDataGrid
[ADMIN] [6/1/2017 23:07] [PENJUALAN] CASHIER FORM : UPDATE ROW NUMBER, TOTAL ROW [1]
[ADMIN] [6/1/2017 23:07] [PENJUALAN] CASHIER FORM : REGISTER HOTKEY
[ADMIN] [6/1/2017 23:07] [PENJUALAN] CASHIER FORM : Combobox_previewKeyDown, cashierDataGridView.CurrentCell.OwningColumn.Name  [productID]
[ADMIN] [6/1/2017 23:07] [PENJUALAN] CASHIER FORM : productName_previewKeyDown, cashierDataGridView.CurrentCell.OwningColumn.Name  [productName]
[ADMIN] [6/1/2017 23:07] [PENJUALAN] CASHIER FORM : UPDATE ROW NUMBER, TOTAL ROW [2]
[ADMIN] [6/1/2017 23:07] [PENJUALAN] CASHIER FORM : cashierDataGridView_CellValueChanged [F8]
[ADMIN] [6/1/2017 23:07] [PENJUALAN] CASHIER FORM : cashierDataGridView_CellValueChanged [productName]
[ADMIN] [6/1/2017 23:07] [PENJUALAN] CASHIER FORM : updateSomeRowContents
[ADMIN] [6/1/2017 23:07] [PENJUALAN] CASHIER FORM : clearUpSomeRowContents
[ADMIN] [6/1/2017 23:07] [PENJUALAN] CASHIER FORM : cashierDataGridView_CellValueChanged [productName]
[ADMIN] [6/1/2017 23:07] [PENJUALAN] CASHIER FORM : cashierDataGridView_CellValueChanged [hpp]
[ADMIN] [6/1/2017 23:07] [PENJUALAN] CASHIER FORM : cashierDataGridView_CellValueChanged [productPrice]
[ADMIN] [6/1/2017 23:07] [PENJUALAN] CASHIER FORM : cashierDataGridView_CellValueChanged, previousInput [0]
[ADMIN] [6/1/2017 23:07] [PENJUALAN] CASHIER FORM : cashierDataGridView_CellValueChanged [qty]
[ADMIN] [6/1/2017 23:07] [PENJUALAN] CASHIER FORM : cashierDataGridView_CellValueChanged, previousInput [0]
[ADMIN] [6/1/2017 23:07] [PENJUALAN] CASHIER FORM : cashierDataGridView_CellValueChanged [disc1]
[ADMIN] [6/1/2017 23:07] [PENJUALAN] CASHIER FORM : cashierDataGridView_CellValueChanged, previousInput [0]
[ADMIN] [6/1/2017 23:07] [PENJUALAN] CASHIER FORM : cashierDataGridView_CellValueChanged [disc2]
[ADMIN] [6/1/2017 23:07] [PENJUALAN] CASHIER FORM : cashierDataGridView_CellValueChanged, previousInput [0]
[ADMIN] [6/1/2017 23:07] [PENJUALAN] CASHIER FORM : cashierDataGridView_CellValueChanged [discRP]
[ADMIN] [6/1/2017 23:07] [PENJUALAN] CASHIER FORM : cashierDataGridView_CellValueChanged, previousInput [0]
[ADMIN] [6/1/2017 23:07] [PENJUALAN] CASHIER FORM : cashierDataGridView_CellValueChanged [jumlah]
[ADMIN] [6/1/2017 23:07] [PENJUALAN] CASHIER FORM : calculateTotal
[ADMIN] [6/1/2017 23:07] [PENJUALAN] CASHIER FORM : calculateTotal [0]
[ADMIN] [6/1/2017 23:07] [PENJUALAN] CASHIER FORM : calculateTotal, totalAfterDisc [0]
[ADMIN] [6/1/2017 23:07] [PENJUALAN] CASHIER FORM : calculateChangeValue, bayarTextBox.Text [0]
[ADMIN] [6/1/2017 23:07] [PENJUALAN] CASHIER FORM : calculateChangeValue, sisaBayar [0]
[ADMIN] [6/1/2017 23:07] [PENJUALAN] CASHIER FORM : Combobox_KeyUp, cashierDataGridView.CurrentCell.OwningColumn.Name  [productName]
[ADMIN] [6/1/2017 23:07] [PENJUALAN] CASHIER FORM : Combobox_KeyUp, cashierDataGridView.CurrentCell.OwningColumn.Name  [productName]
[ADMIN] [6/1/2017 23:07] [PENJUALAN] CASHIER FORM : productName_previewKeyDown, cashierDataGridView.CurrentCell.OwningColumn.Name  [productName]
[ADMIN] [6/1/2017 23:07] [PENJUALAN] CASHIER FORM : cashierDataGridView_CellValueChanged [productName]
[ADMIN] [6/1/2017 23:07] [PENJUALAN] CASHIER FORM : Combobox_KeyUp, cashierDataGridView.CurrentCell.OwningColumn.Name  [productName]
[ADMIN] [6/1/2017 23:07] [PENJUALAN] CASHIER FORM : Combobox_KeyUp, cashierDataGridView.CurrentCell.OwningColumn.Name  [productName]
[ADMIN] [6/1/2017 23:07] [PENJUALAN] CASHIER FORM : productName_previewKeyDown, cashierDataGridView.CurrentCell.OwningColumn.Name  [productName]
[ADMIN] [6/1/2017 23:07] [PENJUALAN] CASHIER FORM : Combobox_KeyUp, cashierDataGridView.CurrentCell.OwningColumn.Name  [productName]
[ADMIN] [6/1/2017 23:07] [PENJUALAN] CASHIER FORM : Combobox_KeyUp, cashierDataGridView.CurrentCell.OwningColumn.Name  [productName]
[ADMIN] [6/1/2017 23:07] [PENJUALAN] CASHIER FORM : productName_previewKeyDown, cashierDataGridView.CurrentCell.OwningColumn.Name  [productName]
[ADMIN] [6/1/2017 23:07] [PENJUALAN] CASHIER FORM : Combobox_KeyUp, cashierDataGridView.CurrentCell.OwningColumn.Name  [productName]
[ADMIN] [6/1/2017 23:07] [PENJUALAN] CASHIER FORM : Combobox_KeyUp, cashierDataGridView.CurrentCell.OwningColumn.Name  [productName]
[ADMIN] [6/1/2017 23:07] [PENJUALAN] CASHIER FORM : productName_previewKeyDown, cashierDataGridView.CurrentCell.OwningColumn.Name  [productName]
[ADMIN] [6/1/2017 23:07] [PENJUALAN] CASHIER FORM : Combobox_previewKeyDown, cashierDataGridView.CurrentCell.OwningColumn.Name  [productID]
[ADMIN] [6/1/2017 23:07] [PENJUALAN] CASHIER FORM : UNREGISTER HOTKEY
[ADMIN] [6/1/2017 23:07] [PENJUALAN] CASHIER FORM : REGISTER HOTKEY
[ADMIN] [6/1/2017 23:07] [PENJUALAN] CASHIER FORM : Combobox_KeyUp, cashierDataGridView.CurrentCell.OwningColumn.Name  [productID]
[ADMIN] [6/1/2017 23:07] [PENJUALAN] CASHIER FORM : Combobox_KeyUp, cashierDataGridView.CurrentCell.OwningColumn.Name  [productID]
[ADMIN] [6/1/2017 23:07] [PENJUALAN] CASHIER FORM : Combobox_KeyUp, cashierDataGridView.CurrentCell.OwningColumn.Name  [productID]
[ADMIN] [6/1/2017 23:07] [PENJUALAN] CASHIER FORM : Combobox_previewKeyDown, cashierDataGridView.CurrentCell.OwningColumn.Name  [productID]
[ADMIN] [6/1/2017 23:07] [PENJUALAN] CASHIER FORM : cashierDataGridView_CellValueChanged [productID]
[ADMIN] [6/1/2017 23:07] [PENJUALAN] CASHIER FORM : Combobox_KeyUp, cashierDataGridView.CurrentCell.OwningColumn.Name  [productID]
[ADMIN] [6/1/2017 23:07] [PENJUALAN] CASHIER FORM : Combobox_KeyUp, cashierDataGridView.CurrentCell.OwningColumn.Name  [productID]
[ADMIN] [6/1/2017 23:07] [PENJUALAN] CASHIER FORM : Combobox_KeyUp, cashierDataGridView.CurrentCell.OwningColumn.Name  [productID]
[ADMIN] [6/1/2017 23:07] [PENJUALAN] CASHIER FORM : Combobox_previewKeyDown, cashierDataGridView.CurrentCell.OwningColumn.Name  [productID]
[ADMIN] [6/1/2017 23:07] [PENJUALAN] CASHIER FORM : cashierDataGridView_CellValueChanged [productID]
[ADMIN] [6/1/2017 23:07] [PENJUALAN] CASHIER FORM : Combobox_KeyUp, cashierDataGridView.CurrentCell.OwningColumn.Name  [productID]
[ADMIN] [6/1/2017 23:07] [PENJUALAN] CASHIER FORM : Combobox_KeyUp, cashierDataGridView.CurrentCell.OwningColumn.Name  [productID]
[ADMIN] [6/1/2017 23:07] [PENJUALAN] CASHIER FORM : Combobox_KeyUp, cashierDataGridView.CurrentCell.OwningColumn.Name  [productID]
[ADMIN] [6/1/2017 23:07] [PENJUALAN] CASHIER FORM : Combobox_previewKeyDown, cashierDataGridView.CurrentCell.OwningColumn.Name  [productID]
[ADMIN] [6/1/2017 23:07] [PENJUALAN] CASHIER FORM : cashierDataGridView_CellValueChanged [productID]
[ADMIN] [6/1/2017 23:07] [PENJUALAN] CASHIER FORM : Combobox_KeyUp, cashierDataGridView.CurrentCell.OwningColumn.Name  [productID]
[ADMIN] [6/1/2017 23:07] [PENJUALAN] CASHIER FORM : Combobox_KeyUp, cashierDataGridView.CurrentCell.OwningColumn.Name  [productID]
[ADMIN] [6/1/2017 23:07] [PENJUALAN] CASHIER FORM : Combobox_KeyUp, cashierDataGridView.CurrentCell.OwningColumn.Name  [productID]
[ADMIN] [6/1/2017 23:07] [PENJUALAN] CASHIER FORM : Combobox_previewKeyDown, cashierDataGridView.CurrentCell.OwningColumn.Name  [productID]
[ADMIN] [6/1/2017 23:07] [PENJUALAN] CASHIER FORM : UNREGISTER HOTKEY
[] [6/1/2017 23:19] [] USER = ADMIN IS ACTIVE
[ADMIN] [6/1/2017 23:19] [] USER ID = 1 LOGIN SUCCESSFULLY
[ADMIN] [6/1/2017 23:19] [] ACTIVATE USER ACCESS RIGHT
[ADMIN] [6/1/2017 23:19] [] DISPLAY ADMIN FORM
[ADMIN] [6/1/2017 23:19] [] adminForm Load
[ADMIN] [6/1/2017 23:19] [] ACTIVATE USER ACCESS RIGHT
[ADMIN] [6/1/2017 23:30] [PENYESUAIAN STOK] TRY TO DO MANUAL STOCK ADJUSTMENT
[ADMIN] [6/1/2017 23:30] [PENYESUAIAN STOK] UPDATE STOCK QTY [4669]
[ADMIN] [6/1/2017 23:30] [PENYESUAIAN STOK] INSERT INTO PRODUCT ADJUSTMENT TABLE [IMP-AC1, 12, 8]
[ADMIN] [6/1/2017 23:30] [PENERIMAAN BARANG] INSERT TO PRODUCT EXPIRY [IMP-AC1]
[ADMIN] [6/1/2017 23:30] [PENJUALAN] CASHIER FORM : MULTIPLE CASHIER INSTANCE [1]
[ADMIN] [6/1/2017 23:30] [PENJUALAN] CASHIER FORM : REGISTER HOTKEY
[ADMIN] [6/1/2017 23:30] [PENJUALAN] CASHIER FORM : cashierForm_Load, ATTEMPT TO LOAD NO FAKTUR
[ADMIN] [6/1/2017 23:30] [PENJUALAN] CASHIER FORM : loadNoFaktur, noFakturValue [SLO001]
[ADMIN] [6/1/2017 23:30] [PENJUALAN] CASHIER FORM : cashierForm_Load, ATTEMPT TO addColumnToDataGrid
[ADMIN] [6/1/2017 23:30] [PENJUALAN] CASHIER FORM : UPDATE ROW NUMBER, TOTAL ROW [1]
[ADMIN] [6/1/2017 23:30] [PENJUALAN] CASHIER FORM : REGISTER HOTKEY
[ADMIN] [6/1/2017 23:30] [PENJUALAN] CASHIER FORM : HOTKEY TO OPEN PRODUK SEARCH FORM PRESSED
[ADMIN] [6/1/2017 23:30] [PENJUALAN] CASHIER FORM : UNREGISTER HOTKEY
[ADMIN] [6/1/2017 23:30] [PENJUALAN] CASHIER FORM : REGISTER HOTKEY
[ADMIN] [6/1/2017 23:30] [PENJUALAN] CASHIER FORM : UNREGISTER HOTKEY
[ADMIN] [6/1/2017 23:30] [PENJUALAN] CASHIER FORM : UNREGISTER HOTKEY
[ADMIN] [6/1/2017 23:30] [PENYESUAIAN STOK] TRY TO DO MANUAL STOCK ADJUSTMENT
[ADMIN] [6/1/2017 23:30] [PENYESUAIAN STOK] UPDATE STOCK QTY [4669]
[ADMIN] [6/1/2017 23:30] [PENYESUAIAN STOK] INSERT INTO PRODUCT ADJUSTMENT TABLE [IMP-AC1, 4, 3]
[ADMIN] [6/1/2017 23:30] [PENERIMAAN BARANG] INSERT TO PRODUCT EXPIRY [IMP-AC1]
[ADMIN] [6/1/2017 23:31] [PENJUALAN] CASHIER FORM : MULTIPLE CASHIER INSTANCE [1]
[ADMIN] [6/1/2017 23:31] [PENJUALAN] CASHIER FORM : REGISTER HOTKEY
[ADMIN] [6/1/2017 23:31] [PENJUALAN] CASHIER FORM : cashierForm_Load, ATTEMPT TO LOAD NO FAKTUR
[ADMIN] [6/1/2017 23:31] [PENJUALAN] CASHIER FORM : loadNoFaktur, noFakturValue [SLO001]
[ADMIN] [6/1/2017 23:31] [PENJUALAN] CASHIER FORM : cashierForm_Load, ATTEMPT TO addColumnToDataGrid
[ADMIN] [6/1/2017 23:31] [PENJUALAN] CASHIER FORM : UPDATE ROW NUMBER, TOTAL ROW [1]
[ADMIN] [6/1/2017 23:31] [PENJUALAN] CASHIER FORM : REGISTER HOTKEY
[ADMIN] [6/1/2017 23:31] [PENJUALAN] CASHIER FORM : HOTKEY TO OPEN PRODUK SEARCH FORM PRESSED
[ADMIN] [6/1/2017 23:31] [PENJUALAN] CASHIER FORM : UNREGISTER HOTKEY
[ADMIN] [6/1/2017 23:31] [PENJUALAN] CASHIER FORM : REGISTER HOTKEY
[ADMIN] [6/1/2017 23:31] [PENJUALAN] CASHIER FORM : UNREGISTER HOTKEY
[ADMIN] [6/1/2017 23:31] [PENJUALAN] CASHIER FORM : UNREGISTER HOTKEY
[ADMIN] [6/1/2017 23:31] [] USER ID = 1LOGOUT
