[] [1/7/2017 23:16] [] USER = ADMIN IS ACTIVE
[ADMIN] [1/7/2017 23:16] [] USER ID = 1 LOGIN SUCCESSFULLY
[ADMIN] [1/7/2017 23:16] [] ACTIVATE USER ACCESS RIGHT
[ADMIN] [1/7/2017 23:16] [] DISPLAY ADMIN FORM
[ADMIN] [1/7/2017 23:16] [] adminForm Load
[ADMIN] [1/7/2017 23:16] [] ACTIVATE USER ACCESS RIGHT
[ADMIN] [1/7/2017 23:16] [PENJUALAN] CASHIER FORM : MULTIPLE CASHIER INSTANCE [1]
[ADMIN] [1/7/2017 23:16] [PENJUALAN] CASHIER FORM : REGISTER HOTKEY
[ADMIN] [1/7/2017 23:16] [PENJUALAN] CASHIER FORM : cashierForm_Load, ATTEMPT TO LOAD NO FAKTUR
[ADMIN] [1/7/2017 23:16] [PENJUALAN] CASHIER FORM : loadNoFaktur, noFakturValue [SLO001]
[ADMIN] [1/7/2017 23:16] [PENJUALAN] CASHIER FORM : cashierForm_Load, ATTEMPT TO addColumnToDataGrid
[ADMIN] [1/7/2017 23:16] [PENJUALAN] CASHIER FORM : UPDATE ROW NUMBER, TOTAL ROW [1]
[ADMIN] [1/7/2017 23:16] [PENJUALAN] CASHIER FORM : cashierDataGridView_CellValueChanged [F8]
[ADMIN] [1/7/2017 23:16] [PENJUALAN] CASHIER FORM : calculateTotal
[ADMIN] [1/7/2017 23:16] [PENJUALAN] CASHIER FORM : calculateTotal [0]
[ADMIN] [1/7/2017 23:16] [PENJUALAN] CASHIER FORM : calculateTotal, totalAfterDisc [0]
[ADMIN] [1/7/2017 23:16] [PENJUALAN] CASHIER FORM : calculateChangeValue, bayarTextBox.Text [0]
[ADMIN] [1/7/2017 23:16] [PENJUALAN] CASHIER FORM : calculateChangeValue, sisaBayar [0]
[ADMIN] [1/7/2017 23:16] [PENJUALAN] CASHIER FORM : REGISTER HOTKEY
[ADMIN] [1/7/2017 23:16] [PENJUALAN] CASHIER FORM : Combobox_previewKeyDown, cashierDataGridView.CurrentCell.OwningColumn.Name  [productID]
[ADMIN] [1/7/2017 23:16] [PENJUALAN] CASHIER FORM : productName_previewKeyDown, cashierDataGridView.CurrentCell.OwningColumn.Name  [productName]
[ADMIN] [1/7/2017 23:16] [PENJUALAN] CASHIER FORM : UPDATE ROW NUMBER, TOTAL ROW [2]
[ADMIN] [1/7/2017 23:16] [PENJUALAN] CASHIER FORM : cashierDataGridView_CellValueChanged [F8]
[ADMIN] [1/7/2017 23:16] [PENJUALAN] CASHIER FORM : cashierDataGridView_CellValueChanged [productName]
[ADMIN] [1/7/2017 23:16] [PENJUALAN] CASHIER FORM : updateSomeRowContents
[ADMIN] [1/7/2017 23:16] [PENJUALAN] CASHIER FORM : clearUpSomeRowContents
[ADMIN] [1/7/2017 23:16] [PENJUALAN] CASHIER FORM : cashierDataGridView_CellValueChanged [productName]
[ADMIN] [1/7/2017 23:16] [PENJUALAN] CASHIER FORM : cashierDataGridView_CellValueChanged [hpp]
[ADMIN] [1/7/2017 23:16] [PENJUALAN] CASHIER FORM : cashierDataGridView_CellValueChanged [productPrice]
[ADMIN] [1/7/2017 23:16] [PENJUALAN] CASHIER FORM : cashierDataGridView_CellValueChanged, previousInput [0]
[ADMIN] [1/7/2017 23:16] [PENJUALAN] CASHIER FORM : cashierDataGridView_CellValueChanged [qty]
[ADMIN] [1/7/2017 23:16] [PENJUALAN] CASHIER FORM : cashierDataGridView_CellValueChanged, previousInput [0]
[ADMIN] [1/7/2017 23:16] [PENJUALAN] CASHIER FORM : cashierDataGridView_CellValueChanged [disc1]
[ADMIN] [1/7/2017 23:16] [PENJUALAN] CASHIER FORM : cashierDataGridView_CellValueChanged, previousInput [0]
[ADMIN] [1/7/2017 23:16] [PENJUALAN] CASHIER FORM : cashierDataGridView_CellValueChanged [disc2]
[ADMIN] [1/7/2017 23:16] [PENJUALAN] CASHIER FORM : cashierDataGridView_CellValueChanged, previousInput [0]
[ADMIN] [1/7/2017 23:16] [PENJUALAN] CASHIER FORM : cashierDataGridView_CellValueChanged [discRP]
[ADMIN] [1/7/2017 23:16] [PENJUALAN] CASHIER FORM : cashierDataGridView_CellValueChanged, previousInput [0]
[ADMIN] [1/7/2017 23:16] [PENJUALAN] CASHIER FORM : cashierDataGridView_CellValueChanged [jumlah]
[ADMIN] [1/7/2017 23:16] [PENJUALAN] CASHIER FORM : calculateTotal
[ADMIN] [1/7/2017 23:16] [PENJUALAN] CASHIER FORM : calculateTotal [0]
[ADMIN] [1/7/2017 23:16] [PENJUALAN] CASHIER FORM : calculateTotal, totalAfterDisc [0]
[ADMIN] [1/7/2017 23:16] [PENJUALAN] CASHIER FORM : calculateChangeValue, bayarTextBox.Text [0]
[ADMIN] [1/7/2017 23:16] [PENJUALAN] CASHIER FORM : calculateChangeValue, sisaBayar [0]
[ADMIN] [1/7/2017 23:16] [PENJUALAN] CASHIER FORM : Combobox_KeyUp, cashierDataGridView.CurrentCell.OwningColumn.Name  [productName]
[ADMIN] [1/7/2017 23:16] [PENJUALAN] CASHIER FORM : Combobox_KeyUp, cashierDataGridView.CurrentCell.OwningColumn.Name  [productName]
[ADMIN] [1/7/2017 23:16] [PENJUALAN] CASHIER FORM : productName_previewKeyDown, cashierDataGridView.CurrentCell.OwningColumn.Name  [productName]
[ADMIN] [1/7/2017 23:16] [PENJUALAN] CASHIER FORM : UNREGISTER HOTKEY
[ADMIN] [1/7/2017 23:16] [PENJUALAN] CASHIER FORM : ADD NEW ROW FROM BARCODE [RED OAK ADLT DOG 1 KG]
[ADMIN] [1/7/2017 23:16] [PENJUALAN] CASHIER FORM : updateSomeRowContents
[ADMIN] [1/7/2017 23:16] [PENJUALAN] CASHIER FORM : cashierDataGridView_CellValueChanged [productID]
[ADMIN] [1/7/2017 23:16] [PENJUALAN] CASHIER FORM : cashierDataGridView_CellValueChanged [productName]
[ADMIN] [1/7/2017 23:16] [PENJUALAN] CASHIER FORM : updateSomeRowContents
[ADMIN] [1/7/2017 23:16] [PENJUALAN] CASHIER FORM : PRODUCT PRICE TYPE [PRODUCT_BASE_PRICE]
[ADMIN] [1/7/2017 23:16] [PENJUALAN] CASHIER FORM : PRODUCT PRICE [16000]
[ADMIN] [1/7/2017 23:16] [PENJUALAN] CASHIER FORM : ComboBox_SelectedIndexChanged, PRODUCT_BASE_PRICE [16000]
[ADMIN] [1/7/2017 23:16] [PENJUALAN] CASHIER FORM : cashierDataGridView_CellValueChanged [hpp]
[ADMIN] [1/7/2017 23:16] [PENJUALAN] CASHIER FORM : PRODUCT PRICE TYPE [PRODUCT_RETAIL_PRICE]
[ADMIN] [1/7/2017 23:16] [PENJUALAN] CASHIER FORM : PRODUCT PRICE [29000]
[ADMIN] [1/7/2017 23:16] [PENJUALAN] CASHIER FORM : ComboBox_SelectedIndexChanged, PRODUCT_SALES_PRICE [29000]
[ADMIN] [1/7/2017 23:16] [PENJUALAN] CASHIER FORM : cashierDataGridView_CellValueChanged [productPrice]
[ADMIN] [1/7/2017 23:16] [PENJUALAN] CASHIER FORM : cashierDataGridView_CellValueChanged, previousInput [0]
[ADMIN] [1/7/2017 23:16] [PENJUALAN] CASHIER FORM : cashierDataGridView_CellValueChanged, cellValue [29000]
[ADMIN] [1/7/2017 23:16] [PENJUALAN] CASHIER FORM : cashierDataGridView_CellValueChanged, dataGridViewTextBoxEditingControl.Text pass REGEX Checking
[ADMIN] [1/7/2017 23:16] [PENJUALAN] CASHIER FORM : CALCULATE SUBTOTAL
[ADMIN] [1/7/2017 23:16] [PENJUALAN] CASHIER FORM : SUBTOTAL [0]
[ADMIN] [1/7/2017 23:16] [PENJUALAN] CASHIER FORM : cashierDataGridView_CellValueChanged, subtotal value [0]
[ADMIN] [1/7/2017 23:16] [PENJUALAN] CASHIER FORM : cashierDataGridView_CellValueChanged, attempt to calculate total value
[ADMIN] [1/7/2017 23:16] [PENJUALAN] CASHIER FORM : calculateTotal
[ADMIN] [1/7/2017 23:16] [PENJUALAN] CASHIER FORM : calculateTotal [0]
[ADMIN] [1/7/2017 23:16] [PENJUALAN] CASHIER FORM : calculateTotal, totalAfterDisc [0]
[ADMIN] [1/7/2017 23:16] [PENJUALAN] CASHIER FORM : calculateChangeValue, bayarTextBox.Text [0]
[ADMIN] [1/7/2017 23:16] [PENJUALAN] CASHIER FORM : calculateChangeValue, sisaBayar [0]
[ADMIN] [1/7/2017 23:16] [PENJUALAN] CASHIER FORM : cashierDataGridView_CellValueChanged [qty]
[ADMIN] [1/7/2017 23:16] [PENJUALAN] CASHIER FORM : cashierDataGridView_CellValueChanged, previousInput [0]
[ADMIN] [1/7/2017 23:16] [PENJUALAN] CASHIER FORM : cashierDataGridView_CellValueChanged [jumlah]
[ADMIN] [1/7/2017 23:16] [PENJUALAN] CASHIER FORM : calculateTotal
[ADMIN] [1/7/2017 23:16] [PENJUALAN] CASHIER FORM : calculateTotal [0]
[ADMIN] [1/7/2017 23:16] [PENJUALAN] CASHIER FORM : calculateTotal, totalAfterDisc [0]
[ADMIN] [1/7/2017 23:16] [PENJUALAN] CASHIER FORM : calculateChangeValue, bayarTextBox.Text [0]
[ADMIN] [1/7/2017 23:16] [PENJUALAN] CASHIER FORM : calculateChangeValue, sisaBayar [0]
[ADMIN] [1/7/2017 23:16] [PENJUALAN] CASHIER FORM : CHECK STOCK QTY IS ENOUGH [OAK-AD1]
[ADMIN] [1/7/2017 23:16] [PENJUALAN] CASHIER FORM : CHECK STOCK QTY IS ENOUGH [2, 1]
[ADMIN] [1/7/2017 23:16] [PENJUALAN] CASHIER FORM : cashierDataGridView_CellValueChanged [qty]
[ADMIN] [1/7/2017 23:16] [PENJUALAN] CASHIER FORM : cashierDataGridView_CellValueChanged, previousInput [0]
[ADMIN] [1/7/2017 23:16] [PENJUALAN] CASHIER FORM : cashierDataGridView_CellValueChanged, cellValue [1]
[ADMIN] [1/7/2017 23:16] [PENJUALAN] CASHIER FORM : cashierDataGridView_CellValueChanged, dataGridViewTextBoxEditingControl.Text pass REGEX Checking
[ADMIN] [1/7/2017 23:16] [PENJUALAN] CASHIER FORM : CHECK STOCK QTY IS ENOUGH [OAK-AD1]
[ADMIN] [1/7/2017 23:16] [PENJUALAN] CASHIER FORM : CHECK STOCK QTY IS ENOUGH [2, 1]
[ADMIN] [1/7/2017 23:16] [PENJUALAN] CASHIER FORM : CALCULATE SUBTOTAL
[ADMIN] [1/7/2017 23:16] [PENJUALAN] CASHIER FORM : SUBTOTAL [29000]
[ADMIN] [1/7/2017 23:16] [PENJUALAN] CASHIER FORM : cashierDataGridView_CellValueChanged, subtotal value [29000]
[ADMIN] [1/7/2017 23:16] [PENJUALAN] CASHIER FORM : cashierDataGridView_CellValueChanged, attempt to calculate total value
[ADMIN] [1/7/2017 23:16] [PENJUALAN] CASHIER FORM : calculateTotal
[ADMIN] [1/7/2017 23:16] [PENJUALAN] CASHIER FORM : calculateTotal [29000]
[ADMIN] [1/7/2017 23:16] [PENJUALAN] CASHIER FORM : calculateTotal, totalAfterDisc [29000]
[ADMIN] [1/7/2017 23:16] [PENJUALAN] CASHIER FORM : calculateChangeValue, bayarTextBox.Text [0]
[ADMIN] [1/7/2017 23:16] [PENJUALAN] CASHIER FORM : calculateChangeValue, sisaBayar [0]
[ADMIN] [1/7/2017 23:16] [PENJUALAN] CASHIER FORM : SET QTY TO 1 BECAUSE OF NEW ROW
[ADMIN] [1/7/2017 23:16] [PENJUALAN] CASHIER FORM : CALCULATE SUBTOTAL
[ADMIN] [1/7/2017 23:16] [PENJUALAN] CASHIER FORM : SUBTOTAL [29000]
[ADMIN] [1/7/2017 23:16] [PENJUALAN] CASHIER FORM : calculateTotal
[ADMIN] [1/7/2017 23:16] [PENJUALAN] CASHIER FORM : calculateTotal [29000]
[ADMIN] [1/7/2017 23:16] [PENJUALAN] CASHIER FORM : calculateTotal, totalAfterDisc [29000]
[ADMIN] [1/7/2017 23:16] [PENJUALAN] CASHIER FORM : calculateChangeValue, bayarTextBox.Text [0]
[ADMIN] [1/7/2017 23:16] [PENJUALAN] CASHIER FORM : calculateChangeValue, sisaBayar [0]
[ADMIN] [1/7/2017 23:16] [PENJUALAN] CASHIER FORM : UPDATE ROW NUMBER, TOTAL ROW [2]
[ADMIN] [1/7/2017 23:16] [PENJUALAN] CASHIER FORM : cashierDataGridView_CellValueChanged [F8]
[ADMIN] [1/7/2017 23:16] [PENJUALAN] CASHIER FORM : REGISTER HOTKEY
[ADMIN] [1/7/2017 23:16] [PENJUALAN] CASHIER FORM : UNREGISTER HOTKEY
[ADMIN] [1/7/2017 23:16] [PENJUALAN] CASHIER FORM : REGISTER HOTKEY
[ADMIN] [1/7/2017 23:16] [PENJUALAN] CASHIER FORM : Combobox_KeyUp, cashierDataGridView.CurrentCell.OwningColumn.Name  [qty]
[ADMIN] [1/7/2017 23:16] [PENJUALAN] CASHIER FORM : Combobox_KeyUp, cashierDataGridView.CurrentCell.OwningColumn.Name  [qty]
[ADMIN] [1/7/2017 23:16] [PENJUALAN] CASHIER FORM : productName_previewKeyDown, cashierDataGridView.CurrentCell.OwningColumn.Name  [productName]
[ADMIN] [1/7/2017 23:16] [PENJUALAN] CASHIER FORM : productName_previewKeyDown, cashierDataGridView.CurrentCell.OwningColumn.Name  [productName]
[ADMIN] [1/7/2017 23:16] [PENJUALAN] CASHIER FORM : UPDATE ROW NUMBER, TOTAL ROW [3]
[ADMIN] [1/7/2017 23:16] [PENJUALAN] CASHIER FORM : cashierDataGridView_CellValueChanged [F8]
[ADMIN] [1/7/2017 23:16] [PENJUALAN] CASHIER FORM : cashierDataGridView_CellValueChanged [productName]
[ADMIN] [1/7/2017 23:16] [PENJUALAN] CASHIER FORM : updateSomeRowContents
[ADMIN] [1/7/2017 23:16] [PENJUALAN] CASHIER FORM : clearUpSomeRowContents
[ADMIN] [1/7/2017 23:16] [PENJUALAN] CASHIER FORM : cashierDataGridView_CellValueChanged [productName]
[ADMIN] [1/7/2017 23:16] [PENJUALAN] CASHIER FORM : cashierDataGridView_CellValueChanged [hpp]
[ADMIN] [1/7/2017 23:16] [PENJUALAN] CASHIER FORM : cashierDataGridView_CellValueChanged [productPrice]
[ADMIN] [1/7/2017 23:16] [PENJUALAN] CASHIER FORM : cashierDataGridView_CellValueChanged, previousInput [0]
[ADMIN] [1/7/2017 23:16] [PENJUALAN] CASHIER FORM : cashierDataGridView_CellValueChanged [qty]
[ADMIN] [1/7/2017 23:16] [PENJUALAN] CASHIER FORM : cashierDataGridView_CellValueChanged, previousInput [0]
[ADMIN] [1/7/2017 23:16] [PENJUALAN] CASHIER FORM : cashierDataGridView_CellValueChanged [disc1]
[ADMIN] [1/7/2017 23:16] [PENJUALAN] CASHIER FORM : cashierDataGridView_CellValueChanged, previousInput [0]
[ADMIN] [1/7/2017 23:16] [PENJUALAN] CASHIER FORM : cashierDataGridView_CellValueChanged [disc2]
[ADMIN] [1/7/2017 23:16] [PENJUALAN] CASHIER FORM : cashierDataGridView_CellValueChanged, previousInput [0]
[ADMIN] [1/7/2017 23:16] [PENJUALAN] CASHIER FORM : cashierDataGridView_CellValueChanged [discRP]
[ADMIN] [1/7/2017 23:16] [PENJUALAN] CASHIER FORM : cashierDataGridView_CellValueChanged, previousInput [0]
[ADMIN] [1/7/2017 23:16] [PENJUALAN] CASHIER FORM : cashierDataGridView_CellValueChanged [jumlah]
[ADMIN] [1/7/2017 23:16] [PENJUALAN] CASHIER FORM : calculateTotal
[ADMIN] [1/7/2017 23:16] [PENJUALAN] CASHIER FORM : calculateTotal [29000]
[ADMIN] [1/7/2017 23:16] [PENJUALAN] CASHIER FORM : calculateTotal, totalAfterDisc [29000]
[ADMIN] [1/7/2017 23:16] [PENJUALAN] CASHIER FORM : calculateChangeValue, bayarTextBox.Text [0]
[ADMIN] [1/7/2017 23:16] [PENJUALAN] CASHIER FORM : calculateChangeValue, sisaBayar [0]
[ADMIN] [1/7/2017 23:16] [PENJUALAN] CASHIER FORM : Combobox_KeyUp, cashierDataGridView.CurrentCell.OwningColumn.Name  [productName]
[ADMIN] [1/7/2017 23:16] [PENJUALAN] CASHIER FORM : Combobox_KeyUp, cashierDataGridView.CurrentCell.OwningColumn.Name  [productName]
[ADMIN] [1/7/2017 23:16] [PENJUALAN] CASHIER FORM : Combobox_KeyUp, cashierDataGridView.CurrentCell.OwningColumn.Name  [productName]
[ADMIN] [1/7/2017 23:16] [PENJUALAN] CASHIER FORM : productName_previewKeyDown, cashierDataGridView.CurrentCell.OwningColumn.Name  [productName]
[ADMIN] [1/7/2017 23:16] [PENJUALAN] CASHIER FORM : UNREGISTER HOTKEY
[ADMIN] [1/7/2017 23:16] [PENJUALAN] CASHIER FORM : ADD NEW ROW FROM BARCODE [CLASSIC BBQ 20 KG]
[ADMIN] [1/7/2017 23:16] [PENJUALAN] CASHIER FORM : updateSomeRowContents
[ADMIN] [1/7/2017 23:16] [PENJUALAN] CASHIER FORM : cashierDataGridView_CellValueChanged [productID]
[ADMIN] [1/7/2017 23:16] [PENJUALAN] CASHIER FORM : cashierDataGridView_CellValueChanged [productName]
[ADMIN] [1/7/2017 23:16] [PENJUALAN] CASHIER FORM : updateSomeRowContents
[ADMIN] [1/7/2017 23:16] [PENJUALAN] CASHIER FORM : PRODUCT PRICE TYPE [PRODUCT_BASE_PRICE]
[ADMIN] [1/7/2017 23:16] [PENJUALAN] CASHIER FORM : PRODUCT PRICE [324520]
[ADMIN] [1/7/2017 23:16] [PENJUALAN] CASHIER FORM : ComboBox_SelectedIndexChanged, PRODUCT_BASE_PRICE [324520]
[ADMIN] [1/7/2017 23:16] [PENJUALAN] CASHIER FORM : cashierDataGridView_CellValueChanged [hpp]
[ADMIN] [1/7/2017 23:16] [PENJUALAN] CASHIER FORM : PRODUCT PRICE TYPE [PRODUCT_RETAIL_PRICE]
[ADMIN] [1/7/2017 23:16] [PENJUALAN] CASHIER FORM : PRODUCT PRICE [390000]
[ADMIN] [1/7/2017 23:16] [PENJUALAN] CASHIER FORM : ComboBox_SelectedIndexChanged, PRODUCT_SALES_PRICE [390000]
[ADMIN] [1/7/2017 23:16] [PENJUALAN] CASHIER FORM : cashierDataGridView_CellValueChanged [productPrice]
[ADMIN] [1/7/2017 23:16] [PENJUALAN] CASHIER FORM : cashierDataGridView_CellValueChanged, previousInput [0]
[ADMIN] [1/7/2017 23:16] [PENJUALAN] CASHIER FORM : cashierDataGridView_CellValueChanged, cellValue [390000]
[ADMIN] [1/7/2017 23:16] [PENJUALAN] CASHIER FORM : cashierDataGridView_CellValueChanged, dataGridViewTextBoxEditingControl.Text pass REGEX Checking
[ADMIN] [1/7/2017 23:16] [PENJUALAN] CASHIER FORM : CALCULATE SUBTOTAL
[ADMIN] [1/7/2017 23:16] [PENJUALAN] CASHIER FORM : SUBTOTAL [0]
[ADMIN] [1/7/2017 23:16] [PENJUALAN] CASHIER FORM : cashierDataGridView_CellValueChanged, subtotal value [0]
[ADMIN] [1/7/2017 23:16] [PENJUALAN] CASHIER FORM : cashierDataGridView_CellValueChanged, attempt to calculate total value
[ADMIN] [1/7/2017 23:16] [PENJUALAN] CASHIER FORM : calculateTotal
[ADMIN] [1/7/2017 23:16] [PENJUALAN] CASHIER FORM : calculateTotal [29000]
[ADMIN] [1/7/2017 23:16] [PENJUALAN] CASHIER FORM : calculateTotal, totalAfterDisc [29000]
[ADMIN] [1/7/2017 23:16] [PENJUALAN] CASHIER FORM : calculateChangeValue, bayarTextBox.Text [0]
[ADMIN] [1/7/2017 23:16] [PENJUALAN] CASHIER FORM : calculateChangeValue, sisaBayar [0]
[ADMIN] [1/7/2017 23:16] [PENJUALAN] CASHIER FORM : cashierDataGridView_CellValueChanged [qty]
[ADMIN] [1/7/2017 23:16] [PENJUALAN] CASHIER FORM : cashierDataGridView_CellValueChanged, previousInput [0]
[ADMIN] [1/7/2017 23:16] [PENJUALAN] CASHIER FORM : cashierDataGridView_CellValueChanged [jumlah]
[ADMIN] [1/7/2017 23:16] [PENJUALAN] CASHIER FORM : calculateTotal
[ADMIN] [1/7/2017 23:16] [PENJUALAN] CASHIER FORM : calculateTotal [29000]
[ADMIN] [1/7/2017 23:16] [PENJUALAN] CASHIER FORM : calculateTotal, totalAfterDisc [29000]
[ADMIN] [1/7/2017 23:16] [PENJUALAN] CASHIER FORM : calculateChangeValue, bayarTextBox.Text [0]
[ADMIN] [1/7/2017 23:16] [PENJUALAN] CASHIER FORM : calculateChangeValue, sisaBayar [0]
[ADMIN] [1/7/2017 23:16] [PENJUALAN] CASHIER FORM : CHECK STOCK QTY IS ENOUGH [CLASSIC-BBQ20]
[ADMIN] [1/7/2017 23:16] [PENJUALAN] CASHIER FORM : CHECK STOCK QTY IS ENOUGH [26, 1]
[ADMIN] [1/7/2017 23:16] [PENJUALAN] CASHIER FORM : cashierDataGridView_CellValueChanged [qty]
[ADMIN] [1/7/2017 23:16] [PENJUALAN] CASHIER FORM : cashierDataGridView_CellValueChanged, previousInput [0]
[ADMIN] [1/7/2017 23:16] [PENJUALAN] CASHIER FORM : cashierDataGridView_CellValueChanged, cellValue [1]
[ADMIN] [1/7/2017 23:16] [PENJUALAN] CASHIER FORM : cashierDataGridView_CellValueChanged, dataGridViewTextBoxEditingControl.Text pass REGEX Checking
[ADMIN] [1/7/2017 23:16] [PENJUALAN] CASHIER FORM : CHECK STOCK QTY IS ENOUGH [CLASSIC-BBQ20]
[ADMIN] [1/7/2017 23:16] [PENJUALAN] CASHIER FORM : CHECK STOCK QTY IS ENOUGH [26, 1]
[ADMIN] [1/7/2017 23:16] [PENJUALAN] CASHIER FORM : CALCULATE SUBTOTAL
[ADMIN] [1/7/2017 23:16] [PENJUALAN] CASHIER FORM : SUBTOTAL [390000]
[ADMIN] [1/7/2017 23:16] [PENJUALAN] CASHIER FORM : cashierDataGridView_CellValueChanged, subtotal value [390000]
[ADMIN] [1/7/2017 23:16] [PENJUALAN] CASHIER FORM : cashierDataGridView_CellValueChanged, attempt to calculate total value
[ADMIN] [1/7/2017 23:16] [PENJUALAN] CASHIER FORM : calculateTotal
[ADMIN] [1/7/2017 23:16] [PENJUALAN] CASHIER FORM : calculateTotal [419000]
[ADMIN] [1/7/2017 23:16] [PENJUALAN] CASHIER FORM : calculateTotal, totalAfterDisc [419000]
[ADMIN] [1/7/2017 23:16] [PENJUALAN] CASHIER FORM : calculateChangeValue, bayarTextBox.Text [0]
[ADMIN] [1/7/2017 23:16] [PENJUALAN] CASHIER FORM : calculateChangeValue, sisaBayar [0]
[ADMIN] [1/7/2017 23:16] [PENJUALAN] CASHIER FORM : SET QTY TO 1 BECAUSE OF NEW ROW
[ADMIN] [1/7/2017 23:16] [PENJUALAN] CASHIER FORM : CALCULATE SUBTOTAL
[ADMIN] [1/7/2017 23:16] [PENJUALAN] CASHIER FORM : SUBTOTAL [390000]
[ADMIN] [1/7/2017 23:16] [PENJUALAN] CASHIER FORM : calculateTotal
[ADMIN] [1/7/2017 23:16] [PENJUALAN] CASHIER FORM : calculateTotal [419000]
[ADMIN] [1/7/2017 23:16] [PENJUALAN] CASHIER FORM : calculateTotal, totalAfterDisc [419000]
[ADMIN] [1/7/2017 23:16] [PENJUALAN] CASHIER FORM : calculateChangeValue, bayarTextBox.Text [0]
[ADMIN] [1/7/2017 23:16] [PENJUALAN] CASHIER FORM : calculateChangeValue, sisaBayar [0]
[ADMIN] [1/7/2017 23:16] [PENJUALAN] CASHIER FORM : UPDATE ROW NUMBER, TOTAL ROW [3]
[ADMIN] [1/7/2017 23:16] [PENJUALAN] CASHIER FORM : cashierDataGridView_CellValueChanged [F8]
[ADMIN] [1/7/2017 23:16] [PENJUALAN] CASHIER FORM : REGISTER HOTKEY
[ADMIN] [1/7/2017 23:16] [PENJUALAN] CASHIER FORM : UNREGISTER HOTKEY
[ADMIN] [1/7/2017 23:16] [PENJUALAN] CASHIER FORM : REGISTER HOTKEY
[ADMIN] [1/7/2017 23:16] [PENJUALAN] CASHIER FORM : Combobox_KeyUp, cashierDataGridView.CurrentCell.OwningColumn.Name  [disc1]
[ADMIN] [1/7/2017 23:16] [PENJUALAN] CASHIER FORM : Combobox_KeyUp, cashierDataGridView.CurrentCell.OwningColumn.Name  [disc1]
[ADMIN] [1/7/2017 23:16] [PENJUALAN] CASHIER FORM : Combobox_KeyUp, cashierDataGridView.CurrentCell.OwningColumn.Name  [disc1]
[ADMIN] [1/7/2017 23:16] [PENJUALAN] CASHIER FORM : Combobox_KeyUp, cashierDataGridView.CurrentCell.OwningColumn.Name  [disc1]
[ADMIN] [1/7/2017 23:16] [PENJUALAN] CASHIER FORM : Combobox_KeyUp, cashierDataGridView.CurrentCell.OwningColumn.Name  [disc1]
[ADMIN] [1/7/2017 23:16] [PENJUALAN] CASHIER FORM : Combobox_KeyUp, cashierDataGridView.CurrentCell.OwningColumn.Name  [disc1]
[ADMIN] [1/7/2017 23:16] [PENJUALAN] CASHIER FORM : cashierDataGridView_CellValueChanged [qty]
[ADMIN] [1/7/2017 23:16] [PENJUALAN] CASHIER FORM : cashierDataGridView_CellValueChanged, previousInput [1]
[ADMIN] [1/7/2017 23:16] [PENJUALAN] CASHIER FORM : cashierDataGridView_CellValueChanged, dataGridViewTextBoxEditingControl.Text pass REGEX Checking
[ADMIN] [1/7/2017 23:16] [PENJUALAN] CASHIER FORM : CHECK STOCK QTY IS ENOUGH [CLASSIC-BBQ20]
[ADMIN] [1/7/2017 23:16] [PENJUALAN] CASHIER FORM : CHECK STOCK QTY IS ENOUGH [26, 3]
[ADMIN] [1/7/2017 23:16] [PENJUALAN] CASHIER FORM : CALCULATE SUBTOTAL
[ADMIN] [1/7/2017 23:16] [PENJUALAN] CASHIER FORM : SUBTOTAL [1170000]
[ADMIN] [1/7/2017 23:16] [PENJUALAN] CASHIER FORM : cashierDataGridView_CellValueChanged, subtotal value [1170000]
[ADMIN] [1/7/2017 23:16] [PENJUALAN] CASHIER FORM : cashierDataGridView_CellValueChanged, attempt to calculate total value
[ADMIN] [1/7/2017 23:16] [PENJUALAN] CASHIER FORM : calculateTotal
[ADMIN] [1/7/2017 23:16] [PENJUALAN] CASHIER FORM : calculateTotal [1199000]
[ADMIN] [1/7/2017 23:16] [PENJUALAN] CASHIER FORM : calculateTotal, totalAfterDisc [1199000]
[ADMIN] [1/7/2017 23:16] [PENJUALAN] CASHIER FORM : calculateChangeValue, bayarTextBox.Text [0]
[ADMIN] [1/7/2017 23:16] [PENJUALAN] CASHIER FORM : calculateChangeValue, sisaBayar [0]
[ADMIN] [1/7/2017 23:16] [PENJUALAN] CASHIER FORM : Combobox_KeyUp, cashierDataGridView.CurrentCell.OwningColumn.Name  [qty]
[ADMIN] [1/7/2017 23:16] [PENJUALAN] CASHIER FORM : Combobox_KeyUp, cashierDataGridView.CurrentCell.OwningColumn.Name  [qty]
[ADMIN] [1/7/2017 23:16] [PENJUALAN] CASHIER FORM : Combobox_KeyUp, cashierDataGridView.CurrentCell.OwningColumn.Name  [qty]
[ADMIN] [1/7/2017 23:16] [PENJUALAN] CASHIER FORM : cashierDataGridView_CellValueChanged [qty]
[ADMIN] [1/7/2017 23:16] [PENJUALAN] CASHIER FORM : cashierDataGridView_CellValueChanged, previousInput [3]
[ADMIN] [1/7/2017 23:16] [PENJUALAN] CASHIER FORM : cashierDataGridView_CellValueChanged, dataGridViewTextBoxEditingControl.Text pass REGEX Checking
[ADMIN] [1/7/2017 23:16] [PENJUALAN] CASHIER FORM : CHECK STOCK QTY IS ENOUGH [CLASSIC-BBQ20]
[ADMIN] [1/7/2017 23:16] [PENJUALAN] CASHIER FORM : CHECK STOCK QTY IS ENOUGH [26, 34]
[ADMIN] [1/7/2017 23:16] [PENJUALAN] CASHIER FORM : CALCULATE SUBTOTAL
[ADMIN] [1/7/2017 23:16] [PENJUALAN] CASHIER FORM : SUBTOTAL [1170000]
[ADMIN] [1/7/2017 23:16] [PENJUALAN] CASHIER FORM : cashierDataGridView_CellValueChanged, subtotal value [1170000]
[ADMIN] [1/7/2017 23:16] [PENJUALAN] CASHIER FORM : cashierDataGridView_CellValueChanged, attempt to calculate total value
[ADMIN] [1/7/2017 23:16] [PENJUALAN] CASHIER FORM : calculateTotal
[ADMIN] [1/7/2017 23:16] [PENJUALAN] CASHIER FORM : calculateTotal [1199000]
[ADMIN] [1/7/2017 23:16] [PENJUALAN] CASHIER FORM : calculateTotal, totalAfterDisc [1199000]
[ADMIN] [1/7/2017 23:16] [PENJUALAN] CASHIER FORM : calculateChangeValue, bayarTextBox.Text [0]
[ADMIN] [1/7/2017 23:16] [PENJUALAN] CASHIER FORM : calculateChangeValue, sisaBayar [0]
[ADMIN] [1/7/2017 23:16] [PENJUALAN] CASHIER FORM : Combobox_KeyUp, cashierDataGridView.CurrentCell.OwningColumn.Name  [qty]
[ADMIN] [1/7/2017 23:16] [PENJUALAN] CASHIER FORM : Combobox_KeyUp, cashierDataGridView.CurrentCell.OwningColumn.Name  [qty]
[ADMIN] [1/7/2017 23:16] [PENJUALAN] CASHIER FORM : Combobox_KeyUp, cashierDataGridView.CurrentCell.OwningColumn.Name  [qty]
[ADMIN] [1/7/2017 23:16] [PENJUALAN] CASHIER FORM : cashierDataGridView_CellValueChanged [qty]
[ADMIN] [1/7/2017 23:16] [PENJUALAN] CASHIER FORM : cashierDataGridView_CellValueChanged, previousInput [3]
[ADMIN] [1/7/2017 23:16] [PENJUALAN] CASHIER FORM : cashierDataGridView_CellValueChanged, dataGridViewTextBoxEditingControl.Text pass REGEX Checking
[ADMIN] [1/7/2017 23:16] [PENJUALAN] CASHIER FORM : CHECK STOCK QTY IS ENOUGH [CLASSIC-BBQ20]
[ADMIN] [1/7/2017 23:16] [PENJUALAN] CASHIER FORM : CHECK STOCK QTY IS ENOUGH [26, 4]
[ADMIN] [1/7/2017 23:16] [PENJUALAN] CASHIER FORM : CALCULATE SUBTOTAL
[ADMIN] [1/7/2017 23:16] [PENJUALAN] CASHIER FORM : SUBTOTAL [1560000]
[ADMIN] [1/7/2017 23:16] [PENJUALAN] CASHIER FORM : cashierDataGridView_CellValueChanged, subtotal value [1560000]
[ADMIN] [1/7/2017 23:16] [PENJUALAN] CASHIER FORM : cashierDataGridView_CellValueChanged, attempt to calculate total value
[ADMIN] [1/7/2017 23:16] [PENJUALAN] CASHIER FORM : calculateTotal
[ADMIN] [1/7/2017 23:16] [PENJUALAN] CASHIER FORM : calculateTotal [1589000]
[ADMIN] [1/7/2017 23:16] [PENJUALAN] CASHIER FORM : calculateTotal, totalAfterDisc [1589000]
[ADMIN] [1/7/2017 23:16] [PENJUALAN] CASHIER FORM : calculateChangeValue, bayarTextBox.Text [0]
[ADMIN] [1/7/2017 23:16] [PENJUALAN] CASHIER FORM : calculateChangeValue, sisaBayar [0]
[ADMIN] [1/7/2017 23:16] [PENJUALAN] CASHIER FORM : Combobox_KeyUp, cashierDataGridView.CurrentCell.OwningColumn.Name  [qty]
[ADMIN] [1/7/2017 23:16] [PENJUALAN] CASHIER FORM : Combobox_KeyUp, cashierDataGridView.CurrentCell.OwningColumn.Name  [qty]
[ADMIN] [1/7/2017 23:16] [PENJUALAN] CASHIER FORM : Combobox_KeyUp, cashierDataGridView.CurrentCell.OwningColumn.Name  [qty]
[ADMIN] [1/7/2017 23:16] [PENJUALAN] CASHIER FORM : Combobox_KeyUp, cashierDataGridView.CurrentCell.OwningColumn.Name  [qty]
[ADMIN] [1/7/2017 23:16] [PENJUALAN] CASHIER FORM : Combobox_KeyUp, cashierDataGridView.CurrentCell.OwningColumn.Name  [qty]
[ADMIN] [1/7/2017 23:16] [PENJUALAN] CASHIER FORM : Combobox_KeyUp, cashierDataGridView.CurrentCell.OwningColumn.Name  [qty]
[ADMIN] [1/7/2017 23:16] [PENJUALAN] CASHIER FORM : Combobox_KeyUp, cashierDataGridView.CurrentCell.OwningColumn.Name  [qty]
[ADMIN] [1/7/2017 23:16] [PENJUALAN] CASHIER FORM : Combobox_KeyUp, cashierDataGridView.CurrentCell.OwningColumn.Name  [qty]
[ADMIN] [1/7/2017 23:16] [PENJUALAN] CASHIER FORM : Combobox_KeyUp, cashierDataGridView.CurrentCell.OwningColumn.Name  [qty]
[ADMIN] [1/7/2017 23:16] [PENJUALAN] CASHIER FORM : Combobox_KeyUp, cashierDataGridView.CurrentCell.OwningColumn.Name  [qty]
[ADMIN] [1/7/2017 23:16] [PENJUALAN] CASHIER FORM : Combobox_KeyUp, cashierDataGridView.CurrentCell.OwningColumn.Name  [qty]
[ADMIN] [1/7/2017 23:16] [PENJUALAN] CASHIER FORM : Combobox_KeyUp, cashierDataGridView.CurrentCell.OwningColumn.Name  [qty]
[ADMIN] [1/7/2017 23:17] [PENJUALAN] CASHIER FORM : Combobox_KeyUp, cashierDataGridView.CurrentCell.OwningColumn.Name  [qty]
[ADMIN] [1/7/2017 23:17] [PENJUALAN] CASHIER FORM : Combobox_KeyUp, cashierDataGridView.CurrentCell.OwningColumn.Name  [qty]
[ADMIN] [1/7/2017 23:17] [PENJUALAN] CASHIER FORM : Combobox_KeyUp, cashierDataGridView.CurrentCell.OwningColumn.Name  [qty]
[ADMIN] [1/7/2017 23:17] [PENJUALAN] CASHIER FORM : UNREGISTER HOTKEY
[ADMIN] [1/7/2017 23:17] [PENJUALAN] CASHIER FORM : UNREGISTER HOTKEY
[ADMIN] [1/7/2017 23:17] [] USER ID = 1LOGOUT
