[] [5/5/2017 23:58] [] USER = ADMIN IS ACTIVE
[ADMIN] [5/5/2017 23:58] [] USER ID = 1 LOGIN SUCCESSFULLY
[ADMIN] [5/5/2017 23:58] [] ACTIVATE USER ACCESS RIGHT
[ADMIN] [5/5/2017 23:58] [] DISPLAY ADMIN FORM
[ADMIN] [5/5/2017 23:58] [] adminForm Load
[ADMIN] [5/5/2017 23:58] [] ACTIVATE USER ACCESS RIGHT
[ADMIN] [5/6/2017 00:06] [PENJUALAN] CASHIER FORM : MULTIPLE CASHIER INSTANCE [1]
[ADMIN] [5/6/2017 00:06] [PENJUALAN] CASHIER FORM : REGISTER HOTKEY
[ADMIN] [5/6/2017 00:06] [PENJUALAN] CASHIER FORM : cashierForm_Load, ATTEMPT TO LOAD NO FAKTUR
[ADMIN] [5/6/2017 00:06] [PENJUALAN] CASHIER FORM : loadNoFaktur, noFakturValue [SLO001]
[ADMIN] [5/6/2017 00:06] [PENJUALAN] CASHIER FORM : cashierForm_Load, ATTEMPT TO addColumnToDataGrid
[ADMIN] [5/6/2017 00:06] [PENJUALAN] CASHIER FORM : UPDATE ROW NUMBER, TOTAL ROW [1]
[ADMIN] [5/6/2017 00:06] [PENJUALAN] CASHIER FORM : calculateTotal
[ADMIN] [5/6/2017 00:06] [PENJUALAN] CASHIER FORM : calculateTotal [0]
[ADMIN] [5/6/2017 00:06] [PENJUALAN] CASHIER FORM : calculateTotal, totalAfterDisc [0]
[ADMIN] [5/6/2017 00:06] [PENJUALAN] CASHIER FORM : calculateChangeValue, bayarTextBox.Text [0]
[ADMIN] [5/6/2017 00:06] [PENJUALAN] CASHIER FORM : calculateChangeValue, sisaBayar [0]
[ADMIN] [5/6/2017 00:06] [PENJUALAN] CASHIER FORM : REGISTER HOTKEY
[ADMIN] [5/6/2017 00:06] [PENJUALAN] CASHIER FORM : Combobox_previewKeyDown, cashierDataGridView.CurrentCell.OwningColumn.Name  [productID]
[ADMIN] [5/6/2017 00:06] [PENJUALAN] CASHIER FORM : productName_previewKeyDown, cashierDataGridView.CurrentCell.OwningColumn.Name  [productName]
[ADMIN] [5/6/2017 00:06] [PENJUALAN] CASHIER FORM : UPDATE ROW NUMBER, TOTAL ROW [2]
[ADMIN] [5/6/2017 00:06] [PENJUALAN] CASHIER FORM : cashierDataGridView_CellValueChanged [F8]
[ADMIN] [5/6/2017 00:06] [PENJUALAN] CASHIER FORM : cashierDataGridView_CellValueChanged [productName]
[ADMIN] [5/6/2017 00:06] [PENJUALAN] CASHIER FORM : updateSomeRowContents
[ADMIN] [5/6/2017 00:06] [PENJUALAN] CASHIER FORM : clearUpSomeRowContents
[ADMIN] [5/6/2017 00:06] [PENJUALAN] CASHIER FORM : cashierDataGridView_CellValueChanged [productName]
[ADMIN] [5/6/2017 00:06] [PENJUALAN] CASHIER FORM : cashierDataGridView_CellValueChanged [hpp]
[ADMIN] [5/6/2017 00:06] [PENJUALAN] CASHIER FORM : cashierDataGridView_CellValueChanged [productPrice]
[ADMIN] [5/6/2017 00:06] [PENJUALAN] CASHIER FORM : cashierDataGridView_CellValueChanged, previousInput [0]
[ADMIN] [5/6/2017 00:06] [PENJUALAN] CASHIER FORM : cashierDataGridView_CellValueChanged [qty]
[ADMIN] [5/6/2017 00:06] [PENJUALAN] CASHIER FORM : cashierDataGridView_CellValueChanged, previousInput [0]
[ADMIN] [5/6/2017 00:06] [PENJUALAN] CASHIER FORM : cashierDataGridView_CellValueChanged [disc1]
[ADMIN] [5/6/2017 00:06] [PENJUALAN] CASHIER FORM : cashierDataGridView_CellValueChanged, previousInput [0]
[ADMIN] [5/6/2017 00:06] [PENJUALAN] CASHIER FORM : cashierDataGridView_CellValueChanged [disc2]
[ADMIN] [5/6/2017 00:06] [PENJUALAN] CASHIER FORM : cashierDataGridView_CellValueChanged, previousInput [0]
[ADMIN] [5/6/2017 00:06] [PENJUALAN] CASHIER FORM : cashierDataGridView_CellValueChanged [discRP]
[ADMIN] [5/6/2017 00:06] [PENJUALAN] CASHIER FORM : cashierDataGridView_CellValueChanged, previousInput [0]
[ADMIN] [5/6/2017 00:06] [PENJUALAN] CASHIER FORM : cashierDataGridView_CellValueChanged [jumlah]
[ADMIN] [5/6/2017 00:06] [PENJUALAN] CASHIER FORM : calculateTotal
[ADMIN] [5/6/2017 00:06] [PENJUALAN] CASHIER FORM : calculateTotal [0]
[ADMIN] [5/6/2017 00:06] [PENJUALAN] CASHIER FORM : calculateTotal, totalAfterDisc [0]
[ADMIN] [5/6/2017 00:06] [PENJUALAN] CASHIER FORM : calculateChangeValue, bayarTextBox.Text [0]
[ADMIN] [5/6/2017 00:06] [PENJUALAN] CASHIER FORM : calculateChangeValue, sisaBayar [0]
[ADMIN] [5/6/2017 00:06] [PENJUALAN] CASHIER FORM : Combobox_KeyUp, cashierDataGridView.CurrentCell.OwningColumn.Name  [productName]
[ADMIN] [5/6/2017 00:06] [PENJUALAN] CASHIER FORM : Combobox_KeyUp, cashierDataGridView.CurrentCell.OwningColumn.Name  [productName]
[ADMIN] [5/6/2017 00:06] [PENJUALAN] CASHIER FORM : productName_previewKeyDown, cashierDataGridView.CurrentCell.OwningColumn.Name  [productName]
[ADMIN] [5/6/2017 00:06] [PENJUALAN] CASHIER FORM : cashierDataGridView_CellValueChanged [productName]
[ADMIN] [5/6/2017 00:06] [PENJUALAN] CASHIER FORM : updateSomeRowContents
[ADMIN] [5/6/2017 00:06] [PENJUALAN] CASHIER FORM : clearUpSomeRowContents
[ADMIN] [5/6/2017 00:06] [PENJUALAN] CASHIER FORM : cashierDataGridView_CellValueChanged [productName]
[ADMIN] [5/6/2017 00:06] [PENJUALAN] CASHIER FORM : calculateTotal
[ADMIN] [5/6/2017 00:06] [PENJUALAN] CASHIER FORM : calculateTotal [0]
[ADMIN] [5/6/2017 00:06] [PENJUALAN] CASHIER FORM : calculateTotal, totalAfterDisc [0]
[ADMIN] [5/6/2017 00:06] [PENJUALAN] CASHIER FORM : calculateChangeValue, bayarTextBox.Text [0]
[ADMIN] [5/6/2017 00:06] [PENJUALAN] CASHIER FORM : calculateChangeValue, sisaBayar [0]
[ADMIN] [5/6/2017 00:06] [PENJUALAN] CASHIER FORM : Combobox_KeyUp, cashierDataGridView.CurrentCell.OwningColumn.Name  [productName]
[ADMIN] [5/6/2017 00:06] [PENJUALAN] CASHIER FORM : Combobox_KeyUp, cashierDataGridView.CurrentCell.OwningColumn.Name  [productName]
[ADMIN] [5/6/2017 00:06] [PENJUALAN] CASHIER FORM : productName_previewKeyDown, cashierDataGridView.CurrentCell.OwningColumn.Name  [productName]
[ADMIN] [5/6/2017 00:06] [PENJUALAN] CASHIER FORM : cashierDataGridView_CellValueChanged [productName]
[ADMIN] [5/6/2017 00:06] [PENJUALAN] CASHIER FORM : updateSomeRowContents
[ADMIN] [5/6/2017 00:06] [PENJUALAN] CASHIER FORM : clearUpSomeRowContents
[ADMIN] [5/6/2017 00:06] [PENJUALAN] CASHIER FORM : cashierDataGridView_CellValueChanged [productName]
[ADMIN] [5/6/2017 00:06] [PENJUALAN] CASHIER FORM : calculateTotal
[ADMIN] [5/6/2017 00:06] [PENJUALAN] CASHIER FORM : calculateTotal [0]
[ADMIN] [5/6/2017 00:06] [PENJUALAN] CASHIER FORM : calculateTotal, totalAfterDisc [0]
[ADMIN] [5/6/2017 00:06] [PENJUALAN] CASHIER FORM : calculateChangeValue, bayarTextBox.Text [0]
[ADMIN] [5/6/2017 00:06] [PENJUALAN] CASHIER FORM : calculateChangeValue, sisaBayar [0]
[ADMIN] [5/6/2017 00:06] [PENJUALAN] CASHIER FORM : productName_previewKeyDown, cashierDataGridView.CurrentCell.OwningColumn.Name  [productName]
[ADMIN] [5/6/2017 00:06] [PENJUALAN] CASHIER FORM : cashierDataGridView_CellValueChanged [productName]
[ADMIN] [5/6/2017 00:06] [PENJUALAN] CASHIER FORM : updateSomeRowContents
[ADMIN] [5/6/2017 00:06] [PENJUALAN] CASHIER FORM : clearUpSomeRowContents
[ADMIN] [5/6/2017 00:06] [PENJUALAN] CASHIER FORM : cashierDataGridView_CellValueChanged [productName]
[ADMIN] [5/6/2017 00:06] [PENJUALAN] CASHIER FORM : calculateTotal
[ADMIN] [5/6/2017 00:06] [PENJUALAN] CASHIER FORM : calculateTotal [0]
[ADMIN] [5/6/2017 00:06] [PENJUALAN] CASHIER FORM : calculateTotal, totalAfterDisc [0]
[ADMIN] [5/6/2017 00:06] [PENJUALAN] CASHIER FORM : calculateChangeValue, bayarTextBox.Text [0]
[ADMIN] [5/6/2017 00:06] [PENJUALAN] CASHIER FORM : calculateChangeValue, sisaBayar [0]
[ADMIN] [5/6/2017 00:06] [PENJUALAN] CASHIER FORM : Combobox_KeyUp, cashierDataGridView.CurrentCell.OwningColumn.Name  [productName]
[ADMIN] [5/6/2017 00:06] [PENJUALAN] CASHIER FORM : Combobox_KeyUp, cashierDataGridView.CurrentCell.OwningColumn.Name  [productName]
[ADMIN] [5/6/2017 00:06] [PENJUALAN] CASHIER FORM : Combobox_KeyUp, cashierDataGridView.CurrentCell.OwningColumn.Name  [productName]
[ADMIN] [5/6/2017 00:06] [PENJUALAN] CASHIER FORM : Combobox_KeyUp, cashierDataGridView.CurrentCell.OwningColumn.Name  [productName]
[ADMIN] [5/6/2017 00:06] [PENJUALAN] CASHIER FORM : productName_previewKeyDown, cashierDataGridView.CurrentCell.OwningColumn.Name  [productName]
[ADMIN] [5/6/2017 00:06] [PENJUALAN] CASHIER FORM : UNREGISTER HOTKEY
[ADMIN] [5/6/2017 00:06] [PENJUALAN] CASHIER FORM : ADD NEW ROW FROM BARCODE [SUSU ESBILAC 5 LB / 2.27 KG]
[ADMIN] [5/6/2017 00:06] [PENJUALAN] CASHIER FORM : updateSomeRowContents
[ADMIN] [5/6/2017 00:06] [PENJUALAN] CASHIER FORM : cashierDataGridView_CellValueChanged [productID]
[ADMIN] [5/6/2017 00:06] [PENJUALAN] CASHIER FORM : cashierDataGridView_CellValueChanged [productName]
[ADMIN] [5/6/2017 00:06] [PENJUALAN] CASHIER FORM : updateSomeRowContents
[ADMIN] [5/6/2017 00:06] [PENJUALAN] CASHIER FORM : PRODUCT PRICE TYPE [PRODUCT_BASE_PRICE]
[ADMIN] [5/6/2017 00:06] [PENJUALAN] CASHIER FORM : PRODUCT PRICE [1312520]
[ADMIN] [5/6/2017 00:06] [PENJUALAN] CASHIER FORM : ComboBox_SelectedIndexChanged, PRODUCT_BASE_PRICE [1312520]
[ADMIN] [5/6/2017 00:06] [PENJUALAN] CASHIER FORM : cashierDataGridView_CellValueChanged [hpp]
[ADMIN] [5/6/2017 00:06] [PENJUALAN] CASHIER FORM : PRODUCT PRICE TYPE [PRODUCT_RETAIL_PRICE]
[ADMIN] [5/6/2017 00:06] [PENJUALAN] CASHIER FORM : PRODUCT PRICE [1575000]
[ADMIN] [5/6/2017 00:06] [PENJUALAN] CASHIER FORM : ComboBox_SelectedIndexChanged, PRODUCT_SALES_PRICE [1575000]
[ADMIN] [5/6/2017 00:06] [PENJUALAN] CASHIER FORM : cashierDataGridView_CellValueChanged [productPrice]
[ADMIN] [5/6/2017 00:06] [PENJUALAN] CASHIER FORM : cashierDataGridView_CellValueChanged, previousInput [0]
[ADMIN] [5/6/2017 00:06] [PENJUALAN] CASHIER FORM : cashierDataGridView_CellValueChanged, cellValue [1575000]
[ADMIN] [5/6/2017 00:06] [PENJUALAN] CASHIER FORM : cashierDataGridView_CellValueChanged, dataGridViewTextBoxEditingControl.Text pass REGEX Checking
[ADMIN] [5/6/2017 00:06] [PENJUALAN] CASHIER FORM : CALCULATE SUBTOTAL
[ADMIN] [5/6/2017 00:06] [PENJUALAN] CASHIER FORM : SUBTOTAL [0]
[ADMIN] [5/6/2017 00:06] [PENJUALAN] CASHIER FORM : cashierDataGridView_CellValueChanged, subtotal value [0]
[ADMIN] [5/6/2017 00:06] [PENJUALAN] CASHIER FORM : cashierDataGridView_CellValueChanged, attempt to calculate total value
[ADMIN] [5/6/2017 00:06] [PENJUALAN] CASHIER FORM : calculateTotal
[ADMIN] [5/6/2017 00:06] [PENJUALAN] CASHIER FORM : calculateTotal [0]
[ADMIN] [5/6/2017 00:06] [PENJUALAN] CASHIER FORM : calculateTotal, totalAfterDisc [0]
[ADMIN] [5/6/2017 00:06] [PENJUALAN] CASHIER FORM : calculateChangeValue, bayarTextBox.Text [0]
[ADMIN] [5/6/2017 00:06] [PENJUALAN] CASHIER FORM : calculateChangeValue, sisaBayar [0]
[ADMIN] [5/6/2017 00:06] [PENJUALAN] CASHIER FORM : cashierDataGridView_CellValueChanged [qty]
[ADMIN] [5/6/2017 00:06] [PENJUALAN] CASHIER FORM : cashierDataGridView_CellValueChanged, previousInput [0]
[ADMIN] [5/6/2017 00:06] [PENJUALAN] CASHIER FORM : cashierDataGridView_CellValueChanged [jumlah]
[ADMIN] [5/6/2017 00:06] [PENJUALAN] CASHIER FORM : calculateTotal
[ADMIN] [5/6/2017 00:06] [PENJUALAN] CASHIER FORM : calculateTotal [0]
[ADMIN] [5/6/2017 00:06] [PENJUALAN] CASHIER FORM : calculateTotal, totalAfterDisc [0]
[ADMIN] [5/6/2017 00:06] [PENJUALAN] CASHIER FORM : calculateChangeValue, bayarTextBox.Text [0]
[ADMIN] [5/6/2017 00:06] [PENJUALAN] CASHIER FORM : calculateChangeValue, sisaBayar [0]
[ADMIN] [5/6/2017 00:06] [PENJUALAN] CASHIER FORM : CHECK STOCK QTY IS ENOUGH [020279994985]
[ADMIN] [5/6/2017 00:06] [PENJUALAN] CASHIER FORM : CHECK STOCK QTY IS ENOUGH [1, 1]
[ADMIN] [5/6/2017 00:06] [PENJUALAN] CASHIER FORM : cashierDataGridView_CellValueChanged [qty]
[ADMIN] [5/6/2017 00:06] [PENJUALAN] CASHIER FORM : cashierDataGridView_CellValueChanged, previousInput [0]
[ADMIN] [5/6/2017 00:06] [PENJUALAN] CASHIER FORM : cashierDataGridView_CellValueChanged, cellValue [1]
[ADMIN] [5/6/2017 00:06] [PENJUALAN] CASHIER FORM : cashierDataGridView_CellValueChanged, dataGridViewTextBoxEditingControl.Text pass REGEX Checking
[ADMIN] [5/6/2017 00:06] [PENJUALAN] CASHIER FORM : CHECK STOCK QTY IS ENOUGH [020279994985]
[ADMIN] [5/6/2017 00:06] [PENJUALAN] CASHIER FORM : CHECK STOCK QTY IS ENOUGH [1, 1]
[ADMIN] [5/6/2017 00:06] [PENJUALAN] CASHIER FORM : CALCULATE SUBTOTAL
[ADMIN] [5/6/2017 00:06] [PENJUALAN] CASHIER FORM : SUBTOTAL [1575000]
[ADMIN] [5/6/2017 00:06] [PENJUALAN] CASHIER FORM : cashierDataGridView_CellValueChanged, subtotal value [1575000]
[ADMIN] [5/6/2017 00:06] [PENJUALAN] CASHIER FORM : cashierDataGridView_CellValueChanged, attempt to calculate total value
[ADMIN] [5/6/2017 00:06] [PENJUALAN] CASHIER FORM : calculateTotal
[ADMIN] [5/6/2017 00:06] [PENJUALAN] CASHIER FORM : calculateTotal [1575000]
[ADMIN] [5/6/2017 00:06] [PENJUALAN] CASHIER FORM : calculateTotal, totalAfterDisc [1575000]
[ADMIN] [5/6/2017 00:06] [PENJUALAN] CASHIER FORM : calculateChangeValue, bayarTextBox.Text [0]
[ADMIN] [5/6/2017 00:06] [PENJUALAN] CASHIER FORM : calculateChangeValue, sisaBayar [0]
[ADMIN] [5/6/2017 00:06] [PENJUALAN] CASHIER FORM : SET QTY TO 1 BECAUSE OF NEW ROW
[ADMIN] [5/6/2017 00:06] [PENJUALAN] CASHIER FORM : CALCULATE SUBTOTAL
[ADMIN] [5/6/2017 00:06] [PENJUALAN] CASHIER FORM : SUBTOTAL [1575000]
[ADMIN] [5/6/2017 00:06] [PENJUALAN] CASHIER FORM : calculateTotal
[ADMIN] [5/6/2017 00:06] [PENJUALAN] CASHIER FORM : calculateTotal [1575000]
[ADMIN] [5/6/2017 00:06] [PENJUALAN] CASHIER FORM : calculateTotal, totalAfterDisc [1575000]
[ADMIN] [5/6/2017 00:06] [PENJUALAN] CASHIER FORM : calculateChangeValue, bayarTextBox.Text [0]
[ADMIN] [5/6/2017 00:06] [PENJUALAN] CASHIER FORM : calculateChangeValue, sisaBayar [0]
[ADMIN] [5/6/2017 00:06] [PENJUALAN] CASHIER FORM : UPDATE ROW NUMBER, TOTAL ROW [2]
[ADMIN] [5/6/2017 00:06] [PENJUALAN] CASHIER FORM : cashierDataGridView_CellValueChanged [F8]
[ADMIN] [5/6/2017 00:06] [PENJUALAN] CASHIER FORM : REGISTER HOTKEY
[ADMIN] [5/6/2017 00:06] [PENJUALAN] CASHIER FORM : Combobox_KeyUp, cashierDataGridView.CurrentCell.OwningColumn.Name  [qty]
[ADMIN] [5/6/2017 00:06] [PENJUALAN] CASHIER FORM : Combobox_KeyUp, cashierDataGridView.CurrentCell.OwningColumn.Name  [qty]
[ADMIN] [5/6/2017 00:06] [PENJUALAN] CASHIER FORM : PRODUCT PRICE TYPE [PRODUCT_BULK_PRICE]
[ADMIN] [5/6/2017 00:06] [PENJUALAN] CASHIER FORM : PRODUCT PRICE [1550000]
[ADMIN] [5/6/2017 00:06] [PENJUALAN] CASHIER FORM : cashierDataGridView_CellValueChanged [productPrice]
[ADMIN] [5/6/2017 00:06] [PENJUALAN] CASHIER FORM : cashierDataGridView_CellValueChanged, previousInput [1575000]
[ADMIN] [5/6/2017 00:06] [PENJUALAN] CASHIER FORM : cashierDataGridView_CellValueChanged, dataGridViewTextBoxEditingControl.Text pass REGEX Checking
[ADMIN] [5/6/2017 00:06] [PENJUALAN] CASHIER FORM : CALCULATE SUBTOTAL
[ADMIN] [5/6/2017 00:06] [PENJUALAN] CASHIER FORM : SUBTOTAL [1550000]
[ADMIN] [5/6/2017 00:06] [PENJUALAN] CASHIER FORM : cashierDataGridView_CellValueChanged, subtotal value [1550000]
[ADMIN] [5/6/2017 00:06] [PENJUALAN] CASHIER FORM : cashierDataGridView_CellValueChanged, attempt to calculate total value
[ADMIN] [5/6/2017 00:06] [PENJUALAN] CASHIER FORM : calculateTotal
[ADMIN] [5/6/2017 00:06] [PENJUALAN] CASHIER FORM : calculateTotal [1550000]
[ADMIN] [5/6/2017 00:06] [PENJUALAN] CASHIER FORM : calculateTotal, totalAfterDisc [1550000]
[ADMIN] [5/6/2017 00:06] [PENJUALAN] CASHIER FORM : calculateChangeValue, bayarTextBox.Text [0]
[ADMIN] [5/6/2017 00:06] [PENJUALAN] CASHIER FORM : calculateChangeValue, sisaBayar [0]
[ADMIN] [5/6/2017 00:06] [PENJUALAN] CASHIER FORM : CHECK IF THERE'S ANY ENTRY IN THE PRODUCT DISC
[ADMIN] [5/6/2017 00:06] [PENJUALAN] CASHIER FORM : cashierDataGridView_CellValueChanged [disc1]
[ADMIN] [5/6/2017 00:06] [PENJUALAN] CASHIER FORM : cashierDataGridView_CellValueChanged, previousInput [0]
[ADMIN] [5/6/2017 00:06] [PENJUALAN] CASHIER FORM : cashierDataGridView_CellValueChanged [disc2]
[ADMIN] [5/6/2017 00:06] [PENJUALAN] CASHIER FORM : cashierDataGridView_CellValueChanged, previousInput [0]
[ADMIN] [5/6/2017 00:06] [PENJUALAN] CASHIER FORM : cashierDataGridView_CellValueChanged [discRP]
[ADMIN] [5/6/2017 00:06] [PENJUALAN] CASHIER FORM : cashierDataGridView_CellValueChanged, previousInput [0]
[ADMIN] [5/6/2017 00:06] [PENJUALAN] CASHIER FORM : CALCULATE SUBTOTAL
[ADMIN] [5/6/2017 00:06] [PENJUALAN] CASHIER FORM : SUBTOTAL [1550000]
[ADMIN] [5/6/2017 00:06] [PENJUALAN] CASHIER FORM : calculateTotal
[ADMIN] [5/6/2017 00:06] [PENJUALAN] CASHIER FORM : calculateTotal [1550000]
[ADMIN] [5/6/2017 00:06] [PENJUALAN] CASHIER FORM : calculateTotal, totalAfterDisc [1550000]
[ADMIN] [5/6/2017 00:06] [PENJUALAN] CASHIER FORM : calculateChangeValue, bayarTextBox.Text [0]
[ADMIN] [5/6/2017 00:06] [PENJUALAN] CASHIER FORM : calculateChangeValue, sisaBayar [0]
[ADMIN] [5/6/2017 00:06] [PENJUALAN] CASHIER FORM : DISPLAY PELANGGAN FORM
[ADMIN] [5/6/2017 00:06] [PENJUALAN] CASHIER FORM : UNREGISTER HOTKEY
[ADMIN] [5/6/2017 00:06] [PENJUALAN] CASHIER FORM : SELECTED CUSTOMER ID [75]
[ADMIN] [5/6/2017 00:06] [PENJUALAN] CASHIER FORM : ATTEMPT TO SET CUSTOMER PROFILE
[ADMIN] [5/6/2017 00:06] [PENJUALAN] CASHIER FORM : SET CUSTOMER PROFILE [AGUNG DEPOK]
[ADMIN] [5/6/2017 00:06] [PENJUALAN] CASHIER FORM : CUSTOMER GROUP [P-PARTAI]
[ADMIN] [5/6/2017 00:06] [PENJUALAN] CASHIER FORM : FINISHED SET CUSTOMER PROFILE
[ADMIN] [5/6/2017 00:06] [PENJUALAN] CASHIER FORM : ATTEMPT TO REFRESH PRODUCT PRICE
[ADMIN] [5/6/2017 00:06] [PENJUALAN] CASHIER FORM : PRODUCT PRICE TYPE [PRODUCT_WHOLESALE_PRICE]
[ADMIN] [5/6/2017 00:06] [PENJUALAN] CASHIER FORM : PRODUCT PRICE [1880000]
[ADMIN] [5/6/2017 00:06] [PENJUALAN] CASHIER FORM : cashierDataGridView_CellValueChanged [productPrice]
[ADMIN] [5/6/2017 00:06] [PENJUALAN] CASHIER FORM : cashierDataGridView_CellValueChanged, previousInput [1550000]
[ADMIN] [5/6/2017 00:06] [PENJUALAN] CASHIER FORM : cashierDataGridView_CellValueChanged, dataGridViewTextBoxEditingControl.Text pass REGEX Checking
[ADMIN] [5/6/2017 00:06] [PENJUALAN] CASHIER FORM : CALCULATE SUBTOTAL
[ADMIN] [5/6/2017 00:06] [PENJUALAN] CASHIER FORM : SUBTOTAL [1880000]
[ADMIN] [5/6/2017 00:06] [PENJUALAN] CASHIER FORM : cashierDataGridView_CellValueChanged, subtotal value [1880000]
[ADMIN] [5/6/2017 00:06] [PENJUALAN] CASHIER FORM : cashierDataGridView_CellValueChanged, attempt to calculate total value
[ADMIN] [5/6/2017 00:06] [PENJUALAN] CASHIER FORM : calculateTotal
[ADMIN] [5/6/2017 00:06] [PENJUALAN] CASHIER FORM : calculateTotal [1880000]
[ADMIN] [5/6/2017 00:06] [PENJUALAN] CASHIER FORM : calculateTotal, totalAfterDisc [1880000]
[ADMIN] [5/6/2017 00:06] [PENJUALAN] CASHIER FORM : calculateChangeValue, bayarTextBox.Text [0]
[ADMIN] [5/6/2017 00:06] [PENJUALAN] CASHIER FORM : calculateChangeValue, sisaBayar [0]
[ADMIN] [5/6/2017 00:06] [PENJUALAN] CASHIER FORM : CHECK IF THERE'S ANY ENTRY IN THE PRODUCT DISC
[ADMIN] [5/6/2017 00:06] [PENJUALAN] CASHIER FORM : CALCULATE SUBTOTAL
[ADMIN] [5/6/2017 00:06] [PENJUALAN] CASHIER FORM : SUBTOTAL [1880000]
[ADMIN] [5/6/2017 00:06] [PENJUALAN] CASHIER FORM : calculateTotal
[ADMIN] [5/6/2017 00:06] [PENJUALAN] CASHIER FORM : calculateTotal [1880000]
[ADMIN] [5/6/2017 00:06] [PENJUALAN] CASHIER FORM : calculateTotal, totalAfterDisc [1880000]
[ADMIN] [5/6/2017 00:06] [PENJUALAN] CASHIER FORM : calculateChangeValue, bayarTextBox.Text [0]
[ADMIN] [5/6/2017 00:06] [PENJUALAN] CASHIER FORM : calculateChangeValue, sisaBayar [0]
[ADMIN] [5/6/2017 00:06] [PENJUALAN] CASHIER FORM : PRODUCT PRICE REFRESHED
[ADMIN] [5/6/2017 00:06] [PENJUALAN] CASHIER FORM : REGISTER HOTKEY
[ADMIN] [5/6/2017 00:06] [PENJUALAN] CASHIER FORM : PRODUCT PRICE TYPE [PRODUCT_BULK_PRICE]
[ADMIN] [5/6/2017 00:06] [PENJUALAN] CASHIER FORM : PRODUCT PRICE [1550000]
[ADMIN] [5/6/2017 00:06] [PENJUALAN] CASHIER FORM : cashierDataGridView_CellValueChanged [productPrice]
[ADMIN] [5/6/2017 00:06] [PENJUALAN] CASHIER FORM : cashierDataGridView_CellValueChanged, previousInput [1880000]
[ADMIN] [5/6/2017 00:06] [PENJUALAN] CASHIER FORM : cashierDataGridView_CellValueChanged, dataGridViewTextBoxEditingControl.Text pass REGEX Checking
[ADMIN] [5/6/2017 00:06] [PENJUALAN] CASHIER FORM : CALCULATE SUBTOTAL
[ADMIN] [5/6/2017 00:06] [PENJUALAN] CASHIER FORM : SUBTOTAL [1550000]
[ADMIN] [5/6/2017 00:06] [PENJUALAN] CASHIER FORM : cashierDataGridView_CellValueChanged, subtotal value [1550000]
[ADMIN] [5/6/2017 00:06] [PENJUALAN] CASHIER FORM : cashierDataGridView_CellValueChanged, attempt to calculate total value
[ADMIN] [5/6/2017 00:06] [PENJUALAN] CASHIER FORM : calculateTotal
[ADMIN] [5/6/2017 00:06] [PENJUALAN] CASHIER FORM : calculateTotal [1550000]
[ADMIN] [5/6/2017 00:06] [PENJUALAN] CASHIER FORM : calculateTotal, totalAfterDisc [1550000]
[ADMIN] [5/6/2017 00:06] [PENJUALAN] CASHIER FORM : calculateChangeValue, bayarTextBox.Text [0]
[ADMIN] [5/6/2017 00:06] [PENJUALAN] CASHIER FORM : calculateChangeValue, sisaBayar [0]
[ADMIN] [5/6/2017 00:06] [PENJUALAN] CASHIER FORM : CHECK IF THERE'S ANY ENTRY IN THE PRODUCT DISC
[ADMIN] [5/6/2017 00:06] [PENJUALAN] CASHIER FORM : CALCULATE SUBTOTAL
[ADMIN] [5/6/2017 00:06] [PENJUALAN] CASHIER FORM : SUBTOTAL [1550000]
[ADMIN] [5/6/2017 00:06] [PENJUALAN] CASHIER FORM : calculateTotal
[ADMIN] [5/6/2017 00:06] [PENJUALAN] CASHIER FORM : calculateTotal [1550000]
[ADMIN] [5/6/2017 00:06] [PENJUALAN] CASHIER FORM : calculateTotal, totalAfterDisc [1550000]
[ADMIN] [5/6/2017 00:06] [PENJUALAN] CASHIER FORM : calculateChangeValue, bayarTextBox.Text [0]
[ADMIN] [5/6/2017 00:06] [PENJUALAN] CASHIER FORM : calculateChangeValue, sisaBayar [0]
[ADMIN] [5/6/2017 00:07] [PENJUALAN] CASHIER FORM : PRODUCT PRICE TYPE [PRODUCT_RETAIL_PRICE]
[ADMIN] [5/6/2017 00:07] [PENJUALAN] CASHIER FORM : PRODUCT PRICE [1575000]
[ADMIN] [5/6/2017 00:07] [PENJUALAN] CASHIER FORM : cashierDataGridView_CellValueChanged [productPrice]
[ADMIN] [5/6/2017 00:07] [PENJUALAN] CASHIER FORM : cashierDataGridView_CellValueChanged, previousInput [1550000]
[ADMIN] [5/6/2017 00:07] [PENJUALAN] CASHIER FORM : cashierDataGridView_CellValueChanged, dataGridViewTextBoxEditingControl.Text pass REGEX Checking
[ADMIN] [5/6/2017 00:07] [PENJUALAN] CASHIER FORM : CALCULATE SUBTOTAL
[ADMIN] [5/6/2017 00:07] [PENJUALAN] CASHIER FORM : SUBTOTAL [1575000]
[ADMIN] [5/6/2017 00:07] [PENJUALAN] CASHIER FORM : cashierDataGridView_CellValueChanged, subtotal value [1575000]
[ADMIN] [5/6/2017 00:07] [PENJUALAN] CASHIER FORM : cashierDataGridView_CellValueChanged, attempt to calculate total value
[ADMIN] [5/6/2017 00:07] [PENJUALAN] CASHIER FORM : calculateTotal
[ADMIN] [5/6/2017 00:07] [PENJUALAN] CASHIER FORM : calculateTotal [1575000]
[ADMIN] [5/6/2017 00:07] [PENJUALAN] CASHIER FORM : calculateTotal, totalAfterDisc [1575000]
[ADMIN] [5/6/2017 00:07] [PENJUALAN] CASHIER FORM : calculateChangeValue, bayarTextBox.Text [0]
[ADMIN] [5/6/2017 00:07] [PENJUALAN] CASHIER FORM : calculateChangeValue, sisaBayar [0]
[ADMIN] [5/6/2017 00:07] [PENJUALAN] CASHIER FORM : CHECK IF THERE'S ANY ENTRY IN THE PRODUCT DISC
[ADMIN] [5/6/2017 00:07] [PENJUALAN] CASHIER FORM : CALCULATE SUBTOTAL
[ADMIN] [5/6/2017 00:07] [PENJUALAN] CASHIER FORM : SUBTOTAL [1575000]
[ADMIN] [5/6/2017 00:07] [PENJUALAN] CASHIER FORM : calculateTotal
[ADMIN] [5/6/2017 00:07] [PENJUALAN] CASHIER FORM : calculateTotal [1575000]
[ADMIN] [5/6/2017 00:07] [PENJUALAN] CASHIER FORM : calculateTotal, totalAfterDisc [1575000]
[ADMIN] [5/6/2017 00:07] [PENJUALAN] CASHIER FORM : calculateChangeValue, bayarTextBox.Text [0]
[ADMIN] [5/6/2017 00:07] [PENJUALAN] CASHIER FORM : calculateChangeValue, sisaBayar [0]
[ADMIN] [5/6/2017 00:07] [PENJUALAN] CASHIER FORM : UNREGISTER HOTKEY
[ADMIN] [5/6/2017 00:07] [PENJUALAN] CASHIER FORM : UNREGISTER HOTKEY
[ADMIN] [5/6/2017 00:07] [] USER ID = 1LOGOUT
