[] [2/21/2017 11:44] [] USER = ADMIN IS ACTIVE
[ADMIN] [2/21/2017 11:44] [] USER ID = 1 LOGIN SUCCESSFULLY
[ADMIN] [2/21/2017 11:44] [] ACTIVATE USER ACCESS RIGHT
[ADMIN] [2/21/2017 11:44] [] DISPLAY ADMIN FORM
[ADMIN] [2/21/2017 11:44] [] adminForm Load
[ADMIN] [2/21/2017 11:44] [] ACTIVATE USER ACCESS RIGHT
[ADMIN] [2/21/2017 11:45] [TAMBAH TRANSAKSI HARIAN] LOAD DATA TRANSAKSI
[ADMIN] [2/21/2017 11:46] [TAMBAH TRANSAKSI HARIAN] LOAD DATA TRANSAKSI
[ADMIN] [2/21/2017 11:46] [TAMBAH TRANSAKSI HARIAN] LOAD DATA TRANSAKSI
[] [2/21/2017 11:49] [] USER = ADMIN IS ACTIVE
[ADMIN] [2/21/2017 11:49] [] USER ID = 1 LOGIN SUCCESSFULLY
[ADMIN] [2/21/2017 11:49] [] ACTIVATE USER ACCESS RIGHT
[ADMIN] [2/21/2017 11:49] [] DISPLAY ADMIN FORM
[ADMIN] [2/21/2017 11:49] [] adminForm Load
[ADMIN] [2/21/2017 11:49] [] ACTIVATE USER ACCESS RIGHT
[ADMIN] [2/21/2017 11:50] [TAMBAH TRANSAKSI HARIAN] LOAD DATA TRANSAKSI
[ADMIN] [2/21/2017 11:50] [TAMBAH TRANSAKSI HARIAN] LOAD DATA TRANSAKSI
[ADMIN] [2/21/2017 11:50] [TAMBAH TRANSAKSI HARIAN] LOAD DATA TRANSAKSI
[ADMIN] [2/21/2017 11:50] [TAMBAH TRANSAKSI HARIAN] LOAD DATA TRANSAKSI
[ADMIN] [2/21/2017 11:50] [TAMBAH TRANSAKSI HARIAN] LOAD DATA TRANSAKSI
[ADMIN] [2/21/2017 11:50] [] USER ID = 1LOGOUT
