[] [4/10/2017 13:06] [] USER = ADMIN IS ACTIVE
[ADMIN] [4/10/2017 13:06] [] USER ID = 1 LOGIN SUCCESSFULLY
[ADMIN] [4/10/2017 13:06] [] ACTIVATE USER ACCESS RIGHT
[ADMIN] [4/10/2017 13:06] [] DISPLAY ADMIN FORM
[ADMIN] [4/10/2017 13:06] [] adminForm Load
[ADMIN] [4/10/2017 13:06] [] ACTIVATE USER ACCESS RIGHT
[ADMIN] [4/10/2017 13:06] [] CREATE DATA USER DETAIL FORM, UID [2]
[ADMIN] [4/10/2017 13:06] [] USER ID = 1LOGOUT
[ADMIN] [4/10/2017 13:06] [] USER = ANITA IS ACTIVE
[ANITA] [4/10/2017 13:06] [] USER ID = 2 LOGIN SUCCESSFULLY
[ANITA] [4/10/2017 13:06] [] DISPLAY CASHIER LOGIN FORM
[ANITA] [4/10/2017 13:06] [] DISPLAY CASHIER LOG SCREEN FOR CASHIER LOGIN
[] [4/10/2017 13:09] [] USER = ADMIN IS ACTIVE
[ADMIN] [4/10/2017 13:09] [] USER ID = 1 LOGIN SUCCESSFULLY
[ADMIN] [4/10/2017 13:09] [] ACTIVATE USER ACCESS RIGHT
[ADMIN] [4/10/2017 13:09] [] DISPLAY ADMIN FORM
[ADMIN] [4/10/2017 13:09] [] adminForm Load
[ADMIN] [4/10/2017 13:09] [] ACTIVATE USER ACCESS RIGHT
[ADMIN] [4/10/2017 13:09] [] USER ID = 1LOGOUT
[ADMIN] [4/10/2017 13:09] [] USER = ANITA IS ACTIVE
[ANITA] [4/10/2017 13:09] [] USER ID = 2 LOGIN SUCCESSFULLY
[ANITA] [4/10/2017 13:09] [] DISPLAY CASHIER LOGIN FORM
[ANITA] [4/10/2017 13:09] [] DISPLAY CASHIER LOG SCREEN FOR CASHIER LOGIN
[ANITA] [4/10/2017 13:09] [] USER ID = 2LOGOUT
