[] [07/06/2017 15.08] [] USER = ADMIN IS ACTIVE
[ADMIN] [07/06/2017 15.08] [] USER ID = 1 LOGIN SUCCESSFULLY
[ADMIN] [07/06/2017 15.08] [] ACTIVATE USER ACCESS RIGHT
[ADMIN] [07/06/2017 15.08] [] DISPLAY ADMIN FORM
[ADMIN] [07/06/2017 15.08] [] adminForm Load
[ADMIN] [07/06/2017 15.08] [] ACTIVATE USER ACCESS RIGHT
[] [07/06/2017 15.11] [] USER = ADMIN IS ACTIVE
[ADMIN] [07/06/2017 15.11] [] USER ID = 1 LOGIN SUCCESSFULLY
[ADMIN] [07/06/2017 15.11] [] ACTIVATE USER ACCESS RIGHT
[ADMIN] [07/06/2017 15.11] [] DISPLAY ADMIN FORM
[ADMIN] [07/06/2017 15.11] [] adminForm Load
[ADMIN] [07/06/2017 15.11] [] ACTIVATE USER ACCESS RIGHT
[] [07/06/2017 15.19] [] USER = ADMIN IS ACTIVE
[ADMIN] [07/06/2017 15.19] [] USER ID = 1 LOGIN SUCCESSFULLY
[ADMIN] [07/06/2017 15.19] [] ACTIVATE USER ACCESS RIGHT
[ADMIN] [07/06/2017 15.19] [] DISPLAY ADMIN FORM
[ADMIN] [07/06/2017 15.19] [] adminForm Load
[ADMIN] [07/06/2017 15.19] [] ACTIVATE USER ACCESS RIGHT
[ADMIN] [07/06/2017 15.22] [] SERVER IP IS LOCALHOST
[ADMIN] [07/06/2017 15.22] [] UPDATE DATA ID 2
[] [07/06/2017 16.30] [] USER = ADMIN IS ACTIVE
[ADMIN] [07/06/2017 16.30] [] USER ID = 1 LOGIN SUCCESSFULLY
[ADMIN] [07/06/2017 16.30] [] ACTIVATE USER ACCESS RIGHT
[ADMIN] [07/06/2017 16.30] [] DISPLAY ADMIN FORM
[ADMIN] [07/06/2017 16.30] [] adminForm Load
[ADMIN] [07/06/2017 16.30] [] ACTIVATE USER ACCESS RIGHT
[] [07/06/2017 16.37] [] USER = ADMIN IS ACTIVE
[ADMIN] [07/06/2017 16.37] [] USER ID = 1 LOGIN SUCCESSFULLY
[ADMIN] [07/06/2017 16.37] [] ACTIVATE USER ACCESS RIGHT
[ADMIN] [07/06/2017 16.37] [] DISPLAY ADMIN FORM
[ADMIN] [07/06/2017 16.37] [] adminForm Load
[ADMIN] [07/06/2017 16.37] [] ACTIVATE USER ACCESS RIGHT
[] [07/06/2017 16.38] [] USER = ADMIN IS ACTIVE
[ADMIN] [07/06/2017 16.38] [] USER ID = 1 LOGIN SUCCESSFULLY
[ADMIN] [07/06/2017 16.38] [] ACTIVATE USER ACCESS RIGHT
[ADMIN] [07/06/2017 16.38] [] DISPLAY ADMIN FORM
[ADMIN] [07/06/2017 16.38] [] adminForm Load
[ADMIN] [07/06/2017 16.38] [] ACTIVATE USER ACCESS RIGHT
[ADMIN] [07/06/2017 16.39] [] USER ID = 1LOGOUT
