[] [17/10/2016 14.35] [] USER = ADMIN IS ACTIVE
[ADMIN] [17/10/2016 14.35] [] USER ID = 1 LOGIN SUCCESSFULLY
[ADMIN] [17/10/2016 14.35] [] ACTIVATE USER ACCESS RIGHT
[ADMIN] [17/10/2016 14.35] [] DISPLAY ADMIN FORM
[ADMIN] [17/10/2016 14.35] [] adminForm Load
[ADMIN] [17/10/2016 14.35] [] ACTIVATE USER ACCESS RIGHT
[ADMIN] [17/10/2016 14.36] [RETUR PERMINTAAN KE PUSAT] RETUR PERMINTAAN : detailReturDataGridView_CellValueChanged [productID]
[ADMIN] [17/10/2016 14.36] [RETUR PERMINTAAN KE PUSAT] RETUR PERMINTAAN : detailReturDataGridView_CellValueChanged [productID]
[ADMIN] [17/10/2016 14.36] [RETUR PERMINTAAN KE PUSAT] RETUR PERMINTAAN : detailReturDataGridView_CellValueChanged [productID]
[ADMIN] [17/10/2016 14.36] [RETUR PERMINTAAN KE PUSAT] RETUR PERMINTAAN : detailReturDataGridView_CellValueChanged [productName]
[ADMIN] [17/10/2016 14.36] [RETUR PERMINTAAN KE PUSAT] RETUR PERMINTAAN : detailReturDataGridView_CellValueChanged [HPP]
[ADMIN] [17/10/2016 14.36] [RETUR PERMINTAAN KE PUSAT] RETUR PERMINTAAN : detailReturDataGridView_CellValueChanged [subTotal]
[ADMIN] [17/10/2016 14.36] [RETUR PERMINTAAN KE PUSAT] RETUR PERMINTAAN : detailReturDataGridView_CellValueChanged [qty]
[ADMIN] [17/10/2016 14.36] [RETUR PERMINTAAN KE PUSAT] RETUR PERMINTAAN : detailReturDataGridView_CellValueChanged [productID]
[ADMIN] [17/10/2016 14.36] [RETUR PERMINTAAN KE PUSAT] RETUR PERMINTAAN : detailReturDataGridView_CellValueChanged [productID]
[ADMIN] [17/10/2016 14.36] [RETUR PERMINTAAN KE PUSAT] RETUR PERMINTAAN : detailReturDataGridView_CellValueChanged [productID]
[ADMIN] [17/10/2016 14.36] [RETUR PERMINTAAN KE PUSAT] RETUR PERMINTAAN : detailReturDataGridView_CellValueChanged [productName]
[ADMIN] [17/10/2016 14.36] [RETUR PERMINTAAN KE PUSAT] RETUR PERMINTAAN : detailReturDataGridView_CellValueChanged [HPP]
[ADMIN] [17/10/2016 14.36] [RETUR PERMINTAAN KE PUSAT] RETUR PERMINTAAN : detailReturDataGridView_CellValueChanged [subTotal]
[ADMIN] [17/10/2016 14.36] [RETUR PERMINTAAN KE PUSAT] RETUR PERMINTAAN : detailReturDataGridView_CellValueChanged [qty]
[] [17/10/2016 14.42] [] USER = ADMIN IS ACTIVE
[ADMIN] [17/10/2016 14.42] [] USER ID = 1 LOGIN SUCCESSFULLY
[ADMIN] [17/10/2016 14.42] [] ACTIVATE USER ACCESS RIGHT
[ADMIN] [17/10/2016 14.42] [] DISPLAY ADMIN FORM
[ADMIN] [17/10/2016 14.42] [] adminForm Load
[ADMIN] [17/10/2016 14.42] [] ACTIVATE USER ACCESS RIGHT
[ADMIN] [17/10/2016 14.42] [PENERIMAAN BARANG] PENERIMAAN BARANG : detailGridView_CellValueChanged [productID]
[ADMIN] [17/10/2016 14.42] [PENERIMAAN BARANG] PENERIMAAN BARANG : detailGridView_CellValueChanged [productID]
[ADMIN] [17/10/2016 14.42] [PENERIMAAN BARANG] PENERIMAAN BARANG : detailGridView_CellValueChanged [productID]
[ADMIN] [17/10/2016 14.42] [PENERIMAAN BARANG] PENERIMAAN BARANG : detailGridView_CellValueChanged [productID]
[ADMIN] [17/10/2016 14.42] [PENERIMAAN BARANG] PENERIMAAN BARANG : detailGridView_CellValueChanged [productID]
[ADMIN] [17/10/2016 14.42] [PENERIMAAN BARANG] PENERIMAAN BARANG : detailGridView_CellValueChanged [productID]
[ADMIN] [17/10/2016 14.42] [PENERIMAAN BARANG] PENERIMAAN BARANG : detailGridView_CellValueChanged [productID]
[ADMIN] [17/10/2016 14.42] [PENERIMAAN BARANG] PENERIMAAN BARANG : detailGridView_CellValueChanged [productID]
[ADMIN] [17/10/2016 14.42] [PENERIMAAN BARANG] PENERIMAAN BARANG : detailGridView_CellValueChanged [productID]
[ADMIN] [17/10/2016 14.42] [PENERIMAAN BARANG] PENERIMAAN BARANG : detailGridView_CellValueChanged [productID]
[ADMIN] [17/10/2016 14.42] [PENERIMAAN BARANG] PENERIMAAN BARANG : detailGridView_CellValueChanged [productID]
[ADMIN] [17/10/2016 14.42] [PENERIMAAN BARANG] PENERIMAAN BARANG : detailGridView_CellValueChanged [productID]
[ADMIN] [17/10/2016 14.42] [PENERIMAAN BARANG] PENERIMAAN BARANG : detailGridView_CellValueChanged [productID]
[ADMIN] [17/10/2016 14.42] [MUTASI BARANG] MUTASI BARANG : detailRequestOrderDataGridView_CellValueChanged [productID]
[ADMIN] [17/10/2016 14.42] [MUTASI BARANG] MUTASI BARANG : detailRequestOrderDataGridView_CellValueChanged [productID]
[ADMIN] [17/10/2016 14.42] [MUTASI BARANG] MUTASI BARANG : detailRequestOrderDataGridView_CellValueChanged [productID]
[ADMIN] [17/10/2016 14.42] [MUTASI BARANG] MUTASI BARANG : detailRequestOrderDataGridView_CellValueChanged [productID]
[] [17/10/2016 14.46] [] USER = ADMIN IS ACTIVE
[ADMIN] [17/10/2016 14.46] [] USER ID = 1 LOGIN SUCCESSFULLY
[ADMIN] [17/10/2016 14.46] [] ACTIVATE USER ACCESS RIGHT
[ADMIN] [17/10/2016 14.46] [] DISPLAY ADMIN FORM
[ADMIN] [17/10/2016 14.46] [] adminForm Load
[ADMIN] [17/10/2016 14.46] [] ACTIVATE USER ACCESS RIGHT
[ADMIN] [17/10/2016 14.46] [MUTASI BARANG] MUTASI BARANG : detailRequestOrderDataGridView_CellValueChanged [productID]
[ADMIN] [17/10/2016 14.46] [MUTASI BARANG] MUTASI BARANG : detailRequestOrderDataGridView_CellValueChanged [productID]
[ADMIN] [17/10/2016 14.46] [MUTASI BARANG] MUTASI BARANG : detailRequestOrderDataGridView_CellValueChanged [productID]
[ADMIN] [17/10/2016 14.46] [MUTASI BARANG] MUTASI BARANG : detailRequestOrderDataGridView_CellValueChanged [productID]
[ADMIN] [17/10/2016 14.46] [MUTASI BARANG] MUTASI BARANG : detailRequestOrderDataGridView_CellValueChanged [productID]
[ADMIN] [17/10/2016 14.46] [MUTASI BARANG] MUTASI BARANG : detailRequestOrderDataGridView_CellValueChanged [productID]
[ADMIN] [17/10/2016 14.46] [MUTASI BARANG] MUTASI BARANG : detailRequestOrderDataGridView_CellValueChanged [productID]
[ADMIN] [17/10/2016 14.47] [PENJUALAN] CASHIER FORM : MULTIPLE CASHIER INSTANCE [1]
[ADMIN] [17/10/2016 14.47] [PENJUALAN] CASHIER FORM : REGISTER HOTKEY
[ADMIN] [17/10/2016 14.47] [PENJUALAN] CASHIER FORM : cashierForm_Load, ATTEMPT TO LOAD NO FAKTUR
[ADMIN] [17/10/2016 14.47] [PENJUALAN] CASHIER FORM : loadNoFaktur, noFakturValue [SLO001]
[ADMIN] [17/10/2016 14.47] [PENJUALAN] CASHIER FORM : cashierForm_Load, ATTEMPT TO addColumnToDataGrid
[ADMIN] [17/10/2016 14.47] [PENJUALAN] CASHIER FORM : UPDATE ROW NUMBER, TOTAL ROW [1]
[ADMIN] [17/10/2016 14.47] [PENJUALAN] CASHIER FORM : cashierDataGridView_CellValueChanged [F8]
[ADMIN] [17/10/2016 14.47] [PENJUALAN] CASHIER FORM : calculateTotal
[ADMIN] [17/10/2016 14.47] [PENJUALAN] CASHIER FORM : calculateTotal [0]
[ADMIN] [17/10/2016 14.47] [PENJUALAN] CASHIER FORM : calculateTotal, totalAfterDisc [0]
[ADMIN] [17/10/2016 14.47] [PENJUALAN] CASHIER FORM : calculateChangeValue, bayarTextBox.Text [0]
[ADMIN] [17/10/2016 14.47] [PENJUALAN] CASHIER FORM : calculateChangeValue, sisaBayar [0]
[ADMIN] [17/10/2016 14.47] [PENJUALAN] CASHIER FORM : REGISTER HOTKEY
[ADMIN] [17/10/2016 14.47] [PENJUALAN] CASHIER FORM : Combobox_previewKeyDown, cashierDataGridView.CurrentCell.OwningColumn.Name  [productID]
[ADMIN] [17/10/2016 14.47] [PENJUALAN] CASHIER FORM : UPDATE ROW NUMBER, TOTAL ROW [2]
[ADMIN] [17/10/2016 14.47] [PENJUALAN] CASHIER FORM : cashierDataGridView_CellValueChanged [F8]
[ADMIN] [17/10/2016 14.47] [PENJUALAN] CASHIER FORM : cashierDataGridView_CellValueChanged [productID]
[ADMIN] [17/10/2016 14.47] [PENJUALAN] CASHIER FORM : Combobox_previewKeyDown, cashierDataGridView.CurrentCell.OwningColumn.Name  [productID]
[ADMIN] [17/10/2016 14.47] [PENJUALAN] CASHIER FORM : cashierDataGridView_CellValueChanged [productID]
[ADMIN] [17/10/2016 14.47] [PENJUALAN] CASHIER FORM : Combobox_KeyUp, cashierDataGridView.CurrentCell.OwningColumn.Name  [productID]
[ADMIN] [17/10/2016 14.47] [PENJUALAN] CASHIER FORM : Combobox_previewKeyDown, cashierDataGridView.CurrentCell.OwningColumn.Name  [productID]
[ADMIN] [17/10/2016 14.47] [PENJUALAN] CASHIER FORM : cashierDataGridView_CellValueChanged [productID]
[ADMIN] [17/10/2016 14.47] [PENJUALAN] CASHIER FORM : Combobox_KeyUp, cashierDataGridView.CurrentCell.OwningColumn.Name  [productID]
[ADMIN] [17/10/2016 14.47] [PENJUALAN] CASHIER FORM : Combobox_KeyUp, cashierDataGridView.CurrentCell.OwningColumn.Name  [productID]
[ADMIN] [17/10/2016 14.47] [PENJUALAN] CASHIER FORM : Combobox_previewKeyDown, cashierDataGridView.CurrentCell.OwningColumn.Name  [productID]
[ADMIN] [17/10/2016 14.47] [PENJUALAN] CASHIER FORM : HOTKEY TO ADD NEW ROW PRESSED
[ADMIN] [17/10/2016 14.47] [PENJUALAN] CASHIER FORM : Combobox_KeyUp, cashierDataGridView.CurrentCell.OwningColumn.Name  [productID]
[ADMIN] [17/10/2016 14.47] [PENJUALAN] CASHIER FORM : Combobox_KeyUp, cashierDataGridView.CurrentCell.OwningColumn.Name  [productID]
[ADMIN] [17/10/2016 14.47] [PENJUALAN] CASHIER FORM : Combobox_KeyUp, cashierDataGridView.CurrentCell.OwningColumn.Name  [productID]
[ADMIN] [17/10/2016 14.47] [PENJUALAN] CASHIER FORM : Combobox_previewKeyDown, cashierDataGridView.CurrentCell.OwningColumn.Name  [productID]
[ADMIN] [17/10/2016 14.47] [PENJUALAN] CASHIER FORM : Combobox_previewKeyDown, cashierDataGridView.CurrentCell.OwningColumn.Name  [productID]
[ADMIN] [17/10/2016 14.47] [PENJUALAN] CASHIER FORM : UPDATE ROW NUMBER, TOTAL ROW [3]
[ADMIN] [17/10/2016 14.47] [PENJUALAN] CASHIER FORM : cashierDataGridView_CellValueChanged [F8]
[ADMIN] [17/10/2016 14.47] [PENJUALAN] CASHIER FORM : cashierDataGridView_CellValueChanged [productID]
[ADMIN] [17/10/2016 14.47] [PENJUALAN] CASHIER FORM : Combobox_previewKeyDown, cashierDataGridView.CurrentCell.OwningColumn.Name  [productID]
[ADMIN] [17/10/2016 14.47] [PENJUALAN] CASHIER FORM : Combobox_previewKeyDown, cashierDataGridView.CurrentCell.OwningColumn.Name  [productID]
[ADMIN] [17/10/2016 14.47] [PENJUALAN] CASHIER FORM : cashierDataGridView_CellValueChanged [productID]
[ADMIN] [17/10/2016 14.47] [PENJUALAN] CASHIER FORM : Combobox_previewKeyDown, cashierDataGridView.CurrentCell.OwningColumn.Name  [productID]
[ADMIN] [17/10/2016 14.47] [PENJUALAN] CASHIER FORM : Combobox_previewKeyDown, cashierDataGridView.CurrentCell.OwningColumn.Name  [productID]
[ADMIN] [17/10/2016 14.47] [PENJUALAN] CASHIER FORM : cashierDataGridView_CellValueChanged [productID]
[ADMIN] [17/10/2016 14.47] [PENJUALAN] CASHIER FORM : Combobox_KeyUp, cashierDataGridView.CurrentCell.OwningColumn.Name  [productID]
[ADMIN] [17/10/2016 14.47] [PENJUALAN] CASHIER FORM : Combobox_KeyUp, cashierDataGridView.CurrentCell.OwningColumn.Name  [productID]
[ADMIN] [17/10/2016 14.47] [PENJUALAN] CASHIER FORM : Combobox_KeyUp, cashierDataGridView.CurrentCell.OwningColumn.Name  [productID]
[ADMIN] [17/10/2016 14.47] [PENJUALAN] CASHIER FORM : Combobox_KeyUp, cashierDataGridView.CurrentCell.OwningColumn.Name  [productID]
[ADMIN] [17/10/2016 14.47] [PENJUALAN] CASHIER FORM : Combobox_KeyUp, cashierDataGridView.CurrentCell.OwningColumn.Name  [productID]
[ADMIN] [17/10/2016 14.47] [PENJUALAN] CASHIER FORM : Combobox_KeyUp, cashierDataGridView.CurrentCell.OwningColumn.Name  [productID]
[ADMIN] [17/10/2016 14.47] [PENJUALAN] CASHIER FORM : Combobox_KeyUp, cashierDataGridView.CurrentCell.OwningColumn.Name  [productID]
[ADMIN] [17/10/2016 14.47] [PENJUALAN] CASHIER FORM : Combobox_KeyUp, cashierDataGridView.CurrentCell.OwningColumn.Name  [productID]
[ADMIN] [17/10/2016 14.47] [PENJUALAN] CASHIER FORM : Combobox_KeyUp, cashierDataGridView.CurrentCell.OwningColumn.Name  [productID]
[ADMIN] [17/10/2016 14.47] [PENJUALAN] CASHIER FORM : HOTKEY TO ADD NEW ROW PRESSED
[ADMIN] [17/10/2016 14.47] [PENJUALAN] CASHIER FORM : Combobox_KeyUp, cashierDataGridView.CurrentCell.OwningColumn.Name  [productID]
[ADMIN] [17/10/2016 14.47] [PENJUALAN] CASHIER FORM : Combobox_KeyUp, cashierDataGridView.CurrentCell.OwningColumn.Name  [productID]
[ADMIN] [17/10/2016 14.47] [PENJUALAN] CASHIER FORM : Combobox_KeyUp, cashierDataGridView.CurrentCell.OwningColumn.Name  [productID]
[ADMIN] [17/10/2016 14.47] [PENJUALAN] CASHIER FORM : Combobox_KeyUp, cashierDataGridView.CurrentCell.OwningColumn.Name  [productID]
[ADMIN] [17/10/2016 14.47] [PENJUALAN] CASHIER FORM : Combobox_previewKeyDown, cashierDataGridView.CurrentCell.OwningColumn.Name  [productID]
[ADMIN] [17/10/2016 14.47] [PENJUALAN] CASHIER FORM : Combobox_previewKeyDown, cashierDataGridView.CurrentCell.OwningColumn.Name  [productID]
[ADMIN] [17/10/2016 14.47] [PENJUALAN] CASHIER FORM : Combobox_previewKeyDown, cashierDataGridView.CurrentCell.OwningColumn.Name  [productID]
[ADMIN] [17/10/2016 14.47] [PENJUALAN] CASHIER FORM : UPDATE ROW NUMBER, TOTAL ROW [4]
[ADMIN] [17/10/2016 14.47] [PENJUALAN] CASHIER FORM : cashierDataGridView_CellValueChanged [F8]
[ADMIN] [17/10/2016 14.47] [PENJUALAN] CASHIER FORM : cashierDataGridView_CellValueChanged [productID]
[ADMIN] [17/10/2016 14.47] [PENJUALAN] CASHIER FORM : Combobox_previewKeyDown, cashierDataGridView.CurrentCell.OwningColumn.Name  [productID]
[ADMIN] [17/10/2016 14.47] [PENJUALAN] CASHIER FORM : Combobox_previewKeyDown, cashierDataGridView.CurrentCell.OwningColumn.Name  [productID]
[ADMIN] [17/10/2016 14.47] [PENJUALAN] CASHIER FORM : Combobox_previewKeyDown, cashierDataGridView.CurrentCell.OwningColumn.Name  [productID]
[ADMIN] [17/10/2016 14.47] [PENJUALAN] CASHIER FORM : cashierDataGridView_CellValueChanged [productID]
[ADMIN] [17/10/2016 14.47] [PENJUALAN] CASHIER FORM : Combobox_KeyUp, cashierDataGridView.CurrentCell.OwningColumn.Name  [productID]
[ADMIN] [17/10/2016 14.47] [PENJUALAN] CASHIER FORM : Combobox_KeyUp, cashierDataGridView.CurrentCell.OwningColumn.Name  [productID]
[ADMIN] [17/10/2016 14.47] [PENJUALAN] CASHIER FORM : Combobox_KeyUp, cashierDataGridView.CurrentCell.OwningColumn.Name  [productID]
[ADMIN] [17/10/2016 14.47] [PENJUALAN] CASHIER FORM : Combobox_KeyUp, cashierDataGridView.CurrentCell.OwningColumn.Name  [productID]
[ADMIN] [17/10/2016 14.47] [PENJUALAN] CASHIER FORM : Combobox_KeyUp, cashierDataGridView.CurrentCell.OwningColumn.Name  [productID]
[ADMIN] [17/10/2016 14.47] [PENJUALAN] CASHIER FORM : Combobox_KeyUp, cashierDataGridView.CurrentCell.OwningColumn.Name  [productID]
[ADMIN] [17/10/2016 14.47] [PENJUALAN] CASHIER FORM : Combobox_KeyUp, cashierDataGridView.CurrentCell.OwningColumn.Name  [productID]
[ADMIN] [17/10/2016 14.47] [PENJUALAN] CASHIER FORM : Combobox_KeyUp, cashierDataGridView.CurrentCell.OwningColumn.Name  [productID]
[ADMIN] [17/10/2016 14.47] [PENJUALAN] CASHIER FORM : HOTKEY TO ADD NEW ROW PRESSED
[ADMIN] [17/10/2016 14.47] [PENJUALAN] CASHIER FORM : Combobox_KeyUp, cashierDataGridView.CurrentCell.OwningColumn.Name  [productID]
[ADMIN] [17/10/2016 14.47] [PENJUALAN] CASHIER FORM : Combobox_KeyUp, cashierDataGridView.CurrentCell.OwningColumn.Name  [productID]
[ADMIN] [17/10/2016 14.47] [PENJUALAN] CASHIER FORM : Combobox_KeyUp, cashierDataGridView.CurrentCell.OwningColumn.Name  [productID]
[ADMIN] [17/10/2016 14.47] [PENJUALAN] CASHIER FORM : Combobox_KeyUp, cashierDataGridView.CurrentCell.OwningColumn.Name  [productID]
[ADMIN] [17/10/2016 14.47] [PENJUALAN] CASHIER FORM : Combobox_KeyUp, cashierDataGridView.CurrentCell.OwningColumn.Name  [productID]
[ADMIN] [17/10/2016 14.47] [PENJUALAN] CASHIER FORM : Combobox_KeyUp, cashierDataGridView.CurrentCell.OwningColumn.Name  [productID]
[ADMIN] [17/10/2016 14.47] [PENJUALAN] CASHIER FORM : Combobox_KeyUp, cashierDataGridView.CurrentCell.OwningColumn.Name  [productID]
[ADMIN] [17/10/2016 14.47] [PENJUALAN] CASHIER FORM : HOTKEY TO ADD NEW ROW PRESSED
[ADMIN] [17/10/2016 14.47] [PENJUALAN] CASHIER FORM : Combobox_KeyUp, cashierDataGridView.CurrentCell.OwningColumn.Name  [productID]
[ADMIN] [17/10/2016 14.47] [PENJUALAN] CASHIER FORM : Combobox_KeyUp, cashierDataGridView.CurrentCell.OwningColumn.Name  [productID]
[ADMIN] [17/10/2016 14.47] [PENJUALAN] CASHIER FORM : Combobox_KeyUp, cashierDataGridView.CurrentCell.OwningColumn.Name  [productID]
[ADMIN] [17/10/2016 14.47] [PENJUALAN] CASHIER FORM : Combobox_KeyUp, cashierDataGridView.CurrentCell.OwningColumn.Name  [productID]
[ADMIN] [17/10/2016 14.47] [PENJUALAN] CASHIER FORM : Combobox_KeyUp, cashierDataGridView.CurrentCell.OwningColumn.Name  [productID]
[ADMIN] [17/10/2016 14.47] [PENJUALAN] CASHIER FORM : Combobox_KeyUp, cashierDataGridView.CurrentCell.OwningColumn.Name  [productID]
[ADMIN] [17/10/2016 14.47] [PENJUALAN] CASHIER FORM : Combobox_KeyUp, cashierDataGridView.CurrentCell.OwningColumn.Name  [productID]
[ADMIN] [17/10/2016 14.47] [PENJUALAN] CASHIER FORM : HOTKEY TO ADD NEW ROW PRESSED
[ADMIN] [17/10/2016 14.47] [PENJUALAN] CASHIER FORM : Combobox_KeyUp, cashierDataGridView.CurrentCell.OwningColumn.Name  [productID]
[ADMIN] [17/10/2016 14.47] [PENJUALAN] CASHIER FORM : Combobox_KeyUp, cashierDataGridView.CurrentCell.OwningColumn.Name  [productID]
[ADMIN] [17/10/2016 14.47] [PENJUALAN] CASHIER FORM : Combobox_KeyUp, cashierDataGridView.CurrentCell.OwningColumn.Name  [productID]
[ADMIN] [17/10/2016 14.47] [PENJUALAN] CASHIER FORM : Combobox_KeyUp, cashierDataGridView.CurrentCell.OwningColumn.Name  [productID]
[ADMIN] [17/10/2016 14.47] [PENJUALAN] CASHIER FORM : Combobox_KeyUp, cashierDataGridView.CurrentCell.OwningColumn.Name  [productID]
[ADMIN] [17/10/2016 14.47] [PENJUALAN] CASHIER FORM : Combobox_KeyUp, cashierDataGridView.CurrentCell.OwningColumn.Name  [productID]
[ADMIN] [17/10/2016 14.47] [PENJUALAN] CASHIER FORM : Combobox_KeyUp, cashierDataGridView.CurrentCell.OwningColumn.Name  [productID]
[ADMIN] [17/10/2016 14.47] [PENJUALAN] CASHIER FORM : Combobox_previewKeyDown, cashierDataGridView.CurrentCell.OwningColumn.Name  [productID]
[ADMIN] [17/10/2016 14.47] [PENJUALAN] CASHIER FORM : Combobox_previewKeyDown, cashierDataGridView.CurrentCell.OwningColumn.Name  [productID]
[ADMIN] [17/10/2016 14.47] [PENJUALAN] CASHIER FORM : Combobox_previewKeyDown, cashierDataGridView.CurrentCell.OwningColumn.Name  [productID]
[ADMIN] [17/10/2016 14.47] [PENJUALAN] CASHIER FORM : Combobox_previewKeyDown, cashierDataGridView.CurrentCell.OwningColumn.Name  [productID]
[ADMIN] [17/10/2016 14.47] [PENJUALAN] CASHIER FORM : Combobox_previewKeyDown, cashierDataGridView.CurrentCell.OwningColumn.Name  [productID]
[ADMIN] [17/10/2016 14.47] [PENJUALAN] CASHIER FORM : Combobox_previewKeyDown, cashierDataGridView.CurrentCell.OwningColumn.Name  [productID]
[ADMIN] [17/10/2016 14.47] [PENJUALAN] CASHIER FORM : UPDATE ROW NUMBER, TOTAL ROW [5]
[ADMIN] [17/10/2016 14.47] [PENJUALAN] CASHIER FORM : cashierDataGridView_CellValueChanged [F8]
[ADMIN] [17/10/2016 14.47] [PENJUALAN] CASHIER FORM : cashierDataGridView_CellValueChanged [productID]
[ADMIN] [17/10/2016 14.47] [PENJUALAN] CASHIER FORM : Combobox_previewKeyDown, cashierDataGridView.CurrentCell.OwningColumn.Name  [productID]
[ADMIN] [17/10/2016 14.47] [PENJUALAN] CASHIER FORM : Combobox_previewKeyDown, cashierDataGridView.CurrentCell.OwningColumn.Name  [productID]
[ADMIN] [17/10/2016 14.47] [PENJUALAN] CASHIER FORM : Combobox_previewKeyDown, cashierDataGridView.CurrentCell.OwningColumn.Name  [productID]
[ADMIN] [17/10/2016 14.47] [PENJUALAN] CASHIER FORM : Combobox_previewKeyDown, cashierDataGridView.CurrentCell.OwningColumn.Name  [productID]
[ADMIN] [17/10/2016 14.47] [PENJUALAN] CASHIER FORM : Combobox_previewKeyDown, cashierDataGridView.CurrentCell.OwningColumn.Name  [productID]
[ADMIN] [17/10/2016 14.47] [PENJUALAN] CASHIER FORM : Combobox_previewKeyDown, cashierDataGridView.CurrentCell.OwningColumn.Name  [productID]
[ADMIN] [17/10/2016 14.47] [PENJUALAN] CASHIER FORM : cashierDataGridView_CellValueChanged [productID]
[ADMIN] [17/10/2016 14.47] [PENJUALAN] CASHIER FORM : Combobox_KeyUp, cashierDataGridView.CurrentCell.OwningColumn.Name  [productID]
[ADMIN] [17/10/2016 14.47] [PENJUALAN] CASHIER FORM : Combobox_KeyUp, cashierDataGridView.CurrentCell.OwningColumn.Name  [productID]
[ADMIN] [17/10/2016 14.47] [PENJUALAN] CASHIER FORM : Combobox_KeyUp, cashierDataGridView.CurrentCell.OwningColumn.Name  [productID]
[ADMIN] [17/10/2016 14.47] [PENJUALAN] CASHIER FORM : Combobox_KeyUp, cashierDataGridView.CurrentCell.OwningColumn.Name  [productID]
[ADMIN] [17/10/2016 14.47] [PENJUALAN] CASHIER FORM : Combobox_KeyUp, cashierDataGridView.CurrentCell.OwningColumn.Name  [productID]
[ADMIN] [17/10/2016 14.47] [PENJUALAN] CASHIER FORM : Combobox_KeyUp, cashierDataGridView.CurrentCell.OwningColumn.Name  [productID]
[ADMIN] [17/10/2016 14.47] [PENJUALAN] CASHIER FORM : Combobox_KeyUp, cashierDataGridView.CurrentCell.OwningColumn.Name  [productID]
[ADMIN] [17/10/2016 14.47] [PENJUALAN] CASHIER FORM : Combobox_KeyUp, cashierDataGridView.CurrentCell.OwningColumn.Name  [productID]
[ADMIN] [17/10/2016 14.47] [PENJUALAN] CASHIER FORM : Combobox_KeyUp, cashierDataGridView.CurrentCell.OwningColumn.Name  [productID]
[ADMIN] [17/10/2016 14.47] [PENJUALAN] CASHIER FORM : Combobox_KeyUp, cashierDataGridView.CurrentCell.OwningColumn.Name  [productID]
[ADMIN] [17/10/2016 14.47] [PENJUALAN] CASHIER FORM : Combobox_KeyUp, cashierDataGridView.CurrentCell.OwningColumn.Name  [productID]
[ADMIN] [17/10/2016 14.47] [PENJUALAN] CASHIER FORM : Combobox_KeyUp, cashierDataGridView.CurrentCell.OwningColumn.Name  [productID]
[ADMIN] [17/10/2016 14.47] [PENJUALAN] CASHIER FORM : Combobox_KeyUp, cashierDataGridView.CurrentCell.OwningColumn.Name  [productID]
[ADMIN] [17/10/2016 14.47] [PENJUALAN] CASHIER FORM : Combobox_KeyUp, cashierDataGridView.CurrentCell.OwningColumn.Name  [productID]
[ADMIN] [17/10/2016 14.47] [PENJUALAN] CASHIER FORM : HOTKEY TO ADD NEW ROW PRESSED
[ADMIN] [17/10/2016 14.47] [PENJUALAN] CASHIER FORM : Combobox_KeyUp, cashierDataGridView.CurrentCell.OwningColumn.Name  [productID]
[ADMIN] [17/10/2016 14.47] [PENJUALAN] CASHIER FORM : Combobox_KeyUp, cashierDataGridView.CurrentCell.OwningColumn.Name  [productID]
[ADMIN] [17/10/2016 14.47] [PENJUALAN] CASHIER FORM : Combobox_KeyUp, cashierDataGridView.CurrentCell.OwningColumn.Name  [productID]
[ADMIN] [17/10/2016 14.47] [PENJUALAN] CASHIER FORM : Combobox_KeyUp, cashierDataGridView.CurrentCell.OwningColumn.Name  [productID]
[ADMIN] [17/10/2016 14.47] [PENJUALAN] CASHIER FORM : Combobox_KeyUp, cashierDataGridView.CurrentCell.OwningColumn.Name  [productID]
[ADMIN] [17/10/2016 14.47] [PENJUALAN] CASHIER FORM : Combobox_KeyUp, cashierDataGridView.CurrentCell.OwningColumn.Name  [productID]
[ADMIN] [17/10/2016 14.47] [PENJUALAN] CASHIER FORM : Combobox_KeyUp, cashierDataGridView.CurrentCell.OwningColumn.Name  [productID]
[ADMIN] [17/10/2016 14.47] [PENJUALAN] CASHIER FORM : Combobox_KeyUp, cashierDataGridView.CurrentCell.OwningColumn.Name  [productID]
[ADMIN] [17/10/2016 14.47] [PENJUALAN] CASHIER FORM : HOTKEY TO ADD NEW ROW PRESSED
[ADMIN] [17/10/2016 14.47] [PENJUALAN] CASHIER FORM : Combobox_KeyUp, cashierDataGridView.CurrentCell.OwningColumn.Name  [productID]
[ADMIN] [17/10/2016 14.47] [PENJUALAN] CASHIER FORM : Combobox_KeyUp, cashierDataGridView.CurrentCell.OwningColumn.Name  [productID]
[ADMIN] [17/10/2016 14.47] [PENJUALAN] CASHIER FORM : Combobox_KeyUp, cashierDataGridView.CurrentCell.OwningColumn.Name  [productID]
[ADMIN] [17/10/2016 14.47] [PENJUALAN] CASHIER FORM : Combobox_KeyUp, cashierDataGridView.CurrentCell.OwningColumn.Name  [productID]
[ADMIN] [17/10/2016 14.47] [PENJUALAN] CASHIER FORM : Combobox_KeyUp, cashierDataGridView.CurrentCell.OwningColumn.Name  [productID]
[ADMIN] [17/10/2016 14.47] [PENJUALAN] CASHIER FORM : Combobox_KeyUp, cashierDataGridView.CurrentCell.OwningColumn.Name  [productID]
[ADMIN] [17/10/2016 14.47] [PENJUALAN] CASHIER FORM : Combobox_KeyUp, cashierDataGridView.CurrentCell.OwningColumn.Name  [productID]
[ADMIN] [17/10/2016 14.47] [PENJUALAN] CASHIER FORM : Combobox_KeyUp, cashierDataGridView.CurrentCell.OwningColumn.Name  [productID]
[ADMIN] [17/10/2016 14.47] [PENJUALAN] CASHIER FORM : HOTKEY TO ADD NEW ROW PRESSED
[ADMIN] [17/10/2016 14.47] [PENJUALAN] CASHIER FORM : Combobox_KeyUp, cashierDataGridView.CurrentCell.OwningColumn.Name  [productID]
[ADMIN] [17/10/2016 14.47] [PENJUALAN] CASHIER FORM : Combobox_KeyUp, cashierDataGridView.CurrentCell.OwningColumn.Name  [productID]
[ADMIN] [17/10/2016 14.47] [PENJUALAN] CASHIER FORM : Combobox_KeyUp, cashierDataGridView.CurrentCell.OwningColumn.Name  [productID]
[ADMIN] [17/10/2016 14.47] [PENJUALAN] CASHIER FORM : Combobox_KeyUp, cashierDataGridView.CurrentCell.OwningColumn.Name  [productID]
[ADMIN] [17/10/2016 14.47] [PENJUALAN] CASHIER FORM : Combobox_KeyUp, cashierDataGridView.CurrentCell.OwningColumn.Name  [productID]
[ADMIN] [17/10/2016 14.47] [PENJUALAN] CASHIER FORM : Combobox_KeyUp, cashierDataGridView.CurrentCell.OwningColumn.Name  [productID]
[ADMIN] [17/10/2016 14.47] [PENJUALAN] CASHIER FORM : Combobox_KeyUp, cashierDataGridView.CurrentCell.OwningColumn.Name  [productID]
[ADMIN] [17/10/2016 14.47] [PENJUALAN] CASHIER FORM : Combobox_KeyUp, cashierDataGridView.CurrentCell.OwningColumn.Name  [productID]
[ADMIN] [17/10/2016 14.47] [PENJUALAN] CASHIER FORM : HOTKEY TO ADD NEW ROW PRESSED
[ADMIN] [17/10/2016 14.47] [PENJUALAN] CASHIER FORM : Combobox_KeyUp, cashierDataGridView.CurrentCell.OwningColumn.Name  [productID]
[ADMIN] [17/10/2016 14.47] [PENJUALAN] CASHIER FORM : Combobox_KeyUp, cashierDataGridView.CurrentCell.OwningColumn.Name  [productID]
[ADMIN] [17/10/2016 14.47] [PENJUALAN] CASHIER FORM : Combobox_KeyUp, cashierDataGridView.CurrentCell.OwningColumn.Name  [productID]
[ADMIN] [17/10/2016 14.47] [PENJUALAN] CASHIER FORM : Combobox_KeyUp, cashierDataGridView.CurrentCell.OwningColumn.Name  [productID]
[ADMIN] [17/10/2016 14.47] [PENJUALAN] CASHIER FORM : Combobox_KeyUp, cashierDataGridView.CurrentCell.OwningColumn.Name  [productID]
[ADMIN] [17/10/2016 14.47] [PENJUALAN] CASHIER FORM : Combobox_KeyUp, cashierDataGridView.CurrentCell.OwningColumn.Name  [productID]
[ADMIN] [17/10/2016 14.47] [PENJUALAN] CASHIER FORM : Combobox_KeyUp, cashierDataGridView.CurrentCell.OwningColumn.Name  [productID]
[ADMIN] [17/10/2016 14.47] [PENJUALAN] CASHIER FORM : Combobox_KeyUp, cashierDataGridView.CurrentCell.OwningColumn.Name  [productID]
[ADMIN] [17/10/2016 14.47] [PENJUALAN] CASHIER FORM : HOTKEY TO ADD NEW ROW PRESSED
[ADMIN] [17/10/2016 14.47] [PENJUALAN] CASHIER FORM : Combobox_KeyUp, cashierDataGridView.CurrentCell.OwningColumn.Name  [productID]
[ADMIN] [17/10/2016 14.47] [PENJUALAN] CASHIER FORM : Combobox_KeyUp, cashierDataGridView.CurrentCell.OwningColumn.Name  [productID]
[ADMIN] [17/10/2016 14.47] [PENJUALAN] CASHIER FORM : Combobox_KeyUp, cashierDataGridView.CurrentCell.OwningColumn.Name  [productID]
[ADMIN] [17/10/2016 14.47] [PENJUALAN] CASHIER FORM : Combobox_KeyUp, cashierDataGridView.CurrentCell.OwningColumn.Name  [productID]
[ADMIN] [17/10/2016 14.47] [PENJUALAN] CASHIER FORM : Combobox_KeyUp, cashierDataGridView.CurrentCell.OwningColumn.Name  [productID]
[ADMIN] [17/10/2016 14.47] [PENJUALAN] CASHIER FORM : Combobox_KeyUp, cashierDataGridView.CurrentCell.OwningColumn.Name  [productID]
[ADMIN] [17/10/2016 14.47] [PENJUALAN] CASHIER FORM : Combobox_KeyUp, cashierDataGridView.CurrentCell.OwningColumn.Name  [productID]
[ADMIN] [17/10/2016 14.47] [PENJUALAN] CASHIER FORM : Combobox_KeyUp, cashierDataGridView.CurrentCell.OwningColumn.Name  [productID]
[ADMIN] [17/10/2016 14.47] [PENJUALAN] CASHIER FORM : UNREGISTER HOTKEY
[ADMIN] [17/10/2016 14.47] [PENJUALAN] CASHIER FORM : UNREGISTER HOTKEY
[ADMIN] [17/10/2016 14.48] [RETUR PERMINTAAN KE PUSAT] RETUR PERMINTAAN : detailReturDataGridView_CellValueChanged [productID]
[ADMIN] [17/10/2016 14.48] [RETUR PERMINTAAN KE PUSAT] RETUR PERMINTAAN : detailReturDataGridView_CellValueChanged [productID]
[ADMIN] [17/10/2016 14.48] [RETUR PERMINTAAN KE PUSAT] RETUR PERMINTAAN : detailReturDataGridView_CellValueChanged [productName]
[ADMIN] [17/10/2016 14.48] [RETUR PERMINTAAN KE PUSAT] RETUR PERMINTAAN : detailReturDataGridView_CellValueChanged [HPP]
[ADMIN] [17/10/2016 14.48] [RETUR PERMINTAAN KE PUSAT] RETUR PERMINTAAN : detailReturDataGridView_CellValueChanged [subTotal]
[ADMIN] [17/10/2016 14.48] [RETUR PERMINTAAN KE PUSAT] RETUR PERMINTAAN : detailReturDataGridView_CellValueChanged [qty]
[ADMIN] [17/10/2016 14.48] [RETUR PERMINTAAN KE PUSAT] RETUR PERMINTAAN : detailReturDataGridView_CellValueChanged [productID]
[ADMIN] [17/10/2016 14.48] [RETUR PERMINTAAN KE PUSAT] RETUR PERMINTAAN : detailReturDataGridView_CellValueChanged [productID]
[ADMIN] [17/10/2016 14.48] [RETUR PERMINTAAN KE PUSAT] RETUR PERMINTAAN : detailReturDataGridView_CellValueChanged [productName]
[ADMIN] [17/10/2016 14.48] [RETUR PERMINTAAN KE PUSAT] RETUR PERMINTAAN : detailReturDataGridView_CellValueChanged [HPP]
[ADMIN] [17/10/2016 14.48] [RETUR PERMINTAAN KE PUSAT] RETUR PERMINTAAN : detailReturDataGridView_CellValueChanged [subTotal]
[ADMIN] [17/10/2016 14.48] [RETUR PERMINTAAN KE PUSAT] RETUR PERMINTAAN : detailReturDataGridView_CellValueChanged [qty]
[ADMIN] [17/10/2016 14.48] [MUTASI BARANG] MUTASI BARANG : detailRequestOrderDataGridView_CellValueChanged [productID]
[ADMIN] [17/10/2016 14.48] [MUTASI BARANG] MUTASI BARANG : detailRequestOrderDataGridView_CellValueChanged [productID]
[ADMIN] [17/10/2016 14.48] [MUTASI BARANG] MUTASI BARANG : detailRequestOrderDataGridView_CellValueChanged [productID]
[ADMIN] [17/10/2016 14.48] [MUTASI BARANG] MUTASI BARANG : detailRequestOrderDataGridView_CellValueChanged [productID]
[] [17/10/2016 14.50] [] USER = ADMIN IS ACTIVE
[ADMIN] [17/10/2016 14.50] [] USER ID = 1 LOGIN SUCCESSFULLY
[ADMIN] [17/10/2016 14.50] [] ACTIVATE USER ACCESS RIGHT
[ADMIN] [17/10/2016 14.50] [] DISPLAY ADMIN FORM
[ADMIN] [17/10/2016 14.50] [] adminForm Load
[ADMIN] [17/10/2016 14.50] [] ACTIVATE USER ACCESS RIGHT
[ADMIN] [17/10/2016 14.50] [MUTASI BARANG] MUTASI BARANG : detailRequestOrderDataGridView_CellValueChanged [productID]
[ADMIN] [17/10/2016 14.50] [MUTASI BARANG] MUTASI BARANG : detailRequestOrderDataGridView_CellValueChanged [productID]
[ADMIN] [17/10/2016 14.50] [MUTASI BARANG] MUTASI BARANG : detailRequestOrderDataGridView_CellValueChanged [productID]
[ADMIN] [17/10/2016 14.50] [MUTASI BARANG] MUTASI BARANG : detailRequestOrderDataGridView_CellValueChanged [productID]
[ADMIN] [17/10/2016 14.50] [MUTASI BARANG] MUTASI BARANG : detailRequestOrderDataGridView_CellValueChanged [productID]
[ADMIN] [17/10/2016 14.50] [MUTASI BARANG] MUTASI BARANG : detailRequestOrderDataGridView_CellValueChanged [productID]
[ADMIN] [17/10/2016 14.50] [MUTASI BARANG] MUTASI BARANG : detailRequestOrderDataGridView_CellValueChanged [productID]
[] [17/10/2016 14.51] [] USER = ADMIN IS ACTIVE
[ADMIN] [17/10/2016 14.51] [] USER ID = 1 LOGIN SUCCESSFULLY
[ADMIN] [17/10/2016 14.51] [] ACTIVATE USER ACCESS RIGHT
[ADMIN] [17/10/2016 14.51] [] DISPLAY ADMIN FORM
[ADMIN] [17/10/2016 14.51] [] adminForm Load
[ADMIN] [17/10/2016 14.51] [] ACTIVATE USER ACCESS RIGHT
[ADMIN] [17/10/2016 14.52] [MUTASI BARANG] MUTASI BARANG : detailRequestOrderDataGridView_CellValueChanged [productID]
[ADMIN] [17/10/2016 14.52] [MUTASI BARANG] MUTASI BARANG : detailRequestOrderDataGridView_CellValueChanged [productID]
[ADMIN] [17/10/2016 14.52] [MUTASI BARANG] MUTASI BARANG : detailRequestOrderDataGridView_CellValueChanged [productID]
[ADMIN] [17/10/2016 14.52] [MUTASI BARANG] MUTASI BARANG : detailRequestOrderDataGridView_CellValueChanged [productID]
[ADMIN] [17/10/2016 14.52] [MUTASI BARANG] MUTASI BARANG : detailRequestOrderDataGridView_CellValueChanged [productID]
[ADMIN] [17/10/2016 14.52] [MUTASI BARANG] MUTASI BARANG : detailRequestOrderDataGridView_CellValueChanged [productID]
[ADMIN] [17/10/2016 14.52] [MUTASI BARANG] MUTASI BARANG : detailRequestOrderDataGridView_CellValueChanged [productID]
[ADMIN] [17/10/2016 14.52] [MUTASI BARANG] MUTASI BARANG : detailRequestOrderDataGridView_CellValueChanged [productID]
[ADMIN] [17/10/2016 14.52] [MUTASI BARANG] MUTASI BARANG : detailRequestOrderDataGridView_CellValueChanged [productID]
[] [17/10/2016 15.23] [] USER = ADMIN IS ACTIVE
[ADMIN] [17/10/2016 15.23] [] USER ID = 1 LOGIN SUCCESSFULLY
[ADMIN] [17/10/2016 15.24] [] ACTIVATE USER ACCESS RIGHT
[ADMIN] [17/10/2016 15.24] [] DISPLAY ADMIN FORM
[ADMIN] [17/10/2016 15.24] [] adminForm Load
[ADMIN] [17/10/2016 15.24] [] ACTIVATE USER ACCESS RIGHT
[ADMIN] [17/10/2016 15.26] [] USER ID = 1LOGOUT
[] [17/10/2016 15.28] [] USER = ADMIN IS ACTIVE
[ADMIN] [17/10/2016 15.28] [] USER ID = 1 LOGIN SUCCESSFULLY
[ADMIN] [17/10/2016 15.28] [] ACTIVATE USER ACCESS RIGHT
[ADMIN] [17/10/2016 15.28] [] DISPLAY ADMIN FORM
[ADMIN] [17/10/2016 15.28] [] adminForm Load
[ADMIN] [17/10/2016 15.28] [] ACTIVATE USER ACCESS RIGHT
[ADMIN] [17/10/2016 15.28] [] USER ID = 1LOGOUT
