[] [17/10/2016 14.25] [] USER = ADMIN IS ACTIVE
[ADMIN] [17/10/2016 14.25] [] USER ID = 1 LOGIN SUCCESSFULLY
[ADMIN] [17/10/2016 14.25] [] ACTIVATE USER ACCESS RIGHT
[ADMIN] [17/10/2016 14.25] [] DISPLAY ADMIN FORM
[ADMIN] [17/10/2016 14.25] [] adminForm Load
[ADMIN] [17/10/2016 14.25] [] ACTIVATE USER ACCESS RIGHT
[ADMIN] [17/10/2016 14.25] [PENJUALAN] CASHIER FORM : MULTIPLE CASHIER INSTANCE [1]
[ADMIN] [17/10/2016 14.25] [PENJUALAN] CASHIER FORM : REGISTER HOTKEY
[ADMIN] [17/10/2016 14.25] [PENJUALAN] CASHIER FORM : cashierForm_Load, ATTEMPT TO LOAD NO FAKTUR
[ADMIN] [17/10/2016 14.25] [PENJUALAN] CASHIER FORM : loadNoFaktur, noFakturValue [SLO001]
[ADMIN] [17/10/2016 14.25] [PENJUALAN] CASHIER FORM : cashierForm_Load, ATTEMPT TO addColumnToDataGrid
[ADMIN] [17/10/2016 14.25] [PENJUALAN] CASHIER FORM : UPDATE ROW NUMBER, TOTAL ROW [1]
[ADMIN] [17/10/2016 14.25] [PENJUALAN] CASHIER FORM : cashierDataGridView_CellValueChanged [F8]
[ADMIN] [17/10/2016 14.25] [PENJUALAN] CASHIER FORM : calculateTotal
[ADMIN] [17/10/2016 14.25] [PENJUALAN] CASHIER FORM : calculateTotal [0]
[ADMIN] [17/10/2016 14.25] [PENJUALAN] CASHIER FORM : calculateTotal, totalAfterDisc [0]
[ADMIN] [17/10/2016 14.25] [PENJUALAN] CASHIER FORM : calculateChangeValue, bayarTextBox.Text [0]
[ADMIN] [17/10/2016 14.25] [PENJUALAN] CASHIER FORM : calculateChangeValue, sisaBayar [0]
[ADMIN] [17/10/2016 14.25] [PENJUALAN] CASHIER FORM : REGISTER HOTKEY
[ADMIN] [17/10/2016 14.25] [PENJUALAN] CASHIER FORM : Combobox_KeyUp, cashierDataGridView.CurrentCell.OwningColumn.Name  [productID]
[ADMIN] [17/10/2016 14.25] [PENJUALAN] CASHIER FORM : Combobox_previewKeyDown, cashierDataGridView.CurrentCell.OwningColumn.Name  [productID]
[ADMIN] [17/10/2016 14.25] [PENJUALAN] CASHIER FORM : UPDATE ROW NUMBER, TOTAL ROW [2]
[ADMIN] [17/10/2016 14.25] [PENJUALAN] CASHIER FORM : cashierDataGridView_CellValueChanged [F8]
[ADMIN] [17/10/2016 14.25] [PENJUALAN] CASHIER FORM : cashierDataGridView_CellValueChanged [productID]
[ADMIN] [17/10/2016 14.25] [PENJUALAN] CASHIER FORM : Combobox_KeyUp, cashierDataGridView.CurrentCell.OwningColumn.Name  [productID]
[ADMIN] [17/10/2016 14.25] [PENJUALAN] CASHIER FORM : Combobox_previewKeyDown, cashierDataGridView.CurrentCell.OwningColumn.Name  [productID]
[ADMIN] [17/10/2016 14.25] [PENJUALAN] CASHIER FORM : cashierDataGridView_CellValueChanged [productID]
[ADMIN] [17/10/2016 14.25] [PENJUALAN] CASHIER FORM : Combobox_KeyUp, cashierDataGridView.CurrentCell.OwningColumn.Name  [productID]
[ADMIN] [17/10/2016 14.25] [PENJUALAN] CASHIER FORM : Combobox_previewKeyDown, cashierDataGridView.CurrentCell.OwningColumn.Name  [productID]
[ADMIN] [17/10/2016 14.25] [PENJUALAN] CASHIER FORM : cashierDataGridView_CellValueChanged [productID]
[ADMIN] [17/10/2016 14.25] [PENJUALAN] CASHIER FORM : Combobox_KeyUp, cashierDataGridView.CurrentCell.OwningColumn.Name  [productID]
[ADMIN] [17/10/2016 14.25] [PENJUALAN] CASHIER FORM : Combobox_previewKeyDown, cashierDataGridView.CurrentCell.OwningColumn.Name  [productID]
[ADMIN] [17/10/2016 14.25] [PENJUALAN] CASHIER FORM : cashierDataGridView_CellValueChanged [productID]
[ADMIN] [17/10/2016 14.25] [PENJUALAN] CASHIER FORM : Combobox_KeyUp, cashierDataGridView.CurrentCell.OwningColumn.Name  [productID]
[ADMIN] [17/10/2016 14.25] [PENJUALAN] CASHIER FORM : Combobox_previewKeyDown, cashierDataGridView.CurrentCell.OwningColumn.Name  [productID]
[ADMIN] [17/10/2016 14.25] [PENJUALAN] CASHIER FORM : cashierDataGridView_CellValueChanged [productID]
[ADMIN] [17/10/2016 14.25] [PENJUALAN] CASHIER FORM : Combobox_KeyUp, cashierDataGridView.CurrentCell.OwningColumn.Name  [productID]
[ADMIN] [17/10/2016 14.25] [PENJUALAN] CASHIER FORM : Combobox_previewKeyDown, cashierDataGridView.CurrentCell.OwningColumn.Name  [productID]
[ADMIN] [17/10/2016 14.25] [PENJUALAN] CASHIER FORM : cashierDataGridView_CellValueChanged [productID]
[ADMIN] [17/10/2016 14.25] [PENJUALAN] CASHIER FORM : Combobox_KeyUp, cashierDataGridView.CurrentCell.OwningColumn.Name  [productID]
[ADMIN] [17/10/2016 14.25] [PENJUALAN] CASHIER FORM : Combobox_previewKeyDown, cashierDataGridView.CurrentCell.OwningColumn.Name  [productID]
[ADMIN] [17/10/2016 14.25] [PENJUALAN] CASHIER FORM : Combobox_KeyUp, cashierDataGridView.CurrentCell.OwningColumn.Name  [productID]
[ADMIN] [17/10/2016 14.25] [PENJUALAN] CASHIER FORM : Combobox_previewKeyDown, cashierDataGridView.CurrentCell.OwningColumn.Name  [productID]
[ADMIN] [17/10/2016 14.25] [PENJUALAN] CASHIER FORM : Combobox_KeyUp, cashierDataGridView.CurrentCell.OwningColumn.Name  [productID]
[ADMIN] [17/10/2016 14.25] [PENJUALAN] CASHIER FORM : HOTKEY TO OPEN PRODUK SEARCH FORM PRESSED
[ADMIN] [17/10/2016 14.25] [PENJUALAN] CASHIER FORM : UNREGISTER HOTKEY
[ADMIN] [17/10/2016 14.26] [PENJUALAN] CASHIER FORM : ADD NEW ROW FROM BARCODE [ALPO PUPPY 1 KG]
[ADMIN] [17/10/2016 14.26] [PENJUALAN] CASHIER FORM : updateSomeRowContents
[ADMIN] [17/10/2016 14.26] [PENJUALAN] CASHIER FORM : cashierDataGridView_CellValueChanged [productID]
[ADMIN] [17/10/2016 14.26] [PENJUALAN] CASHIER FORM : cashierDataGridView_CellValueChanged [productName]
[ADMIN] [17/10/2016 14.26] [PENJUALAN] CASHIER FORM : updateSomeRowContents
[ADMIN] [17/10/2016 14.26] [PENJUALAN] CASHIER FORM : PRODUCT PRICE TYPE [PRODUCT_BASE_PRICE]
[ADMIN] [17/10/2016 14.26] [PENJUALAN] CASHIER FORM : PRODUCT PRICE [26625]
[ADMIN] [17/10/2016 14.26] [PENJUALAN] CASHIER FORM : ComboBox_SelectedIndexChanged, PRODUCT_BASE_PRICE [26625]
[ADMIN] [17/10/2016 14.26] [PENJUALAN] CASHIER FORM : cashierDataGridView_CellValueChanged [hpp]
[ADMIN] [17/10/2016 14.26] [PENJUALAN] CASHIER FORM : PRODUCT PRICE TYPE [PRODUCT_RETAIL_PRICE]
[ADMIN] [17/10/2016 14.26] [PENJUALAN] CASHIER FORM : PRODUCT PRICE [34000]
[ADMIN] [17/10/2016 14.26] [PENJUALAN] CASHIER FORM : ComboBox_SelectedIndexChanged, PRODUCT_SALES_PRICE [34000]
[ADMIN] [17/10/2016 14.26] [PENJUALAN] CASHIER FORM : cashierDataGridView_CellValueChanged [productPrice]
[ADMIN] [17/10/2016 14.26] [PENJUALAN] CASHIER FORM : cashierDataGridView_CellValueChanged, previousInput [0]
[ADMIN] [17/10/2016 14.26] [PENJUALAN] CASHIER FORM : cashierDataGridView_CellValueChanged, cellValue [34000]
[ADMIN] [17/10/2016 14.26] [PENJUALAN] CASHIER FORM : cashierDataGridView_CellValueChanged, dataGridViewTextBoxEditingControl.Text pass REGEX Checking
[ADMIN] [17/10/2016 14.26] [PENJUALAN] CASHIER FORM : CALCULATE SUBTOTAL
[ADMIN] [17/10/2016 14.26] [PENJUALAN] CASHIER FORM : SUBTOTAL [0]
[ADMIN] [17/10/2016 14.26] [PENJUALAN] CASHIER FORM : cashierDataGridView_CellValueChanged, subtotal value [0]
[ADMIN] [17/10/2016 14.26] [PENJUALAN] CASHIER FORM : cashierDataGridView_CellValueChanged [jumlah]
[ADMIN] [17/10/2016 14.26] [PENJUALAN] CASHIER FORM : cashierDataGridView_CellValueChanged, attempt to calculate total value
[ADMIN] [17/10/2016 14.26] [PENJUALAN] CASHIER FORM : calculateTotal
[ADMIN] [17/10/2016 14.26] [PENJUALAN] CASHIER FORM : calculateTotal [0]
[ADMIN] [17/10/2016 14.26] [PENJUALAN] CASHIER FORM : calculateTotal, totalAfterDisc [0]
[ADMIN] [17/10/2016 14.26] [PENJUALAN] CASHIER FORM : calculateChangeValue, bayarTextBox.Text [0]
[ADMIN] [17/10/2016 14.26] [PENJUALAN] CASHIER FORM : calculateChangeValue, sisaBayar [0]
[ADMIN] [17/10/2016 14.26] [PENJUALAN] CASHIER FORM : cashierDataGridView_CellValueChanged [qty]
[ADMIN] [17/10/2016 14.26] [PENJUALAN] CASHIER FORM : cashierDataGridView_CellValueChanged, previousInput [0]
[ADMIN] [17/10/2016 14.26] [PENJUALAN] CASHIER FORM : cashierDataGridView_CellValueChanged [jumlah]
[ADMIN] [17/10/2016 14.26] [PENJUALAN] CASHIER FORM : calculateTotal
[ADMIN] [17/10/2016 14.26] [PENJUALAN] CASHIER FORM : calculateTotal [0]
[ADMIN] [17/10/2016 14.26] [PENJUALAN] CASHIER FORM : calculateTotal, totalAfterDisc [0]
[ADMIN] [17/10/2016 14.26] [PENJUALAN] CASHIER FORM : calculateChangeValue, bayarTextBox.Text [0]
[ADMIN] [17/10/2016 14.26] [PENJUALAN] CASHIER FORM : calculateChangeValue, sisaBayar [0]
[ADMIN] [17/10/2016 14.26] [PENJUALAN] CASHIER FORM : CHECK STOCK QTY IS ENOUGH [ALPO-P1]
[ADMIN] [17/10/2016 14.26] [PENJUALAN] CASHIER FORM : CHECK STOCK QTY IS ENOUGH [70, 1]
[ADMIN] [17/10/2016 14.26] [PENJUALAN] CASHIER FORM : cashierDataGridView_CellValueChanged [qty]
[ADMIN] [17/10/2016 14.26] [PENJUALAN] CASHIER FORM : cashierDataGridView_CellValueChanged, previousInput [0]
[ADMIN] [17/10/2016 14.26] [PENJUALAN] CASHIER FORM : cashierDataGridView_CellValueChanged, cellValue [1]
[ADMIN] [17/10/2016 14.26] [PENJUALAN] CASHIER FORM : cashierDataGridView_CellValueChanged, dataGridViewTextBoxEditingControl.Text pass REGEX Checking
[ADMIN] [17/10/2016 14.26] [PENJUALAN] CASHIER FORM : CHECK STOCK QTY IS ENOUGH [ALPO-P1]
[ADMIN] [17/10/2016 14.26] [PENJUALAN] CASHIER FORM : CHECK STOCK QTY IS ENOUGH [70, 1]
[ADMIN] [17/10/2016 14.26] [PENJUALAN] CASHIER FORM : CALCULATE SUBTOTAL
[ADMIN] [17/10/2016 14.26] [PENJUALAN] CASHIER FORM : SUBTOTAL [34000]
[ADMIN] [17/10/2016 14.26] [PENJUALAN] CASHIER FORM : cashierDataGridView_CellValueChanged, subtotal value [34000]
[ADMIN] [17/10/2016 14.26] [PENJUALAN] CASHIER FORM : cashierDataGridView_CellValueChanged [jumlah]
[ADMIN] [17/10/2016 14.26] [PENJUALAN] CASHIER FORM : cashierDataGridView_CellValueChanged, attempt to calculate total value
[ADMIN] [17/10/2016 14.26] [PENJUALAN] CASHIER FORM : calculateTotal
[ADMIN] [17/10/2016 14.26] [PENJUALAN] CASHIER FORM : calculateTotal [34000]
[ADMIN] [17/10/2016 14.26] [PENJUALAN] CASHIER FORM : calculateTotal, totalAfterDisc [34000]
[ADMIN] [17/10/2016 14.26] [PENJUALAN] CASHIER FORM : calculateChangeValue, bayarTextBox.Text [0]
[ADMIN] [17/10/2016 14.26] [PENJUALAN] CASHIER FORM : calculateChangeValue, sisaBayar [0]
[ADMIN] [17/10/2016 14.26] [PENJUALAN] CASHIER FORM : SET QTY TO 1 BECAUSE OF NEW ROW
[ADMIN] [17/10/2016 14.26] [PENJUALAN] CASHIER FORM : CALCULATE SUBTOTAL
[ADMIN] [17/10/2016 14.26] [PENJUALAN] CASHIER FORM : SUBTOTAL [34000]
[ADMIN] [17/10/2016 14.26] [PENJUALAN] CASHIER FORM : calculateTotal
[ADMIN] [17/10/2016 14.26] [PENJUALAN] CASHIER FORM : calculateTotal [34000]
[ADMIN] [17/10/2016 14.26] [PENJUALAN] CASHIER FORM : calculateTotal, totalAfterDisc [34000]
[ADMIN] [17/10/2016 14.26] [PENJUALAN] CASHIER FORM : calculateChangeValue, bayarTextBox.Text [0]
[ADMIN] [17/10/2016 14.26] [PENJUALAN] CASHIER FORM : calculateChangeValue, sisaBayar [0]
[ADMIN] [17/10/2016 14.26] [PENJUALAN] CASHIER FORM : UPDATE ROW NUMBER, TOTAL ROW [2]
[ADMIN] [17/10/2016 14.26] [PENJUALAN] CASHIER FORM : cashierDataGridView_CellValueChanged [F8]
[ADMIN] [17/10/2016 14.26] [PENJUALAN] CASHIER FORM : REGISTER HOTKEY
[ADMIN] [17/10/2016 14.26] [PENJUALAN] CASHIER FORM : Combobox_KeyUp, cashierDataGridView.CurrentCell.OwningColumn.Name  [qty]
[ADMIN] [17/10/2016 14.26] [PENJUALAN] CASHIER FORM : Combobox_KeyUp, cashierDataGridView.CurrentCell.OwningColumn.Name  [disc1]
[ADMIN] [17/10/2016 14.26] [PENJUALAN] CASHIER FORM : Combobox_KeyUp, cashierDataGridView.CurrentCell.OwningColumn.Name  [disc1]
[ADMIN] [17/10/2016 14.26] [PENJUALAN] CASHIER FORM : HOTKEY TO ADD NEW ROW PRESSED
[ADMIN] [17/10/2016 14.26] [PENJUALAN] CASHIER FORM : Combobox_KeyUp, cashierDataGridView.CurrentCell.OwningColumn.Name  [productID]
[ADMIN] [17/10/2016 14.26] [PENJUALAN] CASHIER FORM : Combobox_KeyUp, cashierDataGridView.CurrentCell.OwningColumn.Name  [productID]
[ADMIN] [17/10/2016 14.26] [PENJUALAN] CASHIER FORM : Combobox_previewKeyDown, cashierDataGridView.CurrentCell.OwningColumn.Name  [productID]
[ADMIN] [17/10/2016 14.26] [PENJUALAN] CASHIER FORM : Combobox_previewKeyDown, cashierDataGridView.CurrentCell.OwningColumn.Name  [productID]
[ADMIN] [17/10/2016 14.26] [PENJUALAN] CASHIER FORM : UPDATE ROW NUMBER, TOTAL ROW [3]
[ADMIN] [17/10/2016 14.26] [PENJUALAN] CASHIER FORM : cashierDataGridView_CellValueChanged [F8]
[ADMIN] [17/10/2016 14.26] [PENJUALAN] CASHIER FORM : cashierDataGridView_CellValueChanged [productID]
[ADMIN] [17/10/2016 14.26] [PENJUALAN] CASHIER FORM : Combobox_previewKeyDown, cashierDataGridView.CurrentCell.OwningColumn.Name  [productID]
[ADMIN] [17/10/2016 14.26] [PENJUALAN] CASHIER FORM : Combobox_previewKeyDown, cashierDataGridView.CurrentCell.OwningColumn.Name  [productID]
[ADMIN] [17/10/2016 14.26] [PENJUALAN] CASHIER FORM : cashierDataGridView_CellValueChanged [productID]
[ADMIN] [17/10/2016 14.26] [PENJUALAN] CASHIER FORM : Combobox_KeyUp, cashierDataGridView.CurrentCell.OwningColumn.Name  [productID]
[ADMIN] [17/10/2016 14.26] [PENJUALAN] CASHIER FORM : Combobox_KeyUp, cashierDataGridView.CurrentCell.OwningColumn.Name  [productID]
[ADMIN] [17/10/2016 14.26] [PENJUALAN] CASHIER FORM : Combobox_previewKeyDown, cashierDataGridView.CurrentCell.OwningColumn.Name  [productID]
[ADMIN] [17/10/2016 14.26] [PENJUALAN] CASHIER FORM : Combobox_previewKeyDown, cashierDataGridView.CurrentCell.OwningColumn.Name  [productID]
[ADMIN] [17/10/2016 14.26] [PENJUALAN] CASHIER FORM : cashierDataGridView_CellValueChanged [productID]
[ADMIN] [17/10/2016 14.26] [PENJUALAN] CASHIER FORM : Combobox_KeyUp, cashierDataGridView.CurrentCell.OwningColumn.Name  [productID]
[ADMIN] [17/10/2016 14.26] [PENJUALAN] CASHIER FORM : Combobox_KeyUp, cashierDataGridView.CurrentCell.OwningColumn.Name  [productID]
[ADMIN] [17/10/2016 14.26] [PENJUALAN] CASHIER FORM : Combobox_KeyUp, cashierDataGridView.CurrentCell.OwningColumn.Name  [productID]
[ADMIN] [17/10/2016 14.26] [PENJUALAN] CASHIER FORM : Combobox_KeyUp, cashierDataGridView.CurrentCell.OwningColumn.Name  [productID]
[ADMIN] [17/10/2016 14.26] [PENJUALAN] CASHIER FORM : HOTKEY TO ADD NEW ROW PRESSED
[ADMIN] [17/10/2016 14.26] [PENJUALAN] CASHIER FORM : Combobox_KeyUp, cashierDataGridView.CurrentCell.OwningColumn.Name  [productID]
[ADMIN] [17/10/2016 14.26] [PENJUALAN] CASHIER FORM : Combobox_KeyUp, cashierDataGridView.CurrentCell.OwningColumn.Name  [productID]
[ADMIN] [17/10/2016 14.26] [PENJUALAN] CASHIER FORM : Combobox_KeyUp, cashierDataGridView.CurrentCell.OwningColumn.Name  [productID]
[ADMIN] [17/10/2016 14.26] [PENJUALAN] CASHIER FORM : UNREGISTER HOTKEY
[ADMIN] [17/10/2016 14.26] [PENJUALAN] CASHIER FORM : UNREGISTER HOTKEY
[ADMIN] [17/10/2016 14.26] [] USER ID = 1LOGOUT
