[] [4/10/2017 01:41] [] USER = ADMIN IS ACTIVE
[ADMIN] [4/10/2017 01:41] [] USER ID = 1 LOGIN SUCCESSFULLY
[ADMIN] [4/10/2017 01:41] [] ACTIVATE USER ACCESS RIGHT
[ADMIN] [4/10/2017 01:41] [] DISPLAY ADMIN FORM
[ADMIN] [4/10/2017 01:41] [] adminForm Load
[ADMIN] [4/10/2017 01:41] [] ACTIVATE USER ACCESS RIGHT
[ADMIN] [4/10/2017 01:41] [PENJUALAN] CASHIER FORM : MULTIPLE CASHIER INSTANCE [1]
[ADMIN] [4/10/2017 01:41] [PENJUALAN] CASHIER FORM : REGISTER HOTKEY
[ADMIN] [4/10/2017 01:41] [PENJUALAN] CASHIER FORM : cashierForm_Load, ATTEMPT TO LOAD NO FAKTUR
[ADMIN] [4/10/2017 01:41] [PENJUALAN] CASHIER FORM : loadNoFaktur, noFakturValue [SLO001]
[ADMIN] [4/10/2017 01:41] [PENJUALAN] CASHIER FORM : cashierForm_Load, ATTEMPT TO addColumnToDataGrid
[ADMIN] [4/10/2017 01:41] [PENJUALAN] CASHIER FORM : UPDATE ROW NUMBER, TOTAL ROW [1]
[ADMIN] [4/10/2017 01:41] [PENJUALAN] CASHIER FORM : calculateTotal
[ADMIN] [4/10/2017 01:41] [PENJUALAN] CASHIER FORM : calculateTotal [0]
[ADMIN] [4/10/2017 01:41] [PENJUALAN] CASHIER FORM : calculateTotal, totalAfterDisc [0]
[ADMIN] [4/10/2017 01:41] [PENJUALAN] CASHIER FORM : calculateChangeValue, bayarTextBox.Text [0]
[ADMIN] [4/10/2017 01:41] [PENJUALAN] CASHIER FORM : calculateChangeValue, sisaBayar [0]
[ADMIN] [4/10/2017 01:41] [PENJUALAN] CASHIER FORM : REGISTER HOTKEY
[ADMIN] [4/10/2017 01:41] [PENJUALAN] CASHIER FORM : Combobox_previewKeyDown, cashierDataGridView.CurrentCell.OwningColumn.Name  [productID]
[ADMIN] [4/10/2017 01:41] [PENJUALAN] CASHIER FORM : UPDATE ROW NUMBER, TOTAL ROW [2]
[ADMIN] [4/10/2017 01:41] [PENJUALAN] CASHIER FORM : cashierDataGridView_CellValueChanged [F8]
[ADMIN] [4/10/2017 01:41] [PENJUALAN] CASHIER FORM : cashierDataGridView_CellValueChanged [productID]
[ADMIN] [4/10/2017 01:41] [PENJUALAN] CASHIER FORM : Combobox_previewKeyDown, cashierDataGridView.CurrentCell.OwningColumn.Name  [productID]
[ADMIN] [4/10/2017 01:41] [PENJUALAN] CASHIER FORM : cashierDataGridView_CellValueChanged [productID]
[ADMIN] [4/10/2017 01:41] [PENJUALAN] CASHIER FORM : Combobox_KeyUp, cashierDataGridView.CurrentCell.OwningColumn.Name  [productID]
[ADMIN] [4/10/2017 01:41] [PENJUALAN] CASHIER FORM : Combobox_KeyUp, cashierDataGridView.CurrentCell.OwningColumn.Name  [productID]
[ADMIN] [4/10/2017 01:41] [PENJUALAN] CASHIER FORM : Combobox_previewKeyDown, cashierDataGridView.CurrentCell.OwningColumn.Name  [productID]
[ADMIN] [4/10/2017 01:41] [PENJUALAN] CASHIER FORM : cashierDataGridView_CellValueChanged [productID]
[ADMIN] [4/10/2017 01:41] [PENJUALAN] CASHIER FORM : Combobox_previewKeyDown, cashierDataGridView.CurrentCell.OwningColumn.Name  [productID]
[ADMIN] [4/10/2017 01:41] [PENJUALAN] CASHIER FORM : cashierDataGridView_CellValueChanged [productID]
[ADMIN] [4/10/2017 01:41] [PENJUALAN] CASHIER FORM : Combobox_KeyUp, cashierDataGridView.CurrentCell.OwningColumn.Name  [productID]
[ADMIN] [4/10/2017 01:41] [PENJUALAN] CASHIER FORM : Combobox_KeyUp, cashierDataGridView.CurrentCell.OwningColumn.Name  [productID]
[ADMIN] [4/10/2017 01:41] [PENJUALAN] CASHIER FORM : Combobox_previewKeyDown, cashierDataGridView.CurrentCell.OwningColumn.Name  [productID]
[ADMIN] [4/10/2017 01:41] [PENJUALAN] CASHIER FORM : UNREGISTER HOTKEY
[ADMIN] [4/10/2017 01:41] [PENJUALAN] CASHIER FORM : ADD NEW ROW FROM BARCODE [ALPO PUPPY 1 KG]
[ADMIN] [4/10/2017 01:41] [PENJUALAN] CASHIER FORM : updateSomeRowContents
[ADMIN] [4/10/2017 01:41] [PENJUALAN] CASHIER FORM : cashierDataGridView_CellValueChanged [productID]
[ADMIN] [4/10/2017 01:41] [PENJUALAN] CASHIER FORM : cashierDataGridView_CellValueChanged [productName]
[ADMIN] [4/10/2017 01:41] [PENJUALAN] CASHIER FORM : updateSomeRowContents
[ADMIN] [4/10/2017 01:41] [PENJUALAN] CASHIER FORM : PRODUCT PRICE TYPE [PRODUCT_BASE_PRICE]
[ADMIN] [4/10/2017 01:41] [PENJUALAN] CASHIER FORM : PRODUCT PRICE [29250]
[ADMIN] [4/10/2017 01:41] [PENJUALAN] CASHIER FORM : ComboBox_SelectedIndexChanged, PRODUCT_BASE_PRICE [29250]
[ADMIN] [4/10/2017 01:41] [PENJUALAN] CASHIER FORM : cashierDataGridView_CellValueChanged [hpp]
[ADMIN] [4/10/2017 01:41] [PENJUALAN] CASHIER FORM : PRODUCT PRICE TYPE [PRODUCT_RETAIL_PRICE]
[ADMIN] [4/10/2017 01:41] [PENJUALAN] CASHIER FORM : PRODUCT PRICE [35000]
[ADMIN] [4/10/2017 01:41] [PENJUALAN] CASHIER FORM : ComboBox_SelectedIndexChanged, PRODUCT_SALES_PRICE [35000]
[ADMIN] [4/10/2017 01:41] [PENJUALAN] CASHIER FORM : cashierDataGridView_CellValueChanged [productPrice]
[ADMIN] [4/10/2017 01:41] [PENJUALAN] CASHIER FORM : cashierDataGridView_CellValueChanged, previousInput [0]
[ADMIN] [4/10/2017 01:41] [PENJUALAN] CASHIER FORM : cashierDataGridView_CellValueChanged, cellValue [35000]
[ADMIN] [4/10/2017 01:41] [PENJUALAN] CASHIER FORM : cashierDataGridView_CellValueChanged, dataGridViewTextBoxEditingControl.Text pass REGEX Checking
[ADMIN] [4/10/2017 01:41] [PENJUALAN] CASHIER FORM : CALCULATE SUBTOTAL
[ADMIN] [4/10/2017 01:41] [PENJUALAN] CASHIER FORM : SUBTOTAL [0]
[ADMIN] [4/10/2017 01:41] [PENJUALAN] CASHIER FORM : cashierDataGridView_CellValueChanged, subtotal value [0]
[ADMIN] [4/10/2017 01:41] [PENJUALAN] CASHIER FORM : cashierDataGridView_CellValueChanged, attempt to calculate total value
[ADMIN] [4/10/2017 01:41] [PENJUALAN] CASHIER FORM : calculateTotal
[ADMIN] [4/10/2017 01:41] [PENJUALAN] CASHIER FORM : calculateTotal [0]
[ADMIN] [4/10/2017 01:41] [PENJUALAN] CASHIER FORM : calculateTotal, totalAfterDisc [0]
[ADMIN] [4/10/2017 01:41] [PENJUALAN] CASHIER FORM : calculateChangeValue, bayarTextBox.Text [0]
[ADMIN] [4/10/2017 01:41] [PENJUALAN] CASHIER FORM : calculateChangeValue, sisaBayar [0]
[ADMIN] [4/10/2017 01:41] [PENJUALAN] CASHIER FORM : cashierDataGridView_CellValueChanged [qty]
[ADMIN] [4/10/2017 01:41] [PENJUALAN] CASHIER FORM : cashierDataGridView_CellValueChanged, previousInput [0]
[ADMIN] [4/10/2017 01:41] [PENJUALAN] CASHIER FORM : cashierDataGridView_CellValueChanged [jumlah]
[ADMIN] [4/10/2017 01:41] [PENJUALAN] CASHIER FORM : calculateTotal
[ADMIN] [4/10/2017 01:41] [PENJUALAN] CASHIER FORM : calculateTotal [0]
[ADMIN] [4/10/2017 01:41] [PENJUALAN] CASHIER FORM : calculateTotal, totalAfterDisc [0]
[ADMIN] [4/10/2017 01:41] [PENJUALAN] CASHIER FORM : calculateChangeValue, bayarTextBox.Text [0]
[ADMIN] [4/10/2017 01:41] [PENJUALAN] CASHIER FORM : calculateChangeValue, sisaBayar [0]
[ADMIN] [4/10/2017 01:41] [PENJUALAN] CASHIER FORM : CHECK STOCK QTY IS ENOUGH [ALPO-P1]
[ADMIN] [4/10/2017 01:41] [PENJUALAN] CASHIER FORM : CHECK STOCK QTY IS ENOUGH [220, 1]
[ADMIN] [4/10/2017 01:41] [PENJUALAN] CASHIER FORM : cashierDataGridView_CellValueChanged [qty]
[ADMIN] [4/10/2017 01:41] [PENJUALAN] CASHIER FORM : cashierDataGridView_CellValueChanged, previousInput [0]
[ADMIN] [4/10/2017 01:41] [PENJUALAN] CASHIER FORM : cashierDataGridView_CellValueChanged, cellValue [1]
[ADMIN] [4/10/2017 01:41] [PENJUALAN] CASHIER FORM : cashierDataGridView_CellValueChanged, dataGridViewTextBoxEditingControl.Text pass REGEX Checking
[ADMIN] [4/10/2017 01:41] [PENJUALAN] CASHIER FORM : CHECK STOCK QTY IS ENOUGH [ALPO-P1]
[ADMIN] [4/10/2017 01:41] [PENJUALAN] CASHIER FORM : CHECK STOCK QTY IS ENOUGH [220, 1]
[ADMIN] [4/10/2017 01:41] [PENJUALAN] CASHIER FORM : CALCULATE SUBTOTAL
[ADMIN] [4/10/2017 01:41] [PENJUALAN] CASHIER FORM : SUBTOTAL [35000]
[ADMIN] [4/10/2017 01:41] [PENJUALAN] CASHIER FORM : cashierDataGridView_CellValueChanged, subtotal value [35000]
[ADMIN] [4/10/2017 01:41] [PENJUALAN] CASHIER FORM : cashierDataGridView_CellValueChanged, attempt to calculate total value
[ADMIN] [4/10/2017 01:41] [PENJUALAN] CASHIER FORM : calculateTotal
[ADMIN] [4/10/2017 01:41] [PENJUALAN] CASHIER FORM : calculateTotal [35000]
[ADMIN] [4/10/2017 01:41] [PENJUALAN] CASHIER FORM : calculateTotal, totalAfterDisc [35000]
[ADMIN] [4/10/2017 01:41] [PENJUALAN] CASHIER FORM : calculateChangeValue, bayarTextBox.Text [0]
[ADMIN] [4/10/2017 01:41] [PENJUALAN] CASHIER FORM : calculateChangeValue, sisaBayar [0]
[ADMIN] [4/10/2017 01:41] [PENJUALAN] CASHIER FORM : SET QTY TO 1 BECAUSE OF NEW ROW
[ADMIN] [4/10/2017 01:41] [PENJUALAN] CASHIER FORM : CALCULATE SUBTOTAL
[ADMIN] [4/10/2017 01:41] [PENJUALAN] CASHIER FORM : SUBTOTAL [35000]
[ADMIN] [4/10/2017 01:41] [PENJUALAN] CASHIER FORM : calculateTotal
[ADMIN] [4/10/2017 01:41] [PENJUALAN] CASHIER FORM : calculateTotal [35000]
[ADMIN] [4/10/2017 01:41] [PENJUALAN] CASHIER FORM : calculateTotal, totalAfterDisc [35000]
[ADMIN] [4/10/2017 01:41] [PENJUALAN] CASHIER FORM : calculateChangeValue, bayarTextBox.Text [0]
[ADMIN] [4/10/2017 01:41] [PENJUALAN] CASHIER FORM : calculateChangeValue, sisaBayar [0]
[ADMIN] [4/10/2017 01:41] [PENJUALAN] CASHIER FORM : UPDATE ROW NUMBER, TOTAL ROW [2]
[ADMIN] [4/10/2017 01:41] [PENJUALAN] CASHIER FORM : cashierDataGridView_CellValueChanged [F8]
[ADMIN] [4/10/2017 01:41] [PENJUALAN] CASHIER FORM : REGISTER HOTKEY
[ADMIN] [4/10/2017 01:41] [PENJUALAN] CASHIER FORM : cashierDataGridView_CellValueChanged [qty]
[ADMIN] [4/10/2017 01:41] [PENJUALAN] CASHIER FORM : cashierDataGridView_CellValueChanged, previousInput [1]
[ADMIN] [4/10/2017 01:41] [PENJUALAN] CASHIER FORM : cashierDataGridView_CellValueChanged, dataGridViewTextBoxEditingControl.Text pass REGEX Checking
[ADMIN] [4/10/2017 01:41] [PENJUALAN] CASHIER FORM : CHECK STOCK QTY IS ENOUGH [ALPO-P1]
[ADMIN] [4/10/2017 01:41] [PENJUALAN] CASHIER FORM : CHECK STOCK QTY IS ENOUGH [220, 2]
[ADMIN] [4/10/2017 01:41] [PENJUALAN] CASHIER FORM : CALCULATE SUBTOTAL
[ADMIN] [4/10/2017 01:41] [PENJUALAN] CASHIER FORM : SUBTOTAL [70000]
[ADMIN] [4/10/2017 01:41] [PENJUALAN] CASHIER FORM : cashierDataGridView_CellValueChanged, subtotal value [70000]
[ADMIN] [4/10/2017 01:41] [PENJUALAN] CASHIER FORM : cashierDataGridView_CellValueChanged, attempt to calculate total value
[ADMIN] [4/10/2017 01:41] [PENJUALAN] CASHIER FORM : calculateTotal
[ADMIN] [4/10/2017 01:41] [PENJUALAN] CASHIER FORM : calculateTotal [70000]
[ADMIN] [4/10/2017 01:41] [PENJUALAN] CASHIER FORM : calculateTotal, totalAfterDisc [70000]
[ADMIN] [4/10/2017 01:41] [PENJUALAN] CASHIER FORM : calculateChangeValue, bayarTextBox.Text [0]
[ADMIN] [4/10/2017 01:41] [PENJUALAN] CASHIER FORM : calculateChangeValue, sisaBayar [0]
[ADMIN] [4/10/2017 01:41] [PENJUALAN] CASHIER FORM : Combobox_KeyUp, cashierDataGridView.CurrentCell.OwningColumn.Name  [qty]
[ADMIN] [4/10/2017 01:41] [PENJUALAN] CASHIER FORM : cashierDataGridView_CellValueChanged [qty]
[ADMIN] [4/10/2017 01:41] [PENJUALAN] CASHIER FORM : cashierDataGridView_CellValueChanged, previousInput [2]
[ADMIN] [4/10/2017 01:41] [PENJUALAN] CASHIER FORM : cashierDataGridView_CellValueChanged, dataGridViewTextBoxEditingControl.Text pass REGEX Checking
[ADMIN] [4/10/2017 01:41] [PENJUALAN] CASHIER FORM : CHECK STOCK QTY IS ENOUGH [ALPO-P1]
[ADMIN] [4/10/2017 01:41] [PENJUALAN] CASHIER FORM : CHECK STOCK QTY IS ENOUGH [220, 22]
[ADMIN] [4/10/2017 01:41] [PENJUALAN] CASHIER FORM : CALCULATE SUBTOTAL
[ADMIN] [4/10/2017 01:41] [PENJUALAN] CASHIER FORM : SUBTOTAL [770000]
[ADMIN] [4/10/2017 01:41] [PENJUALAN] CASHIER FORM : cashierDataGridView_CellValueChanged, subtotal value [770000]
[ADMIN] [4/10/2017 01:41] [PENJUALAN] CASHIER FORM : cashierDataGridView_CellValueChanged, attempt to calculate total value
[ADMIN] [4/10/2017 01:41] [PENJUALAN] CASHIER FORM : calculateTotal
[ADMIN] [4/10/2017 01:41] [PENJUALAN] CASHIER FORM : calculateTotal [770000]
[ADMIN] [4/10/2017 01:41] [PENJUALAN] CASHIER FORM : calculateTotal, totalAfterDisc [770000]
[ADMIN] [4/10/2017 01:41] [PENJUALAN] CASHIER FORM : calculateChangeValue, bayarTextBox.Text [0]
[ADMIN] [4/10/2017 01:41] [PENJUALAN] CASHIER FORM : calculateChangeValue, sisaBayar [0]
[ADMIN] [4/10/2017 01:41] [PENJUALAN] CASHIER FORM : Combobox_KeyUp, cashierDataGridView.CurrentCell.OwningColumn.Name  [qty]
[ADMIN] [4/10/2017 01:41] [PENJUALAN] CASHIER FORM : cashierDataGridView_CellValueChanged [qty]
[ADMIN] [4/10/2017 01:41] [PENJUALAN] CASHIER FORM : cashierDataGridView_CellValueChanged, previousInput [22]
[ADMIN] [4/10/2017 01:41] [PENJUALAN] CASHIER FORM : cashierDataGridView_CellValueChanged, dataGridViewTextBoxEditingControl.Text pass REGEX Checking
[ADMIN] [4/10/2017 01:41] [PENJUALAN] CASHIER FORM : CHECK STOCK QTY IS ENOUGH [ALPO-P1]
[ADMIN] [4/10/2017 01:41] [PENJUALAN] CASHIER FORM : CHECK STOCK QTY IS ENOUGH [220, 222]
[ADMIN] [4/10/2017 01:41] [PENJUALAN] CASHIER FORM : CALCULATE SUBTOTAL
[ADMIN] [4/10/2017 01:41] [PENJUALAN] CASHIER FORM : SUBTOTAL [770000]
[ADMIN] [4/10/2017 01:41] [PENJUALAN] CASHIER FORM : cashierDataGridView_CellValueChanged, subtotal value [770000]
[ADMIN] [4/10/2017 01:41] [PENJUALAN] CASHIER FORM : cashierDataGridView_CellValueChanged, attempt to calculate total value
[ADMIN] [4/10/2017 01:41] [PENJUALAN] CASHIER FORM : calculateTotal
[ADMIN] [4/10/2017 01:41] [PENJUALAN] CASHIER FORM : calculateTotal [770000]
[ADMIN] [4/10/2017 01:41] [PENJUALAN] CASHIER FORM : calculateTotal, totalAfterDisc [770000]
[ADMIN] [4/10/2017 01:41] [PENJUALAN] CASHIER FORM : calculateChangeValue, bayarTextBox.Text [0]
[ADMIN] [4/10/2017 01:41] [PENJUALAN] CASHIER FORM : calculateChangeValue, sisaBayar [0]
[ADMIN] [4/10/2017 01:41] [PENJUALAN] CASHIER FORM : Combobox_KeyUp, cashierDataGridView.CurrentCell.OwningColumn.Name  [qty]
[ADMIN] [4/10/2017 01:41] [PENJUALAN] CASHIER FORM : cashierDataGridView_CellValueChanged [qty]
[ADMIN] [4/10/2017 01:41] [PENJUALAN] CASHIER FORM : cashierDataGridView_CellValueChanged, previousInput [22]
[ADMIN] [4/10/2017 01:41] [PENJUALAN] CASHIER FORM : cashierDataGridView_CellValueChanged, dataGridViewTextBoxEditingControl.Text pass REGEX Checking
[ADMIN] [4/10/2017 01:41] [PENJUALAN] CASHIER FORM : CHECK STOCK QTY IS ENOUGH [ALPO-P1]
[ADMIN] [4/10/2017 01:41] [PENJUALAN] CASHIER FORM : CHECK STOCK QTY IS ENOUGH [220, 2222]
[ADMIN] [4/10/2017 01:41] [PENJUALAN] CASHIER FORM : CALCULATE SUBTOTAL
[ADMIN] [4/10/2017 01:41] [PENJUALAN] CASHIER FORM : SUBTOTAL [770000]
[ADMIN] [4/10/2017 01:41] [PENJUALAN] CASHIER FORM : cashierDataGridView_CellValueChanged, subtotal value [770000]
[ADMIN] [4/10/2017 01:41] [PENJUALAN] CASHIER FORM : cashierDataGridView_CellValueChanged, attempt to calculate total value
[ADMIN] [4/10/2017 01:41] [PENJUALAN] CASHIER FORM : calculateTotal
[ADMIN] [4/10/2017 01:41] [PENJUALAN] CASHIER FORM : calculateTotal [770000]
[ADMIN] [4/10/2017 01:41] [PENJUALAN] CASHIER FORM : calculateTotal, totalAfterDisc [770000]
[ADMIN] [4/10/2017 01:41] [PENJUALAN] CASHIER FORM : calculateChangeValue, bayarTextBox.Text [0]
[ADMIN] [4/10/2017 01:41] [PENJUALAN] CASHIER FORM : calculateChangeValue, sisaBayar [0]
[ADMIN] [4/10/2017 01:41] [PENJUALAN] CASHIER FORM : Combobox_KeyUp, cashierDataGridView.CurrentCell.OwningColumn.Name  [qty]
[ADMIN] [4/10/2017 01:41] [PENJUALAN] CASHIER FORM : UNREGISTER HOTKEY
[ADMIN] [4/10/2017 01:41] [PENJUALAN] CASHIER FORM : REGISTER HOTKEY
[ADMIN] [4/10/2017 01:41] [PENJUALAN] CASHIER FORM : Combobox_KeyUp, cashierDataGridView.CurrentCell.OwningColumn.Name  [qty]
[ADMIN] [4/10/2017 01:41] [PENJUALAN] CASHIER FORM : Combobox_KeyUp, cashierDataGridView.CurrentCell.OwningColumn.Name  [qty]
[ADMIN] [4/10/2017 01:41] [PENJUALAN] CASHIER FORM : cashierDataGridView_CellValueChanged [qty]
[ADMIN] [4/10/2017 01:41] [PENJUALAN] CASHIER FORM : cashierDataGridView_CellValueChanged, previousInput [22]
[ADMIN] [4/10/2017 01:41] [PENJUALAN] CASHIER FORM : cashierDataGridView_CellValueChanged, dataGridViewTextBoxEditingControl.Text pass REGEX Checking
[ADMIN] [4/10/2017 01:41] [PENJUALAN] CASHIER FORM : CHECK STOCK QTY IS ENOUGH [ALPO-P1]
[ADMIN] [4/10/2017 01:41] [PENJUALAN] CASHIER FORM : CHECK STOCK QTY IS ENOUGH [220, 222]
[ADMIN] [4/10/2017 01:41] [PENJUALAN] CASHIER FORM : CALCULATE SUBTOTAL
[ADMIN] [4/10/2017 01:41] [PENJUALAN] CASHIER FORM : SUBTOTAL [770000]
[ADMIN] [4/10/2017 01:41] [PENJUALAN] CASHIER FORM : cashierDataGridView_CellValueChanged, subtotal value [770000]
[ADMIN] [4/10/2017 01:41] [PENJUALAN] CASHIER FORM : cashierDataGridView_CellValueChanged, attempt to calculate total value
[ADMIN] [4/10/2017 01:41] [PENJUALAN] CASHIER FORM : calculateTotal
[ADMIN] [4/10/2017 01:41] [PENJUALAN] CASHIER FORM : calculateTotal [770000]
[ADMIN] [4/10/2017 01:41] [PENJUALAN] CASHIER FORM : calculateTotal, totalAfterDisc [770000]
[ADMIN] [4/10/2017 01:41] [PENJUALAN] CASHIER FORM : calculateChangeValue, bayarTextBox.Text [0]
[ADMIN] [4/10/2017 01:41] [PENJUALAN] CASHIER FORM : calculateChangeValue, sisaBayar [0]
[ADMIN] [4/10/2017 01:41] [PENJUALAN] CASHIER FORM : Combobox_KeyUp, cashierDataGridView.CurrentCell.OwningColumn.Name  [qty]
[ADMIN] [4/10/2017 01:41] [PENJUALAN] CASHIER FORM : Combobox_KeyUp, cashierDataGridView.CurrentCell.OwningColumn.Name  [qty]
[ADMIN] [4/10/2017 01:41] [PENJUALAN] CASHIER FORM : cashierDataGridView_CellValueChanged [productPrice]
[ADMIN] [4/10/2017 01:41] [PENJUALAN] CASHIER FORM : cashierDataGridView_CellValueChanged, previousInput [35000]
[ADMIN] [4/10/2017 01:41] [PENJUALAN] CASHIER FORM : cashierDataGridView_CellValueChanged, dataGridViewTextBoxEditingControl.Text pass REGEX Checking
[ADMIN] [4/10/2017 01:41] [PENJUALAN] CASHIER FORM : CALCULATE SUBTOTAL
[ADMIN] [4/10/2017 01:41] [PENJUALAN] CASHIER FORM : SUBTOTAL [22]
[ADMIN] [4/10/2017 01:41] [PENJUALAN] CASHIER FORM : cashierDataGridView_CellValueChanged, subtotal value [22]
[ADMIN] [4/10/2017 01:41] [PENJUALAN] CASHIER FORM : cashierDataGridView_CellValueChanged, attempt to calculate total value
[ADMIN] [4/10/2017 01:41] [PENJUALAN] CASHIER FORM : calculateTotal
[ADMIN] [4/10/2017 01:41] [PENJUALAN] CASHIER FORM : calculateTotal [22]
[ADMIN] [4/10/2017 01:41] [PENJUALAN] CASHIER FORM : calculateTotal, totalAfterDisc [22]
[ADMIN] [4/10/2017 01:41] [PENJUALAN] CASHIER FORM : calculateChangeValue, bayarTextBox.Text [0]
[ADMIN] [4/10/2017 01:41] [PENJUALAN] CASHIER FORM : calculateChangeValue, sisaBayar [0]
[ADMIN] [4/10/2017 01:41] [PENJUALAN] CASHIER FORM : Combobox_KeyUp, cashierDataGridView.CurrentCell.OwningColumn.Name  [productPrice]
[ADMIN] [4/10/2017 01:41] [PENJUALAN] CASHIER FORM : cashierDataGridView_CellValueChanged [productPrice]
[ADMIN] [4/10/2017 01:41] [PENJUALAN] CASHIER FORM : cashierDataGridView_CellValueChanged, previousInput [1]
[ADMIN] [4/10/2017 01:41] [PENJUALAN] CASHIER FORM : cashierDataGridView_CellValueChanged, dataGridViewTextBoxEditingControl.Text pass REGEX Checking
[ADMIN] [4/10/2017 01:41] [PENJUALAN] CASHIER FORM : CALCULATE SUBTOTAL
[ADMIN] [4/10/2017 01:41] [PENJUALAN] CASHIER FORM : SUBTOTAL [220]
[ADMIN] [4/10/2017 01:41] [PENJUALAN] CASHIER FORM : cashierDataGridView_CellValueChanged, subtotal value [220]
[ADMIN] [4/10/2017 01:41] [PENJUALAN] CASHIER FORM : cashierDataGridView_CellValueChanged, attempt to calculate total value
[ADMIN] [4/10/2017 01:41] [PENJUALAN] CASHIER FORM : calculateTotal
[ADMIN] [4/10/2017 01:41] [PENJUALAN] CASHIER FORM : calculateTotal [220]
[ADMIN] [4/10/2017 01:41] [PENJUALAN] CASHIER FORM : calculateTotal, totalAfterDisc [220]
[ADMIN] [4/10/2017 01:41] [PENJUALAN] CASHIER FORM : calculateChangeValue, bayarTextBox.Text [0]
[ADMIN] [4/10/2017 01:41] [PENJUALAN] CASHIER FORM : calculateChangeValue, sisaBayar [0]
[ADMIN] [4/10/2017 01:41] [PENJUALAN] CASHIER FORM : Combobox_KeyUp, cashierDataGridView.CurrentCell.OwningColumn.Name  [productPrice]
[ADMIN] [4/10/2017 01:41] [PENJUALAN] CASHIER FORM : cashierDataGridView_CellValueChanged [productPrice]
[ADMIN] [4/10/2017 01:41] [PENJUALAN] CASHIER FORM : cashierDataGridView_CellValueChanged, previousInput [10]
[ADMIN] [4/10/2017 01:41] [PENJUALAN] CASHIER FORM : cashierDataGridView_CellValueChanged, dataGridViewTextBoxEditingControl.Text pass REGEX Checking
[ADMIN] [4/10/2017 01:41] [PENJUALAN] CASHIER FORM : CALCULATE SUBTOTAL
[ADMIN] [4/10/2017 01:41] [PENJUALAN] CASHIER FORM : SUBTOTAL [2200]
[ADMIN] [4/10/2017 01:41] [PENJUALAN] CASHIER FORM : cashierDataGridView_CellValueChanged, subtotal value [2200]
[ADMIN] [4/10/2017 01:41] [PENJUALAN] CASHIER FORM : cashierDataGridView_CellValueChanged, attempt to calculate total value
[ADMIN] [4/10/2017 01:41] [PENJUALAN] CASHIER FORM : calculateTotal
[ADMIN] [4/10/2017 01:41] [PENJUALAN] CASHIER FORM : calculateTotal [2200]
[ADMIN] [4/10/2017 01:41] [PENJUALAN] CASHIER FORM : calculateTotal, totalAfterDisc [2200]
[ADMIN] [4/10/2017 01:41] [PENJUALAN] CASHIER FORM : calculateChangeValue, bayarTextBox.Text [0]
[ADMIN] [4/10/2017 01:41] [PENJUALAN] CASHIER FORM : calculateChangeValue, sisaBayar [0]
[ADMIN] [4/10/2017 01:41] [PENJUALAN] CASHIER FORM : Combobox_KeyUp, cashierDataGridView.CurrentCell.OwningColumn.Name  [productPrice]
[ADMIN] [4/10/2017 01:41] [PENJUALAN] CASHIER FORM : cashierDataGridView_CellValueChanged [productPrice]
[ADMIN] [4/10/2017 01:41] [PENJUALAN] CASHIER FORM : cashierDataGridView_CellValueChanged, previousInput [100]
[ADMIN] [4/10/2017 01:41] [PENJUALAN] CASHIER FORM : cashierDataGridView_CellValueChanged, dataGridViewTextBoxEditingControl.Text pass REGEX Checking
[ADMIN] [4/10/2017 01:41] [PENJUALAN] CASHIER FORM : CALCULATE SUBTOTAL
[ADMIN] [4/10/2017 01:41] [PENJUALAN] CASHIER FORM : SUBTOTAL [22000]
[ADMIN] [4/10/2017 01:41] [PENJUALAN] CASHIER FORM : cashierDataGridView_CellValueChanged, subtotal value [22000]
[ADMIN] [4/10/2017 01:41] [PENJUALAN] CASHIER FORM : cashierDataGridView_CellValueChanged, attempt to calculate total value
[ADMIN] [4/10/2017 01:41] [PENJUALAN] CASHIER FORM : calculateTotal
[ADMIN] [4/10/2017 01:41] [PENJUALAN] CASHIER FORM : calculateTotal [22000]
[ADMIN] [4/10/2017 01:41] [PENJUALAN] CASHIER FORM : calculateTotal, totalAfterDisc [22000]
[ADMIN] [4/10/2017 01:41] [PENJUALAN] CASHIER FORM : calculateChangeValue, bayarTextBox.Text [0]
[ADMIN] [4/10/2017 01:41] [PENJUALAN] CASHIER FORM : calculateChangeValue, sisaBayar [0]
[ADMIN] [4/10/2017 01:41] [PENJUALAN] CASHIER FORM : Combobox_KeyUp, cashierDataGridView.CurrentCell.OwningColumn.Name  [productPrice]
[ADMIN] [4/10/2017 01:41] [PENJUALAN] CASHIER FORM : cashierDataGridView_CellValueChanged [productPrice]
[ADMIN] [4/10/2017 01:41] [PENJUALAN] CASHIER FORM : cashierDataGridView_CellValueChanged, previousInput [1000]
[ADMIN] [4/10/2017 01:41] [PENJUALAN] CASHIER FORM : cashierDataGridView_CellValueChanged, dataGridViewTextBoxEditingControl.Text pass REGEX Checking
[ADMIN] [4/10/2017 01:41] [PENJUALAN] CASHIER FORM : CALCULATE SUBTOTAL
[ADMIN] [4/10/2017 01:41] [PENJUALAN] CASHIER FORM : SUBTOTAL [220000]
[ADMIN] [4/10/2017 01:41] [PENJUALAN] CASHIER FORM : cashierDataGridView_CellValueChanged, subtotal value [220000]
[ADMIN] [4/10/2017 01:41] [PENJUALAN] CASHIER FORM : cashierDataGridView_CellValueChanged, attempt to calculate total value
[ADMIN] [4/10/2017 01:41] [PENJUALAN] CASHIER FORM : calculateTotal
[ADMIN] [4/10/2017 01:41] [PENJUALAN] CASHIER FORM : calculateTotal [220000]
[ADMIN] [4/10/2017 01:41] [PENJUALAN] CASHIER FORM : calculateTotal, totalAfterDisc [220000]
[ADMIN] [4/10/2017 01:41] [PENJUALAN] CASHIER FORM : calculateChangeValue, bayarTextBox.Text [0]
[ADMIN] [4/10/2017 01:41] [PENJUALAN] CASHIER FORM : calculateChangeValue, sisaBayar [0]
[ADMIN] [4/10/2017 01:41] [PENJUALAN] CASHIER FORM : Combobox_KeyUp, cashierDataGridView.CurrentCell.OwningColumn.Name  [productPrice]
[ADMIN] [4/10/2017 01:41] [PENJUALAN] CASHIER FORM : cashierDataGridView_CellValueChanged [productPrice]
[ADMIN] [4/10/2017 01:41] [PENJUALAN] CASHIER FORM : cashierDataGridView_CellValueChanged, previousInput [10000]
[ADMIN] [4/10/2017 01:41] [PENJUALAN] CASHIER FORM : cashierDataGridView_CellValueChanged, dataGridViewTextBoxEditingControl.Text pass REGEX Checking
[ADMIN] [4/10/2017 01:41] [PENJUALAN] CASHIER FORM : CALCULATE SUBTOTAL
[ADMIN] [4/10/2017 01:41] [PENJUALAN] CASHIER FORM : SUBTOTAL [2200000]
[ADMIN] [4/10/2017 01:41] [PENJUALAN] CASHIER FORM : cashierDataGridView_CellValueChanged, subtotal value [2200000]
[ADMIN] [4/10/2017 01:41] [PENJUALAN] CASHIER FORM : cashierDataGridView_CellValueChanged, attempt to calculate total value
[ADMIN] [4/10/2017 01:41] [PENJUALAN] CASHIER FORM : calculateTotal
[ADMIN] [4/10/2017 01:41] [PENJUALAN] CASHIER FORM : calculateTotal [2200000]
[ADMIN] [4/10/2017 01:41] [PENJUALAN] CASHIER FORM : calculateTotal, totalAfterDisc [2200000]
[ADMIN] [4/10/2017 01:41] [PENJUALAN] CASHIER FORM : calculateChangeValue, bayarTextBox.Text [0]
[ADMIN] [4/10/2017 01:41] [PENJUALAN] CASHIER FORM : calculateChangeValue, sisaBayar [0]
[ADMIN] [4/10/2017 01:41] [PENJUALAN] CASHIER FORM : Combobox_KeyUp, cashierDataGridView.CurrentCell.OwningColumn.Name  [productPrice]
[ADMIN] [4/10/2017 01:41] [PENJUALAN] CASHIER FORM : cashierDataGridView_CellValueChanged [productPrice]
[ADMIN] [4/10/2017 01:41] [PENJUALAN] CASHIER FORM : cashierDataGridView_CellValueChanged, previousInput [100000]
[ADMIN] [4/10/2017 01:41] [PENJUALAN] CASHIER FORM : cashierDataGridView_CellValueChanged, dataGridViewTextBoxEditingControl.Text pass REGEX Checking
[ADMIN] [4/10/2017 01:41] [PENJUALAN] CASHIER FORM : CALCULATE SUBTOTAL
[ADMIN] [4/10/2017 01:41] [PENJUALAN] CASHIER FORM : SUBTOTAL [22000000]
[ADMIN] [4/10/2017 01:41] [PENJUALAN] CASHIER FORM : cashierDataGridView_CellValueChanged, subtotal value [22000000]
[ADMIN] [4/10/2017 01:41] [PENJUALAN] CASHIER FORM : cashierDataGridView_CellValueChanged, attempt to calculate total value
[ADMIN] [4/10/2017 01:41] [PENJUALAN] CASHIER FORM : calculateTotal
[ADMIN] [4/10/2017 01:41] [PENJUALAN] CASHIER FORM : calculateTotal [22000000]
[ADMIN] [4/10/2017 01:41] [PENJUALAN] CASHIER FORM : calculateTotal, totalAfterDisc [22000000]
[ADMIN] [4/10/2017 01:41] [PENJUALAN] CASHIER FORM : calculateChangeValue, bayarTextBox.Text [0]
[ADMIN] [4/10/2017 01:41] [PENJUALAN] CASHIER FORM : calculateChangeValue, sisaBayar [0]
[ADMIN] [4/10/2017 01:41] [PENJUALAN] CASHIER FORM : Combobox_KeyUp, cashierDataGridView.CurrentCell.OwningColumn.Name  [productPrice]
[ADMIN] [4/10/2017 01:41] [PENJUALAN] CASHIER FORM : cashierDataGridView_CellValueChanged [productPrice]
[ADMIN] [4/10/2017 01:41] [PENJUALAN] CASHIER FORM : cashierDataGridView_CellValueChanged, previousInput [1000000]
[ADMIN] [4/10/2017 01:41] [PENJUALAN] CASHIER FORM : cashierDataGridView_CellValueChanged, dataGridViewTextBoxEditingControl.Text pass REGEX Checking
[ADMIN] [4/10/2017 01:41] [PENJUALAN] CASHIER FORM : CALCULATE SUBTOTAL
[ADMIN] [4/10/2017 01:41] [PENJUALAN] CASHIER FORM : SUBTOTAL [220000000]
[ADMIN] [4/10/2017 01:41] [PENJUALAN] CASHIER FORM : cashierDataGridView_CellValueChanged, subtotal value [220000000]
[ADMIN] [4/10/2017 01:41] [PENJUALAN] CASHIER FORM : cashierDataGridView_CellValueChanged, attempt to calculate total value
[ADMIN] [4/10/2017 01:41] [PENJUALAN] CASHIER FORM : calculateTotal
[ADMIN] [4/10/2017 01:41] [PENJUALAN] CASHIER FORM : calculateTotal [220000000]
[ADMIN] [4/10/2017 01:41] [PENJUALAN] CASHIER FORM : calculateTotal, totalAfterDisc [220000000]
[ADMIN] [4/10/2017 01:41] [PENJUALAN] CASHIER FORM : calculateChangeValue, bayarTextBox.Text [0]
[ADMIN] [4/10/2017 01:41] [PENJUALAN] CASHIER FORM : calculateChangeValue, sisaBayar [0]
[ADMIN] [4/10/2017 01:41] [PENJUALAN] CASHIER FORM : Combobox_KeyUp, cashierDataGridView.CurrentCell.OwningColumn.Name  [productPrice]
[ADMIN] [4/10/2017 01:41] [PENJUALAN] CASHIER FORM : cashierDataGridView_CellValueChanged [productPrice]
[ADMIN] [4/10/2017 01:41] [PENJUALAN] CASHIER FORM : cashierDataGridView_CellValueChanged, previousInput [10000000]
[ADMIN] [4/10/2017 01:41] [PENJUALAN] CASHIER FORM : cashierDataGridView_CellValueChanged, dataGridViewTextBoxEditingControl.Text pass REGEX Checking
[ADMIN] [4/10/2017 01:41] [PENJUALAN] CASHIER FORM : CALCULATE SUBTOTAL
[ADMIN] [4/10/2017 01:41] [PENJUALAN] CASHIER FORM : SUBTOTAL [2200000000]
[ADMIN] [4/10/2017 01:41] [PENJUALAN] CASHIER FORM : cashierDataGridView_CellValueChanged, subtotal value [2200000000]
[ADMIN] [4/10/2017 01:41] [PENJUALAN] CASHIER FORM : cashierDataGridView_CellValueChanged, attempt to calculate total value
[ADMIN] [4/10/2017 01:41] [PENJUALAN] CASHIER FORM : calculateTotal
[ADMIN] [4/10/2017 01:41] [PENJUALAN] CASHIER FORM : calculateTotal [2200000000]
[ADMIN] [4/10/2017 01:41] [PENJUALAN] CASHIER FORM : calculateTotal, totalAfterDisc [2200000000]
[ADMIN] [4/10/2017 01:41] [PENJUALAN] CASHIER FORM : calculateChangeValue, bayarTextBox.Text [0]
[ADMIN] [4/10/2017 01:41] [PENJUALAN] CASHIER FORM : calculateChangeValue, sisaBayar [0]
[ADMIN] [4/10/2017 01:41] [PENJUALAN] CASHIER FORM : Combobox_KeyUp, cashierDataGridView.CurrentCell.OwningColumn.Name  [productPrice]
[ADMIN] [4/10/2017 01:41] [PENJUALAN] CASHIER FORM : cashierDataGridView_CellValueChanged [productPrice]
[ADMIN] [4/10/2017 01:41] [PENJUALAN] CASHIER FORM : cashierDataGridView_CellValueChanged, previousInput [100000000]
[ADMIN] [4/10/2017 01:41] [PENJUALAN] CASHIER FORM : cashierDataGridView_CellValueChanged, dataGridViewTextBoxEditingControl.Text pass REGEX Checking
[ADMIN] [4/10/2017 01:41] [PENJUALAN] CASHIER FORM : CALCULATE SUBTOTAL
[ADMIN] [4/10/2017 01:41] [PENJUALAN] CASHIER FORM : SUBTOTAL [22000000000]
[ADMIN] [4/10/2017 01:41] [PENJUALAN] CASHIER FORM : cashierDataGridView_CellValueChanged, subtotal value [22000000000]
[ADMIN] [4/10/2017 01:41] [PENJUALAN] CASHIER FORM : cashierDataGridView_CellValueChanged, attempt to calculate total value
[ADMIN] [4/10/2017 01:41] [PENJUALAN] CASHIER FORM : calculateTotal
[ADMIN] [4/10/2017 01:41] [PENJUALAN] CASHIER FORM : calculateTotal [22000000000]
[ADMIN] [4/10/2017 01:41] [PENJUALAN] CASHIER FORM : calculateTotal, totalAfterDisc [22000000000]
[ADMIN] [4/10/2017 01:41] [PENJUALAN] CASHIER FORM : calculateChangeValue, bayarTextBox.Text [0]
[ADMIN] [4/10/2017 01:41] [PENJUALAN] CASHIER FORM : calculateChangeValue, sisaBayar [0]
[ADMIN] [4/10/2017 01:41] [PENJUALAN] CASHIER FORM : Combobox_KeyUp, cashierDataGridView.CurrentCell.OwningColumn.Name  [productPrice]
[ADMIN] [4/10/2017 01:41] [PENJUALAN] CASHIER FORM : cashierDataGridView_CellValueChanged [productPrice]
[ADMIN] [4/10/2017 01:41] [PENJUALAN] CASHIER FORM : cashierDataGridView_CellValueChanged, previousInput [1000000000]
[ADMIN] [4/10/2017 01:41] [PENJUALAN] CASHIER FORM : cashierDataGridView_CellValueChanged, dataGridViewTextBoxEditingControl.Text pass REGEX Checking
[ADMIN] [4/10/2017 01:41] [PENJUALAN] CASHIER FORM : CALCULATE SUBTOTAL
[ADMIN] [4/10/2017 01:41] [PENJUALAN] CASHIER FORM : SUBTOTAL [220000000000]
[ADMIN] [4/10/2017 01:41] [PENJUALAN] CASHIER FORM : cashierDataGridView_CellValueChanged, subtotal value [220000000000]
[ADMIN] [4/10/2017 01:41] [PENJUALAN] CASHIER FORM : cashierDataGridView_CellValueChanged, attempt to calculate total value
[ADMIN] [4/10/2017 01:41] [PENJUALAN] CASHIER FORM : calculateTotal
[ADMIN] [4/10/2017 01:41] [PENJUALAN] CASHIER FORM : calculateTotal [220000000000]
[ADMIN] [4/10/2017 01:41] [PENJUALAN] CASHIER FORM : calculateTotal, totalAfterDisc [220000000000]
[ADMIN] [4/10/2017 01:41] [PENJUALAN] CASHIER FORM : calculateChangeValue, bayarTextBox.Text [0]
[ADMIN] [4/10/2017 01:41] [PENJUALAN] CASHIER FORM : calculateChangeValue, sisaBayar [0]
[ADMIN] [4/10/2017 01:41] [PENJUALAN] CASHIER FORM : Combobox_KeyUp, cashierDataGridView.CurrentCell.OwningColumn.Name  [productPrice]
[ADMIN] [4/10/2017 01:41] [PENJUALAN] CASHIER FORM : cashierDataGridView_CellValueChanged [productPrice]
[ADMIN] [4/10/2017 01:41] [PENJUALAN] CASHIER FORM : cashierDataGridView_CellValueChanged, previousInput [10000000000]
[ADMIN] [4/10/2017 01:41] [PENJUALAN] CASHIER FORM : cashierDataGridView_CellValueChanged, dataGridViewTextBoxEditingControl.Text pass REGEX Checking
[ADMIN] [4/10/2017 01:41] [PENJUALAN] CASHIER FORM : CALCULATE SUBTOTAL
[ADMIN] [4/10/2017 01:41] [PENJUALAN] CASHIER FORM : SUBTOTAL [2200000000000]
[ADMIN] [4/10/2017 01:41] [PENJUALAN] CASHIER FORM : cashierDataGridView_CellValueChanged, subtotal value [2200000000000]
[ADMIN] [4/10/2017 01:41] [PENJUALAN] CASHIER FORM : cashierDataGridView_CellValueChanged, attempt to calculate total value
[ADMIN] [4/10/2017 01:41] [PENJUALAN] CASHIER FORM : calculateTotal
[ADMIN] [4/10/2017 01:41] [PENJUALAN] CASHIER FORM : calculateTotal [2200000000000]
[ADMIN] [4/10/2017 01:41] [PENJUALAN] CASHIER FORM : calculateTotal, totalAfterDisc [2200000000000]
[ADMIN] [4/10/2017 01:41] [PENJUALAN] CASHIER FORM : calculateChangeValue, bayarTextBox.Text [0]
[ADMIN] [4/10/2017 01:41] [PENJUALAN] CASHIER FORM : calculateChangeValue, sisaBayar [0]
[ADMIN] [4/10/2017 01:41] [PENJUALAN] CASHIER FORM : Combobox_KeyUp, cashierDataGridView.CurrentCell.OwningColumn.Name  [productPrice]
[ADMIN] [4/10/2017 01:41] [PENJUALAN] CASHIER FORM : cashierDataGridView_CellValueChanged [productPrice]
[ADMIN] [4/10/2017 01:41] [PENJUALAN] CASHIER FORM : cashierDataGridView_CellValueChanged, previousInput [100000000000]
[ADMIN] [4/10/2017 01:41] [PENJUALAN] CASHIER FORM : cashierDataGridView_CellValueChanged, dataGridViewTextBoxEditingControl.Text pass REGEX Checking
[ADMIN] [4/10/2017 01:41] [PENJUALAN] CASHIER FORM : CALCULATE SUBTOTAL
[ADMIN] [4/10/2017 01:41] [PENJUALAN] CASHIER FORM : SUBTOTAL [22000000000000]
[ADMIN] [4/10/2017 01:41] [PENJUALAN] CASHIER FORM : cashierDataGridView_CellValueChanged, subtotal value [22000000000000]
[ADMIN] [4/10/2017 01:41] [PENJUALAN] CASHIER FORM : cashierDataGridView_CellValueChanged, attempt to calculate total value
[ADMIN] [4/10/2017 01:41] [PENJUALAN] CASHIER FORM : calculateTotal
[ADMIN] [4/10/2017 01:41] [PENJUALAN] CASHIER FORM : calculateTotal [22000000000000]
[ADMIN] [4/10/2017 01:41] [PENJUALAN] CASHIER FORM : calculateTotal, totalAfterDisc [22000000000000]
[ADMIN] [4/10/2017 01:41] [PENJUALAN] CASHIER FORM : calculateChangeValue, bayarTextBox.Text [0]
[ADMIN] [4/10/2017 01:41] [PENJUALAN] CASHIER FORM : calculateChangeValue, sisaBayar [0]
[ADMIN] [4/10/2017 01:41] [PENJUALAN] CASHIER FORM : Combobox_KeyUp, cashierDataGridView.CurrentCell.OwningColumn.Name  [productPrice]
[ADMIN] [4/10/2017 01:42] [PENJUALAN] CASHIER FORM : UNREGISTER HOTKEY
[ADMIN] [4/10/2017 01:42] [PENJUALAN] CASHIER FORM : UNREGISTER HOTKEY
[] [4/10/2017 01:42] [] USER = ADMIN IS ACTIVE
[ADMIN] [4/10/2017 01:42] [] USER ID = 1 LOGIN SUCCESSFULLY
[ADMIN] [4/10/2017 01:42] [] ACTIVATE USER ACCESS RIGHT
[ADMIN] [4/10/2017 01:42] [] DISPLAY ADMIN FORM
[ADMIN] [4/10/2017 01:42] [] adminForm Load
[ADMIN] [4/10/2017 01:42] [] ACTIVATE USER ACCESS RIGHT
[ADMIN] [4/10/2017 01:42] [PENJUALAN] CASHIER FORM : MULTIPLE CASHIER INSTANCE [1]
[ADMIN] [4/10/2017 01:42] [PENJUALAN] CASHIER FORM : REGISTER HOTKEY
[ADMIN] [4/10/2017 01:42] [PENJUALAN] CASHIER FORM : cashierForm_Load, ATTEMPT TO LOAD NO FAKTUR
[ADMIN] [4/10/2017 01:43] [PENJUALAN] CASHIER FORM : loadNoFaktur, noFakturValue [SLO001]
[ADMIN] [4/10/2017 01:43] [PENJUALAN] CASHIER FORM : cashierForm_Load, ATTEMPT TO addColumnToDataGrid
[ADMIN] [4/10/2017 01:43] [PENJUALAN] CASHIER FORM : UPDATE ROW NUMBER, TOTAL ROW [1]
[ADMIN] [4/10/2017 01:43] [PENJUALAN] CASHIER FORM : calculateTotal
[ADMIN] [4/10/2017 01:43] [PENJUALAN] CASHIER FORM : calculateTotal [0]
[ADMIN] [4/10/2017 01:43] [PENJUALAN] CASHIER FORM : calculateTotal, totalAfterDisc [0]
[ADMIN] [4/10/2017 01:43] [PENJUALAN] CASHIER FORM : calculateChangeValue, bayarTextBox.Text [0]
[ADMIN] [4/10/2017 01:43] [PENJUALAN] CASHIER FORM : calculateChangeValue, sisaBayar [0]
[ADMIN] [4/10/2017 01:43] [PENJUALAN] CASHIER FORM : REGISTER HOTKEY
[ADMIN] [4/10/2017 01:43] [PENJUALAN] CASHIER FORM : UNREGISTER HOTKEY
[ADMIN] [4/10/2017 01:43] [PENJUALAN] CASHIER FORM : REGISTER HOTKEY
[ADMIN] [4/10/2017 01:43] [PENJUALAN] CASHIER FORM : Combobox_previewKeyDown, cashierDataGridView.CurrentCell.OwningColumn.Name  [productID]
[ADMIN] [4/10/2017 01:43] [PENJUALAN] CASHIER FORM : UPDATE ROW NUMBER, TOTAL ROW [2]
[ADMIN] [4/10/2017 01:43] [PENJUALAN] CASHIER FORM : cashierDataGridView_CellValueChanged [F8]
[ADMIN] [4/10/2017 01:43] [PENJUALAN] CASHIER FORM : cashierDataGridView_CellValueChanged [productID]
[ADMIN] [4/10/2017 01:43] [PENJUALAN] CASHIER FORM : Combobox_previewKeyDown, cashierDataGridView.CurrentCell.OwningColumn.Name  [productID]
[ADMIN] [4/10/2017 01:43] [PENJUALAN] CASHIER FORM : cashierDataGridView_CellValueChanged [productID]
[ADMIN] [4/10/2017 01:43] [PENJUALAN] CASHIER FORM : Combobox_KeyUp, cashierDataGridView.CurrentCell.OwningColumn.Name  [productID]
[ADMIN] [4/10/2017 01:43] [PENJUALAN] CASHIER FORM : Combobox_KeyUp, cashierDataGridView.CurrentCell.OwningColumn.Name  [productID]
[ADMIN] [4/10/2017 01:43] [PENJUALAN] CASHIER FORM : Combobox_previewKeyDown, cashierDataGridView.CurrentCell.OwningColumn.Name  [productID]
[ADMIN] [4/10/2017 01:43] [PENJUALAN] CASHIER FORM : cashierDataGridView_CellValueChanged [productID]
[ADMIN] [4/10/2017 01:43] [PENJUALAN] CASHIER FORM : Combobox_previewKeyDown, cashierDataGridView.CurrentCell.OwningColumn.Name  [productID]
[ADMIN] [4/10/2017 01:43] [PENJUALAN] CASHIER FORM : cashierDataGridView_CellValueChanged [productID]
[ADMIN] [4/10/2017 01:43] [PENJUALAN] CASHIER FORM : Combobox_KeyUp, cashierDataGridView.CurrentCell.OwningColumn.Name  [productID]
[ADMIN] [4/10/2017 01:43] [PENJUALAN] CASHIER FORM : Combobox_KeyUp, cashierDataGridView.CurrentCell.OwningColumn.Name  [productID]
[ADMIN] [4/10/2017 01:43] [PENJUALAN] CASHIER FORM : Combobox_previewKeyDown, cashierDataGridView.CurrentCell.OwningColumn.Name  [productID]
[ADMIN] [4/10/2017 01:43] [PENJUALAN] CASHIER FORM : UNREGISTER HOTKEY
[ADMIN] [4/10/2017 01:43] [PENJUALAN] CASHIER FORM : ADD NEW ROW FROM BARCODE [ALPO PUPPY 1 KG]
[ADMIN] [4/10/2017 01:43] [PENJUALAN] CASHIER FORM : updateSomeRowContents
[ADMIN] [4/10/2017 01:43] [PENJUALAN] CASHIER FORM : cashierDataGridView_CellValueChanged [productID]
[ADMIN] [4/10/2017 01:43] [PENJUALAN] CASHIER FORM : cashierDataGridView_CellValueChanged [productName]
[ADMIN] [4/10/2017 01:43] [PENJUALAN] CASHIER FORM : updateSomeRowContents
[ADMIN] [4/10/2017 01:43] [PENJUALAN] CASHIER FORM : PRODUCT PRICE TYPE [PRODUCT_BASE_PRICE]
[ADMIN] [4/10/2017 01:43] [PENJUALAN] CASHIER FORM : PRODUCT PRICE [29250]
[ADMIN] [4/10/2017 01:43] [PENJUALAN] CASHIER FORM : ComboBox_SelectedIndexChanged, PRODUCT_BASE_PRICE [29250]
[ADMIN] [4/10/2017 01:43] [PENJUALAN] CASHIER FORM : cashierDataGridView_CellValueChanged [hpp]
[ADMIN] [4/10/2017 01:43] [PENJUALAN] CASHIER FORM : PRODUCT PRICE TYPE [PRODUCT_RETAIL_PRICE]
[ADMIN] [4/10/2017 01:43] [PENJUALAN] CASHIER FORM : PRODUCT PRICE [35000]
[ADMIN] [4/10/2017 01:43] [PENJUALAN] CASHIER FORM : ComboBox_SelectedIndexChanged, PRODUCT_SALES_PRICE [35000]
[ADMIN] [4/10/2017 01:43] [PENJUALAN] CASHIER FORM : cashierDataGridView_CellValueChanged [productPrice]
[ADMIN] [4/10/2017 01:43] [PENJUALAN] CASHIER FORM : cashierDataGridView_CellValueChanged, previousInput [0]
[ADMIN] [4/10/2017 01:43] [PENJUALAN] CASHIER FORM : cashierDataGridView_CellValueChanged, cellValue [35000]
[ADMIN] [4/10/2017 01:43] [PENJUALAN] CASHIER FORM : cashierDataGridView_CellValueChanged, dataGridViewTextBoxEditingControl.Text pass REGEX Checking
[ADMIN] [4/10/2017 01:43] [PENJUALAN] CASHIER FORM : CALCULATE SUBTOTAL
[ADMIN] [4/10/2017 01:43] [PENJUALAN] CASHIER FORM : SUBTOTAL [0]
[ADMIN] [4/10/2017 01:43] [PENJUALAN] CASHIER FORM : cashierDataGridView_CellValueChanged, subtotal value [0]
[ADMIN] [4/10/2017 01:43] [PENJUALAN] CASHIER FORM : cashierDataGridView_CellValueChanged, attempt to calculate total value
[ADMIN] [4/10/2017 01:43] [PENJUALAN] CASHIER FORM : calculateTotal
[ADMIN] [4/10/2017 01:43] [PENJUALAN] CASHIER FORM : calculateTotal [0]
[ADMIN] [4/10/2017 01:43] [PENJUALAN] CASHIER FORM : calculateTotal, totalAfterDisc [0]
[ADMIN] [4/10/2017 01:43] [PENJUALAN] CASHIER FORM : calculateChangeValue, bayarTextBox.Text [0]
[ADMIN] [4/10/2017 01:43] [PENJUALAN] CASHIER FORM : calculateChangeValue, sisaBayar [0]
[ADMIN] [4/10/2017 01:43] [PENJUALAN] CASHIER FORM : cashierDataGridView_CellValueChanged [qty]
[ADMIN] [4/10/2017 01:43] [PENJUALAN] CASHIER FORM : cashierDataGridView_CellValueChanged, previousInput [0]
[ADMIN] [4/10/2017 01:43] [PENJUALAN] CASHIER FORM : cashierDataGridView_CellValueChanged [jumlah]
[ADMIN] [4/10/2017 01:43] [PENJUALAN] CASHIER FORM : calculateTotal
[ADMIN] [4/10/2017 01:43] [PENJUALAN] CASHIER FORM : calculateTotal [0]
[ADMIN] [4/10/2017 01:43] [PENJUALAN] CASHIER FORM : calculateTotal, totalAfterDisc [0]
[ADMIN] [4/10/2017 01:43] [PENJUALAN] CASHIER FORM : calculateChangeValue, bayarTextBox.Text [0]
[ADMIN] [4/10/2017 01:43] [PENJUALAN] CASHIER FORM : calculateChangeValue, sisaBayar [0]
[ADMIN] [4/10/2017 01:43] [PENJUALAN] CASHIER FORM : CHECK STOCK QTY IS ENOUGH [ALPO-P1]
[ADMIN] [4/10/2017 01:43] [PENJUALAN] CASHIER FORM : CHECK STOCK QTY IS ENOUGH [220, 1]
[ADMIN] [4/10/2017 01:43] [PENJUALAN] CASHIER FORM : cashierDataGridView_CellValueChanged [qty]
[ADMIN] [4/10/2017 01:43] [PENJUALAN] CASHIER FORM : cashierDataGridView_CellValueChanged, previousInput [0]
[ADMIN] [4/10/2017 01:43] [PENJUALAN] CASHIER FORM : cashierDataGridView_CellValueChanged, cellValue [1]
[ADMIN] [4/10/2017 01:43] [PENJUALAN] CASHIER FORM : cashierDataGridView_CellValueChanged, dataGridViewTextBoxEditingControl.Text pass REGEX Checking
[ADMIN] [4/10/2017 01:43] [PENJUALAN] CASHIER FORM : CHECK STOCK QTY IS ENOUGH [ALPO-P1]
[ADMIN] [4/10/2017 01:43] [PENJUALAN] CASHIER FORM : CHECK STOCK QTY IS ENOUGH [220, 1]
[ADMIN] [4/10/2017 01:43] [PENJUALAN] CASHIER FORM : CALCULATE SUBTOTAL
[ADMIN] [4/10/2017 01:43] [PENJUALAN] CASHIER FORM : SUBTOTAL [35000]
[ADMIN] [4/10/2017 01:43] [PENJUALAN] CASHIER FORM : cashierDataGridView_CellValueChanged, subtotal value [35000]
[ADMIN] [4/10/2017 01:43] [PENJUALAN] CASHIER FORM : cashierDataGridView_CellValueChanged, attempt to calculate total value
[ADMIN] [4/10/2017 01:43] [PENJUALAN] CASHIER FORM : calculateTotal
[ADMIN] [4/10/2017 01:43] [PENJUALAN] CASHIER FORM : calculateTotal [35000]
[ADMIN] [4/10/2017 01:43] [PENJUALAN] CASHIER FORM : calculateTotal, totalAfterDisc [35000]
[ADMIN] [4/10/2017 01:43] [PENJUALAN] CASHIER FORM : calculateChangeValue, bayarTextBox.Text [0]
[ADMIN] [4/10/2017 01:43] [PENJUALAN] CASHIER FORM : calculateChangeValue, sisaBayar [0]
[ADMIN] [4/10/2017 01:43] [PENJUALAN] CASHIER FORM : SET QTY TO 1 BECAUSE OF NEW ROW
[ADMIN] [4/10/2017 01:43] [PENJUALAN] CASHIER FORM : CALCULATE SUBTOTAL
[ADMIN] [4/10/2017 01:43] [PENJUALAN] CASHIER FORM : SUBTOTAL [35000]
[ADMIN] [4/10/2017 01:43] [PENJUALAN] CASHIER FORM : calculateTotal
[ADMIN] [4/10/2017 01:43] [PENJUALAN] CASHIER FORM : calculateTotal [35000]
[ADMIN] [4/10/2017 01:43] [PENJUALAN] CASHIER FORM : calculateTotal, totalAfterDisc [35000]
[ADMIN] [4/10/2017 01:43] [PENJUALAN] CASHIER FORM : calculateChangeValue, bayarTextBox.Text [0]
[ADMIN] [4/10/2017 01:43] [PENJUALAN] CASHIER FORM : calculateChangeValue, sisaBayar [0]
[ADMIN] [4/10/2017 01:43] [PENJUALAN] CASHIER FORM : UPDATE ROW NUMBER, TOTAL ROW [2]
[ADMIN] [4/10/2017 01:43] [PENJUALAN] CASHIER FORM : cashierDataGridView_CellValueChanged [F8]
[ADMIN] [4/10/2017 01:43] [PENJUALAN] CASHIER FORM : REGISTER HOTKEY
[ADMIN] [4/10/2017 01:43] [PENJUALAN] CASHIER FORM : Combobox_KeyUp, cashierDataGridView.CurrentCell.OwningColumn.Name  [qty]
[ADMIN] [4/10/2017 01:43] [PENJUALAN] CASHIER FORM : UNREGISTER HOTKEY
[ADMIN] [4/10/2017 01:43] [PENJUALAN] CASHIER FORM : UNREGISTER HOTKEY
[ADMIN] [4/10/2017 01:43] [] USER ID = 1LOGOUT
