[] [6/8/2017 02:08] [] USER = ADMIN IS ACTIVE
[ADMIN] [6/8/2017 02:08] [] USER ID = 1 LOGIN SUCCESSFULLY
[ADMIN] [6/8/2017 02:08] [] ACTIVATE USER ACCESS RIGHT
[ADMIN] [6/8/2017 02:08] [] DISPLAY ADMIN FORM
[ADMIN] [6/8/2017 02:08] [] adminForm Load
[ADMIN] [6/8/2017 02:08] [] ACTIVATE USER ACCESS RIGHT
[ADMIN] [6/8/2017 02:08] [PENJUALAN] CASHIER FORM : MULTIPLE CASHIER INSTANCE [1]
[ADMIN] [6/8/2017 02:08] [PENJUALAN] CASHIER FORM : REGISTER HOTKEY
[ADMIN] [6/8/2017 02:08] [PENJUALAN] CASHIER FORM : cashierForm_Load, ATTEMPT TO LOAD NO FAKTUR
[ADMIN] [6/8/2017 02:08] [PENJUALAN] CASHIER FORM : loadNoFaktur, noFakturValue [SLO001]
[ADMIN] [6/8/2017 02:08] [PENJUALAN] CASHIER FORM : cashierForm_Load, ATTEMPT TO addColumnToDataGrid
[ADMIN] [6/8/2017 02:08] [PENJUALAN] CASHIER FORM : UPDATE ROW NUMBER, TOTAL ROW [1]
[ADMIN] [6/8/2017 02:08] [PENJUALAN] CASHIER FORM : REGISTER HOTKEY
[ADMIN] [6/8/2017 02:08] [PENJUALAN] CASHIER FORM : Combobox_KeyUp, cashierDataGridView.CurrentCell.OwningColumn.Name  [productID]
[ADMIN] [6/8/2017 02:08] [PENJUALAN] CASHIER FORM : HOTKEY TO OPEN PRODUK SEARCH FORM PRESSED
[ADMIN] [6/8/2017 02:08] [PENJUALAN] CASHIER FORM : UNREGISTER HOTKEY
[ADMIN] [6/8/2017 02:08] [PENJUALAN] CASHIER FORM : ADD NEW ROW FROM BARCODE [BETTER ADLT DOG 1 KG]
[ADMIN] [6/8/2017 02:08] [PENJUALAN] CASHIER FORM : REGISTER HOTKEY
[ADMIN] [6/8/2017 02:08] [PENJUALAN] CASHIER FORM : ADD NEW ROW,  isActive [False]
[ADMIN] [6/8/2017 02:08] [PENJUALAN] CASHIER FORM : ADD NEW ROW,  ROW COUNT [0]
[ADMIN] [6/8/2017 02:08] [PENJUALAN] CASHIER FORM : ADD NEW ROW,  ALLOW TO ADD [True]
[ADMIN] [6/8/2017 02:08] [PENJUALAN] CASHIER FORM : UPDATE ROW NUMBER, TOTAL ROW [1]
[ADMIN] [6/8/2017 02:08] [PENJUALAN] CASHIER FORM : cashierDataGridView_CellValueChanged [F8]
[ADMIN] [6/8/2017 02:08] [PENJUALAN] CASHIER FORM : cashierDataGridView_CellValueChanged [hpp]
[ADMIN] [6/8/2017 02:08] [PENJUALAN] CASHIER FORM : cashierDataGridView_CellValueChanged [productPrice]
[ADMIN] [6/8/2017 02:08] [PENJUALAN] CASHIER FORM : cashierDataGridView_CellValueChanged, previousInput [0]
[ADMIN] [6/8/2017 02:08] [PENJUALAN] CASHIER FORM : cashierDataGridView_CellValueChanged [qty]
[ADMIN] [6/8/2017 02:08] [PENJUALAN] CASHIER FORM : cashierDataGridView_CellValueChanged, previousInput [0]
[ADMIN] [6/8/2017 02:08] [PENJUALAN] CASHIER FORM : cashierDataGridView_CellValueChanged [jumlah]
[ADMIN] [6/8/2017 02:08] [PENJUALAN] CASHIER FORM : NEW ROW ADDED [0]
[ADMIN] [6/8/2017 02:08] [PENJUALAN] CASHIER FORM : updateSomeRowContents
[ADMIN] [6/8/2017 02:08] [PENJUALAN] CASHIER FORM : cashierDataGridView_CellValueChanged [productID]
[ADMIN] [6/8/2017 02:08] [PENJUALAN] CASHIER FORM : cashierDataGridView_CellValueChanged [productName]
[ADMIN] [6/8/2017 02:08] [PENJUALAN] CASHIER FORM : updateSomeRowContents
[ADMIN] [6/8/2017 02:08] [PENJUALAN] CASHIER FORM : PRODUCT PRICE TYPE [PRODUCT_BASE_PRICE]
[ADMIN] [6/8/2017 02:08] [PENJUALAN] CASHIER FORM : PRODUCT PRICE [13670]
[ADMIN] [6/8/2017 02:08] [PENJUALAN] CASHIER FORM : ComboBox_SelectedIndexChanged, PRODUCT_BASE_PRICE [13670]
[ADMIN] [6/8/2017 02:08] [PENJUALAN] CASHIER FORM : cashierDataGridView_CellValueChanged [hpp]
[ADMIN] [6/8/2017 02:08] [PENJUALAN] CASHIER FORM : PRODUCT PRICE TYPE [PRODUCT_RETAIL_PRICE]
[ADMIN] [6/8/2017 02:08] [PENJUALAN] CASHIER FORM : PRODUCT PRICE [22000]
[ADMIN] [6/8/2017 02:08] [PENJUALAN] CASHIER FORM : ComboBox_SelectedIndexChanged, PRODUCT_SALES_PRICE [22000]
[ADMIN] [6/8/2017 02:08] [PENJUALAN] CASHIER FORM : cashierDataGridView_CellValueChanged [productPrice]
[ADMIN] [6/8/2017 02:08] [PENJUALAN] CASHIER FORM : cashierDataGridView_CellValueChanged, previousInput [0]
[ADMIN] [6/8/2017 02:08] [PENJUALAN] CASHIER FORM : cashierDataGridView_CellValueChanged, cellValue [22000]
[ADMIN] [6/8/2017 02:08] [PENJUALAN] CASHIER FORM : cashierDataGridView_CellValueChanged, dataGridViewTextBoxEditingControl.Text pass REGEX Checking
[ADMIN] [6/8/2017 02:08] [PENJUALAN] CASHIER FORM : CALCULATE SUBTOTAL
[ADMIN] [6/8/2017 02:08] [PENJUALAN] CASHIER FORM : SUBTOTAL [0]
[ADMIN] [6/8/2017 02:08] [PENJUALAN] CASHIER FORM : cashierDataGridView_CellValueChanged, subtotal value [0]
[ADMIN] [6/8/2017 02:08] [PENJUALAN] CASHIER FORM : cashierDataGridView_CellValueChanged, attempt to calculate total value
[ADMIN] [6/8/2017 02:08] [PENJUALAN] CASHIER FORM : calculateTotal
[ADMIN] [6/8/2017 02:08] [PENJUALAN] CASHIER FORM : calculateTotal [0]
[ADMIN] [6/8/2017 02:08] [PENJUALAN] CASHIER FORM : calculateTotal, totalAfterDisc [0]
[ADMIN] [6/8/2017 02:08] [PENJUALAN] CASHIER FORM : calculateChangeValue, bayarTextBox.Text [0]
[ADMIN] [6/8/2017 02:08] [PENJUALAN] CASHIER FORM : calculateChangeValue, sisaBayar [0]
[ADMIN] [6/8/2017 02:08] [PENJUALAN] CASHIER FORM : cashierDataGridView_CellValueChanged [qty]
[ADMIN] [6/8/2017 02:08] [PENJUALAN] CASHIER FORM : cashierDataGridView_CellValueChanged, previousInput [0]
[ADMIN] [6/8/2017 02:08] [PENJUALAN] CASHIER FORM : cashierDataGridView_CellValueChanged [jumlah]
[ADMIN] [6/8/2017 02:08] [PENJUALAN] CASHIER FORM : calculateTotal
[ADMIN] [6/8/2017 02:08] [PENJUALAN] CASHIER FORM : calculateTotal [0]
[ADMIN] [6/8/2017 02:08] [PENJUALAN] CASHIER FORM : calculateTotal, totalAfterDisc [0]
[ADMIN] [6/8/2017 02:08] [PENJUALAN] CASHIER FORM : calculateChangeValue, bayarTextBox.Text [0]
[ADMIN] [6/8/2017 02:08] [PENJUALAN] CASHIER FORM : calculateChangeValue, sisaBayar [0]
[ADMIN] [6/8/2017 02:08] [PENJUALAN] CASHIER FORM : CHECK STOCK QTY IS ENOUGH [BETTER-AD1]
[ADMIN] [6/8/2017 02:08] [PENJUALAN] CASHIER FORM : CHECK STOCK QTY IS ENOUGH [11, 1]
[ADMIN] [6/8/2017 02:08] [PENJUALAN] CASHIER FORM : cashierDataGridView_CellValueChanged [qty]
[ADMIN] [6/8/2017 02:08] [PENJUALAN] CASHIER FORM : cashierDataGridView_CellValueChanged, previousInput [0]
[ADMIN] [6/8/2017 02:08] [PENJUALAN] CASHIER FORM : cashierDataGridView_CellValueChanged, cellValue [1]
[ADMIN] [6/8/2017 02:08] [PENJUALAN] CASHIER FORM : cashierDataGridView_CellValueChanged, dataGridViewTextBoxEditingControl.Text pass REGEX Checking
[ADMIN] [6/8/2017 02:08] [PENJUALAN] CASHIER FORM : CHECK STOCK QTY IS ENOUGH [BETTER-AD1]
[ADMIN] [6/8/2017 02:08] [PENJUALAN] CASHIER FORM : CHECK STOCK QTY IS ENOUGH [11, 1]
[ADMIN] [6/8/2017 02:08] [PENJUALAN] CASHIER FORM : CALCULATE SUBTOTAL
[ADMIN] [6/8/2017 02:08] [PENJUALAN] CASHIER FORM : SUBTOTAL [22000]
[ADMIN] [6/8/2017 02:08] [PENJUALAN] CASHIER FORM : cashierDataGridView_CellValueChanged, subtotal value [22000]
[ADMIN] [6/8/2017 02:08] [PENJUALAN] CASHIER FORM : cashierDataGridView_CellValueChanged, attempt to calculate total value
[ADMIN] [6/8/2017 02:08] [PENJUALAN] CASHIER FORM : calculateTotal
[ADMIN] [6/8/2017 02:08] [PENJUALAN] CASHIER FORM : calculateTotal [22000]
[ADMIN] [6/8/2017 02:08] [PENJUALAN] CASHIER FORM : calculateTotal, totalAfterDisc [22000]
[ADMIN] [6/8/2017 02:08] [PENJUALAN] CASHIER FORM : calculateChangeValue, bayarTextBox.Text [0]
[ADMIN] [6/8/2017 02:08] [PENJUALAN] CASHIER FORM : calculateChangeValue, sisaBayar [0]
[ADMIN] [6/8/2017 02:08] [PENJUALAN] CASHIER FORM : SET QTY TO 1 BECAUSE OF NEW ROW
[ADMIN] [6/8/2017 02:08] [PENJUALAN] CASHIER FORM : CALCULATE SUBTOTAL
[ADMIN] [6/8/2017 02:08] [PENJUALAN] CASHIER FORM : SUBTOTAL [22000]
[ADMIN] [6/8/2017 02:08] [PENJUALAN] CASHIER FORM : calculateTotal
[ADMIN] [6/8/2017 02:08] [PENJUALAN] CASHIER FORM : calculateTotal [22000]
[ADMIN] [6/8/2017 02:08] [PENJUALAN] CASHIER FORM : calculateTotal, totalAfterDisc [22000]
[ADMIN] [6/8/2017 02:08] [PENJUALAN] CASHIER FORM : calculateChangeValue, bayarTextBox.Text [0]
[ADMIN] [6/8/2017 02:08] [PENJUALAN] CASHIER FORM : calculateChangeValue, sisaBayar [0]
[ADMIN] [6/8/2017 02:08] [PENJUALAN] CASHIER FORM : UPDATE ROW NUMBER, TOTAL ROW [2]
[ADMIN] [6/8/2017 02:08] [PENJUALAN] CASHIER FORM : cashierDataGridView_CellValueChanged [F8]
[ADMIN] [6/8/2017 02:08] [PENJUALAN] CASHIER FORM : cashierDataGridView_CellValueChanged [qty]
[ADMIN] [6/8/2017 02:08] [PENJUALAN] CASHIER FORM : cashierDataGridView_CellValueChanged, previousInput [1]
[ADMIN] [6/8/2017 02:08] [PENJUALAN] CASHIER FORM : cashierDataGridView_CellValueChanged, dataGridViewTextBoxEditingControl.Text pass REGEX Checking
[ADMIN] [6/8/2017 02:08] [PENJUALAN] CASHIER FORM : CHECK STOCK QTY IS ENOUGH [BETTER-AD1]
[ADMIN] [6/8/2017 02:08] [PENJUALAN] CASHIER FORM : CHECK STOCK QTY IS ENOUGH [11, 15]
[ADMIN] [6/8/2017 02:08] [PENJUALAN] CASHIER FORM : CALCULATE SUBTOTAL
[ADMIN] [6/8/2017 02:08] [PENJUALAN] CASHIER FORM : SUBTOTAL [22000]
[ADMIN] [6/8/2017 02:08] [PENJUALAN] CASHIER FORM : cashierDataGridView_CellValueChanged, subtotal value [22000]
[ADMIN] [6/8/2017 02:08] [PENJUALAN] CASHIER FORM : cashierDataGridView_CellValueChanged, attempt to calculate total value
[ADMIN] [6/8/2017 02:08] [PENJUALAN] CASHIER FORM : calculateTotal
[ADMIN] [6/8/2017 02:08] [PENJUALAN] CASHIER FORM : calculateTotal [22000]
[ADMIN] [6/8/2017 02:08] [PENJUALAN] CASHIER FORM : calculateTotal, totalAfterDisc [22000]
[ADMIN] [6/8/2017 02:08] [PENJUALAN] CASHIER FORM : calculateChangeValue, bayarTextBox.Text [0]
[ADMIN] [6/8/2017 02:08] [PENJUALAN] CASHIER FORM : calculateChangeValue, sisaBayar [0]
[ADMIN] [6/8/2017 02:08] [PENJUALAN] CASHIER FORM : Combobox_KeyUp, cashierDataGridView.CurrentCell.OwningColumn.Name  [qty]
[ADMIN] [6/8/2017 02:08] [PENJUALAN] CASHIER FORM : cashierDataGridView_CellValueChanged [qty]
[ADMIN] [6/8/2017 02:08] [PENJUALAN] CASHIER FORM : cashierDataGridView_CellValueChanged, previousInput [1]
[ADMIN] [6/8/2017 02:08] [PENJUALAN] CASHIER FORM : cashierDataGridView_CellValueChanged, dataGridViewTextBoxEditingControl.Text pass REGEX Checking
[ADMIN] [6/8/2017 02:08] [PENJUALAN] CASHIER FORM : CHECK STOCK QTY IS ENOUGH [BETTER-AD1]
[ADMIN] [6/8/2017 02:08] [PENJUALAN] CASHIER FORM : CHECK STOCK QTY IS ENOUGH [11, 12]
[ADMIN] [6/8/2017 02:08] [PENJUALAN] CASHIER FORM : CALCULATE SUBTOTAL
[ADMIN] [6/8/2017 02:08] [PENJUALAN] CASHIER FORM : SUBTOTAL [22000]
[ADMIN] [6/8/2017 02:08] [PENJUALAN] CASHIER FORM : cashierDataGridView_CellValueChanged, subtotal value [22000]
[ADMIN] [6/8/2017 02:08] [PENJUALAN] CASHIER FORM : cashierDataGridView_CellValueChanged, attempt to calculate total value
[ADMIN] [6/8/2017 02:08] [PENJUALAN] CASHIER FORM : calculateTotal
[ADMIN] [6/8/2017 02:08] [PENJUALAN] CASHIER FORM : calculateTotal [22000]
[ADMIN] [6/8/2017 02:08] [PENJUALAN] CASHIER FORM : calculateTotal, totalAfterDisc [22000]
[ADMIN] [6/8/2017 02:08] [PENJUALAN] CASHIER FORM : calculateChangeValue, bayarTextBox.Text [0]
[ADMIN] [6/8/2017 02:08] [PENJUALAN] CASHIER FORM : calculateChangeValue, sisaBayar [0]
[ADMIN] [6/8/2017 02:08] [PENJUALAN] CASHIER FORM : Combobox_KeyUp, cashierDataGridView.CurrentCell.OwningColumn.Name  [qty]
[ADMIN] [6/8/2017 02:08] [PENJUALAN] CASHIER FORM : Combobox_KeyUp, cashierDataGridView.CurrentCell.OwningColumn.Name  [qty]
[ADMIN] [6/8/2017 02:08] [PENJUALAN] CASHIER FORM : Combobox_KeyUp, cashierDataGridView.CurrentCell.OwningColumn.Name  [qty]
[ADMIN] [6/8/2017 02:08] [PENJUALAN] CASHIER FORM : cashierDataGridView_CellValueChanged [qty]
[ADMIN] [6/8/2017 02:08] [PENJUALAN] CASHIER FORM : cashierDataGridView_CellValueChanged, previousInput [1]
[ADMIN] [6/8/2017 02:08] [PENJUALAN] CASHIER FORM : cashierDataGridView_CellValueChanged, dataGridViewTextBoxEditingControl.Text pass REGEX Checking
[ADMIN] [6/8/2017 02:08] [PENJUALAN] CASHIER FORM : CHECK STOCK QTY IS ENOUGH [BETTER-AD1]
[ADMIN] [6/8/2017 02:08] [PENJUALAN] CASHIER FORM : CHECK STOCK QTY IS ENOUGH [11, 10]
[ADMIN] [6/8/2017 02:08] [PENJUALAN] CASHIER FORM : CALCULATE SUBTOTAL
[ADMIN] [6/8/2017 02:08] [PENJUALAN] CASHIER FORM : SUBTOTAL [220000]
[ADMIN] [6/8/2017 02:08] [PENJUALAN] CASHIER FORM : cashierDataGridView_CellValueChanged, subtotal value [220000]
[ADMIN] [6/8/2017 02:08] [PENJUALAN] CASHIER FORM : cashierDataGridView_CellValueChanged, attempt to calculate total value
[ADMIN] [6/8/2017 02:08] [PENJUALAN] CASHIER FORM : calculateTotal
[ADMIN] [6/8/2017 02:08] [PENJUALAN] CASHIER FORM : calculateTotal [220000]
[ADMIN] [6/8/2017 02:08] [PENJUALAN] CASHIER FORM : calculateTotal, totalAfterDisc [220000]
[ADMIN] [6/8/2017 02:08] [PENJUALAN] CASHIER FORM : calculateChangeValue, bayarTextBox.Text [0]
[ADMIN] [6/8/2017 02:08] [PENJUALAN] CASHIER FORM : calculateChangeValue, sisaBayar [0]
[ADMIN] [6/8/2017 02:08] [PENJUALAN] CASHIER FORM : Combobox_KeyUp, cashierDataGridView.CurrentCell.OwningColumn.Name  [qty]
[ADMIN] [6/8/2017 02:08] [PENJUALAN] CASHIER FORM : Combobox_previewKeyDown, cashierDataGridView.CurrentCell.OwningColumn.Name  [productID]
[ADMIN] [6/8/2017 02:08] [PENJUALAN] CASHIER FORM : UPDATE ROW NUMBER, TOTAL ROW [3]
[ADMIN] [6/8/2017 02:08] [PENJUALAN] CASHIER FORM : cashierDataGridView_CellValueChanged [F8]
[ADMIN] [6/8/2017 02:08] [PENJUALAN] CASHIER FORM : cashierDataGridView_CellValueChanged [productID]
[ADMIN] [6/8/2017 02:08] [PENJUALAN] CASHIER FORM : Combobox_KeyUp, cashierDataGridView.CurrentCell.OwningColumn.Name  [productID]
[ADMIN] [6/8/2017 02:08] [PENJUALAN] CASHIER FORM : Combobox_KeyUp, cashierDataGridView.CurrentCell.OwningColumn.Name  [productID]
[ADMIN] [6/8/2017 02:08] [PENJUALAN] CASHIER FORM : Combobox_previewKeyDown, cashierDataGridView.CurrentCell.OwningColumn.Name  [productID]
[ADMIN] [6/8/2017 02:08] [PENJUALAN] CASHIER FORM : cashierDataGridView_CellValueChanged [productID]
[ADMIN] [6/8/2017 02:08] [PENJUALAN] CASHIER FORM : Combobox_KeyUp, cashierDataGridView.CurrentCell.OwningColumn.Name  [productID]
[ADMIN] [6/8/2017 02:08] [PENJUALAN] CASHIER FORM : Combobox_KeyUp, cashierDataGridView.CurrentCell.OwningColumn.Name  [productID]
[ADMIN] [6/8/2017 02:08] [PENJUALAN] CASHIER FORM : Combobox_previewKeyDown, cashierDataGridView.CurrentCell.OwningColumn.Name  [productID]
[ADMIN] [6/8/2017 02:08] [PENJUALAN] CASHIER FORM : cashierDataGridView_CellValueChanged [productID]
[ADMIN] [6/8/2017 02:08] [PENJUALAN] CASHIER FORM : Combobox_KeyUp, cashierDataGridView.CurrentCell.OwningColumn.Name  [productID]
[ADMIN] [6/8/2017 02:08] [PENJUALAN] CASHIER FORM : Combobox_KeyUp, cashierDataGridView.CurrentCell.OwningColumn.Name  [productID]
[ADMIN] [6/8/2017 02:08] [PENJUALAN] CASHIER FORM : Combobox_previewKeyDown, cashierDataGridView.CurrentCell.OwningColumn.Name  [productID]
[ADMIN] [6/8/2017 02:08] [PENJUALAN] CASHIER FORM : cashierDataGridView_CellValueChanged [productID]
[ADMIN] [6/8/2017 02:08] [PENJUALAN] CASHIER FORM : Combobox_KeyUp, cashierDataGridView.CurrentCell.OwningColumn.Name  [productID]
[ADMIN] [6/8/2017 02:08] [PENJUALAN] CASHIER FORM : Combobox_KeyUp, cashierDataGridView.CurrentCell.OwningColumn.Name  [productID]
[ADMIN] [6/8/2017 02:08] [PENJUALAN] CASHIER FORM : Combobox_previewKeyDown, cashierDataGridView.CurrentCell.OwningColumn.Name  [productID]
[ADMIN] [6/8/2017 02:08] [PENJUALAN] CASHIER FORM : cashierDataGridView_CellValueChanged [productID]
[ADMIN] [6/8/2017 02:08] [PENJUALAN] CASHIER FORM : Combobox_previewKeyDown, cashierDataGridView.CurrentCell.OwningColumn.Name  [productID]
[ADMIN] [6/8/2017 02:08] [PENJUALAN] CASHIER FORM : cashierDataGridView_CellValueChanged [productID]
[ADMIN] [6/8/2017 02:08] [PENJUALAN] CASHIER FORM : Combobox_KeyUp, cashierDataGridView.CurrentCell.OwningColumn.Name  [productID]
[ADMIN] [6/8/2017 02:08] [PENJUALAN] CASHIER FORM : Combobox_KeyUp, cashierDataGridView.CurrentCell.OwningColumn.Name  [productID]
[ADMIN] [6/8/2017 02:08] [PENJUALAN] CASHIER FORM : Combobox_KeyUp, cashierDataGridView.CurrentCell.OwningColumn.Name  [productID]
[ADMIN] [6/8/2017 02:08] [PENJUALAN] CASHIER FORM : Combobox_KeyUp, cashierDataGridView.CurrentCell.OwningColumn.Name  [productID]
[ADMIN] [6/8/2017 02:08] [PENJUALAN] CASHIER FORM : Combobox_previewKeyDown, cashierDataGridView.CurrentCell.OwningColumn.Name  [productID]
[ADMIN] [6/8/2017 02:08] [PENJUALAN] CASHIER FORM : cashierDataGridView_CellValueChanged [productID]
[ADMIN] [6/8/2017 02:08] [PENJUALAN] CASHIER FORM : Combobox_previewKeyDown, cashierDataGridView.CurrentCell.OwningColumn.Name  [productID]
[ADMIN] [6/8/2017 02:08] [PENJUALAN] CASHIER FORM : cashierDataGridView_CellValueChanged [productID]
[ADMIN] [6/8/2017 02:08] [PENJUALAN] CASHIER FORM : Combobox_KeyUp, cashierDataGridView.CurrentCell.OwningColumn.Name  [productID]
[ADMIN] [6/8/2017 02:08] [PENJUALAN] CASHIER FORM : Combobox_KeyUp, cashierDataGridView.CurrentCell.OwningColumn.Name  [productID]
[ADMIN] [6/8/2017 02:08] [PENJUALAN] CASHIER FORM : Combobox_KeyUp, cashierDataGridView.CurrentCell.OwningColumn.Name  [productID]
[ADMIN] [6/8/2017 02:08] [PENJUALAN] CASHIER FORM : Combobox_KeyUp, cashierDataGridView.CurrentCell.OwningColumn.Name  [productID]
[ADMIN] [6/8/2017 02:08] [PENJUALAN] CASHIER FORM : Combobox_previewKeyDown, cashierDataGridView.CurrentCell.OwningColumn.Name  [productID]
[ADMIN] [6/8/2017 02:08] [PENJUALAN] CASHIER FORM : cashierDataGridView_CellValueChanged [productID]
[ADMIN] [6/8/2017 02:08] [PENJUALAN] CASHIER FORM : Combobox_KeyUp, cashierDataGridView.CurrentCell.OwningColumn.Name  [productID]
[ADMIN] [6/8/2017 02:08] [PENJUALAN] CASHIER FORM : Combobox_KeyUp, cashierDataGridView.CurrentCell.OwningColumn.Name  [productID]
[ADMIN] [6/8/2017 02:08] [PENJUALAN] CASHIER FORM : Combobox_previewKeyDown, cashierDataGridView.CurrentCell.OwningColumn.Name  [productID]
[ADMIN] [6/8/2017 02:08] [PENJUALAN] CASHIER FORM : cashierDataGridView_CellValueChanged [productID]
[ADMIN] [6/8/2017 02:08] [PENJUALAN] CASHIER FORM : Combobox_KeyUp, cashierDataGridView.CurrentCell.OwningColumn.Name  [productID]
[ADMIN] [6/8/2017 02:08] [PENJUALAN] CASHIER FORM : Combobox_KeyUp, cashierDataGridView.CurrentCell.OwningColumn.Name  [productID]
[ADMIN] [6/8/2017 02:08] [PENJUALAN] CASHIER FORM : Combobox_previewKeyDown, cashierDataGridView.CurrentCell.OwningColumn.Name  [productID]
[ADMIN] [6/8/2017 02:08] [PENJUALAN] CASHIER FORM : ADD NEW ROW FROM BARCODE [BETTER ADLT DOG 1 KG]
[ADMIN] [6/8/2017 02:08] [PENJUALAN] CASHIER FORM : updateSomeRowContents
[ADMIN] [6/8/2017 02:08] [PENJUALAN] CASHIER FORM : cashierDataGridView_CellValueChanged [productName]
[ADMIN] [6/8/2017 02:08] [PENJUALAN] CASHIER FORM : updateSomeRowContents
[ADMIN] [6/8/2017 02:08] [PENJUALAN] CASHIER FORM : PRODUCT PRICE TYPE [PRODUCT_BASE_PRICE]
[ADMIN] [6/8/2017 02:08] [PENJUALAN] CASHIER FORM : PRODUCT PRICE [13670]
[ADMIN] [6/8/2017 02:08] [PENJUALAN] CASHIER FORM : ComboBox_SelectedIndexChanged, PRODUCT_BASE_PRICE [13670]
[ADMIN] [6/8/2017 02:08] [PENJUALAN] CASHIER FORM : cashierDataGridView_CellValueChanged [hpp]
[ADMIN] [6/8/2017 02:08] [PENJUALAN] CASHIER FORM : PRODUCT PRICE TYPE [PRODUCT_RETAIL_PRICE]
[ADMIN] [6/8/2017 02:08] [PENJUALAN] CASHIER FORM : PRODUCT PRICE [22000]
[ADMIN] [6/8/2017 02:08] [PENJUALAN] CASHIER FORM : ComboBox_SelectedIndexChanged, PRODUCT_SALES_PRICE [22000]
[ADMIN] [6/8/2017 02:08] [PENJUALAN] CASHIER FORM : cashierDataGridView_CellValueChanged [productPrice]
[ADMIN] [6/8/2017 02:08] [PENJUALAN] CASHIER FORM : cashierDataGridView_CellValueChanged, previousInput [0]
[ADMIN] [6/8/2017 02:08] [PENJUALAN] CASHIER FORM : cashierDataGridView_CellValueChanged, cellValue [22000]
[ADMIN] [6/8/2017 02:08] [PENJUALAN] CASHIER FORM : cashierDataGridView_CellValueChanged, dataGridViewTextBoxEditingControl.Text pass REGEX Checking
[ADMIN] [6/8/2017 02:08] [PENJUALAN] CASHIER FORM : CALCULATE SUBTOTAL
[ADMIN] [6/8/2017 02:08] [PENJUALAN] CASHIER FORM : SUBTOTAL [0]
[ADMIN] [6/8/2017 02:08] [PENJUALAN] CASHIER FORM : cashierDataGridView_CellValueChanged, subtotal value [0]
[ADMIN] [6/8/2017 02:08] [PENJUALAN] CASHIER FORM : cashierDataGridView_CellValueChanged, attempt to calculate total value
[ADMIN] [6/8/2017 02:08] [PENJUALAN] CASHIER FORM : calculateTotal
[ADMIN] [6/8/2017 02:08] [PENJUALAN] CASHIER FORM : calculateTotal [220000]
[ADMIN] [6/8/2017 02:08] [PENJUALAN] CASHIER FORM : calculateTotal, totalAfterDisc [220000]
[ADMIN] [6/8/2017 02:08] [PENJUALAN] CASHIER FORM : calculateChangeValue, bayarTextBox.Text [0]
[ADMIN] [6/8/2017 02:08] [PENJUALAN] CASHIER FORM : calculateChangeValue, sisaBayar [0]
[ADMIN] [6/8/2017 02:08] [PENJUALAN] CASHIER FORM : cashierDataGridView_CellValueChanged [qty]
[ADMIN] [6/8/2017 02:08] [PENJUALAN] CASHIER FORM : cashierDataGridView_CellValueChanged, previousInput [0]
[ADMIN] [6/8/2017 02:08] [PENJUALAN] CASHIER FORM : cashierDataGridView_CellValueChanged [jumlah]
[ADMIN] [6/8/2017 02:08] [PENJUALAN] CASHIER FORM : calculateTotal
[ADMIN] [6/8/2017 02:08] [PENJUALAN] CASHIER FORM : calculateTotal [220000]
[ADMIN] [6/8/2017 02:08] [PENJUALAN] CASHIER FORM : calculateTotal, totalAfterDisc [220000]
[ADMIN] [6/8/2017 02:08] [PENJUALAN] CASHIER FORM : calculateChangeValue, bayarTextBox.Text [0]
[ADMIN] [6/8/2017 02:08] [PENJUALAN] CASHIER FORM : calculateChangeValue, sisaBayar [0]
[ADMIN] [6/8/2017 02:08] [PENJUALAN] CASHIER FORM : CHECK STOCK QTY IS ENOUGH [BETTER-AD1]
[ADMIN] [6/8/2017 02:08] [PENJUALAN] CASHIER FORM : CHECK STOCK QTY IS ENOUGH [11, 1]
[ADMIN] [6/8/2017 02:08] [PENJUALAN] CASHIER FORM : cashierDataGridView_CellValueChanged [qty]
[ADMIN] [6/8/2017 02:08] [PENJUALAN] CASHIER FORM : cashierDataGridView_CellValueChanged, previousInput [0]
[ADMIN] [6/8/2017 02:08] [PENJUALAN] CASHIER FORM : cashierDataGridView_CellValueChanged, cellValue [1]
[ADMIN] [6/8/2017 02:08] [PENJUALAN] CASHIER FORM : cashierDataGridView_CellValueChanged, dataGridViewTextBoxEditingControl.Text pass REGEX Checking
[ADMIN] [6/8/2017 02:08] [PENJUALAN] CASHIER FORM : CHECK STOCK QTY IS ENOUGH [BETTER-AD1]
[ADMIN] [6/8/2017 02:08] [PENJUALAN] CASHIER FORM : CHECK STOCK QTY IS ENOUGH [11, 1]
[ADMIN] [6/8/2017 02:08] [PENJUALAN] CASHIER FORM : CALCULATE SUBTOTAL
[ADMIN] [6/8/2017 02:08] [PENJUALAN] CASHIER FORM : SUBTOTAL [22000]
[ADMIN] [6/8/2017 02:08] [PENJUALAN] CASHIER FORM : cashierDataGridView_CellValueChanged, subtotal value [22000]
[ADMIN] [6/8/2017 02:08] [PENJUALAN] CASHIER FORM : cashierDataGridView_CellValueChanged, attempt to calculate total value
[ADMIN] [6/8/2017 02:08] [PENJUALAN] CASHIER FORM : calculateTotal
[ADMIN] [6/8/2017 02:08] [PENJUALAN] CASHIER FORM : calculateTotal [242000]
[ADMIN] [6/8/2017 02:08] [PENJUALAN] CASHIER FORM : calculateTotal, totalAfterDisc [242000]
[ADMIN] [6/8/2017 02:08] [PENJUALAN] CASHIER FORM : calculateChangeValue, bayarTextBox.Text [0]
[ADMIN] [6/8/2017 02:08] [PENJUALAN] CASHIER FORM : calculateChangeValue, sisaBayar [0]
[ADMIN] [6/8/2017 02:08] [PENJUALAN] CASHIER FORM : SET QTY TO 1 BECAUSE OF NEW ROW
[ADMIN] [6/8/2017 02:08] [PENJUALAN] CASHIER FORM : CALCULATE SUBTOTAL
[ADMIN] [6/8/2017 02:08] [PENJUALAN] CASHIER FORM : SUBTOTAL [22000]
[ADMIN] [6/8/2017 02:08] [PENJUALAN] CASHIER FORM : calculateTotal
[ADMIN] [6/8/2017 02:08] [PENJUALAN] CASHIER FORM : calculateTotal [242000]
[ADMIN] [6/8/2017 02:08] [PENJUALAN] CASHIER FORM : calculateTotal, totalAfterDisc [242000]
[ADMIN] [6/8/2017 02:08] [PENJUALAN] CASHIER FORM : calculateChangeValue, bayarTextBox.Text [0]
[ADMIN] [6/8/2017 02:08] [PENJUALAN] CASHIER FORM : calculateChangeValue, sisaBayar [0]
[ADMIN] [6/8/2017 02:08] [PENJUALAN] CASHIER FORM : UPDATE ROW NUMBER, TOTAL ROW [3]
[ADMIN] [6/8/2017 02:08] [PENJUALAN] CASHIER FORM : cashierDataGridView_CellValueChanged [F8]
[ADMIN] [6/8/2017 02:08] [PENJUALAN] CASHIER FORM : Combobox_KeyUp, cashierDataGridView.CurrentCell.OwningColumn.Name  [qty]
[ADMIN] [6/8/2017 02:08] [PENJUALAN] CASHIER FORM : Combobox_KeyUp, cashierDataGridView.CurrentCell.OwningColumn.Name  [qty]
[ADMIN] [6/8/2017 02:09] [PENJUALAN] CASHIER FORM : cashierDataGridView_CellValueChanged [qty]
[ADMIN] [6/8/2017 02:09] [PENJUALAN] CASHIER FORM : cashierDataGridView_CellValueChanged, previousInput [1]
[ADMIN] [6/8/2017 02:09] [PENJUALAN] CASHIER FORM : Combobox_KeyUp, cashierDataGridView.CurrentCell.OwningColumn.Name  [qty]
[ADMIN] [6/8/2017 02:09] [PENJUALAN] CASHIER FORM : Combobox_KeyUp, cashierDataGridView.CurrentCell.OwningColumn.Name  [qty]
[ADMIN] [6/8/2017 02:09] [PENJUALAN] CASHIER FORM : cashierDataGridView_CellValueChanged [qty]
[ADMIN] [6/8/2017 02:09] [PENJUALAN] CASHIER FORM : cashierDataGridView_CellValueChanged, previousInput [1]
[ADMIN] [6/8/2017 02:09] [PENJUALAN] CASHIER FORM : cashierDataGridView_CellValueChanged, dataGridViewTextBoxEditingControl.Text pass REGEX Checking
[ADMIN] [6/8/2017 02:09] [PENJUALAN] CASHIER FORM : CHECK STOCK QTY IS ENOUGH [BETTER-AD1]
[ADMIN] [6/8/2017 02:09] [PENJUALAN] CASHIER FORM : CHECK STOCK QTY IS ENOUGH [11, 10]
[ADMIN] [6/8/2017 02:09] [PENJUALAN] CASHIER FORM : CALCULATE SUBTOTAL
[ADMIN] [6/8/2017 02:09] [PENJUALAN] CASHIER FORM : SUBTOTAL [220000]
[ADMIN] [6/8/2017 02:09] [PENJUALAN] CASHIER FORM : cashierDataGridView_CellValueChanged, subtotal value [220000]
[ADMIN] [6/8/2017 02:09] [PENJUALAN] CASHIER FORM : cashierDataGridView_CellValueChanged, attempt to calculate total value
[ADMIN] [6/8/2017 02:09] [PENJUALAN] CASHIER FORM : calculateTotal
[ADMIN] [6/8/2017 02:09] [PENJUALAN] CASHIER FORM : calculateTotal [440000]
[ADMIN] [6/8/2017 02:09] [PENJUALAN] CASHIER FORM : calculateTotal, totalAfterDisc [440000]
[ADMIN] [6/8/2017 02:09] [PENJUALAN] CASHIER FORM : calculateChangeValue, bayarTextBox.Text [0]
[ADMIN] [6/8/2017 02:09] [PENJUALAN] CASHIER FORM : calculateChangeValue, sisaBayar [0]
[ADMIN] [6/8/2017 02:09] [PENJUALAN] CASHIER FORM : Combobox_KeyUp, cashierDataGridView.CurrentCell.OwningColumn.Name  [qty]
[ADMIN] [6/8/2017 02:09] [PENJUALAN] CASHIER FORM : Combobox_KeyUp, cashierDataGridView.CurrentCell.OwningColumn.Name  [qty]
[ADMIN] [6/8/2017 02:09] [PENJUALAN] CASHIER FORM : calculateChangeValue, bayarTextBox.Text [5]
[ADMIN] [6/8/2017 02:09] [PENJUALAN] CASHIER FORM : calculateChangeValue, sisaBayar [0]
[ADMIN] [6/8/2017 02:09] [PENJUALAN] CASHIER FORM : calculateChangeValue, bayarTextBox.Text [50]
[ADMIN] [6/8/2017 02:09] [PENJUALAN] CASHIER FORM : calculateChangeValue, sisaBayar [0]
[ADMIN] [6/8/2017 02:09] [PENJUALAN] CASHIER FORM : calculateChangeValue, bayarTextBox.Text [500]
[ADMIN] [6/8/2017 02:09] [PENJUALAN] CASHIER FORM : calculateChangeValue, sisaBayar [0]
[ADMIN] [6/8/2017 02:09] [PENJUALAN] CASHIER FORM : calculateChangeValue, bayarTextBox.Text [5000]
[ADMIN] [6/8/2017 02:09] [PENJUALAN] CASHIER FORM : calculateChangeValue, sisaBayar [0]
[ADMIN] [6/8/2017 02:09] [PENJUALAN] CASHIER FORM : calculateChangeValue, bayarTextBox.Text [50000]
[ADMIN] [6/8/2017 02:09] [PENJUALAN] CASHIER FORM : calculateChangeValue, sisaBayar [0]
[ADMIN] [6/8/2017 02:09] [PENJUALAN] CASHIER FORM : calculateChangeValue, bayarTextBox.Text [500000]
[ADMIN] [6/8/2017 02:09] [PENJUALAN] CASHIER FORM : calculateChangeValue, sisaBayar [60000]
[ADMIN] [6/8/2017 02:09] [PENJUALAN] CASHIER FORM : HOTKEY TO SAVE AND PRINT OUT INVOICE PRESSED
[ADMIN] [6/8/2017 02:09] [PENJUALAN] CASHIER FORM : UNREGISTER HOTKEY
[ADMIN] [6/8/2017 02:09] [PENJUALAN] CASHIER FORM : REGISTER HOTKEY
[ADMIN] [6/8/2017 02:09] [PENJUALAN] ATTEMPT TO SAVE AND PRINT OUT INVOICE
[ADMIN] [6/8/2017 02:09] [PENJUALAN] CASHIER FORM : UNREGISTER HOTKEY
[ADMIN] [6/8/2017 02:09] [PENJUALAN] CASHIER FORM : REGISTER HOTKEY
[ADMIN] [6/8/2017 02:09] [PENJUALAN] CASHIER FORM : CHECK STOCK QTY IS ENOUGH [BETTER-AD1]
[ADMIN] [6/8/2017 02:09] [PENJUALAN] CASHIER FORM : CHECK STOCK QTY IS ENOUGH [11, 20]
[ADMIN] [6/8/2017 02:09] [PENJUALAN] CASHIER FORM : UNREGISTER HOTKEY
[ADMIN] [6/8/2017 02:09] [PENJUALAN] CASHIER FORM : REGISTER HOTKEY
[ADMIN] [6/8/2017 02:09] [PENJUALAN] CASHIER FORM : calculateChangeValue, bayarTextBox.Text [500000]
[ADMIN] [6/8/2017 02:09] [PENJUALAN] CASHIER FORM : calculateChangeValue, sisaBayar [60000]
[ADMIN] [6/8/2017 02:09] [PENJUALAN] CASHIER FORM : calculateChangeValue, bayarTextBox.Text [500000]
[ADMIN] [6/8/2017 02:09] [PENJUALAN] CASHIER FORM : calculateChangeValue, sisaBayar [60000]
[ADMIN] [6/8/2017 02:09] [PENJUALAN] CASHIER FORM : discJualMaskedTextBox_Validating, totalAfterDisc [440000]
[ADMIN] [6/8/2017 02:09] [PENJUALAN] CASHIER FORM : calculateChangeValue, bayarTextBox.Text [Rp500.000]
[ADMIN] [6/8/2017 02:09] [PENJUALAN] CASHIER FORM : calculateChangeValue, sisaBayar [60000]
[ADMIN] [6/8/2017 02:09] [PENJUALAN] CASHIER FORM : calculateChangeValue, bayarTextBox.Text [500000]
[ADMIN] [6/8/2017 02:09] [PENJUALAN] CASHIER FORM : calculateChangeValue, sisaBayar [60000]
[ADMIN] [6/8/2017 02:09] [PENJUALAN] CASHIER FORM : UNREGISTER HOTKEY
[ADMIN] [6/8/2017 02:09] [PENJUALAN] CASHIER FORM : REGISTER HOTKEY
[ADMIN] [6/8/2017 02:09] [PENJUALAN] CASHIER FORM : UPDATE ROW NUMBER, TOTAL ROW [1]
[ADMIN] [6/8/2017 02:09] [PENJUALAN] CASHIER FORM : UPDATE ROW NUMBER, TOTAL ROW [1]
[ADMIN] [6/8/2017 02:09] [PENJUALAN] CASHIER FORM : cashierDataGridView_CellValueChanged [F8]
[ADMIN] [6/8/2017 02:09] [PENJUALAN] CASHIER FORM : loadNoFaktur, noFakturValue [SLO001]
[ADMIN] [6/8/2017 02:09] [PENJUALAN] CASHIER FORM : calculateChangeValue, bayarTextBox.Text [0]
[ADMIN] [6/8/2017 02:09] [PENJUALAN] CASHIER FORM : calculateChangeValue, sisaBayar [0]
[ADMIN] [6/8/2017 02:09] [PENJUALAN] CASHIER FORM : discJualMaskedTextBox_Validating, totalAfterDisc [0]
[ADMIN] [6/8/2017 02:09] [PENJUALAN] CASHIER FORM : calculateChangeValue, bayarTextBox.Text [Rp0]
[ADMIN] [6/8/2017 02:09] [PENJUALAN] CASHIER FORM : calculateChangeValue, sisaBayar [0]
[ADMIN] [6/8/2017 02:09] [PENJUALAN] CASHIER FORM : calculateChangeValue, bayarTextBox.Text [0]
[ADMIN] [6/8/2017 02:09] [PENJUALAN] CASHIER FORM : calculateChangeValue, sisaBayar [0]
[ADMIN] [6/8/2017 02:09] [PENJUALAN] CASHIER FORM : UNREGISTER HOTKEY
[ADMIN] [6/8/2017 02:09] [PENJUALAN] CASHIER FORM : REGISTER HOTKEY
[ADMIN] [6/8/2017 02:09] [PENJUALAN] CASHIER FORM : UPDATE ROW NUMBER, TOTAL ROW [1]
[ADMIN] [6/8/2017 02:09] [PENJUALAN] CASHIER FORM : UPDATE ROW NUMBER, TOTAL ROW [1]
[ADMIN] [6/8/2017 02:09] [PENJUALAN] CASHIER FORM : cashierDataGridView_CellValueChanged [F8]
[ADMIN] [6/8/2017 02:09] [PENJUALAN] CASHIER FORM : loadNoFaktur, noFakturValue [SLO001]
[ADMIN] [6/8/2017 02:09] [PENJUALAN] CASHIER FORM : calculateChangeValue, bayarTextBox.Text [0]
[ADMIN] [6/8/2017 02:09] [PENJUALAN] CASHIER FORM : calculateChangeValue, sisaBayar [0]
[ADMIN] [6/8/2017 02:09] [PENJUALAN] CASHIER FORM : UNREGISTER HOTKEY
[ADMIN] [6/8/2017 02:09] [PENJUALAN] CASHIER FORM : REGISTER HOTKEY
[ADMIN] [6/8/2017 02:09] [PENJUALAN] CASHIER FORM : UNREGISTER HOTKEY
[ADMIN] [6/8/2017 02:09] [PENJUALAN] CASHIER FORM : UNREGISTER HOTKEY
[ADMIN] [6/8/2017 02:09] [] USER ID = 1LOGOUT
