[] [2/11/2017 12:29] [] USER = ADMIN IS ACTIVE
[ADMIN] [2/11/2017 12:29] [] USER ID = 1 LOGIN SUCCESSFULLY
[ADMIN] [2/11/2017 12:29] [] ACTIVATE USER ACCESS RIGHT
[ADMIN] [2/11/2017 12:29] [] DISPLAY ADMIN FORM
[ADMIN] [2/11/2017 12:29] [] adminForm Load
[ADMIN] [2/11/2017 12:29] [] ACTIVATE USER ACCESS RIGHT
[ADMIN] [2/11/2017 12:30] [RETUR PENJUALAN] RETUR PENJUALAN : detailReturDataGridView_CellValueChanged [qty]
[ADMIN] [2/11/2017 12:30] [RETUR PENJUALAN] RETUR PENJUALAN : detailReturDataGridView_CellValueChanged [subtotal]
[ADMIN] [2/11/2017 12:30] [RETUR PENJUALAN] RETUR PENJUALAN : detailReturDataGridView_CellValueChanged [productID]
[ADMIN] [2/11/2017 12:30] [RETUR PENJUALAN] RETUR PENJUALAN : detailReturDataGridView_CellValueChanged [productName]
[ADMIN] [2/11/2017 12:30] [RETUR PENJUALAN] RETUR PENJUALAN : detailReturDataGridView_CellValueChanged [productPrice]
[ADMIN] [2/11/2017 12:30] [RETUR PENJUALAN] RETUR PENJUALAN : detailReturDataGridView_CellValueChanged [subtotal]
[ADMIN] [2/11/2017 12:30] [RETUR PENJUALAN] RETUR PENJUALAN : detailReturDataGridView_CellValueChanged [qty]
[ADMIN] [2/11/2017 12:30] [RETUR PENJUALAN] RETUR PENJUALAN : detailReturDataGridView_CellValueChanged [subtotal]
[ADMIN] [2/11/2017 12:31] [RETUR PENJUALAN] RETUR PENJUALAN : detailReturDataGridView_CellValueChanged [qty]
[ADMIN] [2/11/2017 12:31] [RETUR PENJUALAN] RETUR PENJUALAN : detailReturDataGridView_CellValueChanged [subtotal]
[ADMIN] [2/11/2017 12:31] [RETUR PENJUALAN] RETUR PENJUALAN : detailReturDataGridView_CellValueChanged [productID]
[ADMIN] [2/11/2017 12:31] [RETUR PENJUALAN] RETUR PENJUALAN : detailReturDataGridView_CellValueChanged [productName]
[ADMIN] [2/11/2017 12:31] [RETUR PENJUALAN] RETUR PENJUALAN : detailReturDataGridView_CellValueChanged [productPrice]
[ADMIN] [2/11/2017 12:31] [RETUR PENJUALAN] RETUR PENJUALAN : detailReturDataGridView_CellValueChanged [subtotal]
[ADMIN] [2/11/2017 12:31] [RETUR PENJUALAN] RETUR PENJUALAN : detailReturDataGridView_CellValueChanged [qty]
[ADMIN] [2/11/2017 12:31] [RETUR PENJUALAN] RETUR PENJUALAN : detailReturDataGridView_CellValueChanged [subtotal]
[ADMIN] [2/11/2017 12:31] [RETUR PENJUALAN] RETUR PENJUALAN : detailReturDataGridView_CellValueChanged [qty]
[ADMIN] [2/11/2017 12:31] [RETUR PENJUALAN] RETUR PENJUALAN : detailReturDataGridView_CellValueChanged [subtotal]
[ADMIN] [2/11/2017 12:31] [RETUR PENJUALAN] RETUR PENJUALAN : detailReturDataGridView_CellValueChanged [productID]
[ADMIN] [2/11/2017 12:31] [RETUR PENJUALAN] RETUR PENJUALAN : detailReturDataGridView_CellValueChanged [productID]
[ADMIN] [2/11/2017 12:31] [RETUR PENJUALAN] RETUR PENJUALAN : detailReturDataGridView_CellValueChanged [productName]
[ADMIN] [2/11/2017 12:31] [RETUR PENJUALAN] updateSomeRowsContent, PRODUCT_BASE_PRICE [155000]
[ADMIN] [2/11/2017 12:31] [RETUR PENJUALAN] RETUR PENJUALAN : detailReturDataGridView_CellValueChanged [productPrice]
[ADMIN] [2/11/2017 12:31] [RETUR PENJUALAN] RETUR PENJUALAN : detailReturDataGridView_CellValueChanged [qty]
[ADMIN] [2/11/2017 12:31] [RETUR PENJUALAN] RETUR PENJUALAN : detailReturDataGridView_CellValueChanged [subtotal]
[ADMIN] [2/11/2017 12:31] [RETUR PENJUALAN] RETUR PENJUALAN : detailReturDataGridView_CellValueChanged [subtotal]
[ADMIN] [2/11/2017 12:31] [RETUR PENJUALAN] updateSomeRowsContent, attempt to calculate total
[ADMIN] [2/11/2017 12:31] [RETUR PENJUALAN] RETUR PENJUALAN : detailReturDataGridView_CellValueChanged [subtotal]
[ADMIN] [2/11/2017 12:31] [RETUR PENJUALAN] RETUR PENJUALAN : detailReturDataGridView_CellValueChanged [qty]
[ADMIN] [2/11/2017 12:31] [RETUR PENJUALAN] RETUR PENJUALAN : detailReturDataGridView_CellValueChanged [subtotal]
[ADMIN] [2/11/2017 12:31] [RETUR PENJUALAN BY STOK] RETURN CASH [True]
[ADMIN] [2/11/2017 12:31] [RETUR PENJUALAN] ATTEMPT TO SAVE DATA
[ADMIN] [2/11/2017 12:31] [RETUR PENJUALAN] dataValidated [NO RETUR TIDAK BOLEH KOSONG]
[ADMIN] [2/11/2017 12:31] [RETUR PENJUALAN] FAILED TO SAVE
[ADMIN] [2/11/2017 12:31] [RETUR PENJUALAN BY STOK] RETURN CASH [True]
[ADMIN] [2/11/2017 12:31] [RETUR PENJUALAN] ATTEMPT TO SAVE DATA
[ADMIN] [2/11/2017 12:31] [RETUR PENJUALAN] FAILED TO SAVE
[ADMIN] [2/11/2017 12:31] [] USER ID = 1LOGOUT
