[] [1/15/2017 22:12] [] USER = ADMIN IS ACTIVE
[ADMIN] [1/15/2017 22:12] [] USER ID = 1 LOGIN SUCCESSFULLY
[ADMIN] [1/15/2017 22:12] [] ACTIVATE USER ACCESS RIGHT
[ADMIN] [1/15/2017 22:12] [] DISPLAY ADMIN FORM
[ADMIN] [1/15/2017 22:12] [] adminForm Load
[ADMIN] [1/15/2017 22:12] [] ACTIVATE USER ACCESS RIGHT
[] [1/15/2017 22:15] [] USER = ADMIN IS ACTIVE
[ADMIN] [1/15/2017 22:15] [] USER ID = 1 LOGIN SUCCESSFULLY
[ADMIN] [1/15/2017 22:15] [] ACTIVATE USER ACCESS RIGHT
[ADMIN] [1/15/2017 22:15] [] DISPLAY ADMIN FORM
[ADMIN] [1/15/2017 22:15] [] adminForm Load
[ADMIN] [1/15/2017 22:15] [] ACTIVATE USER ACCESS RIGHT
[] [1/15/2017 22:18] [] USER = ADMIN IS ACTIVE
[ADMIN] [1/15/2017 22:18] [] USER ID = 1 LOGIN SUCCESSFULLY
[ADMIN] [1/15/2017 22:18] [] ACTIVATE USER ACCESS RIGHT
[ADMIN] [1/15/2017 22:18] [] DISPLAY ADMIN FORM
[ADMIN] [1/15/2017 22:18] [] adminForm Load
[ADMIN] [1/15/2017 22:18] [] ACTIVATE USER ACCESS RIGHT
[] [1/15/2017 22:20] [] USER = ADMIN IS ACTIVE
[ADMIN] [1/15/2017 22:20] [] USER ID = 1 LOGIN SUCCESSFULLY
[ADMIN] [1/15/2017 22:20] [] ACTIVATE USER ACCESS RIGHT
[ADMIN] [1/15/2017 22:20] [] DISPLAY ADMIN FORM
[ADMIN] [1/15/2017 22:20] [] adminForm Load
[ADMIN] [1/15/2017 22:20] [] ACTIVATE USER ACCESS RIGHT
[ADMIN] [1/15/2017 22:20] [PEMBAYARAN PIUTANG] ATTEMPT TO SAVE PAYMENT CREDIT
[ADMIN] [1/15/2017 22:20] [PEMBAYARAN PIUTANG] PAYMENT CREDIT BY CASH
[ADMIN] [1/15/2017 22:20] [PEMBAYARAN PIUTANG] BRANCH ID [1]
[ADMIN] [1/15/2017 22:20] [PEMBAYARAN PIUTANG] INSERT INTO PAYMENT CREDIT [31, 1000]
[ADMIN] [1/15/2017 22:20] [PEMBAYARAN PIUTANG] CASH TRANSACTION, INSERT INTO DAILY JOURNAL [1000]
[ADMIN] [1/15/2017 22:20] [PEMBAYARAN PIUTANG] PAYMENT CREDIT DATA SAVED
[ADMIN] [1/15/2017 22:21] [PEMBAYARAN PIUTANG] ATTEMPT TO SAVE PAYMENT CREDIT
[ADMIN] [1/15/2017 22:21] [PEMBAYARAN PIUTANG] PAYMENT CREDIT BY CASH
[ADMIN] [1/15/2017 22:21] [PEMBAYARAN PIUTANG] BRANCH ID [1]
[ADMIN] [1/15/2017 22:21] [PEMBAYARAN PIUTANG] INSERT INTO PAYMENT CREDIT [31, 1000]
[ADMIN] [1/15/2017 22:21] [PEMBAYARAN PIUTANG] PAYMENT CREDIT DATA SAVED
[] [1/15/2017 22:25] [] USER = ADMIN IS ACTIVE
[ADMIN] [1/15/2017 22:25] [] USER ID = 1 LOGIN SUCCESSFULLY
[ADMIN] [1/15/2017 22:26] [] ACTIVATE USER ACCESS RIGHT
[ADMIN] [1/15/2017 22:26] [] DISPLAY ADMIN FORM
[ADMIN] [1/15/2017 22:26] [] adminForm Load
[ADMIN] [1/15/2017 22:26] [] ACTIVATE USER ACCESS RIGHT
[ADMIN] [1/15/2017 22:26] [] CREATE DATA GROUP FORM MODULE_ID [2]
[ADMIN] [1/15/2017 22:26] [] CREATE DATA GROUP FORM MODULE_ID [51]
[ADMIN] [1/15/2017 22:26] [] CREATE DATA GROUP ACCESS MODULE FORM, GROUP USER ID [1]
[ADMIN] [1/15/2017 22:26] [] CREATE DATA GROUP FORM MODULE_ID [59] FROM DATA USER DETAIL FORM
[] [1/15/2017 22:28] [] USER = ADMIN IS ACTIVE
[ADMIN] [1/15/2017 22:28] [] USER ID = 1 LOGIN SUCCESSFULLY
[ADMIN] [1/15/2017 22:28] [] ACTIVATE USER ACCESS RIGHT
[ADMIN] [1/15/2017 22:28] [] DISPLAY ADMIN FORM
[ADMIN] [1/15/2017 22:28] [] adminForm Load
[ADMIN] [1/15/2017 22:28] [] ACTIVATE USER ACCESS RIGHT
[ADMIN] [1/15/2017 22:28] [] CREATE DATA GROUP FORM MODULE_ID [59] FROM DATA USER DETAIL FORM
[] [1/15/2017 22:32] [] USER = ADMIN IS ACTIVE
[ADMIN] [1/15/2017 22:32] [] USER ID = 1 LOGIN SUCCESSFULLY
[ADMIN] [1/15/2017 22:32] [] ACTIVATE USER ACCESS RIGHT
[ADMIN] [1/15/2017 22:32] [] DISPLAY ADMIN FORM
[ADMIN] [1/15/2017 22:32] [] adminForm Load
[ADMIN] [1/15/2017 22:32] [] ACTIVATE USER ACCESS RIGHT
[] [1/15/2017 22:34] [] USER = ADMIN IS ACTIVE
[ADMIN] [1/15/2017 22:34] [] USER ID = 1 LOGIN SUCCESSFULLY
[ADMIN] [1/15/2017 22:34] [] ACTIVATE USER ACCESS RIGHT
[ADMIN] [1/15/2017 22:34] [] DISPLAY ADMIN FORM
[ADMIN] [1/15/2017 22:34] [] adminForm Load
[ADMIN] [1/15/2017 22:34] [] ACTIVATE USER ACCESS RIGHT
[ADMIN] [1/15/2017 22:35] [PENJUALAN] CASHIER FORM : MULTIPLE CASHIER INSTANCE [1]
[ADMIN] [1/15/2017 22:35] [PENJUALAN] CASHIER FORM : REGISTER HOTKEY
[ADMIN] [1/15/2017 22:35] [PENJUALAN] CASHIER FORM : cashierForm_Load, ATTEMPT TO LOAD NO FAKTUR
[ADMIN] [1/15/2017 22:35] [PENJUALAN] CASHIER FORM : loadNoFaktur, noFakturValue [SLO001]
[ADMIN] [1/15/2017 22:35] [PENJUALAN] CASHIER FORM : cashierForm_Load, ATTEMPT TO addColumnToDataGrid
[ADMIN] [1/15/2017 22:35] [PENJUALAN] CASHIER FORM : UPDATE ROW NUMBER, TOTAL ROW [1]
[ADMIN] [1/15/2017 22:35] [PENJUALAN] CASHIER FORM : cashierDataGridView_CellValueChanged [F8]
[ADMIN] [1/15/2017 22:35] [PENJUALAN] CASHIER FORM : calculateTotal
[ADMIN] [1/15/2017 22:35] [PENJUALAN] CASHIER FORM : calculateTotal [0]
[ADMIN] [1/15/2017 22:35] [PENJUALAN] CASHIER FORM : calculateTotal, totalAfterDisc [0]
[ADMIN] [1/15/2017 22:35] [PENJUALAN] CASHIER FORM : calculateChangeValue, bayarTextBox.Text [0]
[ADMIN] [1/15/2017 22:35] [PENJUALAN] CASHIER FORM : calculateChangeValue, sisaBayar [0]
[ADMIN] [1/15/2017 22:35] [PENJUALAN] CASHIER FORM : REGISTER HOTKEY
[ADMIN] [1/15/2017 22:35] [PENJUALAN] CASHIER FORM : UNREGISTER HOTKEY
[ADMIN] [1/15/2017 22:35] [PENJUALAN] CASHIER FORM : UNREGISTER HOTKEY
[ADMIN] [1/15/2017 22:37] [PENERIMAAN BARANG] GET PO INVOICE TO RECEIVE
[ADMIN] [1/15/2017 22:37] [PENERIMAAN BARANG] GET NO MUTASI TO RECEIVE
[ADMIN] [1/15/2017 22:38] [PENJUALAN] CASHIER FORM : MULTIPLE CASHIER INSTANCE [1]
[ADMIN] [1/15/2017 22:38] [PENJUALAN] CASHIER FORM : REGISTER HOTKEY
[ADMIN] [1/15/2017 22:38] [PENJUALAN] CASHIER FORM : cashierForm_Load, ATTEMPT TO LOAD NO FAKTUR
[ADMIN] [1/15/2017 22:38] [PENJUALAN] CASHIER FORM : loadNoFaktur, noFakturValue [SLO001]
[ADMIN] [1/15/2017 22:38] [PENJUALAN] CASHIER FORM : cashierForm_Load, ATTEMPT TO addColumnToDataGrid
[ADMIN] [1/15/2017 22:38] [PENJUALAN] CASHIER FORM : UPDATE ROW NUMBER, TOTAL ROW [1]
[ADMIN] [1/15/2017 22:38] [PENJUALAN] CASHIER FORM : cashierDataGridView_CellValueChanged [F8]
[ADMIN] [1/15/2017 22:38] [PENJUALAN] CASHIER FORM : calculateTotal
[ADMIN] [1/15/2017 22:38] [PENJUALAN] CASHIER FORM : calculateTotal [0]
[ADMIN] [1/15/2017 22:38] [PENJUALAN] CASHIER FORM : calculateTotal, totalAfterDisc [0]
[ADMIN] [1/15/2017 22:38] [PENJUALAN] CASHIER FORM : calculateChangeValue, bayarTextBox.Text [0]
[ADMIN] [1/15/2017 22:38] [PENJUALAN] CASHIER FORM : calculateChangeValue, sisaBayar [0]
[ADMIN] [1/15/2017 22:38] [PENJUALAN] CASHIER FORM : REGISTER HOTKEY
[ADMIN] [1/15/2017 22:38] [PENJUALAN] CASHIER FORM : UNREGISTER HOTKEY
[ADMIN] [1/15/2017 22:38] [PENJUALAN] CASHIER FORM : UNREGISTER HOTKEY
[] [1/15/2017 22:40] [] USER = ADMIN IS ACTIVE
[ADMIN] [1/15/2017 22:40] [] USER ID = 1 LOGIN SUCCESSFULLY
[ADMIN] [1/15/2017 22:40] [] ACTIVATE USER ACCESS RIGHT
[ADMIN] [1/15/2017 22:40] [] DISPLAY ADMIN FORM
[ADMIN] [1/15/2017 22:40] [] adminForm Load
[ADMIN] [1/15/2017 22:40] [] ACTIVATE USER ACCESS RIGHT
[ADMIN] [1/15/2017 22:40] [PENJUALAN] RETUR PENJUALAN FORM : ChangePrinterButton_Click, DISPLAY PRINTER SELECTION FORM
[ADMIN] [1/15/2017 22:41] [TAMBAH TRANSAKSI HARIAN] LOAD DATA TRANSAKSI
[ADMIN] [1/15/2017 22:41] [TAMBAH TRANSAKSI HARIAN] LOAD DATA TRANSAKSI
[ADMIN] [1/15/2017 22:43] [PENJUALAN] CASHIER FORM : REGISTER HOTKEY
[ADMIN] [1/15/2017 22:43] [PENJUALAN] CASHIER FORM : cashierForm_Load, ATTEMPT TO LOAD NO FAKTUR
[ADMIN] [1/15/2017 22:43] [PENJUALAN] CASHIER FORM : loadNoFaktur, noFakturValue [SLO001]
[ADMIN] [1/15/2017 22:43] [PENJUALAN] CASHIER FORM : cashierForm_Load, ATTEMPT TO addColumnToDataGrid
[ADMIN] [1/15/2017 22:43] [PENJUALAN] CASHIER FORM : UPDATE ROW NUMBER, TOTAL ROW [1]
[ADMIN] [1/15/2017 22:43] [PENJUALAN] CASHIER FORM : cashierDataGridView_CellValueChanged [F8]
[ADMIN] [1/15/2017 22:43] [PENJUALAN] CASHIER FORM : calculateTotal
[ADMIN] [1/15/2017 22:43] [PENJUALAN] CASHIER FORM : calculateTotal [0]
[ADMIN] [1/15/2017 22:43] [PENJUALAN] CASHIER FORM : calculateTotal, totalAfterDisc [0]
[ADMIN] [1/15/2017 22:43] [PENJUALAN] CASHIER FORM : calculateChangeValue, bayarTextBox.Text [0]
[ADMIN] [1/15/2017 22:43] [PENJUALAN] CASHIER FORM : calculateChangeValue, sisaBayar [0]
[ADMIN] [1/15/2017 22:43] [PENJUALAN] CASHIER FORM : REGISTER HOTKEY
[ADMIN] [1/15/2017 22:43] [PENJUALAN] CASHIER FORM : UNREGISTER HOTKEY
[ADMIN] [1/15/2017 22:43] [PENJUALAN] CASHIER FORM : UNREGISTER HOTKEY
[ADMIN] [1/15/2017 22:43] [] USER ID = 1LOGOUT
