[] [4/12/2017 00:32] [] USER = ADMIN IS ACTIVE
[ADMIN] [4/12/2017 00:32] [] USER ID = 1 LOGIN SUCCESSFULLY
[ADMIN] [4/12/2017 00:32] [] ACTIVATE USER ACCESS RIGHT
[ADMIN] [4/12/2017 00:32] [] DISPLAY ADMIN FORM
[ADMIN] [4/12/2017 00:32] [] adminForm Load
[ADMIN] [4/12/2017 00:32] [] ACTIVATE USER ACCESS RIGHT
[ADMIN] [4/12/2017 00:33] [PENJUALAN] CASHIER FORM : MULTIPLE CASHIER INSTANCE [1]
[ADMIN] [4/12/2017 00:33] [PENJUALAN] CASHIER FORM : REGISTER HOTKEY
[ADMIN] [4/12/2017 00:33] [PENJUALAN] CASHIER FORM : cashierForm_Load, ATTEMPT TO LOAD NO FAKTUR
[ADMIN] [4/12/2017 00:33] [PENJUALAN] CASHIER FORM : loadNoFaktur, noFakturValue [SLO001]
[ADMIN] [4/12/2017 00:33] [PENJUALAN] CASHIER FORM : cashierForm_Load, ATTEMPT TO addColumnToDataGrid
[ADMIN] [4/12/2017 00:33] [PENJUALAN] CASHIER FORM : UPDATE ROW NUMBER, TOTAL ROW [1]
[ADMIN] [4/12/2017 00:33] [PENJUALAN] CASHIER FORM : calculateTotal
[ADMIN] [4/12/2017 00:33] [PENJUALAN] CASHIER FORM : calculateTotal [0]
[ADMIN] [4/12/2017 00:33] [PENJUALAN] CASHIER FORM : calculateTotal, totalAfterDisc [0]
[ADMIN] [4/12/2017 00:33] [PENJUALAN] CASHIER FORM : calculateChangeValue, bayarTextBox.Text [0]
[ADMIN] [4/12/2017 00:33] [PENJUALAN] CASHIER FORM : calculateChangeValue, sisaBayar [0]
[ADMIN] [4/12/2017 00:33] [PENJUALAN] CASHIER FORM : REGISTER HOTKEY
[ADMIN] [4/12/2017 00:33] [PENJUALAN] CASHIER FORM : Combobox_previewKeyDown, cashierDataGridView.CurrentCell.OwningColumn.Name  [productID]
[ADMIN] [4/12/2017 00:33] [PENJUALAN] CASHIER FORM : UPDATE ROW NUMBER, TOTAL ROW [2]
[ADMIN] [4/12/2017 00:33] [PENJUALAN] CASHIER FORM : cashierDataGridView_CellValueChanged [F8]
[ADMIN] [4/12/2017 00:33] [PENJUALAN] CASHIER FORM : cashierDataGridView_CellValueChanged [productID]
[ADMIN] [4/12/2017 00:33] [PENJUALAN] CASHIER FORM : Combobox_previewKeyDown, cashierDataGridView.CurrentCell.OwningColumn.Name  [productID]
[ADMIN] [4/12/2017 00:33] [PENJUALAN] CASHIER FORM : cashierDataGridView_CellValueChanged [productID]
[ADMIN] [4/12/2017 00:33] [PENJUALAN] CASHIER FORM : Combobox_KeyUp, cashierDataGridView.CurrentCell.OwningColumn.Name  [productID]
[ADMIN] [4/12/2017 00:33] [PENJUALAN] CASHIER FORM : Combobox_KeyUp, cashierDataGridView.CurrentCell.OwningColumn.Name  [productID]
[ADMIN] [4/12/2017 00:33] [PENJUALAN] CASHIER FORM : Combobox_previewKeyDown, cashierDataGridView.CurrentCell.OwningColumn.Name  [productID]
[ADMIN] [4/12/2017 00:33] [PENJUALAN] CASHIER FORM : cashierDataGridView_CellValueChanged [productID]
[ADMIN] [4/12/2017 00:33] [PENJUALAN] CASHIER FORM : Combobox_KeyUp, cashierDataGridView.CurrentCell.OwningColumn.Name  [productID]
[ADMIN] [4/12/2017 00:33] [PENJUALAN] CASHIER FORM : Combobox_previewKeyDown, cashierDataGridView.CurrentCell.OwningColumn.Name  [productID]
[ADMIN] [4/12/2017 00:33] [PENJUALAN] CASHIER FORM : UNREGISTER HOTKEY
[ADMIN] [4/12/2017 00:33] [PENJUALAN] CASHIER FORM : ADD NEW ROW FROM BARCODE [FIDA S DOG LEASH RETRACTABLE]
[ADMIN] [4/12/2017 00:33] [PENJUALAN] CASHIER FORM : updateSomeRowContents
[ADMIN] [4/12/2017 00:33] [PENJUALAN] CASHIER FORM : cashierDataGridView_CellValueChanged [productID]
[ADMIN] [4/12/2017 00:33] [PENJUALAN] CASHIER FORM : cashierDataGridView_CellValueChanged [productName]
[ADMIN] [4/12/2017 00:33] [PENJUALAN] CASHIER FORM : updateSomeRowContents
[ADMIN] [4/12/2017 00:33] [PENJUALAN] CASHIER FORM : PRODUCT PRICE TYPE [PRODUCT_BASE_PRICE]
[ADMIN] [4/12/2017 00:33] [PENJUALAN] CASHIER FORM : PRODUCT PRICE [91000]
[ADMIN] [4/12/2017 00:33] [PENJUALAN] CASHIER FORM : ComboBox_SelectedIndexChanged, PRODUCT_BASE_PRICE [91000]
[ADMIN] [4/12/2017 00:33] [PENJUALAN] CASHIER FORM : cashierDataGridView_CellValueChanged [hpp]
[ADMIN] [4/12/2017 00:33] [PENJUALAN] CASHIER FORM : PRODUCT PRICE TYPE [PRODUCT_RETAIL_PRICE]
[ADMIN] [4/12/2017 00:33] [PENJUALAN] CASHIER FORM : PRODUCT PRICE [110000]
[ADMIN] [4/12/2017 00:33] [PENJUALAN] CASHIER FORM : ComboBox_SelectedIndexChanged, PRODUCT_SALES_PRICE [110000]
[ADMIN] [4/12/2017 00:33] [PENJUALAN] CASHIER FORM : cashierDataGridView_CellValueChanged [productPrice]
[ADMIN] [4/12/2017 00:33] [PENJUALAN] CASHIER FORM : cashierDataGridView_CellValueChanged, previousInput [0]
[ADMIN] [4/12/2017 00:33] [PENJUALAN] CASHIER FORM : cashierDataGridView_CellValueChanged, cellValue [110000]
[ADMIN] [4/12/2017 00:33] [PENJUALAN] CASHIER FORM : cashierDataGridView_CellValueChanged, dataGridViewTextBoxEditingControl.Text pass REGEX Checking
[ADMIN] [4/12/2017 00:33] [PENJUALAN] CASHIER FORM : CALCULATE SUBTOTAL
[ADMIN] [4/12/2017 00:33] [PENJUALAN] CASHIER FORM : SUBTOTAL [0]
[ADMIN] [4/12/2017 00:33] [PENJUALAN] CASHIER FORM : cashierDataGridView_CellValueChanged, subtotal value [0]
[ADMIN] [4/12/2017 00:33] [PENJUALAN] CASHIER FORM : cashierDataGridView_CellValueChanged, attempt to calculate total value
[ADMIN] [4/12/2017 00:33] [PENJUALAN] CASHIER FORM : calculateTotal
[ADMIN] [4/12/2017 00:33] [PENJUALAN] CASHIER FORM : calculateTotal [0]
[ADMIN] [4/12/2017 00:33] [PENJUALAN] CASHIER FORM : calculateTotal, totalAfterDisc [0]
[ADMIN] [4/12/2017 00:33] [PENJUALAN] CASHIER FORM : calculateChangeValue, bayarTextBox.Text [0]
[ADMIN] [4/12/2017 00:33] [PENJUALAN] CASHIER FORM : calculateChangeValue, sisaBayar [0]
[ADMIN] [4/12/2017 00:33] [PENJUALAN] CASHIER FORM : cashierDataGridView_CellValueChanged [qty]
[ADMIN] [4/12/2017 00:33] [PENJUALAN] CASHIER FORM : cashierDataGridView_CellValueChanged, previousInput [0]
[ADMIN] [4/12/2017 00:33] [PENJUALAN] CASHIER FORM : cashierDataGridView_CellValueChanged [jumlah]
[ADMIN] [4/12/2017 00:33] [PENJUALAN] CASHIER FORM : calculateTotal
[ADMIN] [4/12/2017 00:33] [PENJUALAN] CASHIER FORM : calculateTotal [0]
[ADMIN] [4/12/2017 00:33] [PENJUALAN] CASHIER FORM : calculateTotal, totalAfterDisc [0]
[ADMIN] [4/12/2017 00:33] [PENJUALAN] CASHIER FORM : calculateChangeValue, bayarTextBox.Text [0]
[ADMIN] [4/12/2017 00:33] [PENJUALAN] CASHIER FORM : calculateChangeValue, sisaBayar [0]
[ADMIN] [4/12/2017 00:33] [PENJUALAN] CASHIER FORM : CHECK STOCK QTY IS ENOUGH [FIDA-S]
[ADMIN] [4/12/2017 00:33] [PENJUALAN] CASHIER FORM : CHECK STOCK QTY IS ENOUGH [3, 1]
[ADMIN] [4/12/2017 00:33] [PENJUALAN] CASHIER FORM : cashierDataGridView_CellValueChanged [qty]
[ADMIN] [4/12/2017 00:33] [PENJUALAN] CASHIER FORM : cashierDataGridView_CellValueChanged, previousInput [0]
[ADMIN] [4/12/2017 00:33] [PENJUALAN] CASHIER FORM : cashierDataGridView_CellValueChanged, cellValue [1]
[ADMIN] [4/12/2017 00:33] [PENJUALAN] CASHIER FORM : cashierDataGridView_CellValueChanged, dataGridViewTextBoxEditingControl.Text pass REGEX Checking
[ADMIN] [4/12/2017 00:33] [PENJUALAN] CASHIER FORM : CHECK STOCK QTY IS ENOUGH [FIDA-S]
[ADMIN] [4/12/2017 00:33] [PENJUALAN] CASHIER FORM : CHECK STOCK QTY IS ENOUGH [3, 1]
[ADMIN] [4/12/2017 00:33] [PENJUALAN] CASHIER FORM : CALCULATE SUBTOTAL
[ADMIN] [4/12/2017 00:33] [PENJUALAN] CASHIER FORM : SUBTOTAL [110000]
[ADMIN] [4/12/2017 00:33] [PENJUALAN] CASHIER FORM : cashierDataGridView_CellValueChanged, subtotal value [110000]
[ADMIN] [4/12/2017 00:33] [PENJUALAN] CASHIER FORM : cashierDataGridView_CellValueChanged, attempt to calculate total value
[ADMIN] [4/12/2017 00:33] [PENJUALAN] CASHIER FORM : calculateTotal
[ADMIN] [4/12/2017 00:33] [PENJUALAN] CASHIER FORM : calculateTotal [110000]
[ADMIN] [4/12/2017 00:33] [PENJUALAN] CASHIER FORM : calculateTotal, totalAfterDisc [110000]
[ADMIN] [4/12/2017 00:33] [PENJUALAN] CASHIER FORM : calculateChangeValue, bayarTextBox.Text [0]
[ADMIN] [4/12/2017 00:33] [PENJUALAN] CASHIER FORM : calculateChangeValue, sisaBayar [0]
[ADMIN] [4/12/2017 00:33] [PENJUALAN] CASHIER FORM : SET QTY TO 1 BECAUSE OF NEW ROW
[ADMIN] [4/12/2017 00:33] [PENJUALAN] CASHIER FORM : CALCULATE SUBTOTAL
[ADMIN] [4/12/2017 00:33] [PENJUALAN] CASHIER FORM : SUBTOTAL [110000]
[ADMIN] [4/12/2017 00:33] [PENJUALAN] CASHIER FORM : calculateTotal
[ADMIN] [4/12/2017 00:33] [PENJUALAN] CASHIER FORM : calculateTotal [110000]
[ADMIN] [4/12/2017 00:33] [PENJUALAN] CASHIER FORM : calculateTotal, totalAfterDisc [110000]
[ADMIN] [4/12/2017 00:33] [PENJUALAN] CASHIER FORM : calculateChangeValue, bayarTextBox.Text [0]
[ADMIN] [4/12/2017 00:33] [PENJUALAN] CASHIER FORM : calculateChangeValue, sisaBayar [0]
[ADMIN] [4/12/2017 00:33] [PENJUALAN] CASHIER FORM : UPDATE ROW NUMBER, TOTAL ROW [2]
[ADMIN] [4/12/2017 00:33] [PENJUALAN] CASHIER FORM : cashierDataGridView_CellValueChanged [F8]
[ADMIN] [4/12/2017 00:33] [PENJUALAN] CASHIER FORM : REGISTER HOTKEY
[ADMIN] [4/12/2017 00:33] [PENJUALAN] CASHIER FORM : Combobox_KeyUp, cashierDataGridView.CurrentCell.OwningColumn.Name  [qty]
[ADMIN] [4/12/2017 00:33] [PENJUALAN] CASHIER FORM : cashierDataGridView_CellValueChanged [qty]
[ADMIN] [4/12/2017 00:33] [PENJUALAN] CASHIER FORM : cashierDataGridView_CellValueChanged, previousInput [1]
[ADMIN] [4/12/2017 00:33] [PENJUALAN] CASHIER FORM : cashierDataGridView_CellValueChanged, dataGridViewTextBoxEditingControl.Text pass REGEX Checking
[ADMIN] [4/12/2017 00:33] [PENJUALAN] CASHIER FORM : CHECK STOCK QTY IS ENOUGH [FIDA-S]
[ADMIN] [4/12/2017 00:33] [PENJUALAN] CASHIER FORM : CHECK STOCK QTY IS ENOUGH [3, 2]
[ADMIN] [4/12/2017 00:33] [PENJUALAN] CASHIER FORM : CALCULATE SUBTOTAL
[ADMIN] [4/12/2017 00:33] [PENJUALAN] CASHIER FORM : SUBTOTAL [220000]
[ADMIN] [4/12/2017 00:33] [PENJUALAN] CASHIER FORM : cashierDataGridView_CellValueChanged, subtotal value [220000]
[ADMIN] [4/12/2017 00:33] [PENJUALAN] CASHIER FORM : cashierDataGridView_CellValueChanged, attempt to calculate total value
[ADMIN] [4/12/2017 00:33] [PENJUALAN] CASHIER FORM : calculateTotal
[ADMIN] [4/12/2017 00:33] [PENJUALAN] CASHIER FORM : calculateTotal [220000]
[ADMIN] [4/12/2017 00:33] [PENJUALAN] CASHIER FORM : calculateTotal, totalAfterDisc [220000]
[ADMIN] [4/12/2017 00:33] [PENJUALAN] CASHIER FORM : calculateChangeValue, bayarTextBox.Text [0]
[ADMIN] [4/12/2017 00:33] [PENJUALAN] CASHIER FORM : calculateChangeValue, sisaBayar [0]
[ADMIN] [4/12/2017 00:33] [PENJUALAN] CASHIER FORM : Combobox_KeyUp, cashierDataGridView.CurrentCell.OwningColumn.Name  [qty]
[ADMIN] [4/12/2017 00:33] [PENJUALAN] CASHIER FORM : calculateChangeValue, bayarTextBox.Text [2]
[ADMIN] [4/12/2017 00:33] [PENJUALAN] CASHIER FORM : calculateChangeValue, sisaBayar [0]
[ADMIN] [4/12/2017 00:33] [PENJUALAN] CASHIER FORM : calculateChangeValue, bayarTextBox.Text [22]
[ADMIN] [4/12/2017 00:33] [PENJUALAN] CASHIER FORM : calculateChangeValue, sisaBayar [0]
[ADMIN] [4/12/2017 00:33] [PENJUALAN] CASHIER FORM : calculateChangeValue, bayarTextBox.Text [222]
[ADMIN] [4/12/2017 00:33] [PENJUALAN] CASHIER FORM : calculateChangeValue, sisaBayar [0]
[ADMIN] [4/12/2017 00:33] [PENJUALAN] CASHIER FORM : calculateChangeValue, bayarTextBox.Text [2222]
[ADMIN] [4/12/2017 00:33] [PENJUALAN] CASHIER FORM : calculateChangeValue, sisaBayar [0]
[ADMIN] [4/12/2017 00:33] [PENJUALAN] CASHIER FORM : calculateChangeValue, bayarTextBox.Text [22220]
[ADMIN] [4/12/2017 00:33] [PENJUALAN] CASHIER FORM : calculateChangeValue, sisaBayar [0]
[ADMIN] [4/12/2017 00:33] [PENJUALAN] CASHIER FORM : calculateChangeValue, bayarTextBox.Text [222200]
[ADMIN] [4/12/2017 00:33] [PENJUALAN] CASHIER FORM : calculateChangeValue, sisaBayar [2200]
[ADMIN] [4/12/2017 00:33] [PENJUALAN] CASHIER FORM : HOTKEY TO SAVE AND PRINT OUT INVOICE PRESSED
[ADMIN] [4/12/2017 00:33] [PENJUALAN] CASHIER FORM : UNREGISTER HOTKEY
[ADMIN] [4/12/2017 00:33] [PENJUALAN] CASHIER FORM : REGISTER HOTKEY
[ADMIN] [4/12/2017 00:33] [PENJUALAN] ATTEMPT TO SAVE AND PRINT OUT INVOICE
[ADMIN] [4/12/2017 00:33] [PENJUALAN] CASHIER FORM : UNREGISTER HOTKEY
[ADMIN] [4/12/2017 00:33] [PENJUALAN] CASHIER FORM : REGISTER HOTKEY
[ADMIN] [4/12/2017 00:33] [PENJUALAN] CASHIER FORM : UNREGISTER HOTKEY
[ADMIN] [4/12/2017 00:33] [PENJUALAN] CASHIER FORM : ATTEMPT TO SAVE SALES DATA [12-04-2017 00:33]
[ADMIN] [4/12/2017 00:33] [PENJUALAN] CASHIER FORM : SALES DISC FINAL [0]
[ADMIN] [4/12/2017 00:33] [PENJUALAN] CASHIER FORM : CASH SALES
[ADMIN] [4/12/2017 00:33] [PENJUALAN] CHECK IF TAX LIMIT SET FOR PERCENTAGE PURCHASE [0]
[ADMIN] [4/12/2017 00:33] [PENJUALAN] CHECK IF TAX LIMIT SET FOR AVERAGE DAILY PURCHASE [0]
[ADMIN] [4/12/2017 00:34] [PENJUALAN] CASHIER FORM : NO FAKTUR [SLO001]
[ADMIN] [4/12/2017 00:34] [PENJUALAN] CASHIER FORM : MAX SALES INVOICE [0]
[ADMIN] [4/12/2017 00:34] [PENJUALAN] CASHIER FORM : SALES INVOICE [SLO001-1]
[ADMIN] [4/12/2017 00:34] [PENJUALAN] INSERT INTO SALES HEADER [SLO001-1]
[ADMIN] [4/12/2017 00:34] [PENJUALAN] INSERT INTO SALES DETAIL[FIDA-S, 110000, 2]
[ADMIN] [4/12/2017 00:34] [PENJUALAN] REDUCE STOCK AT MASTER PRODUCT [FIDA-S]
[ADMIN] [4/12/2017 00:34] [PENJUALAN] REDUCE STOCK AT PRODUCT_EXPIRY LOT [234]
[ADMIN] [4/12/2017 00:34] [PENJUALAN] SAVE PRODUCT LOT INFORMATION FOR EACH ITEM AND AMOUNT
[ADMIN] [4/12/2017 00:34] [PENJUALAN] INSERT TO CREDIT TABLE [SLO001-1]
[ADMIN] [4/12/2017 00:34] [PENJUALAN] INSERT TO DAILY JOURNAL TABLE [220000]
[ADMIN] [4/12/2017 00:34] [PENJUALAN] CASHIER FORM : REGISTER HOTKEY
[ADMIN] [4/12/2017 00:34] [PENJUALAN] TRANSACTION SAVED
[ADMIN] [4/12/2017 00:34] [PENJUALAN] PRINT OUT INVOICE
[ADMIN] [4/12/2017 00:34] [PENJUALAN] CASHIER FORM : PrintReceipt
[ADMIN] [4/12/2017 00:34] [PENJUALAN] CASHIER FORM : PrintReceipt, POS size Paper
[ADMIN] [4/12/2017 00:34] [PENJUALAN] CASHIER FORM : loadInfoToko
[ADMIN] [4/12/2017 00:34] [PENJUALAN] CASHIER FORM : calculatePageLength, totalLengthPage [355]
[ADMIN] [4/12/2017 00:34] [PENJUALAN] CASHIER FORM : printDocument1_PrintPage, print POS size receipt
[ADMIN] [4/12/2017 00:34] [PENJUALAN] CASHIER FORM : loadInfoToko
[ADMIN] [4/12/2017 00:34] [PENJUALAN] CASHIER FORM : loadNamaUser
[ADMIN] [4/12/2017 00:34] [PENJUALAN] CASHIER FORM : UNREGISTER HOTKEY
[ADMIN] [4/12/2017 00:34] [PENJUALAN] CASHIER FORM : REGISTER HOTKEY
[ADMIN] [4/12/2017 00:34] [PENJUALAN] CASHIER FORM : UPDATE ROW NUMBER, TOTAL ROW [1]
[ADMIN] [4/12/2017 00:34] [PENJUALAN] CASHIER FORM : cashierDataGridView_CellValueChanged [F8]
[ADMIN] [4/12/2017 00:34] [PENJUALAN] CASHIER FORM : UNREGISTER HOTKEY
[ADMIN] [4/12/2017 00:34] [PENJUALAN] CASHIER FORM : REGISTER HOTKEY
[ADMIN] [4/12/2017 00:34] [PENJUALAN] CASHIER FORM : UNREGISTER HOTKEY
[ADMIN] [4/12/2017 00:34] [PENJUALAN] CASHIER FORM : UNREGISTER HOTKEY
[ADMIN] [4/12/2017 00:34] [] USER ID = 1LOGOUT
