[] [05/06/2017 18.00] [] USER = ADMIN IS ACTIVE
[ADMIN] [05/06/2017 18.00] [] USER ID = 1 LOGIN SUCCESSFULLY
[ADMIN] [05/06/2017 18.00] [] ACTIVATE USER ACCESS RIGHT
[ADMIN] [05/06/2017 18.00] [] DISPLAY ADMIN FORM
[ADMIN] [05/06/2017 18.00] [] adminForm Load
[ADMIN] [05/06/2017 18.00] [] ACTIVATE USER ACCESS RIGHT
[ADMIN] [05/06/2017 18.00] [PENJUALAN] CASHIER FORM : MULTIPLE CASHIER INSTANCE [1]
[ADMIN] [05/06/2017 18.00] [PENJUALAN] CASHIER FORM : REGISTER HOTKEY
[ADMIN] [05/06/2017 18.00] [PENJUALAN] CASHIER FORM : cashierForm_Load, ATTEMPT TO LOAD NO FAKTUR
[ADMIN] [05/06/2017 18.00] [PENJUALAN] CASHIER FORM : loadNoFaktur, noFakturValue [SLO001]
[ADMIN] [05/06/2017 18.00] [PENJUALAN] CASHIER FORM : cashierForm_Load, ATTEMPT TO addColumnToDataGrid
[ADMIN] [05/06/2017 18.00] [PENJUALAN] CASHIER FORM : UPDATE ROW NUMBER, TOTAL ROW [1]
[ADMIN] [05/06/2017 18.00] [PENJUALAN] CASHIER FORM : REGISTER HOTKEY
[ADMIN] [05/06/2017 18.00] [PENJUALAN] CASHIER FORM : DISPLAY PELANGGAN FORM
[ADMIN] [05/06/2017 18.00] [PENJUALAN] CASHIER FORM : UNREGISTER HOTKEY
[ADMIN] [05/06/2017 18.00] [PENJUALAN] CASHIER FORM : REGISTER HOTKEY
[ADMIN] [05/06/2017 18.00] [PENJUALAN] CASHIER FORM : HOTKEY TO OPEN PRODUK SEARCH FORM PRESSED
[ADMIN] [05/06/2017 18.00] [PENJUALAN] CASHIER FORM : UNREGISTER HOTKEY
[ADMIN] [05/06/2017 18.01] [PENJUALAN] CASHIER FORM : ADD NEW ROW FROM BARCODE [BANDIT ADLT DOG 8 KG]
[ADMIN] [05/06/2017 18.01] [PENJUALAN] CASHIER FORM : REGISTER HOTKEY
[ADMIN] [05/06/2017 18.01] [PENJUALAN] CASHIER FORM : ADD NEW ROW,  isActive [False]
[ADMIN] [05/06/2017 18.01] [PENJUALAN] CASHIER FORM : ADD NEW ROW,  ROW COUNT [0]
[ADMIN] [05/06/2017 18.01] [PENJUALAN] CASHIER FORM : ADD NEW ROW,  ALLOW TO ADD [True]
[ADMIN] [05/06/2017 18.01] [PENJUALAN] CASHIER FORM : UPDATE ROW NUMBER, TOTAL ROW [1]
[ADMIN] [05/06/2017 18.01] [PENJUALAN] CASHIER FORM : cashierDataGridView_CellValueChanged [F8]
[ADMIN] [05/06/2017 18.01] [PENJUALAN] CASHIER FORM : cashierDataGridView_CellValueChanged [hpp]
[ADMIN] [05/06/2017 18.01] [PENJUALAN] CASHIER FORM : cashierDataGridView_CellValueChanged [productPrice]
[ADMIN] [05/06/2017 18.01] [PENJUALAN] CASHIER FORM : cashierDataGridView_CellValueChanged, previousInput [0]
[ADMIN] [05/06/2017 18.01] [PENJUALAN] CASHIER FORM : cashierDataGridView_CellValueChanged [qty]
[ADMIN] [05/06/2017 18.01] [PENJUALAN] CASHIER FORM : cashierDataGridView_CellValueChanged, previousInput [0]
[ADMIN] [05/06/2017 18.01] [PENJUALAN] CASHIER FORM : cashierDataGridView_CellValueChanged [jumlah]
[ADMIN] [05/06/2017 18.01] [PENJUALAN] CASHIER FORM : NEW ROW ADDED [0]
[ADMIN] [05/06/2017 18.01] [PENJUALAN] CASHIER FORM : updateSomeRowContents
[ADMIN] [05/06/2017 18.01] [PENJUALAN] CASHIER FORM : cashierDataGridView_CellValueChanged [productID]
[ADMIN] [05/06/2017 18.01] [PENJUALAN] CASHIER FORM : cashierDataGridView_CellValueChanged [productName]
[ADMIN] [05/06/2017 18.01] [PENJUALAN] CASHIER FORM : updateSomeRowContents
[ADMIN] [05/06/2017 18.01] [PENJUALAN] CASHIER FORM : PRODUCT PRICE TYPE [PRODUCT_BASE_PRICE]
[ADMIN] [05/06/2017 18.01] [PENJUALAN] CASHIER FORM : PRODUCT PRICE [114692.35]
[ADMIN] [05/06/2017 18.01] [PENJUALAN] CASHIER FORM : ComboBox_SelectedIndexChanged, PRODUCT_BASE_PRICE [114692.35]
[ADMIN] [05/06/2017 18.01] [PENJUALAN] CASHIER FORM : cashierDataGridView_CellValueChanged [hpp]
[ADMIN] [05/06/2017 18.01] [PENJUALAN] CASHIER FORM : PRODUCT PRICE TYPE [PRODUCT_RETAIL_PRICE]
[ADMIN] [05/06/2017 18.01] [PENJUALAN] CASHIER FORM : PRODUCT PRICE [170000]
[ADMIN] [05/06/2017 18.01] [PENJUALAN] CASHIER FORM : ComboBox_SelectedIndexChanged, PRODUCT_SALES_PRICE [170000]
[ADMIN] [05/06/2017 18.01] [PENJUALAN] CASHIER FORM : cashierDataGridView_CellValueChanged [productPrice]
[ADMIN] [05/06/2017 18.01] [PENJUALAN] CASHIER FORM : cashierDataGridView_CellValueChanged, previousInput [0]
[ADMIN] [05/06/2017 18.01] [PENJUALAN] CASHIER FORM : cashierDataGridView_CellValueChanged, cellValue [170000]
[ADMIN] [05/06/2017 18.01] [PENJUALAN] CASHIER FORM : cashierDataGridView_CellValueChanged, dataGridViewTextBoxEditingControl.Text pass REGEX Checking
[ADMIN] [05/06/2017 18.01] [PENJUALAN] CASHIER FORM : CALCULATE SUBTOTAL
[ADMIN] [05/06/2017 18.01] [PENJUALAN] CASHIER FORM : SUBTOTAL [0]
[ADMIN] [05/06/2017 18.01] [PENJUALAN] CASHIER FORM : cashierDataGridView_CellValueChanged, subtotal value [0]
[ADMIN] [05/06/2017 18.01] [PENJUALAN] CASHIER FORM : cashierDataGridView_CellValueChanged, attempt to calculate total value
[ADMIN] [05/06/2017 18.01] [PENJUALAN] CASHIER FORM : calculateTotal
[ADMIN] [05/06/2017 18.01] [PENJUALAN] CASHIER FORM : calculateTotal [0]
[ADMIN] [05/06/2017 18.01] [PENJUALAN] CASHIER FORM : calculateTotal, totalAfterDisc [0]
[ADMIN] [05/06/2017 18.01] [PENJUALAN] CASHIER FORM : calculateChangeValue, bayarTextBox.Text [0]
[ADMIN] [05/06/2017 18.01] [PENJUALAN] CASHIER FORM : calculateChangeValue, sisaBayar [0]
[ADMIN] [05/06/2017 18.01] [PENJUALAN] CASHIER FORM : cashierDataGridView_CellValueChanged [qty]
[ADMIN] [05/06/2017 18.01] [PENJUALAN] CASHIER FORM : cashierDataGridView_CellValueChanged, previousInput [0]
[ADMIN] [05/06/2017 18.01] [PENJUALAN] CASHIER FORM : cashierDataGridView_CellValueChanged [jumlah]
[ADMIN] [05/06/2017 18.01] [PENJUALAN] CASHIER FORM : calculateTotal
[ADMIN] [05/06/2017 18.01] [PENJUALAN] CASHIER FORM : calculateTotal [0]
[ADMIN] [05/06/2017 18.01] [PENJUALAN] CASHIER FORM : calculateTotal, totalAfterDisc [0]
[ADMIN] [05/06/2017 18.01] [PENJUALAN] CASHIER FORM : calculateChangeValue, bayarTextBox.Text [0]
[ADMIN] [05/06/2017 18.01] [PENJUALAN] CASHIER FORM : calculateChangeValue, sisaBayar [0]
[ADMIN] [05/06/2017 18.01] [PENJUALAN] CASHIER FORM : CHECK STOCK QTY IS ENOUGH [BANDIT-AD8]
[ADMIN] [05/06/2017 18.01] [PENJUALAN] CASHIER FORM : CHECK STOCK QTY IS ENOUGH [0, 1]
[ADMIN] [05/06/2017 18.01] [PENJUALAN] CASHIER FORM : SET QTY TO 0 BECAUSE OF NEW ROW BUT STOCK IS NOT ENOUGH
[ADMIN] [05/06/2017 18.01] [PENJUALAN] CASHIER FORM : CALCULATE SUBTOTAL
[ADMIN] [05/06/2017 18.01] [PENJUALAN] CASHIER FORM : SUBTOTAL [0]
[ADMIN] [05/06/2017 18.01] [PENJUALAN] CASHIER FORM : cashierDataGridView_CellValueChanged [jumlah]
[ADMIN] [05/06/2017 18.01] [PENJUALAN] CASHIER FORM : calculateTotal
[ADMIN] [05/06/2017 18.01] [PENJUALAN] CASHIER FORM : calculateTotal [0]
[ADMIN] [05/06/2017 18.01] [PENJUALAN] CASHIER FORM : calculateTotal, totalAfterDisc [0]
[ADMIN] [05/06/2017 18.01] [PENJUALAN] CASHIER FORM : calculateChangeValue, bayarTextBox.Text [0]
[ADMIN] [05/06/2017 18.01] [PENJUALAN] CASHIER FORM : calculateChangeValue, sisaBayar [0]
[ADMIN] [05/06/2017 18.01] [PENJUALAN] CASHIER FORM : UPDATE ROW NUMBER, TOTAL ROW [2]
[ADMIN] [05/06/2017 18.01] [PENJUALAN] CASHIER FORM : cashierDataGridView_CellValueChanged [F8]
[ADMIN] [05/06/2017 18.01] [PENJUALAN] CASHIER FORM : UNREGISTER HOTKEY
[ADMIN] [05/06/2017 18.01] [PENJUALAN] CASHIER FORM : REGISTER HOTKEY
[ADMIN] [05/06/2017 18.01] [PENJUALAN] CASHIER FORM : cashierDataGridView_KeyDown ATTEMPT TO DELETE ROW
[ADMIN] [05/06/2017 18.01] [PENJUALAN] CASHIER FORM : deleteCurrentRow [0]
[ADMIN] [05/06/2017 18.01] [PENJUALAN] CASHIER FORM : UPDATE ROW NUMBER, TOTAL ROW [1]
[ADMIN] [05/06/2017 18.01] [PENJUALAN] CASHIER FORM : cashierDataGridView_CellValueChanged [F8]
[ADMIN] [05/06/2017 18.01] [PENJUALAN] CASHIER FORM : calculateTotal
[ADMIN] [05/06/2017 18.01] [PENJUALAN] CASHIER FORM : calculateTotal [0]
[ADMIN] [05/06/2017 18.01] [PENJUALAN] CASHIER FORM : calculateTotal, totalAfterDisc [0]
[ADMIN] [05/06/2017 18.01] [PENJUALAN] CASHIER FORM : calculateChangeValue, bayarTextBox.Text [0]
[ADMIN] [05/06/2017 18.01] [PENJUALAN] CASHIER FORM : calculateChangeValue, sisaBayar [0]
[ADMIN] [05/06/2017 18.01] [PENJUALAN] CASHIER FORM : HOTKEY TO OPEN PRODUK SEARCH FORM PRESSED
[ADMIN] [05/06/2017 18.01] [PENJUALAN] CASHIER FORM : UNREGISTER HOTKEY
[ADMIN] [05/06/2017 18.01] [PENJUALAN] CASHIER FORM : ADD NEW ROW FROM BARCODE [BANDIT ADLT DOG 1 KG]
[ADMIN] [05/06/2017 18.01] [PENJUALAN] CASHIER FORM : REGISTER HOTKEY
[ADMIN] [05/06/2017 18.01] [PENJUALAN] CASHIER FORM : ADD NEW ROW,  isActive [False]
[ADMIN] [05/06/2017 18.01] [PENJUALAN] CASHIER FORM : ADD NEW ROW,  ROW COUNT [0]
[ADMIN] [05/06/2017 18.01] [PENJUALAN] CASHIER FORM : ADD NEW ROW,  ALLOW TO ADD [True]
[ADMIN] [05/06/2017 18.01] [PENJUALAN] CASHIER FORM : UPDATE ROW NUMBER, TOTAL ROW [1]
[ADMIN] [05/06/2017 18.01] [PENJUALAN] CASHIER FORM : cashierDataGridView_CellValueChanged [F8]
[ADMIN] [05/06/2017 18.01] [PENJUALAN] CASHIER FORM : cashierDataGridView_CellValueChanged [hpp]
[ADMIN] [05/06/2017 18.01] [PENJUALAN] CASHIER FORM : cashierDataGridView_CellValueChanged [productPrice]
[ADMIN] [05/06/2017 18.01] [PENJUALAN] CASHIER FORM : cashierDataGridView_CellValueChanged, previousInput [0]
[ADMIN] [05/06/2017 18.01] [PENJUALAN] CASHIER FORM : cashierDataGridView_CellValueChanged [qty]
[ADMIN] [05/06/2017 18.01] [PENJUALAN] CASHIER FORM : cashierDataGridView_CellValueChanged, previousInput [0]
[ADMIN] [05/06/2017 18.01] [PENJUALAN] CASHIER FORM : cashierDataGridView_CellValueChanged [jumlah]
[ADMIN] [05/06/2017 18.01] [PENJUALAN] CASHIER FORM : NEW ROW ADDED [0]
[ADMIN] [05/06/2017 18.01] [PENJUALAN] CASHIER FORM : updateSomeRowContents
[ADMIN] [05/06/2017 18.01] [PENJUALAN] CASHIER FORM : cashierDataGridView_CellValueChanged [productID]
[ADMIN] [05/06/2017 18.01] [PENJUALAN] CASHIER FORM : cashierDataGridView_CellValueChanged [productName]
[ADMIN] [05/06/2017 18.01] [PENJUALAN] CASHIER FORM : updateSomeRowContents
[ADMIN] [05/06/2017 18.01] [PENJUALAN] CASHIER FORM : PRODUCT PRICE TYPE [PRODUCT_BASE_PRICE]
[ADMIN] [05/06/2017 18.01] [PENJUALAN] CASHIER FORM : PRODUCT PRICE [15000]
[ADMIN] [05/06/2017 18.01] [PENJUALAN] CASHIER FORM : ComboBox_SelectedIndexChanged, PRODUCT_BASE_PRICE [15000]
[ADMIN] [05/06/2017 18.01] [PENJUALAN] CASHIER FORM : cashierDataGridView_CellValueChanged [hpp]
[ADMIN] [05/06/2017 18.01] [PENJUALAN] CASHIER FORM : PRODUCT PRICE TYPE [PRODUCT_RETAIL_PRICE]
[ADMIN] [05/06/2017 18.01] [PENJUALAN] CASHIER FORM : PRODUCT PRICE [19000]
[ADMIN] [05/06/2017 18.01] [PENJUALAN] CASHIER FORM : ComboBox_SelectedIndexChanged, PRODUCT_SALES_PRICE [19000]
[ADMIN] [05/06/2017 18.01] [PENJUALAN] CASHIER FORM : cashierDataGridView_CellValueChanged [productPrice]
[ADMIN] [05/06/2017 18.01] [PENJUALAN] CASHIER FORM : cashierDataGridView_CellValueChanged, previousInput [0]
[ADMIN] [05/06/2017 18.01] [PENJUALAN] CASHIER FORM : cashierDataGridView_CellValueChanged, cellValue [19000]
[ADMIN] [05/06/2017 18.01] [PENJUALAN] CASHIER FORM : cashierDataGridView_CellValueChanged, dataGridViewTextBoxEditingControl.Text pass REGEX Checking
[ADMIN] [05/06/2017 18.01] [PENJUALAN] CASHIER FORM : CALCULATE SUBTOTAL
[ADMIN] [05/06/2017 18.01] [PENJUALAN] CASHIER FORM : SUBTOTAL [0]
[ADMIN] [05/06/2017 18.01] [PENJUALAN] CASHIER FORM : cashierDataGridView_CellValueChanged, subtotal value [0]
[ADMIN] [05/06/2017 18.01] [PENJUALAN] CASHIER FORM : cashierDataGridView_CellValueChanged, attempt to calculate total value
[ADMIN] [05/06/2017 18.01] [PENJUALAN] CASHIER FORM : calculateTotal
[ADMIN] [05/06/2017 18.01] [PENJUALAN] CASHIER FORM : calculateTotal [0]
[ADMIN] [05/06/2017 18.01] [PENJUALAN] CASHIER FORM : calculateTotal, totalAfterDisc [0]
[ADMIN] [05/06/2017 18.01] [PENJUALAN] CASHIER FORM : calculateChangeValue, bayarTextBox.Text [0]
[ADMIN] [05/06/2017 18.01] [PENJUALAN] CASHIER FORM : calculateChangeValue, sisaBayar [0]
[ADMIN] [05/06/2017 18.01] [PENJUALAN] CASHIER FORM : cashierDataGridView_CellValueChanged [qty]
[ADMIN] [05/06/2017 18.01] [PENJUALAN] CASHIER FORM : cashierDataGridView_CellValueChanged, previousInput [0]
[ADMIN] [05/06/2017 18.01] [PENJUALAN] CASHIER FORM : cashierDataGridView_CellValueChanged [jumlah]
[ADMIN] [05/06/2017 18.01] [PENJUALAN] CASHIER FORM : calculateTotal
[ADMIN] [05/06/2017 18.01] [PENJUALAN] CASHIER FORM : calculateTotal [0]
[ADMIN] [05/06/2017 18.01] [PENJUALAN] CASHIER FORM : calculateTotal, totalAfterDisc [0]
[ADMIN] [05/06/2017 18.01] [PENJUALAN] CASHIER FORM : calculateChangeValue, bayarTextBox.Text [0]
[ADMIN] [05/06/2017 18.01] [PENJUALAN] CASHIER FORM : calculateChangeValue, sisaBayar [0]
[ADMIN] [05/06/2017 18.01] [PENJUALAN] CASHIER FORM : CHECK STOCK QTY IS ENOUGH [BANDIT-AD1]
[ADMIN] [05/06/2017 18.01] [PENJUALAN] CASHIER FORM : CHECK STOCK QTY IS ENOUGH [22, 1]
[ADMIN] [05/06/2017 18.01] [PENJUALAN] CASHIER FORM : cashierDataGridView_CellValueChanged [qty]
[ADMIN] [05/06/2017 18.01] [PENJUALAN] CASHIER FORM : cashierDataGridView_CellValueChanged, previousInput [0]
[ADMIN] [05/06/2017 18.01] [PENJUALAN] CASHIER FORM : cashierDataGridView_CellValueChanged, cellValue [1]
[ADMIN] [05/06/2017 18.01] [PENJUALAN] CASHIER FORM : cashierDataGridView_CellValueChanged, dataGridViewTextBoxEditingControl.Text pass REGEX Checking
[ADMIN] [05/06/2017 18.01] [PENJUALAN] CASHIER FORM : CHECK STOCK QTY IS ENOUGH [BANDIT-AD1]
[ADMIN] [05/06/2017 18.01] [PENJUALAN] CASHIER FORM : CHECK STOCK QTY IS ENOUGH [22, 1]
[ADMIN] [05/06/2017 18.01] [PENJUALAN] CASHIER FORM : CALCULATE SUBTOTAL
[ADMIN] [05/06/2017 18.01] [PENJUALAN] CASHIER FORM : SUBTOTAL [19000]
[ADMIN] [05/06/2017 18.01] [PENJUALAN] CASHIER FORM : cashierDataGridView_CellValueChanged, subtotal value [19000]
[ADMIN] [05/06/2017 18.01] [PENJUALAN] CASHIER FORM : cashierDataGridView_CellValueChanged, attempt to calculate total value
[ADMIN] [05/06/2017 18.01] [PENJUALAN] CASHIER FORM : calculateTotal
[ADMIN] [05/06/2017 18.01] [PENJUALAN] CASHIER FORM : calculateTotal [19000]
[ADMIN] [05/06/2017 18.01] [PENJUALAN] CASHIER FORM : calculateTotal, totalAfterDisc [19000]
[ADMIN] [05/06/2017 18.01] [PENJUALAN] CASHIER FORM : calculateChangeValue, bayarTextBox.Text [0]
[ADMIN] [05/06/2017 18.01] [PENJUALAN] CASHIER FORM : calculateChangeValue, sisaBayar [0]
[ADMIN] [05/06/2017 18.01] [PENJUALAN] CASHIER FORM : SET QTY TO 1 BECAUSE OF NEW ROW
[ADMIN] [05/06/2017 18.01] [PENJUALAN] CASHIER FORM : CALCULATE SUBTOTAL
[ADMIN] [05/06/2017 18.01] [PENJUALAN] CASHIER FORM : SUBTOTAL [19000]
[ADMIN] [05/06/2017 18.01] [PENJUALAN] CASHIER FORM : calculateTotal
[ADMIN] [05/06/2017 18.01] [PENJUALAN] CASHIER FORM : calculateTotal [19000]
[ADMIN] [05/06/2017 18.01] [PENJUALAN] CASHIER FORM : calculateTotal, totalAfterDisc [19000]
[ADMIN] [05/06/2017 18.01] [PENJUALAN] CASHIER FORM : calculateChangeValue, bayarTextBox.Text [0]
[ADMIN] [05/06/2017 18.01] [PENJUALAN] CASHIER FORM : calculateChangeValue, sisaBayar [0]
[ADMIN] [05/06/2017 18.01] [PENJUALAN] CASHIER FORM : UPDATE ROW NUMBER, TOTAL ROW [2]
[ADMIN] [05/06/2017 18.01] [PENJUALAN] CASHIER FORM : cashierDataGridView_CellValueChanged [F8]
[ADMIN] [05/06/2017 18.01] [PENJUALAN] CASHIER FORM : cashierDataGridView_CellValueChanged [qty]
[ADMIN] [05/06/2017 18.01] [PENJUALAN] CASHIER FORM : cashierDataGridView_CellValueChanged, previousInput [1]
[ADMIN] [05/06/2017 18.01] [PENJUALAN] CASHIER FORM : cashierDataGridView_CellValueChanged, dataGridViewTextBoxEditingControl.Text pass REGEX Checking
[ADMIN] [05/06/2017 18.01] [PENJUALAN] CASHIER FORM : CHECK STOCK QTY IS ENOUGH [BANDIT-AD1]
[ADMIN] [05/06/2017 18.01] [PENJUALAN] CASHIER FORM : CHECK STOCK QTY IS ENOUGH [22, 2]
[ADMIN] [05/06/2017 18.01] [PENJUALAN] CASHIER FORM : CALCULATE SUBTOTAL
[ADMIN] [05/06/2017 18.01] [PENJUALAN] CASHIER FORM : SUBTOTAL [38000]
[ADMIN] [05/06/2017 18.01] [PENJUALAN] CASHIER FORM : cashierDataGridView_CellValueChanged, subtotal value [38000]
[ADMIN] [05/06/2017 18.01] [PENJUALAN] CASHIER FORM : cashierDataGridView_CellValueChanged, attempt to calculate total value
[ADMIN] [05/06/2017 18.01] [PENJUALAN] CASHIER FORM : calculateTotal
[ADMIN] [05/06/2017 18.01] [PENJUALAN] CASHIER FORM : calculateTotal [38000]
[ADMIN] [05/06/2017 18.01] [PENJUALAN] CASHIER FORM : calculateTotal, totalAfterDisc [38000]
[ADMIN] [05/06/2017 18.01] [PENJUALAN] CASHIER FORM : calculateChangeValue, bayarTextBox.Text [0]
[ADMIN] [05/06/2017 18.01] [PENJUALAN] CASHIER FORM : calculateChangeValue, sisaBayar [0]
[ADMIN] [05/06/2017 18.01] [PENJUALAN] CASHIER FORM : Combobox_KeyUp, cashierDataGridView.CurrentCell.OwningColumn.Name  [qty]
[ADMIN] [05/06/2017 18.01] [PENJUALAN] CASHIER FORM : Combobox_KeyUp, cashierDataGridView.CurrentCell.OwningColumn.Name  [qty]
[ADMIN] [05/06/2017 18.01] [PENJUALAN] CASHIER FORM : Combobox_KeyUp, cashierDataGridView.CurrentCell.OwningColumn.Name  [qty]
[ADMIN] [05/06/2017 18.01] [PENJUALAN] CASHIER FORM : Combobox_KeyUp, cashierDataGridView.CurrentCell.OwningColumn.Name  [qty]
[ADMIN] [05/06/2017 18.01] [PENJUALAN] CASHIER FORM : cashierDataGridView_CellValueChanged [qty]
[ADMIN] [05/06/2017 18.01] [PENJUALAN] CASHIER FORM : cashierDataGridView_CellValueChanged, previousInput [2]
[ADMIN] [05/06/2017 18.01] [PENJUALAN] CASHIER FORM : cashierDataGridView_CellValueChanged, dataGridViewTextBoxEditingControl.Text pass REGEX Checking
[ADMIN] [05/06/2017 18.01] [PENJUALAN] CASHIER FORM : CHECK STOCK QTY IS ENOUGH [BANDIT-AD1]
[ADMIN] [05/06/2017 18.01] [PENJUALAN] CASHIER FORM : CHECK STOCK QTY IS ENOUGH [22, 22]
[ADMIN] [05/06/2017 18.01] [PENJUALAN] CASHIER FORM : CALCULATE SUBTOTAL
[ADMIN] [05/06/2017 18.01] [PENJUALAN] CASHIER FORM : SUBTOTAL [418000]
[ADMIN] [05/06/2017 18.01] [PENJUALAN] CASHIER FORM : cashierDataGridView_CellValueChanged, subtotal value [418000]
[ADMIN] [05/06/2017 18.01] [PENJUALAN] CASHIER FORM : cashierDataGridView_CellValueChanged, attempt to calculate total value
[ADMIN] [05/06/2017 18.01] [PENJUALAN] CASHIER FORM : calculateTotal
[ADMIN] [05/06/2017 18.01] [PENJUALAN] CASHIER FORM : calculateTotal [418000]
[ADMIN] [05/06/2017 18.01] [PENJUALAN] CASHIER FORM : calculateTotal, totalAfterDisc [418000]
[ADMIN] [05/06/2017 18.01] [PENJUALAN] CASHIER FORM : calculateChangeValue, bayarTextBox.Text [0]
[ADMIN] [05/06/2017 18.01] [PENJUALAN] CASHIER FORM : calculateChangeValue, sisaBayar [0]
[ADMIN] [05/06/2017 18.01] [PENJUALAN] CASHIER FORM : Combobox_KeyUp, cashierDataGridView.CurrentCell.OwningColumn.Name  [qty]
[ADMIN] [05/06/2017 18.01] [PENJUALAN] CASHIER FORM : Combobox_KeyUp, cashierDataGridView.CurrentCell.OwningColumn.Name  [qty]
[ADMIN] [05/06/2017 18.01] [PENJUALAN] CASHIER FORM : Combobox_KeyUp, cashierDataGridView.CurrentCell.OwningColumn.Name  [qty]
[ADMIN] [05/06/2017 18.01] [PENJUALAN] CASHIER FORM : Combobox_KeyUp, cashierDataGridView.CurrentCell.OwningColumn.Name  [qty]
[ADMIN] [05/06/2017 18.01] [PENJUALAN] CASHIER FORM : calculateChangeValue, bayarTextBox.Text [4]
[ADMIN] [05/06/2017 18.01] [PENJUALAN] CASHIER FORM : calculateChangeValue, sisaBayar [0]
[ADMIN] [05/06/2017 18.01] [PENJUALAN] CASHIER FORM : calculateChangeValue, bayarTextBox.Text [42]
[ADMIN] [05/06/2017 18.01] [PENJUALAN] CASHIER FORM : calculateChangeValue, sisaBayar [0]
[ADMIN] [05/06/2017 18.01] [PENJUALAN] CASHIER FORM : calculateChangeValue, bayarTextBox.Text [420]
[ADMIN] [05/06/2017 18.01] [PENJUALAN] CASHIER FORM : calculateChangeValue, sisaBayar [0]
[ADMIN] [05/06/2017 18.01] [PENJUALAN] CASHIER FORM : calculateChangeValue, bayarTextBox.Text [4200]
[ADMIN] [05/06/2017 18.01] [PENJUALAN] CASHIER FORM : calculateChangeValue, sisaBayar [0]
[ADMIN] [05/06/2017 18.01] [PENJUALAN] CASHIER FORM : calculateChangeValue, bayarTextBox.Text [42000]
[ADMIN] [05/06/2017 18.01] [PENJUALAN] CASHIER FORM : calculateChangeValue, sisaBayar [0]
[ADMIN] [05/06/2017 18.01] [PENJUALAN] CASHIER FORM : calculateChangeValue, bayarTextBox.Text [420000]
[ADMIN] [05/06/2017 18.01] [PENJUALAN] CASHIER FORM : calculateChangeValue, sisaBayar [2000]
[ADMIN] [05/06/2017 18.01] [PENJUALAN] CASHIER FORM : HOTKEY TO SAVE AND PRINT OUT INVOICE PRESSED
[ADMIN] [05/06/2017 18.01] [PENJUALAN] CASHIER FORM : UNREGISTER HOTKEY
[ADMIN] [05/06/2017 18.01] [PENJUALAN] CASHIER FORM : REGISTER HOTKEY
[ADMIN] [05/06/2017 18.01] [PENJUALAN] ATTEMPT TO SAVE AND PRINT OUT INVOICE
[ADMIN] [05/06/2017 18.01] [PENJUALAN] CASHIER FORM : UNREGISTER HOTKEY
[ADMIN] [05/06/2017 18.02] [PENJUALAN] CASHIER FORM : REGISTER HOTKEY
[ADMIN] [05/06/2017 18.02] [PENJUALAN] CASHIER FORM : cashierDataGridView_CellValueChanged [qty]
[ADMIN] [05/06/2017 18.02] [PENJUALAN] CASHIER FORM : cashierDataGridView_CellValueChanged, previousInput [22]
[ADMIN] [05/06/2017 18.02] [PENJUALAN] CASHIER FORM : cashierDataGridView_CellValueChanged, dataGridViewTextBoxEditingControl.Text pass REGEX Checking
[ADMIN] [05/06/2017 18.02] [PENJUALAN] CASHIER FORM : CHECK STOCK QTY IS ENOUGH [BANDIT-AD1]
[ADMIN] [05/06/2017 18.02] [PENJUALAN] CASHIER FORM : CHECK STOCK QTY IS ENOUGH [22, 2]
[ADMIN] [05/06/2017 18.02] [PENJUALAN] CASHIER FORM : CALCULATE SUBTOTAL
[ADMIN] [05/06/2017 18.02] [PENJUALAN] CASHIER FORM : SUBTOTAL [38000]
[ADMIN] [05/06/2017 18.02] [PENJUALAN] CASHIER FORM : cashierDataGridView_CellValueChanged, subtotal value [38000]
[ADMIN] [05/06/2017 18.02] [PENJUALAN] CASHIER FORM : cashierDataGridView_CellValueChanged, attempt to calculate total value
[ADMIN] [05/06/2017 18.02] [PENJUALAN] CASHIER FORM : calculateTotal
[ADMIN] [05/06/2017 18.02] [PENJUALAN] CASHIER FORM : calculateTotal [38000]
[ADMIN] [05/06/2017 18.02] [PENJUALAN] CASHIER FORM : calculateTotal, totalAfterDisc [38000]
[ADMIN] [05/06/2017 18.02] [PENJUALAN] CASHIER FORM : calculateChangeValue, bayarTextBox.Text [Rp420.000]
[ADMIN] [05/06/2017 18.02] [PENJUALAN] CASHIER FORM : calculateChangeValue, sisaBayar [382000]
[ADMIN] [05/06/2017 18.02] [PENJUALAN] CASHIER FORM : Combobox_KeyUp, cashierDataGridView.CurrentCell.OwningColumn.Name  [qty]
[ADMIN] [05/06/2017 18.02] [PENJUALAN] CASHIER FORM : Combobox_KeyUp, cashierDataGridView.CurrentCell.OwningColumn.Name  [qty]
[ADMIN] [05/06/2017 18.02] [PENJUALAN] CASHIER FORM : Combobox_KeyUp, cashierDataGridView.CurrentCell.OwningColumn.Name  [qty]
[ADMIN] [05/06/2017 18.02] [PENJUALAN] CASHIER FORM : Combobox_KeyUp, cashierDataGridView.CurrentCell.OwningColumn.Name  [qty]
[ADMIN] [05/06/2017 18.02] [PENJUALAN] CASHIER FORM : cashierDataGridView_CellValueChanged [qty]
[ADMIN] [05/06/2017 18.02] [PENJUALAN] CASHIER FORM : cashierDataGridView_CellValueChanged, previousInput [2]
[ADMIN] [05/06/2017 18.02] [PENJUALAN] CASHIER FORM : cashierDataGridView_CellValueChanged, dataGridViewTextBoxEditingControl.Text pass REGEX Checking
[ADMIN] [05/06/2017 18.02] [PENJUALAN] CASHIER FORM : CHECK STOCK QTY IS ENOUGH [BANDIT-AD1]
[ADMIN] [05/06/2017 18.02] [PENJUALAN] CASHIER FORM : CHECK STOCK QTY IS ENOUGH [22, 24]
[ADMIN] [05/06/2017 18.02] [PENJUALAN] CASHIER FORM : CALCULATE SUBTOTAL
[ADMIN] [05/06/2017 18.02] [PENJUALAN] CASHIER FORM : SUBTOTAL [38000]
[ADMIN] [05/06/2017 18.02] [PENJUALAN] CASHIER FORM : cashierDataGridView_CellValueChanged, subtotal value [38000]
[ADMIN] [05/06/2017 18.02] [PENJUALAN] CASHIER FORM : cashierDataGridView_CellValueChanged, attempt to calculate total value
[ADMIN] [05/06/2017 18.02] [PENJUALAN] CASHIER FORM : calculateTotal
[ADMIN] [05/06/2017 18.02] [PENJUALAN] CASHIER FORM : calculateTotal [38000]
[ADMIN] [05/06/2017 18.02] [PENJUALAN] CASHIER FORM : calculateTotal, totalAfterDisc [38000]
[ADMIN] [05/06/2017 18.02] [PENJUALAN] CASHIER FORM : calculateChangeValue, bayarTextBox.Text [Rp420.000]
[ADMIN] [05/06/2017 18.02] [PENJUALAN] CASHIER FORM : calculateChangeValue, sisaBayar [382000]
[ADMIN] [05/06/2017 18.02] [PENJUALAN] CASHIER FORM : Combobox_KeyUp, cashierDataGridView.CurrentCell.OwningColumn.Name  [qty]
[ADMIN] [05/06/2017 18.02] [PENJUALAN] CASHIER FORM : Combobox_KeyUp, cashierDataGridView.CurrentCell.OwningColumn.Name  [qty]
[ADMIN] [05/06/2017 18.02] [PENJUALAN] CASHIER FORM : Combobox_KeyUp, cashierDataGridView.CurrentCell.OwningColumn.Name  [qty]
[ADMIN] [05/06/2017 18.02] [PENJUALAN] CASHIER FORM : Combobox_KeyUp, cashierDataGridView.CurrentCell.OwningColumn.Name  [qty]
[ADMIN] [05/06/2017 18.02] [PENJUALAN] CASHIER FORM : HOTKEY TO SAVE AND PRINT OUT INVOICE PRESSED
[ADMIN] [05/06/2017 18.02] [PENJUALAN] CASHIER FORM : UNREGISTER HOTKEY
[ADMIN] [05/06/2017 18.02] [PENJUALAN] CASHIER FORM : REGISTER HOTKEY
[ADMIN] [05/06/2017 18.02] [PENJUALAN] ATTEMPT TO SAVE AND PRINT OUT INVOICE
[ADMIN] [05/06/2017 18.02] [PENJUALAN] CASHIER FORM : UNREGISTER HOTKEY
[ADMIN] [05/06/2017 18.02] [PENJUALAN] CASHIER FORM : REGISTER HOTKEY
[ADMIN] [05/06/2017 18.02] [PENJUALAN] CASHIER FORM : UNREGISTER HOTKEY
[ADMIN] [05/06/2017 18.02] [PENJUALAN] CASHIER FORM : ATTEMPT TO SAVE SALES DATA [05-06-2017 18:02]
[ADMIN] [05/06/2017 18.02] [PENJUALAN] CASHIER FORM : SALES DISC FINAL [0]
[ADMIN] [05/06/2017 18.02] [PENJUALAN] CASHIER FORM : CASH SALES
[ADMIN] [05/06/2017 18.02] [PENJUALAN] CHECK IF TAX LIMIT SET FOR PERCENTAGE PURCHASE [0]
[ADMIN] [05/06/2017 18.02] [PENJUALAN] CHECK IF TAX LIMIT SET FOR AVERAGE DAILY PURCHASE [0]
[ADMIN] [05/06/2017 18.02] [PENJUALAN] CASHIER FORM : NO FAKTUR [SLO001]
[ADMIN] [05/06/2017 18.02] [PENJUALAN] CASHIER FORM : MAX SALES INVOICE [331]
[ADMIN] [05/06/2017 18.02] [PENJUALAN] CASHIER FORM : SALES INVOICE [SLO001-332]
[ADMIN] [05/06/2017 18.02] [PENJUALAN] INSERT INTO SALES HEADER [SLO001-332]
[ADMIN] [05/06/2017 18.02] [PENJUALAN] INSERT INTO SALES DETAIL[BANDIT-AD1, 19000, 2]
[ADMIN] [05/06/2017 18.02] [PENJUALAN] REDUCE STOCK AT MASTER PRODUCT [BANDIT-AD1]
[ADMIN] [05/06/2017 18.02] [PENJUALAN] REDUCE STOCK AT PRODUCT_EXPIRY LOT [2316]
[ADMIN] [05/06/2017 18.02] [PENJUALAN] SAVE PRODUCT LOT INFORMATION FOR EACH ITEM AND AMOUNT
[ADMIN] [05/06/2017 18.02] [PENJUALAN] INSERT TO CREDIT TABLE [SLO001-332]
[ADMIN] [05/06/2017 18.02] [PENJUALAN] INSERT TO DAILY JOURNAL TABLE [38000]
[ADMIN] [05/06/2017 18.02] [PENJUALAN] CASHIER FORM : REGISTER HOTKEY
[ADMIN] [05/06/2017 18.02] [PENJUALAN] TRANSACTION SAVED
[ADMIN] [05/06/2017 18.02] [PENJUALAN] PRINT OUT INVOICE
[ADMIN] [05/06/2017 18.02] [PENJUALAN] CASHIER FORM : PrintReceipt
[ADMIN] [05/06/2017 18.02] [PENJUALAN] CASHIER FORM : PrintReceipt, POS size Paper
[ADMIN] [05/06/2017 18.02] [PENJUALAN] CASHIER FORM : loadInfoToko
[ADMIN] [05/06/2017 18.02] [PENJUALAN] CASHIER FORM : calculatePageLength, totalLengthPage [355]
[] [05/06/2017 18.02] [] USER = ADMIN IS ACTIVE
[ADMIN] [05/06/2017 18.02] [] USER ID = 1 LOGIN SUCCESSFULLY
[ADMIN] [05/06/2017 18.02] [] ACTIVATE USER ACCESS RIGHT
[ADMIN] [05/06/2017 18.02] [] DISPLAY ADMIN FORM
[ADMIN] [05/06/2017 18.02] [] adminForm Load
[ADMIN] [05/06/2017 18.02] [] ACTIVATE USER ACCESS RIGHT
[ADMIN] [05/06/2017 18.02] [] SERVER IP IS LOCALHOST
[ADMIN] [05/06/2017 18.02] [] UPDATE DATA ID 2
[ADMIN] [05/06/2017 18.02] [] SERVER IP IS LOCALHOST
[ADMIN] [05/06/2017 18.02] [] UPDATE DATA ID 2
[ADMIN] [05/06/2017 18.02] [] UPDATE / INSERT FAILED
[ADMIN] [05/06/2017 18.03] [] SERVER IP IS LOCALHOST
[ADMIN] [05/06/2017 18.03] [] UPDATE DATA ID 2
[ADMIN] [05/06/2017 18.03] [] UPDATE / INSERT FAILED
[ADMIN] [05/06/2017 18.03] [] USER ID = 1LOGOUT
