[] [6/8/2017 01:32] [] USER = ADMIN IS ACTIVE
[ADMIN] [6/8/2017 01:32] [] USER ID = 1 LOGIN SUCCESSFULLY
[ADMIN] [6/8/2017 01:32] [] ACTIVATE USER ACCESS RIGHT
[ADMIN] [6/8/2017 01:32] [] DISPLAY ADMIN FORM
[ADMIN] [6/8/2017 01:32] [] adminForm Load
[ADMIN] [6/8/2017 01:32] [] ACTIVATE USER ACCESS RIGHT
[ADMIN] [6/8/2017 01:33] [TAMBAH / UPDATE PRODUK] deleteCurrentRow [0]
[ADMIN] [6/8/2017 01:33] [TAMBAH / UPDATE PRODUK] deleteCurrentRow [0]
[ADMIN] [6/8/2017 01:33] [TAMBAH / UPDATE PRODUK] deleteCurrentRow [0]
[ADMIN] [6/8/2017 01:33] [TAMBAH / UPDATE PRODUK] DETAIL PRODUK : detailGridView_CellValueChanged [qty]
[ADMIN] [6/8/2017 01:33] [TAMBAH / UPDATE PRODUK] DETAIL PRODUK : detailGridView_CellValueChanged [expiryDate]
[ADMIN] [6/8/2017 01:33] [TAMBAH / UPDATE PRODUK] DETAIL PRODUK : detailGridView_CellValueChanged [expiryDateValue]
[ADMIN] [6/8/2017 01:33] [TAMBAH / UPDATE PRODUK] DETAIL PRODUK : detailGridView_CellValueChanged [lotID]
[ADMIN] [6/8/2017 01:33] [TAMBAH / UPDATE PRODUK] DETAIL PRODUK : detailGridView_CellValueChanged [status]
[ADMIN] [6/8/2017 01:33] [TAMBAH / UPDATE PRODUK] DETAIL PRODUK : detailGridView_CellValueChanged [qty]
[ADMIN] [6/8/2017 01:33] [TAMBAH / UPDATE PRODUK] DETAIL PRODUK : detailGridView_CellValueChanged [expiryDate]
[ADMIN] [6/8/2017 01:33] [TAMBAH / UPDATE PRODUK] DETAIL PRODUK : detailGridView_CellValueChanged [expiryDateValue]
[] [6/8/2017 01:35] [] USER = ADMIN IS ACTIVE
[ADMIN] [6/8/2017 01:35] [] USER ID = 1 LOGIN SUCCESSFULLY
[ADMIN] [6/8/2017 01:35] [] ACTIVATE USER ACCESS RIGHT
[ADMIN] [6/8/2017 01:35] [] DISPLAY ADMIN FORM
[ADMIN] [6/8/2017 01:35] [] adminForm Load
[ADMIN] [6/8/2017 01:35] [] ACTIVATE USER ACCESS RIGHT
[ADMIN] [6/8/2017 01:36] [TAMBAH / UPDATE PRODUK] deleteCurrentRow [0]
[ADMIN] [6/8/2017 01:36] [TAMBAH / UPDATE PRODUK] deleteCurrentRow [0]
[] [6/8/2017 01:38] [] USER = ADMIN IS ACTIVE
[ADMIN] [6/8/2017 01:38] [] USER ID = 1 LOGIN SUCCESSFULLY
[ADMIN] [6/8/2017 01:38] [] ACTIVATE USER ACCESS RIGHT
[ADMIN] [6/8/2017 01:38] [] DISPLAY ADMIN FORM
[ADMIN] [6/8/2017 01:38] [] adminForm Load
[ADMIN] [6/8/2017 01:38] [] ACTIVATE USER ACCESS RIGHT
[ADMIN] [6/8/2017 01:38] [TAMBAH / UPDATE PRODUK] deleteCurrentRow [0]
[ADMIN] [6/8/2017 01:38] [TAMBAH / UPDATE PRODUK] deleteCurrentRow [0]
[ADMIN] [6/8/2017 01:39] [TAMBAH / UPDATE PRODUK] deleteCurrentRow [0]
[ADMIN] [6/8/2017 01:39] [TAMBAH / UPDATE PRODUK] deleteCurrentRow [0]
[ADMIN] [6/8/2017 01:39] [TAMBAH / UPDATE PRODUK] DELETE PRODUCT EXPIRY [2309]
[ADMIN] [6/8/2017 01:39] [TAMBAH / UPDATE PRODUK] DELETE PRODUCT EXPIRY [3351]
[ADMIN] [6/8/2017 01:39] [TAMBAH / UPDATE PRODUK] DELETE PRODUCT EXPIRY [2309]
[ADMIN] [6/8/2017 01:39] [TAMBAH / UPDATE PRODUK] DELETE PRODUCT EXPIRY [3351]
[ADMIN] [6/8/2017 01:39] [TAMBAH / UPDATE PRODUK] UPDATE CURRENT PRODUCT DATA [SD-PSB1]
[ADMIN] [6/8/2017 01:39] [TAMBAH / UPDATE PRODUK] UPDATE PRODUCT CATEGORY FOR [SD-PSB1]
[ADMIN] [6/8/2017 01:39] [TAMBAH / UPDATE PRODUK] DELETE CURRENT PRODUCT CATEGORY FOR [SD-PSB1]
[ADMIN] [6/8/2017 01:39] [TAMBAH / UPDATE PRODUK] INSERT PRODUCT CATEGORY FOR [SD-PSB1]
[] [6/8/2017 01:50] [] USER = ADMIN IS ACTIVE
[ADMIN] [6/8/2017 01:50] [] USER ID = 1 LOGIN SUCCESSFULLY
[ADMIN] [6/8/2017 01:50] [] ACTIVATE USER ACCESS RIGHT
[ADMIN] [6/8/2017 01:50] [] DISPLAY ADMIN FORM
[ADMIN] [6/8/2017 01:50] [] adminForm Load
[ADMIN] [6/8/2017 01:50] [] ACTIVATE USER ACCESS RIGHT
[ADMIN] [6/8/2017 01:51] [TAMBAH / UPDATE PRODUK] deleteCurrentRow [0]
[ADMIN] [6/8/2017 01:51] [TAMBAH / UPDATE PRODUK] DETAIL PRODUK : detailGridView_CellValueChanged [qty]
[ADMIN] [6/8/2017 01:51] [TAMBAH / UPDATE PRODUK] DETAIL PRODUK : detailGridView_CellValueChanged [expiryDate]
[ADMIN] [6/8/2017 01:51] [TAMBAH / UPDATE PRODUK] DETAIL PRODUK : detailGridView_CellValueChanged [expiryDateValue]
[ADMIN] [6/8/2017 01:51] [TAMBAH / UPDATE PRODUK] DETAIL PRODUK : detailGridView_CellValueChanged [status]
[ADMIN] [6/8/2017 01:51] [TAMBAH / UPDATE PRODUK] deleteCurrentRow [0]
[ADMIN] [6/8/2017 01:51] [TAMBAH / UPDATE PRODUK] DETAIL PRODUK : detailGridView_CellValueChanged [qty]
[ADMIN] [6/8/2017 01:51] [TAMBAH / UPDATE PRODUK] DETAIL PRODUK : detailGridView_CellValueChanged [status]
[ADMIN] [6/8/2017 01:51] [TAMBAH / UPDATE PRODUK] DETAIL PRODUK : detailGridView_CellValueChanged [expiryDate]
[ADMIN] [6/8/2017 01:51] [TAMBAH / UPDATE PRODUK] DETAIL PRODUK : detailGridView_CellValueChanged [expiryDateValue]
[ADMIN] [6/8/2017 01:52] [TAMBAH / UPDATE PRODUK] deleteCurrentRow [0]
[ADMIN] [6/8/2017 01:52] [TAMBAH / UPDATE PRODUK] DETAIL PRODUK : detailGridView_CellValueChanged [qty]
[ADMIN] [6/8/2017 01:52] [TAMBAH / UPDATE PRODUK] DETAIL PRODUK : detailGridView_CellValueChanged [expiryDate]
[ADMIN] [6/8/2017 01:52] [TAMBAH / UPDATE PRODUK] DETAIL PRODUK : detailGridView_CellValueChanged [expiryDateValue]
[ADMIN] [6/8/2017 01:52] [TAMBAH / UPDATE PRODUK] DETAIL PRODUK : detailGridView_CellValueChanged [status]
[ADMIN] [6/8/2017 01:52] [TAMBAH / UPDATE PRODUK] INSERT TO PRODUCT EXPIRY [06-06-2017]
[ADMIN] [6/8/2017 01:52] [TAMBAH / UPDATE PRODUK] DELETE PRODUCT EXPIRY [2803]
[ADMIN] [6/8/2017 01:52] [TAMBAH / UPDATE PRODUK] UPDATE CURRENT PRODUCT DATA [BETTER-AD1]
[ADMIN] [6/8/2017 01:52] [TAMBAH / UPDATE PRODUK] UPDATE PRODUCT CATEGORY FOR [BETTER-AD1]
[ADMIN] [6/8/2017 01:52] [TAMBAH / UPDATE PRODUK] DELETE CURRENT PRODUCT CATEGORY FOR [BETTER-AD1]
[ADMIN] [6/8/2017 01:52] [TAMBAH / UPDATE PRODUK] INSERT PRODUCT CATEGORY FOR [BETTER-AD1]
[] [6/8/2017 01:59] [] USER = ADMIN IS ACTIVE
[ADMIN] [6/8/2017 01:59] [] USER ID = 1 LOGIN SUCCESSFULLY
[ADMIN] [6/8/2017 01:59] [] ACTIVATE USER ACCESS RIGHT
[ADMIN] [6/8/2017 01:59] [] DISPLAY ADMIN FORM
[ADMIN] [6/8/2017 01:59] [] adminForm Load
[ADMIN] [6/8/2017 01:59] [] ACTIVATE USER ACCESS RIGHT
[ADMIN] [6/8/2017 01:59] [TAMBAH / UPDATE PRODUK] DETAIL PRODUK : detailGridView_CellValueChanged [lotID]
[ADMIN] [6/8/2017 01:59] [TAMBAH / UPDATE PRODUK] DETAIL PRODUK : detailGridView_CellValueChanged [status]
[ADMIN] [6/8/2017 01:59] [TAMBAH / UPDATE PRODUK] DETAIL PRODUK : detailGridView_CellValueChanged [qty]
[ADMIN] [6/8/2017 01:59] [TAMBAH / UPDATE PRODUK] DETAIL PRODUK : detailGridView_CellValueChanged [expiryDate]
[ADMIN] [6/8/2017 01:59] [TAMBAH / UPDATE PRODUK] DETAIL PRODUK : detailGridView_CellValueChanged [expiryDateValue]
[ADMIN] [6/8/2017 01:59] [TAMBAH / UPDATE PRODUK] DETAIL PRODUK : detailGridView_CellValueChanged [expiryDate]
[ADMIN] [6/8/2017 01:59] [TAMBAH / UPDATE PRODUK] DETAIL PRODUK : detailGridView_CellValueChanged [expiryDateValue]
[ADMIN] [6/8/2017 01:59] [TAMBAH / UPDATE PRODUK] DETAIL PRODUK : detailGridView_CellValueChanged [expiryDate]
[ADMIN] [6/8/2017 01:59] [TAMBAH / UPDATE PRODUK] DETAIL PRODUK : detailGridView_CellValueChanged [expiryDateValue]
[ADMIN] [6/8/2017 01:59] [TAMBAH / UPDATE PRODUK] DETAIL PRODUK : detailGridView_CellValueChanged [expiryDate]
[ADMIN] [6/8/2017 01:59] [TAMBAH / UPDATE PRODUK] DETAIL PRODUK : detailGridView_CellValueChanged [expiryDateValue]
[ADMIN] [6/8/2017 01:59] [TAMBAH / UPDATE PRODUK] DETAIL PRODUK : detailGridView_CellValueChanged [expiryDate]
[ADMIN] [6/8/2017 01:59] [TAMBAH / UPDATE PRODUK] DETAIL PRODUK : detailGridView_CellValueChanged [expiryDateValue]
[ADMIN] [6/8/2017 01:59] [TAMBAH / UPDATE PRODUK] DETAIL PRODUK : detailGridView_CellValueChanged [expiryDate]
[ADMIN] [6/8/2017 01:59] [TAMBAH / UPDATE PRODUK] DETAIL PRODUK : detailGridView_CellValueChanged [expiryDateValue]
[ADMIN] [6/8/2017 01:59] [] USER ID = 1LOGOUT
