[] [4/13/2017 12:36] [] USER = ADMIN IS ACTIVE
[ADMIN] [4/13/2017 12:36] [] USER ID = 1 LOGIN SUCCESSFULLY
[ADMIN] [4/13/2017 12:36] [] ACTIVATE USER ACCESS RIGHT
[ADMIN] [4/13/2017 12:36] [] DISPLAY ADMIN FORM
[ADMIN] [4/13/2017 12:36] [] adminForm Load
[ADMIN] [4/13/2017 12:36] [] ACTIVATE USER ACCESS RIGHT
[] [4/13/2017 12:38] [] USER = ADMIN IS ACTIVE
[ADMIN] [4/13/2017 12:38] [] USER ID = 1 LOGIN SUCCESSFULLY
[ADMIN] [4/13/2017 12:38] [] ACTIVATE USER ACCESS RIGHT
[ADMIN] [4/13/2017 12:38] [] DISPLAY ADMIN FORM
[ADMIN] [4/13/2017 12:38] [] adminForm Load
[ADMIN] [4/13/2017 12:38] [] ACTIVATE USER ACCESS RIGHT
[ADMIN] [4/13/2017 12:38] [] USER ID = 1LOGOUT
[ADMIN] [4/13/2017 12:38] [] USER = ADMIN IS ACTIVE
[ADMIN] [4/13/2017 12:38] [] USER = ADMIN IS ACTIVE
[ADMIN] [4/13/2017 12:38] [] USER ID = 1 LOGIN SUCCESSFULLY
[ADMIN] [4/13/2017 12:38] [] ACTIVATE USER ACCESS RIGHT
[ADMIN] [4/13/2017 12:38] [] DISPLAY ADMIN FORM
[ADMIN] [4/13/2017 12:38] [] adminForm Load
[ADMIN] [4/13/2017 12:38] [] ACTIVATE USER ACCESS RIGHT
[ADMIN] [4/13/2017 12:39] [PENERIMAAN BARANG] PENERIMAAN BARANG : detailGridView_CellValueChanged [productID]
[ADMIN] [4/13/2017 12:39] [PENERIMAAN BARANG] PENERIMAAN BARANG : detailGridView_CellValueChanged [productID]
[ADMIN] [4/13/2017 12:39] [PENERIMAAN BARANG] PENERIMAAN BARANG : detailGridView_CellValueChanged [productID]
[ADMIN] [4/13/2017 12:39] [PENERIMAAN BARANG] PENERIMAAN BARANG : detailGridView_CellValueChanged [productName]
[ADMIN] [4/13/2017 12:39] [PENJUALAN] CASHIER FORM : ComboBox_SelectedIndexChanged, PRODUCT_BASE_PRICE [16100]
[ADMIN] [4/13/2017 12:39] [PENERIMAAN BARANG] PENERIMAAN BARANG : detailGridView_CellValueChanged [hpp]
[ADMIN] [4/13/2017 12:39] [PENERIMAAN BARANG] PENERIMAAN BARANG : detailGridView_CellValueChanged [subtotal]
[ADMIN] [4/13/2017 12:39] [PENERIMAAN BARANG] PENERIMAAN BARANG : detailGridView_CellValueChanged [qtyReceived]
[ADMIN] [4/13/2017 12:39] [PENERIMAAN BARANG] PENERIMAAN BARANG : detailGridView_CellValueChanged [subtotal]
[ADMIN] [4/13/2017 12:39] [PENJUALAN] CASHIER FORM : ComboBox_SelectedIndexChanged, attempt to calculate total
[ADMIN] [4/13/2017 12:39] [PENERIMAAN BARANG] PENERIMAAN BARANG : detailGridView_CellValueChanged [qtyReceived]
[ADMIN] [4/13/2017 12:39] [PENERIMAAN BARANG] PENERIMAAN BARANG : detailGridView_CellValueChanged [subtotal]
[ADMIN] [4/13/2017 12:39] [PENERIMAAN BARANG] PENERIMAAN BARANG : detailGridView_CellValueChanged [subtotal]
[ADMIN] [4/13/2017 12:39] [PENERIMAAN BARANG] PENERIMAAN BARANG : detailGridView_CellValueChanged [qtyReceived]
[ADMIN] [4/13/2017 12:39] [PENERIMAAN BARANG] PENERIMAAN BARANG : detailGridView_CellValueChanged [subtotal]
[ADMIN] [4/13/2017 12:39] [PENERIMAAN BARANG] PENERIMAAN BARANG : detailGridView_CellValueChanged [qtyReceived]
[ADMIN] [4/13/2017 12:39] [PENERIMAAN BARANG] PENERIMAAN BARANG : detailGridView_CellValueChanged [subtotal]
[ADMIN] [4/13/2017 12:39] [PENERIMAAN BARANG] PENERIMAAN BARANG : detailGridView_CellValueChanged [qtyReceived]
[ADMIN] [4/13/2017 12:39] [PENERIMAAN BARANG] PENERIMAAN BARANG : detailGridView_CellValueChanged [subtotal]
[ADMIN] [4/13/2017 12:39] [PENERIMAAN BARANG] PENERIMAAN BARANG : detailGridView_CellValueChanged [qtyReceived]
[ADMIN] [4/13/2017 12:39] [PENERIMAAN BARANG] PENERIMAAN BARANG : detailGridView_CellValueChanged [subtotal]
[ADMIN] [4/13/2017 12:39] [PENERIMAAN BARANG] PENERIMAAN BARANG : detailGridView_CellValueChanged [qtyReceived]
[ADMIN] [4/13/2017 12:39] [PENERIMAAN BARANG] PENERIMAAN BARANG : detailGridView_CellValueChanged [subtotal]
[ADMIN] [4/13/2017 12:39] [PENERIMAAN BARANG] PENERIMAAN BARANG : detailGridView_CellValueChanged [qtyReceived]
[ADMIN] [4/13/2017 12:39] [PENERIMAAN BARANG] PENERIMAAN BARANG : detailGridView_CellValueChanged [qtyReceived]
[ADMIN] [4/13/2017 12:39] [PENERIMAAN BARANG] PENERIMAAN BARANG : detailGridView_CellValueChanged [qtyReceived]
[ADMIN] [4/13/2017 12:39] [PENERIMAAN BARANG] PENERIMAAN BARANG : detailGridView_CellValueChanged [qtyReceived]
[ADMIN] [4/13/2017 12:39] [PENERIMAAN BARANG] PENERIMAAN BARANG : detailGridView_CellValueChanged [qtyReceived]
[ADMIN] [4/13/2017 12:39] [PENERIMAAN BARANG] PENERIMAAN BARANG : detailGridView_CellValueChanged [qtyReceived]
[ADMIN] [4/13/2017 12:39] [PENERIMAAN BARANG] PENERIMAAN BARANG : detailGridView_CellValueChanged [qtyReceived]
[ADMIN] [4/13/2017 12:39] [PENERIMAAN BARANG] PENERIMAAN BARANG : detailGridView_CellValueChanged [qtyReceived]
[ADMIN] [4/13/2017 12:39] [PENERIMAAN BARANG] PENERIMAAN BARANG : detailGridView_CellValueChanged [qtyReceived]
[ADMIN] [4/13/2017 12:39] [PENERIMAAN BARANG] PENERIMAAN BARANG : detailGridView_CellValueChanged [qtyReceived]
[ADMIN] [4/13/2017 12:39] [PENERIMAAN BARANG] PENERIMAAN BARANG : detailGridView_CellValueChanged [qtyReceived]
[ADMIN] [4/13/2017 12:39] [PENERIMAAN BARANG] PENERIMAAN BARANG : detailGridView_CellValueChanged [qtyReceived]
[ADMIN] [4/13/2017 12:39] [PENERIMAAN BARANG] PENERIMAAN BARANG : detailGridView_CellValueChanged [qtyReceived]
[ADMIN] [4/13/2017 12:39] [PENERIMAAN BARANG] PENERIMAAN BARANG : detailGridView_CellValueChanged [qtyReceived]
[ADMIN] [4/13/2017 12:39] [PENERIMAAN BARANG] PENERIMAAN BARANG : detailGridView_CellValueChanged [qtyReceived]
[ADMIN] [4/13/2017 12:39] [PENERIMAAN BARANG] PENERIMAAN BARANG : detailGridView_CellValueChanged [qtyReceived]
[ADMIN] [4/13/2017 12:39] [PENERIMAAN BARANG] PENERIMAAN BARANG : detailGridView_CellValueChanged [qtyReceived]
[ADMIN] [4/13/2017 12:39] [PENERIMAAN BARANG] PENERIMAAN BARANG : detailGridView_CellValueChanged [qtyReceived]
[ADMIN] [4/13/2017 12:39] [PENERIMAAN BARANG] PENERIMAAN BARANG : detailGridView_CellValueChanged [qtyReceived]
[ADMIN] [4/13/2017 12:39] [PENERIMAAN BARANG] PENERIMAAN BARANG : detailGridView_CellValueChanged [qtyReceived]
[ADMIN] [4/13/2017 12:39] [PENERIMAAN BARANG] PENERIMAAN BARANG : detailGridView_CellValueChanged [qtyReceived]
[ADMIN] [4/13/2017 12:39] [PENERIMAAN BARANG] PENERIMAAN BARANG : detailGridView_CellValueChanged [qtyReceived]
[ADMIN] [4/13/2017 12:39] [PENERIMAAN BARANG] PENERIMAAN BARANG : detailGridView_CellValueChanged [qtyReceived]
[ADMIN] [4/13/2017 12:39] [PENERIMAAN BARANG] PENERIMAAN BARANG : detailGridView_CellValueChanged [qtyReceived]
[ADMIN] [4/13/2017 12:39] [PENERIMAAN BARANG] PENERIMAAN BARANG : detailGridView_CellValueChanged [qtyReceived]
[ADMIN] [4/13/2017 12:39] [PENERIMAAN BARANG] PENERIMAAN BARANG : detailGridView_CellValueChanged [qtyReceived]
[ADMIN] [4/13/2017 12:39] [PENERIMAAN BARANG] PENERIMAAN BARANG : detailGridView_CellValueChanged [qtyReceived]
[ADMIN] [4/13/2017 12:39] [PENERIMAAN BARANG] PENERIMAAN BARANG : detailGridView_CellValueChanged [qtyReceived]
[ADMIN] [4/13/2017 12:39] [PENERIMAAN BARANG] PENERIMAAN BARANG : detailGridView_CellValueChanged [qtyReceived]
[ADMIN] [4/13/2017 12:39] [PENERIMAAN BARANG] PENERIMAAN BARANG : detailGridView_CellValueChanged [qtyReceived]
[] [4/13/2017 12:44] [] USER = ADMIN IS ACTIVE
[ADMIN] [4/13/2017 12:44] [] USER ID = 1 LOGIN SUCCESSFULLY
[ADMIN] [4/13/2017 12:44] [] ACTIVATE USER ACCESS RIGHT
[ADMIN] [4/13/2017 12:44] [] DISPLAY ADMIN FORM
[ADMIN] [4/13/2017 12:44] [] adminForm Load
[ADMIN] [4/13/2017 12:44] [] ACTIVATE USER ACCESS RIGHT
[ADMIN] [4/13/2017 12:46] [PENERIMAAN BARANG] PENERIMAAN BARANG : detailGridView_CellValueChanged [productID]
[ADMIN] [4/13/2017 12:46] [PENERIMAAN BARANG] PENERIMAAN BARANG : detailGridView_CellValueChanged [productID]
[ADMIN] [4/13/2017 12:46] [PENERIMAAN BARANG] PENERIMAAN BARANG : detailGridView_CellValueChanged [productID]
[ADMIN] [4/13/2017 12:46] [PENERIMAAN BARANG] PENERIMAAN BARANG : detailGridView_CellValueChanged [productName]
[ADMIN] [4/13/2017 12:46] [PENJUALAN] CASHIER FORM : ComboBox_SelectedIndexChanged, PRODUCT_BASE_PRICE [29250]
[ADMIN] [4/13/2017 12:46] [PENERIMAAN BARANG] PENERIMAAN BARANG : detailGridView_CellValueChanged [hpp]
[ADMIN] [4/13/2017 12:46] [PENERIMAAN BARANG] PENERIMAAN BARANG : detailGridView_CellValueChanged [subtotal]
[ADMIN] [4/13/2017 12:46] [PENERIMAAN BARANG] PENERIMAAN BARANG : detailGridView_CellValueChanged [qtyReceived]
[ADMIN] [4/13/2017 12:46] [PENERIMAAN BARANG] PENERIMAAN BARANG : detailGridView_CellValueChanged [subtotal]
[ADMIN] [4/13/2017 12:46] [PENJUALAN] CASHIER FORM : ComboBox_SelectedIndexChanged, attempt to calculate total
[ADMIN] [4/13/2017 12:46] [PENERIMAAN BARANG] PENERIMAAN BARANG : detailGridView_CellValueChanged [qtyReceived]
[ADMIN] [4/13/2017 12:46] [PENERIMAAN BARANG] PENERIMAAN BARANG : detailGridView_CellValueChanged [subtotal]
[ADMIN] [4/13/2017 12:46] [PENERIMAAN BARANG] PENERIMAAN BARANG : detailGridView_CellValueChanged [subtotal]
[ADMIN] [4/13/2017 12:46] [PENERIMAAN BARANG] deleteCurrentRow [0]
[ADMIN] [4/13/2017 12:46] [PENERIMAAN BARANG] PENERIMAAN BARANG : detailGridView_CellValueChanged [productID]
[ADMIN] [4/13/2017 12:46] [PENERIMAAN BARANG] PENERIMAAN BARANG : detailGridView_CellValueChanged [productID]
[ADMIN] [4/13/2017 12:46] [PENERIMAAN BARANG] PENERIMAAN BARANG : detailGridView_CellValueChanged [productName]
[ADMIN] [4/13/2017 12:46] [PENJUALAN] CASHIER FORM : ComboBox_SelectedIndexChanged, PRODUCT_BASE_PRICE [29250]
[ADMIN] [4/13/2017 12:46] [PENERIMAAN BARANG] PENERIMAAN BARANG : detailGridView_CellValueChanged [hpp]
[ADMIN] [4/13/2017 12:46] [PENERIMAAN BARANG] PENERIMAAN BARANG : detailGridView_CellValueChanged [subtotal]
[ADMIN] [4/13/2017 12:46] [PENERIMAAN BARANG] PENERIMAAN BARANG : detailGridView_CellValueChanged [qtyReceived]
[ADMIN] [4/13/2017 12:46] [PENERIMAAN BARANG] PENERIMAAN BARANG : detailGridView_CellValueChanged [subtotal]
[ADMIN] [4/13/2017 12:46] [PENJUALAN] CASHIER FORM : ComboBox_SelectedIndexChanged, attempt to calculate total
[ADMIN] [4/13/2017 12:46] [PENERIMAAN BARANG] PENERIMAAN BARANG : detailGridView_CellValueChanged [qtyReceived]
[ADMIN] [4/13/2017 12:46] [PENERIMAAN BARANG] PENERIMAAN BARANG : detailGridView_CellValueChanged [subtotal]
[ADMIN] [4/13/2017 12:46] [PENERIMAAN BARANG] PENERIMAAN BARANG : detailGridView_CellValueChanged [subtotal]
[ADMIN] [4/13/2017 12:46] [PENERIMAAN BARANG] PENERIMAAN BARANG : detailGridView_CellValueChanged [qtyReceived]
[ADMIN] [4/13/2017 12:46] [PENERIMAAN BARANG] PENERIMAAN BARANG : detailGridView_CellValueChanged [subtotal]
[ADMIN] [4/13/2017 12:46] [PENERIMAAN BARANG] PENERIMAAN BARANG : detailGridView_CellValueChanged [qtyReceived]
[ADMIN] [4/13/2017 12:46] [PENERIMAAN BARANG] PENERIMAAN BARANG : detailGridView_CellValueChanged [subtotal]
[ADMIN] [4/13/2017 12:46] [PENERIMAAN BARANG] PENERIMAAN BARANG : detailGridView_CellValueChanged [qtyReceived]
[ADMIN] [4/13/2017 12:46] [PENERIMAAN BARANG] PENERIMAAN BARANG : detailGridView_CellValueChanged [subtotal]
[ADMIN] [4/13/2017 12:46] [PENERIMAAN BARANG] PENERIMAAN BARANG : detailGridView_CellValueChanged [qtyReceived]
[ADMIN] [4/13/2017 12:46] [PENERIMAAN BARANG] PENERIMAAN BARANG : detailGridView_CellValueChanged [subtotal]
[ADMIN] [4/13/2017 12:46] [PENERIMAAN BARANG] PENERIMAAN BARANG : detailGridView_CellValueChanged [qtyReceived]
[ADMIN] [4/13/2017 12:46] [PENERIMAAN BARANG] PENERIMAAN BARANG : detailGridView_CellValueChanged [subtotal]
[ADMIN] [4/13/2017 12:46] [PENERIMAAN BARANG] PENERIMAAN BARANG : detailGridView_CellValueChanged [qtyReceived]
[ADMIN] [4/13/2017 12:46] [PENERIMAAN BARANG] PENERIMAAN BARANG : detailGridView_CellValueChanged [subtotal]
[ADMIN] [4/13/2017 12:46] [PENERIMAAN BARANG] SAVE PENERIMAAN BARANG
[ADMIN] [4/13/2017 12:46] [PENERIMAAN BARANG] SAVE PENERIMAAN BARANG
[ADMIN] [4/13/2017 12:46] [PENERIMAAN BARANG] PENERIMAAN BARANG : detailGridView_CellValueChanged [expiryDate]
[ADMIN] [4/13/2017 12:46] [PENERIMAAN BARANG] PENERIMAAN BARANG : detailGridView_CellValueChanged [expiryDateValue]
[ADMIN] [4/13/2017 12:46] [PENERIMAAN BARANG] SAVE PENERIMAAN BARANG
[ADMIN] [4/13/2017 12:46] [PENERIMAAN BARANG] DIRECT PENERIMAAN BARANG, THEREFORE CALCULATE TAX LIMIT
[ADMIN] [4/13/2017 12:46] [PENERIMAAN BARANG] CHECK IF TAX LIMIT SET FOR PERCENTAGE PURCHASE [0]
[ADMIN] [4/13/2017 12:46] [PENERIMAAN BARANG] CHECK IF TAX LIMIT SET FOR AVERAGE DAILY PURCHASE [0]
[ADMIN] [4/13/2017 12:46] [PENERIMAAN BARANG] INSERT PENERIMAAN BARANG [123]
[ADMIN] [4/13/2017 12:46] [PENERIMAAN BARANG] INSERT PO DATA BECAUSE OF DIRECT PENERIMAAN [123]
[ADMIN] [4/13/2017 12:46] [PENERIMAAN BARANG] SAVE DETAIL PENERIMAAN [ALPO-P1, 29250, 1]
[ADMIN] [4/13/2017 12:46] [PENERIMAAN BARANG] UPDATE MASTER PRODUCT DATA [ALPO-P1]
[ADMIN] [4/13/2017 12:46] [PENERIMAAN BARANG] INSERT TO PRODUCT EXPIRY [ALPO-P1]
[ADMIN] [4/13/2017 12:46] [PENERIMAAN BARANG] INSERT TO PURCHASE DETAIL [ALPO-P1]
[ADMIN] [4/13/2017 12:46] [PENERIMAAN BARANG] INSERT INTO DEBT [123]
[ADMIN] [4/13/2017 12:46] [PENERIMAAN BARANG] PENERIMAAN BARANG SAVED
[ADMIN] [4/13/2017 12:47] [PENERIMAAN BARANG] PENERIMAAN BARANG : detailGridView_CellValueChanged [productID]
[ADMIN] [4/13/2017 12:47] [PENERIMAAN BARANG] PENERIMAAN BARANG : detailGridView_CellValueChanged [productID]
[ADMIN] [4/13/2017 12:47] [PENERIMAAN BARANG] PENERIMAAN BARANG : detailGridView_CellValueChanged [productName]
[ADMIN] [4/13/2017 12:47] [PENJUALAN] CASHIER FORM : ComboBox_SelectedIndexChanged, PRODUCT_BASE_PRICE [30000]
[ADMIN] [4/13/2017 12:47] [PENERIMAAN BARANG] PENERIMAAN BARANG : detailGridView_CellValueChanged [hpp]
[ADMIN] [4/13/2017 12:47] [PENERIMAAN BARANG] PENERIMAAN BARANG : detailGridView_CellValueChanged [subtotal]
[ADMIN] [4/13/2017 12:47] [PENERIMAAN BARANG] PENERIMAAN BARANG : detailGridView_CellValueChanged [qtyReceived]
[ADMIN] [4/13/2017 12:47] [PENERIMAAN BARANG] PENERIMAAN BARANG : detailGridView_CellValueChanged [subtotal]
[ADMIN] [4/13/2017 12:47] [PENJUALAN] CASHIER FORM : ComboBox_SelectedIndexChanged, attempt to calculate total
[ADMIN] [4/13/2017 12:47] [PENERIMAAN BARANG] PENERIMAAN BARANG : detailGridView_CellValueChanged [qtyReceived]
[ADMIN] [4/13/2017 12:47] [PENERIMAAN BARANG] PENERIMAAN BARANG : detailGridView_CellValueChanged [subtotal]
[ADMIN] [4/13/2017 12:47] [PENERIMAAN BARANG] PENERIMAAN BARANG : detailGridView_CellValueChanged [subtotal]
[ADMIN] [4/13/2017 12:47] [PENERIMAAN BARANG] PENERIMAAN BARANG : detailGridView_CellValueChanged [productID]
[ADMIN] [4/13/2017 12:47] [PENERIMAAN BARANG] PENERIMAAN BARANG : detailGridView_CellValueChanged [productID]
[ADMIN] [4/13/2017 12:47] [PENERIMAAN BARANG] PENERIMAAN BARANG : detailGridView_CellValueChanged [productName]
[ADMIN] [4/13/2017 12:47] [PENJUALAN] CASHIER FORM : ComboBox_SelectedIndexChanged, PRODUCT_BASE_PRICE [48000]
[ADMIN] [4/13/2017 12:47] [PENERIMAAN BARANG] PENERIMAAN BARANG : detailGridView_CellValueChanged [hpp]
[ADMIN] [4/13/2017 12:47] [PENERIMAAN BARANG] PENERIMAAN BARANG : detailGridView_CellValueChanged [subtotal]
[ADMIN] [4/13/2017 12:47] [PENERIMAAN BARANG] PENERIMAAN BARANG : detailGridView_CellValueChanged [qtyReceived]
[ADMIN] [4/13/2017 12:47] [PENERIMAAN BARANG] PENERIMAAN BARANG : detailGridView_CellValueChanged [subtotal]
[ADMIN] [4/13/2017 12:47] [PENJUALAN] CASHIER FORM : ComboBox_SelectedIndexChanged, attempt to calculate total
[ADMIN] [4/13/2017 12:47] [PENERIMAAN BARANG] PENERIMAAN BARANG : detailGridView_CellValueChanged [qtyReceived]
[ADMIN] [4/13/2017 12:47] [PENERIMAAN BARANG] PENERIMAAN BARANG : detailGridView_CellValueChanged [subtotal]
[ADMIN] [4/13/2017 12:47] [PENERIMAAN BARANG] PENERIMAAN BARANG : detailGridView_CellValueChanged [subtotal]
[ADMIN] [4/13/2017 12:47] [PENERIMAAN BARANG] deleteCurrentRow [1]
[ADMIN] [4/13/2017 12:48] [PENJUALAN] CASHIER FORM : REGISTER HOTKEY
[ADMIN] [4/13/2017 12:48] [PENJUALAN] CASHIER FORM : cashierForm_Load, ATTEMPT TO LOAD NO FAKTUR
[ADMIN] [4/13/2017 12:48] [PENJUALAN] CASHIER FORM : loadNoFaktur, noFakturValue [SLO001]
[ADMIN] [4/13/2017 12:48] [PENJUALAN] CASHIER FORM : cashierForm_Load, ATTEMPT TO addColumnToDataGrid
[ADMIN] [4/13/2017 12:48] [PENJUALAN] CASHIER FORM : UPDATE ROW NUMBER, TOTAL ROW [1]
[ADMIN] [4/13/2017 12:48] [PENJUALAN] CASHIER FORM : calculateTotal
[ADMIN] [4/13/2017 12:48] [PENJUALAN] CASHIER FORM : calculateTotal [0]
[ADMIN] [4/13/2017 12:48] [PENJUALAN] CASHIER FORM : calculateTotal, totalAfterDisc [0]
[ADMIN] [4/13/2017 12:48] [PENJUALAN] CASHIER FORM : calculateChangeValue, bayarTextBox.Text [0]
[ADMIN] [4/13/2017 12:48] [PENJUALAN] CASHIER FORM : calculateChangeValue, sisaBayar [0]
[ADMIN] [4/13/2017 12:48] [PENJUALAN] CASHIER FORM : ADD NEW ROW,  isActive [True]
[ADMIN] [4/13/2017 12:48] [PENJUALAN] CASHIER FORM : ADD NEW ROW,  ROW COUNT [0]
[ADMIN] [4/13/2017 12:48] [PENJUALAN] CASHIER FORM : ADD NEW ROW,  ALLOW TO ADD [True]
[ADMIN] [4/13/2017 12:48] [PENJUALAN] CASHIER FORM : UPDATE ROW NUMBER, TOTAL ROW [1]
[ADMIN] [4/13/2017 12:48] [PENJUALAN] CASHIER FORM : UPDATE ROW NUMBER, TOTAL ROW [2]
[ADMIN] [4/13/2017 12:48] [PENJUALAN] CASHIER FORM : cashierDataGridView_CellValueChanged [F8]
[ADMIN] [4/13/2017 12:48] [PENJUALAN] CASHIER FORM : REGISTER HOTKEY
[ADMIN] [4/13/2017 12:49] [PENJUALAN] CASHIER FORM : UNREGISTER HOTKEY
[ADMIN] [4/13/2017 12:50] [PENJUALAN] CASHIER FORM : REGISTER HOTKEY
[ADMIN] [4/13/2017 12:50] [PENJUALAN] CASHIER FORM : ChangePrinterButton_Click, DISPLAY PRINTER SELECTION FORM
[ADMIN] [4/13/2017 12:50] [PENJUALAN] CASHIER FORM : UNREGISTER HOTKEY
[ADMIN] [4/13/2017 12:50] [PENGATURAN PRINTER] PAPER SIZE CHANGED [1]
[ADMIN] [4/13/2017 12:50] [PENGATURAN PRINTER] DEFAULT PRINTER CHANGED [PrimoPDF]
[ADMIN] [4/13/2017 12:50] [PENJUALAN] CASHIER FORM : REGISTER HOTKEY
[ADMIN] [4/13/2017 12:50] [PENJUALAN] CASHIER FORM : UNREGISTER HOTKEY
[ADMIN] [4/13/2017 12:50] [PENJUALAN] CASHIER FORM : REGISTER HOTKEY
[ADMIN] [4/13/2017 12:50] [PENJUALAN] RE-PRINT INVOICE
[ADMIN] [4/13/2017 12:50] [PENJUALAN] CASHIER FORM : PrintReceipt
[ADMIN] [4/13/2017 12:50] [PENJUALAN] CASHIER FORM : PrintReceipt, papermode [1]
[ADMIN] [4/13/2017 12:50] [PENJUALAN] CASHIER FORM : PrintReceipt, display SalesReceiptForm
[ADMIN] [4/13/2017 12:50] [PENJUALAN] CASHIER FORM : UNREGISTER HOTKEY
[ADMIN] [4/13/2017 12:51] [PENJUALAN] CASHIER FORM : REGISTER HOTKEY
[ADMIN] [4/13/2017 12:51] [PENJUALAN] CASHIER FORM : ChangePrinterButton_Click, DISPLAY PRINTER SELECTION FORM
[ADMIN] [4/13/2017 12:51] [PENJUALAN] CASHIER FORM : UNREGISTER HOTKEY
[ADMIN] [4/13/2017 12:51] [PENGATURAN PRINTER] PAPER SIZE CHANGED [2]
[ADMIN] [4/13/2017 12:51] [PENGATURAN PRINTER] DEFAULT PRINTER CHANGED [PrimoPDF]
[ADMIN] [4/13/2017 12:51] [PENJUALAN] CASHIER FORM : REGISTER HOTKEY
[ADMIN] [4/13/2017 12:51] [PENJUALAN] CASHIER FORM : UNREGISTER HOTKEY
[ADMIN] [4/13/2017 12:51] [PENJUALAN] CASHIER FORM : REGISTER HOTKEY
[ADMIN] [4/13/2017 12:51] [PENJUALAN] RE-PRINT INVOICE
[ADMIN] [4/13/2017 12:51] [PENJUALAN] CASHIER FORM : PrintReceipt
[ADMIN] [4/13/2017 12:51] [PENJUALAN] CASHIER FORM : PrintReceipt, papermode [2]
[ADMIN] [4/13/2017 12:51] [PENJUALAN] CASHIER FORM : PrintReceipt, kuarto paper, display SalesReceiptKuartoForm
[ADMIN] [4/13/2017 12:51] [PENJUALAN] CASHIER FORM : UNREGISTER HOTKEY
[ADMIN] [4/13/2017 12:51] [PENJUALAN] CASHIER FORM : REGISTER HOTKEY
[ADMIN] [4/13/2017 12:51] [PENJUALAN] CASHIER FORM : UNREGISTER HOTKEY
[ADMIN] [4/13/2017 12:51] [PENJUALAN] CASHIER FORM : UNREGISTER HOTKEY
[ADMIN] [4/13/2017 12:55] [] USER ID = 1LOGOUT
