[] [4/12/2017 00:28] [] USER = ADMIN IS ACTIVE
[ADMIN] [4/12/2017 00:28] [] USER ID = 1 LOGIN SUCCESSFULLY
[ADMIN] [4/12/2017 00:28] [] ACTIVATE USER ACCESS RIGHT
[ADMIN] [4/12/2017 00:28] [] DISPLAY ADMIN FORM
[ADMIN] [4/12/2017 00:28] [] adminForm Load
[ADMIN] [4/12/2017 00:28] [] ACTIVATE USER ACCESS RIGHT
[ADMIN] [4/12/2017 00:28] [PENERIMAAN BARANG] PENERIMAAN BARANG : detailGridView_CellValueChanged [productID]
[ADMIN] [4/12/2017 00:28] [PENERIMAAN BARANG] PENERIMAAN BARANG : detailGridView_CellValueChanged [productID]
[ADMIN] [4/12/2017 00:28] [PENERIMAAN BARANG] PENERIMAAN BARANG : detailGridView_CellValueChanged [productID]
[ADMIN] [4/12/2017 00:28] [PENERIMAAN BARANG] PENERIMAAN BARANG : detailGridView_CellValueChanged [productID]
[ADMIN] [4/12/2017 00:28] [PENERIMAAN BARANG] PENERIMAAN BARANG : detailGridView_CellValueChanged [productName]
[ADMIN] [4/12/2017 00:28] [PENJUALAN] CASHIER FORM : ComboBox_SelectedIndexChanged, PRODUCT_BASE_PRICE [395604.55]
[ADMIN] [4/12/2017 00:28] [PENERIMAAN BARANG] PENERIMAAN BARANG : detailGridView_CellValueChanged [hpp]
[ADMIN] [4/12/2017 00:28] [PENERIMAAN BARANG] PENERIMAAN BARANG : detailGridView_CellValueChanged [subtotal]
[ADMIN] [4/12/2017 00:28] [PENERIMAAN BARANG] PENERIMAAN BARANG : detailGridView_CellValueChanged [qtyReceived]
[ADMIN] [4/12/2017 00:28] [PENERIMAAN BARANG] PENERIMAAN BARANG : detailGridView_CellValueChanged [subtotal]
[ADMIN] [4/12/2017 00:28] [PENJUALAN] CASHIER FORM : ComboBox_SelectedIndexChanged, attempt to calculate total
[ADMIN] [4/12/2017 00:28] [PENERIMAAN BARANG] PENERIMAAN BARANG : detailGridView_CellValueChanged [qtyReceived]
[ADMIN] [4/12/2017 00:28] [PENERIMAAN BARANG] PENERIMAAN BARANG : detailGridView_CellValueChanged [subtotal]
[ADMIN] [4/12/2017 00:28] [PENERIMAAN BARANG] PENERIMAAN BARANG : detailGridView_CellValueChanged [subtotal]
[ADMIN] [4/12/2017 00:28] [PENERIMAAN BARANG] PENERIMAAN BARANG : detailGridView_CellValueChanged [expiryDate]
[ADMIN] [4/12/2017 00:28] [PENERIMAAN BARANG] PENERIMAAN BARANG : detailGridView_CellValueChanged [expiryDateValue]
[ADMIN] [4/12/2017 00:28] [PENERIMAAN BARANG] SAVE PENERIMAAN BARANG
[ADMIN] [4/12/2017 00:28] [PENERIMAAN BARANG] DIRECT PENERIMAAN BARANG, THEREFORE CALCULATE TAX LIMIT
[ADMIN] [4/12/2017 00:28] [PENERIMAAN BARANG] CHECK IF TAX LIMIT SET FOR PERCENTAGE PURCHASE [0]
[ADMIN] [4/12/2017 00:28] [PENERIMAAN BARANG] CHECK IF TAX LIMIT SET FOR AVERAGE DAILY PURCHASE [0]
[ADMIN] [4/12/2017 00:28] [PENERIMAAN BARANG] INSERT PENERIMAAN BARANG [2]
[ADMIN] [4/12/2017 00:28] [PENERIMAAN BARANG] INSERT PO DATA BECAUSE OF DIRECT PENERIMAAN [2]
[ADMIN] [4/12/2017 00:28] [PENERIMAAN BARANG] SAVE DETAIL PENERIMAAN [FUN-ADM20, 395604.55, 1]
[ADMIN] [4/12/2017 00:28] [PENERIMAAN BARANG] UPDATE MASTER PRODUCT DATA [FUN-ADM20]
[ADMIN] [4/12/2017 00:28] [PENERIMAAN BARANG] INSERT TO PRODUCT EXPIRY [FUN-ADM20]
[ADMIN] [4/12/2017 00:28] [PENERIMAAN BARANG] INSERT TO PURCHASE DETAIL [FUN-ADM20]
[ADMIN] [4/12/2017 00:28] [PENERIMAAN BARANG] INSERT INTO DEBT [2]
[ADMIN] [4/12/2017 00:28] [PENERIMAAN BARANG] PENERIMAAN BARANG SAVED
[ADMIN] [4/12/2017 00:28] [PENERIMAAN BARANG] PENERIMAAN BARANG : detailGridView_CellValueChanged [productID]
[ADMIN] [4/12/2017 00:28] [PENERIMAAN BARANG] PENERIMAAN BARANG : detailGridView_CellValueChanged [productID]
[ADMIN] [4/12/2017 00:28] [PENERIMAAN BARANG] PENERIMAAN BARANG : detailGridView_CellValueChanged [productID]
[ADMIN] [4/12/2017 00:28] [PENERIMAAN BARANG] PENERIMAAN BARANG : detailGridView_CellValueChanged [productID]
[ADMIN] [4/12/2017 00:28] [PENERIMAAN BARANG] PENERIMAAN BARANG : detailGridView_CellValueChanged [productName]
[ADMIN] [4/12/2017 00:28] [PENJUALAN] CASHIER FORM : ComboBox_SelectedIndexChanged, PRODUCT_BASE_PRICE [395604.55]
[ADMIN] [4/12/2017 00:28] [PENERIMAAN BARANG] PENERIMAAN BARANG : detailGridView_CellValueChanged [hpp]
[ADMIN] [4/12/2017 00:28] [PENERIMAAN BARANG] PENERIMAAN BARANG : detailGridView_CellValueChanged [subtotal]
[ADMIN] [4/12/2017 00:28] [PENERIMAAN BARANG] PENERIMAAN BARANG : detailGridView_CellValueChanged [qtyReceived]
[ADMIN] [4/12/2017 00:28] [PENERIMAAN BARANG] PENERIMAAN BARANG : detailGridView_CellValueChanged [subtotal]
[ADMIN] [4/12/2017 00:28] [PENJUALAN] CASHIER FORM : ComboBox_SelectedIndexChanged, attempt to calculate total
[ADMIN] [4/12/2017 00:28] [PENERIMAAN BARANG] PENERIMAAN BARANG : detailGridView_CellValueChanged [qtyReceived]
[ADMIN] [4/12/2017 00:28] [PENERIMAAN BARANG] PENERIMAAN BARANG : detailGridView_CellValueChanged [subtotal]
[ADMIN] [4/12/2017 00:28] [PENERIMAAN BARANG] PENERIMAAN BARANG : detailGridView_CellValueChanged [subtotal]
[ADMIN] [4/12/2017 00:29] [PENERIMAAN BARANG] PENERIMAAN BARANG : detailGridView_CellValueChanged [expiryDate]
[ADMIN] [4/12/2017 00:29] [PENERIMAAN BARANG] PENERIMAAN BARANG : detailGridView_CellValueChanged [expiryDateValue]
[ADMIN] [4/12/2017 00:29] [PENERIMAAN BARANG] SAVE PENERIMAAN BARANG
[ADMIN] [4/12/2017 00:29] [PENERIMAAN BARANG] DIRECT PENERIMAAN BARANG, THEREFORE CALCULATE TAX LIMIT
[ADMIN] [4/12/2017 00:29] [PENERIMAAN BARANG] CHECK IF TAX LIMIT SET FOR PERCENTAGE PURCHASE [0]
[ADMIN] [4/12/2017 00:29] [PENERIMAAN BARANG] CHECK IF TAX LIMIT SET FOR AVERAGE DAILY PURCHASE [0]
[ADMIN] [4/12/2017 00:29] [PENERIMAAN BARANG] INSERT PENERIMAAN BARANG [3]
[ADMIN] [4/12/2017 00:29] [PENERIMAAN BARANG] INSERT PO DATA BECAUSE OF DIRECT PENERIMAAN [3]
[ADMIN] [4/12/2017 00:29] [PENERIMAAN BARANG] SAVE DETAIL PENERIMAAN [FUN-ADM20, 395604.55, 1]
[ADMIN] [4/12/2017 00:29] [PENERIMAAN BARANG] UPDATE MASTER PRODUCT DATA [FUN-ADM20]
[ADMIN] [4/12/2017 00:29] [PENERIMAAN BARANG] INSERT TO PRODUCT EXPIRY [FUN-ADM20]
[ADMIN] [4/12/2017 00:29] [PENERIMAAN BARANG] INSERT TO PURCHASE DETAIL [FUN-ADM20]
[ADMIN] [4/12/2017 00:29] [PENERIMAAN BARANG] INSERT INTO DEBT [3]
[ADMIN] [4/12/2017 00:29] [PENERIMAAN BARANG] PENERIMAAN BARANG SAVED
[ADMIN] [4/12/2017 00:29] [] USER ID = 1LOGOUT
