[] [5/24/2017 15:36] [] USER = ADMIN IS ACTIVE
[ADMIN] [5/24/2017 15:36] [] USER ID = 1 LOGIN SUCCESSFULLY
[ADMIN] [5/24/2017 15:36] [] ACTIVATE USER ACCESS RIGHT
[ADMIN] [5/24/2017 15:36] [] DISPLAY ADMIN FORM
[ADMIN] [5/24/2017 15:36] [] adminForm Load
[ADMIN] [5/24/2017 15:36] [] ACTIVATE USER ACCESS RIGHT
[ADMIN] [5/24/2017 15:36] [PENERIMAAN BARANG] PENERIMAAN BARANG : detailGridView_CellValueChanged [productID]
[ADMIN] [5/24/2017 15:36] [PENERIMAAN BARANG] PENERIMAAN BARANG : detailGridView_CellValueChanged [productID]
[ADMIN] [5/24/2017 15:36] [PENERIMAAN BARANG] PENERIMAAN BARANG : detailGridView_CellValueChanged [productID]
[ADMIN] [5/24/2017 15:36] [PENERIMAAN BARANG] PENERIMAAN BARANG : detailGridView_CellValueChanged [productID]
[ADMIN] [5/24/2017 15:36] [PENERIMAAN BARANG] PENERIMAAN BARANG : detailGridView_CellValueChanged [productID]
[ADMIN] [5/24/2017 15:36] [PENERIMAAN BARANG] PENERIMAAN BARANG : detailGridView_CellValueChanged [productID]
[ADMIN] [5/24/2017 15:36] [PENERIMAAN BARANG] PENERIMAAN BARANG : detailGridView_CellValueChanged [productID]
[ADMIN] [5/24/2017 15:36] [PENERIMAAN BARANG] PENERIMAAN BARANG : detailGridView_CellValueChanged [productName]
[ADMIN] [5/24/2017 15:36] [PENJUALAN] CASHIER FORM : ComboBox_SelectedIndexChanged, PRODUCT_BASE_PRICE [29250]
[ADMIN] [5/24/2017 15:36] [PENERIMAAN BARANG] PENERIMAAN BARANG : detailGridView_CellValueChanged [hpp]
[ADMIN] [5/24/2017 15:36] [PENERIMAAN BARANG] PENERIMAAN BARANG : detailGridView_CellValueChanged [subtotal]
[ADMIN] [5/24/2017 15:36] [PENERIMAAN BARANG] PENERIMAAN BARANG : detailGridView_CellValueChanged [qtyReceived]
[ADMIN] [5/24/2017 15:36] [PENERIMAAN BARANG] PENERIMAAN BARANG : detailGridView_CellValueChanged [subtotal]
[ADMIN] [5/24/2017 15:36] [PENJUALAN] CASHIER FORM : ComboBox_SelectedIndexChanged, attempt to calculate total
[ADMIN] [5/24/2017 15:36] [PENERIMAAN BARANG] PENERIMAAN BARANG : detailGridView_CellValueChanged [qtyReceived]
[ADMIN] [5/24/2017 15:36] [PENERIMAAN BARANG] PENERIMAAN BARANG : detailGridView_CellValueChanged [subtotal]
[ADMIN] [5/24/2017 15:36] [PENERIMAAN BARANG] PENERIMAAN BARANG : detailGridView_CellValueChanged [subtotal]
[ADMIN] [5/24/2017 15:37] [PENGATURAN PRINTER] PAPER SIZE CHANGED [0]
[ADMIN] [5/24/2017 15:37] [PENGATURAN PRINTER] DEFAULT PRINTER CHANGED [EPSON TM-T82 ReceiptSA4]
[ADMIN] [5/24/2017 15:46] [PURCHASE ORDER] PURCHASE ORDER : detailPODataGridView_CellValueChanged [productID]
[ADMIN] [5/24/2017 15:46] [PURCHASE ORDER] PURCHASE ORDER : detailPODataGridView_CellValueChanged [productID]
[ADMIN] [5/24/2017 15:46] [PURCHASE ORDER] PURCHASE ORDER : detailPODataGridView_CellValueChanged [productID]
[ADMIN] [5/24/2017 15:46] [PURCHASE ORDER] PURCHASE ORDER : detailPODataGridView_CellValueChanged [productID]
[ADMIN] [5/24/2017 15:46] [PURCHASE ORDER] PURCHASE ORDER : detailPODataGridView_CellValueChanged [productID]
[ADMIN] [5/24/2017 15:46] [PURCHASE ORDER] PURCHASE ORDER : detailPODataGridView_CellValueChanged [productID]
[ADMIN] [5/24/2017 15:46] [PURCHASE ORDER] PURCHASE ORDER : detailPODataGridView_CellValueChanged [productID]
[ADMIN] [5/24/2017 15:46] [PURCHASE ORDER] PURCHASE ORDER : detailPODataGridView_CellValueChanged [productID]
[ADMIN] [5/24/2017 15:46] [PURCHASE ORDER] PURCHASE ORDER : detailPODataGridView_CellValueChanged [productID]
[ADMIN] [5/24/2017 15:46] [PURCHASE ORDER] PURCHASE ORDER : detailPODataGridView_CellValueChanged [productName]
[ADMIN] [5/24/2017 15:46] [PURCHASE ORDER] updateSomeRowsContent, PRODUCT_BASE_PRICE [29250]
[ADMIN] [5/24/2017 15:46] [PURCHASE ORDER] PURCHASE ORDER : detailPODataGridView_CellValueChanged [HPP]
[ADMIN] [5/24/2017 15:46] [PURCHASE ORDER] PURCHASE ORDER : detailPODataGridView_CellValueChanged [subTotal]
[ADMIN] [5/24/2017 15:46] [PURCHASE ORDER] PURCHASE ORDER : detailPODataGridView_CellValueChanged [qty]
[ADMIN] [5/24/2017 15:46] [PURCHASE ORDER] PURCHASE ORDER : detailPODataGridView_CellValueChanged [subTotal]
[ADMIN] [5/24/2017 15:46] [PURCHASE ORDER] updateSomeRowsContent, attempt to calculate total
[ADMIN] [5/24/2017 15:46] [PURCHASE ORDER] PURCHASE ORDER : detailPODataGridView_CellValueChanged [qty]
[ADMIN] [5/24/2017 15:46] [PURCHASE ORDER] PURCHASE ORDER : detailPODataGridView_CellValueChanged [subTotal]
[ADMIN] [5/24/2017 15:46] [] USER ID = 1LOGOUT
