[] [2/11/2017 12:33] [] USER = ADMIN IS ACTIVE
[ADMIN] [2/11/2017 12:33] [] USER ID = 1 LOGIN SUCCESSFULLY
[ADMIN] [2/11/2017 12:33] [] ACTIVATE USER ACCESS RIGHT
[ADMIN] [2/11/2017 12:33] [] DISPLAY ADMIN FORM
[ADMIN] [2/11/2017 12:33] [] adminForm Load
[ADMIN] [2/11/2017 12:33] [] ACTIVATE USER ACCESS RIGHT
[ADMIN] [2/11/2017 12:44] [RETUR PENJUALAN] RETUR PENJUALAN : detailReturDataGridView_CellValueChanged [qty]
[ADMIN] [2/11/2017 12:44] [RETUR PENJUALAN] RETUR PENJUALAN : detailReturDataGridView_CellValueChanged [subtotal]
[ADMIN] [2/11/2017 12:44] [RETUR PENJUALAN] RETUR PENJUALAN : detailReturDataGridView_CellValueChanged [productID]
[ADMIN] [2/11/2017 12:44] [RETUR PENJUALAN] RETUR PENJUALAN : detailReturDataGridView_CellValueChanged [productID]
[ADMIN] [2/11/2017 12:44] [RETUR PENJUALAN] RETUR PENJUALAN : detailReturDataGridView_CellValueChanged [productID]
[ADMIN] [2/11/2017 12:44] [RETUR PENJUALAN] RETUR PENJUALAN : detailReturDataGridView_CellValueChanged [productID]
[ADMIN] [2/11/2017 12:44] [RETUR PENJUALAN] RETUR PENJUALAN : detailReturDataGridView_CellValueChanged [productName]
[ADMIN] [2/11/2017 12:44] [RETUR PENJUALAN] updateSomeRowsContent, PRODUCT_BASE_PRICE [155000]
[ADMIN] [2/11/2017 12:44] [RETUR PENJUALAN] RETUR PENJUALAN : detailReturDataGridView_CellValueChanged [productPrice]
[ADMIN] [2/11/2017 12:44] [RETUR PENJUALAN] RETUR PENJUALAN : detailReturDataGridView_CellValueChanged [qty]
[ADMIN] [2/11/2017 12:44] [RETUR PENJUALAN] RETUR PENJUALAN : detailReturDataGridView_CellValueChanged [subtotal]
[ADMIN] [2/11/2017 12:44] [RETUR PENJUALAN] RETUR PENJUALAN : detailReturDataGridView_CellValueChanged [subtotal]
[ADMIN] [2/11/2017 12:44] [RETUR PENJUALAN] updateSomeRowsContent, attempt to calculate total
[ADMIN] [2/11/2017 12:44] [RETUR PENJUALAN] RETUR PENJUALAN : detailReturDataGridView_CellValueChanged [subtotal]
[ADMIN] [2/11/2017 12:44] [RETUR PENJUALAN] RETUR PENJUALAN : detailReturDataGridView_CellValueChanged [qty]
[ADMIN] [2/11/2017 12:44] [RETUR PENJUALAN] RETUR PENJUALAN : detailReturDataGridView_CellValueChanged [subtotal]
[ADMIN] [2/11/2017 12:44] [RETUR PENJUALAN BY STOK] RETURN CASH [True]
[ADMIN] [2/11/2017 12:44] [RETUR PENJUALAN] ATTEMPT TO SAVE DATA
[ADMIN] [2/11/2017 12:44] [RETUR PENJUALAN] INSERT INTO RETURN SALES HEADER [RT-1]
[ADMIN] [2/11/2017 12:44] [RETUR PENJUALAN] INSERT INTO RETURN SALES DETAIL [B-4104, 155000, 0, 2]
[ADMIN] [2/11/2017 12:44] [RETUR PENJUALAN] UPDATE MASTER PRODUCT QTY [B-4104]
[ADMIN] [2/11/2017 12:44] [RETUR PENJUALAN] EXCEPTION THROWN [Object reference not set to an instance of an object.]
[ADMIN] [2/11/2017 12:44] [RETUR PENJUALAN] FAILED TO SAVE
[ADMIN] [2/11/2017 12:44] [] USER ID = 1LOGOUT
