[] [4/8/2017 13:29] [] USER = ADMIN IS ACTIVE
[ADMIN] [4/8/2017 13:29] [] USER ID = 1 LOGIN SUCCESSFULLY
[ADMIN] [4/8/2017 13:29] [] ACTIVATE USER ACCESS RIGHT
[ADMIN] [4/8/2017 13:29] [] DISPLAY ADMIN FORM
[ADMIN] [4/8/2017 13:29] [] adminForm Load
[ADMIN] [4/8/2017 13:29] [] ACTIVATE USER ACCESS RIGHT
[ADMIN] [4/8/2017 13:30] [PENJUALAN] CASHIER FORM : MULTIPLE CASHIER INSTANCE [1]
[ADMIN] [4/8/2017 13:30] [PENJUALAN] CASHIER FORM : REGISTER HOTKEY
[ADMIN] [4/8/2017 13:30] [PENJUALAN] CASHIER FORM : cashierForm_Load, ATTEMPT TO LOAD NO FAKTUR
[ADMIN] [4/8/2017 13:30] [PENJUALAN] CASHIER FORM : loadNoFaktur, noFakturValue [SLO001]
[ADMIN] [4/8/2017 13:30] [PENJUALAN] CASHIER FORM : cashierForm_Load, ATTEMPT TO addColumnToDataGrid
[ADMIN] [4/8/2017 13:30] [PENJUALAN] CASHIER FORM : UPDATE ROW NUMBER, TOTAL ROW [1]
[ADMIN] [4/8/2017 13:30] [PENJUALAN] CASHIER FORM : calculateTotal
[ADMIN] [4/8/2017 13:30] [PENJUALAN] CASHIER FORM : calculateTotal [0]
[ADMIN] [4/8/2017 13:30] [PENJUALAN] CASHIER FORM : calculateTotal, totalAfterDisc [0]
[ADMIN] [4/8/2017 13:30] [PENJUALAN] CASHIER FORM : calculateChangeValue, bayarTextBox.Text [0]
[ADMIN] [4/8/2017 13:30] [PENJUALAN] CASHIER FORM : calculateChangeValue, sisaBayar [0]
[ADMIN] [4/8/2017 13:30] [PENJUALAN] CASHIER FORM : REGISTER HOTKEY
[ADMIN] [4/8/2017 13:30] [PENJUALAN] CASHIER FORM : Combobox_KeyUp, cashierDataGridView.CurrentCell.OwningColumn.Name  [productID]
[ADMIN] [4/8/2017 13:31] [PENJUALAN] CASHIER FORM : Combobox_previewKeyDown, cashierDataGridView.CurrentCell.OwningColumn.Name  [productID]
[ADMIN] [4/8/2017 13:31] [PENJUALAN] CASHIER FORM : Combobox_previewKeyDown, cashierDataGridView.CurrentCell.OwningColumn.Name  [productID]
[ADMIN] [4/8/2017 13:31] [PENJUALAN] CASHIER FORM : UNREGISTER HOTKEY
[ADMIN] [4/8/2017 13:31] [PENJUALAN] CASHIER FORM : UNREGISTER HOTKEY
[ADMIN] [4/8/2017 13:31] [] USER ID = 1LOGOUT
