[] [6/19/2017 15:21] [] USER = ADMIN IS ACTIVE
[ADMIN] [6/19/2017 15:21] [] USER ID = 1 LOGIN SUCCESSFULLY
[ADMIN] [6/19/2017 15:21] [] ACTIVATE USER ACCESS RIGHT
[ADMIN] [6/19/2017 15:21] [] DISPLAY ADMIN FORM
[ADMIN] [6/19/2017 15:21] [] adminForm Load
[ADMIN] [6/19/2017 15:21] [] ACTIVATE USER ACCESS RIGHT
[ADMIN] [6/19/2017 15:22] [PECAH SATUAN PRODUK] REDUCE QTY [ROTTO-AD20] AMT [2]
[ADMIN] [6/19/2017 15:22] [PECAH SATUAN PRODUK] ADD QTY [ROTTO ADLT DOG 1 KG] AMT [80]
[ADMIN] [6/19/2017 15:22] [PECAH SATUAN PRODUK] REDUCE QTY [ROTTO-AD20] AMT [2]
[ADMIN] [6/19/2017 15:22] [PECAH SATUAN PRODUK] INSERT TO PRODUCT EXPIRY [ROTTO-AD1]
[ADMIN] [6/19/2017 15:22] [PECAH SATUAN PRODUK] ADD PRODUCT LOSS QTY [ROTTO-AD20] AMT [20]
[] [6/19/2017 15:25] [] USER = ADMIN IS ACTIVE
[ADMIN] [6/19/2017 15:25] [] USER ID = 1 LOGIN SUCCESSFULLY
[ADMIN] [6/19/2017 15:25] [] ACTIVATE USER ACCESS RIGHT
[ADMIN] [6/19/2017 15:25] [] DISPLAY ADMIN FORM
[ADMIN] [6/19/2017 15:25] [] adminForm Load
[ADMIN] [6/19/2017 15:25] [] ACTIVATE USER ACCESS RIGHT
[ADMIN] [6/19/2017 15:26] [PECAH SATUAN PRODUK] REDUCE QTY [ROTTO-AD20] AMT [1]
[ADMIN] [6/19/2017 15:26] [PECAH SATUAN PRODUK] ADD QTY [ROTTO ADLT DOG 1 KG] AMT [50]
[ADMIN] [6/19/2017 15:26] [PECAH SATUAN PRODUK] REDUCE QTY [ROTTO-AD20] AMT [1]
[ADMIN] [6/19/2017 15:26] [PECAH SATUAN PRODUK] INSERT TO PRODUCT EXPIRY [ROTTO-AD1]
[ADMIN] [6/19/2017 15:26] [PECAH SATUAN PRODUK] ADD PRODUCT LOSS QTY [ROTTO-AD20] AMT [0]
[ADMIN] [6/19/2017 15:27] [] USER ID = 1LOGOUT
