[] [4/10/2017 01:35] [] USER = ADMIN IS ACTIVE
[ADMIN] [4/10/2017 01:35] [] USER ID = 1 LOGIN SUCCESSFULLY
[ADMIN] [4/10/2017 01:35] [] ACTIVATE USER ACCESS RIGHT
[ADMIN] [4/10/2017 01:35] [] DISPLAY ADMIN FORM
[ADMIN] [4/10/2017 01:35] [] adminForm Load
[ADMIN] [4/10/2017 01:35] [] ACTIVATE USER ACCESS RIGHT
[ADMIN] [4/10/2017 01:36] [PENERIMAAN BARANG] PENERIMAAN BARANG : detailGridView_CellValueChanged [productID]
[ADMIN] [4/10/2017 01:36] [PENERIMAAN BARANG] PENERIMAAN BARANG : detailGridView_CellValueChanged [productName]
[ADMIN] [4/10/2017 01:36] [PENJUALAN] CASHIER FORM : ComboBox_SelectedIndexChanged, PRODUCT_BASE_PRICE [43669.23]
[ADMIN] [4/10/2017 01:36] [PENERIMAAN BARANG] PENERIMAAN BARANG : detailGridView_CellValueChanged [hpp]
[ADMIN] [4/10/2017 01:36] [PENERIMAAN BARANG] PENERIMAAN BARANG : detailGridView_CellValueChanged [subtotal]
[ADMIN] [4/10/2017 01:36] [PENERIMAAN BARANG] PENERIMAAN BARANG : detailGridView_CellValueChanged [qtyReceived]
[ADMIN] [4/10/2017 01:36] [PENERIMAAN BARANG] PENERIMAAN BARANG : detailGridView_CellValueChanged [subtotal]
[ADMIN] [4/10/2017 01:36] [PENJUALAN] CASHIER FORM : ComboBox_SelectedIndexChanged, attempt to calculate total
[ADMIN] [4/10/2017 01:36] [PENERIMAAN BARANG] PENERIMAAN BARANG : detailGridView_CellValueChanged [qtyReceived]
[ADMIN] [4/10/2017 01:36] [PENERIMAAN BARANG] PENERIMAAN BARANG : detailGridView_CellValueChanged [subtotal]
[ADMIN] [4/10/2017 01:36] [PENERIMAAN BARANG] PENERIMAAN BARANG : detailGridView_CellValueChanged [subtotal]
[ADMIN] [4/10/2017 01:36] [PENERIMAAN BARANG] PENERIMAAN BARANG : detailGridView_CellValueChanged [productID]
[ADMIN] [4/10/2017 01:36] [PENERIMAAN BARANG] PENERIMAAN BARANG : detailGridView_CellValueChanged [productName]
[ADMIN] [4/10/2017 01:36] [PENJUALAN] CASHIER FORM : ComboBox_SelectedIndexChanged, PRODUCT_BASE_PRICE [18200]
[ADMIN] [4/10/2017 01:36] [PENERIMAAN BARANG] PENERIMAAN BARANG : detailGridView_CellValueChanged [hpp]
[ADMIN] [4/10/2017 01:36] [PENERIMAAN BARANG] PENERIMAAN BARANG : detailGridView_CellValueChanged [subtotal]
[ADMIN] [4/10/2017 01:36] [PENERIMAAN BARANG] PENERIMAAN BARANG : detailGridView_CellValueChanged [qtyReceived]
[ADMIN] [4/10/2017 01:36] [PENERIMAAN BARANG] PENERIMAAN BARANG : detailGridView_CellValueChanged [subtotal]
[ADMIN] [4/10/2017 01:36] [PENJUALAN] CASHIER FORM : ComboBox_SelectedIndexChanged, attempt to calculate total
[ADMIN] [4/10/2017 01:36] [PENERIMAAN BARANG] PENERIMAAN BARANG : detailGridView_CellValueChanged [qtyReceived]
[ADMIN] [4/10/2017 01:36] [PENERIMAAN BARANG] PENERIMAAN BARANG : detailGridView_CellValueChanged [subtotal]
[ADMIN] [4/10/2017 01:36] [PENERIMAAN BARANG] PENERIMAAN BARANG : detailGridView_CellValueChanged [subtotal]
[ADMIN] [4/10/2017 01:37] [PENJUALAN] CASHIER FORM : MULTIPLE CASHIER INSTANCE [1]
[ADMIN] [4/10/2017 01:37] [PENJUALAN] CASHIER FORM : REGISTER HOTKEY
[ADMIN] [4/10/2017 01:37] [PENJUALAN] CASHIER FORM : cashierForm_Load, ATTEMPT TO LOAD NO FAKTUR
[ADMIN] [4/10/2017 01:37] [PENJUALAN] CASHIER FORM : loadNoFaktur, noFakturValue [SLO001]
[ADMIN] [4/10/2017 01:37] [PENJUALAN] CASHIER FORM : cashierForm_Load, ATTEMPT TO addColumnToDataGrid
[ADMIN] [4/10/2017 01:37] [PENJUALAN] CASHIER FORM : UPDATE ROW NUMBER, TOTAL ROW [1]
[ADMIN] [4/10/2017 01:37] [PENJUALAN] CASHIER FORM : calculateTotal
[ADMIN] [4/10/2017 01:37] [PENJUALAN] CASHIER FORM : calculateTotal [0]
[ADMIN] [4/10/2017 01:37] [PENJUALAN] CASHIER FORM : calculateTotal, totalAfterDisc [0]
[ADMIN] [4/10/2017 01:37] [PENJUALAN] CASHIER FORM : calculateChangeValue, bayarTextBox.Text [0]
[ADMIN] [4/10/2017 01:37] [PENJUALAN] CASHIER FORM : calculateChangeValue, sisaBayar [0]
[ADMIN] [4/10/2017 01:37] [PENJUALAN] CASHIER FORM : REGISTER HOTKEY
[ADMIN] [4/10/2017 01:37] [PENJUALAN] CASHIER FORM : Combobox_previewKeyDown, cashierDataGridView.CurrentCell.OwningColumn.Name  [productID]
[ADMIN] [4/10/2017 01:37] [PENJUALAN] CASHIER FORM : UPDATE ROW NUMBER, TOTAL ROW [2]
[ADMIN] [4/10/2017 01:37] [PENJUALAN] CASHIER FORM : cashierDataGridView_CellValueChanged [F8]
[ADMIN] [4/10/2017 01:37] [PENJUALAN] CASHIER FORM : cashierDataGridView_CellValueChanged [productID]
[ADMIN] [4/10/2017 01:37] [PENJUALAN] CASHIER FORM : Combobox_KeyUp, cashierDataGridView.CurrentCell.OwningColumn.Name  [productID]
[ADMIN] [4/10/2017 01:37] [PENJUALAN] CASHIER FORM : Combobox_previewKeyDown, cashierDataGridView.CurrentCell.OwningColumn.Name  [productID]
[ADMIN] [4/10/2017 01:37] [PENJUALAN] CASHIER FORM : UNREGISTER HOTKEY
[ADMIN] [4/10/2017 01:37] [PENJUALAN] CASHIER FORM : REGISTER HOTKEY
[ADMIN] [4/10/2017 01:37] [PENJUALAN] CASHIER FORM : UNREGISTER HOTKEY
[ADMIN] [4/10/2017 01:37] [PENJUALAN] CASHIER FORM : UNREGISTER HOTKEY
[ADMIN] [4/10/2017 01:37] [PENERIMAAN BARANG] PENERIMAAN BARANG : detailGridView_CellValueChanged [productID]
[ADMIN] [4/10/2017 01:37] [PENERIMAAN BARANG] PENERIMAAN BARANG : detailGridView_CellValueChanged [productID]
[ADMIN] [4/10/2017 01:37] [PENERIMAAN BARANG] PENERIMAAN BARANG : detailGridView_CellValueChanged [productID]
[ADMIN] [4/10/2017 01:37] [PENERIMAAN BARANG] PENERIMAAN BARANG : detailGridView_CellValueChanged [productID]
[ADMIN] [4/10/2017 01:37] [PENERIMAAN BARANG] PENERIMAAN BARANG : detailGridView_CellValueChanged [productName]
[ADMIN] [4/10/2017 01:37] [PENJUALAN] CASHIER FORM : ComboBox_SelectedIndexChanged, PRODUCT_BASE_PRICE [29250]
[ADMIN] [4/10/2017 01:37] [PENERIMAAN BARANG] PENERIMAAN BARANG : detailGridView_CellValueChanged [hpp]
[ADMIN] [4/10/2017 01:37] [PENERIMAAN BARANG] PENERIMAAN BARANG : detailGridView_CellValueChanged [subtotal]
[ADMIN] [4/10/2017 01:37] [PENERIMAAN BARANG] PENERIMAAN BARANG : detailGridView_CellValueChanged [qtyReceived]
[ADMIN] [4/10/2017 01:37] [PENERIMAAN BARANG] PENERIMAAN BARANG : detailGridView_CellValueChanged [subtotal]
[ADMIN] [4/10/2017 01:37] [PENJUALAN] CASHIER FORM : ComboBox_SelectedIndexChanged, attempt to calculate total
[ADMIN] [4/10/2017 01:37] [PENERIMAAN BARANG] PENERIMAAN BARANG : detailGridView_CellValueChanged [qtyReceived]
[ADMIN] [4/10/2017 01:37] [PENERIMAAN BARANG] PENERIMAAN BARANG : detailGridView_CellValueChanged [subtotal]
[ADMIN] [4/10/2017 01:37] [PENERIMAAN BARANG] PENERIMAAN BARANG : detailGridView_CellValueChanged [subtotal]
[ADMIN] [4/10/2017 01:37] [PENERIMAAN BARANG] PENERIMAAN BARANG : detailGridView_CellValueChanged [qtyReceived]
[ADMIN] [4/10/2017 01:37] [PENERIMAAN BARANG] PENERIMAAN BARANG : detailGridView_CellValueChanged [subtotal]
[ADMIN] [4/10/2017 01:37] [PENERIMAAN BARANG] PENERIMAAN BARANG : detailGridView_CellValueChanged [qtyReceived]
[ADMIN] [4/10/2017 01:37] [PENERIMAAN BARANG] PENERIMAAN BARANG : detailGridView_CellValueChanged [subtotal]
[ADMIN] [4/10/2017 01:37] [PENERIMAAN BARANG] PENERIMAAN BARANG : detailGridView_CellValueChanged [qtyReceived]
[ADMIN] [4/10/2017 01:37] [PENERIMAAN BARANG] PENERIMAAN BARANG : detailGridView_CellValueChanged [subtotal]
[ADMIN] [4/10/2017 01:37] [PENERIMAAN BARANG] SAVE PENERIMAAN BARANG
[ADMIN] [4/10/2017 01:37] [PENERIMAAN BARANG] PENERIMAAN BARANG : detailGridView_CellValueChanged [expiryDate]
[ADMIN] [4/10/2017 01:37] [PENERIMAAN BARANG] PENERIMAAN BARANG : detailGridView_CellValueChanged [expiryDateValue]
[ADMIN] [4/10/2017 01:37] [PENERIMAAN BARANG] SAVE PENERIMAAN BARANG
[ADMIN] [4/10/2017 01:37] [PENERIMAAN BARANG] DIRECT PENERIMAAN BARANG, THEREFORE CALCULATE TAX LIMIT
[ADMIN] [4/10/2017 01:37] [PENERIMAAN BARANG] CHECK IF TAX LIMIT SET FOR PERCENTAGE PURCHASE [0]
[ADMIN] [4/10/2017 01:37] [PENERIMAAN BARANG] CHECK IF TAX LIMIT SET FOR AVERAGE DAILY PURCHASE [0]
[ADMIN] [4/10/2017 01:37] [PENERIMAAN BARANG] INSERT PENERIMAAN BARANG [A]
[ADMIN] [4/10/2017 01:37] [PENERIMAAN BARANG] INSERT PO DATA BECAUSE OF DIRECT PENERIMAAN [A]
[ADMIN] [4/10/2017 01:37] [PENERIMAAN BARANG] SAVE DETAIL PENERIMAAN [ALPO-P1, 29250, 220]
[ADMIN] [4/10/2017 01:37] [PENERIMAAN BARANG] UPDATE MASTER PRODUCT DATA [ALPO-P1]
[ADMIN] [4/10/2017 01:37] [PENERIMAAN BARANG] INSERT TO PRODUCT EXPIRY [ALPO-P1]
[ADMIN] [4/10/2017 01:37] [PENERIMAAN BARANG] INSERT TO PURCHASE DETAIL [ALPO-P1]
[ADMIN] [4/10/2017 01:37] [PENERIMAAN BARANG] INSERT INTO DEBT [A]
[ADMIN] [4/10/2017 01:37] [PENERIMAAN BARANG] PENERIMAAN BARANG SAVED
[ADMIN] [4/10/2017 01:37] [PENJUALAN] CASHIER FORM : MULTIPLE CASHIER INSTANCE [1]
[ADMIN] [4/10/2017 01:37] [PENJUALAN] CASHIER FORM : REGISTER HOTKEY
[ADMIN] [4/10/2017 01:37] [PENJUALAN] CASHIER FORM : cashierForm_Load, ATTEMPT TO LOAD NO FAKTUR
[ADMIN] [4/10/2017 01:37] [PENJUALAN] CASHIER FORM : loadNoFaktur, noFakturValue [SLO001]
[ADMIN] [4/10/2017 01:37] [PENJUALAN] CASHIER FORM : cashierForm_Load, ATTEMPT TO addColumnToDataGrid
[ADMIN] [4/10/2017 01:37] [PENJUALAN] CASHIER FORM : UPDATE ROW NUMBER, TOTAL ROW [1]
[ADMIN] [4/10/2017 01:37] [PENJUALAN] CASHIER FORM : calculateTotal
[ADMIN] [4/10/2017 01:37] [PENJUALAN] CASHIER FORM : calculateTotal [0]
[ADMIN] [4/10/2017 01:37] [PENJUALAN] CASHIER FORM : calculateTotal, totalAfterDisc [0]
[ADMIN] [4/10/2017 01:37] [PENJUALAN] CASHIER FORM : calculateChangeValue, bayarTextBox.Text [0]
[ADMIN] [4/10/2017 01:37] [PENJUALAN] CASHIER FORM : calculateChangeValue, sisaBayar [0]
[ADMIN] [4/10/2017 01:37] [PENJUALAN] CASHIER FORM : REGISTER HOTKEY
[ADMIN] [4/10/2017 01:38] [PENJUALAN] CASHIER FORM : Combobox_previewKeyDown, cashierDataGridView.CurrentCell.OwningColumn.Name  [productID]
[ADMIN] [4/10/2017 01:38] [PENJUALAN] CASHIER FORM : UPDATE ROW NUMBER, TOTAL ROW [2]
[ADMIN] [4/10/2017 01:38] [PENJUALAN] CASHIER FORM : cashierDataGridView_CellValueChanged [F8]
[ADMIN] [4/10/2017 01:38] [PENJUALAN] CASHIER FORM : cashierDataGridView_CellValueChanged [productID]
[ADMIN] [4/10/2017 01:38] [PENJUALAN] CASHIER FORM : Combobox_previewKeyDown, cashierDataGridView.CurrentCell.OwningColumn.Name  [productID]
[ADMIN] [4/10/2017 01:38] [PENJUALAN] CASHIER FORM : cashierDataGridView_CellValueChanged [productID]
[ADMIN] [4/10/2017 01:38] [PENJUALAN] CASHIER FORM : Combobox_KeyUp, cashierDataGridView.CurrentCell.OwningColumn.Name  [productID]
[ADMIN] [4/10/2017 01:38] [PENJUALAN] CASHIER FORM : Combobox_previewKeyDown, cashierDataGridView.CurrentCell.OwningColumn.Name  [productID]
[ADMIN] [4/10/2017 01:38] [PENJUALAN] CASHIER FORM : cashierDataGridView_CellValueChanged [productID]
[ADMIN] [4/10/2017 01:38] [PENJUALAN] CASHIER FORM : Combobox_KeyUp, cashierDataGridView.CurrentCell.OwningColumn.Name  [productID]
[ADMIN] [4/10/2017 01:38] [PENJUALAN] CASHIER FORM : Combobox_previewKeyDown, cashierDataGridView.CurrentCell.OwningColumn.Name  [productID]
[ADMIN] [4/10/2017 01:38] [PENJUALAN] CASHIER FORM : cashierDataGridView_CellValueChanged [productID]
[ADMIN] [4/10/2017 01:38] [PENJUALAN] CASHIER FORM : Combobox_KeyUp, cashierDataGridView.CurrentCell.OwningColumn.Name  [productID]
[ADMIN] [4/10/2017 01:38] [PENJUALAN] CASHIER FORM : Combobox_KeyUp, cashierDataGridView.CurrentCell.OwningColumn.Name  [productID]
[ADMIN] [4/10/2017 01:38] [PENJUALAN] CASHIER FORM : Combobox_previewKeyDown, cashierDataGridView.CurrentCell.OwningColumn.Name  [productID]
[ADMIN] [4/10/2017 01:38] [PENJUALAN] CASHIER FORM : UNREGISTER HOTKEY
[ADMIN] [4/10/2017 01:38] [PENJUALAN] CASHIER FORM : ADD NEW ROW FROM BARCODE [ALPO PUPPY 1 KG]
[ADMIN] [4/10/2017 01:38] [PENJUALAN] CASHIER FORM : updateSomeRowContents
[ADMIN] [4/10/2017 01:38] [PENJUALAN] CASHIER FORM : cashierDataGridView_CellValueChanged [productID]
[ADMIN] [4/10/2017 01:38] [PENJUALAN] CASHIER FORM : cashierDataGridView_CellValueChanged [productName]
[ADMIN] [4/10/2017 01:38] [PENJUALAN] CASHIER FORM : updateSomeRowContents
[ADMIN] [4/10/2017 01:38] [PENJUALAN] CASHIER FORM : PRODUCT PRICE TYPE [PRODUCT_BASE_PRICE]
[ADMIN] [4/10/2017 01:38] [PENJUALAN] CASHIER FORM : PRODUCT PRICE [29250]
[ADMIN] [4/10/2017 01:38] [PENJUALAN] CASHIER FORM : ComboBox_SelectedIndexChanged, PRODUCT_BASE_PRICE [29250]
[ADMIN] [4/10/2017 01:38] [PENJUALAN] CASHIER FORM : cashierDataGridView_CellValueChanged [hpp]
[ADMIN] [4/10/2017 01:38] [PENJUALAN] CASHIER FORM : PRODUCT PRICE TYPE [PRODUCT_RETAIL_PRICE]
[ADMIN] [4/10/2017 01:38] [PENJUALAN] CASHIER FORM : PRODUCT PRICE [35000]
[ADMIN] [4/10/2017 01:38] [PENJUALAN] CASHIER FORM : ComboBox_SelectedIndexChanged, PRODUCT_SALES_PRICE [35000]
[ADMIN] [4/10/2017 01:38] [PENJUALAN] CASHIER FORM : cashierDataGridView_CellValueChanged [productPrice]
[ADMIN] [4/10/2017 01:38] [PENJUALAN] CASHIER FORM : cashierDataGridView_CellValueChanged, previousInput [0]
[ADMIN] [4/10/2017 01:38] [PENJUALAN] CASHIER FORM : cashierDataGridView_CellValueChanged, cellValue [35000]
[ADMIN] [4/10/2017 01:38] [PENJUALAN] CASHIER FORM : cashierDataGridView_CellValueChanged, dataGridViewTextBoxEditingControl.Text pass REGEX Checking
[ADMIN] [4/10/2017 01:38] [PENJUALAN] CASHIER FORM : CALCULATE SUBTOTAL
[ADMIN] [4/10/2017 01:38] [PENJUALAN] CASHIER FORM : SUBTOTAL [0]
[ADMIN] [4/10/2017 01:38] [PENJUALAN] CASHIER FORM : cashierDataGridView_CellValueChanged, subtotal value [0]
[ADMIN] [4/10/2017 01:38] [PENJUALAN] CASHIER FORM : cashierDataGridView_CellValueChanged, attempt to calculate total value
[ADMIN] [4/10/2017 01:38] [PENJUALAN] CASHIER FORM : calculateTotal
[ADMIN] [4/10/2017 01:38] [PENJUALAN] CASHIER FORM : calculateTotal [0]
[ADMIN] [4/10/2017 01:38] [PENJUALAN] CASHIER FORM : calculateTotal, totalAfterDisc [0]
[ADMIN] [4/10/2017 01:38] [PENJUALAN] CASHIER FORM : calculateChangeValue, bayarTextBox.Text [0]
[ADMIN] [4/10/2017 01:38] [PENJUALAN] CASHIER FORM : calculateChangeValue, sisaBayar [0]
[ADMIN] [4/10/2017 01:38] [PENJUALAN] CASHIER FORM : cashierDataGridView_CellValueChanged [qty]
[ADMIN] [4/10/2017 01:38] [PENJUALAN] CASHIER FORM : cashierDataGridView_CellValueChanged, previousInput [0]
[ADMIN] [4/10/2017 01:38] [PENJUALAN] CASHIER FORM : cashierDataGridView_CellValueChanged [jumlah]
[ADMIN] [4/10/2017 01:38] [PENJUALAN] CASHIER FORM : calculateTotal
[ADMIN] [4/10/2017 01:38] [PENJUALAN] CASHIER FORM : calculateTotal [0]
[ADMIN] [4/10/2017 01:38] [PENJUALAN] CASHIER FORM : calculateTotal, totalAfterDisc [0]
[ADMIN] [4/10/2017 01:38] [PENJUALAN] CASHIER FORM : calculateChangeValue, bayarTextBox.Text [0]
[ADMIN] [4/10/2017 01:38] [PENJUALAN] CASHIER FORM : calculateChangeValue, sisaBayar [0]
[ADMIN] [4/10/2017 01:38] [PENJUALAN] CASHIER FORM : CHECK STOCK QTY IS ENOUGH [ALPO-P1]
[ADMIN] [4/10/2017 01:38] [PENJUALAN] CASHIER FORM : CHECK STOCK QTY IS ENOUGH [220, 1]
[ADMIN] [4/10/2017 01:38] [PENJUALAN] CASHIER FORM : cashierDataGridView_CellValueChanged [qty]
[ADMIN] [4/10/2017 01:38] [PENJUALAN] CASHIER FORM : cashierDataGridView_CellValueChanged, previousInput [0]
[ADMIN] [4/10/2017 01:38] [PENJUALAN] CASHIER FORM : cashierDataGridView_CellValueChanged, cellValue [1]
[ADMIN] [4/10/2017 01:38] [PENJUALAN] CASHIER FORM : cashierDataGridView_CellValueChanged, dataGridViewTextBoxEditingControl.Text pass REGEX Checking
[ADMIN] [4/10/2017 01:38] [PENJUALAN] CASHIER FORM : CHECK STOCK QTY IS ENOUGH [ALPO-P1]
[ADMIN] [4/10/2017 01:38] [PENJUALAN] CASHIER FORM : CHECK STOCK QTY IS ENOUGH [220, 1]
[ADMIN] [4/10/2017 01:38] [PENJUALAN] CASHIER FORM : CALCULATE SUBTOTAL
[ADMIN] [4/10/2017 01:38] [PENJUALAN] CASHIER FORM : SUBTOTAL [35000]
[ADMIN] [4/10/2017 01:38] [PENJUALAN] CASHIER FORM : cashierDataGridView_CellValueChanged, subtotal value [35000]
[ADMIN] [4/10/2017 01:38] [PENJUALAN] CASHIER FORM : cashierDataGridView_CellValueChanged, attempt to calculate total value
[ADMIN] [4/10/2017 01:38] [PENJUALAN] CASHIER FORM : calculateTotal
[ADMIN] [4/10/2017 01:38] [PENJUALAN] CASHIER FORM : calculateTotal [35000]
[ADMIN] [4/10/2017 01:38] [PENJUALAN] CASHIER FORM : calculateTotal, totalAfterDisc [35000]
[ADMIN] [4/10/2017 01:38] [PENJUALAN] CASHIER FORM : calculateChangeValue, bayarTextBox.Text [0]
[ADMIN] [4/10/2017 01:38] [PENJUALAN] CASHIER FORM : calculateChangeValue, sisaBayar [0]
[ADMIN] [4/10/2017 01:38] [PENJUALAN] CASHIER FORM : SET QTY TO 1 BECAUSE OF NEW ROW
[ADMIN] [4/10/2017 01:38] [PENJUALAN] CASHIER FORM : CALCULATE SUBTOTAL
[ADMIN] [4/10/2017 01:38] [PENJUALAN] CASHIER FORM : SUBTOTAL [35000]
[ADMIN] [4/10/2017 01:38] [PENJUALAN] CASHIER FORM : calculateTotal
[ADMIN] [4/10/2017 01:38] [PENJUALAN] CASHIER FORM : calculateTotal [35000]
[ADMIN] [4/10/2017 01:38] [PENJUALAN] CASHIER FORM : calculateTotal, totalAfterDisc [35000]
[ADMIN] [4/10/2017 01:38] [PENJUALAN] CASHIER FORM : calculateChangeValue, bayarTextBox.Text [0]
[ADMIN] [4/10/2017 01:38] [PENJUALAN] CASHIER FORM : calculateChangeValue, sisaBayar [0]
[ADMIN] [4/10/2017 01:38] [PENJUALAN] CASHIER FORM : UPDATE ROW NUMBER, TOTAL ROW [2]
[ADMIN] [4/10/2017 01:38] [PENJUALAN] CASHIER FORM : cashierDataGridView_CellValueChanged [F8]
[ADMIN] [4/10/2017 01:38] [PENJUALAN] CASHIER FORM : REGISTER HOTKEY
[ADMIN] [4/10/2017 01:38] [PENJUALAN] CASHIER FORM : Combobox_KeyUp, cashierDataGridView.CurrentCell.OwningColumn.Name  [qty]
[ADMIN] [4/10/2017 01:38] [PENJUALAN] CASHIER FORM : Combobox_KeyUp, cashierDataGridView.CurrentCell.OwningColumn.Name  [qty]
[ADMIN] [4/10/2017 01:38] [PENJUALAN] CASHIER FORM : cashierDataGridView_CellValueChanged [productPrice]
[ADMIN] [4/10/2017 01:38] [PENJUALAN] CASHIER FORM : cashierDataGridView_CellValueChanged, previousInput [35000]
[ADMIN] [4/10/2017 01:38] [PENJUALAN] CASHIER FORM : cashierDataGridView_CellValueChanged, dataGridViewTextBoxEditingControl.Text pass REGEX Checking
[ADMIN] [4/10/2017 01:38] [PENJUALAN] CASHIER FORM : CALCULATE SUBTOTAL
[ADMIN] [4/10/2017 01:38] [PENJUALAN] CASHIER FORM : SUBTOTAL [1]
[ADMIN] [4/10/2017 01:38] [PENJUALAN] CASHIER FORM : cashierDataGridView_CellValueChanged, subtotal value [1]
[ADMIN] [4/10/2017 01:38] [PENJUALAN] CASHIER FORM : cashierDataGridView_CellValueChanged, attempt to calculate total value
[ADMIN] [4/10/2017 01:38] [PENJUALAN] CASHIER FORM : calculateTotal
[ADMIN] [4/10/2017 01:38] [PENJUALAN] CASHIER FORM : calculateTotal [1]
[ADMIN] [4/10/2017 01:38] [PENJUALAN] CASHIER FORM : calculateTotal, totalAfterDisc [1]
[ADMIN] [4/10/2017 01:38] [PENJUALAN] CASHIER FORM : calculateChangeValue, bayarTextBox.Text [0]
[ADMIN] [4/10/2017 01:38] [PENJUALAN] CASHIER FORM : calculateChangeValue, sisaBayar [0]
[ADMIN] [4/10/2017 01:38] [PENJUALAN] CASHIER FORM : Combobox_KeyUp, cashierDataGridView.CurrentCell.OwningColumn.Name  [productPrice]
[ADMIN] [4/10/2017 01:38] [PENJUALAN] CASHIER FORM : cashierDataGridView_CellValueChanged [productPrice]
[ADMIN] [4/10/2017 01:38] [PENJUALAN] CASHIER FORM : cashierDataGridView_CellValueChanged, previousInput [1]
[ADMIN] [4/10/2017 01:38] [PENJUALAN] CASHIER FORM : cashierDataGridView_CellValueChanged, dataGridViewTextBoxEditingControl.Text pass REGEX Checking
[ADMIN] [4/10/2017 01:38] [PENJUALAN] CASHIER FORM : CALCULATE SUBTOTAL
[ADMIN] [4/10/2017 01:38] [PENJUALAN] CASHIER FORM : SUBTOTAL [10]
[ADMIN] [4/10/2017 01:38] [PENJUALAN] CASHIER FORM : cashierDataGridView_CellValueChanged, subtotal value [10]
[ADMIN] [4/10/2017 01:38] [PENJUALAN] CASHIER FORM : cashierDataGridView_CellValueChanged, attempt to calculate total value
[ADMIN] [4/10/2017 01:38] [PENJUALAN] CASHIER FORM : calculateTotal
[ADMIN] [4/10/2017 01:38] [PENJUALAN] CASHIER FORM : calculateTotal [10]
[ADMIN] [4/10/2017 01:38] [PENJUALAN] CASHIER FORM : calculateTotal, totalAfterDisc [10]
[ADMIN] [4/10/2017 01:38] [PENJUALAN] CASHIER FORM : calculateChangeValue, bayarTextBox.Text [0]
[ADMIN] [4/10/2017 01:38] [PENJUALAN] CASHIER FORM : calculateChangeValue, sisaBayar [0]
[ADMIN] [4/10/2017 01:38] [PENJUALAN] CASHIER FORM : Combobox_KeyUp, cashierDataGridView.CurrentCell.OwningColumn.Name  [productPrice]
[ADMIN] [4/10/2017 01:38] [PENJUALAN] CASHIER FORM : cashierDataGridView_CellValueChanged [productPrice]
[ADMIN] [4/10/2017 01:38] [PENJUALAN] CASHIER FORM : cashierDataGridView_CellValueChanged, previousInput [10]
[ADMIN] [4/10/2017 01:38] [PENJUALAN] CASHIER FORM : cashierDataGridView_CellValueChanged, dataGridViewTextBoxEditingControl.Text pass REGEX Checking
[ADMIN] [4/10/2017 01:38] [PENJUALAN] CASHIER FORM : CALCULATE SUBTOTAL
[ADMIN] [4/10/2017 01:38] [PENJUALAN] CASHIER FORM : SUBTOTAL [100]
[ADMIN] [4/10/2017 01:38] [PENJUALAN] CASHIER FORM : cashierDataGridView_CellValueChanged, subtotal value [100]
[ADMIN] [4/10/2017 01:38] [PENJUALAN] CASHIER FORM : cashierDataGridView_CellValueChanged, attempt to calculate total value
[ADMIN] [4/10/2017 01:38] [PENJUALAN] CASHIER FORM : calculateTotal
[ADMIN] [4/10/2017 01:38] [PENJUALAN] CASHIER FORM : calculateTotal [100]
[ADMIN] [4/10/2017 01:38] [PENJUALAN] CASHIER FORM : calculateTotal, totalAfterDisc [100]
[ADMIN] [4/10/2017 01:38] [PENJUALAN] CASHIER FORM : calculateChangeValue, bayarTextBox.Text [0]
[ADMIN] [4/10/2017 01:38] [PENJUALAN] CASHIER FORM : calculateChangeValue, sisaBayar [0]
[ADMIN] [4/10/2017 01:38] [PENJUALAN] CASHIER FORM : Combobox_KeyUp, cashierDataGridView.CurrentCell.OwningColumn.Name  [productPrice]
[ADMIN] [4/10/2017 01:38] [PENJUALAN] CASHIER FORM : cashierDataGridView_CellValueChanged [productPrice]
[ADMIN] [4/10/2017 01:38] [PENJUALAN] CASHIER FORM : cashierDataGridView_CellValueChanged, previousInput [100]
[ADMIN] [4/10/2017 01:38] [PENJUALAN] CASHIER FORM : cashierDataGridView_CellValueChanged, dataGridViewTextBoxEditingControl.Text pass REGEX Checking
[ADMIN] [4/10/2017 01:38] [PENJUALAN] CASHIER FORM : CALCULATE SUBTOTAL
[ADMIN] [4/10/2017 01:38] [PENJUALAN] CASHIER FORM : SUBTOTAL [1000]
[ADMIN] [4/10/2017 01:38] [PENJUALAN] CASHIER FORM : cashierDataGridView_CellValueChanged, subtotal value [1000]
[ADMIN] [4/10/2017 01:38] [PENJUALAN] CASHIER FORM : cashierDataGridView_CellValueChanged, attempt to calculate total value
[ADMIN] [4/10/2017 01:38] [PENJUALAN] CASHIER FORM : calculateTotal
[ADMIN] [4/10/2017 01:38] [PENJUALAN] CASHIER FORM : calculateTotal [1000]
[ADMIN] [4/10/2017 01:38] [PENJUALAN] CASHIER FORM : calculateTotal, totalAfterDisc [1000]
[ADMIN] [4/10/2017 01:38] [PENJUALAN] CASHIER FORM : calculateChangeValue, bayarTextBox.Text [0]
[ADMIN] [4/10/2017 01:38] [PENJUALAN] CASHIER FORM : calculateChangeValue, sisaBayar [0]
[ADMIN] [4/10/2017 01:38] [PENJUALAN] CASHIER FORM : Combobox_KeyUp, cashierDataGridView.CurrentCell.OwningColumn.Name  [productPrice]
[ADMIN] [4/10/2017 01:38] [PENJUALAN] CASHIER FORM : cashierDataGridView_CellValueChanged [productPrice]
[ADMIN] [4/10/2017 01:38] [PENJUALAN] CASHIER FORM : cashierDataGridView_CellValueChanged, previousInput [1000]
[ADMIN] [4/10/2017 01:38] [PENJUALAN] CASHIER FORM : cashierDataGridView_CellValueChanged, dataGridViewTextBoxEditingControl.Text pass REGEX Checking
[ADMIN] [4/10/2017 01:38] [PENJUALAN] CASHIER FORM : CALCULATE SUBTOTAL
[ADMIN] [4/10/2017 01:38] [PENJUALAN] CASHIER FORM : SUBTOTAL [10000]
[ADMIN] [4/10/2017 01:38] [PENJUALAN] CASHIER FORM : cashierDataGridView_CellValueChanged, subtotal value [10000]
[ADMIN] [4/10/2017 01:38] [PENJUALAN] CASHIER FORM : cashierDataGridView_CellValueChanged, attempt to calculate total value
[ADMIN] [4/10/2017 01:38] [PENJUALAN] CASHIER FORM : calculateTotal
[ADMIN] [4/10/2017 01:38] [PENJUALAN] CASHIER FORM : calculateTotal [10000]
[ADMIN] [4/10/2017 01:38] [PENJUALAN] CASHIER FORM : calculateTotal, totalAfterDisc [10000]
[ADMIN] [4/10/2017 01:38] [PENJUALAN] CASHIER FORM : calculateChangeValue, bayarTextBox.Text [0]
[ADMIN] [4/10/2017 01:38] [PENJUALAN] CASHIER FORM : calculateChangeValue, sisaBayar [0]
[ADMIN] [4/10/2017 01:38] [PENJUALAN] CASHIER FORM : Combobox_KeyUp, cashierDataGridView.CurrentCell.OwningColumn.Name  [productPrice]
[ADMIN] [4/10/2017 01:38] [PENJUALAN] CASHIER FORM : cashierDataGridView_CellValueChanged [productPrice]
[ADMIN] [4/10/2017 01:38] [PENJUALAN] CASHIER FORM : cashierDataGridView_CellValueChanged, previousInput [10000]
[ADMIN] [4/10/2017 01:38] [PENJUALAN] CASHIER FORM : cashierDataGridView_CellValueChanged, dataGridViewTextBoxEditingControl.Text pass REGEX Checking
[ADMIN] [4/10/2017 01:38] [PENJUALAN] CASHIER FORM : CALCULATE SUBTOTAL
[ADMIN] [4/10/2017 01:38] [PENJUALAN] CASHIER FORM : SUBTOTAL [100000]
[ADMIN] [4/10/2017 01:38] [PENJUALAN] CASHIER FORM : cashierDataGridView_CellValueChanged, subtotal value [100000]
[ADMIN] [4/10/2017 01:38] [PENJUALAN] CASHIER FORM : cashierDataGridView_CellValueChanged, attempt to calculate total value
[ADMIN] [4/10/2017 01:38] [PENJUALAN] CASHIER FORM : calculateTotal
[ADMIN] [4/10/2017 01:38] [PENJUALAN] CASHIER FORM : calculateTotal [100000]
[ADMIN] [4/10/2017 01:38] [PENJUALAN] CASHIER FORM : calculateTotal, totalAfterDisc [100000]
[ADMIN] [4/10/2017 01:38] [PENJUALAN] CASHIER FORM : calculateChangeValue, bayarTextBox.Text [0]
[ADMIN] [4/10/2017 01:38] [PENJUALAN] CASHIER FORM : calculateChangeValue, sisaBayar [0]
[ADMIN] [4/10/2017 01:38] [PENJUALAN] CASHIER FORM : Combobox_KeyUp, cashierDataGridView.CurrentCell.OwningColumn.Name  [productPrice]
[ADMIN] [4/10/2017 01:38] [PENJUALAN] CASHIER FORM : UNREGISTER HOTKEY
[ADMIN] [4/10/2017 01:38] [PENJUALAN] CASHIER FORM : UNREGISTER HOTKEY
[ADMIN] [4/10/2017 01:38] [] USER ID = 1LOGOUT
