[] [6/16/2017 15:25] [] USER = ADMIN IS ACTIVE
[ADMIN] [6/16/2017 15:25] [] USER ID = 1 LOGIN SUCCESSFULLY
[ADMIN] [6/16/2017 15:25] [] ACTIVATE USER ACCESS RIGHT
[ADMIN] [6/16/2017 15:25] [] DISPLAY ADMIN FORM
[ADMIN] [6/16/2017 15:25] [] adminForm Load
[ADMIN] [6/16/2017 15:25] [] ACTIVATE USER ACCESS RIGHT
[ADMIN] [6/16/2017 15:25] [PENJUALAN] CASHIER FORM : REGISTER HOTKEY
[ADMIN] [6/16/2017 15:25] [PENJUALAN] CASHIER FORM : cashierForm_Load, ATTEMPT TO LOAD NO FAKTUR
[ADMIN] [6/16/2017 15:25] [PENJUALAN] CASHIER FORM : loadNoFaktur, noFakturValue [SLO001]
[ADMIN] [6/16/2017 15:25] [PENJUALAN] CASHIER FORM : cashierForm_Load, ATTEMPT TO addColumnToDataGrid
[ADMIN] [6/16/2017 15:25] [PENJUALAN] CASHIER FORM : UPDATE ROW NUMBER, TOTAL ROW [1]
[ADMIN] [6/16/2017 15:25] [PENJUALAN] CASHIER FORM : ADD NEW ROW,  isActive [True]
[ADMIN] [6/16/2017 15:25] [PENJUALAN] CASHIER FORM : ADD NEW ROW,  ROW COUNT [0]
[ADMIN] [6/16/2017 15:25] [PENJUALAN] CASHIER FORM : ADD NEW ROW,  ALLOW TO ADD [True]
[ADMIN] [6/16/2017 15:25] [PENJUALAN] CASHIER FORM : UPDATE ROW NUMBER, TOTAL ROW [1]
[ADMIN] [6/16/2017 15:25] [PENJUALAN] CASHIER FORM : ADD NEW ROW,  isActive [True]
[ADMIN] [6/16/2017 15:25] [PENJUALAN] CASHIER FORM : ADD NEW ROW,  ROW COUNT [1]
[ADMIN] [6/16/2017 15:25] [PENJUALAN] CASHIER FORM : ADD NEW ROW,  ALLOW TO ADD [True]
[ADMIN] [6/16/2017 15:25] [PENJUALAN] CASHIER FORM : UPDATE ROW NUMBER, TOTAL ROW [2]
[ADMIN] [6/16/2017 15:25] [PENJUALAN] CASHIER FORM : UPDATE ROW NUMBER, TOTAL ROW [3]
[ADMIN] [6/16/2017 15:25] [PENJUALAN] CASHIER FORM : cashierDataGridView_CellValueChanged [F8]
[ADMIN] [6/16/2017 15:25] [PENJUALAN] CASHIER FORM : REGISTER HOTKEY
[ADMIN] [6/16/2017 15:25] [PENJUALAN] CASHIER FORM : cashierDataGridView_CellValueChanged [qty]
[ADMIN] [6/16/2017 15:25] [PENJUALAN] CASHIER FORM : cashierDataGridView_CellValueChanged, previousInput [1]
[ADMIN] [6/16/2017 15:25] [PENJUALAN] CASHIER FORM : cashierDataGridView_CellValueChanged, dataGridViewTextBoxEditingControl.Text pass REGEX Checking
[ADMIN] [6/16/2017 15:25] [PENJUALAN] CASHIER FORM : CHECK STOCK QTY IS ENOUGH [HAPPY-AC1]
[ADMIN] [6/16/2017 15:25] [PENJUALAN] CASHIER FORM : CHECK STOCK QTY IS ENOUGH [12, 12]
[ADMIN] [6/16/2017 15:25] [PENJUALAN] CASHIER FORM : CALCULATE SUBTOTAL
[ADMIN] [6/16/2017 15:25] [PENJUALAN] CASHIER FORM : SUBTOTAL [720000]
[ADMIN] [6/16/2017 15:25] [PENJUALAN] CASHIER FORM : cashierDataGridView_CellValueChanged, subtotal value [720000]
[ADMIN] [6/16/2017 15:25] [PENJUALAN] CASHIER FORM : cashierDataGridView_CellValueChanged, attempt to calculate total value
[ADMIN] [6/16/2017 15:25] [PENJUALAN] CASHIER FORM : calculateTotal
[ADMIN] [6/16/2017 15:25] [PENJUALAN] CASHIER FORM : calculateTotal [720000]
[ADMIN] [6/16/2017 15:25] [PENJUALAN] CASHIER FORM : calculateTotal, totalAfterDisc [720000]
[ADMIN] [6/16/2017 15:25] [PENJUALAN] CASHIER FORM : calculateChangeValue, bayarTextBox.Text [Rp60.000]
[ADMIN] [6/16/2017 15:25] [PENJUALAN] CASHIER FORM : calculateChangeValue, sisaBayar [0]
[ADMIN] [6/16/2017 15:25] [PENJUALAN] CASHIER FORM : Combobox_KeyUp, cashierDataGridView.CurrentCell.OwningColumn.Name  [qty]
[ADMIN] [6/16/2017 15:25] [PENJUALAN] CASHIER FORM : cashierDataGridView_CellValueChanged [qty]
[ADMIN] [6/16/2017 15:25] [PENJUALAN] CASHIER FORM : cashierDataGridView_CellValueChanged, previousInput [12]
[ADMIN] [6/16/2017 15:25] [PENJUALAN] CASHIER FORM : cashierDataGridView_CellValueChanged, dataGridViewTextBoxEditingControl.Text pass REGEX Checking
[ADMIN] [6/16/2017 15:25] [PENJUALAN] CASHIER FORM : CHECK STOCK QTY IS ENOUGH [HAPPY-AC1]
[ADMIN] [6/16/2017 15:25] [PENJUALAN] CASHIER FORM : CHECK STOCK QTY IS ENOUGH [12, 2]
[ADMIN] [6/16/2017 15:25] [PENJUALAN] CASHIER FORM : CALCULATE SUBTOTAL
[ADMIN] [6/16/2017 15:25] [PENJUALAN] CASHIER FORM : SUBTOTAL [120000]
[ADMIN] [6/16/2017 15:25] [PENJUALAN] CASHIER FORM : cashierDataGridView_CellValueChanged, subtotal value [120000]
[ADMIN] [6/16/2017 15:25] [PENJUALAN] CASHIER FORM : cashierDataGridView_CellValueChanged, attempt to calculate total value
[ADMIN] [6/16/2017 15:25] [PENJUALAN] CASHIER FORM : calculateTotal
[ADMIN] [6/16/2017 15:25] [PENJUALAN] CASHIER FORM : calculateTotal [120000]
[ADMIN] [6/16/2017 15:25] [PENJUALAN] CASHIER FORM : calculateTotal, totalAfterDisc [120000]
[ADMIN] [6/16/2017 15:25] [PENJUALAN] CASHIER FORM : calculateChangeValue, bayarTextBox.Text [Rp60.000]
[ADMIN] [6/16/2017 15:25] [PENJUALAN] CASHIER FORM : calculateChangeValue, sisaBayar [0]
[ADMIN] [6/16/2017 15:25] [PENJUALAN] CASHIER FORM : Combobox_KeyUp, cashierDataGridView.CurrentCell.OwningColumn.Name  [qty]
[ADMIN] [6/16/2017 15:25] [PENJUALAN] CASHIER FORM : calculateChangeValue, bayarTextBox.Text [60000]
[ADMIN] [6/16/2017 15:25] [PENJUALAN] CASHIER FORM : calculateChangeValue, sisaBayar [0]
[ADMIN] [6/16/2017 15:26] [PENJUALAN] CASHIER FORM : calculateChangeValue, bayarTextBox.Text [1]
[ADMIN] [6/16/2017 15:26] [PENJUALAN] CASHIER FORM : calculateChangeValue, sisaBayar [0]
[ADMIN] [6/16/2017 15:26] [PENJUALAN] CASHIER FORM : calculateChangeValue, bayarTextBox.Text [12]
[ADMIN] [6/16/2017 15:26] [PENJUALAN] CASHIER FORM : calculateChangeValue, sisaBayar [0]
[ADMIN] [6/16/2017 15:26] [PENJUALAN] CASHIER FORM : calculateChangeValue, bayarTextBox.Text [120]
[ADMIN] [6/16/2017 15:26] [PENJUALAN] CASHIER FORM : calculateChangeValue, sisaBayar [0]
[ADMIN] [6/16/2017 15:26] [PENJUALAN] CASHIER FORM : calculateChangeValue, bayarTextBox.Text [1200]
[ADMIN] [6/16/2017 15:26] [PENJUALAN] CASHIER FORM : calculateChangeValue, sisaBayar [0]
[ADMIN] [6/16/2017 15:26] [PENJUALAN] CASHIER FORM : calculateChangeValue, bayarTextBox.Text [12000]
[ADMIN] [6/16/2017 15:26] [PENJUALAN] CASHIER FORM : calculateChangeValue, sisaBayar [0]
[ADMIN] [6/16/2017 15:26] [PENJUALAN] CASHIER FORM : calculateChangeValue, bayarTextBox.Text [120000]
[ADMIN] [6/16/2017 15:26] [PENJUALAN] CASHIER FORM : calculateChangeValue, sisaBayar [0]
[ADMIN] [6/16/2017 15:26] [PENJUALAN] CASHIER FORM : HOTKEY TO SAVE AND PRINT OUT INVOICE PRESSED
[ADMIN] [6/16/2017 15:26] [PENJUALAN] CASHIER FORM : UNREGISTER HOTKEY
[ADMIN] [6/16/2017 15:26] [PENJUALAN] CASHIER FORM : REGISTER HOTKEY
[ADMIN] [6/16/2017 15:26] [PENJUALAN] ATTEMPT TO SAVE AND PRINT OUT INVOICE
[ADMIN] [6/16/2017 15:26] [PENJUALAN] CASHIER FORM : CHECK STOCK QTY IS ENOUGH [HAPPY-AC1]
[ADMIN] [6/16/2017 15:26] [PENJUALAN] CASHIER FORM : CHECK STOCK QTY IS ENOUGH [13, 3]
[ADMIN] [6/16/2017 15:26] [PENJUALAN] CASHIER FORM : UNREGISTER HOTKEY
[ADMIN] [6/16/2017 15:26] [PENJUALAN] CASHIER FORM : ATTEMPT TO SAVE SALES DATA [16-06-2017 15:26]
[ADMIN] [6/16/2017 15:26] [PENJUALAN] CASHIER FORM : SALES DISC FINAL [0]
[ADMIN] [6/16/2017 15:26] [PENJUALAN] CASHIER FORM : CASH SALES
[ADMIN] [6/16/2017 15:26] [PENJUALAN] RETURN SALES DETAIL EXPIRY AMOUNT [SLO001-8]
[ADMIN] [6/16/2017 15:26] [PENJUALAN] RETURN SALES DETAIL EXPIRY AMOUNT [SLO001-8]
[ADMIN] [6/16/2017 15:26] [PENJUALAN] RETURN SALES DETAIL AMOUNT [SLO001-8]
[ADMIN] [6/16/2017 15:26] [PENJUALAN] RETURN SALES DETAIL AMOUNT [SLO001-8]
[ADMIN] [6/16/2017 15:26] [PENJUALAN] UPDATE SALES HEADER [SLO001-8]
[ADMIN] [6/16/2017 15:26] [PENJUALAN] DELETE SALES DETAIL EXPIRY [SLO001-8]
[ADMIN] [6/16/2017 15:26] [PENJUALAN] DELETE SALES DETAIL[SLO001-8]
[ADMIN] [6/16/2017 15:26] [PENJUALAN] SAVE TO SALES REVISI HISTORY [SLO001-8]
[ADMIN] [6/16/2017 15:26] [PENJUALAN] INSERT INTO SALES DETAIL[HAPPY-AC1, 60000, 1]
[ADMIN] [6/16/2017 15:26] [PENJUALAN] REDUCE STOCK AT MASTER PRODUCT [HAPPY-AC1]
[ADMIN] [6/16/2017 15:26] [PENJUALAN] REDUCE STOCK AT PRODUCT_EXPIRY LOT [3318]
[ADMIN] [6/16/2017 15:26] [PENJUALAN] SAVE PRODUCT LOT INFORMATION FOR EACH ITEM AND AMOUNT
[ADMIN] [6/16/2017 15:26] [PENJUALAN] UPDATE CUSTOMER PRODUCT DISC [HAPPY-AC1]
[ADMIN] [6/16/2017 15:26] [PENJUALAN] INSERT INTO SALES DETAIL[HAPPY-AC1, 60000, 2]
[ADMIN] [6/16/2017 15:26] [PENJUALAN] REDUCE STOCK AT MASTER PRODUCT [HAPPY-AC1]
[ADMIN] [6/16/2017 15:26] [PENJUALAN] REDUCE STOCK AT PRODUCT_EXPIRY LOT [3318]
[ADMIN] [6/16/2017 15:26] [PENJUALAN] SAVE PRODUCT LOT INFORMATION FOR EACH ITEM AND AMOUNT
[ADMIN] [6/16/2017 15:26] [PENJUALAN] UPDATE CUSTOMER PRODUCT DISC [HAPPY-AC1]
[ADMIN] [6/16/2017 15:26] [PENJUALAN] UPDATE CREDIT TABLE [SLO001-8]
[ADMIN] [6/16/2017 15:26] [PENJUALAN] INSERT TO DAILY JOURNAL TABLE [60000]
[ADMIN] [6/16/2017 15:26] [PENJUALAN] CASHIER FORM : REGISTER HOTKEY
[ADMIN] [6/16/2017 15:26] [PENJUALAN] TRANSACTION SAVED
[ADMIN] [6/16/2017 15:26] [PENJUALAN] PRINT OUT INVOICE
[ADMIN] [6/16/2017 15:26] [PENJUALAN] CASHIER FORM : PrintReceipt
[ADMIN] [6/16/2017 15:26] [PENJUALAN] CASHIER FORM : PrintReceipt, POS size Paper
[ADMIN] [6/16/2017 15:26] [PENJUALAN] CASHIER FORM : loadInfoToko
[ADMIN] [6/16/2017 15:26] [PENJUALAN] CASHIER FORM : calculatePageLength, totalLengthPage [397]
[ADMIN] [6/16/2017 15:26] [PENJUALAN] CASHIER FORM : printDocument1_PrintPage, print POS size receipt
[ADMIN] [6/16/2017 15:26] [PENJUALAN] CASHIER FORM : UNREGISTER HOTKEY
[ADMIN] [6/16/2017 15:26] [PENJUALAN] CASHIER FORM : loadInfoToko
[ADMIN] [6/16/2017 15:26] [PENJUALAN] CASHIER FORM : loadNamaUser
[ADMIN] [6/16/2017 15:26] [PENJUALAN] CASHIER FORM : UPDATE ROW NUMBER, TOTAL ROW [1]
[ADMIN] [6/16/2017 15:26] [PENJUALAN] CASHIER FORM : UPDATE ROW NUMBER, TOTAL ROW [1]
[ADMIN] [6/16/2017 15:26] [PENJUALAN] CASHIER FORM : cashierDataGridView_CellValueChanged [F8]
[ADMIN] [6/16/2017 15:26] [PENJUALAN] CASHIER FORM : calculateTotal
[ADMIN] [6/16/2017 15:26] [PENJUALAN] CASHIER FORM : calculateTotal [0]
[ADMIN] [6/16/2017 15:26] [PENJUALAN] CASHIER FORM : calculateTotal, totalAfterDisc [0]
[ADMIN] [6/16/2017 15:26] [PENJUALAN] CASHIER FORM : calculateChangeValue, bayarTextBox.Text [Rp120.000]
[ADMIN] [6/16/2017 15:26] [PENJUALAN] CASHIER FORM : calculateChangeValue, sisaBayar [0]
[ADMIN] [6/16/2017 15:26] [PENJUALAN] CASHIER FORM : loadNoFaktur, noFakturValue [SLO001]
[ADMIN] [6/16/2017 15:26] [PENJUALAN] CASHIER FORM : REGISTER HOTKEY
[ADMIN] [6/16/2017 15:26] [PENJUALAN] CASHIER FORM : UNREGISTER HOTKEY
[ADMIN] [6/16/2017 15:26] [PENJUALAN] CASHIER FORM : UNREGISTER HOTKEY
[ADMIN] [6/16/2017 15:26] [TAMBAH TRANSAKSI HARIAN] LOAD DATA TRANSAKSI
[ADMIN] [6/16/2017 15:28] [PENJUALAN] CASHIER FORM : REGISTER HOTKEY
[ADMIN] [6/16/2017 15:28] [PENJUALAN] CASHIER FORM : cashierForm_Load, ATTEMPT TO LOAD NO FAKTUR
[ADMIN] [6/16/2017 15:28] [PENJUALAN] CASHIER FORM : loadNoFaktur, noFakturValue [SLO001]
[ADMIN] [6/16/2017 15:28] [PENJUALAN] CASHIER FORM : cashierForm_Load, ATTEMPT TO addColumnToDataGrid
[ADMIN] [6/16/2017 15:28] [PENJUALAN] CASHIER FORM : UPDATE ROW NUMBER, TOTAL ROW [1]
[ADMIN] [6/16/2017 15:28] [PENJUALAN] CASHIER FORM : ADD NEW ROW,  isActive [True]
[ADMIN] [6/16/2017 15:28] [PENJUALAN] CASHIER FORM : ADD NEW ROW,  ROW COUNT [0]
[ADMIN] [6/16/2017 15:28] [PENJUALAN] CASHIER FORM : ADD NEW ROW,  ALLOW TO ADD [True]
[ADMIN] [6/16/2017 15:28] [PENJUALAN] CASHIER FORM : UPDATE ROW NUMBER, TOTAL ROW [1]
[ADMIN] [6/16/2017 15:28] [PENJUALAN] CASHIER FORM : ADD NEW ROW,  isActive [True]
[ADMIN] [6/16/2017 15:28] [PENJUALAN] CASHIER FORM : ADD NEW ROW,  ROW COUNT [1]
[ADMIN] [6/16/2017 15:28] [PENJUALAN] CASHIER FORM : ADD NEW ROW,  ALLOW TO ADD [True]
[ADMIN] [6/16/2017 15:28] [PENJUALAN] CASHIER FORM : UPDATE ROW NUMBER, TOTAL ROW [2]
[ADMIN] [6/16/2017 15:28] [PENJUALAN] CASHIER FORM : UPDATE ROW NUMBER, TOTAL ROW [3]
[ADMIN] [6/16/2017 15:28] [PENJUALAN] CASHIER FORM : cashierDataGridView_CellValueChanged [F8]
[ADMIN] [6/16/2017 15:28] [PENJUALAN] CASHIER FORM : REGISTER HOTKEY
[ADMIN] [6/16/2017 15:28] [PENJUALAN] CASHIER FORM : cashierDataGridView_CellValueChanged [qty]
[ADMIN] [6/16/2017 15:28] [PENJUALAN] CASHIER FORM : cashierDataGridView_CellValueChanged, previousInput [2]
[ADMIN] [6/16/2017 15:28] [PENJUALAN] CASHIER FORM : cashierDataGridView_CellValueChanged, dataGridViewTextBoxEditingControl.Text pass REGEX Checking
[ADMIN] [6/16/2017 15:28] [PENJUALAN] CASHIER FORM : CHECK STOCK QTY IS ENOUGH [HAPPY-AC1]
[ADMIN] [6/16/2017 15:28] [PENJUALAN] CASHIER FORM : CHECK STOCK QTY IS ENOUGH [12, 1]
[ADMIN] [6/16/2017 15:28] [PENJUALAN] CASHIER FORM : CALCULATE SUBTOTAL
[ADMIN] [6/16/2017 15:28] [PENJUALAN] CASHIER FORM : SUBTOTAL [60000]
[ADMIN] [6/16/2017 15:28] [PENJUALAN] CASHIER FORM : cashierDataGridView_CellValueChanged, subtotal value [60000]
[ADMIN] [6/16/2017 15:28] [PENJUALAN] CASHIER FORM : cashierDataGridView_CellValueChanged, attempt to calculate total value
[ADMIN] [6/16/2017 15:28] [PENJUALAN] CASHIER FORM : calculateTotal
[ADMIN] [6/16/2017 15:28] [PENJUALAN] CASHIER FORM : calculateTotal [60000]
[ADMIN] [6/16/2017 15:28] [PENJUALAN] CASHIER FORM : calculateTotal, totalAfterDisc [60000]
[ADMIN] [6/16/2017 15:28] [PENJUALAN] CASHIER FORM : calculateChangeValue, bayarTextBox.Text [Rp120.000]
[ADMIN] [6/16/2017 15:28] [PENJUALAN] CASHIER FORM : calculateChangeValue, sisaBayar [60000]
[ADMIN] [6/16/2017 15:28] [PENJUALAN] CASHIER FORM : Combobox_KeyUp, cashierDataGridView.CurrentCell.OwningColumn.Name  [qty]
[ADMIN] [6/16/2017 15:29] [PENJUALAN] CASHIER FORM : HOTKEY TO SAVE AND PRINT OUT INVOICE PRESSED
[ADMIN] [6/16/2017 15:29] [PENJUALAN] CASHIER FORM : UNREGISTER HOTKEY
[ADMIN] [6/16/2017 15:29] [PENJUALAN] CASHIER FORM : REGISTER HOTKEY
[ADMIN] [6/16/2017 15:29] [PENJUALAN] ATTEMPT TO SAVE AND PRINT OUT INVOICE
[ADMIN] [6/16/2017 15:29] [PENJUALAN] CASHIER FORM : CHECK STOCK QTY IS ENOUGH [HAPPY-AC1]
[ADMIN] [6/16/2017 15:29] [PENJUALAN] CASHIER FORM : CHECK STOCK QTY IS ENOUGH [13, 2]
[ADMIN] [6/16/2017 15:29] [PENJUALAN] CASHIER FORM : UNREGISTER HOTKEY
[ADMIN] [6/16/2017 15:29] [PENJUALAN] CASHIER FORM : ATTEMPT TO SAVE SALES DATA [16-06-2017 15:29]
[ADMIN] [6/16/2017 15:29] [PENJUALAN] CASHIER FORM : SALES DISC FINAL [0]
[ADMIN] [6/16/2017 15:29] [PENJUALAN] CASHIER FORM : CASH SALES
[ADMIN] [6/16/2017 15:29] [PENJUALAN] RETURN SALES DETAIL EXPIRY AMOUNT [SLO001-8]
[ADMIN] [6/16/2017 15:29] [PENJUALAN] RETURN SALES DETAIL EXPIRY AMOUNT [SLO001-8]
[ADMIN] [6/16/2017 15:29] [PENJUALAN] RETURN SALES DETAIL AMOUNT [SLO001-8]
[ADMIN] [6/16/2017 15:29] [PENJUALAN] RETURN SALES DETAIL AMOUNT [SLO001-8]
[ADMIN] [6/16/2017 15:29] [PENJUALAN] UPDATE SALES HEADER [SLO001-8]
[ADMIN] [6/16/2017 15:29] [PENJUALAN] DELETE SALES DETAIL EXPIRY [SLO001-8]
[ADMIN] [6/16/2017 15:29] [PENJUALAN] DELETE SALES DETAIL[SLO001-8]
[ADMIN] [6/16/2017 15:29] [PENJUALAN] SAVE TO SALES REVISI HISTORY [SLO001-8]
[ADMIN] [6/16/2017 15:29] [PENJUALAN] INSERT INTO SALES DETAIL[HAPPY-AC1, 60000, 1]
[ADMIN] [6/16/2017 15:29] [PENJUALAN] REDUCE STOCK AT MASTER PRODUCT [HAPPY-AC1]
[ADMIN] [6/16/2017 15:29] [PENJUALAN] REDUCE STOCK AT PRODUCT_EXPIRY LOT [3318]
[ADMIN] [6/16/2017 15:29] [PENJUALAN] SAVE PRODUCT LOT INFORMATION FOR EACH ITEM AND AMOUNT
[ADMIN] [6/16/2017 15:29] [PENJUALAN] UPDATE CUSTOMER PRODUCT DISC [HAPPY-AC1]
[ADMIN] [6/16/2017 15:29] [PENJUALAN] INSERT INTO SALES DETAIL[HAPPY-AC1, 60000, 1]
[ADMIN] [6/16/2017 15:29] [PENJUALAN] REDUCE STOCK AT MASTER PRODUCT [HAPPY-AC1]
[ADMIN] [6/16/2017 15:29] [PENJUALAN] REDUCE STOCK AT PRODUCT_EXPIRY LOT [3318]
[ADMIN] [6/16/2017 15:29] [PENJUALAN] SAVE PRODUCT LOT INFORMATION FOR EACH ITEM AND AMOUNT
[ADMIN] [6/16/2017 15:29] [PENJUALAN] UPDATE CUSTOMER PRODUCT DISC [HAPPY-AC1]
[ADMIN] [6/16/2017 15:29] [PENJUALAN] UPDATE CREDIT TABLE [SLO001-8]
[ADMIN] [6/16/2017 15:29] [PENJUALAN] INSERT TO DAILY JOURNAL TABLE [60000]
[ADMIN] [6/16/2017 15:29] [PENJUALAN] CASHIER FORM : REGISTER HOTKEY
[ADMIN] [6/16/2017 15:29] [PENJUALAN] TRANSACTION SAVED
[ADMIN] [6/16/2017 15:29] [PENJUALAN] PRINT OUT INVOICE
[ADMIN] [6/16/2017 15:29] [PENJUALAN] CASHIER FORM : PrintReceipt
[ADMIN] [6/16/2017 15:29] [PENJUALAN] CASHIER FORM : PrintReceipt, POS size Paper
[ADMIN] [6/16/2017 15:29] [PENJUALAN] CASHIER FORM : loadInfoToko
[ADMIN] [6/16/2017 15:29] [PENJUALAN] CASHIER FORM : calculatePageLength, totalLengthPage [397]
[ADMIN] [6/16/2017 15:29] [PENJUALAN] CASHIER FORM : printDocument1_PrintPage, print POS size receipt
[ADMIN] [6/16/2017 15:29] [PENJUALAN] CASHIER FORM : UNREGISTER HOTKEY
[ADMIN] [6/16/2017 15:29] [PENJUALAN] CASHIER FORM : loadInfoToko
[ADMIN] [6/16/2017 15:29] [PENJUALAN] CASHIER FORM : loadNamaUser
[ADMIN] [6/16/2017 15:29] [PENJUALAN] CASHIER FORM : UPDATE ROW NUMBER, TOTAL ROW [1]
[ADMIN] [6/16/2017 15:29] [PENJUALAN] CASHIER FORM : UPDATE ROW NUMBER, TOTAL ROW [1]
[ADMIN] [6/16/2017 15:29] [PENJUALAN] CASHIER FORM : cashierDataGridView_CellValueChanged [F8]
[ADMIN] [6/16/2017 15:29] [PENJUALAN] CASHIER FORM : calculateTotal
[ADMIN] [6/16/2017 15:29] [PENJUALAN] CASHIER FORM : calculateTotal [0]
[ADMIN] [6/16/2017 15:29] [PENJUALAN] CASHIER FORM : calculateTotal, totalAfterDisc [0]
[ADMIN] [6/16/2017 15:29] [PENJUALAN] CASHIER FORM : calculateChangeValue, bayarTextBox.Text [Rp120.000]
[ADMIN] [6/16/2017 15:29] [PENJUALAN] CASHIER FORM : calculateChangeValue, sisaBayar [0]
[ADMIN] [6/16/2017 15:29] [PENJUALAN] CASHIER FORM : loadNoFaktur, noFakturValue [SLO001]
[ADMIN] [6/16/2017 15:29] [PENJUALAN] CASHIER FORM : REGISTER HOTKEY
[ADMIN] [6/16/2017 15:29] [PENJUALAN] CASHIER FORM : UNREGISTER HOTKEY
[ADMIN] [6/16/2017 15:29] [PENJUALAN] CASHIER FORM : UNREGISTER HOTKEY
[ADMIN] [6/16/2017 15:29] [TAMBAH TRANSAKSI HARIAN] LOAD DATA TRANSAKSI
[ADMIN] [6/16/2017 15:30] [] USER ID = 1LOGOUT
