[] [1/7/2017 23:14] [] USER = ADMIN IS ACTIVE
[ADMIN] [1/7/2017 23:14] [] USER ID = 1 LOGIN SUCCESSFULLY
[ADMIN] [1/7/2017 23:14] [] ACTIVATE USER ACCESS RIGHT
[ADMIN] [1/7/2017 23:14] [] DISPLAY ADMIN FORM
[ADMIN] [1/7/2017 23:14] [] adminForm Load
[ADMIN] [1/7/2017 23:14] [] ACTIVATE USER ACCESS RIGHT
[ADMIN] [1/7/2017 23:14] [PENJUALAN] CASHIER FORM : MULTIPLE CASHIER INSTANCE [1]
[ADMIN] [1/7/2017 23:14] [PENJUALAN] CASHIER FORM : REGISTER HOTKEY
[ADMIN] [1/7/2017 23:14] [PENJUALAN] CASHIER FORM : cashierForm_Load, ATTEMPT TO LOAD NO FAKTUR
[ADMIN] [1/7/2017 23:14] [PENJUALAN] CASHIER FORM : loadNoFaktur, noFakturValue [SLO001]
[ADMIN] [1/7/2017 23:14] [PENJUALAN] CASHIER FORM : cashierForm_Load, ATTEMPT TO addColumnToDataGrid
[ADMIN] [1/7/2017 23:14] [PENJUALAN] CASHIER FORM : UPDATE ROW NUMBER, TOTAL ROW [1]
[ADMIN] [1/7/2017 23:14] [PENJUALAN] CASHIER FORM : cashierDataGridView_CellValueChanged [F8]
[ADMIN] [1/7/2017 23:14] [PENJUALAN] CASHIER FORM : calculateTotal
[ADMIN] [1/7/2017 23:14] [PENJUALAN] CASHIER FORM : calculateTotal [0]
[ADMIN] [1/7/2017 23:14] [PENJUALAN] CASHIER FORM : calculateTotal, totalAfterDisc [0]
[ADMIN] [1/7/2017 23:14] [PENJUALAN] CASHIER FORM : calculateChangeValue, bayarTextBox.Text [0]
[ADMIN] [1/7/2017 23:14] [PENJUALAN] CASHIER FORM : calculateChangeValue, sisaBayar [0]
[ADMIN] [1/7/2017 23:14] [PENJUALAN] CASHIER FORM : REGISTER HOTKEY
[ADMIN] [1/7/2017 23:14] [PENJUALAN] CASHIER FORM : Combobox_previewKeyDown, cashierDataGridView.CurrentCell.OwningColumn.Name  [productID]
[ADMIN] [1/7/2017 23:14] [PENJUALAN] CASHIER FORM : productName_previewKeyDown, cashierDataGridView.CurrentCell.OwningColumn.Name  [productName]
[ADMIN] [1/7/2017 23:14] [PENJUALAN] CASHIER FORM : UPDATE ROW NUMBER, TOTAL ROW [2]
[ADMIN] [1/7/2017 23:14] [PENJUALAN] CASHIER FORM : cashierDataGridView_CellValueChanged [F8]
[ADMIN] [1/7/2017 23:14] [PENJUALAN] CASHIER FORM : cashierDataGridView_CellValueChanged [productName]
[ADMIN] [1/7/2017 23:14] [PENJUALAN] CASHIER FORM : updateSomeRowContents
[ADMIN] [1/7/2017 23:14] [PENJUALAN] CASHIER FORM : clearUpSomeRowContents
[ADMIN] [1/7/2017 23:14] [PENJUALAN] CASHIER FORM : cashierDataGridView_CellValueChanged [productName]
[ADMIN] [1/7/2017 23:14] [PENJUALAN] CASHIER FORM : cashierDataGridView_CellValueChanged [hpp]
[ADMIN] [1/7/2017 23:14] [PENJUALAN] CASHIER FORM : cashierDataGridView_CellValueChanged [productPrice]
[ADMIN] [1/7/2017 23:14] [PENJUALAN] CASHIER FORM : cashierDataGridView_CellValueChanged, previousInput [0]
[ADMIN] [1/7/2017 23:14] [PENJUALAN] CASHIER FORM : cashierDataGridView_CellValueChanged [qty]
[ADMIN] [1/7/2017 23:14] [PENJUALAN] CASHIER FORM : cashierDataGridView_CellValueChanged, previousInput [0]
[ADMIN] [1/7/2017 23:14] [PENJUALAN] CASHIER FORM : cashierDataGridView_CellValueChanged [disc1]
[ADMIN] [1/7/2017 23:14] [PENJUALAN] CASHIER FORM : cashierDataGridView_CellValueChanged, previousInput [0]
[ADMIN] [1/7/2017 23:14] [PENJUALAN] CASHIER FORM : cashierDataGridView_CellValueChanged [disc2]
[ADMIN] [1/7/2017 23:14] [PENJUALAN] CASHIER FORM : cashierDataGridView_CellValueChanged, previousInput [0]
[ADMIN] [1/7/2017 23:14] [PENJUALAN] CASHIER FORM : cashierDataGridView_CellValueChanged [discRP]
[ADMIN] [1/7/2017 23:14] [PENJUALAN] CASHIER FORM : cashierDataGridView_CellValueChanged, previousInput [0]
[ADMIN] [1/7/2017 23:14] [PENJUALAN] CASHIER FORM : cashierDataGridView_CellValueChanged [jumlah]
[ADMIN] [1/7/2017 23:14] [PENJUALAN] CASHIER FORM : calculateTotal
[ADMIN] [1/7/2017 23:14] [PENJUALAN] CASHIER FORM : calculateTotal [0]
[ADMIN] [1/7/2017 23:14] [PENJUALAN] CASHIER FORM : calculateTotal, totalAfterDisc [0]
[ADMIN] [1/7/2017 23:14] [PENJUALAN] CASHIER FORM : calculateChangeValue, bayarTextBox.Text [0]
[ADMIN] [1/7/2017 23:14] [PENJUALAN] CASHIER FORM : calculateChangeValue, sisaBayar [0]
[ADMIN] [1/7/2017 23:14] [PENJUALAN] CASHIER FORM : Combobox_KeyUp, cashierDataGridView.CurrentCell.OwningColumn.Name  [productName]
[ADMIN] [1/7/2017 23:14] [PENJUALAN] CASHIER FORM : Combobox_KeyUp, cashierDataGridView.CurrentCell.OwningColumn.Name  [productName]
[ADMIN] [1/7/2017 23:14] [PENJUALAN] CASHIER FORM : productName_previewKeyDown, cashierDataGridView.CurrentCell.OwningColumn.Name  [productName]
[ADMIN] [1/7/2017 23:14] [PENJUALAN] CASHIER FORM : UNREGISTER HOTKEY
[ADMIN] [1/7/2017 23:14] [PENJUALAN] CASHIER FORM : ADD NEW ROW FROM BARCODE [BALANCE ADLT DOG 1  KG]
[ADMIN] [1/7/2017 23:14] [PENJUALAN] CASHIER FORM : updateSomeRowContents
[ADMIN] [1/7/2017 23:14] [PENJUALAN] CASHIER FORM : cashierDataGridView_CellValueChanged [productID]
[ADMIN] [1/7/2017 23:14] [PENJUALAN] CASHIER FORM : cashierDataGridView_CellValueChanged [productName]
[ADMIN] [1/7/2017 23:14] [PENJUALAN] CASHIER FORM : updateSomeRowContents
[ADMIN] [1/7/2017 23:14] [PENJUALAN] CASHIER FORM : PRODUCT PRICE TYPE [PRODUCT_BASE_PRICE]
[ADMIN] [1/7/2017 23:14] [PENJUALAN] CASHIER FORM : PRODUCT PRICE [15000]
[ADMIN] [1/7/2017 23:14] [PENJUALAN] CASHIER FORM : ComboBox_SelectedIndexChanged, PRODUCT_BASE_PRICE [15000]
[ADMIN] [1/7/2017 23:14] [PENJUALAN] CASHIER FORM : cashierDataGridView_CellValueChanged [hpp]
[ADMIN] [1/7/2017 23:14] [PENJUALAN] CASHIER FORM : PRODUCT PRICE TYPE [PRODUCT_RETAIL_PRICE]
[ADMIN] [1/7/2017 23:14] [PENJUALAN] CASHIER FORM : PRODUCT PRICE [17000]
[ADMIN] [1/7/2017 23:14] [PENJUALAN] CASHIER FORM : ComboBox_SelectedIndexChanged, PRODUCT_SALES_PRICE [17000]
[ADMIN] [1/7/2017 23:14] [PENJUALAN] CASHIER FORM : cashierDataGridView_CellValueChanged [productPrice]
[ADMIN] [1/7/2017 23:14] [PENJUALAN] CASHIER FORM : cashierDataGridView_CellValueChanged, previousInput [0]
[ADMIN] [1/7/2017 23:14] [PENJUALAN] CASHIER FORM : cashierDataGridView_CellValueChanged, cellValue [17000]
[ADMIN] [1/7/2017 23:14] [PENJUALAN] CASHIER FORM : cashierDataGridView_CellValueChanged, dataGridViewTextBoxEditingControl.Text pass REGEX Checking
[ADMIN] [1/7/2017 23:14] [PENJUALAN] CASHIER FORM : CALCULATE SUBTOTAL
[ADMIN] [1/7/2017 23:14] [PENJUALAN] CASHIER FORM : SUBTOTAL [0]
[ADMIN] [1/7/2017 23:14] [PENJUALAN] CASHIER FORM : cashierDataGridView_CellValueChanged, subtotal value [0]
[ADMIN] [1/7/2017 23:14] [PENJUALAN] CASHIER FORM : cashierDataGridView_CellValueChanged, attempt to calculate total value
[ADMIN] [1/7/2017 23:14] [PENJUALAN] CASHIER FORM : calculateTotal
[ADMIN] [1/7/2017 23:14] [PENJUALAN] CASHIER FORM : calculateTotal [0]
[ADMIN] [1/7/2017 23:14] [PENJUALAN] CASHIER FORM : calculateTotal, totalAfterDisc [0]
[ADMIN] [1/7/2017 23:14] [PENJUALAN] CASHIER FORM : calculateChangeValue, bayarTextBox.Text [0]
[ADMIN] [1/7/2017 23:14] [PENJUALAN] CASHIER FORM : calculateChangeValue, sisaBayar [0]
[ADMIN] [1/7/2017 23:14] [PENJUALAN] CASHIER FORM : cashierDataGridView_CellValueChanged [qty]
[ADMIN] [1/7/2017 23:14] [PENJUALAN] CASHIER FORM : cashierDataGridView_CellValueChanged, previousInput [0]
[ADMIN] [1/7/2017 23:14] [PENJUALAN] CASHIER FORM : cashierDataGridView_CellValueChanged [jumlah]
[ADMIN] [1/7/2017 23:14] [PENJUALAN] CASHIER FORM : calculateTotal
[ADMIN] [1/7/2017 23:14] [PENJUALAN] CASHIER FORM : calculateTotal [0]
[ADMIN] [1/7/2017 23:14] [PENJUALAN] CASHIER FORM : calculateTotal, totalAfterDisc [0]
[ADMIN] [1/7/2017 23:14] [PENJUALAN] CASHIER FORM : calculateChangeValue, bayarTextBox.Text [0]
[ADMIN] [1/7/2017 23:14] [PENJUALAN] CASHIER FORM : calculateChangeValue, sisaBayar [0]
[ADMIN] [1/7/2017 23:14] [PENJUALAN] CASHIER FORM : CHECK STOCK QTY IS ENOUGH [BALANCE-AD1]
[ADMIN] [1/7/2017 23:14] [PENJUALAN] CASHIER FORM : CHECK STOCK QTY IS ENOUGH [0, 1]
[ADMIN] [1/7/2017 23:14] [PENJUALAN] CASHIER FORM : SET QTY TO 0 BECAUSE OF NEW ROW BUT STOCK IS NOT ENOUGH
[ADMIN] [1/7/2017 23:14] [PENJUALAN] CASHIER FORM : CALCULATE SUBTOTAL
[ADMIN] [1/7/2017 23:14] [PENJUALAN] CASHIER FORM : SUBTOTAL [0]
[ADMIN] [1/7/2017 23:14] [PENJUALAN] CASHIER FORM : cashierDataGridView_CellValueChanged [jumlah]
[ADMIN] [1/7/2017 23:14] [PENJUALAN] CASHIER FORM : calculateTotal
[ADMIN] [1/7/2017 23:14] [PENJUALAN] CASHIER FORM : calculateTotal [0]
[ADMIN] [1/7/2017 23:14] [PENJUALAN] CASHIER FORM : calculateTotal, totalAfterDisc [0]
[ADMIN] [1/7/2017 23:14] [PENJUALAN] CASHIER FORM : calculateChangeValue, bayarTextBox.Text [0]
[ADMIN] [1/7/2017 23:14] [PENJUALAN] CASHIER FORM : calculateChangeValue, sisaBayar [0]
[ADMIN] [1/7/2017 23:14] [PENJUALAN] CASHIER FORM : UPDATE ROW NUMBER, TOTAL ROW [2]
[ADMIN] [1/7/2017 23:14] [PENJUALAN] CASHIER FORM : cashierDataGridView_CellValueChanged [F8]
[ADMIN] [1/7/2017 23:14] [PENJUALAN] CASHIER FORM : REGISTER HOTKEY
[ADMIN] [1/7/2017 23:14] [PENJUALAN] CASHIER FORM : UNREGISTER HOTKEY
[ADMIN] [1/7/2017 23:14] [PENJUALAN] CASHIER FORM : REGISTER HOTKEY
[ADMIN] [1/7/2017 23:14] [PENJUALAN] CASHIER FORM : UNREGISTER HOTKEY
[ADMIN] [1/7/2017 23:14] [PENJUALAN] CASHIER FORM : UNREGISTER HOTKEY
[ADMIN] [1/7/2017 23:14] [] USER ID = 1LOGOUT
