[] [6/17/2017 00:43] [] USER = ADMIN IS ACTIVE
[ADMIN] [6/17/2017 00:43] [] USER ID = 1 LOGIN SUCCESSFULLY
[ADMIN] [6/17/2017 00:43] [] ACTIVATE USER ACCESS RIGHT
[ADMIN] [6/17/2017 00:43] [] DISPLAY ADMIN FORM
[ADMIN] [6/17/2017 00:43] [] adminForm Load
[ADMIN] [6/17/2017 00:43] [] ACTIVATE USER ACCESS RIGHT
[ADMIN] [6/17/2017 00:43] [PENJUALAN] CASHIER FORM : REGISTER HOTKEY
[ADMIN] [6/17/2017 00:43] [PENJUALAN] CASHIER FORM : cashierForm_Load, ATTEMPT TO LOAD NO FAKTUR
[ADMIN] [6/17/2017 00:43] [PENJUALAN] CASHIER FORM : loadNoFaktur, noFakturValue [SLO001]
[ADMIN] [6/17/2017 00:43] [PENJUALAN] CASHIER FORM : cashierForm_Load, ATTEMPT TO addColumnToDataGrid
[ADMIN] [6/17/2017 00:43] [PENJUALAN] CASHIER FORM : UPDATE ROW NUMBER, TOTAL ROW [1]
[ADMIN] [6/17/2017 00:43] [PENJUALAN] CASHIER FORM : ADD NEW ROW,  isActive [True]
[ADMIN] [6/17/2017 00:43] [PENJUALAN] CASHIER FORM : ADD NEW ROW,  ROW COUNT [0]
[ADMIN] [6/17/2017 00:43] [PENJUALAN] CASHIER FORM : ADD NEW ROW,  ALLOW TO ADD [True]
[ADMIN] [6/17/2017 00:43] [PENJUALAN] CASHIER FORM : UPDATE ROW NUMBER, TOTAL ROW [1]
[ADMIN] [6/17/2017 00:43] [PENJUALAN] CASHIER FORM : UPDATE ROW NUMBER, TOTAL ROW [2]
[ADMIN] [6/17/2017 00:43] [PENJUALAN] CASHIER FORM : cashierDataGridView_CellValueChanged [F8]
[ADMIN] [6/17/2017 00:43] [PENJUALAN] CASHIER FORM : REGISTER HOTKEY
[ADMIN] [6/17/2017 00:43] [PENJUALAN] CASHIER FORM : cashierDataGridView_CellValueChanged [qty]
[ADMIN] [6/17/2017 00:43] [PENJUALAN] CASHIER FORM : cashierDataGridView_CellValueChanged, previousInput [1]
[ADMIN] [6/17/2017 00:43] [PENJUALAN] CASHIER FORM : cashierDataGridView_CellValueChanged, dataGridViewTextBoxEditingControl.Text pass REGEX Checking
[ADMIN] [6/17/2017 00:43] [PENJUALAN] CASHIER FORM : CHECK STOCK QTY IS ENOUGH [DERMATRIX-45]
[ADMIN] [6/17/2017 00:43] [PENJUALAN] CASHIER FORM : CHECK STOCK QTY IS ENOUGH [1, 12]
[ADMIN] [6/17/2017 00:43] [PENJUALAN] CASHIER FORM : CALCULATE SUBTOTAL
[ADMIN] [6/17/2017 00:43] [PENJUALAN] CASHIER FORM : SUBTOTAL [350000]
[ADMIN] [6/17/2017 00:43] [PENJUALAN] CASHIER FORM : cashierDataGridView_CellValueChanged, subtotal value [350000]
[ADMIN] [6/17/2017 00:43] [PENJUALAN] CASHIER FORM : cashierDataGridView_CellValueChanged, attempt to calculate total value
[ADMIN] [6/17/2017 00:43] [PENJUALAN] CASHIER FORM : calculateTotal
[ADMIN] [6/17/2017 00:43] [PENJUALAN] CASHIER FORM : calculateTotal [350000]
[ADMIN] [6/17/2017 00:43] [PENJUALAN] CASHIER FORM : calculateTotal, totalAfterDisc [350000]
[ADMIN] [6/17/2017 00:43] [PENJUALAN] CASHIER FORM : calculateChangeValue, bayarTextBox.Text [Rp350.000]
[ADMIN] [6/17/2017 00:43] [PENJUALAN] CASHIER FORM : calculateChangeValue, sisaBayar [0]
[ADMIN] [6/17/2017 00:43] [PENJUALAN] CASHIER FORM : Combobox_KeyUp, cashierDataGridView.CurrentCell.OwningColumn.Name  [qty]
[ADMIN] [6/17/2017 00:43] [PENJUALAN] CASHIER FORM : cashierDataGridView_CellValueChanged [qty]
[ADMIN] [6/17/2017 00:43] [PENJUALAN] CASHIER FORM : cashierDataGridView_CellValueChanged, previousInput [1]
[ADMIN] [6/17/2017 00:43] [PENJUALAN] CASHIER FORM : cashierDataGridView_CellValueChanged, dataGridViewTextBoxEditingControl.Text pass REGEX Checking
[ADMIN] [6/17/2017 00:43] [PENJUALAN] CASHIER FORM : CHECK STOCK QTY IS ENOUGH [DERMATRIX-45]
[ADMIN] [6/17/2017 00:43] [PENJUALAN] CASHIER FORM : CHECK STOCK QTY IS ENOUGH [1, 2]
[ADMIN] [6/17/2017 00:43] [PENJUALAN] CASHIER FORM : CALCULATE SUBTOTAL
[ADMIN] [6/17/2017 00:43] [PENJUALAN] CASHIER FORM : SUBTOTAL [350000]
[ADMIN] [6/17/2017 00:43] [PENJUALAN] CASHIER FORM : cashierDataGridView_CellValueChanged, subtotal value [350000]
[ADMIN] [6/17/2017 00:43] [PENJUALAN] CASHIER FORM : cashierDataGridView_CellValueChanged, attempt to calculate total value
[ADMIN] [6/17/2017 00:43] [PENJUALAN] CASHIER FORM : calculateTotal
[ADMIN] [6/17/2017 00:43] [PENJUALAN] CASHIER FORM : calculateTotal [350000]
[ADMIN] [6/17/2017 00:43] [PENJUALAN] CASHIER FORM : calculateTotal, totalAfterDisc [350000]
[ADMIN] [6/17/2017 00:43] [PENJUALAN] CASHIER FORM : calculateChangeValue, bayarTextBox.Text [Rp350.000]
[ADMIN] [6/17/2017 00:43] [PENJUALAN] CASHIER FORM : calculateChangeValue, sisaBayar [0]
[ADMIN] [6/17/2017 00:43] [PENJUALAN] CASHIER FORM : Combobox_KeyUp, cashierDataGridView.CurrentCell.OwningColumn.Name  [qty]
[ADMIN] [6/17/2017 00:43] [PENJUALAN] CASHIER FORM : Combobox_KeyUp, cashierDataGridView.CurrentCell.OwningColumn.Name  [disc1]
[ADMIN] [6/17/2017 00:43] [PENJUALAN] CASHIER FORM : HOTKEY TO OPEN PRODUK SEARCH FORM PRESSED
[ADMIN] [6/17/2017 00:43] [PENJUALAN] CASHIER FORM : UNREGISTER HOTKEY
[ADMIN] [6/17/2017 00:43] [PENJUALAN] CASHIER FORM : REGISTER HOTKEY
[ADMIN] [6/17/2017 00:43] [PENJUALAN] CASHIER FORM : UNREGISTER HOTKEY
[ADMIN] [6/17/2017 00:43] [PENJUALAN] CASHIER FORM : UNREGISTER HOTKEY
[ADMIN] [6/17/2017 00:44] [PENJUALAN] CASHIER FORM : REGISTER HOTKEY
[ADMIN] [6/17/2017 00:44] [PENJUALAN] CASHIER FORM : cashierForm_Load, ATTEMPT TO LOAD NO FAKTUR
[ADMIN] [6/17/2017 00:44] [PENJUALAN] CASHIER FORM : loadNoFaktur, noFakturValue [SLO001]
[ADMIN] [6/17/2017 00:44] [PENJUALAN] CASHIER FORM : cashierForm_Load, ATTEMPT TO addColumnToDataGrid
[ADMIN] [6/17/2017 00:44] [PENJUALAN] CASHIER FORM : UPDATE ROW NUMBER, TOTAL ROW [1]
[ADMIN] [6/17/2017 00:44] [PENJUALAN] CASHIER FORM : ADD NEW ROW,  isActive [True]
[ADMIN] [6/17/2017 00:44] [PENJUALAN] CASHIER FORM : ADD NEW ROW,  ROW COUNT [0]
[ADMIN] [6/17/2017 00:44] [PENJUALAN] CASHIER FORM : ADD NEW ROW,  ALLOW TO ADD [True]
[ADMIN] [6/17/2017 00:44] [PENJUALAN] CASHIER FORM : UPDATE ROW NUMBER, TOTAL ROW [1]
[ADMIN] [6/17/2017 00:44] [PENJUALAN] CASHIER FORM : UPDATE ROW NUMBER, TOTAL ROW [2]
[ADMIN] [6/17/2017 00:44] [PENJUALAN] CASHIER FORM : cashierDataGridView_CellValueChanged [F8]
[ADMIN] [6/17/2017 00:44] [PENJUALAN] CASHIER FORM : REGISTER HOTKEY
[ADMIN] [6/17/2017 00:44] [PENJUALAN] CASHIER FORM : Combobox_previewKeyDown, cashierDataGridView.CurrentCell.OwningColumn.Name  [productID]
[ADMIN] [6/17/2017 00:44] [PENJUALAN] CASHIER FORM : UPDATE ROW NUMBER, TOTAL ROW [3]
[ADMIN] [6/17/2017 00:44] [PENJUALAN] CASHIER FORM : cashierDataGridView_CellValueChanged [F8]
[ADMIN] [6/17/2017 00:44] [PENJUALAN] CASHIER FORM : cashierDataGridView_CellValueChanged [productID]
[ADMIN] [6/17/2017 00:44] [PENJUALAN] CASHIER FORM : Combobox_KeyUp, cashierDataGridView.CurrentCell.OwningColumn.Name  [productID]
[ADMIN] [6/17/2017 00:44] [PENJUALAN] CASHIER FORM : Combobox_KeyUp, cashierDataGridView.CurrentCell.OwningColumn.Name  [productID]
[ADMIN] [6/17/2017 00:44] [PENJUALAN] CASHIER FORM : Combobox_previewKeyDown, cashierDataGridView.CurrentCell.OwningColumn.Name  [productID]
[ADMIN] [6/17/2017 00:44] [PENJUALAN] CASHIER FORM : UNREGISTER HOTKEY
[ADMIN] [6/17/2017 00:44] [PENJUALAN] CASHIER FORM : ADD NEW ROW FROM BARCODE [SD PUPPY ORIGINAL 1 KG]
[ADMIN] [6/17/2017 00:44] [PENJUALAN] CASHIER FORM : updateSomeRowContents
[ADMIN] [6/17/2017 00:44] [PENJUALAN] CASHIER FORM : cashierDataGridView_CellValueChanged [productID]
[ADMIN] [6/17/2017 00:44] [PENJUALAN] CASHIER FORM : cashierDataGridView_CellValueChanged [productName]
[ADMIN] [6/17/2017 00:44] [PENJUALAN] CASHIER FORM : updateSomeRowContents
[ADMIN] [6/17/2017 00:44] [PENJUALAN] CASHIER FORM : PRODUCT PRICE TYPE [PRODUCT_BASE_PRICE]
[ADMIN] [6/17/2017 00:44] [PENJUALAN] CASHIER FORM : PRODUCT PRICE [34000]
[ADMIN] [6/17/2017 00:44] [PENJUALAN] CASHIER FORM : ComboBox_SelectedIndexChanged, PRODUCT_BASE_PRICE [34000]
[ADMIN] [6/17/2017 00:44] [PENJUALAN] CASHIER FORM : cashierDataGridView_CellValueChanged [hpp]
[ADMIN] [6/17/2017 00:44] [PENJUALAN] CASHIER FORM : PRODUCT PRICE TYPE [PRODUCT_BULK_PRICE]
[ADMIN] [6/17/2017 00:44] [PENJUALAN] CASHIER FORM : PRODUCT PRICE [58000]
[ADMIN] [6/17/2017 00:44] [PENJUALAN] CASHIER FORM : ComboBox_SelectedIndexChanged, PRODUCT_SALES_PRICE [58000]
[ADMIN] [6/17/2017 00:44] [PENJUALAN] CASHIER FORM : cashierDataGridView_CellValueChanged [productPrice]
[ADMIN] [6/17/2017 00:44] [PENJUALAN] CASHIER FORM : cashierDataGridView_CellValueChanged, previousInput [0]
[ADMIN] [6/17/2017 00:44] [PENJUALAN] CASHIER FORM : cashierDataGridView_CellValueChanged, cellValue [58000]
[ADMIN] [6/17/2017 00:44] [PENJUALAN] CASHIER FORM : cashierDataGridView_CellValueChanged, dataGridViewTextBoxEditingControl.Text pass REGEX Checking
[ADMIN] [6/17/2017 00:44] [PENJUALAN] CASHIER FORM : CALCULATE SUBTOTAL
[ADMIN] [6/17/2017 00:44] [PENJUALAN] CASHIER FORM : SUBTOTAL [0]
[ADMIN] [6/17/2017 00:44] [PENJUALAN] CASHIER FORM : cashierDataGridView_CellValueChanged, subtotal value [0]
[ADMIN] [6/17/2017 00:44] [PENJUALAN] CASHIER FORM : cashierDataGridView_CellValueChanged, attempt to calculate total value
[ADMIN] [6/17/2017 00:44] [PENJUALAN] CASHIER FORM : calculateTotal
[ADMIN] [6/17/2017 00:44] [PENJUALAN] CASHIER FORM : calculateTotal [100000]
[ADMIN] [6/17/2017 00:44] [PENJUALAN] CASHIER FORM : calculateTotal, totalAfterDisc [100000]
[ADMIN] [6/17/2017 00:44] [PENJUALAN] CASHIER FORM : calculateChangeValue, bayarTextBox.Text [Rp100.000]
[ADMIN] [6/17/2017 00:44] [PENJUALAN] CASHIER FORM : calculateChangeValue, sisaBayar [0]
[ADMIN] [6/17/2017 00:44] [PENJUALAN] CASHIER FORM : cashierDataGridView_CellValueChanged [qty]
[ADMIN] [6/17/2017 00:44] [PENJUALAN] CASHIER FORM : cashierDataGridView_CellValueChanged, previousInput [0]
[ADMIN] [6/17/2017 00:44] [PENJUALAN] CASHIER FORM : ComboBox_SelectedIndexChanged, CHECK FOR CUST PRODUCT DISC, selectedPelangganID [2]
[ADMIN] [6/17/2017 00:44] [PENJUALAN] CASHIER FORM : cashierDataGridView_CellValueChanged [disc1]
[ADMIN] [6/17/2017 00:44] [PENJUALAN] CASHIER FORM : cashierDataGridView_CellValueChanged, previousInput [0]
[ADMIN] [6/17/2017 00:44] [PENJUALAN] CASHIER FORM : cashierDataGridView_CellValueChanged [disc2]
[ADMIN] [6/17/2017 00:44] [PENJUALAN] CASHIER FORM : cashierDataGridView_CellValueChanged, previousInput [0]
[ADMIN] [6/17/2017 00:44] [PENJUALAN] CASHIER FORM : cashierDataGridView_CellValueChanged [discRP]
[ADMIN] [6/17/2017 00:44] [PENJUALAN] CASHIER FORM : cashierDataGridView_CellValueChanged, previousInput [0]
[ADMIN] [6/17/2017 00:44] [PENJUALAN] CASHIER FORM : cashierDataGridView_CellValueChanged [jumlah]
[ADMIN] [6/17/2017 00:44] [PENJUALAN] CASHIER FORM : calculateTotal
[ADMIN] [6/17/2017 00:44] [PENJUALAN] CASHIER FORM : calculateTotal [100000]
[ADMIN] [6/17/2017 00:44] [PENJUALAN] CASHIER FORM : calculateTotal, totalAfterDisc [100000]
[ADMIN] [6/17/2017 00:44] [PENJUALAN] CASHIER FORM : calculateChangeValue, bayarTextBox.Text [Rp100.000]
[ADMIN] [6/17/2017 00:44] [PENJUALAN] CASHIER FORM : calculateChangeValue, sisaBayar [0]
[ADMIN] [6/17/2017 00:44] [PENJUALAN] CASHIER FORM : CHECK STOCK QTY IS ENOUGH [SD-PO1]
[ADMIN] [6/17/2017 00:44] [PENJUALAN] CASHIER FORM : CHECK STOCK QTY IS ENOUGH [9, 1]
[ADMIN] [6/17/2017 00:44] [PENJUALAN] CASHIER FORM : cashierDataGridView_CellValueChanged [qty]
[ADMIN] [6/17/2017 00:44] [PENJUALAN] CASHIER FORM : cashierDataGridView_CellValueChanged, previousInput [0]
[ADMIN] [6/17/2017 00:44] [PENJUALAN] CASHIER FORM : cashierDataGridView_CellValueChanged, cellValue [1]
[ADMIN] [6/17/2017 00:44] [PENJUALAN] CASHIER FORM : cashierDataGridView_CellValueChanged, dataGridViewTextBoxEditingControl.Text pass REGEX Checking
[ADMIN] [6/17/2017 00:44] [PENJUALAN] CASHIER FORM : CHECK STOCK QTY IS ENOUGH [SD-PO1]
[ADMIN] [6/17/2017 00:44] [PENJUALAN] CASHIER FORM : CHECK STOCK QTY IS ENOUGH [9, 1]
[ADMIN] [6/17/2017 00:44] [PENJUALAN] CASHIER FORM : CALCULATE SUBTOTAL
[ADMIN] [6/17/2017 00:44] [PENJUALAN] CASHIER FORM : SUBTOTAL [58000]
[ADMIN] [6/17/2017 00:44] [PENJUALAN] CASHIER FORM : cashierDataGridView_CellValueChanged, subtotal value [58000]
[ADMIN] [6/17/2017 00:44] [PENJUALAN] CASHIER FORM : cashierDataGridView_CellValueChanged, attempt to calculate total value
[ADMIN] [6/17/2017 00:44] [PENJUALAN] CASHIER FORM : calculateTotal
[ADMIN] [6/17/2017 00:44] [PENJUALAN] CASHIER FORM : calculateTotal [158000]
[ADMIN] [6/17/2017 00:44] [PENJUALAN] CASHIER FORM : calculateTotal, totalAfterDisc [158000]
[ADMIN] [6/17/2017 00:44] [PENJUALAN] CASHIER FORM : calculateChangeValue, bayarTextBox.Text [Rp100.000]
[ADMIN] [6/17/2017 00:44] [PENJUALAN] CASHIER FORM : calculateChangeValue, sisaBayar [0]
[ADMIN] [6/17/2017 00:44] [PENJUALAN] CASHIER FORM : SET QTY TO 1 BECAUSE OF NEW ROW
[ADMIN] [6/17/2017 00:44] [PENJUALAN] CASHIER FORM : CALCULATE SUBTOTAL
[ADMIN] [6/17/2017 00:44] [PENJUALAN] CASHIER FORM : SUBTOTAL [58000]
[ADMIN] [6/17/2017 00:44] [PENJUALAN] CASHIER FORM : calculateTotal
[ADMIN] [6/17/2017 00:44] [PENJUALAN] CASHIER FORM : calculateTotal [158000]
[ADMIN] [6/17/2017 00:44] [PENJUALAN] CASHIER FORM : calculateTotal, totalAfterDisc [158000]
[ADMIN] [6/17/2017 00:44] [PENJUALAN] CASHIER FORM : calculateChangeValue, bayarTextBox.Text [Rp100.000]
[ADMIN] [6/17/2017 00:44] [PENJUALAN] CASHIER FORM : calculateChangeValue, sisaBayar [0]
[ADMIN] [6/17/2017 00:44] [PENJUALAN] CASHIER FORM : UPDATE ROW NUMBER, TOTAL ROW [3]
[ADMIN] [6/17/2017 00:44] [PENJUALAN] CASHIER FORM : cashierDataGridView_CellValueChanged [F8]
[ADMIN] [6/17/2017 00:44] [PENJUALAN] CASHIER FORM : REGISTER HOTKEY
[ADMIN] [6/17/2017 00:44] [PENJUALAN] CASHIER FORM : Combobox_KeyUp, cashierDataGridView.CurrentCell.OwningColumn.Name  [qty]
[ADMIN] [6/17/2017 00:44] [PENJUALAN] CASHIER FORM : Combobox_KeyUp, cashierDataGridView.CurrentCell.OwningColumn.Name  [qty]
[ADMIN] [6/17/2017 00:44] [PENJUALAN] CASHIER FORM : cashierDataGridView_CellValueChanged [qty]
[ADMIN] [6/17/2017 00:44] [PENJUALAN] CASHIER FORM : cashierDataGridView_CellValueChanged, previousInput [1]
[ADMIN] [6/17/2017 00:44] [PENJUALAN] CASHIER FORM : cashierDataGridView_CellValueChanged, dataGridViewTextBoxEditingControl.Text pass REGEX Checking
[ADMIN] [6/17/2017 00:44] [PENJUALAN] CASHIER FORM : CHECK STOCK QTY IS ENOUGH [SD-PO1]
[ADMIN] [6/17/2017 00:44] [PENJUALAN] CASHIER FORM : CHECK STOCK QTY IS ENOUGH [9, 2]
[ADMIN] [6/17/2017 00:44] [PENJUALAN] CASHIER FORM : CALCULATE SUBTOTAL
[ADMIN] [6/17/2017 00:44] [PENJUALAN] CASHIER FORM : SUBTOTAL [116000]
[ADMIN] [6/17/2017 00:44] [PENJUALAN] CASHIER FORM : cashierDataGridView_CellValueChanged, subtotal value [116000]
[ADMIN] [6/17/2017 00:44] [PENJUALAN] CASHIER FORM : cashierDataGridView_CellValueChanged, attempt to calculate total value
[ADMIN] [6/17/2017 00:44] [PENJUALAN] CASHIER FORM : calculateTotal
[ADMIN] [6/17/2017 00:44] [PENJUALAN] CASHIER FORM : calculateTotal [216000]
[ADMIN] [6/17/2017 00:44] [PENJUALAN] CASHIER FORM : calculateTotal, totalAfterDisc [216000]
[ADMIN] [6/17/2017 00:44] [PENJUALAN] CASHIER FORM : calculateChangeValue, bayarTextBox.Text [Rp100.000]
[ADMIN] [6/17/2017 00:44] [PENJUALAN] CASHIER FORM : calculateChangeValue, sisaBayar [0]
[ADMIN] [6/17/2017 00:44] [PENJUALAN] CASHIER FORM : Combobox_KeyUp, cashierDataGridView.CurrentCell.OwningColumn.Name  [qty]
[ADMIN] [6/17/2017 00:44] [PENJUALAN] CASHIER FORM : Combobox_KeyUp, cashierDataGridView.CurrentCell.OwningColumn.Name  [qty]
[ADMIN] [6/17/2017 00:44] [PENJUALAN] CASHIER FORM : Combobox_KeyUp, cashierDataGridView.CurrentCell.OwningColumn.Name  [disc1]
[ADMIN] [6/17/2017 00:44] [PENJUALAN] CASHIER FORM : Combobox_KeyUp, cashierDataGridView.CurrentCell.OwningColumn.Name  [disc1]
[ADMIN] [6/17/2017 00:44] [PENJUALAN] CASHIER FORM : Combobox_KeyUp, cashierDataGridView.CurrentCell.OwningColumn.Name  [disc2]
[ADMIN] [6/17/2017 00:44] [PENJUALAN] CASHIER FORM : Combobox_KeyUp, cashierDataGridView.CurrentCell.OwningColumn.Name  [disc2]
[ADMIN] [6/17/2017 00:44] [PENJUALAN] CASHIER FORM : Combobox_KeyUp, cashierDataGridView.CurrentCell.OwningColumn.Name  [discRP]
[ADMIN] [6/17/2017 00:44] [PENJUALAN] CASHIER FORM : Combobox_KeyUp, cashierDataGridView.CurrentCell.OwningColumn.Name  [discRP]
[ADMIN] [6/17/2017 00:44] [PENJUALAN] CASHIER FORM : calculateChangeValue, bayarTextBox.Text [100000]
[ADMIN] [6/17/2017 00:44] [PENJUALAN] CASHIER FORM : calculateChangeValue, sisaBayar [0]
[ADMIN] [6/17/2017 00:44] [PENJUALAN] CASHIER FORM : calculateChangeValue, bayarTextBox.Text [2]
[ADMIN] [6/17/2017 00:44] [PENJUALAN] CASHIER FORM : calculateChangeValue, sisaBayar [0]
[ADMIN] [6/17/2017 00:44] [PENJUALAN] CASHIER FORM : calculateChangeValue, bayarTextBox.Text [20]
[ADMIN] [6/17/2017 00:44] [PENJUALAN] CASHIER FORM : calculateChangeValue, sisaBayar [0]
[ADMIN] [6/17/2017 00:44] [PENJUALAN] CASHIER FORM : calculateChangeValue, bayarTextBox.Text [200]
[ADMIN] [6/17/2017 00:44] [PENJUALAN] CASHIER FORM : calculateChangeValue, sisaBayar [0]
[ADMIN] [6/17/2017 00:44] [PENJUALAN] CASHIER FORM : calculateChangeValue, bayarTextBox.Text [2000]
[ADMIN] [6/17/2017 00:44] [PENJUALAN] CASHIER FORM : calculateChangeValue, sisaBayar [0]
[ADMIN] [6/17/2017 00:44] [PENJUALAN] CASHIER FORM : calculateChangeValue, bayarTextBox.Text [20000]
[ADMIN] [6/17/2017 00:44] [PENJUALAN] CASHIER FORM : calculateChangeValue, sisaBayar [0]
[ADMIN] [6/17/2017 00:44] [PENJUALAN] CASHIER FORM : calculateChangeValue, bayarTextBox.Text [200000]
[ADMIN] [6/17/2017 00:44] [PENJUALAN] CASHIER FORM : calculateChangeValue, sisaBayar [0]
[ADMIN] [6/17/2017 00:44] [PENJUALAN] CASHIER FORM : calculateChangeValue, bayarTextBox.Text [2000000]
[ADMIN] [6/17/2017 00:44] [PENJUALAN] CASHIER FORM : calculateChangeValue, sisaBayar [1784000]
[ADMIN] [6/17/2017 00:44] [PENJUALAN] CASHIER FORM : HOTKEY TO SAVE AND PRINT OUT INVOICE PRESSED
[ADMIN] [6/17/2017 00:44] [PENJUALAN] CASHIER FORM : UNREGISTER HOTKEY
[ADMIN] [6/17/2017 00:44] [PENJUALAN] CASHIER FORM : REGISTER HOTKEY
[ADMIN] [6/17/2017 00:44] [PENJUALAN] ATTEMPT TO SAVE AND PRINT OUT INVOICE
[ADMIN] [6/17/2017 00:44] [PENJUALAN] CASHIER FORM : CHECK STOCK QTY IS ENOUGH [TER-505]
[ADMIN] [6/17/2017 00:44] [PENJUALAN] CASHIER FORM : CHECK STOCK QTY IS ENOUGH [12, 1]
[ADMIN] [6/17/2017 00:44] [PENJUALAN] CASHIER FORM : CHECK STOCK QTY IS ENOUGH [SD-PO1]
[ADMIN] [6/17/2017 00:44] [PENJUALAN] CASHIER FORM : CHECK STOCK QTY IS ENOUGH [9, 2]
[ADMIN] [6/17/2017 00:44] [PENJUALAN] CASHIER FORM : UNREGISTER HOTKEY
[ADMIN] [6/17/2017 00:44] [PENJUALAN] CASHIER FORM : ATTEMPT TO SAVE SALES DATA [17-06-2017 00:44]
[ADMIN] [6/17/2017 00:44] [PENJUALAN] CASHIER FORM : SALES DISC FINAL [0]
[ADMIN] [6/17/2017 00:44] [PENJUALAN] CASHIER FORM : CASH SALES
[ADMIN] [6/17/2017 00:44] [PENJUALAN] RETURN SALES DETAIL EXPIRY AMOUNT [SLO001-45]
[ADMIN] [6/17/2017 00:44] [PENJUALAN] RETURN SALES DETAIL AMOUNT [SLO001-45]
[ADMIN] [6/17/2017 00:44] [PENJUALAN] UPDATE SALES HEADER [SLO001-45]
[ADMIN] [6/17/2017 00:44] [PENJUALAN] DELETE SALES DETAIL EXPIRY [SLO001-45]
[ADMIN] [6/17/2017 00:44] [PENJUALAN] DELETE SALES DETAIL[SLO001-45]
[ADMIN] [6/17/2017 00:44] [PENJUALAN] SAVE TO SALES REVISI HISTORY [SLO001-45]
[ADMIN] [6/17/2017 00:44] [PENJUALAN] INSERT INTO SALES DETAIL[TER-505, 100000, 1]
[ADMIN] [6/17/2017 00:44] [PENJUALAN] REDUCE STOCK AT MASTER PRODUCT [TER-505]
[ADMIN] [6/17/2017 00:44] [PENJUALAN] REDUCE STOCK AT PRODUCT_EXPIRY LOT [1073]
[ADMIN] [6/17/2017 00:44] [PENJUALAN] SAVE PRODUCT LOT INFORMATION FOR EACH ITEM AND AMOUNT
[ADMIN] [6/17/2017 00:44] [PENJUALAN] UPDATE CUSTOMER PRODUCT DISC [TER-505]
[ADMIN] [6/17/2017 00:44] [PENJUALAN] INSERT INTO SALES DETAIL[SD-PO1, 58000, 2]
[ADMIN] [6/17/2017 00:44] [PENJUALAN] REDUCE STOCK AT MASTER PRODUCT [SD-PO1]
[ADMIN] [6/17/2017 00:44] [PENJUALAN] REDUCE STOCK AT PRODUCT_EXPIRY LOT [3356]
[ADMIN] [6/17/2017 00:44] [PENJUALAN] SAVE PRODUCT LOT INFORMATION FOR EACH ITEM AND AMOUNT
[ADMIN] [6/17/2017 00:44] [PENJUALAN] INSERT CUSTOMER PRODUCT DISC [SD-PO1]
[ADMIN] [6/17/2017 00:44] [PENJUALAN] UPDATE CREDIT TABLE [SLO001-45]
[ADMIN] [6/17/2017 00:44] [PENJUALAN] INSERT TO DAILY JOURNAL TABLE [116000]
[ADMIN] [6/17/2017 00:44] [PENJUALAN] TRANSACTION SAVED
[ADMIN] [6/17/2017 00:44] [PENJUALAN] PRINT OUT INVOICE
[ADMIN] [6/17/2017 00:44] [PENJUALAN] CASHIER FORM : PrintReceipt
[ADMIN] [6/17/2017 00:44] [PENJUALAN] CASHIER FORM : PrintReceipt, POS size Paper
[ADMIN] [6/17/2017 00:44] [PENJUALAN] CASHIER FORM : loadInfoToko
[ADMIN] [6/17/2017 00:44] [PENJUALAN] CASHIER FORM : calculatePageLength, totalLengthPage [397]
[ADMIN] [6/17/2017 00:44] [PENJUALAN] CASHIER FORM : printDocument1_PrintPage, print POS size receipt
[ADMIN] [6/17/2017 00:44] [PENJUALAN] CASHIER FORM : loadInfoToko
[ADMIN] [6/17/2017 00:44] [PENJUALAN] CASHIER FORM : loadNamaUser
[ADMIN] [6/17/2017 00:44] [PENJUALAN] CASHIER FORM : UPDATE ROW NUMBER, TOTAL ROW [1]
[ADMIN] [6/17/2017 00:44] [PENJUALAN] CASHIER FORM : UPDATE ROW NUMBER, TOTAL ROW [1]
[ADMIN] [6/17/2017 00:44] [PENJUALAN] CASHIER FORM : cashierDataGridView_CellValueChanged [F8]
[ADMIN] [6/17/2017 00:44] [PENJUALAN] CASHIER FORM : calculateTotal
[ADMIN] [6/17/2017 00:44] [PENJUALAN] CASHIER FORM : calculateTotal [0]
[ADMIN] [6/17/2017 00:44] [PENJUALAN] CASHIER FORM : calculateTotal, totalAfterDisc [0]
[ADMIN] [6/17/2017 00:44] [PENJUALAN] CASHIER FORM : calculateChangeValue, bayarTextBox.Text [Rp2.000.000]
[ADMIN] [6/17/2017 00:44] [PENJUALAN] CASHIER FORM : calculateChangeValue, sisaBayar [0]
[ADMIN] [6/17/2017 00:44] [PENJUALAN] CASHIER FORM : loadNoFaktur, noFakturValue [SLO001]
[ADMIN] [6/17/2017 00:44] [PENJUALAN] CASHIER FORM : REGISTER HOTKEY
[ADMIN] [6/17/2017 00:44] [PENJUALAN] CASHIER FORM : UNREGISTER HOTKEY
[ADMIN] [6/17/2017 00:44] [PENJUALAN] CASHIER FORM : UNREGISTER HOTKEY
[ADMIN] [6/17/2017 00:44] [PENJUALAN] CASHIER FORM : REGISTER HOTKEY
[ADMIN] [6/17/2017 00:44] [PENJUALAN] CASHIER FORM : cashierForm_Load, ATTEMPT TO LOAD NO FAKTUR
[ADMIN] [6/17/2017 00:44] [PENJUALAN] CASHIER FORM : loadNoFaktur, noFakturValue [SLO001]
[ADMIN] [6/17/2017 00:44] [PENJUALAN] CASHIER FORM : cashierForm_Load, ATTEMPT TO addColumnToDataGrid
[ADMIN] [6/17/2017 00:44] [PENJUALAN] CASHIER FORM : UPDATE ROW NUMBER, TOTAL ROW [1]
[ADMIN] [6/17/2017 00:44] [PENJUALAN] CASHIER FORM : ADD NEW ROW,  isActive [True]
[ADMIN] [6/17/2017 00:44] [PENJUALAN] CASHIER FORM : ADD NEW ROW,  ROW COUNT [0]
[ADMIN] [6/17/2017 00:44] [PENJUALAN] CASHIER FORM : ADD NEW ROW,  ALLOW TO ADD [True]
[ADMIN] [6/17/2017 00:44] [PENJUALAN] CASHIER FORM : UPDATE ROW NUMBER, TOTAL ROW [1]
[ADMIN] [6/17/2017 00:44] [PENJUALAN] CASHIER FORM : ADD NEW ROW,  isActive [True]
[ADMIN] [6/17/2017 00:44] [PENJUALAN] CASHIER FORM : ADD NEW ROW,  ROW COUNT [1]
[ADMIN] [6/17/2017 00:44] [PENJUALAN] CASHIER FORM : ADD NEW ROW,  ALLOW TO ADD [True]
[ADMIN] [6/17/2017 00:44] [PENJUALAN] CASHIER FORM : UPDATE ROW NUMBER, TOTAL ROW [2]
[ADMIN] [6/17/2017 00:44] [PENJUALAN] CASHIER FORM : UPDATE ROW NUMBER, TOTAL ROW [3]
[ADMIN] [6/17/2017 00:44] [PENJUALAN] CASHIER FORM : cashierDataGridView_CellValueChanged [F8]
[ADMIN] [6/17/2017 00:44] [PENJUALAN] CASHIER FORM : REGISTER HOTKEY
[ADMIN] [6/17/2017 00:44] [PENJUALAN] CASHIER FORM : UNREGISTER HOTKEY
[ADMIN] [6/17/2017 00:44] [PENJUALAN] CASHIER FORM : UNREGISTER HOTKEY
[ADMIN] [6/17/2017 00:45] [TAMBAH TRANSAKSI HARIAN] LOAD DATA TRANSAKSI
[ADMIN] [6/17/2017 00:45] [PENJUALAN] CASHIER FORM : REGISTER HOTKEY
[ADMIN] [6/17/2017 00:45] [PENJUALAN] CASHIER FORM : cashierForm_Load, ATTEMPT TO LOAD NO FAKTUR
[ADMIN] [6/17/2017 00:45] [PENJUALAN] CASHIER FORM : loadNoFaktur, noFakturValue [SLO001]
[ADMIN] [6/17/2017 00:45] [PENJUALAN] CASHIER FORM : cashierForm_Load, ATTEMPT TO addColumnToDataGrid
[ADMIN] [6/17/2017 00:45] [PENJUALAN] CASHIER FORM : UPDATE ROW NUMBER, TOTAL ROW [1]
[ADMIN] [6/17/2017 00:45] [PENJUALAN] CASHIER FORM : ADD NEW ROW,  isActive [True]
[ADMIN] [6/17/2017 00:45] [PENJUALAN] CASHIER FORM : ADD NEW ROW,  ROW COUNT [0]
[ADMIN] [6/17/2017 00:45] [PENJUALAN] CASHIER FORM : ADD NEW ROW,  ALLOW TO ADD [True]
[ADMIN] [6/17/2017 00:45] [PENJUALAN] CASHIER FORM : UPDATE ROW NUMBER, TOTAL ROW [1]
[ADMIN] [6/17/2017 00:45] [PENJUALAN] CASHIER FORM : ADD NEW ROW,  isActive [True]
[ADMIN] [6/17/2017 00:45] [PENJUALAN] CASHIER FORM : ADD NEW ROW,  ROW COUNT [1]
[ADMIN] [6/17/2017 00:45] [PENJUALAN] CASHIER FORM : ADD NEW ROW,  ALLOW TO ADD [True]
[ADMIN] [6/17/2017 00:45] [PENJUALAN] CASHIER FORM : UPDATE ROW NUMBER, TOTAL ROW [2]
[ADMIN] [6/17/2017 00:45] [PENJUALAN] CASHIER FORM : UPDATE ROW NUMBER, TOTAL ROW [3]
[ADMIN] [6/17/2017 00:45] [PENJUALAN] CASHIER FORM : cashierDataGridView_CellValueChanged [F8]
[ADMIN] [6/17/2017 00:45] [PENJUALAN] CASHIER FORM : REGISTER HOTKEY
[ADMIN] [6/17/2017 00:45] [PENJUALAN] CASHIER FORM : cashierDataGridView_CellValueChanged [qty]
[ADMIN] [6/17/2017 00:45] [PENJUALAN] CASHIER FORM : cashierDataGridView_CellValueChanged, previousInput [2]
[ADMIN] [6/17/2017 00:45] [PENJUALAN] CASHIER FORM : cashierDataGridView_CellValueChanged, dataGridViewTextBoxEditingControl.Text pass REGEX Checking
[ADMIN] [6/17/2017 00:45] [PENJUALAN] CASHIER FORM : CHECK STOCK QTY IS ENOUGH [SD-PO1]
[ADMIN] [6/17/2017 00:45] [PENJUALAN] CASHIER FORM : CHECK STOCK QTY IS ENOUGH [9, 1]
[ADMIN] [6/17/2017 00:45] [PENJUALAN] CASHIER FORM : CALCULATE SUBTOTAL
[ADMIN] [6/17/2017 00:45] [PENJUALAN] CASHIER FORM : SUBTOTAL [58000]
[ADMIN] [6/17/2017 00:45] [PENJUALAN] CASHIER FORM : cashierDataGridView_CellValueChanged, subtotal value [58000]
[ADMIN] [6/17/2017 00:45] [PENJUALAN] CASHIER FORM : cashierDataGridView_CellValueChanged, attempt to calculate total value
[ADMIN] [6/17/2017 00:45] [PENJUALAN] CASHIER FORM : calculateTotal
[ADMIN] [6/17/2017 00:45] [PENJUALAN] CASHIER FORM : calculateTotal [158000]
[ADMIN] [6/17/2017 00:45] [PENJUALAN] CASHIER FORM : calculateTotal, totalAfterDisc [158000]
[ADMIN] [6/17/2017 00:45] [PENJUALAN] CASHIER FORM : calculateChangeValue, bayarTextBox.Text [Rp216.000]
[ADMIN] [6/17/2017 00:45] [PENJUALAN] CASHIER FORM : calculateChangeValue, sisaBayar [58000]
[ADMIN] [6/17/2017 00:45] [PENJUALAN] CASHIER FORM : Combobox_KeyUp, cashierDataGridView.CurrentCell.OwningColumn.Name  [qty]
[ADMIN] [6/17/2017 00:45] [PENJUALAN] CASHIER FORM : UNREGISTER HOTKEY
[ADMIN] [6/17/2017 00:47] [PENJUALAN] CASHIER FORM : REGISTER HOTKEY
[ADMIN] [6/17/2017 00:47] [PENJUALAN] CASHIER FORM : cashierDataGridView_CellValueChanged [discRP]
[ADMIN] [6/17/2017 00:47] [PENJUALAN] CASHIER FORM : cashierDataGridView_CellValueChanged, previousInput [0]
[ADMIN] [6/17/2017 00:47] [PENJUALAN] CASHIER FORM : cashierDataGridView_CellValueChanged, cellValue [8]
[ADMIN] [6/17/2017 00:47] [PENJUALAN] CASHIER FORM : cashierDataGridView_CellValueChanged, dataGridViewTextBoxEditingControl.Text pass REGEX Checking
[ADMIN] [6/17/2017 00:47] [PENJUALAN] CASHIER FORM : CALCULATE SUBTOTAL
[ADMIN] [6/17/2017 00:47] [PENJUALAN] CASHIER FORM : SUBTOTAL [57992]
[ADMIN] [6/17/2017 00:47] [PENJUALAN] CASHIER FORM : cashierDataGridView_CellValueChanged, subtotal value [57992]
[ADMIN] [6/17/2017 00:47] [PENJUALAN] CASHIER FORM : cashierDataGridView_CellValueChanged, attempt to calculate total value
[ADMIN] [6/17/2017 00:47] [PENJUALAN] CASHIER FORM : calculateTotal
[ADMIN] [6/17/2017 00:47] [PENJUALAN] CASHIER FORM : calculateTotal [157992]
[ADMIN] [6/17/2017 00:47] [PENJUALAN] CASHIER FORM : calculateTotal, totalAfterDisc [157992]
[ADMIN] [6/17/2017 00:47] [PENJUALAN] CASHIER FORM : calculateChangeValue, bayarTextBox.Text [Rp216.000]
[ADMIN] [6/17/2017 00:47] [PENJUALAN] CASHIER FORM : calculateChangeValue, sisaBayar [58008]
[ADMIN] [6/17/2017 00:47] [PENJUALAN] CASHIER FORM : Combobox_KeyUp, cashierDataGridView.CurrentCell.OwningColumn.Name  [discRP]
[ADMIN] [6/17/2017 00:47] [PENJUALAN] CASHIER FORM : cashierDataGridView_CellValueChanged [discRP]
[ADMIN] [6/17/2017 00:47] [PENJUALAN] CASHIER FORM : cashierDataGridView_CellValueChanged, previousInput [8]
[ADMIN] [6/17/2017 00:47] [PENJUALAN] CASHIER FORM : cashierDataGridView_CellValueChanged, dataGridViewTextBoxEditingControl.Text pass REGEX Checking
[ADMIN] [6/17/2017 00:47] [PENJUALAN] CASHIER FORM : CALCULATE SUBTOTAL
[ADMIN] [6/17/2017 00:47] [PENJUALAN] CASHIER FORM : SUBTOTAL [57920]
[ADMIN] [6/17/2017 00:47] [PENJUALAN] CASHIER FORM : cashierDataGridView_CellValueChanged, subtotal value [57920]
[ADMIN] [6/17/2017 00:47] [PENJUALAN] CASHIER FORM : cashierDataGridView_CellValueChanged, attempt to calculate total value
[ADMIN] [6/17/2017 00:47] [PENJUALAN] CASHIER FORM : calculateTotal
[ADMIN] [6/17/2017 00:47] [PENJUALAN] CASHIER FORM : calculateTotal [157920]
[ADMIN] [6/17/2017 00:47] [PENJUALAN] CASHIER FORM : calculateTotal, totalAfterDisc [157920]
[ADMIN] [6/17/2017 00:47] [PENJUALAN] CASHIER FORM : calculateChangeValue, bayarTextBox.Text [Rp216.000]
[ADMIN] [6/17/2017 00:47] [PENJUALAN] CASHIER FORM : calculateChangeValue, sisaBayar [58080]
[ADMIN] [6/17/2017 00:47] [PENJUALAN] CASHIER FORM : Combobox_KeyUp, cashierDataGridView.CurrentCell.OwningColumn.Name  [discRP]
[ADMIN] [6/17/2017 00:47] [PENJUALAN] CASHIER FORM : cashierDataGridView_CellValueChanged [discRP]
[ADMIN] [6/17/2017 00:47] [PENJUALAN] CASHIER FORM : cashierDataGridView_CellValueChanged, previousInput [80]
[ADMIN] [6/17/2017 00:47] [PENJUALAN] CASHIER FORM : cashierDataGridView_CellValueChanged, dataGridViewTextBoxEditingControl.Text pass REGEX Checking
[ADMIN] [6/17/2017 00:47] [PENJUALAN] CASHIER FORM : CALCULATE SUBTOTAL
[ADMIN] [6/17/2017 00:47] [PENJUALAN] CASHIER FORM : SUBTOTAL [57200]
[ADMIN] [6/17/2017 00:47] [PENJUALAN] CASHIER FORM : cashierDataGridView_CellValueChanged, subtotal value [57200]
[ADMIN] [6/17/2017 00:47] [PENJUALAN] CASHIER FORM : cashierDataGridView_CellValueChanged, attempt to calculate total value
[ADMIN] [6/17/2017 00:47] [PENJUALAN] CASHIER FORM : calculateTotal
[ADMIN] [6/17/2017 00:47] [PENJUALAN] CASHIER FORM : calculateTotal [157200]
[ADMIN] [6/17/2017 00:47] [PENJUALAN] CASHIER FORM : calculateTotal, totalAfterDisc [157200]
[ADMIN] [6/17/2017 00:47] [PENJUALAN] CASHIER FORM : calculateChangeValue, bayarTextBox.Text [Rp216.000]
[ADMIN] [6/17/2017 00:47] [PENJUALAN] CASHIER FORM : calculateChangeValue, sisaBayar [58800]
[ADMIN] [6/17/2017 00:47] [PENJUALAN] CASHIER FORM : Combobox_KeyUp, cashierDataGridView.CurrentCell.OwningColumn.Name  [discRP]
[ADMIN] [6/17/2017 00:47] [PENJUALAN] CASHIER FORM : cashierDataGridView_CellValueChanged [discRP]
[ADMIN] [6/17/2017 00:47] [PENJUALAN] CASHIER FORM : cashierDataGridView_CellValueChanged, previousInput [800]
[ADMIN] [6/17/2017 00:47] [PENJUALAN] CASHIER FORM : cashierDataGridView_CellValueChanged, dataGridViewTextBoxEditingControl.Text pass REGEX Checking
[ADMIN] [6/17/2017 00:47] [PENJUALAN] CASHIER FORM : CALCULATE SUBTOTAL
[ADMIN] [6/17/2017 00:47] [PENJUALAN] CASHIER FORM : SUBTOTAL [50000]
[ADMIN] [6/17/2017 00:47] [PENJUALAN] CASHIER FORM : cashierDataGridView_CellValueChanged, subtotal value [50000]
[ADMIN] [6/17/2017 00:47] [PENJUALAN] CASHIER FORM : cashierDataGridView_CellValueChanged, attempt to calculate total value
[ADMIN] [6/17/2017 00:47] [PENJUALAN] CASHIER FORM : calculateTotal
[ADMIN] [6/17/2017 00:47] [PENJUALAN] CASHIER FORM : calculateTotal [150000]
[ADMIN] [6/17/2017 00:47] [PENJUALAN] CASHIER FORM : calculateTotal, totalAfterDisc [150000]
[ADMIN] [6/17/2017 00:47] [PENJUALAN] CASHIER FORM : calculateChangeValue, bayarTextBox.Text [Rp216.000]
[ADMIN] [6/17/2017 00:47] [PENJUALAN] CASHIER FORM : calculateChangeValue, sisaBayar [66000]
[ADMIN] [6/17/2017 00:47] [PENJUALAN] CASHIER FORM : Combobox_KeyUp, cashierDataGridView.CurrentCell.OwningColumn.Name  [discRP]
[ADMIN] [6/17/2017 00:47] [PENJUALAN] CASHIER FORM : HOTKEY TO SAVE AND PRINT OUT INVOICE PRESSED
[ADMIN] [6/17/2017 00:47] [PENJUALAN] CASHIER FORM : UNREGISTER HOTKEY
[ADMIN] [6/17/2017 00:47] [PENJUALAN] CASHIER FORM : REGISTER HOTKEY
[ADMIN] [6/17/2017 00:47] [PENJUALAN] ATTEMPT TO SAVE AND PRINT OUT INVOICE
[ADMIN] [6/17/2017 00:47] [PENJUALAN] CASHIER FORM : CHECK STOCK QTY IS ENOUGH [TER-505]
[ADMIN] [6/17/2017 00:47] [PENJUALAN] CASHIER FORM : CHECK STOCK QTY IS ENOUGH [12, 1]
[ADMIN] [6/17/2017 00:47] [PENJUALAN] CASHIER FORM : CHECK STOCK QTY IS ENOUGH [SD-PO1]
[ADMIN] [6/17/2017 00:47] [PENJUALAN] CASHIER FORM : CHECK STOCK QTY IS ENOUGH [9, 1]
[ADMIN] [6/17/2017 00:47] [PENJUALAN] CASHIER FORM : UNREGISTER HOTKEY
[ADMIN] [6/17/2017 00:47] [PENJUALAN] CASHIER FORM : ATTEMPT TO SAVE SALES DATA [17-06-2017 00:47]
[ADMIN] [6/17/2017 00:47] [PENJUALAN] CASHIER FORM : SALES DISC FINAL [0]
[ADMIN] [6/17/2017 00:47] [PENJUALAN] CASHIER FORM : CASH SALES
[ADMIN] [6/17/2017 00:47] [PENJUALAN] RETURN SALES DETAIL EXPIRY AMOUNT [SLO001-45]
[ADMIN] [6/17/2017 00:47] [PENJUALAN] RETURN SALES DETAIL EXPIRY AMOUNT [SLO001-45]
[ADMIN] [6/17/2017 00:47] [PENJUALAN] RETURN SALES DETAIL AMOUNT [SLO001-45]
[ADMIN] [6/17/2017 00:47] [PENJUALAN] RETURN SALES DETAIL AMOUNT [SLO001-45]
[ADMIN] [6/17/2017 00:47] [PENJUALAN] UPDATE SALES HEADER [SLO001-45]
[ADMIN] [6/17/2017 00:47] [PENJUALAN] DELETE SALES DETAIL EXPIRY [SLO001-45]
[ADMIN] [6/17/2017 00:47] [PENJUALAN] DELETE SALES DETAIL[SLO001-45]
[ADMIN] [6/17/2017 00:47] [PENJUALAN] SAVE TO SALES REVISI HISTORY [SLO001-45]
[ADMIN] [6/17/2017 00:47] [PENJUALAN] INSERT INTO SALES DETAIL[TER-505, 100000, 1]
[ADMIN] [6/17/2017 00:47] [PENJUALAN] REDUCE STOCK AT MASTER PRODUCT [TER-505]
[ADMIN] [6/17/2017 00:47] [PENJUALAN] REDUCE STOCK AT PRODUCT_EXPIRY LOT [1073]
[ADMIN] [6/17/2017 00:47] [PENJUALAN] SAVE PRODUCT LOT INFORMATION FOR EACH ITEM AND AMOUNT
[ADMIN] [6/17/2017 00:47] [PENJUALAN] UPDATE CUSTOMER PRODUCT DISC [TER-505]
[ADMIN] [6/17/2017 00:47] [PENJUALAN] INSERT INTO SALES DETAIL[SD-PO1, 58000, 1]
[ADMIN] [6/17/2017 00:47] [PENJUALAN] REDUCE STOCK AT MASTER PRODUCT [SD-PO1]
[ADMIN] [6/17/2017 00:47] [PENJUALAN] REDUCE STOCK AT PRODUCT_EXPIRY LOT [3356]
[ADMIN] [6/17/2017 00:47] [PENJUALAN] SAVE PRODUCT LOT INFORMATION FOR EACH ITEM AND AMOUNT
[ADMIN] [6/17/2017 00:47] [PENJUALAN] UPDATE CUSTOMER PRODUCT DISC [SD-PO1]
[ADMIN] [6/17/2017 00:47] [PENJUALAN] UPDATE CREDIT TABLE [SLO001-45]
[ADMIN] [6/17/2017 00:47] [PENJUALAN] INSERT TO DAILY JOURNAL TABLE [-66000]
[ADMIN] [6/17/2017 00:47] [PENJUALAN] TRANSACTION SAVED
[ADMIN] [6/17/2017 00:47] [PENJUALAN] PRINT OUT INVOICE
[ADMIN] [6/17/2017 00:47] [PENJUALAN] CASHIER FORM : PrintReceipt
[ADMIN] [6/17/2017 00:47] [PENJUALAN] CASHIER FORM : PrintReceipt, POS size Paper
[ADMIN] [6/17/2017 00:47] [PENJUALAN] CASHIER FORM : loadInfoToko
[ADMIN] [6/17/2017 00:47] [PENJUALAN] CASHIER FORM : calculatePageLength, totalLengthPage [397]
[ADMIN] [6/17/2017 00:47] [PENJUALAN] CASHIER FORM : printDocument1_PrintPage, print POS size receipt
[ADMIN] [6/17/2017 00:47] [PENJUALAN] CASHIER FORM : loadInfoToko
[ADMIN] [6/17/2017 00:47] [PENJUALAN] CASHIER FORM : loadNamaUser
[ADMIN] [6/17/2017 00:47] [PENJUALAN] CASHIER FORM : UPDATE ROW NUMBER, TOTAL ROW [1]
[ADMIN] [6/17/2017 00:47] [PENJUALAN] CASHIER FORM : UPDATE ROW NUMBER, TOTAL ROW [1]
[ADMIN] [6/17/2017 00:47] [PENJUALAN] CASHIER FORM : cashierDataGridView_CellValueChanged [F8]
[ADMIN] [6/17/2017 00:47] [PENJUALAN] CASHIER FORM : calculateTotal
[ADMIN] [6/17/2017 00:47] [PENJUALAN] CASHIER FORM : calculateTotal [0]
[ADMIN] [6/17/2017 00:47] [PENJUALAN] CASHIER FORM : calculateTotal, totalAfterDisc [0]
[ADMIN] [6/17/2017 00:47] [PENJUALAN] CASHIER FORM : calculateChangeValue, bayarTextBox.Text [Rp216.000]
[ADMIN] [6/17/2017 00:47] [PENJUALAN] CASHIER FORM : calculateChangeValue, sisaBayar [0]
[ADMIN] [6/17/2017 00:47] [PENJUALAN] CASHIER FORM : loadNoFaktur, noFakturValue [SLO001]
[ADMIN] [6/17/2017 00:47] [PENJUALAN] CASHIER FORM : REGISTER HOTKEY
[ADMIN] [6/17/2017 00:47] [PENJUALAN] CASHIER FORM : UNREGISTER HOTKEY
[ADMIN] [6/17/2017 00:47] [PENJUALAN] CASHIER FORM : UNREGISTER HOTKEY
[ADMIN] [6/17/2017 00:48] [TAMBAH TRANSAKSI HARIAN] LOAD DATA TRANSAKSI
[] [6/17/2017 00:50] [] USER = ADMIN IS ACTIVE
[ADMIN] [6/17/2017 00:50] [] USER ID = 1 LOGIN SUCCESSFULLY
[ADMIN] [6/17/2017 00:50] [] ACTIVATE USER ACCESS RIGHT
[ADMIN] [6/17/2017 00:50] [] DISPLAY ADMIN FORM
[ADMIN] [6/17/2017 00:50] [] adminForm Load
[ADMIN] [6/17/2017 00:50] [] ACTIVATE USER ACCESS RIGHT
[ADMIN] [6/17/2017 00:50] [TAMBAH TRANSAKSI HARIAN] LOAD DATA TRANSAKSI
[ADMIN] [6/17/2017 00:51] [TAMBAH TRANSAKSI HARIAN] LOAD DATA TRANSAKSI
[ADMIN] [6/17/2017 00:52] [TAMBAH TRANSAKSI HARIAN] ATTEMPT TO SAVE DATA TRANSAKSI JURNAL HARIAN
[ADMIN] [6/17/2017 00:52] [TAMBAH TRANSAKSI HARIAN] UPDATE DATA ON DAILY JOURNAL TABLE [1293]
[ADMIN] [6/17/2017 00:52] [TAMBAH TRANSAKSI HARIAN] UPDATE DATA ON DAILY JOURNAL TABLE [1294]
[ADMIN] [6/17/2017 00:52] [TAMBAH TRANSAKSI HARIAN] UPDATE DATA ON DAILY JOURNAL TABLE [1294]
[ADMIN] [6/17/2017 00:52] [TAMBAH TRANSAKSI HARIAN] DATA TRANSAKSI JURNAL HARIAN SAVED
[ADMIN] [6/17/2017 00:52] [TAMBAH TRANSAKSI HARIAN] LOAD DATA TRANSAKSI
[] [6/17/2017 00:58] [] USER = ADMIN IS ACTIVE
[ADMIN] [6/17/2017 00:58] [] USER ID = 1 LOGIN SUCCESSFULLY
[ADMIN] [6/17/2017 00:58] [] ACTIVATE USER ACCESS RIGHT
[ADMIN] [6/17/2017 00:58] [] DISPLAY ADMIN FORM
[ADMIN] [6/17/2017 00:58] [] adminForm Load
[ADMIN] [6/17/2017 00:58] [] ACTIVATE USER ACCESS RIGHT
[ADMIN] [6/17/2017 00:58] [TAMBAH TRANSAKSI HARIAN] LOAD DATA TRANSAKSI
[] [6/17/2017 01:01] [] USER = ADMIN IS ACTIVE
[ADMIN] [6/17/2017 01:01] [] USER ID = 1 LOGIN SUCCESSFULLY
[ADMIN] [6/17/2017 01:01] [] ACTIVATE USER ACCESS RIGHT
[ADMIN] [6/17/2017 01:01] [] DISPLAY ADMIN FORM
[ADMIN] [6/17/2017 01:01] [] adminForm Load
[ADMIN] [6/17/2017 01:01] [] ACTIVATE USER ACCESS RIGHT
[ADMIN] [6/17/2017 01:02] [TAMBAH TRANSAKSI HARIAN] LOAD DATA TRANSAKSI
[] [6/17/2017 01:04] [] USER = ADMIN IS ACTIVE
[ADMIN] [6/17/2017 01:04] [] USER ID = 1 LOGIN SUCCESSFULLY
[ADMIN] [6/17/2017 01:04] [] ACTIVATE USER ACCESS RIGHT
[ADMIN] [6/17/2017 01:04] [] DISPLAY ADMIN FORM
[ADMIN] [6/17/2017 01:04] [] adminForm Load
[ADMIN] [6/17/2017 01:04] [] ACTIVATE USER ACCESS RIGHT
[ADMIN] [6/17/2017 01:04] [TAMBAH TRANSAKSI HARIAN] LOAD DATA TRANSAKSI
[] [6/17/2017 01:10] [] USER = ADMIN IS ACTIVE
[ADMIN] [6/17/2017 01:10] [] USER ID = 1 LOGIN SUCCESSFULLY
[ADMIN] [6/17/2017 01:10] [] ACTIVATE USER ACCESS RIGHT
[ADMIN] [6/17/2017 01:10] [] DISPLAY ADMIN FORM
[ADMIN] [6/17/2017 01:10] [] adminForm Load
[ADMIN] [6/17/2017 01:10] [] ACTIVATE USER ACCESS RIGHT
[ADMIN] [6/17/2017 01:11] [TAMBAH TRANSAKSI HARIAN] LOAD DATA TRANSAKSI
[] [6/17/2017 01:14] [] USER = ADMIN IS ACTIVE
[ADMIN] [6/17/2017 01:14] [] USER ID = 1 LOGIN SUCCESSFULLY
[ADMIN] [6/17/2017 01:14] [] ACTIVATE USER ACCESS RIGHT
[ADMIN] [6/17/2017 01:14] [] DISPLAY ADMIN FORM
[ADMIN] [6/17/2017 01:14] [] adminForm Load
[ADMIN] [6/17/2017 01:14] [] ACTIVATE USER ACCESS RIGHT
[ADMIN] [6/17/2017 01:14] [TAMBAH TRANSAKSI HARIAN] LOAD DATA TRANSAKSI
[ADMIN] [6/17/2017 01:14] [TAMBAH TRANSAKSI HARIAN] LOAD DATA TRANSAKSI
[ADMIN] [6/17/2017 01:15] [TAMBAH TRANSAKSI HARIAN] ATTEMPT TO SAVE DATA TRANSAKSI JURNAL HARIAN
[ADMIN] [6/17/2017 01:15] [TAMBAH TRANSAKSI HARIAN] UPDATE DATA ON DAILY JOURNAL TABLE [1040]
[ADMIN] [6/17/2017 01:15] [TAMBAH TRANSAKSI HARIAN] UPDATE DATA ON DAILY JOURNAL TABLE [1041]
[ADMIN] [6/17/2017 01:15] [TAMBAH TRANSAKSI HARIAN] UPDATE DATA ON DAILY JOURNAL TABLE [1042]
[ADMIN] [6/17/2017 01:15] [TAMBAH TRANSAKSI HARIAN] UPDATE DATA ON DAILY JOURNAL TABLE [1043]
[ADMIN] [6/17/2017 01:15] [TAMBAH TRANSAKSI HARIAN] UPDATE DATA ON DAILY JOURNAL TABLE [1044]
[ADMIN] [6/17/2017 01:15] [TAMBAH TRANSAKSI HARIAN] UPDATE DATA ON DAILY JOURNAL TABLE [1045]
[ADMIN] [6/17/2017 01:15] [TAMBAH TRANSAKSI HARIAN] UPDATE DATA ON DAILY JOURNAL TABLE [1046]
[ADMIN] [6/17/2017 01:15] [TAMBAH TRANSAKSI HARIAN] UPDATE DATA ON DAILY JOURNAL TABLE [1047]
[ADMIN] [6/17/2017 01:15] [TAMBAH TRANSAKSI HARIAN] UPDATE DATA ON DAILY JOURNAL TABLE [1048]
[ADMIN] [6/17/2017 01:15] [TAMBAH TRANSAKSI HARIAN] UPDATE DATA ON DAILY JOURNAL TABLE [1049]
[ADMIN] [6/17/2017 01:15] [TAMBAH TRANSAKSI HARIAN] UPDATE DATA ON DAILY JOURNAL TABLE [1050]
[ADMIN] [6/17/2017 01:15] [TAMBAH TRANSAKSI HARIAN] UPDATE DATA ON DAILY JOURNAL TABLE [1051]
[ADMIN] [6/17/2017 01:15] [TAMBAH TRANSAKSI HARIAN] UPDATE DATA ON DAILY JOURNAL TABLE [1052]
[ADMIN] [6/17/2017 01:15] [TAMBAH TRANSAKSI HARIAN] UPDATE DATA ON DAILY JOURNAL TABLE [1053]
[ADMIN] [6/17/2017 01:15] [TAMBAH TRANSAKSI HARIAN] UPDATE DATA ON DAILY JOURNAL TABLE [1054]
[ADMIN] [6/17/2017 01:15] [TAMBAH TRANSAKSI HARIAN] UPDATE DATA ON DAILY JOURNAL TABLE [1055]
[ADMIN] [6/17/2017 01:15] [TAMBAH TRANSAKSI HARIAN] UPDATE DATA ON DAILY JOURNAL TABLE [1056]
[ADMIN] [6/17/2017 01:15] [TAMBAH TRANSAKSI HARIAN] UPDATE DATA ON DAILY JOURNAL TABLE [1057]
[ADMIN] [6/17/2017 01:15] [TAMBAH TRANSAKSI HARIAN] UPDATE DATA ON DAILY JOURNAL TABLE [1058]
[ADMIN] [6/17/2017 01:15] [TAMBAH TRANSAKSI HARIAN] UPDATE DATA ON DAILY JOURNAL TABLE [1059]
[ADMIN] [6/17/2017 01:15] [TAMBAH TRANSAKSI HARIAN] UPDATE DATA ON DAILY JOURNAL TABLE [1060]
[ADMIN] [6/17/2017 01:15] [TAMBAH TRANSAKSI HARIAN] UPDATE DATA ON DAILY JOURNAL TABLE [1061]
[ADMIN] [6/17/2017 01:15] [TAMBAH TRANSAKSI HARIAN] UPDATE DATA ON DAILY JOURNAL TABLE [1062]
[ADMIN] [6/17/2017 01:15] [TAMBAH TRANSAKSI HARIAN] UPDATE DATA ON DAILY JOURNAL TABLE [1063]
[ADMIN] [6/17/2017 01:15] [TAMBAH TRANSAKSI HARIAN] UPDATE DATA ON DAILY JOURNAL TABLE [1064]
[ADMIN] [6/17/2017 01:15] [TAMBAH TRANSAKSI HARIAN] UPDATE DATA ON DAILY JOURNAL TABLE [1065]
[ADMIN] [6/17/2017 01:15] [TAMBAH TRANSAKSI HARIAN] UPDATE DATA ON DAILY JOURNAL TABLE [1066]
[ADMIN] [6/17/2017 01:15] [TAMBAH TRANSAKSI HARIAN] UPDATE DATA ON DAILY JOURNAL TABLE [1067]
[ADMIN] [6/17/2017 01:15] [TAMBAH TRANSAKSI HARIAN] UPDATE DATA ON DAILY JOURNAL TABLE [1068]
[ADMIN] [6/17/2017 01:15] [TAMBAH TRANSAKSI HARIAN] UPDATE DATA ON DAILY JOURNAL TABLE [1069]
[ADMIN] [6/17/2017 01:15] [TAMBAH TRANSAKSI HARIAN] UPDATE DATA ON DAILY JOURNAL TABLE [1070]
[ADMIN] [6/17/2017 01:15] [TAMBAH TRANSAKSI HARIAN] UPDATE DATA ON DAILY JOURNAL TABLE [1071]
[ADMIN] [6/17/2017 01:15] [TAMBAH TRANSAKSI HARIAN] UPDATE DATA ON DAILY JOURNAL TABLE [1072]
[ADMIN] [6/17/2017 01:15] [TAMBAH TRANSAKSI HARIAN] UPDATE DATA ON DAILY JOURNAL TABLE [1073]
[ADMIN] [6/17/2017 01:15] [TAMBAH TRANSAKSI HARIAN] UPDATE DATA ON DAILY JOURNAL TABLE [1074]
[ADMIN] [6/17/2017 01:15] [TAMBAH TRANSAKSI HARIAN] UPDATE DATA ON DAILY JOURNAL TABLE [1075]
[ADMIN] [6/17/2017 01:15] [TAMBAH TRANSAKSI HARIAN] UPDATE DATA ON DAILY JOURNAL TABLE [1076]
[ADMIN] [6/17/2017 01:15] [TAMBAH TRANSAKSI HARIAN] UPDATE DATA ON DAILY JOURNAL TABLE [1077]
[ADMIN] [6/17/2017 01:15] [TAMBAH TRANSAKSI HARIAN] UPDATE DATA ON DAILY JOURNAL TABLE [1078]
[ADMIN] [6/17/2017 01:15] [TAMBAH TRANSAKSI HARIAN] UPDATE DATA ON DAILY JOURNAL TABLE [1079]
[ADMIN] [6/17/2017 01:15] [TAMBAH TRANSAKSI HARIAN] UPDATE DATA ON DAILY JOURNAL TABLE [1080]
[ADMIN] [6/17/2017 01:15] [TAMBAH TRANSAKSI HARIAN] UPDATE DATA ON DAILY JOURNAL TABLE [1081]
[ADMIN] [6/17/2017 01:15] [TAMBAH TRANSAKSI HARIAN] UPDATE DATA ON DAILY JOURNAL TABLE [1082]
[ADMIN] [6/17/2017 01:15] [TAMBAH TRANSAKSI HARIAN] UPDATE DATA ON DAILY JOURNAL TABLE [1083]
[ADMIN] [6/17/2017 01:15] [TAMBAH TRANSAKSI HARIAN] UPDATE DATA ON DAILY JOURNAL TABLE [1084]
[ADMIN] [6/17/2017 01:15] [TAMBAH TRANSAKSI HARIAN] UPDATE DATA ON DAILY JOURNAL TABLE [1085]
[ADMIN] [6/17/2017 01:15] [TAMBAH TRANSAKSI HARIAN] UPDATE DATA ON DAILY JOURNAL TABLE [1086]
[ADMIN] [6/17/2017 01:15] [TAMBAH TRANSAKSI HARIAN] UPDATE DATA ON DAILY JOURNAL TABLE [1087]
[ADMIN] [6/17/2017 01:15] [TAMBAH TRANSAKSI HARIAN] UPDATE DATA ON DAILY JOURNAL TABLE [1088]
[ADMIN] [6/17/2017 01:15] [TAMBAH TRANSAKSI HARIAN] UPDATE DATA ON DAILY JOURNAL TABLE [1089]
[ADMIN] [6/17/2017 01:15] [TAMBAH TRANSAKSI HARIAN] UPDATE DATA ON DAILY JOURNAL TABLE [1090]
[ADMIN] [6/17/2017 01:15] [TAMBAH TRANSAKSI HARIAN] UPDATE DATA ON DAILY JOURNAL TABLE [1091]
[ADMIN] [6/17/2017 01:15] [TAMBAH TRANSAKSI HARIAN] UPDATE DATA ON DAILY JOURNAL TABLE [1092]
[ADMIN] [6/17/2017 01:15] [TAMBAH TRANSAKSI HARIAN] UPDATE DATA ON DAILY JOURNAL TABLE [1093]
[ADMIN] [6/17/2017 01:15] [TAMBAH TRANSAKSI HARIAN] UPDATE DATA ON DAILY JOURNAL TABLE [1094]
[ADMIN] [6/17/2017 01:15] [TAMBAH TRANSAKSI HARIAN] UPDATE DATA ON DAILY JOURNAL TABLE [1095]
[ADMIN] [6/17/2017 01:15] [TAMBAH TRANSAKSI HARIAN] UPDATE DATA ON DAILY JOURNAL TABLE [1096]
[ADMIN] [6/17/2017 01:15] [TAMBAH TRANSAKSI HARIAN] UPDATE DATA ON DAILY JOURNAL TABLE [1097]
[ADMIN] [6/17/2017 01:15] [TAMBAH TRANSAKSI HARIAN] UPDATE DATA ON DAILY JOURNAL TABLE [1098]
[ADMIN] [6/17/2017 01:15] [TAMBAH TRANSAKSI HARIAN] UPDATE DATA ON DAILY JOURNAL TABLE [1099]
[ADMIN] [6/17/2017 01:15] [TAMBAH TRANSAKSI HARIAN] UPDATE DATA ON DAILY JOURNAL TABLE [1100]
[ADMIN] [6/17/2017 01:15] [TAMBAH TRANSAKSI HARIAN] UPDATE DATA ON DAILY JOURNAL TABLE [1101]
[ADMIN] [6/17/2017 01:15] [TAMBAH TRANSAKSI HARIAN] UPDATE DATA ON DAILY JOURNAL TABLE [1102]
[ADMIN] [6/17/2017 01:15] [TAMBAH TRANSAKSI HARIAN] UPDATE DATA ON DAILY JOURNAL TABLE [1103]
[ADMIN] [6/17/2017 01:15] [TAMBAH TRANSAKSI HARIAN] UPDATE DATA ON DAILY JOURNAL TABLE [1104]
[ADMIN] [6/17/2017 01:15] [TAMBAH TRANSAKSI HARIAN] UPDATE DATA ON DAILY JOURNAL TABLE [1105]
[ADMIN] [6/17/2017 01:15] [TAMBAH TRANSAKSI HARIAN] UPDATE DATA ON DAILY JOURNAL TABLE [1106]
[ADMIN] [6/17/2017 01:15] [TAMBAH TRANSAKSI HARIAN] UPDATE DATA ON DAILY JOURNAL TABLE [1107]
[ADMIN] [6/17/2017 01:15] [TAMBAH TRANSAKSI HARIAN] UPDATE DATA ON DAILY JOURNAL TABLE [1108]
[ADMIN] [6/17/2017 01:15] [TAMBAH TRANSAKSI HARIAN] UPDATE DATA ON DAILY JOURNAL TABLE [1109]
[ADMIN] [6/17/2017 01:15] [TAMBAH TRANSAKSI HARIAN] UPDATE DATA ON DAILY JOURNAL TABLE [1110]
[ADMIN] [6/17/2017 01:15] [TAMBAH TRANSAKSI HARIAN] DATA TRANSAKSI JURNAL HARIAN SAVED
[] [6/17/2017 01:20] [] USER = ADMIN IS ACTIVE
[ADMIN] [6/17/2017 01:20] [] USER ID = 1 LOGIN SUCCESSFULLY
[ADMIN] [6/17/2017 01:20] [] ACTIVATE USER ACCESS RIGHT
[ADMIN] [6/17/2017 01:20] [] DISPLAY ADMIN FORM
[ADMIN] [6/17/2017 01:20] [] adminForm Load
[ADMIN] [6/17/2017 01:20] [] ACTIVATE USER ACCESS RIGHT
[ADMIN] [6/17/2017 01:21] [TAMBAH TRANSAKSI HARIAN] LOAD DATA TRANSAKSI
[ADMIN] [6/17/2017 01:21] [TAMBAH TRANSAKSI HARIAN] LOAD DATA TRANSAKSI
[ADMIN] [6/17/2017 01:21] [TAMBAH TRANSAKSI HARIAN] ATTEMPT TO SAVE DATA TRANSAKSI JURNAL HARIAN
[ADMIN] [6/17/2017 01:21] [TAMBAH TRANSAKSI HARIAN] UPDATE DATA ON DAILY JOURNAL TABLE [1040]
[ADMIN] [6/17/2017 01:21] [TAMBAH TRANSAKSI HARIAN] UPDATE DATA ON DAILY JOURNAL TABLE [1041]
[ADMIN] [6/17/2017 01:21] [TAMBAH TRANSAKSI HARIAN] UPDATE DATA ON DAILY JOURNAL TABLE [1042]
[ADMIN] [6/17/2017 01:21] [TAMBAH TRANSAKSI HARIAN] UPDATE DATA ON DAILY JOURNAL TABLE [1043]
[ADMIN] [6/17/2017 01:21] [TAMBAH TRANSAKSI HARIAN] UPDATE DATA ON DAILY JOURNAL TABLE [1044]
[ADMIN] [6/17/2017 01:21] [TAMBAH TRANSAKSI HARIAN] UPDATE DATA ON DAILY JOURNAL TABLE [1045]
[ADMIN] [6/17/2017 01:21] [TAMBAH TRANSAKSI HARIAN] UPDATE DATA ON DAILY JOURNAL TABLE [1046]
[ADMIN] [6/17/2017 01:21] [TAMBAH TRANSAKSI HARIAN] UPDATE DATA ON DAILY JOURNAL TABLE [1047]
[ADMIN] [6/17/2017 01:21] [TAMBAH TRANSAKSI HARIAN] UPDATE DATA ON DAILY JOURNAL TABLE [1048]
[ADMIN] [6/17/2017 01:21] [TAMBAH TRANSAKSI HARIAN] UPDATE DATA ON DAILY JOURNAL TABLE [1049]
[ADMIN] [6/17/2017 01:21] [TAMBAH TRANSAKSI HARIAN] UPDATE DATA ON DAILY JOURNAL TABLE [1050]
[ADMIN] [6/17/2017 01:21] [TAMBAH TRANSAKSI HARIAN] UPDATE DATA ON DAILY JOURNAL TABLE [1051]
[ADMIN] [6/17/2017 01:21] [TAMBAH TRANSAKSI HARIAN] UPDATE DATA ON DAILY JOURNAL TABLE [1052]
[ADMIN] [6/17/2017 01:21] [TAMBAH TRANSAKSI HARIAN] UPDATE DATA ON DAILY JOURNAL TABLE [1053]
[ADMIN] [6/17/2017 01:21] [TAMBAH TRANSAKSI HARIAN] UPDATE DATA ON DAILY JOURNAL TABLE [1054]
[ADMIN] [6/17/2017 01:21] [TAMBAH TRANSAKSI HARIAN] UPDATE DATA ON DAILY JOURNAL TABLE [1055]
[ADMIN] [6/17/2017 01:21] [TAMBAH TRANSAKSI HARIAN] UPDATE DATA ON DAILY JOURNAL TABLE [1056]
[ADMIN] [6/17/2017 01:21] [TAMBAH TRANSAKSI HARIAN] UPDATE DATA ON DAILY JOURNAL TABLE [1057]
[ADMIN] [6/17/2017 01:21] [TAMBAH TRANSAKSI HARIAN] UPDATE DATA ON DAILY JOURNAL TABLE [1058]
[ADMIN] [6/17/2017 01:21] [TAMBAH TRANSAKSI HARIAN] UPDATE DATA ON DAILY JOURNAL TABLE [1059]
[ADMIN] [6/17/2017 01:21] [TAMBAH TRANSAKSI HARIAN] UPDATE DATA ON DAILY JOURNAL TABLE [1060]
[ADMIN] [6/17/2017 01:21] [TAMBAH TRANSAKSI HARIAN] UPDATE DATA ON DAILY JOURNAL TABLE [1061]
[ADMIN] [6/17/2017 01:21] [TAMBAH TRANSAKSI HARIAN] UPDATE DATA ON DAILY JOURNAL TABLE [1062]
[ADMIN] [6/17/2017 01:21] [TAMBAH TRANSAKSI HARIAN] UPDATE DATA ON DAILY JOURNAL TABLE [1063]
[ADMIN] [6/17/2017 01:21] [TAMBAH TRANSAKSI HARIAN] UPDATE DATA ON DAILY JOURNAL TABLE [1064]
[ADMIN] [6/17/2017 01:21] [TAMBAH TRANSAKSI HARIAN] UPDATE DATA ON DAILY JOURNAL TABLE [1065]
[ADMIN] [6/17/2017 01:21] [TAMBAH TRANSAKSI HARIAN] UPDATE DATA ON DAILY JOURNAL TABLE [1066]
[ADMIN] [6/17/2017 01:21] [TAMBAH TRANSAKSI HARIAN] UPDATE DATA ON DAILY JOURNAL TABLE [1067]
[ADMIN] [6/17/2017 01:21] [TAMBAH TRANSAKSI HARIAN] UPDATE DATA ON DAILY JOURNAL TABLE [1068]
[ADMIN] [6/17/2017 01:21] [TAMBAH TRANSAKSI HARIAN] UPDATE DATA ON DAILY JOURNAL TABLE [1069]
[ADMIN] [6/17/2017 01:21] [TAMBAH TRANSAKSI HARIAN] UPDATE DATA ON DAILY JOURNAL TABLE [1070]
[ADMIN] [6/17/2017 01:21] [TAMBAH TRANSAKSI HARIAN] UPDATE DATA ON DAILY JOURNAL TABLE [1071]
[ADMIN] [6/17/2017 01:21] [TAMBAH TRANSAKSI HARIAN] UPDATE DATA ON DAILY JOURNAL TABLE [1072]
[ADMIN] [6/17/2017 01:21] [TAMBAH TRANSAKSI HARIAN] UPDATE DATA ON DAILY JOURNAL TABLE [1073]
[ADMIN] [6/17/2017 01:21] [TAMBAH TRANSAKSI HARIAN] UPDATE DATA ON DAILY JOURNAL TABLE [1074]
[ADMIN] [6/17/2017 01:21] [TAMBAH TRANSAKSI HARIAN] UPDATE DATA ON DAILY JOURNAL TABLE [1075]
[ADMIN] [6/17/2017 01:21] [TAMBAH TRANSAKSI HARIAN] UPDATE DATA ON DAILY JOURNAL TABLE [1076]
[ADMIN] [6/17/2017 01:21] [TAMBAH TRANSAKSI HARIAN] UPDATE DATA ON DAILY JOURNAL TABLE [1077]
[ADMIN] [6/17/2017 01:21] [TAMBAH TRANSAKSI HARIAN] UPDATE DATA ON DAILY JOURNAL TABLE [1078]
[ADMIN] [6/17/2017 01:21] [TAMBAH TRANSAKSI HARIAN] UPDATE DATA ON DAILY JOURNAL TABLE [1079]
[ADMIN] [6/17/2017 01:21] [TAMBAH TRANSAKSI HARIAN] UPDATE DATA ON DAILY JOURNAL TABLE [1080]
[ADMIN] [6/17/2017 01:21] [TAMBAH TRANSAKSI HARIAN] UPDATE DATA ON DAILY JOURNAL TABLE [1081]
[ADMIN] [6/17/2017 01:21] [TAMBAH TRANSAKSI HARIAN] UPDATE DATA ON DAILY JOURNAL TABLE [1082]
[ADMIN] [6/17/2017 01:21] [TAMBAH TRANSAKSI HARIAN] UPDATE DATA ON DAILY JOURNAL TABLE [1083]
[ADMIN] [6/17/2017 01:21] [TAMBAH TRANSAKSI HARIAN] UPDATE DATA ON DAILY JOURNAL TABLE [1084]
[ADMIN] [6/17/2017 01:21] [TAMBAH TRANSAKSI HARIAN] UPDATE DATA ON DAILY JOURNAL TABLE [1085]
[ADMIN] [6/17/2017 01:21] [TAMBAH TRANSAKSI HARIAN] UPDATE DATA ON DAILY JOURNAL TABLE [1086]
[ADMIN] [6/17/2017 01:21] [TAMBAH TRANSAKSI HARIAN] UPDATE DATA ON DAILY JOURNAL TABLE [1087]
[ADMIN] [6/17/2017 01:21] [TAMBAH TRANSAKSI HARIAN] UPDATE DATA ON DAILY JOURNAL TABLE [1088]
[ADMIN] [6/17/2017 01:21] [TAMBAH TRANSAKSI HARIAN] UPDATE DATA ON DAILY JOURNAL TABLE [1089]
[ADMIN] [6/17/2017 01:21] [TAMBAH TRANSAKSI HARIAN] UPDATE DATA ON DAILY JOURNAL TABLE [1090]
[ADMIN] [6/17/2017 01:21] [TAMBAH TRANSAKSI HARIAN] UPDATE DATA ON DAILY JOURNAL TABLE [1091]
[ADMIN] [6/17/2017 01:21] [TAMBAH TRANSAKSI HARIAN] UPDATE DATA ON DAILY JOURNAL TABLE [1092]
[ADMIN] [6/17/2017 01:21] [TAMBAH TRANSAKSI HARIAN] UPDATE DATA ON DAILY JOURNAL TABLE [1093]
[ADMIN] [6/17/2017 01:21] [TAMBAH TRANSAKSI HARIAN] UPDATE DATA ON DAILY JOURNAL TABLE [1094]
[ADMIN] [6/17/2017 01:21] [TAMBAH TRANSAKSI HARIAN] UPDATE DATA ON DAILY JOURNAL TABLE [1095]
[ADMIN] [6/17/2017 01:21] [TAMBAH TRANSAKSI HARIAN] UPDATE DATA ON DAILY JOURNAL TABLE [1096]
[ADMIN] [6/17/2017 01:21] [TAMBAH TRANSAKSI HARIAN] UPDATE DATA ON DAILY JOURNAL TABLE [1097]
[ADMIN] [6/17/2017 01:21] [TAMBAH TRANSAKSI HARIAN] UPDATE DATA ON DAILY JOURNAL TABLE [1098]
[ADMIN] [6/17/2017 01:21] [TAMBAH TRANSAKSI HARIAN] UPDATE DATA ON DAILY JOURNAL TABLE [1099]
[ADMIN] [6/17/2017 01:21] [TAMBAH TRANSAKSI HARIAN] UPDATE DATA ON DAILY JOURNAL TABLE [1100]
[ADMIN] [6/17/2017 01:21] [TAMBAH TRANSAKSI HARIAN] UPDATE DATA ON DAILY JOURNAL TABLE [1101]
[ADMIN] [6/17/2017 01:21] [TAMBAH TRANSAKSI HARIAN] UPDATE DATA ON DAILY JOURNAL TABLE [1102]
[ADMIN] [6/17/2017 01:21] [TAMBAH TRANSAKSI HARIAN] UPDATE DATA ON DAILY JOURNAL TABLE [1103]
[ADMIN] [6/17/2017 01:21] [TAMBAH TRANSAKSI HARIAN] UPDATE DATA ON DAILY JOURNAL TABLE [1104]
[ADMIN] [6/17/2017 01:21] [TAMBAH TRANSAKSI HARIAN] UPDATE DATA ON DAILY JOURNAL TABLE [1105]
[ADMIN] [6/17/2017 01:21] [TAMBAH TRANSAKSI HARIAN] UPDATE DATA ON DAILY JOURNAL TABLE [1106]
[ADMIN] [6/17/2017 01:21] [TAMBAH TRANSAKSI HARIAN] UPDATE DATA ON DAILY JOURNAL TABLE [1107]
[ADMIN] [6/17/2017 01:21] [TAMBAH TRANSAKSI HARIAN] UPDATE DATA ON DAILY JOURNAL TABLE [1108]
[ADMIN] [6/17/2017 01:21] [TAMBAH TRANSAKSI HARIAN] UPDATE DATA ON DAILY JOURNAL TABLE [1109]
[ADMIN] [6/17/2017 01:21] [TAMBAH TRANSAKSI HARIAN] UPDATE DATA ON DAILY JOURNAL TABLE [1110]
[ADMIN] [6/17/2017 01:21] [TAMBAH TRANSAKSI HARIAN] DATA TRANSAKSI JURNAL HARIAN SAVED
[ADMIN] [6/17/2017 01:21] [TAMBAH TRANSAKSI HARIAN] LOAD DATA TRANSAKSI
[ADMIN] [6/17/2017 01:21] [TAMBAH TRANSAKSI HARIAN] LOAD DATA TRANSAKSI
[ADMIN] [6/17/2017 01:21] [TAMBAH TRANSAKSI HARIAN] LOAD DATA TRANSAKSI
[ADMIN] [6/17/2017 01:22] [] USER ID = 1LOGOUT
