[] [6/8/2017 11:21] [] USER = ADMIN IS ACTIVE
[ADMIN] [6/8/2017 11:21] [] USER ID = 1 LOGIN SUCCESSFULLY
[ADMIN] [6/8/2017 11:21] [] ACTIVATE USER ACCESS RIGHT
[ADMIN] [6/8/2017 11:21] [] DISPLAY ADMIN FORM
[ADMIN] [6/8/2017 11:21] [] adminForm Load
[ADMIN] [6/8/2017 11:21] [] ACTIVATE USER ACCESS RIGHT
[ADMIN] [6/8/2017 11:22] [] SERVER IP IS LOCALHOST
[ADMIN] [6/8/2017 11:22] [] UPDATE DATA ID 2
[ADMIN] [6/8/2017 11:22] [PENJUALAN] CASHIER FORM : MULTIPLE CASHIER INSTANCE [1]
[ADMIN] [6/8/2017 11:22] [PENJUALAN] CASHIER FORM : REGISTER HOTKEY
[ADMIN] [6/8/2017 11:22] [PENJUALAN] CASHIER FORM : cashierForm_Load, ATTEMPT TO LOAD NO FAKTUR
[ADMIN] [6/8/2017 11:22] [PENJUALAN] CASHIER FORM : loadNoFaktur, noFakturValue [SLO001]
[ADMIN] [6/8/2017 11:22] [PENJUALAN] CASHIER FORM : cashierForm_Load, ATTEMPT TO addColumnToDataGrid
[ADMIN] [6/8/2017 11:22] [PENJUALAN] CASHIER FORM : UPDATE ROW NUMBER, TOTAL ROW [1]
[ADMIN] [6/8/2017 11:22] [PENJUALAN] CASHIER FORM : REGISTER HOTKEY
[ADMIN] [6/8/2017 11:22] [PENJUALAN] CASHIER FORM : UNREGISTER HOTKEY
[ADMIN] [6/8/2017 11:22] [PENJUALAN] CASHIER FORM : UPDATE ROW NUMBER, TOTAL ROW [1]
[ADMIN] [6/8/2017 11:22] [PENJUALAN] CASHIER FORM : cashierDataGridView_CellValueChanged [F8]
[ADMIN] [6/8/2017 11:22] [PENJUALAN] CASHIER FORM : ADD NEW ROW,  isActive [True]
[ADMIN] [6/8/2017 11:22] [PENJUALAN] CASHIER FORM : ADD NEW ROW,  ROW COUNT [0]
[ADMIN] [6/8/2017 11:22] [PENJUALAN] CASHIER FORM : ADD NEW ROW,  ALLOW TO ADD [True]
[ADMIN] [6/8/2017 11:22] [PENJUALAN] CASHIER FORM : UPDATE ROW NUMBER, TOTAL ROW [1]
[ADMIN] [6/8/2017 11:22] [PENJUALAN] CASHIER FORM : ADD NEW ROW,  isActive [True]
[ADMIN] [6/8/2017 11:22] [PENJUALAN] CASHIER FORM : ADD NEW ROW,  ROW COUNT [1]
[ADMIN] [6/8/2017 11:22] [PENJUALAN] CASHIER FORM : ADD NEW ROW,  ALLOW TO ADD [True]
[ADMIN] [6/8/2017 11:22] [PENJUALAN] CASHIER FORM : UPDATE ROW NUMBER, TOTAL ROW [2]
[ADMIN] [6/8/2017 11:22] [PENJUALAN] CASHIER FORM : UPDATE ROW NUMBER, TOTAL ROW [3]
[ADMIN] [6/8/2017 11:22] [PENJUALAN] CASHIER FORM : cashierDataGridView_CellValueChanged [F8]
[ADMIN] [6/8/2017 11:22] [PENJUALAN] CASHIER FORM : REGISTER HOTKEY
[ADMIN] [6/8/2017 11:22] [PENJUALAN] CASHIER FORM : UNREGISTER HOTKEY
[ADMIN] [6/8/2017 11:22] [PENJUALAN] CASHIER FORM : REGISTER HOTKEY
[ADMIN] [6/8/2017 11:22] [PENJUALAN] RE-PRINT INVOICE
[ADMIN] [6/8/2017 11:22] [PENJUALAN] CASHIER FORM : PrintReceipt
[ADMIN] [6/8/2017 11:22] [PENJUALAN] CASHIER FORM : PrintReceipt, POS size Paper
[ADMIN] [6/8/2017 11:22] [PENJUALAN] CASHIER FORM : loadInfoToko
[ADMIN] [6/8/2017 11:22] [PENJUALAN] CASHIER FORM : calculatePageLength, totalLengthPage [397]
[ADMIN] [6/8/2017 11:22] [PENJUALAN] CASHIER FORM : printDocument1_PrintPage, print POS size receipt
[ADMIN] [6/8/2017 11:22] [PENJUALAN] CASHIER FORM : UNREGISTER HOTKEY
[ADMIN] [6/8/2017 11:22] [PENJUALAN] CASHIER FORM : loadInfoToko
[ADMIN] [6/8/2017 11:22] [PENJUALAN] CASHIER FORM : loadNamaUser
[ADMIN] [6/8/2017 11:22] [PENJUALAN] CASHIER FORM : REGISTER HOTKEY
[ADMIN] [6/8/2017 11:22] [PENJUALAN] CASHIER FORM : UNREGISTER HOTKEY
[ADMIN] [6/8/2017 11:22] [PENJUALAN] CASHIER FORM : REGISTER HOTKEY
[ADMIN] [6/8/2017 11:22] [PENJUALAN] CASHIER FORM : UNREGISTER HOTKEY
[ADMIN] [6/8/2017 11:22] [PENJUALAN] CASHIER FORM : UNREGISTER HOTKEY
[ADMIN] [6/8/2017 11:23] [] SERVER IP IS LOCALHOST
[ADMIN] [6/8/2017 11:23] [] UPDATE DATA ID 2
[ADMIN] [6/8/2017 11:23] [PENJUALAN] CASHIER FORM : MULTIPLE CASHIER INSTANCE [1]
[ADMIN] [6/8/2017 11:23] [PENJUALAN] CASHIER FORM : REGISTER HOTKEY
[ADMIN] [6/8/2017 11:23] [PENJUALAN] CASHIER FORM : cashierForm_Load, ATTEMPT TO LOAD NO FAKTUR
[ADMIN] [6/8/2017 11:23] [PENJUALAN] CASHIER FORM : loadNoFaktur, noFakturValue [SLO001]
[ADMIN] [6/8/2017 11:23] [PENJUALAN] CASHIER FORM : cashierForm_Load, ATTEMPT TO addColumnToDataGrid
[ADMIN] [6/8/2017 11:23] [PENJUALAN] CASHIER FORM : UPDATE ROW NUMBER, TOTAL ROW [1]
[ADMIN] [6/8/2017 11:23] [PENJUALAN] CASHIER FORM : REGISTER HOTKEY
[ADMIN] [6/8/2017 11:23] [PENJUALAN] CASHIER FORM : UNREGISTER HOTKEY
[ADMIN] [6/8/2017 11:23] [PENJUALAN] CASHIER FORM : UPDATE ROW NUMBER, TOTAL ROW [1]
[ADMIN] [6/8/2017 11:23] [PENJUALAN] CASHIER FORM : cashierDataGridView_CellValueChanged [F8]
[ADMIN] [6/8/2017 11:23] [PENJUALAN] CASHIER FORM : ADD NEW ROW,  isActive [True]
[ADMIN] [6/8/2017 11:23] [PENJUALAN] CASHIER FORM : ADD NEW ROW,  ROW COUNT [0]
[ADMIN] [6/8/2017 11:23] [PENJUALAN] CASHIER FORM : ADD NEW ROW,  ALLOW TO ADD [True]
[ADMIN] [6/8/2017 11:23] [PENJUALAN] CASHIER FORM : UPDATE ROW NUMBER, TOTAL ROW [1]
[ADMIN] [6/8/2017 11:23] [PENJUALAN] CASHIER FORM : ADD NEW ROW,  isActive [True]
[ADMIN] [6/8/2017 11:23] [PENJUALAN] CASHIER FORM : ADD NEW ROW,  ROW COUNT [1]
[ADMIN] [6/8/2017 11:23] [PENJUALAN] CASHIER FORM : ADD NEW ROW,  ALLOW TO ADD [True]
[ADMIN] [6/8/2017 11:23] [PENJUALAN] CASHIER FORM : UPDATE ROW NUMBER, TOTAL ROW [2]
[ADMIN] [6/8/2017 11:23] [PENJUALAN] CASHIER FORM : UPDATE ROW NUMBER, TOTAL ROW [3]
[ADMIN] [6/8/2017 11:23] [PENJUALAN] CASHIER FORM : cashierDataGridView_CellValueChanged [F8]
[ADMIN] [6/8/2017 11:23] [PENJUALAN] CASHIER FORM : REGISTER HOTKEY
[ADMIN] [6/8/2017 11:23] [PENJUALAN] CASHIER FORM : UNREGISTER HOTKEY
[ADMIN] [6/8/2017 11:23] [PENJUALAN] CASHIER FORM : REGISTER HOTKEY
[ADMIN] [6/8/2017 11:23] [PENJUALAN] RE-PRINT INVOICE
[ADMIN] [6/8/2017 11:23] [PENJUALAN] CASHIER FORM : PrintReceipt
[ADMIN] [6/8/2017 11:23] [PENJUALAN] CASHIER FORM : PrintReceipt, POS size Paper
[ADMIN] [6/8/2017 11:23] [PENJUALAN] CASHIER FORM : loadInfoToko
[ADMIN] [6/8/2017 11:23] [PENJUALAN] CASHIER FORM : calculatePageLength, totalLengthPage [397]
[ADMIN] [6/8/2017 11:23] [PENJUALAN] CASHIER FORM : printDocument1_PrintPage, print POS size receipt
[ADMIN] [6/8/2017 11:23] [PENJUALAN] CASHIER FORM : loadInfoToko
[ADMIN] [6/8/2017 11:23] [PENJUALAN] CASHIER FORM : loadNamaUser
[ADMIN] [6/8/2017 11:23] [PENJUALAN] CASHIER FORM : UNREGISTER HOTKEY
[ADMIN] [6/8/2017 11:23] [PENJUALAN] CASHIER FORM : REGISTER HOTKEY
[ADMIN] [6/8/2017 11:23] [PENJUALAN] CASHIER FORM : UNREGISTER HOTKEY
[ADMIN] [6/8/2017 11:23] [PENJUALAN] CASHIER FORM : REGISTER HOTKEY
[ADMIN] [6/8/2017 11:23] [PENJUALAN] CASHIER FORM : UNREGISTER HOTKEY
[ADMIN] [6/8/2017 11:23] [PENJUALAN] CASHIER FORM : REGISTER HOTKEY
[ADMIN] [6/8/2017 11:23] [PENJUALAN] CASHIER FORM : UNREGISTER HOTKEY
[ADMIN] [6/8/2017 11:23] [PENJUALAN] CASHIER FORM : REGISTER HOTKEY
[ADMIN] [6/8/2017 11:23] [PENJUALAN] CASHIER FORM : UNREGISTER HOTKEY
[ADMIN] [6/8/2017 11:23] [PENJUALAN] CASHIER FORM : UNREGISTER HOTKEY
[ADMIN] [6/8/2017 11:24] [TAMBAH / UPDATE PRODUK] DETAIL PRODUK : detailGridView_CellValueChanged [status]
[ADMIN] [6/8/2017 11:24] [TAMBAH / UPDATE PRODUK] DETAIL PRODUK : detailGridView_CellValueChanged [qty]
[ADMIN] [6/8/2017 11:24] [TAMBAH / UPDATE PRODUK] DETAIL PRODUK : detailGridView_CellValueChanged [expiryDate]
[ADMIN] [6/8/2017 11:24] [TAMBAH / UPDATE PRODUK] DETAIL PRODUK : detailGridView_CellValueChanged [expiryDateValue]
[ADMIN] [6/8/2017 11:24] [TAMBAH / UPDATE PRODUK] INSERT TO PRODUCT EXPIRY [14-06-2017]
[ADMIN] [6/8/2017 11:24] [TAMBAH / UPDATE PRODUK] UPDATE CURRENT PRODUCT DATA [ABOUTME-2]
[ADMIN] [6/8/2017 11:24] [TAMBAH / UPDATE PRODUK] UPDATE PRODUCT CATEGORY FOR [ABOUTME-2]
[ADMIN] [6/8/2017 11:24] [TAMBAH / UPDATE PRODUK] DELETE CURRENT PRODUCT CATEGORY FOR [ABOUTME-2]
[ADMIN] [6/8/2017 11:24] [TAMBAH / UPDATE PRODUK] INSERT PRODUCT CATEGORY FOR [ABOUTME-2]
[ADMIN] [6/8/2017 11:27] [TAMBAH / UPDATE PRODUK] deleteCurrentRow [0]
[ADMIN] [6/8/2017 11:27] [TAMBAH / UPDATE PRODUK] DELETE PRODUCT EXPIRY [4962]
[ADMIN] [6/8/2017 11:27] [TAMBAH / UPDATE PRODUK] UPDATE CURRENT PRODUCT DATA [ABOUTME-2]
[ADMIN] [6/8/2017 11:27] [TAMBAH / UPDATE PRODUK] UPDATE PRODUCT CATEGORY FOR [ABOUTME-2]
[ADMIN] [6/8/2017 11:27] [TAMBAH / UPDATE PRODUK] DELETE CURRENT PRODUCT CATEGORY FOR [ABOUTME-2]
[ADMIN] [6/8/2017 11:27] [TAMBAH / UPDATE PRODUK] INSERT PRODUCT CATEGORY FOR [ABOUTME-2]
[] [6/8/2017 11:35] [] USER = ADMIN IS ACTIVE
[ADMIN] [6/8/2017 11:35] [] USER ID = 1 LOGIN SUCCESSFULLY
[ADMIN] [6/8/2017 11:35] [] ACTIVATE USER ACCESS RIGHT
[ADMIN] [6/8/2017 11:35] [] DISPLAY ADMIN FORM
[ADMIN] [6/8/2017 11:35] [] adminForm Load
[ADMIN] [6/8/2017 11:35] [] ACTIVATE USER ACCESS RIGHT
[ADMIN] [6/8/2017 11:37] [PENYESUAIAN STOK] TRY TO DO MANUAL STOCK ADJUSTMENT
[ADMIN] [6/8/2017 11:37] [PENERIMAAN BARANG] INSERT TO PRODUCT EXPIRY [8435320509308]
[ADMIN] [6/8/2017 11:37] [PENYESUAIAN STOK] UPDATE STOCK QTY [5159]
[ADMIN] [6/8/2017 11:37] [PENYESUAIAN STOK] INSERT INTO PRODUCT ADJUSTMENT TABLE [8435320509308, 1, 2]
[] [6/8/2017 11:57] [] USER = ADMIN IS ACTIVE
[ADMIN] [6/8/2017 11:57] [] USER ID = 1 LOGIN SUCCESSFULLY
[ADMIN] [6/8/2017 11:57] [] ACTIVATE USER ACCESS RIGHT
[ADMIN] [6/8/2017 11:57] [] DISPLAY ADMIN FORM
[ADMIN] [6/8/2017 11:57] [] adminForm Load
[ADMIN] [6/8/2017 11:57] [] ACTIVATE USER ACCESS RIGHT
[ADMIN] [6/8/2017 11:57] [PENYESUAIAN STOK] TRY TO DO MANUAL STOCK ADJUSTMENT
[ADMIN] [6/8/2017 11:58] [PENERIMAAN BARANG] INSERT TO PRODUCT EXPIRY [CAT-SH]
[ADMIN] [6/8/2017 11:58] [PENYESUAIAN STOK] UPDATE STOCK QTY [2012]
[ADMIN] [6/8/2017 11:58] [PENYESUAIAN STOK] INSERT INTO PRODUCT ADJUSTMENT TABLE [CAT-SH, 0, 4]
[ADMIN] [6/8/2017 12:03] [PECAH SATUAN PRODUK] REDUCE QTY [CAT-SH] AMT [1]
[ADMIN] [6/8/2017 12:03] [PECAH SATUAN PRODUK] ADD QTY [CAT SHAMPOO SANITISER BIRU] AMT [1]
[ADMIN] [6/8/2017 12:03] [PECAH SATUAN PRODUK] REDUCE QTY [CAT-SH] AMT [1]
[ADMIN] [6/8/2017 12:03] [PECAH SATUAN PRODUK] INSERT TO PRODUCT EXPIRY [CAT-SHB]
[] [6/8/2017 13:56] [] USER = ADMIN IS ACTIVE
[ADMIN] [6/8/2017 13:56] [] USER ID = 1 LOGIN SUCCESSFULLY
[ADMIN] [6/8/2017 13:56] [] ACTIVATE USER ACCESS RIGHT
[ADMIN] [6/8/2017 13:56] [] DISPLAY ADMIN FORM
[ADMIN] [6/8/2017 13:56] [] adminForm Load
[ADMIN] [6/8/2017 13:56] [] ACTIVATE USER ACCESS RIGHT
[ADMIN] [6/8/2017 13:57] [TAMBAH / UPDATE PRODUK] deleteCurrentRow [0]
[ADMIN] [6/8/2017 13:57] [TAMBAH / UPDATE PRODUK] deleteCurrentRow [1]
[ADMIN] [6/8/2017 13:57] [TAMBAH / UPDATE PRODUK] DETAIL PRODUK : detailGridView_CellValueChanged [lotID]
[ADMIN] [6/8/2017 13:57] [TAMBAH / UPDATE PRODUK] DETAIL PRODUK : detailGridView_CellValueChanged [qty]
[ADMIN] [6/8/2017 13:58] [TAMBAH / UPDATE PRODUK] deleteCurrentRow [0]
[ADMIN] [6/8/2017 13:58] [TAMBAH / UPDATE PRODUK] deleteCurrentRow [1]
[ADMIN] [6/8/2017 13:58] [TAMBAH / UPDATE PRODUK] DETAIL PRODUK : detailGridView_CellValueChanged [lotID]
[ADMIN] [6/8/2017 13:58] [TAMBAH / UPDATE PRODUK] DETAIL PRODUK : detailGridView_CellValueChanged [qty]
[ADMIN] [6/8/2017 13:58] [TAMBAH / UPDATE PRODUK] INSERT TO PRODUCT EXPIRY [29-03-2018]
[ADMIN] [6/8/2017 13:58] [TAMBAH / UPDATE PRODUK] DELETE PRODUCT EXPIRY [2298]
[ADMIN] [6/8/2017 13:58] [TAMBAH / UPDATE PRODUK] DELETE PRODUCT EXPIRY [4959]
[ADMIN] [6/8/2017 13:58] [TAMBAH / UPDATE PRODUK] DELETE PRODUCT EXPIRY [2298]
[ADMIN] [6/8/2017 13:58] [TAMBAH / UPDATE PRODUK] DELETE PRODUCT EXPIRY [4959]
[ADMIN] [6/8/2017 13:58] [TAMBAH / UPDATE PRODUK] UPDATE CURRENT PRODUCT DATA [ALPO-P1]
[ADMIN] [6/8/2017 13:58] [TAMBAH / UPDATE PRODUK] UPDATE PRODUCT CATEGORY FOR [ALPO-P1]
[ADMIN] [6/8/2017 13:58] [TAMBAH / UPDATE PRODUK] DELETE CURRENT PRODUCT CATEGORY FOR [ALPO-P1]
[ADMIN] [6/8/2017 13:58] [TAMBAH / UPDATE PRODUK] INSERT PRODUCT CATEGORY FOR [ALPO-P1]
[] [6/8/2017 14:00] [] USER = ADMIN IS ACTIVE
[ADMIN] [6/8/2017 14:00] [] USER ID = 1 LOGIN SUCCESSFULLY
[ADMIN] [6/8/2017 14:00] [] ACTIVATE USER ACCESS RIGHT
[ADMIN] [6/8/2017 14:00] [] DISPLAY ADMIN FORM
[ADMIN] [6/8/2017 14:00] [] adminForm Load
[ADMIN] [6/8/2017 14:00] [] ACTIVATE USER ACCESS RIGHT
[ADMIN] [6/8/2017 14:00] [TAMBAH / UPDATE PRODUK] deleteCurrentRow [0]
[ADMIN] [6/8/2017 14:00] [TAMBAH / UPDATE PRODUK] DETAIL PRODUK : detailGridView_CellValueChanged [lotID]
[ADMIN] [6/8/2017 14:00] [TAMBAH / UPDATE PRODUK] DETAIL PRODUK : detailGridView_CellValueChanged [qty]
[ADMIN] [6/8/2017 14:01] [] USER ID = 1LOGOUT
[] [6/8/2017 14:01] [] USER = ADMIN IS ACTIVE
[ADMIN] [6/8/2017 14:01] [] USER ID = 1 LOGIN SUCCESSFULLY
[ADMIN] [6/8/2017 14:01] [] ACTIVATE USER ACCESS RIGHT
[ADMIN] [6/8/2017 14:01] [] DISPLAY ADMIN FORM
[ADMIN] [6/8/2017 14:01] [] adminForm Load
[ADMIN] [6/8/2017 14:01] [] ACTIVATE USER ACCESS RIGHT
[ADMIN] [6/8/2017 14:02] [TAMBAH / UPDATE PRODUK] deleteCurrentRow [0]
[ADMIN] [6/8/2017 14:02] [TAMBAH / UPDATE PRODUK] DETAIL PRODUK : detailGridView_CellValueChanged [lotID]
[ADMIN] [6/8/2017 14:02] [TAMBAH / UPDATE PRODUK] DETAIL PRODUK : detailGridView_CellValueChanged [qty]
[] [6/8/2017 14:02] [] USER = ADMIN IS ACTIVE
[ADMIN] [6/8/2017 14:02] [] USER ID = 1 LOGIN SUCCESSFULLY
[ADMIN] [6/8/2017 14:02] [] ACTIVATE USER ACCESS RIGHT
[ADMIN] [6/8/2017 14:02] [] DISPLAY ADMIN FORM
[ADMIN] [6/8/2017 14:02] [] adminForm Load
[ADMIN] [6/8/2017 14:02] [] ACTIVATE USER ACCESS RIGHT
[ADMIN] [6/8/2017 14:03] [TAMBAH / UPDATE PRODUK] deleteCurrentRow [0]
[] [6/8/2017 14:04] [] USER = ADMIN IS ACTIVE
[ADMIN] [6/8/2017 14:04] [] USER ID = 1 LOGIN SUCCESSFULLY
[ADMIN] [6/8/2017 14:04] [] ACTIVATE USER ACCESS RIGHT
[ADMIN] [6/8/2017 14:04] [] DISPLAY ADMIN FORM
[ADMIN] [6/8/2017 14:04] [] adminForm Load
[ADMIN] [6/8/2017 14:04] [] ACTIVATE USER ACCESS RIGHT
[ADMIN] [6/8/2017 14:04] [TAMBAH / UPDATE PRODUK] deleteCurrentRow [0]
[ADMIN] [6/8/2017 14:04] [TAMBAH / UPDATE PRODUK] DETAIL PRODUK : detailGridView_CellValueChanged [lotID]
[ADMIN] [6/8/2017 14:04] [TAMBAH / UPDATE PRODUK] DETAIL PRODUK : detailGridView_CellValueChanged [qty]
[ADMIN] [6/8/2017 14:04] [] USER ID = 1LOGOUT
