[] [2/7/2017 11:57] [] USER = ADMIN IS ACTIVE
[ADMIN] [2/7/2017 11:57] [] USER ID = 1 LOGIN SUCCESSFULLY
[ADMIN] [2/7/2017 11:57] [] ACTIVATE USER ACCESS RIGHT
[ADMIN] [2/7/2017 11:57] [] DISPLAY ADMIN FORM
[ADMIN] [2/7/2017 11:57] [] adminForm Load
[ADMIN] [2/7/2017 11:57] [] ACTIVATE USER ACCESS RIGHT
[ADMIN] [2/7/2017 12:00] [] CREATE CHANGE PASSWORD FORM UID[1]
[ADMIN] [2/7/2017 12:00] [] UPDATE NEW PASSWORD [admin123]
[ADMIN] [2/7/2017 12:00] [] UPDATE NEW PASSWORD [admin]
[ADMIN] [2/7/2017 12:00] [] CREATE DATA GROUP FORM MODULE_ID [2]
[ADMIN] [2/7/2017 12:00] [] CREATE DATA GROUP DETAIL FORM, GROUP USER ID [1]
[ADMIN] [2/7/2017 12:01] [] CREATE DATA GROUP FORM MODULE_ID [51]
[ADMIN] [2/7/2017 12:01] [] CREATE DATA GROUP ACCESS MODULE FORM, GROUP USER ID [1]
[ADMIN] [2/7/2017 12:01] [] USER ID = 1LOGOUT
[ADMIN] [2/7/2017 12:01] [] USER = ADMIN IS ACTIVE
[ADMIN] [2/7/2017 12:01] [] USER ID = 1 LOGIN SUCCESSFULLY
[ADMIN] [2/7/2017 12:01] [] ACTIVATE USER ACCESS RIGHT
[ADMIN] [2/7/2017 12:01] [] DISPLAY ADMIN FORM
[ADMIN] [2/7/2017 12:01] [] adminForm Load
[ADMIN] [2/7/2017 12:01] [] ACTIVATE USER ACCESS RIGHT
[] [2/7/2017 12:29] [] USER = ADMIN IS ACTIVE
[ADMIN] [2/7/2017 12:29] [] USER ID = 1 LOGIN SUCCESSFULLY
[ADMIN] [2/7/2017 12:29] [] ACTIVATE USER ACCESS RIGHT
[ADMIN] [2/7/2017 12:29] [] DISPLAY ADMIN FORM
[ADMIN] [2/7/2017 12:29] [] adminForm Load
[ADMIN] [2/7/2017 12:29] [] ACTIVATE USER ACCESS RIGHT
[ADMIN] [2/7/2017 12:29] [] CREATE DATA GROUP FORM MODULE_ID [51]
[ADMIN] [2/7/2017 12:29] [] CREATE DATA GROUP ACCESS MODULE FORM, GROUP USER ID [1]
[ADMIN] [2/7/2017 13:41] [TAMBAH / UPDATE PRODUK] UPDATE CURRENT PRODUCT DATA [ALPO-P1]
[ADMIN] [2/7/2017 13:41] [TAMBAH / UPDATE PRODUK] UPDATE PRODUCT CATEGORY FOR [ALPO-P1]
[ADMIN] [2/7/2017 13:41] [TAMBAH / UPDATE PRODUK] DELETE CURRENT PRODUCT CATEGORY FOR [ALPO-P1]
[ADMIN] [2/7/2017 13:41] [TAMBAH / UPDATE PRODUK] INSERT PRODUCT CATEGORY FOR [ALPO-P1]
[ADMIN] [2/7/2017 13:41] [PENERIMAAN BARANG] INSERT TO PRODUCT EXPIRY [ALPO-P1]
[ADMIN] [2/7/2017 13:42] [] CREATE CHANGE PASSWORD FORM UID[1]
[ADMIN] [2/7/2017 13:44] [] USER ID = 1LOGOUT
[ADMIN] [2/7/2017 13:44] [] USER = ADMIN IS ACTIVE
[ADMIN] [2/7/2017 13:44] [] USER ID = 1 LOGIN SUCCESSFULLY
[ADMIN] [2/7/2017 13:45] [] ACTIVATE USER ACCESS RIGHT
[ADMIN] [2/7/2017 13:45] [] DISPLAY ADMIN FORM
[ADMIN] [2/7/2017 13:45] [] adminForm Load
[ADMIN] [2/7/2017 13:45] [] ACTIVATE USER ACCESS RIGHT
[ADMIN] [2/7/2017 13:45] [] CREATE DATA USER DETAIL FORM, UID [2]
[ADMIN] [2/7/2017 13:45] [] CREATE DATA GROUP FORM MODULE_ID [59] FROM DATA USER DETAIL FORM
[ADMIN] [2/7/2017 13:45] [] SET USER DETAIL SELECTED GROUP ID [2]
[ADMIN] [2/7/2017 13:45] [] USER ID = 1LOGOUT
[ADMIN] [2/7/2017 13:45] [] USER = KASIR IS ACTIVE
[KASIR] [2/7/2017 13:45] [] USER ID = 3 LOGIN SUCCESSFULLY
[KASIR] [2/7/2017 13:45] [] DISPLAY CASHIER LOGIN FORM
[KASIR] [2/7/2017 13:45] [] DISPLAY CASHIER LOG SCREEN FOR CASHIER LOGIN
[KASIR] [2/7/2017 13:46] [] INSERT DATA FOR A NEW CASHIER SESSION, SA=10000
[KASIR] [2/7/2017 13:46] [] ACTIVATE USER ACCESS RIGHT
[KASIR] [2/7/2017 13:46] [] adminForm Load
[KASIR] [2/7/2017 13:46] [] ACTIVATE USER ACCESS RIGHT
[KASIR] [2/7/2017 13:46] [] DISPLAY CASHIER LOG SCREEN FOR CASHIER LOGOUT
[KASIR] [2/7/2017 13:46] [] UPDATE DATA FOR CASHIER END SESSION, EA=  10000, TC = 0, TN=0, TO=0
[KASIR] [2/7/2017 13:46] [] USER ID = 3LOGOUT
[KASIR] [2/7/2017 13:47] [] USER = ADMIN IS ACTIVE
[ADMIN] [2/7/2017 13:47] [] USER ID = 1 LOGIN SUCCESSFULLY
[ADMIN] [2/7/2017 13:47] [] ACTIVATE USER ACCESS RIGHT
[ADMIN] [2/7/2017 13:47] [] DISPLAY ADMIN FORM
[ADMIN] [2/7/2017 13:47] [] adminForm Load
[ADMIN] [2/7/2017 13:47] [] ACTIVATE USER ACCESS RIGHT
[ADMIN] [2/7/2017 13:48] [] USER ID = 1LOGOUT
