[] [1/20/2017 10:55] [] USER = ADMIN IS ACTIVE
[ADMIN] [1/20/2017 10:55] [] USER ID = 1 LOGIN SUCCESSFULLY
[ADMIN] [1/20/2017 10:55] [] ACTIVATE USER ACCESS RIGHT
[ADMIN] [1/20/2017 10:55] [] DISPLAY ADMIN FORM
[ADMIN] [1/20/2017 10:55] [] adminForm Load
[ADMIN] [1/20/2017 10:55] [] ACTIVATE USER ACCESS RIGHT
[ADMIN] [1/20/2017 11:05] [PENJUALAN] CASHIER FORM : MULTIPLE CASHIER INSTANCE [1]
[ADMIN] [1/20/2017 11:05] [PENJUALAN] CASHIER FORM : REGISTER HOTKEY
[ADMIN] [1/20/2017 11:05] [PENJUALAN] CASHIER FORM : cashierForm_Load, ATTEMPT TO LOAD NO FAKTUR
[ADMIN] [1/20/2017 11:05] [PENJUALAN] CASHIER FORM : loadNoFaktur, noFakturValue [SLO001]
[ADMIN] [1/20/2017 11:05] [PENJUALAN] CASHIER FORM : cashierForm_Load, ATTEMPT TO addColumnToDataGrid
[ADMIN] [1/20/2017 11:05] [PENJUALAN] CASHIER FORM : UPDATE ROW NUMBER, TOTAL ROW [1]
[ADMIN] [1/20/2017 11:05] [PENJUALAN] CASHIER FORM : calculateTotal
[ADMIN] [1/20/2017 11:05] [PENJUALAN] CASHIER FORM : calculateTotal [0]
[ADMIN] [1/20/2017 11:05] [PENJUALAN] CASHIER FORM : calculateTotal, totalAfterDisc [0]
[ADMIN] [1/20/2017 11:05] [PENJUALAN] CASHIER FORM : calculateChangeValue, bayarTextBox.Text [0]
[ADMIN] [1/20/2017 11:05] [PENJUALAN] CASHIER FORM : calculateChangeValue, sisaBayar [0]
[ADMIN] [1/20/2017 11:05] [PENJUALAN] CASHIER FORM : REGISTER HOTKEY
[ADMIN] [1/20/2017 11:06] [PENJUALAN] CASHIER FORM : Combobox_previewKeyDown, cashierDataGridView.CurrentCell.OwningColumn.Name  [productID]
[ADMIN] [1/20/2017 11:06] [PENJUALAN] CASHIER FORM : UPDATE ROW NUMBER, TOTAL ROW [2]
[ADMIN] [1/20/2017 11:06] [PENJUALAN] CASHIER FORM : cashierDataGridView_CellValueChanged [F8]
[ADMIN] [1/20/2017 11:06] [PENJUALAN] CASHIER FORM : cashierDataGridView_CellValueChanged [productID]
[ADMIN] [1/20/2017 11:06] [PENJUALAN] CASHIER FORM : Combobox_KeyUp, cashierDataGridView.CurrentCell.OwningColumn.Name  [productID]
[ADMIN] [1/20/2017 11:06] [PENJUALAN] CASHIER FORM : Combobox_previewKeyDown, cashierDataGridView.CurrentCell.OwningColumn.Name  [productID]
[ADMIN] [1/20/2017 11:06] [PENJUALAN] CASHIER FORM : cashierDataGridView_CellValueChanged [productID]
[ADMIN] [1/20/2017 11:06] [PENJUALAN] CASHIER FORM : Combobox_KeyUp, cashierDataGridView.CurrentCell.OwningColumn.Name  [productID]
[ADMIN] [1/20/2017 11:06] [PENJUALAN] CASHIER FORM : Combobox_previewKeyDown, cashierDataGridView.CurrentCell.OwningColumn.Name  [productID]
[ADMIN] [1/20/2017 11:06] [PENJUALAN] CASHIER FORM : cashierDataGridView_CellValueChanged [productID]
[ADMIN] [1/20/2017 11:06] [PENJUALAN] CASHIER FORM : Combobox_KeyUp, cashierDataGridView.CurrentCell.OwningColumn.Name  [productID]
[ADMIN] [1/20/2017 11:06] [PENJUALAN] CASHIER FORM : Combobox_previewKeyDown, cashierDataGridView.CurrentCell.OwningColumn.Name  [productID]
[ADMIN] [1/20/2017 11:06] [PENJUALAN] CASHIER FORM : Combobox_KeyUp, cashierDataGridView.CurrentCell.OwningColumn.Name  [productID]
[ADMIN] [1/20/2017 11:06] [PENJUALAN] CASHIER FORM : Combobox_previewKeyDown, cashierDataGridView.CurrentCell.OwningColumn.Name  [productID]
[ADMIN] [1/20/2017 11:06] [PENJUALAN] CASHIER FORM : Combobox_KeyUp, cashierDataGridView.CurrentCell.OwningColumn.Name  [productID]
[ADMIN] [1/20/2017 11:06] [PENJUALAN] CASHIER FORM : Combobox_previewKeyDown, cashierDataGridView.CurrentCell.OwningColumn.Name  [productID]
[ADMIN] [1/20/2017 11:06] [PENJUALAN] CASHIER FORM : cashierDataGridView_CellValueChanged [productID]
[ADMIN] [1/20/2017 11:06] [PENJUALAN] CASHIER FORM : Combobox_KeyUp, cashierDataGridView.CurrentCell.OwningColumn.Name  [productID]
[ADMIN] [1/20/2017 11:06] [PENJUALAN] CASHIER FORM : Combobox_previewKeyDown, cashierDataGridView.CurrentCell.OwningColumn.Name  [productID]
[ADMIN] [1/20/2017 11:06] [PENJUALAN] CASHIER FORM : UNREGISTER HOTKEY
[ADMIN] [1/20/2017 11:06] [PENJUALAN] CASHIER FORM : ADD NEW ROW FROM BARCODE [PRODUK 11 JAN]
[ADMIN] [1/20/2017 11:06] [PENJUALAN] CASHIER FORM : updateSomeRowContents
[ADMIN] [1/20/2017 11:06] [PENJUALAN] CASHIER FORM : cashierDataGridView_CellValueChanged [productID]
[ADMIN] [1/20/2017 11:06] [PENJUALAN] CASHIER FORM : cashierDataGridView_CellValueChanged [productName]
[ADMIN] [1/20/2017 11:06] [PENJUALAN] CASHIER FORM : updateSomeRowContents
[ADMIN] [1/20/2017 11:06] [PENJUALAN] CASHIER FORM : PRODUCT PRICE TYPE [PRODUCT_BASE_PRICE]
[ADMIN] [1/20/2017 11:06] [PENJUALAN] CASHIER FORM : PRODUCT PRICE [10000]
[ADMIN] [1/20/2017 11:06] [PENJUALAN] CASHIER FORM : ComboBox_SelectedIndexChanged, PRODUCT_BASE_PRICE [10000]
[ADMIN] [1/20/2017 11:06] [PENJUALAN] CASHIER FORM : cashierDataGridView_CellValueChanged [hpp]
[ADMIN] [1/20/2017 11:06] [PENJUALAN] CASHIER FORM : PRODUCT PRICE TYPE [PRODUCT_RETAIL_PRICE]
[ADMIN] [1/20/2017 11:06] [PENJUALAN] CASHIER FORM : PRODUCT PRICE [15000]
[ADMIN] [1/20/2017 11:06] [PENJUALAN] CASHIER FORM : ComboBox_SelectedIndexChanged, PRODUCT_SALES_PRICE [15000]
[ADMIN] [1/20/2017 11:06] [PENJUALAN] CASHIER FORM : cashierDataGridView_CellValueChanged [productPrice]
[ADMIN] [1/20/2017 11:06] [PENJUALAN] CASHIER FORM : cashierDataGridView_CellValueChanged, previousInput [0]
[ADMIN] [1/20/2017 11:06] [PENJUALAN] CASHIER FORM : cashierDataGridView_CellValueChanged, cellValue [15000]
[ADMIN] [1/20/2017 11:06] [PENJUALAN] CASHIER FORM : cashierDataGridView_CellValueChanged, dataGridViewTextBoxEditingControl.Text pass REGEX Checking
[ADMIN] [1/20/2017 11:06] [PENJUALAN] CASHIER FORM : CALCULATE SUBTOTAL
[ADMIN] [1/20/2017 11:06] [PENJUALAN] CASHIER FORM : SUBTOTAL [0]
[ADMIN] [1/20/2017 11:06] [PENJUALAN] CASHIER FORM : cashierDataGridView_CellValueChanged, subtotal value [0]
[ADMIN] [1/20/2017 11:06] [PENJUALAN] CASHIER FORM : cashierDataGridView_CellValueChanged, attempt to calculate total value
[ADMIN] [1/20/2017 11:06] [PENJUALAN] CASHIER FORM : calculateTotal
[ADMIN] [1/20/2017 11:06] [PENJUALAN] CASHIER FORM : calculateTotal [0]
[ADMIN] [1/20/2017 11:06] [PENJUALAN] CASHIER FORM : calculateTotal, totalAfterDisc [0]
[ADMIN] [1/20/2017 11:06] [PENJUALAN] CASHIER FORM : calculateChangeValue, bayarTextBox.Text [0]
[ADMIN] [1/20/2017 11:06] [PENJUALAN] CASHIER FORM : calculateChangeValue, sisaBayar [0]
[ADMIN] [1/20/2017 11:06] [PENJUALAN] CASHIER FORM : cashierDataGridView_CellValueChanged [qty]
[ADMIN] [1/20/2017 11:06] [PENJUALAN] CASHIER FORM : cashierDataGridView_CellValueChanged, previousInput [0]
[ADMIN] [1/20/2017 11:06] [PENJUALAN] CASHIER FORM : cashierDataGridView_CellValueChanged [jumlah]
[ADMIN] [1/20/2017 11:06] [PENJUALAN] CASHIER FORM : calculateTotal
[ADMIN] [1/20/2017 11:06] [PENJUALAN] CASHIER FORM : calculateTotal [0]
[ADMIN] [1/20/2017 11:06] [PENJUALAN] CASHIER FORM : calculateTotal, totalAfterDisc [0]
[ADMIN] [1/20/2017 11:06] [PENJUALAN] CASHIER FORM : calculateChangeValue, bayarTextBox.Text [0]
[ADMIN] [1/20/2017 11:06] [PENJUALAN] CASHIER FORM : calculateChangeValue, sisaBayar [0]
[ADMIN] [1/20/2017 11:06] [PENJUALAN] CASHIER FORM : CHECK STOCK QTY IS ENOUGH [PROD11JAN]
[ADMIN] [1/20/2017 11:06] [PENJUALAN] CASHIER FORM : CHECK STOCK QTY IS ENOUGH [166, 1]
[ADMIN] [1/20/2017 11:06] [PENJUALAN] CASHIER FORM : cashierDataGridView_CellValueChanged [qty]
[ADMIN] [1/20/2017 11:06] [PENJUALAN] CASHIER FORM : cashierDataGridView_CellValueChanged, previousInput [0]
[ADMIN] [1/20/2017 11:06] [PENJUALAN] CASHIER FORM : cashierDataGridView_CellValueChanged, cellValue [1]
[ADMIN] [1/20/2017 11:06] [PENJUALAN] CASHIER FORM : cashierDataGridView_CellValueChanged, dataGridViewTextBoxEditingControl.Text pass REGEX Checking
[ADMIN] [1/20/2017 11:06] [PENJUALAN] CASHIER FORM : CHECK STOCK QTY IS ENOUGH [PROD11JAN]
[ADMIN] [1/20/2017 11:06] [PENJUALAN] CASHIER FORM : CHECK STOCK QTY IS ENOUGH [166, 1]
[ADMIN] [1/20/2017 11:06] [PENJUALAN] CASHIER FORM : CALCULATE SUBTOTAL
[ADMIN] [1/20/2017 11:06] [PENJUALAN] CASHIER FORM : SUBTOTAL [15000]
[ADMIN] [1/20/2017 11:06] [PENJUALAN] CASHIER FORM : cashierDataGridView_CellValueChanged, subtotal value [15000]
[ADMIN] [1/20/2017 11:06] [PENJUALAN] CASHIER FORM : cashierDataGridView_CellValueChanged, attempt to calculate total value
[ADMIN] [1/20/2017 11:06] [PENJUALAN] CASHIER FORM : calculateTotal
[ADMIN] [1/20/2017 11:06] [PENJUALAN] CASHIER FORM : calculateTotal [15000]
[ADMIN] [1/20/2017 11:06] [PENJUALAN] CASHIER FORM : calculateTotal, totalAfterDisc [15000]
[ADMIN] [1/20/2017 11:06] [PENJUALAN] CASHIER FORM : calculateChangeValue, bayarTextBox.Text [0]
[ADMIN] [1/20/2017 11:06] [PENJUALAN] CASHIER FORM : calculateChangeValue, sisaBayar [0]
[ADMIN] [1/20/2017 11:06] [PENJUALAN] CASHIER FORM : SET QTY TO 1 BECAUSE OF NEW ROW
[ADMIN] [1/20/2017 11:06] [PENJUALAN] CASHIER FORM : CALCULATE SUBTOTAL
[ADMIN] [1/20/2017 11:06] [PENJUALAN] CASHIER FORM : SUBTOTAL [15000]
[ADMIN] [1/20/2017 11:06] [PENJUALAN] CASHIER FORM : calculateTotal
[ADMIN] [1/20/2017 11:06] [PENJUALAN] CASHIER FORM : calculateTotal [15000]
[ADMIN] [1/20/2017 11:06] [PENJUALAN] CASHIER FORM : calculateTotal, totalAfterDisc [15000]
[ADMIN] [1/20/2017 11:06] [PENJUALAN] CASHIER FORM : calculateChangeValue, bayarTextBox.Text [0]
[ADMIN] [1/20/2017 11:06] [PENJUALAN] CASHIER FORM : calculateChangeValue, sisaBayar [0]
[ADMIN] [1/20/2017 11:06] [PENJUALAN] CASHIER FORM : UPDATE ROW NUMBER, TOTAL ROW [2]
[ADMIN] [1/20/2017 11:06] [PENJUALAN] CASHIER FORM : cashierDataGridView_CellValueChanged [F8]
[ADMIN] [1/20/2017 11:06] [PENJUALAN] CASHIER FORM : REGISTER HOTKEY
[ADMIN] [1/20/2017 11:06] [PENJUALAN] CASHIER FORM : UNREGISTER HOTKEY
[ADMIN] [1/20/2017 11:09] [PENJUALAN] CASHIER FORM : REGISTER HOTKEY
[ADMIN] [1/20/2017 11:09] [PENJUALAN] CASHIER FORM : Combobox_KeyUp, cashierDataGridView.CurrentCell.OwningColumn.Name  [productPrice]
[ADMIN] [1/20/2017 11:09] [PENJUALAN] CASHIER FORM : Combobox_KeyUp, cashierDataGridView.CurrentCell.OwningColumn.Name  [productPrice]
[ADMIN] [1/20/2017 11:09] [PENJUALAN] CASHIER FORM : Combobox_KeyUp, cashierDataGridView.CurrentCell.OwningColumn.Name  [productPrice]
[ADMIN] [1/20/2017 11:09] [PENJUALAN] CASHIER FORM : Combobox_KeyUp, cashierDataGridView.CurrentCell.OwningColumn.Name  [productPrice]
[ADMIN] [1/20/2017 11:09] [PENJUALAN] CASHIER FORM : cashierDataGridView_CellValueChanged [qty]
[ADMIN] [1/20/2017 11:09] [PENJUALAN] CASHIER FORM : cashierDataGridView_CellValueChanged, previousInput [1]
[ADMIN] [1/20/2017 11:09] [PENJUALAN] CASHIER FORM : cashierDataGridView_CellValueChanged, dataGridViewTextBoxEditingControl.Text pass REGEX Checking
[ADMIN] [1/20/2017 11:09] [PENJUALAN] CASHIER FORM : CHECK STOCK QTY IS ENOUGH [PROD11JAN]
[ADMIN] [1/20/2017 11:09] [PENJUALAN] CASHIER FORM : CHECK STOCK QTY IS ENOUGH [166, 2]
[ADMIN] [1/20/2017 11:09] [PENJUALAN] CASHIER FORM : CALCULATE SUBTOTAL
[ADMIN] [1/20/2017 11:09] [PENJUALAN] CASHIER FORM : SUBTOTAL [30000]
[ADMIN] [1/20/2017 11:09] [PENJUALAN] CASHIER FORM : cashierDataGridView_CellValueChanged, subtotal value [30000]
[ADMIN] [1/20/2017 11:09] [PENJUALAN] CASHIER FORM : cashierDataGridView_CellValueChanged, attempt to calculate total value
[ADMIN] [1/20/2017 11:09] [PENJUALAN] CASHIER FORM : calculateTotal
[ADMIN] [1/20/2017 11:09] [PENJUALAN] CASHIER FORM : calculateTotal [30000]
[ADMIN] [1/20/2017 11:09] [PENJUALAN] CASHIER FORM : calculateTotal, totalAfterDisc [30000]
[ADMIN] [1/20/2017 11:09] [PENJUALAN] CASHIER FORM : calculateChangeValue, bayarTextBox.Text [0]
[ADMIN] [1/20/2017 11:09] [PENJUALAN] CASHIER FORM : calculateChangeValue, sisaBayar [0]
[ADMIN] [1/20/2017 11:09] [PENJUALAN] CASHIER FORM : Combobox_KeyUp, cashierDataGridView.CurrentCell.OwningColumn.Name  [qty]
[ADMIN] [1/20/2017 11:09] [PENJUALAN] CASHIER FORM : cashierDataGridView_CellValueChanged [qty]
[ADMIN] [1/20/2017 11:09] [PENJUALAN] CASHIER FORM : cashierDataGridView_CellValueChanged, previousInput [2]
[ADMIN] [1/20/2017 11:09] [PENJUALAN] CASHIER FORM : cashierDataGridView_CellValueChanged, dataGridViewTextBoxEditingControl.Text pass REGEX Checking
[ADMIN] [1/20/2017 11:09] [PENJUALAN] CASHIER FORM : CHECK STOCK QTY IS ENOUGH [PROD11JAN]
[ADMIN] [1/20/2017 11:09] [PENJUALAN] CASHIER FORM : CHECK STOCK QTY IS ENOUGH [166, 20]
[ADMIN] [1/20/2017 11:09] [PENJUALAN] CASHIER FORM : CALCULATE SUBTOTAL
[ADMIN] [1/20/2017 11:09] [PENJUALAN] CASHIER FORM : SUBTOTAL [300000]
[ADMIN] [1/20/2017 11:09] [PENJUALAN] CASHIER FORM : cashierDataGridView_CellValueChanged, subtotal value [300000]
[ADMIN] [1/20/2017 11:09] [PENJUALAN] CASHIER FORM : cashierDataGridView_CellValueChanged, attempt to calculate total value
[ADMIN] [1/20/2017 11:09] [PENJUALAN] CASHIER FORM : calculateTotal
[ADMIN] [1/20/2017 11:09] [PENJUALAN] CASHIER FORM : calculateTotal [300000]
[ADMIN] [1/20/2017 11:09] [PENJUALAN] CASHIER FORM : calculateTotal, totalAfterDisc [300000]
[ADMIN] [1/20/2017 11:09] [PENJUALAN] CASHIER FORM : calculateChangeValue, bayarTextBox.Text [0]
[ADMIN] [1/20/2017 11:09] [PENJUALAN] CASHIER FORM : calculateChangeValue, sisaBayar [0]
[ADMIN] [1/20/2017 11:09] [PENJUALAN] CASHIER FORM : Combobox_KeyUp, cashierDataGridView.CurrentCell.OwningColumn.Name  [qty]
[ADMIN] [1/20/2017 11:09] [PENJUALAN] CASHIER FORM : UNREGISTER HOTKEY
[ADMIN] [1/20/2017 11:10] [PENJUALAN] CASHIER FORM : REGISTER HOTKEY
[ADMIN] [1/20/2017 11:10] [PENJUALAN] CASHIER FORM : DISPLAY PELANGGAN FORM
[ADMIN] [1/20/2017 11:10] [PENJUALAN] CASHIER FORM : UNREGISTER HOTKEY
[ADMIN] [1/20/2017 11:10] [PENJUALAN] CASHIER FORM : SELECTED CUSTOMER ID [352]
[ADMIN] [1/20/2017 11:10] [PENJUALAN] CASHIER FORM : ATTEMPT TO SET CUSTOMER PROFILE
[ADMIN] [1/20/2017 11:10] [PENJUALAN] CASHIER FORM : SET CUSTOMER PROFILE [PELANGGAN_12JAN]
[ADMIN] [1/20/2017 11:10] [PENJUALAN] CASHIER FORM : CUSTOMER GROUP [P-UMUM [ECER]]
[ADMIN] [1/20/2017 11:10] [PENJUALAN] CASHIER FORM : FINISHED SET CUSTOMER PROFILE
[ADMIN] [1/20/2017 11:10] [PENJUALAN] CASHIER FORM : ATTEMPT TO REFRESH PRODUCT PRICE
[ADMIN] [1/20/2017 11:10] [PENJUALAN] CASHIER FORM : PRODUCT PRICE TYPE [PRODUCT_RETAIL_PRICE]
[ADMIN] [1/20/2017 11:10] [PENJUALAN] CASHIER FORM : PRODUCT PRICE [15000]
[ADMIN] [1/20/2017 11:10] [PENJUALAN] CASHIER FORM : CHECK IF THERE'S ANY ENTRY IN THE PRODUCT DISC
[ADMIN] [1/20/2017 11:10] [PENJUALAN] CASHIER FORM : ENTRY IN THE PRODUCT DISC FOUND, RETRIEVE THE DISC VALUE
[ADMIN] [1/20/2017 11:10] [PENJUALAN] CASHIER FORM : cashierDataGridView_CellValueChanged [disc1]
[ADMIN] [1/20/2017 11:10] [PENJUALAN] CASHIER FORM : cashierDataGridView_CellValueChanged, previousInput [0]
[ADMIN] [1/20/2017 11:10] [PENJUALAN] CASHIER FORM : cashierDataGridView_CellValueChanged, cellValue [10]
[ADMIN] [1/20/2017 11:10] [PENJUALAN] CASHIER FORM : cashierDataGridView_CellValueChanged, dataGridViewTextBoxEditingControl.Text pass REGEX Checking
[ADMIN] [1/20/2017 11:10] [PENJUALAN] CASHIER FORM : CALCULATE SUBTOTAL
[ADMIN] [1/20/2017 11:10] [PENJUALAN] CASHIER FORM : SUBTOTAL [270000]
[ADMIN] [1/20/2017 11:10] [PENJUALAN] CASHIER FORM : cashierDataGridView_CellValueChanged, subtotal value [270000]
[ADMIN] [1/20/2017 11:10] [PENJUALAN] CASHIER FORM : cashierDataGridView_CellValueChanged, attempt to calculate total value
[ADMIN] [1/20/2017 11:10] [PENJUALAN] CASHIER FORM : calculateTotal
[ADMIN] [1/20/2017 11:10] [PENJUALAN] CASHIER FORM : calculateTotal [270000]
[ADMIN] [1/20/2017 11:10] [PENJUALAN] CASHIER FORM : calculateTotal, totalAfterDisc [270000]
[ADMIN] [1/20/2017 11:10] [PENJUALAN] CASHIER FORM : calculateChangeValue, bayarTextBox.Text [0]
[ADMIN] [1/20/2017 11:10] [PENJUALAN] CASHIER FORM : calculateChangeValue, sisaBayar [0]
[ADMIN] [1/20/2017 11:10] [PENJUALAN] CASHIER FORM : cashierDataGridView_CellValueChanged [disc2]
[ADMIN] [1/20/2017 11:10] [PENJUALAN] CASHIER FORM : cashierDataGridView_CellValueChanged, previousInput [0]
[ADMIN] [1/20/2017 11:10] [PENJUALAN] CASHIER FORM : cashierDataGridView_CellValueChanged, cellValue [20]
[ADMIN] [1/20/2017 11:10] [PENJUALAN] CASHIER FORM : cashierDataGridView_CellValueChanged, dataGridViewTextBoxEditingControl.Text pass REGEX Checking
[ADMIN] [1/20/2017 11:10] [PENJUALAN] CASHIER FORM : CALCULATE SUBTOTAL
[ADMIN] [1/20/2017 11:10] [PENJUALAN] CASHIER FORM : SUBTOTAL [216000]
[ADMIN] [1/20/2017 11:10] [PENJUALAN] CASHIER FORM : cashierDataGridView_CellValueChanged, subtotal value [216000]
[ADMIN] [1/20/2017 11:10] [PENJUALAN] CASHIER FORM : cashierDataGridView_CellValueChanged, attempt to calculate total value
[ADMIN] [1/20/2017 11:10] [PENJUALAN] CASHIER FORM : calculateTotal
[ADMIN] [1/20/2017 11:10] [PENJUALAN] CASHIER FORM : calculateTotal [216000]
[ADMIN] [1/20/2017 11:10] [PENJUALAN] CASHIER FORM : calculateTotal, totalAfterDisc [216000]
[ADMIN] [1/20/2017 11:10] [PENJUALAN] CASHIER FORM : calculateChangeValue, bayarTextBox.Text [0]
[ADMIN] [1/20/2017 11:10] [PENJUALAN] CASHIER FORM : calculateChangeValue, sisaBayar [0]
[ADMIN] [1/20/2017 11:10] [PENJUALAN] CASHIER FORM : cashierDataGridView_CellValueChanged [discRP]
[ADMIN] [1/20/2017 11:10] [PENJUALAN] CASHIER FORM : cashierDataGridView_CellValueChanged, previousInput [0]
[ADMIN] [1/20/2017 11:10] [PENJUALAN] CASHIER FORM : DISC FOUND [10, 20, 0]
[ADMIN] [1/20/2017 11:10] [PENJUALAN] CASHIER FORM : CALCULATE SUBTOTAL
[ADMIN] [1/20/2017 11:10] [PENJUALAN] CASHIER FORM : SUBTOTAL [216000]
[ADMIN] [1/20/2017 11:10] [PENJUALAN] CASHIER FORM : calculateTotal
[ADMIN] [1/20/2017 11:10] [PENJUALAN] CASHIER FORM : calculateTotal [216000]
[ADMIN] [1/20/2017 11:10] [PENJUALAN] CASHIER FORM : calculateTotal, totalAfterDisc [216000]
[ADMIN] [1/20/2017 11:10] [PENJUALAN] CASHIER FORM : calculateChangeValue, bayarTextBox.Text [0]
[ADMIN] [1/20/2017 11:10] [PENJUALAN] CASHIER FORM : calculateChangeValue, sisaBayar [0]
[ADMIN] [1/20/2017 11:10] [PENJUALAN] CASHIER FORM : PRODUCT PRICE REFRESHED
[ADMIN] [1/20/2017 11:10] [PENJUALAN] CASHIER FORM : REGISTER HOTKEY
[ADMIN] [1/20/2017 11:10] [PENJUALAN] CASHIER FORM : Combobox_KeyUp, cashierDataGridView.CurrentCell.OwningColumn.Name  [disc2]
[ADMIN] [1/20/2017 11:10] [PENJUALAN] CASHIER FORM : Combobox_previewKeyDown, cashierDataGridView.CurrentCell.OwningColumn.Name  [productID]
[ADMIN] [1/20/2017 11:10] [PENJUALAN] CASHIER FORM : Combobox_previewKeyDown, cashierDataGridView.CurrentCell.OwningColumn.Name  [productID]
[ADMIN] [1/20/2017 11:10] [PENJUALAN] CASHIER FORM : UPDATE ROW NUMBER, TOTAL ROW [3]
[ADMIN] [1/20/2017 11:10] [PENJUALAN] CASHIER FORM : cashierDataGridView_CellValueChanged [F8]
[ADMIN] [1/20/2017 11:10] [PENJUALAN] CASHIER FORM : cashierDataGridView_CellValueChanged [productID]
[ADMIN] [1/20/2017 11:10] [PENJUALAN] CASHIER FORM : Combobox_KeyUp, cashierDataGridView.CurrentCell.OwningColumn.Name  [productID]
[ADMIN] [1/20/2017 11:10] [PENJUALAN] CASHIER FORM : Combobox_KeyUp, cashierDataGridView.CurrentCell.OwningColumn.Name  [productID]
[ADMIN] [1/20/2017 11:10] [PENJUALAN] CASHIER FORM : Combobox_previewKeyDown, cashierDataGridView.CurrentCell.OwningColumn.Name  [productID]
[ADMIN] [1/20/2017 11:10] [PENJUALAN] CASHIER FORM : Combobox_previewKeyDown, cashierDataGridView.CurrentCell.OwningColumn.Name  [productID]
[ADMIN] [1/20/2017 11:10] [PENJUALAN] CASHIER FORM : cashierDataGridView_CellValueChanged [productID]
[ADMIN] [1/20/2017 11:10] [PENJUALAN] CASHIER FORM : Combobox_KeyUp, cashierDataGridView.CurrentCell.OwningColumn.Name  [productID]
[ADMIN] [1/20/2017 11:10] [PENJUALAN] CASHIER FORM : Combobox_KeyUp, cashierDataGridView.CurrentCell.OwningColumn.Name  [productID]
[ADMIN] [1/20/2017 11:10] [PENJUALAN] CASHIER FORM : Combobox_previewKeyDown, cashierDataGridView.CurrentCell.OwningColumn.Name  [productID]
[ADMIN] [1/20/2017 11:10] [PENJUALAN] CASHIER FORM : Combobox_previewKeyDown, cashierDataGridView.CurrentCell.OwningColumn.Name  [productID]
[ADMIN] [1/20/2017 11:10] [PENJUALAN] CASHIER FORM : cashierDataGridView_CellValueChanged [productID]
[ADMIN] [1/20/2017 11:10] [PENJUALAN] CASHIER FORM : Combobox_KeyUp, cashierDataGridView.CurrentCell.OwningColumn.Name  [productID]
[ADMIN] [1/20/2017 11:10] [PENJUALAN] CASHIER FORM : Combobox_KeyUp, cashierDataGridView.CurrentCell.OwningColumn.Name  [productID]
[ADMIN] [1/20/2017 11:10] [PENJUALAN] CASHIER FORM : Combobox_previewKeyDown, cashierDataGridView.CurrentCell.OwningColumn.Name  [productID]
[ADMIN] [1/20/2017 11:10] [PENJUALAN] CASHIER FORM : Combobox_previewKeyDown, cashierDataGridView.CurrentCell.OwningColumn.Name  [productID]
[ADMIN] [1/20/2017 11:10] [PENJUALAN] CASHIER FORM : cashierDataGridView_CellValueChanged [productID]
[ADMIN] [1/20/2017 11:10] [PENJUALAN] CASHIER FORM : Combobox_KeyUp, cashierDataGridView.CurrentCell.OwningColumn.Name  [productID]
[ADMIN] [1/20/2017 11:10] [PENJUALAN] CASHIER FORM : Combobox_KeyUp, cashierDataGridView.CurrentCell.OwningColumn.Name  [productID]
[ADMIN] [1/20/2017 11:10] [PENJUALAN] CASHIER FORM : Combobox_previewKeyDown, cashierDataGridView.CurrentCell.OwningColumn.Name  [productID]
[ADMIN] [1/20/2017 11:10] [PENJUALAN] CASHIER FORM : UNREGISTER HOTKEY
[ADMIN] [1/20/2017 11:10] [PENJUALAN] CASHIER FORM : ADD NEW ROW FROM BARCODE [PROD11JAN_1]
[ADMIN] [1/20/2017 11:10] [PENJUALAN] CASHIER FORM : updateSomeRowContents
[ADMIN] [1/20/2017 11:10] [PENJUALAN] CASHIER FORM : cashierDataGridView_CellValueChanged [productID]
[ADMIN] [1/20/2017 11:10] [PENJUALAN] CASHIER FORM : cashierDataGridView_CellValueChanged [productName]
[ADMIN] [1/20/2017 11:10] [PENJUALAN] CASHIER FORM : updateSomeRowContents
[ADMIN] [1/20/2017 11:10] [PENJUALAN] CASHIER FORM : PRODUCT PRICE TYPE [PRODUCT_BASE_PRICE]
[ADMIN] [1/20/2017 11:10] [PENJUALAN] CASHIER FORM : PRODUCT PRICE [1000]
[ADMIN] [1/20/2017 11:10] [PENJUALAN] CASHIER FORM : ComboBox_SelectedIndexChanged, PRODUCT_BASE_PRICE [1000]
[ADMIN] [1/20/2017 11:10] [PENJUALAN] CASHIER FORM : cashierDataGridView_CellValueChanged [hpp]
[ADMIN] [1/20/2017 11:10] [PENJUALAN] CASHIER FORM : PRODUCT PRICE TYPE [PRODUCT_RETAIL_PRICE]
[ADMIN] [1/20/2017 11:10] [PENJUALAN] CASHIER FORM : PRODUCT PRICE [1000]
[ADMIN] [1/20/2017 11:10] [PENJUALAN] CASHIER FORM : ComboBox_SelectedIndexChanged, PRODUCT_SALES_PRICE [1000]
[ADMIN] [1/20/2017 11:10] [PENJUALAN] CASHIER FORM : cashierDataGridView_CellValueChanged [productPrice]
[ADMIN] [1/20/2017 11:10] [PENJUALAN] CASHIER FORM : cashierDataGridView_CellValueChanged, previousInput [0]
[ADMIN] [1/20/2017 11:10] [PENJUALAN] CASHIER FORM : cashierDataGridView_CellValueChanged, cellValue [1000]
[ADMIN] [1/20/2017 11:10] [PENJUALAN] CASHIER FORM : cashierDataGridView_CellValueChanged, dataGridViewTextBoxEditingControl.Text pass REGEX Checking
[ADMIN] [1/20/2017 11:10] [PENJUALAN] CASHIER FORM : CALCULATE SUBTOTAL
[ADMIN] [1/20/2017 11:10] [PENJUALAN] CASHIER FORM : SUBTOTAL [0]
[ADMIN] [1/20/2017 11:10] [PENJUALAN] CASHIER FORM : cashierDataGridView_CellValueChanged, subtotal value [0]
[ADMIN] [1/20/2017 11:10] [PENJUALAN] CASHIER FORM : cashierDataGridView_CellValueChanged, attempt to calculate total value
[ADMIN] [1/20/2017 11:10] [PENJUALAN] CASHIER FORM : calculateTotal
[ADMIN] [1/20/2017 11:10] [PENJUALAN] CASHIER FORM : calculateTotal [216000]
[ADMIN] [1/20/2017 11:10] [PENJUALAN] CASHIER FORM : calculateTotal, totalAfterDisc [216000]
[ADMIN] [1/20/2017 11:10] [PENJUALAN] CASHIER FORM : calculateChangeValue, bayarTextBox.Text [0]
[ADMIN] [1/20/2017 11:10] [PENJUALAN] CASHIER FORM : calculateChangeValue, sisaBayar [0]
[ADMIN] [1/20/2017 11:10] [PENJUALAN] CASHIER FORM : cashierDataGridView_CellValueChanged [qty]
[ADMIN] [1/20/2017 11:10] [PENJUALAN] CASHIER FORM : cashierDataGridView_CellValueChanged, previousInput [0]
[ADMIN] [1/20/2017 11:10] [PENJUALAN] CASHIER FORM : ComboBox_SelectedIndexChanged, CHECK FOR CUST PRODUCT DISC, selectedPelangganID [352]
[ADMIN] [1/20/2017 11:10] [PENJUALAN] CASHIER FORM : cashierDataGridView_CellValueChanged [disc1]
[ADMIN] [1/20/2017 11:10] [PENJUALAN] CASHIER FORM : cashierDataGridView_CellValueChanged, previousInput [0]
[ADMIN] [1/20/2017 11:10] [PENJUALAN] CASHIER FORM : cashierDataGridView_CellValueChanged [disc2]
[ADMIN] [1/20/2017 11:10] [PENJUALAN] CASHIER FORM : cashierDataGridView_CellValueChanged, previousInput [0]
[ADMIN] [1/20/2017 11:10] [PENJUALAN] CASHIER FORM : cashierDataGridView_CellValueChanged [discRP]
[ADMIN] [1/20/2017 11:10] [PENJUALAN] CASHIER FORM : cashierDataGridView_CellValueChanged, previousInput [0]
[ADMIN] [1/20/2017 11:10] [PENJUALAN] CASHIER FORM : cashierDataGridView_CellValueChanged [jumlah]
[ADMIN] [1/20/2017 11:10] [PENJUALAN] CASHIER FORM : calculateTotal
[ADMIN] [1/20/2017 11:10] [PENJUALAN] CASHIER FORM : calculateTotal [216000]
[ADMIN] [1/20/2017 11:10] [PENJUALAN] CASHIER FORM : calculateTotal, totalAfterDisc [216000]
[ADMIN] [1/20/2017 11:10] [PENJUALAN] CASHIER FORM : calculateChangeValue, bayarTextBox.Text [0]
[ADMIN] [1/20/2017 11:10] [PENJUALAN] CASHIER FORM : calculateChangeValue, sisaBayar [0]
[ADMIN] [1/20/2017 11:10] [PENJUALAN] CASHIER FORM : CHECK STOCK QTY IS ENOUGH [PROD11JAN_1]
[ADMIN] [1/20/2017 11:10] [PENJUALAN] CASHIER FORM : CHECK STOCK QTY IS ENOUGH [989, 1]
[ADMIN] [1/20/2017 11:10] [PENJUALAN] CASHIER FORM : cashierDataGridView_CellValueChanged [qty]
[ADMIN] [1/20/2017 11:10] [PENJUALAN] CASHIER FORM : cashierDataGridView_CellValueChanged, previousInput [0]
[ADMIN] [1/20/2017 11:10] [PENJUALAN] CASHIER FORM : cashierDataGridView_CellValueChanged, cellValue [1]
[ADMIN] [1/20/2017 11:10] [PENJUALAN] CASHIER FORM : cashierDataGridView_CellValueChanged, dataGridViewTextBoxEditingControl.Text pass REGEX Checking
[ADMIN] [1/20/2017 11:10] [PENJUALAN] CASHIER FORM : CHECK STOCK QTY IS ENOUGH [PROD11JAN_1]
[ADMIN] [1/20/2017 11:10] [PENJUALAN] CASHIER FORM : CHECK STOCK QTY IS ENOUGH [989, 1]
[ADMIN] [1/20/2017 11:10] [PENJUALAN] CASHIER FORM : CALCULATE SUBTOTAL
[ADMIN] [1/20/2017 11:10] [PENJUALAN] CASHIER FORM : SUBTOTAL [1000]
[ADMIN] [1/20/2017 11:10] [PENJUALAN] CASHIER FORM : cashierDataGridView_CellValueChanged, subtotal value [1000]
[ADMIN] [1/20/2017 11:10] [PENJUALAN] CASHIER FORM : cashierDataGridView_CellValueChanged, attempt to calculate total value
[ADMIN] [1/20/2017 11:10] [PENJUALAN] CASHIER FORM : calculateTotal
[ADMIN] [1/20/2017 11:10] [PENJUALAN] CASHIER FORM : calculateTotal [217000]
[ADMIN] [1/20/2017 11:10] [PENJUALAN] CASHIER FORM : calculateTotal, totalAfterDisc [217000]
[ADMIN] [1/20/2017 11:10] [PENJUALAN] CASHIER FORM : calculateChangeValue, bayarTextBox.Text [0]
[ADMIN] [1/20/2017 11:10] [PENJUALAN] CASHIER FORM : calculateChangeValue, sisaBayar [0]
[ADMIN] [1/20/2017 11:10] [PENJUALAN] CASHIER FORM : SET QTY TO 1 BECAUSE OF NEW ROW
[ADMIN] [1/20/2017 11:10] [PENJUALAN] CASHIER FORM : CALCULATE SUBTOTAL
[ADMIN] [1/20/2017 11:10] [PENJUALAN] CASHIER FORM : SUBTOTAL [1000]
[ADMIN] [1/20/2017 11:10] [PENJUALAN] CASHIER FORM : calculateTotal
[ADMIN] [1/20/2017 11:10] [PENJUALAN] CASHIER FORM : calculateTotal [217000]
[ADMIN] [1/20/2017 11:10] [PENJUALAN] CASHIER FORM : calculateTotal, totalAfterDisc [217000]
[ADMIN] [1/20/2017 11:10] [PENJUALAN] CASHIER FORM : calculateChangeValue, bayarTextBox.Text [0]
[ADMIN] [1/20/2017 11:10] [PENJUALAN] CASHIER FORM : calculateChangeValue, sisaBayar [0]
[ADMIN] [1/20/2017 11:10] [PENJUALAN] CASHIER FORM : UPDATE ROW NUMBER, TOTAL ROW [3]
[ADMIN] [1/20/2017 11:10] [PENJUALAN] CASHIER FORM : cashierDataGridView_CellValueChanged [F8]
[ADMIN] [1/20/2017 11:10] [PENJUALAN] CASHIER FORM : REGISTER HOTKEY
[ADMIN] [1/20/2017 11:10] [PENJUALAN] CASHIER FORM : Combobox_KeyUp, cashierDataGridView.CurrentCell.OwningColumn.Name  [qty]
[ADMIN] [1/20/2017 11:10] [PENJUALAN] CASHIER FORM : Combobox_KeyUp, cashierDataGridView.CurrentCell.OwningColumn.Name  [qty]
[ADMIN] [1/20/2017 11:10] [PENJUALAN] CASHIER FORM : cashierDataGridView_CellValueChanged [qty]
[ADMIN] [1/20/2017 11:10] [PENJUALAN] CASHIER FORM : cashierDataGridView_CellValueChanged, previousInput [1]
[ADMIN] [1/20/2017 11:10] [PENJUALAN] CASHIER FORM : cashierDataGridView_CellValueChanged, dataGridViewTextBoxEditingControl.Text pass REGEX Checking
[ADMIN] [1/20/2017 11:10] [PENJUALAN] CASHIER FORM : CHECK STOCK QTY IS ENOUGH [PROD11JAN_1]
[ADMIN] [1/20/2017 11:10] [PENJUALAN] CASHIER FORM : CHECK STOCK QTY IS ENOUGH [989, 2]
[ADMIN] [1/20/2017 11:10] [PENJUALAN] CASHIER FORM : CALCULATE SUBTOTAL
[ADMIN] [1/20/2017 11:10] [PENJUALAN] CASHIER FORM : SUBTOTAL [2000]
[ADMIN] [1/20/2017 11:10] [PENJUALAN] CASHIER FORM : cashierDataGridView_CellValueChanged, subtotal value [2000]
[ADMIN] [1/20/2017 11:10] [PENJUALAN] CASHIER FORM : cashierDataGridView_CellValueChanged, attempt to calculate total value
[ADMIN] [1/20/2017 11:10] [PENJUALAN] CASHIER FORM : calculateTotal
[ADMIN] [1/20/2017 11:10] [PENJUALAN] CASHIER FORM : calculateTotal [218000]
[ADMIN] [1/20/2017 11:10] [PENJUALAN] CASHIER FORM : calculateTotal, totalAfterDisc [218000]
[ADMIN] [1/20/2017 11:10] [PENJUALAN] CASHIER FORM : calculateChangeValue, bayarTextBox.Text [0]
[ADMIN] [1/20/2017 11:10] [PENJUALAN] CASHIER FORM : calculateChangeValue, sisaBayar [0]
[ADMIN] [1/20/2017 11:10] [PENJUALAN] CASHIER FORM : Combobox_KeyUp, cashierDataGridView.CurrentCell.OwningColumn.Name  [qty]
[ADMIN] [1/20/2017 11:10] [PENJUALAN] CASHIER FORM : Combobox_KeyUp, cashierDataGridView.CurrentCell.OwningColumn.Name  [qty]
[ADMIN] [1/20/2017 11:10] [PENJUALAN] CASHIER FORM : cashierDataGridView_CellValueChanged [qty]
[ADMIN] [1/20/2017 11:10] [PENJUALAN] CASHIER FORM : cashierDataGridView_CellValueChanged, previousInput [2]
[ADMIN] [1/20/2017 11:10] [PENJUALAN] CASHIER FORM : cashierDataGridView_CellValueChanged, dataGridViewTextBoxEditingControl.Text pass REGEX Checking
[ADMIN] [1/20/2017 11:10] [PENJUALAN] CASHIER FORM : CHECK STOCK QTY IS ENOUGH [PROD11JAN_1]
[ADMIN] [1/20/2017 11:10] [PENJUALAN] CASHIER FORM : CHECK STOCK QTY IS ENOUGH [989, 22]
[ADMIN] [1/20/2017 11:10] [PENJUALAN] CASHIER FORM : CALCULATE SUBTOTAL
[ADMIN] [1/20/2017 11:10] [PENJUALAN] CASHIER FORM : SUBTOTAL [22000]
[ADMIN] [1/20/2017 11:10] [PENJUALAN] CASHIER FORM : cashierDataGridView_CellValueChanged, subtotal value [22000]
[ADMIN] [1/20/2017 11:10] [PENJUALAN] CASHIER FORM : cashierDataGridView_CellValueChanged, attempt to calculate total value
[ADMIN] [1/20/2017 11:10] [PENJUALAN] CASHIER FORM : calculateTotal
[ADMIN] [1/20/2017 11:10] [PENJUALAN] CASHIER FORM : calculateTotal [238000]
[ADMIN] [1/20/2017 11:10] [PENJUALAN] CASHIER FORM : calculateTotal, totalAfterDisc [238000]
[ADMIN] [1/20/2017 11:10] [PENJUALAN] CASHIER FORM : calculateChangeValue, bayarTextBox.Text [0]
[ADMIN] [1/20/2017 11:10] [PENJUALAN] CASHIER FORM : calculateChangeValue, sisaBayar [0]
[ADMIN] [1/20/2017 11:10] [PENJUALAN] CASHIER FORM : Combobox_KeyUp, cashierDataGridView.CurrentCell.OwningColumn.Name  [qty]
[ADMIN] [1/20/2017 11:10] [PENJUALAN] CASHIER FORM : Combobox_KeyUp, cashierDataGridView.CurrentCell.OwningColumn.Name  [qty]
[ADMIN] [1/20/2017 11:10] [PENJUALAN] CASHIER FORM : productName_previewKeyDown, cashierDataGridView.CurrentCell.OwningColumn.Name  [productName]
[ADMIN] [1/20/2017 11:10] [PENJUALAN] CASHIER FORM : Combobox_previewKeyDown, cashierDataGridView.CurrentCell.OwningColumn.Name  [productID]
[ADMIN] [1/20/2017 11:10] [PENJUALAN] CASHIER FORM : Combobox_previewKeyDown, cashierDataGridView.CurrentCell.OwningColumn.Name  [productID]
[ADMIN] [1/20/2017 11:10] [PENJUALAN] CASHIER FORM : Combobox_previewKeyDown, cashierDataGridView.CurrentCell.OwningColumn.Name  [productID]
[ADMIN] [1/20/2017 11:10] [PENJUALAN] CASHIER FORM : UPDATE ROW NUMBER, TOTAL ROW [4]
[ADMIN] [1/20/2017 11:10] [PENJUALAN] CASHIER FORM : cashierDataGridView_CellValueChanged [F8]
[ADMIN] [1/20/2017 11:10] [PENJUALAN] CASHIER FORM : cashierDataGridView_CellValueChanged [productID]
[ADMIN] [1/20/2017 11:10] [PENJUALAN] CASHIER FORM : Combobox_previewKeyDown, cashierDataGridView.CurrentCell.OwningColumn.Name  [productID]
[ADMIN] [1/20/2017 11:10] [PENJUALAN] CASHIER FORM : Combobox_previewKeyDown, cashierDataGridView.CurrentCell.OwningColumn.Name  [productID]
[ADMIN] [1/20/2017 11:10] [PENJUALAN] CASHIER FORM : Combobox_previewKeyDown, cashierDataGridView.CurrentCell.OwningColumn.Name  [productID]
[ADMIN] [1/20/2017 11:10] [PENJUALAN] CASHIER FORM : cashierDataGridView_CellValueChanged [productID]
[ADMIN] [1/20/2017 11:10] [PENJUALAN] CASHIER FORM : Combobox_KeyUp, cashierDataGridView.CurrentCell.OwningColumn.Name  [productID]
[ADMIN] [1/20/2017 11:10] [PENJUALAN] CASHIER FORM : Combobox_KeyUp, cashierDataGridView.CurrentCell.OwningColumn.Name  [productID]
[ADMIN] [1/20/2017 11:10] [PENJUALAN] CASHIER FORM : Combobox_KeyUp, cashierDataGridView.CurrentCell.OwningColumn.Name  [productID]
[ADMIN] [1/20/2017 11:10] [PENJUALAN] CASHIER FORM : Combobox_KeyUp, cashierDataGridView.CurrentCell.OwningColumn.Name  [productID]
[ADMIN] [1/20/2017 11:10] [PENJUALAN] CASHIER FORM : Combobox_KeyUp, cashierDataGridView.CurrentCell.OwningColumn.Name  [productID]
[ADMIN] [1/20/2017 11:10] [PENJUALAN] CASHIER FORM : Combobox_KeyUp, cashierDataGridView.CurrentCell.OwningColumn.Name  [productID]
[ADMIN] [1/20/2017 11:10] [PENJUALAN] CASHIER FORM : Combobox_KeyUp, cashierDataGridView.CurrentCell.OwningColumn.Name  [productID]
[ADMIN] [1/20/2017 11:10] [PENJUALAN] CASHIER FORM : Combobox_KeyUp, cashierDataGridView.CurrentCell.OwningColumn.Name  [productID]
[ADMIN] [1/20/2017 11:10] [PENJUALAN] CASHIER FORM : Combobox_previewKeyDown, cashierDataGridView.CurrentCell.OwningColumn.Name  [productID]
[ADMIN] [1/20/2017 11:10] [PENJUALAN] CASHIER FORM : Combobox_previewKeyDown, cashierDataGridView.CurrentCell.OwningColumn.Name  [productID]
[ADMIN] [1/20/2017 11:10] [PENJUALAN] CASHIER FORM : Combobox_previewKeyDown, cashierDataGridView.CurrentCell.OwningColumn.Name  [productID]
[ADMIN] [1/20/2017 11:10] [PENJUALAN] CASHIER FORM : cashierDataGridView_CellValueChanged [productID]
[ADMIN] [1/20/2017 11:10] [PENJUALAN] CASHIER FORM : Combobox_KeyUp, cashierDataGridView.CurrentCell.OwningColumn.Name  [productID]
[ADMIN] [1/20/2017 11:10] [PENJUALAN] CASHIER FORM : Combobox_KeyUp, cashierDataGridView.CurrentCell.OwningColumn.Name  [productID]
[ADMIN] [1/20/2017 11:10] [PENJUALAN] CASHIER FORM : Combobox_KeyUp, cashierDataGridView.CurrentCell.OwningColumn.Name  [productID]
[ADMIN] [1/20/2017 11:10] [PENJUALAN] CASHIER FORM : Combobox_KeyUp, cashierDataGridView.CurrentCell.OwningColumn.Name  [productID]
[ADMIN] [1/20/2017 11:10] [PENJUALAN] CASHIER FORM : Combobox_previewKeyDown, cashierDataGridView.CurrentCell.OwningColumn.Name  [productID]
[ADMIN] [1/20/2017 11:10] [PENJUALAN] CASHIER FORM : Combobox_previewKeyDown, cashierDataGridView.CurrentCell.OwningColumn.Name  [productID]
[ADMIN] [1/20/2017 11:10] [PENJUALAN] CASHIER FORM : Combobox_previewKeyDown, cashierDataGridView.CurrentCell.OwningColumn.Name  [productID]
[ADMIN] [1/20/2017 11:10] [PENJUALAN] CASHIER FORM : cashierDataGridView_CellValueChanged [productID]
[ADMIN] [1/20/2017 11:10] [PENJUALAN] CASHIER FORM : Combobox_KeyUp, cashierDataGridView.CurrentCell.OwningColumn.Name  [productID]
[ADMIN] [1/20/2017 11:10] [PENJUALAN] CASHIER FORM : Combobox_KeyUp, cashierDataGridView.CurrentCell.OwningColumn.Name  [productID]
[ADMIN] [1/20/2017 11:10] [PENJUALAN] CASHIER FORM : Combobox_KeyUp, cashierDataGridView.CurrentCell.OwningColumn.Name  [productID]
[ADMIN] [1/20/2017 11:10] [PENJUALAN] CASHIER FORM : Combobox_KeyUp, cashierDataGridView.CurrentCell.OwningColumn.Name  [productID]
[ADMIN] [1/20/2017 11:10] [PENJUALAN] CASHIER FORM : Combobox_previewKeyDown, cashierDataGridView.CurrentCell.OwningColumn.Name  [productID]
[ADMIN] [1/20/2017 11:10] [PENJUALAN] CASHIER FORM : UNREGISTER HOTKEY
[ADMIN] [1/20/2017 11:10] [PENJUALAN] CASHIER FORM : ADD NEW ROW FROM BARCODE [PROD11JAN_1]
[ADMIN] [1/20/2017 11:10] [PENJUALAN] CASHIER FORM : updateSomeRowContents
[ADMIN] [1/20/2017 11:10] [PENJUALAN] CASHIER FORM : cashierDataGridView_CellValueChanged [productID]
[ADMIN] [1/20/2017 11:10] [PENJUALAN] CASHIER FORM : cashierDataGridView_CellValueChanged [productName]
[ADMIN] [1/20/2017 11:10] [PENJUALAN] CASHIER FORM : updateSomeRowContents
[ADMIN] [1/20/2017 11:10] [PENJUALAN] CASHIER FORM : PRODUCT PRICE TYPE [PRODUCT_BASE_PRICE]
[ADMIN] [1/20/2017 11:10] [PENJUALAN] CASHIER FORM : PRODUCT PRICE [1000]
[ADMIN] [1/20/2017 11:10] [PENJUALAN] CASHIER FORM : ComboBox_SelectedIndexChanged, PRODUCT_BASE_PRICE [1000]
[ADMIN] [1/20/2017 11:10] [PENJUALAN] CASHIER FORM : cashierDataGridView_CellValueChanged [hpp]
[ADMIN] [1/20/2017 11:10] [PENJUALAN] CASHIER FORM : PRODUCT PRICE TYPE [PRODUCT_RETAIL_PRICE]
[ADMIN] [1/20/2017 11:10] [PENJUALAN] CASHIER FORM : PRODUCT PRICE [1000]
[ADMIN] [1/20/2017 11:10] [PENJUALAN] CASHIER FORM : ComboBox_SelectedIndexChanged, PRODUCT_SALES_PRICE [1000]
[ADMIN] [1/20/2017 11:10] [PENJUALAN] CASHIER FORM : cashierDataGridView_CellValueChanged [productPrice]
[ADMIN] [1/20/2017 11:10] [PENJUALAN] CASHIER FORM : cashierDataGridView_CellValueChanged, previousInput [0]
[ADMIN] [1/20/2017 11:10] [PENJUALAN] CASHIER FORM : cashierDataGridView_CellValueChanged, cellValue [1000]
[ADMIN] [1/20/2017 11:10] [PENJUALAN] CASHIER FORM : cashierDataGridView_CellValueChanged, dataGridViewTextBoxEditingControl.Text pass REGEX Checking
[ADMIN] [1/20/2017 11:10] [PENJUALAN] CASHIER FORM : CALCULATE SUBTOTAL
[ADMIN] [1/20/2017 11:10] [PENJUALAN] CASHIER FORM : SUBTOTAL [0]
[ADMIN] [1/20/2017 11:10] [PENJUALAN] CASHIER FORM : cashierDataGridView_CellValueChanged, subtotal value [0]
[ADMIN] [1/20/2017 11:10] [PENJUALAN] CASHIER FORM : cashierDataGridView_CellValueChanged, attempt to calculate total value
[ADMIN] [1/20/2017 11:10] [PENJUALAN] CASHIER FORM : calculateTotal
[ADMIN] [1/20/2017 11:10] [PENJUALAN] CASHIER FORM : calculateTotal [238000]
[ADMIN] [1/20/2017 11:10] [PENJUALAN] CASHIER FORM : calculateTotal, totalAfterDisc [238000]
[ADMIN] [1/20/2017 11:10] [PENJUALAN] CASHIER FORM : calculateChangeValue, bayarTextBox.Text [0]
[ADMIN] [1/20/2017 11:10] [PENJUALAN] CASHIER FORM : calculateChangeValue, sisaBayar [0]
[ADMIN] [1/20/2017 11:10] [PENJUALAN] CASHIER FORM : cashierDataGridView_CellValueChanged [qty]
[ADMIN] [1/20/2017 11:10] [PENJUALAN] CASHIER FORM : cashierDataGridView_CellValueChanged, previousInput [0]
[ADMIN] [1/20/2017 11:10] [PENJUALAN] CASHIER FORM : ComboBox_SelectedIndexChanged, CHECK FOR CUST PRODUCT DISC, selectedPelangganID [352]
[ADMIN] [1/20/2017 11:10] [PENJUALAN] CASHIER FORM : cashierDataGridView_CellValueChanged [disc1]
[ADMIN] [1/20/2017 11:10] [PENJUALAN] CASHIER FORM : cashierDataGridView_CellValueChanged, previousInput [0]
[ADMIN] [1/20/2017 11:10] [PENJUALAN] CASHIER FORM : cashierDataGridView_CellValueChanged [disc2]
[ADMIN] [1/20/2017 11:10] [PENJUALAN] CASHIER FORM : cashierDataGridView_CellValueChanged, previousInput [0]
[ADMIN] [1/20/2017 11:10] [PENJUALAN] CASHIER FORM : cashierDataGridView_CellValueChanged [discRP]
[ADMIN] [1/20/2017 11:10] [PENJUALAN] CASHIER FORM : cashierDataGridView_CellValueChanged, previousInput [0]
[ADMIN] [1/20/2017 11:10] [PENJUALAN] CASHIER FORM : cashierDataGridView_CellValueChanged [jumlah]
[ADMIN] [1/20/2017 11:10] [PENJUALAN] CASHIER FORM : calculateTotal
[ADMIN] [1/20/2017 11:10] [PENJUALAN] CASHIER FORM : calculateTotal [238000]
[ADMIN] [1/20/2017 11:10] [PENJUALAN] CASHIER FORM : calculateTotal, totalAfterDisc [238000]
[ADMIN] [1/20/2017 11:10] [PENJUALAN] CASHIER FORM : calculateChangeValue, bayarTextBox.Text [0]
[ADMIN] [1/20/2017 11:10] [PENJUALAN] CASHIER FORM : calculateChangeValue, sisaBayar [0]
[ADMIN] [1/20/2017 11:10] [PENJUALAN] CASHIER FORM : CHECK STOCK QTY IS ENOUGH [PROD11JAN_1]
[ADMIN] [1/20/2017 11:10] [PENJUALAN] CASHIER FORM : CHECK STOCK QTY IS ENOUGH [989, 1]
[ADMIN] [1/20/2017 11:10] [PENJUALAN] CASHIER FORM : cashierDataGridView_CellValueChanged [qty]
[ADMIN] [1/20/2017 11:10] [PENJUALAN] CASHIER FORM : cashierDataGridView_CellValueChanged, previousInput [0]
[ADMIN] [1/20/2017 11:10] [PENJUALAN] CASHIER FORM : cashierDataGridView_CellValueChanged, cellValue [1]
[ADMIN] [1/20/2017 11:10] [PENJUALAN] CASHIER FORM : cashierDataGridView_CellValueChanged, dataGridViewTextBoxEditingControl.Text pass REGEX Checking
[ADMIN] [1/20/2017 11:10] [PENJUALAN] CASHIER FORM : CHECK STOCK QTY IS ENOUGH [PROD11JAN_1]
[ADMIN] [1/20/2017 11:10] [PENJUALAN] CASHIER FORM : CHECK STOCK QTY IS ENOUGH [989, 1]
[ADMIN] [1/20/2017 11:10] [PENJUALAN] CASHIER FORM : CALCULATE SUBTOTAL
[ADMIN] [1/20/2017 11:10] [PENJUALAN] CASHIER FORM : SUBTOTAL [1000]
[ADMIN] [1/20/2017 11:10] [PENJUALAN] CASHIER FORM : cashierDataGridView_CellValueChanged, subtotal value [1000]
[ADMIN] [1/20/2017 11:10] [PENJUALAN] CASHIER FORM : cashierDataGridView_CellValueChanged, attempt to calculate total value
[ADMIN] [1/20/2017 11:10] [PENJUALAN] CASHIER FORM : calculateTotal
[ADMIN] [1/20/2017 11:10] [PENJUALAN] CASHIER FORM : calculateTotal [239000]
[ADMIN] [1/20/2017 11:10] [PENJUALAN] CASHIER FORM : calculateTotal, totalAfterDisc [239000]
[ADMIN] [1/20/2017 11:10] [PENJUALAN] CASHIER FORM : calculateChangeValue, bayarTextBox.Text [0]
[ADMIN] [1/20/2017 11:10] [PENJUALAN] CASHIER FORM : calculateChangeValue, sisaBayar [0]
[ADMIN] [1/20/2017 11:10] [PENJUALAN] CASHIER FORM : SET QTY TO 1 BECAUSE OF NEW ROW
[ADMIN] [1/20/2017 11:10] [PENJUALAN] CASHIER FORM : CALCULATE SUBTOTAL
[ADMIN] [1/20/2017 11:10] [PENJUALAN] CASHIER FORM : SUBTOTAL [1000]
[ADMIN] [1/20/2017 11:10] [PENJUALAN] CASHIER FORM : calculateTotal
[ADMIN] [1/20/2017 11:10] [PENJUALAN] CASHIER FORM : calculateTotal [239000]
[ADMIN] [1/20/2017 11:10] [PENJUALAN] CASHIER FORM : calculateTotal, totalAfterDisc [239000]
[ADMIN] [1/20/2017 11:10] [PENJUALAN] CASHIER FORM : calculateChangeValue, bayarTextBox.Text [0]
[ADMIN] [1/20/2017 11:10] [PENJUALAN] CASHIER FORM : calculateChangeValue, sisaBayar [0]
[ADMIN] [1/20/2017 11:10] [PENJUALAN] CASHIER FORM : UPDATE ROW NUMBER, TOTAL ROW [4]
[ADMIN] [1/20/2017 11:10] [PENJUALAN] CASHIER FORM : cashierDataGridView_CellValueChanged [F8]
[ADMIN] [1/20/2017 11:10] [PENJUALAN] CASHIER FORM : REGISTER HOTKEY
[ADMIN] [1/20/2017 11:10] [PENJUALAN] CASHIER FORM : Combobox_KeyUp, cashierDataGridView.CurrentCell.OwningColumn.Name  [qty]
[ADMIN] [1/20/2017 11:10] [PENJUALAN] CASHIER FORM : Combobox_KeyUp, cashierDataGridView.CurrentCell.OwningColumn.Name  [qty]
[ADMIN] [1/20/2017 11:10] [PENJUALAN] CASHIER FORM : Combobox_KeyUp, cashierDataGridView.CurrentCell.OwningColumn.Name  [qty]
[ADMIN] [1/20/2017 11:10] [PENJUALAN] CASHIER FORM : Combobox_KeyUp, cashierDataGridView.CurrentCell.OwningColumn.Name  [qty]
[ADMIN] [1/20/2017 11:10] [PENJUALAN] CASHIER FORM : UNREGISTER HOTKEY
[ADMIN] [1/20/2017 11:10] [PENJUALAN] CASHIER FORM : REGISTER HOTKEY
[ADMIN] [1/20/2017 11:10] [PENJUALAN] CASHIER FORM : cashierDataGridView_KeyDown ATTEMPT TO DELETE ROW
[ADMIN] [1/20/2017 11:10] [PENJUALAN] CASHIER FORM : deleteCurrentRow [2]
[ADMIN] [1/20/2017 11:10] [PENJUALAN] CASHIER FORM : UPDATE ROW NUMBER, TOTAL ROW [3]
[ADMIN] [1/20/2017 11:10] [PENJUALAN] CASHIER FORM : cashierDataGridView_CellValueChanged [F8]
[ADMIN] [1/20/2017 11:10] [PENJUALAN] CASHIER FORM : calculateTotal
[ADMIN] [1/20/2017 11:10] [PENJUALAN] CASHIER FORM : calculateTotal [238000]
[ADMIN] [1/20/2017 11:10] [PENJUALAN] CASHIER FORM : calculateTotal, totalAfterDisc [238000]
[ADMIN] [1/20/2017 11:10] [PENJUALAN] CASHIER FORM : calculateChangeValue, bayarTextBox.Text [0]
[ADMIN] [1/20/2017 11:10] [PENJUALAN] CASHIER FORM : calculateChangeValue, sisaBayar [0]
[ADMIN] [1/20/2017 11:10] [PENJUALAN] CASHIER FORM : Combobox_KeyUp, cashierDataGridView.CurrentCell.OwningColumn.Name  [productName]
[ADMIN] [1/20/2017 11:10] [PENJUALAN] CASHIER FORM : Combobox_KeyUp, cashierDataGridView.CurrentCell.OwningColumn.Name  [productName]
[ADMIN] [1/20/2017 11:10] [PENJUALAN] CASHIER FORM : Combobox_KeyUp, cashierDataGridView.CurrentCell.OwningColumn.Name  [productName]
[ADMIN] [1/20/2017 11:10] [PENJUALAN] CASHIER FORM : Combobox_KeyUp, cashierDataGridView.CurrentCell.OwningColumn.Name  [productName]
[ADMIN] [1/20/2017 11:10] [PENJUALAN] CASHIER FORM : Combobox_KeyUp, cashierDataGridView.CurrentCell.OwningColumn.Name  [productName]
[ADMIN] [1/20/2017 11:10] [PENJUALAN] CASHIER FORM : Combobox_KeyUp, cashierDataGridView.CurrentCell.OwningColumn.Name  [productName]
[ADMIN] [1/20/2017 11:10] [PENJUALAN] CASHIER FORM : productName_previewKeyDown, cashierDataGridView.CurrentCell.OwningColumn.Name  [productName]
[ADMIN] [1/20/2017 11:10] [PENJUALAN] CASHIER FORM : productName_previewKeyDown, cashierDataGridView.CurrentCell.OwningColumn.Name  [productName]
[ADMIN] [1/20/2017 11:10] [PENJUALAN] CASHIER FORM : productName_previewKeyDown, cashierDataGridView.CurrentCell.OwningColumn.Name  [productName]
[ADMIN] [1/20/2017 11:10] [PENJUALAN] CASHIER FORM : productName_previewKeyDown, cashierDataGridView.CurrentCell.OwningColumn.Name  [productName]
[ADMIN] [1/20/2017 11:10] [PENJUALAN] CASHIER FORM : productName_previewKeyDown, cashierDataGridView.CurrentCell.OwningColumn.Name  [productName]
[ADMIN] [1/20/2017 11:10] [PENJUALAN] CASHIER FORM : productName_previewKeyDown, cashierDataGridView.CurrentCell.OwningColumn.Name  [productName]
[ADMIN] [1/20/2017 11:10] [PENJUALAN] CASHIER FORM : productName_previewKeyDown, cashierDataGridView.CurrentCell.OwningColumn.Name  [productName]
[ADMIN] [1/20/2017 11:10] [PENJUALAN] CASHIER FORM : calculateChangeValue, bayarTextBox.Text [2]
[ADMIN] [1/20/2017 11:10] [PENJUALAN] CASHIER FORM : calculateChangeValue, sisaBayar [0]
[ADMIN] [1/20/2017 11:10] [PENJUALAN] CASHIER FORM : calculateChangeValue, bayarTextBox.Text [23]
[ADMIN] [1/20/2017 11:10] [PENJUALAN] CASHIER FORM : calculateChangeValue, sisaBayar [0]
[ADMIN] [1/20/2017 11:10] [PENJUALAN] CASHIER FORM : calculateChangeValue, bayarTextBox.Text [238]
[ADMIN] [1/20/2017 11:10] [PENJUALAN] CASHIER FORM : calculateChangeValue, sisaBayar [0]
[ADMIN] [1/20/2017 11:10] [PENJUALAN] CASHIER FORM : calculateChangeValue, bayarTextBox.Text [2380]
[ADMIN] [1/20/2017 11:10] [PENJUALAN] CASHIER FORM : calculateChangeValue, sisaBayar [0]
[ADMIN] [1/20/2017 11:10] [PENJUALAN] CASHIER FORM : calculateChangeValue, bayarTextBox.Text [23800]
[ADMIN] [1/20/2017 11:10] [PENJUALAN] CASHIER FORM : calculateChangeValue, sisaBayar [0]
[ADMIN] [1/20/2017 11:10] [PENJUALAN] CASHIER FORM : calculateChangeValue, bayarTextBox.Text [238000]
[ADMIN] [1/20/2017 11:10] [PENJUALAN] CASHIER FORM : calculateChangeValue, sisaBayar [0]
[ADMIN] [1/20/2017 11:10] [PENJUALAN] CASHIER FORM : HOTKEY TO SAVE AND PRINT OUT INVOICE PRESSED
[ADMIN] [1/20/2017 11:10] [PENJUALAN] CASHIER FORM : UNREGISTER HOTKEY
[ADMIN] [1/20/2017 11:11] [PENJUALAN] CASHIER FORM : REGISTER HOTKEY
[ADMIN] [1/20/2017 11:11] [PENJUALAN] ATTEMPT TO SAVE AND PRINT OUT INVOICE
[ADMIN] [1/20/2017 11:11] [PENJUALAN] CASHIER FORM : UNREGISTER HOTKEY
[ADMIN] [1/20/2017 11:11] [PENJUALAN] CASHIER FORM : ATTEMPT TO SAVE SALES DATA [20-01-2017 11:11]
[ADMIN] [1/20/2017 11:11] [PENJUALAN] CASHIER FORM : SALES DISC FINAL [0]
[ADMIN] [1/20/2017 11:11] [PENJUALAN] CASHIER FORM : CASH SALES
[ADMIN] [1/20/2017 11:11] [PENJUALAN] CHECK IF TAX LIMIT SET FOR PERCENTAGE PURCHASE [0]
[ADMIN] [1/20/2017 11:11] [PENJUALAN] CHECK IF TAX LIMIT SET FOR AVERAGE DAILY PURCHASE [0]
[ADMIN] [1/20/2017 11:11] [PENJUALAN] CASHIER FORM : NO FAKTUR [SLO001]
[ADMIN] [1/20/2017 11:11] [PENJUALAN] CASHIER FORM : MAX SALES INVOICE [34]
[ADMIN] [1/20/2017 11:11] [PENJUALAN] CASHIER FORM : SALES INVOICE [SLO001-35]
[ADMIN] [1/20/2017 11:11] [PENJUALAN] INSERT INTO SALES HEADER [SLO001-35]
[ADMIN] [1/20/2017 11:11] [PENJUALAN] INSERT INTO SALES DETAIL[PROD11JAN, 15000, 20]
[ADMIN] [1/20/2017 11:11] [PENJUALAN] REDUCE STOCK AT MASTER PRODUCT [PROD11JAN]
[ADMIN] [1/20/2017 11:11] [PENJUALAN] REDUCE STOCK AT PRODUCT_EXPIRY LOT [15]
[ADMIN] [1/20/2017 11:11] [PENJUALAN] SAVE PRODUCT LOT INFORMATION FOR EACH ITEM AND AMOUNT
[ADMIN] [1/20/2017 11:11] [PENJUALAN] UPDATE CUSTOMER PRODUCT DISC [PROD11JAN]
[ADMIN] [1/20/2017 11:11] [PENJUALAN] INSERT INTO SALES DETAIL[PROD11JAN_1, 1000, 22]
[ADMIN] [1/20/2017 11:11] [PENJUALAN] REDUCE STOCK AT MASTER PRODUCT [PROD11JAN_1]
[ADMIN] [1/20/2017 11:11] [PENJUALAN] INSERT CUSTOMER PRODUCT DISC [PROD11JAN_1]
[ADMIN] [1/20/2017 11:11] [PENJUALAN] INSERT TO CREDIT TABLE [SLO001-35]
[ADMIN] [1/20/2017 11:11] [PENJUALAN] INSERT TO DAILY JOURNAL TABLE [238000]
[ADMIN] [1/20/2017 11:11] [PENJUALAN] CASHIER FORM : REGISTER HOTKEY
[ADMIN] [1/20/2017 11:11] [PENJUALAN] TRANSACTION SAVED
[ADMIN] [1/20/2017 11:11] [PENJUALAN] PRINT OUT INVOICE
[ADMIN] [1/20/2017 11:11] [PENJUALAN] CASHIER FORM : PrintReceipt
[ADMIN] [1/20/2017 11:11] [PENJUALAN] CASHIER FORM : PrintReceipt, POS size Paper
[ADMIN] [1/20/2017 11:11] [PENJUALAN] CASHIER FORM : loadInfoToko
[ADMIN] [1/20/2017 11:11] [PENJUALAN] CASHIER FORM : calculatePageLength, totalLengthPage [411]
[ADMIN] [1/20/2017 11:12] [PENJUALAN] CASHIER FORM : UNREGISTER HOTKEY
[ADMIN] [1/20/2017 11:12] [PENJUALAN] CASHIER FORM : REGISTER HOTKEY
[ADMIN] [1/20/2017 11:12] [PENJUALAN] CASHIER FORM : UNREGISTER HOTKEY
[ADMIN] [1/20/2017 11:12] [PENJUALAN] CASHIER FORM : REGISTER HOTKEY
[ADMIN] [1/20/2017 11:12] [PENJUALAN] CASHIER FORM : UNREGISTER HOTKEY
[ADMIN] [1/20/2017 11:14] [PENJUALAN] CASHIER FORM : REGISTER HOTKEY
[ADMIN] [1/20/2017 11:14] [PENJUALAN] CASHIER FORM : UNREGISTER HOTKEY
[ADMIN] [1/20/2017 11:14] [PENJUALAN] CASHIER FORM : UPDATE ROW NUMBER, TOTAL ROW [1]
[ADMIN] [1/20/2017 11:14] [PENJUALAN] CASHIER FORM : REGISTER HOTKEY
[ADMIN] [1/20/2017 11:14] [PENJUALAN] CASHIER FORM : UNREGISTER HOTKEY
[ADMIN] [1/20/2017 11:14] [PENJUALAN] CASHIER FORM : UNREGISTER HOTKEY
[ADMIN] [1/20/2017 11:14] [PENJUALAN] CASHIER FORM : REGISTER HOTKEY
[ADMIN] [1/20/2017 11:14] [PENJUALAN] CASHIER FORM : cashierForm_Load, ATTEMPT TO LOAD NO FAKTUR
[ADMIN] [1/20/2017 11:14] [PENJUALAN] CASHIER FORM : loadNoFaktur, noFakturValue [SLO001]
[ADMIN] [1/20/2017 11:14] [PENJUALAN] CASHIER FORM : cashierForm_Load, ATTEMPT TO addColumnToDataGrid
[ADMIN] [1/20/2017 11:14] [PENJUALAN] CASHIER FORM : UPDATE ROW NUMBER, TOTAL ROW [1]
[ADMIN] [1/20/2017 11:14] [PENJUALAN] CASHIER FORM : calculateTotal
[ADMIN] [1/20/2017 11:14] [PENJUALAN] CASHIER FORM : calculateTotal [0]
[ADMIN] [1/20/2017 11:14] [PENJUALAN] CASHIER FORM : calculateTotal, totalAfterDisc [0]
[ADMIN] [1/20/2017 11:14] [PENJUALAN] CASHIER FORM : calculateChangeValue, bayarTextBox.Text [0]
[ADMIN] [1/20/2017 11:14] [PENJUALAN] CASHIER FORM : calculateChangeValue, sisaBayar [0]
[ADMIN] [1/20/2017 11:14] [PENJUALAN] CASHIER FORM : ADD NEW ROW,  isActive [True]
[ADMIN] [1/20/2017 11:14] [PENJUALAN] CASHIER FORM : ADD NEW ROW,  ROW COUNT [0]
[ADMIN] [1/20/2017 11:14] [PENJUALAN] CASHIER FORM : ADD NEW ROW,  ALLOW TO ADD [True]
[ADMIN] [1/20/2017 11:14] [PENJUALAN] CASHIER FORM : UPDATE ROW NUMBER, TOTAL ROW [1]
[ADMIN] [1/20/2017 11:14] [PENJUALAN] CASHIER FORM : ADD NEW ROW,  isActive [True]
[ADMIN] [1/20/2017 11:14] [PENJUALAN] CASHIER FORM : ADD NEW ROW,  ROW COUNT [1]
[ADMIN] [1/20/2017 11:14] [PENJUALAN] CASHIER FORM : ADD NEW ROW,  ALLOW TO ADD [True]
[ADMIN] [1/20/2017 11:14] [PENJUALAN] CASHIER FORM : UPDATE ROW NUMBER, TOTAL ROW [2]
[ADMIN] [1/20/2017 11:14] [PENJUALAN] CASHIER FORM : UPDATE ROW NUMBER, TOTAL ROW [3]
[ADMIN] [1/20/2017 11:14] [PENJUALAN] CASHIER FORM : cashierDataGridView_CellValueChanged [F8]
[ADMIN] [1/20/2017 11:14] [PENJUALAN] CASHIER FORM : REGISTER HOTKEY
[ADMIN] [1/20/2017 11:14] [PENJUALAN] CASHIER FORM : Combobox_previewKeyDown, cashierDataGridView.CurrentCell.OwningColumn.Name  [productID]
[ADMIN] [1/20/2017 11:14] [PENJUALAN] CASHIER FORM : Combobox_previewKeyDown, cashierDataGridView.CurrentCell.OwningColumn.Name  [productID]
[ADMIN] [1/20/2017 11:14] [PENJUALAN] CASHIER FORM : UPDATE ROW NUMBER, TOTAL ROW [4]
[ADMIN] [1/20/2017 11:14] [PENJUALAN] CASHIER FORM : cashierDataGridView_CellValueChanged [F8]
[ADMIN] [1/20/2017 11:14] [PENJUALAN] CASHIER FORM : cashierDataGridView_CellValueChanged [productID]
[ADMIN] [1/20/2017 11:14] [PENJUALAN] CASHIER FORM : Combobox_KeyUp, cashierDataGridView.CurrentCell.OwningColumn.Name  [productID]
[ADMIN] [1/20/2017 11:14] [PENJUALAN] CASHIER FORM : Combobox_KeyUp, cashierDataGridView.CurrentCell.OwningColumn.Name  [productID]
[ADMIN] [1/20/2017 11:14] [PENJUALAN] CASHIER FORM : Combobox_previewKeyDown, cashierDataGridView.CurrentCell.OwningColumn.Name  [productID]
[ADMIN] [1/20/2017 11:14] [PENJUALAN] CASHIER FORM : Combobox_previewKeyDown, cashierDataGridView.CurrentCell.OwningColumn.Name  [productID]
[ADMIN] [1/20/2017 11:14] [PENJUALAN] CASHIER FORM : cashierDataGridView_CellValueChanged [productID]
[ADMIN] [1/20/2017 11:14] [PENJUALAN] CASHIER FORM : Combobox_KeyUp, cashierDataGridView.CurrentCell.OwningColumn.Name  [productID]
[ADMIN] [1/20/2017 11:14] [PENJUALAN] CASHIER FORM : Combobox_KeyUp, cashierDataGridView.CurrentCell.OwningColumn.Name  [productID]
[ADMIN] [1/20/2017 11:14] [PENJUALAN] CASHIER FORM : Combobox_previewKeyDown, cashierDataGridView.CurrentCell.OwningColumn.Name  [productID]
[ADMIN] [1/20/2017 11:14] [PENJUALAN] CASHIER FORM : Combobox_previewKeyDown, cashierDataGridView.CurrentCell.OwningColumn.Name  [productID]
[ADMIN] [1/20/2017 11:14] [PENJUALAN] CASHIER FORM : cashierDataGridView_CellValueChanged [productID]
[ADMIN] [1/20/2017 11:14] [PENJUALAN] CASHIER FORM : Combobox_KeyUp, cashierDataGridView.CurrentCell.OwningColumn.Name  [productID]
[ADMIN] [1/20/2017 11:14] [PENJUALAN] CASHIER FORM : Combobox_KeyUp, cashierDataGridView.CurrentCell.OwningColumn.Name  [productID]
[ADMIN] [1/20/2017 11:14] [PENJUALAN] CASHIER FORM : Combobox_previewKeyDown, cashierDataGridView.CurrentCell.OwningColumn.Name  [productID]
[ADMIN] [1/20/2017 11:14] [PENJUALAN] CASHIER FORM : Combobox_previewKeyDown, cashierDataGridView.CurrentCell.OwningColumn.Name  [productID]
[ADMIN] [1/20/2017 11:14] [PENJUALAN] CASHIER FORM : cashierDataGridView_CellValueChanged [productID]
[ADMIN] [1/20/2017 11:14] [PENJUALAN] CASHIER FORM : Combobox_KeyUp, cashierDataGridView.CurrentCell.OwningColumn.Name  [productID]
[ADMIN] [1/20/2017 11:14] [PENJUALAN] CASHIER FORM : Combobox_KeyUp, cashierDataGridView.CurrentCell.OwningColumn.Name  [productID]
[ADMIN] [1/20/2017 11:14] [PENJUALAN] CASHIER FORM : Combobox_previewKeyDown, cashierDataGridView.CurrentCell.OwningColumn.Name  [productID]
[ADMIN] [1/20/2017 11:14] [PENJUALAN] CASHIER FORM : UNREGISTER HOTKEY
[ADMIN] [1/20/2017 11:14] [PENJUALAN] CASHIER FORM : ADD NEW ROW FROM BARCODE [PROD]
[ADMIN] [1/20/2017 11:14] [PENJUALAN] CASHIER FORM : updateSomeRowContents
[ADMIN] [1/20/2017 11:14] [PENJUALAN] CASHIER FORM : cashierDataGridView_CellValueChanged [productID]
[ADMIN] [1/20/2017 11:14] [PENJUALAN] CASHIER FORM : cashierDataGridView_CellValueChanged [productName]
[ADMIN] [1/20/2017 11:14] [PENJUALAN] CASHIER FORM : updateSomeRowContents
[ADMIN] [1/20/2017 11:14] [PENJUALAN] CASHIER FORM : PRODUCT PRICE TYPE [PRODUCT_BASE_PRICE]
[ADMIN] [1/20/2017 11:14] [PENJUALAN] CASHIER FORM : PRODUCT PRICE [100]
[ADMIN] [1/20/2017 11:14] [PENJUALAN] CASHIER FORM : ComboBox_SelectedIndexChanged, PRODUCT_BASE_PRICE [100]
[ADMIN] [1/20/2017 11:14] [PENJUALAN] CASHIER FORM : cashierDataGridView_CellValueChanged [hpp]
[ADMIN] [1/20/2017 11:14] [PENJUALAN] CASHIER FORM : PRODUCT PRICE TYPE [PRODUCT_RETAIL_PRICE]
[ADMIN] [1/20/2017 11:14] [PENJUALAN] CASHIER FORM : PRODUCT PRICE [100]
[ADMIN] [1/20/2017 11:14] [PENJUALAN] CASHIER FORM : ComboBox_SelectedIndexChanged, PRODUCT_SALES_PRICE [100]
[ADMIN] [1/20/2017 11:14] [PENJUALAN] CASHIER FORM : cashierDataGridView_CellValueChanged [productPrice]
[ADMIN] [1/20/2017 11:14] [PENJUALAN] CASHIER FORM : cashierDataGridView_CellValueChanged, previousInput [0]
[ADMIN] [1/20/2017 11:14] [PENJUALAN] CASHIER FORM : cashierDataGridView_CellValueChanged, cellValue [100]
[ADMIN] [1/20/2017 11:14] [PENJUALAN] CASHIER FORM : cashierDataGridView_CellValueChanged, dataGridViewTextBoxEditingControl.Text pass REGEX Checking
[ADMIN] [1/20/2017 11:14] [PENJUALAN] CASHIER FORM : CALCULATE SUBTOTAL
[ADMIN] [1/20/2017 11:14] [PENJUALAN] CASHIER FORM : SUBTOTAL [0]
[ADMIN] [1/20/2017 11:14] [PENJUALAN] CASHIER FORM : cashierDataGridView_CellValueChanged, subtotal value [0]
[ADMIN] [1/20/2017 11:14] [PENJUALAN] CASHIER FORM : cashierDataGridView_CellValueChanged, attempt to calculate total value
[ADMIN] [1/20/2017 11:14] [PENJUALAN] CASHIER FORM : calculateTotal
[ADMIN] [1/20/2017 11:14] [PENJUALAN] CASHIER FORM : calculateTotal [238000]
[ADMIN] [1/20/2017 11:14] [PENJUALAN] CASHIER FORM : calculateTotal, totalAfterDisc [238000]
[ADMIN] [1/20/2017 11:14] [PENJUALAN] CASHIER FORM : calculateChangeValue, bayarTextBox.Text [Rp238.000]
[ADMIN] [1/20/2017 11:14] [PENJUALAN] CASHIER FORM : calculateChangeValue, sisaBayar [0]
[ADMIN] [1/20/2017 11:14] [PENJUALAN] CASHIER FORM : cashierDataGridView_CellValueChanged [qty]
[ADMIN] [1/20/2017 11:14] [PENJUALAN] CASHIER FORM : cashierDataGridView_CellValueChanged, previousInput [0]
[ADMIN] [1/20/2017 11:14] [PENJUALAN] CASHIER FORM : ComboBox_SelectedIndexChanged, CHECK FOR CUST PRODUCT DISC, selectedPelangganID [352]
[ADMIN] [1/20/2017 11:14] [PENJUALAN] CASHIER FORM : cashierDataGridView_CellValueChanged [disc1]
[ADMIN] [1/20/2017 11:14] [PENJUALAN] CASHIER FORM : cashierDataGridView_CellValueChanged, previousInput [0]
[ADMIN] [1/20/2017 11:14] [PENJUALAN] CASHIER FORM : cashierDataGridView_CellValueChanged [disc2]
[ADMIN] [1/20/2017 11:14] [PENJUALAN] CASHIER FORM : cashierDataGridView_CellValueChanged, previousInput [0]
[ADMIN] [1/20/2017 11:14] [PENJUALAN] CASHIER FORM : cashierDataGridView_CellValueChanged [discRP]
[ADMIN] [1/20/2017 11:14] [PENJUALAN] CASHIER FORM : cashierDataGridView_CellValueChanged, previousInput [0]
[ADMIN] [1/20/2017 11:14] [PENJUALAN] CASHIER FORM : cashierDataGridView_CellValueChanged, cellValue [50]
[ADMIN] [1/20/2017 11:14] [PENJUALAN] CASHIER FORM : cashierDataGridView_CellValueChanged, dataGridViewTextBoxEditingControl.Text pass REGEX Checking
[ADMIN] [1/20/2017 11:14] [PENJUALAN] CASHIER FORM : CALCULATE SUBTOTAL
[ADMIN] [1/20/2017 11:14] [PENJUALAN] CASHIER FORM : SUBTOTAL [0]
[ADMIN] [1/20/2017 11:14] [PENJUALAN] CASHIER FORM : cashierDataGridView_CellValueChanged, subtotal value [0]
[ADMIN] [1/20/2017 11:14] [PENJUALAN] CASHIER FORM : cashierDataGridView_CellValueChanged, attempt to calculate total value
[ADMIN] [1/20/2017 11:14] [PENJUALAN] CASHIER FORM : calculateTotal
[ADMIN] [1/20/2017 11:14] [PENJUALAN] CASHIER FORM : calculateTotal [238000]
[ADMIN] [1/20/2017 11:14] [PENJUALAN] CASHIER FORM : calculateTotal, totalAfterDisc [238000]
[ADMIN] [1/20/2017 11:14] [PENJUALAN] CASHIER FORM : calculateChangeValue, bayarTextBox.Text [Rp238.000]
[ADMIN] [1/20/2017 11:14] [PENJUALAN] CASHIER FORM : calculateChangeValue, sisaBayar [0]
[ADMIN] [1/20/2017 11:14] [PENJUALAN] CASHIER FORM : ComboBox_SelectedIndexChanged, LOAD DISC [0, 0, 50]
[ADMIN] [1/20/2017 11:14] [PENJUALAN] CASHIER FORM : cashierDataGridView_CellValueChanged [jumlah]
[ADMIN] [1/20/2017 11:14] [PENJUALAN] CASHIER FORM : calculateTotal
[ADMIN] [1/20/2017 11:14] [PENJUALAN] CASHIER FORM : calculateTotal [238000]
[ADMIN] [1/20/2017 11:14] [PENJUALAN] CASHIER FORM : calculateTotal, totalAfterDisc [238000]
[ADMIN] [1/20/2017 11:14] [PENJUALAN] CASHIER FORM : calculateChangeValue, bayarTextBox.Text [Rp238.000]
[ADMIN] [1/20/2017 11:14] [PENJUALAN] CASHIER FORM : calculateChangeValue, sisaBayar [0]
[ADMIN] [1/20/2017 11:14] [PENJUALAN] CASHIER FORM : CHECK STOCK QTY IS ENOUGH [PROD11JAN_2]
[ADMIN] [1/20/2017 11:14] [PENJUALAN] CASHIER FORM : CHECK STOCK QTY IS ENOUGH [3912, 1]
[ADMIN] [1/20/2017 11:14] [PENJUALAN] CASHIER FORM : cashierDataGridView_CellValueChanged [qty]
[ADMIN] [1/20/2017 11:14] [PENJUALAN] CASHIER FORM : cashierDataGridView_CellValueChanged, previousInput [0]
[ADMIN] [1/20/2017 11:14] [PENJUALAN] CASHIER FORM : cashierDataGridView_CellValueChanged, cellValue [1]
[ADMIN] [1/20/2017 11:14] [PENJUALAN] CASHIER FORM : cashierDataGridView_CellValueChanged, dataGridViewTextBoxEditingControl.Text pass REGEX Checking
[ADMIN] [1/20/2017 11:14] [PENJUALAN] CASHIER FORM : CHECK STOCK QTY IS ENOUGH [PROD11JAN_2]
[ADMIN] [1/20/2017 11:14] [PENJUALAN] CASHIER FORM : CHECK STOCK QTY IS ENOUGH [3912, 1]
[ADMIN] [1/20/2017 11:14] [PENJUALAN] CASHIER FORM : CALCULATE SUBTOTAL
[ADMIN] [1/20/2017 11:14] [PENJUALAN] CASHIER FORM : SUBTOTAL [50]
[ADMIN] [1/20/2017 11:14] [PENJUALAN] CASHIER FORM : cashierDataGridView_CellValueChanged, subtotal value [50]
[ADMIN] [1/20/2017 11:14] [PENJUALAN] CASHIER FORM : cashierDataGridView_CellValueChanged, attempt to calculate total value
[ADMIN] [1/20/2017 11:14] [PENJUALAN] CASHIER FORM : calculateTotal
[ADMIN] [1/20/2017 11:14] [PENJUALAN] CASHIER FORM : calculateTotal [238050]
[ADMIN] [1/20/2017 11:14] [PENJUALAN] CASHIER FORM : calculateTotal, totalAfterDisc [238050]
[ADMIN] [1/20/2017 11:14] [PENJUALAN] CASHIER FORM : calculateChangeValue, bayarTextBox.Text [Rp238.000]
[ADMIN] [1/20/2017 11:14] [PENJUALAN] CASHIER FORM : calculateChangeValue, sisaBayar [0]
[ADMIN] [1/20/2017 11:14] [PENJUALAN] CASHIER FORM : SET QTY TO 1 BECAUSE OF NEW ROW
[ADMIN] [1/20/2017 11:14] [PENJUALAN] CASHIER FORM : CALCULATE SUBTOTAL
[ADMIN] [1/20/2017 11:14] [PENJUALAN] CASHIER FORM : SUBTOTAL [50]
[ADMIN] [1/20/2017 11:14] [PENJUALAN] CASHIER FORM : calculateTotal
[ADMIN] [1/20/2017 11:14] [PENJUALAN] CASHIER FORM : calculateTotal [238050]
[ADMIN] [1/20/2017 11:14] [PENJUALAN] CASHIER FORM : calculateTotal, totalAfterDisc [238050]
[ADMIN] [1/20/2017 11:14] [PENJUALAN] CASHIER FORM : calculateChangeValue, bayarTextBox.Text [Rp238.000]
[ADMIN] [1/20/2017 11:14] [PENJUALAN] CASHIER FORM : calculateChangeValue, sisaBayar [0]
[ADMIN] [1/20/2017 11:14] [PENJUALAN] CASHIER FORM : UPDATE ROW NUMBER, TOTAL ROW [4]
[ADMIN] [1/20/2017 11:14] [PENJUALAN] CASHIER FORM : cashierDataGridView_CellValueChanged [F8]
[ADMIN] [1/20/2017 11:14] [PENJUALAN] CASHIER FORM : REGISTER HOTKEY
[ADMIN] [1/20/2017 11:14] [PENJUALAN] CASHIER FORM : Combobox_KeyUp, cashierDataGridView.CurrentCell.OwningColumn.Name  [qty]
[ADMIN] [1/20/2017 11:14] [PENJUALAN] CASHIER FORM : Combobox_KeyUp, cashierDataGridView.CurrentCell.OwningColumn.Name  [qty]
[ADMIN] [1/20/2017 11:14] [PENJUALAN] CASHIER FORM : cashierDataGridView_CellValueChanged [qty]
[ADMIN] [1/20/2017 11:14] [PENJUALAN] CASHIER FORM : cashierDataGridView_CellValueChanged, previousInput [1]
[ADMIN] [1/20/2017 11:14] [PENJUALAN] CASHIER FORM : cashierDataGridView_CellValueChanged, dataGridViewTextBoxEditingControl.Text pass REGEX Checking
[ADMIN] [1/20/2017 11:14] [PENJUALAN] CASHIER FORM : CHECK STOCK QTY IS ENOUGH [PROD11JAN_2]
[ADMIN] [1/20/2017 11:14] [PENJUALAN] CASHIER FORM : CHECK STOCK QTY IS ENOUGH [3912, 2]
[ADMIN] [1/20/2017 11:14] [PENJUALAN] CASHIER FORM : CALCULATE SUBTOTAL
[ADMIN] [1/20/2017 11:14] [PENJUALAN] CASHIER FORM : SUBTOTAL [150]
[ADMIN] [1/20/2017 11:14] [PENJUALAN] CASHIER FORM : cashierDataGridView_CellValueChanged, subtotal value [150]
[ADMIN] [1/20/2017 11:14] [PENJUALAN] CASHIER FORM : cashierDataGridView_CellValueChanged, attempt to calculate total value
[ADMIN] [1/20/2017 11:14] [PENJUALAN] CASHIER FORM : calculateTotal
[ADMIN] [1/20/2017 11:14] [PENJUALAN] CASHIER FORM : calculateTotal [238150]
[ADMIN] [1/20/2017 11:14] [PENJUALAN] CASHIER FORM : calculateTotal, totalAfterDisc [238150]
[ADMIN] [1/20/2017 11:14] [PENJUALAN] CASHIER FORM : calculateChangeValue, bayarTextBox.Text [Rp238.000]
[ADMIN] [1/20/2017 11:14] [PENJUALAN] CASHIER FORM : calculateChangeValue, sisaBayar [0]
[ADMIN] [1/20/2017 11:14] [PENJUALAN] CASHIER FORM : Combobox_KeyUp, cashierDataGridView.CurrentCell.OwningColumn.Name  [qty]
[ADMIN] [1/20/2017 11:14] [PENJUALAN] CASHIER FORM : Combobox_KeyUp, cashierDataGridView.CurrentCell.OwningColumn.Name  [qty]
[ADMIN] [1/20/2017 11:14] [PENJUALAN] CASHIER FORM : cashierDataGridView_CellValueChanged [qty]
[ADMIN] [1/20/2017 11:14] [PENJUALAN] CASHIER FORM : cashierDataGridView_CellValueChanged, previousInput [2]
[ADMIN] [1/20/2017 11:14] [PENJUALAN] CASHIER FORM : cashierDataGridView_CellValueChanged, dataGridViewTextBoxEditingControl.Text pass REGEX Checking
[ADMIN] [1/20/2017 11:14] [PENJUALAN] CASHIER FORM : CHECK STOCK QTY IS ENOUGH [PROD11JAN_2]
[ADMIN] [1/20/2017 11:14] [PENJUALAN] CASHIER FORM : CHECK STOCK QTY IS ENOUGH [3912, 20]
[ADMIN] [1/20/2017 11:14] [PENJUALAN] CASHIER FORM : CALCULATE SUBTOTAL
[ADMIN] [1/20/2017 11:14] [PENJUALAN] CASHIER FORM : SUBTOTAL [1950]
[ADMIN] [1/20/2017 11:14] [PENJUALAN] CASHIER FORM : cashierDataGridView_CellValueChanged, subtotal value [1950]
[ADMIN] [1/20/2017 11:14] [PENJUALAN] CASHIER FORM : cashierDataGridView_CellValueChanged, attempt to calculate total value
[ADMIN] [1/20/2017 11:14] [PENJUALAN] CASHIER FORM : calculateTotal
[ADMIN] [1/20/2017 11:14] [PENJUALAN] CASHIER FORM : calculateTotal [239950]
[ADMIN] [1/20/2017 11:14] [PENJUALAN] CASHIER FORM : calculateTotal, totalAfterDisc [239950]
[ADMIN] [1/20/2017 11:14] [PENJUALAN] CASHIER FORM : calculateChangeValue, bayarTextBox.Text [Rp238.000]
[ADMIN] [1/20/2017 11:14] [PENJUALAN] CASHIER FORM : calculateChangeValue, sisaBayar [0]
[ADMIN] [1/20/2017 11:14] [PENJUALAN] CASHIER FORM : Combobox_KeyUp, cashierDataGridView.CurrentCell.OwningColumn.Name  [qty]
[ADMIN] [1/20/2017 11:14] [PENJUALAN] CASHIER FORM : Combobox_KeyUp, cashierDataGridView.CurrentCell.OwningColumn.Name  [qty]
[ADMIN] [1/20/2017 11:14] [PENJUALAN] CASHIER FORM : Combobox_KeyUp, cashierDataGridView.CurrentCell.OwningColumn.Name  [disc1]
[ADMIN] [1/20/2017 11:14] [PENJUALAN] CASHIER FORM : Combobox_KeyUp, cashierDataGridView.CurrentCell.OwningColumn.Name  [disc1]
[ADMIN] [1/20/2017 11:14] [PENJUALAN] CASHIER FORM : UNREGISTER HOTKEY
[ADMIN] [1/20/2017 11:14] [PENJUALAN] CASHIER FORM : REGISTER HOTKEY
[ADMIN] [1/20/2017 11:14] [PENJUALAN] CASHIER FORM : Combobox_KeyUp, cashierDataGridView.CurrentCell.OwningColumn.Name  [disc1]
[ADMIN] [1/20/2017 11:14] [PENJUALAN] CASHIER FORM : Combobox_KeyUp, cashierDataGridView.CurrentCell.OwningColumn.Name  [disc1]
[ADMIN] [1/20/2017 11:14] [PENJUALAN] CASHIER FORM : Combobox_KeyUp, cashierDataGridView.CurrentCell.OwningColumn.Name  [qty]
[ADMIN] [1/20/2017 11:14] [PENJUALAN] CASHIER FORM : Combobox_KeyUp, cashierDataGridView.CurrentCell.OwningColumn.Name  [qty]
[ADMIN] [1/20/2017 11:14] [PENJUALAN] CASHIER FORM : Combobox_KeyUp, cashierDataGridView.CurrentCell.OwningColumn.Name  [qty]
[ADMIN] [1/20/2017 11:14] [PENJUALAN] CASHIER FORM : Combobox_KeyUp, cashierDataGridView.CurrentCell.OwningColumn.Name  [qty]
[ADMIN] [1/20/2017 11:14] [PENJUALAN] CASHIER FORM : cashierDataGridView_CellValueChanged [qty]
[ADMIN] [1/20/2017 11:14] [PENJUALAN] CASHIER FORM : cashierDataGridView_CellValueChanged, previousInput [20]
[ADMIN] [1/20/2017 11:14] [PENJUALAN] CASHIER FORM : cashierDataGridView_CellValueChanged, dataGridViewTextBoxEditingControl.Text pass REGEX Checking
[ADMIN] [1/20/2017 11:14] [PENJUALAN] CASHIER FORM : CHECK STOCK QTY IS ENOUGH [PROD11JAN_2]
[ADMIN] [1/20/2017 11:14] [PENJUALAN] CASHIER FORM : CHECK STOCK QTY IS ENOUGH [3912, 2]
[ADMIN] [1/20/2017 11:14] [PENJUALAN] CASHIER FORM : CALCULATE SUBTOTAL
[ADMIN] [1/20/2017 11:14] [PENJUALAN] CASHIER FORM : SUBTOTAL [150]
[ADMIN] [1/20/2017 11:14] [PENJUALAN] CASHIER FORM : cashierDataGridView_CellValueChanged, subtotal value [150]
[ADMIN] [1/20/2017 11:14] [PENJUALAN] CASHIER FORM : cashierDataGridView_CellValueChanged, attempt to calculate total value
[ADMIN] [1/20/2017 11:14] [PENJUALAN] CASHIER FORM : calculateTotal
[ADMIN] [1/20/2017 11:14] [PENJUALAN] CASHIER FORM : calculateTotal [238150]
[ADMIN] [1/20/2017 11:14] [PENJUALAN] CASHIER FORM : calculateTotal, totalAfterDisc [238150]
[ADMIN] [1/20/2017 11:14] [PENJUALAN] CASHIER FORM : calculateChangeValue, bayarTextBox.Text [Rp238.000]
[ADMIN] [1/20/2017 11:14] [PENJUALAN] CASHIER FORM : calculateChangeValue, sisaBayar [0]
[ADMIN] [1/20/2017 11:14] [PENJUALAN] CASHIER FORM : Combobox_KeyUp, cashierDataGridView.CurrentCell.OwningColumn.Name  [qty]
[ADMIN] [1/20/2017 11:14] [PENJUALAN] CASHIER FORM : Combobox_KeyUp, cashierDataGridView.CurrentCell.OwningColumn.Name  [qty]
[ADMIN] [1/20/2017 11:14] [PENJUALAN] CASHIER FORM : cashierDataGridView_CellValueChanged [qty]
[ADMIN] [1/20/2017 11:14] [PENJUALAN] CASHIER FORM : cashierDataGridView_CellValueChanged, empty texbox, reset [qty] value to 0
[ADMIN] [1/20/2017 11:14] [PENJUALAN] CASHIER FORM : TextBox_TextChanged, recalculate total value
[ADMIN] [1/20/2017 11:14] [PENJUALAN] CASHIER FORM : calculateTotal
[ADMIN] [1/20/2017 11:14] [PENJUALAN] CASHIER FORM : calculateTotal [238000]
[ADMIN] [1/20/2017 11:14] [PENJUALAN] CASHIER FORM : calculateTotal, totalAfterDisc [238000]
[ADMIN] [1/20/2017 11:14] [PENJUALAN] CASHIER FORM : calculateChangeValue, bayarTextBox.Text [Rp238.000]
[ADMIN] [1/20/2017 11:14] [PENJUALAN] CASHIER FORM : calculateChangeValue, sisaBayar [0]
[ADMIN] [1/20/2017 11:14] [PENJUALAN] CASHIER FORM : Combobox_KeyUp, cashierDataGridView.CurrentCell.OwningColumn.Name  [qty]
[ADMIN] [1/20/2017 11:14] [PENJUALAN] CASHIER FORM : Combobox_KeyUp, cashierDataGridView.CurrentCell.OwningColumn.Name  [qty]
[ADMIN] [1/20/2017 11:14] [PENJUALAN] CASHIER FORM : cashierDataGridView_CellValueChanged [qty]
[ADMIN] [1/20/2017 11:14] [PENJUALAN] CASHIER FORM : cashierDataGridView_CellValueChanged, previousInput [0]
[ADMIN] [1/20/2017 11:14] [PENJUALAN] CASHIER FORM : cashierDataGridView_CellValueChanged, cellValue [2]
[ADMIN] [1/20/2017 11:14] [PENJUALAN] CASHIER FORM : cashierDataGridView_CellValueChanged, dataGridViewTextBoxEditingControl.Text pass REGEX Checking
[ADMIN] [1/20/2017 11:14] [PENJUALAN] CASHIER FORM : CHECK STOCK QTY IS ENOUGH [PROD11JAN_2]
[ADMIN] [1/20/2017 11:14] [PENJUALAN] CASHIER FORM : CHECK STOCK QTY IS ENOUGH [3912, 2]
[ADMIN] [1/20/2017 11:14] [PENJUALAN] CASHIER FORM : CALCULATE SUBTOTAL
[ADMIN] [1/20/2017 11:14] [PENJUALAN] CASHIER FORM : SUBTOTAL [150]
[ADMIN] [1/20/2017 11:14] [PENJUALAN] CASHIER FORM : cashierDataGridView_CellValueChanged, subtotal value [150]
[ADMIN] [1/20/2017 11:14] [PENJUALAN] CASHIER FORM : cashierDataGridView_CellValueChanged, attempt to calculate total value
[ADMIN] [1/20/2017 11:14] [PENJUALAN] CASHIER FORM : calculateTotal
[ADMIN] [1/20/2017 11:14] [PENJUALAN] CASHIER FORM : calculateTotal [238150]
[ADMIN] [1/20/2017 11:14] [PENJUALAN] CASHIER FORM : calculateTotal, totalAfterDisc [238150]
[ADMIN] [1/20/2017 11:14] [PENJUALAN] CASHIER FORM : calculateChangeValue, bayarTextBox.Text [Rp238.000]
[ADMIN] [1/20/2017 11:14] [PENJUALAN] CASHIER FORM : calculateChangeValue, sisaBayar [0]
[ADMIN] [1/20/2017 11:14] [PENJUALAN] CASHIER FORM : Combobox_KeyUp, cashierDataGridView.CurrentCell.OwningColumn.Name  [qty]
[ADMIN] [1/20/2017 11:14] [PENJUALAN] CASHIER FORM : Combobox_KeyUp, cashierDataGridView.CurrentCell.OwningColumn.Name  [qty]
[ADMIN] [1/20/2017 11:14] [PENJUALAN] CASHIER FORM : cashierDataGridView_CellValueChanged [qty]
[ADMIN] [1/20/2017 11:14] [PENJUALAN] CASHIER FORM : cashierDataGridView_CellValueChanged, previousInput [2]
[ADMIN] [1/20/2017 11:14] [PENJUALAN] CASHIER FORM : cashierDataGridView_CellValueChanged, dataGridViewTextBoxEditingControl.Text pass REGEX Checking
[ADMIN] [1/20/2017 11:14] [PENJUALAN] CASHIER FORM : CHECK STOCK QTY IS ENOUGH [PROD11JAN_2]
[ADMIN] [1/20/2017 11:14] [PENJUALAN] CASHIER FORM : CHECK STOCK QTY IS ENOUGH [3912, 20]
[ADMIN] [1/20/2017 11:14] [PENJUALAN] CASHIER FORM : CALCULATE SUBTOTAL
[ADMIN] [1/20/2017 11:14] [PENJUALAN] CASHIER FORM : SUBTOTAL [1950]
[ADMIN] [1/20/2017 11:14] [PENJUALAN] CASHIER FORM : cashierDataGridView_CellValueChanged, subtotal value [1950]
[ADMIN] [1/20/2017 11:14] [PENJUALAN] CASHIER FORM : cashierDataGridView_CellValueChanged, attempt to calculate total value
[ADMIN] [1/20/2017 11:14] [PENJUALAN] CASHIER FORM : calculateTotal
[ADMIN] [1/20/2017 11:14] [PENJUALAN] CASHIER FORM : calculateTotal [239950]
[ADMIN] [1/20/2017 11:14] [PENJUALAN] CASHIER FORM : calculateTotal, totalAfterDisc [239950]
[ADMIN] [1/20/2017 11:14] [PENJUALAN] CASHIER FORM : calculateChangeValue, bayarTextBox.Text [Rp238.000]
[ADMIN] [1/20/2017 11:14] [PENJUALAN] CASHIER FORM : calculateChangeValue, sisaBayar [0]
[ADMIN] [1/20/2017 11:14] [PENJUALAN] CASHIER FORM : Combobox_KeyUp, cashierDataGridView.CurrentCell.OwningColumn.Name  [qty]
[ADMIN] [1/20/2017 11:14] [PENJUALAN] CASHIER FORM : Combobox_KeyUp, cashierDataGridView.CurrentCell.OwningColumn.Name  [qty]
[ADMIN] [1/20/2017 11:14] [PENJUALAN] CASHIER FORM : cashierDataGridView_CellValueChanged [qty]
[ADMIN] [1/20/2017 11:14] [PENJUALAN] CASHIER FORM : cashierDataGridView_CellValueChanged, previousInput [20]
[ADMIN] [1/20/2017 11:14] [PENJUALAN] CASHIER FORM : cashierDataGridView_CellValueChanged, dataGridViewTextBoxEditingControl.Text pass REGEX Checking
[ADMIN] [1/20/2017 11:14] [PENJUALAN] CASHIER FORM : CHECK STOCK QTY IS ENOUGH [PROD11JAN_2]
[ADMIN] [1/20/2017 11:14] [PENJUALAN] CASHIER FORM : CHECK STOCK QTY IS ENOUGH [3912, 200]
[ADMIN] [1/20/2017 11:14] [PENJUALAN] CASHIER FORM : CALCULATE SUBTOTAL
[ADMIN] [1/20/2017 11:14] [PENJUALAN] CASHIER FORM : SUBTOTAL [19950]
[ADMIN] [1/20/2017 11:14] [PENJUALAN] CASHIER FORM : cashierDataGridView_CellValueChanged, subtotal value [19950]
[ADMIN] [1/20/2017 11:14] [PENJUALAN] CASHIER FORM : cashierDataGridView_CellValueChanged, attempt to calculate total value
[ADMIN] [1/20/2017 11:14] [PENJUALAN] CASHIER FORM : calculateTotal
[ADMIN] [1/20/2017 11:14] [PENJUALAN] CASHIER FORM : calculateTotal [257950]
[ADMIN] [1/20/2017 11:14] [PENJUALAN] CASHIER FORM : calculateTotal, totalAfterDisc [257950]
[ADMIN] [1/20/2017 11:14] [PENJUALAN] CASHIER FORM : calculateChangeValue, bayarTextBox.Text [Rp238.000]
[ADMIN] [1/20/2017 11:14] [PENJUALAN] CASHIER FORM : calculateChangeValue, sisaBayar [0]
[ADMIN] [1/20/2017 11:14] [PENJUALAN] CASHIER FORM : Combobox_KeyUp, cashierDataGridView.CurrentCell.OwningColumn.Name  [qty]
[ADMIN] [1/20/2017 11:14] [PENJUALAN] CASHIER FORM : Combobox_KeyUp, cashierDataGridView.CurrentCell.OwningColumn.Name  [qty]
[ADMIN] [1/20/2017 11:14] [PENJUALAN] CASHIER FORM : cashierDataGridView_CellValueChanged [qty]
[ADMIN] [1/20/2017 11:14] [PENJUALAN] CASHIER FORM : cashierDataGridView_CellValueChanged, previousInput [200]
[ADMIN] [1/20/2017 11:14] [PENJUALAN] CASHIER FORM : cashierDataGridView_CellValueChanged, dataGridViewTextBoxEditingControl.Text pass REGEX Checking
[ADMIN] [1/20/2017 11:14] [PENJUALAN] CASHIER FORM : CHECK STOCK QTY IS ENOUGH [PROD11JAN_2]
[ADMIN] [1/20/2017 11:14] [PENJUALAN] CASHIER FORM : CHECK STOCK QTY IS ENOUGH [3912, 2000]
[ADMIN] [1/20/2017 11:14] [PENJUALAN] CASHIER FORM : CALCULATE SUBTOTAL
[ADMIN] [1/20/2017 11:14] [PENJUALAN] CASHIER FORM : SUBTOTAL [199950]
[ADMIN] [1/20/2017 11:14] [PENJUALAN] CASHIER FORM : cashierDataGridView_CellValueChanged, subtotal value [199950]
[ADMIN] [1/20/2017 11:14] [PENJUALAN] CASHIER FORM : cashierDataGridView_CellValueChanged, attempt to calculate total value
[ADMIN] [1/20/2017 11:14] [PENJUALAN] CASHIER FORM : calculateTotal
[ADMIN] [1/20/2017 11:14] [PENJUALAN] CASHIER FORM : calculateTotal [437950]
[ADMIN] [1/20/2017 11:14] [PENJUALAN] CASHIER FORM : calculateTotal, totalAfterDisc [437950]
[ADMIN] [1/20/2017 11:14] [PENJUALAN] CASHIER FORM : calculateChangeValue, bayarTextBox.Text [Rp238.000]
[ADMIN] [1/20/2017 11:14] [PENJUALAN] CASHIER FORM : calculateChangeValue, sisaBayar [0]
[ADMIN] [1/20/2017 11:14] [PENJUALAN] CASHIER FORM : Combobox_KeyUp, cashierDataGridView.CurrentCell.OwningColumn.Name  [qty]
[ADMIN] [1/20/2017 11:14] [PENJUALAN] CASHIER FORM : Combobox_KeyUp, cashierDataGridView.CurrentCell.OwningColumn.Name  [qty]
[ADMIN] [1/20/2017 11:14] [PENJUALAN] CASHIER FORM : Combobox_KeyUp, cashierDataGridView.CurrentCell.OwningColumn.Name  [disc1]
[ADMIN] [1/20/2017 11:14] [PENJUALAN] CASHIER FORM : Combobox_KeyUp, cashierDataGridView.CurrentCell.OwningColumn.Name  [disc1]
[ADMIN] [1/20/2017 11:14] [PENJUALAN] CASHIER FORM : cashierDataGridView_CellValueChanged [disc1]
[ADMIN] [1/20/2017 11:14] [PENJUALAN] CASHIER FORM : cashierDataGridView_CellValueChanged, previousInput [0]
[ADMIN] [1/20/2017 11:14] [PENJUALAN] CASHIER FORM : cashierDataGridView_CellValueChanged, cellValue [5]
[ADMIN] [1/20/2017 11:14] [PENJUALAN] CASHIER FORM : cashierDataGridView_CellValueChanged, dataGridViewTextBoxEditingControl.Text pass REGEX Checking
[ADMIN] [1/20/2017 11:14] [PENJUALAN] CASHIER FORM : CALCULATE SUBTOTAL
[ADMIN] [1/20/2017 11:14] [PENJUALAN] CASHIER FORM : SUBTOTAL [189950]
[ADMIN] [1/20/2017 11:14] [PENJUALAN] CASHIER FORM : cashierDataGridView_CellValueChanged, subtotal value [189950]
[ADMIN] [1/20/2017 11:14] [PENJUALAN] CASHIER FORM : cashierDataGridView_CellValueChanged, attempt to calculate total value
[ADMIN] [1/20/2017 11:14] [PENJUALAN] CASHIER FORM : calculateTotal
[ADMIN] [1/20/2017 11:14] [PENJUALAN] CASHIER FORM : calculateTotal [427950]
[ADMIN] [1/20/2017 11:14] [PENJUALAN] CASHIER FORM : calculateTotal, totalAfterDisc [427950]
[ADMIN] [1/20/2017 11:14] [PENJUALAN] CASHIER FORM : calculateChangeValue, bayarTextBox.Text [Rp238.000]
[ADMIN] [1/20/2017 11:14] [PENJUALAN] CASHIER FORM : calculateChangeValue, sisaBayar [0]
[ADMIN] [1/20/2017 11:14] [PENJUALAN] CASHIER FORM : Combobox_KeyUp, cashierDataGridView.CurrentCell.OwningColumn.Name  [disc1]
[ADMIN] [1/20/2017 11:14] [PENJUALAN] CASHIER FORM : Combobox_KeyUp, cashierDataGridView.CurrentCell.OwningColumn.Name  [disc1]
[ADMIN] [1/20/2017 11:14] [PENJUALAN] CASHIER FORM : cashierDataGridView_CellValueChanged [disc1]
[ADMIN] [1/20/2017 11:14] [PENJUALAN] CASHIER FORM : cashierDataGridView_CellValueChanged, previousInput [5]
[ADMIN] [1/20/2017 11:14] [PENJUALAN] CASHIER FORM : cashierDataGridView_CellValueChanged, dataGridViewTextBoxEditingControl.Text pass REGEX Checking
[ADMIN] [1/20/2017 11:14] [PENJUALAN] CASHIER FORM : CALCULATE SUBTOTAL
[ADMIN] [1/20/2017 11:14] [PENJUALAN] CASHIER FORM : SUBTOTAL [99950]
[ADMIN] [1/20/2017 11:14] [PENJUALAN] CASHIER FORM : cashierDataGridView_CellValueChanged, subtotal value [99950]
[ADMIN] [1/20/2017 11:14] [PENJUALAN] CASHIER FORM : cashierDataGridView_CellValueChanged, attempt to calculate total value
[ADMIN] [1/20/2017 11:14] [PENJUALAN] CASHIER FORM : calculateTotal
[ADMIN] [1/20/2017 11:14] [PENJUALAN] CASHIER FORM : calculateTotal [337950]
[ADMIN] [1/20/2017 11:14] [PENJUALAN] CASHIER FORM : calculateTotal, totalAfterDisc [337950]
[ADMIN] [1/20/2017 11:14] [PENJUALAN] CASHIER FORM : calculateChangeValue, bayarTextBox.Text [Rp238.000]
[ADMIN] [1/20/2017 11:14] [PENJUALAN] CASHIER FORM : calculateChangeValue, sisaBayar [0]
[ADMIN] [1/20/2017 11:14] [PENJUALAN] CASHIER FORM : Combobox_KeyUp, cashierDataGridView.CurrentCell.OwningColumn.Name  [disc1]
[ADMIN] [1/20/2017 11:14] [PENJUALAN] CASHIER FORM : Combobox_KeyUp, cashierDataGridView.CurrentCell.OwningColumn.Name  [disc1]
[ADMIN] [1/20/2017 11:15] [PENJUALAN] CASHIER FORM : calculateChangeValue, bayarTextBox.Text [238000]
[ADMIN] [1/20/2017 11:15] [PENJUALAN] CASHIER FORM : calculateChangeValue, sisaBayar [0]
[ADMIN] [1/20/2017 11:15] [PENJUALAN] CASHIER FORM : calculateChangeValue, bayarTextBox.Text [3]
[ADMIN] [1/20/2017 11:15] [PENJUALAN] CASHIER FORM : calculateChangeValue, sisaBayar [0]
[ADMIN] [1/20/2017 11:15] [PENJUALAN] CASHIER FORM : calculateChangeValue, bayarTextBox.Text [33]
[ADMIN] [1/20/2017 11:15] [PENJUALAN] CASHIER FORM : calculateChangeValue, sisaBayar [0]
[ADMIN] [1/20/2017 11:15] [PENJUALAN] CASHIER FORM : calculateChangeValue, bayarTextBox.Text [337]
[ADMIN] [1/20/2017 11:15] [PENJUALAN] CASHIER FORM : calculateChangeValue, sisaBayar [0]
[ADMIN] [1/20/2017 11:15] [PENJUALAN] CASHIER FORM : calculateChangeValue, bayarTextBox.Text [3379]
[ADMIN] [1/20/2017 11:15] [PENJUALAN] CASHIER FORM : calculateChangeValue, sisaBayar [0]
[ADMIN] [1/20/2017 11:15] [PENJUALAN] CASHIER FORM : calculateChangeValue, bayarTextBox.Text [33795]
[ADMIN] [1/20/2017 11:15] [PENJUALAN] CASHIER FORM : calculateChangeValue, sisaBayar [0]
[ADMIN] [1/20/2017 11:15] [PENJUALAN] CASHIER FORM : calculateChangeValue, bayarTextBox.Text [337950]
[ADMIN] [1/20/2017 11:15] [PENJUALAN] CASHIER FORM : calculateChangeValue, sisaBayar [0]
[ADMIN] [1/20/2017 11:15] [PENJUALAN] CASHIER FORM : HOTKEY TO SAVE AND PRINT OUT INVOICE PRESSED
[ADMIN] [1/20/2017 11:15] [PENJUALAN] CASHIER FORM : UNREGISTER HOTKEY
[ADMIN] [1/20/2017 11:15] [PENJUALAN] CASHIER FORM : REGISTER HOTKEY
[ADMIN] [1/20/2017 11:15] [PENJUALAN] ATTEMPT TO SAVE AND PRINT OUT INVOICE
[ADMIN] [1/20/2017 11:15] [PENJUALAN] CASHIER FORM : UNREGISTER HOTKEY
[ADMIN] [1/20/2017 11:15] [PENJUALAN] CASHIER FORM : ATTEMPT TO SAVE SALES DATA [20-01-2017 11:15]
[ADMIN] [1/20/2017 11:15] [PENJUALAN] CASHIER FORM : SALES DISC FINAL [0]
[ADMIN] [1/20/2017 11:15] [PENJUALAN] CASHIER FORM : CASH SALES
[ADMIN] [1/20/2017 11:15] [PENJUALAN] RETURN SALES DETAIL EXPIRY AMOUNT [SLO001-35]
[ADMIN] [1/20/2017 11:15] [PENJUALAN] RETURN SALES DETAIL AMOUNT [SLO001-35]
[ADMIN] [1/20/2017 11:15] [PENJUALAN] RETURN SALES DETAIL AMOUNT [SLO001-35]
[ADMIN] [1/20/2017 11:15] [PENJUALAN] UPDATE SALES HEADER [SLO001-35]
[ADMIN] [1/20/2017 11:15] [PENJUALAN] DELETE SALES DETAIL EXPIRY [SLO001-35]
[ADMIN] [1/20/2017 11:15] [PENJUALAN] DELETE SALES DETAIL[SLO001-35]
[ADMIN] [1/20/2017 11:15] [PENJUALAN] INSERT INTO SALES DETAIL[PROD11JAN, 15000, 20]
[ADMIN] [1/20/2017 11:15] [PENJUALAN] REDUCE STOCK AT MASTER PRODUCT [PROD11JAN]
[ADMIN] [1/20/2017 11:15] [PENJUALAN] REDUCE STOCK AT PRODUCT_EXPIRY LOT [15]
[ADMIN] [1/20/2017 11:15] [PENJUALAN] SAVE PRODUCT LOT INFORMATION FOR EACH ITEM AND AMOUNT
[ADMIN] [1/20/2017 11:15] [PENJUALAN] UPDATE CUSTOMER PRODUCT DISC [PROD11JAN]
[ADMIN] [1/20/2017 11:15] [PENJUALAN] INSERT INTO SALES DETAIL[PROD11JAN_1, 1000, 22]
[ADMIN] [1/20/2017 11:15] [PENJUALAN] REDUCE STOCK AT MASTER PRODUCT [PROD11JAN_1]
[ADMIN] [1/20/2017 11:15] [PENJUALAN] UPDATE CUSTOMER PRODUCT DISC [PROD11JAN_1]
[ADMIN] [1/20/2017 11:15] [PENJUALAN] INSERT INTO SALES DETAIL[PROD11JAN_2, 100, 2000]
[ADMIN] [1/20/2017 11:15] [PENJUALAN] REDUCE STOCK AT MASTER PRODUCT [PROD11JAN_2]
[ADMIN] [1/20/2017 11:15] [PENJUALAN] REDUCE STOCK AT PRODUCT_EXPIRY LOT [10]
[ADMIN] [1/20/2017 11:15] [PENJUALAN] SAVE PRODUCT LOT INFORMATION FOR EACH ITEM AND AMOUNT
[ADMIN] [1/20/2017 11:15] [PENJUALAN] REDUCE STOCK AT PRODUCT_EXPIRY LOT [13]
[ADMIN] [1/20/2017 11:15] [PENJUALAN] SAVE PRODUCT LOT INFORMATION FOR EACH ITEM AND AMOUNT
[ADMIN] [1/20/2017 11:15] [PENJUALAN] REDUCE STOCK AT PRODUCT_EXPIRY LOT [9]
[ADMIN] [1/20/2017 11:15] [PENJUALAN] SAVE PRODUCT LOT INFORMATION FOR EACH ITEM AND AMOUNT
[ADMIN] [1/20/2017 11:15] [PENJUALAN] UPDATE CUSTOMER PRODUCT DISC [PROD11JAN_2]
[ADMIN] [1/20/2017 11:15] [PENJUALAN] UPDATE CREDIT TABLE [SLO001-35]
[ADMIN] [1/20/2017 11:15] [PENJUALAN] INSERT TO DAILY JOURNAL TABLE [99950]
[ADMIN] [1/20/2017 11:15] [PENJUALAN] CASHIER FORM : REGISTER HOTKEY
[ADMIN] [1/20/2017 11:15] [PENJUALAN] TRANSACTION SAVED
[ADMIN] [1/20/2017 11:15] [PENJUALAN] PRINT OUT INVOICE
[ADMIN] [1/20/2017 11:15] [PENJUALAN] CASHIER FORM : PrintReceipt
[ADMIN] [1/20/2017 11:15] [PENJUALAN] CASHIER FORM : PrintReceipt, POS size Paper
[ADMIN] [1/20/2017 11:15] [PENJUALAN] CASHIER FORM : loadInfoToko
[ADMIN] [1/20/2017 11:15] [PENJUALAN] CASHIER FORM : calculatePageLength, totalLengthPage [453]
[ADMIN] [1/20/2017 11:15] [PENJUALAN] CASHIER FORM : UNREGISTER HOTKEY
[ADMIN] [1/20/2017 11:15] [PENJUALAN] CASHIER FORM : REGISTER HOTKEY
[ADMIN] [1/20/2017 11:15] [PENJUALAN] CASHIER FORM : UNREGISTER HOTKEY
[ADMIN] [1/20/2017 11:16] [PENJUALAN] CASHIER FORM : UPDATE ROW NUMBER, TOTAL ROW [1]
[ADMIN] [1/20/2017 11:16] [PENJUALAN] CASHIER FORM : REGISTER HOTKEY
[ADMIN] [1/20/2017 11:16] [PENJUALAN] CASHIER FORM : UNREGISTER HOTKEY
[ADMIN] [1/20/2017 11:16] [PENJUALAN] CASHIER FORM : UNREGISTER HOTKEY
[ADMIN] [1/20/2017 11:16] [PENJUALAN] CASHIER FORM : REGISTER HOTKEY
[ADMIN] [1/20/2017 11:16] [PENJUALAN] CASHIER FORM : cashierForm_Load, ATTEMPT TO LOAD NO FAKTUR
[ADMIN] [1/20/2017 11:16] [PENJUALAN] CASHIER FORM : loadNoFaktur, noFakturValue [SLO001]
[ADMIN] [1/20/2017 11:16] [PENJUALAN] CASHIER FORM : cashierForm_Load, ATTEMPT TO addColumnToDataGrid
[ADMIN] [1/20/2017 11:16] [PENJUALAN] CASHIER FORM : UPDATE ROW NUMBER, TOTAL ROW [1]
[ADMIN] [1/20/2017 11:16] [PENJUALAN] CASHIER FORM : calculateTotal
[ADMIN] [1/20/2017 11:16] [PENJUALAN] CASHIER FORM : calculateTotal [0]
[ADMIN] [1/20/2017 11:16] [PENJUALAN] CASHIER FORM : calculateTotal, totalAfterDisc [0]
[ADMIN] [1/20/2017 11:16] [PENJUALAN] CASHIER FORM : calculateChangeValue, bayarTextBox.Text [0]
[ADMIN] [1/20/2017 11:16] [PENJUALAN] CASHIER FORM : calculateChangeValue, sisaBayar [0]
[ADMIN] [1/20/2017 11:16] [PENJUALAN] CASHIER FORM : ADD NEW ROW,  isActive [True]
[ADMIN] [1/20/2017 11:16] [PENJUALAN] CASHIER FORM : ADD NEW ROW,  ROW COUNT [0]
[ADMIN] [1/20/2017 11:16] [PENJUALAN] CASHIER FORM : ADD NEW ROW,  ALLOW TO ADD [True]
[ADMIN] [1/20/2017 11:16] [PENJUALAN] CASHIER FORM : UPDATE ROW NUMBER, TOTAL ROW [1]
[ADMIN] [1/20/2017 11:16] [PENJUALAN] CASHIER FORM : ADD NEW ROW,  isActive [True]
[ADMIN] [1/20/2017 11:16] [PENJUALAN] CASHIER FORM : ADD NEW ROW,  ROW COUNT [1]
[ADMIN] [1/20/2017 11:16] [PENJUALAN] CASHIER FORM : ADD NEW ROW,  ALLOW TO ADD [True]
[ADMIN] [1/20/2017 11:16] [PENJUALAN] CASHIER FORM : UPDATE ROW NUMBER, TOTAL ROW [2]
[ADMIN] [1/20/2017 11:16] [PENJUALAN] CASHIER FORM : ADD NEW ROW,  isActive [True]
[ADMIN] [1/20/2017 11:16] [PENJUALAN] CASHIER FORM : ADD NEW ROW,  ROW COUNT [2]
[ADMIN] [1/20/2017 11:16] [PENJUALAN] CASHIER FORM : ADD NEW ROW,  ALLOW TO ADD [True]
[ADMIN] [1/20/2017 11:16] [PENJUALAN] CASHIER FORM : UPDATE ROW NUMBER, TOTAL ROW [3]
[ADMIN] [1/20/2017 11:16] [PENJUALAN] CASHIER FORM : UPDATE ROW NUMBER, TOTAL ROW [4]
[ADMIN] [1/20/2017 11:16] [PENJUALAN] CASHIER FORM : cashierDataGridView_CellValueChanged [F8]
[ADMIN] [1/20/2017 11:16] [PENJUALAN] CASHIER FORM : REGISTER HOTKEY
[ADMIN] [1/20/2017 11:16] [PENJUALAN] CASHIER FORM : cashierDataGridView_CellValueChanged [qty]
[ADMIN] [1/20/2017 11:16] [PENJUALAN] CASHIER FORM : cashierDataGridView_CellValueChanged, previousInput [2000]
[ADMIN] [1/20/2017 11:16] [PENJUALAN] CASHIER FORM : cashierDataGridView_CellValueChanged, dataGridViewTextBoxEditingControl.Text pass REGEX Checking
[ADMIN] [1/20/2017 11:16] [PENJUALAN] CASHIER FORM : CHECK STOCK QTY IS ENOUGH [PROD11JAN_2]
[ADMIN] [1/20/2017 11:16] [PENJUALAN] CASHIER FORM : CHECK STOCK QTY IS ENOUGH [1912, 1]
[ADMIN] [1/20/2017 11:16] [PENJUALAN] CASHIER FORM : CALCULATE SUBTOTAL
[ADMIN] [1/20/2017 11:16] [PENJUALAN] CASHIER FORM : SUBTOTAL [0]
[ADMIN] [1/20/2017 11:16] [PENJUALAN] CASHIER FORM : cashierDataGridView_CellValueChanged, subtotal value [0]
[ADMIN] [1/20/2017 11:16] [PENJUALAN] CASHIER FORM : cashierDataGridView_CellValueChanged, attempt to calculate total value
[ADMIN] [1/20/2017 11:16] [PENJUALAN] CASHIER FORM : calculateTotal
[ADMIN] [1/20/2017 11:16] [PENJUALAN] CASHIER FORM : calculateTotal [238000]
[ADMIN] [1/20/2017 11:16] [PENJUALAN] CASHIER FORM : calculateTotal, totalAfterDisc [238000]
[ADMIN] [1/20/2017 11:16] [PENJUALAN] CASHIER FORM : calculateChangeValue, bayarTextBox.Text [Rp337.950]
[ADMIN] [1/20/2017 11:16] [PENJUALAN] CASHIER FORM : calculateChangeValue, sisaBayar [99950]
[ADMIN] [1/20/2017 11:16] [PENJUALAN] CASHIER FORM : Combobox_KeyUp, cashierDataGridView.CurrentCell.OwningColumn.Name  [qty]
[ADMIN] [1/20/2017 11:16] [PENJUALAN] CASHIER FORM : cashierDataGridView_CellValueChanged [qty]
[ADMIN] [1/20/2017 11:16] [PENJUALAN] CASHIER FORM : cashierDataGridView_CellValueChanged, previousInput [1]
[ADMIN] [1/20/2017 11:16] [PENJUALAN] CASHIER FORM : cashierDataGridView_CellValueChanged, dataGridViewTextBoxEditingControl.Text pass REGEX Checking
[ADMIN] [1/20/2017 11:16] [PENJUALAN] CASHIER FORM : CHECK STOCK QTY IS ENOUGH [PROD11JAN_2]
[ADMIN] [1/20/2017 11:16] [PENJUALAN] CASHIER FORM : CHECK STOCK QTY IS ENOUGH [1912, 17]
[ADMIN] [1/20/2017 11:16] [PENJUALAN] CASHIER FORM : CALCULATE SUBTOTAL
[ADMIN] [1/20/2017 11:16] [PENJUALAN] CASHIER FORM : SUBTOTAL [800]
[ADMIN] [1/20/2017 11:16] [PENJUALAN] CASHIER FORM : cashierDataGridView_CellValueChanged, subtotal value [800]
[ADMIN] [1/20/2017 11:16] [PENJUALAN] CASHIER FORM : cashierDataGridView_CellValueChanged, attempt to calculate total value
[ADMIN] [1/20/2017 11:16] [PENJUALAN] CASHIER FORM : calculateTotal
[ADMIN] [1/20/2017 11:16] [PENJUALAN] CASHIER FORM : calculateTotal [238800]
[ADMIN] [1/20/2017 11:16] [PENJUALAN] CASHIER FORM : calculateTotal, totalAfterDisc [238800]
[ADMIN] [1/20/2017 11:16] [PENJUALAN] CASHIER FORM : calculateChangeValue, bayarTextBox.Text [Rp337.950]
[ADMIN] [1/20/2017 11:16] [PENJUALAN] CASHIER FORM : calculateChangeValue, sisaBayar [99150]
[ADMIN] [1/20/2017 11:16] [PENJUALAN] CASHIER FORM : Combobox_KeyUp, cashierDataGridView.CurrentCell.OwningColumn.Name  [qty]
[ADMIN] [1/20/2017 11:16] [PENJUALAN] CASHIER FORM : cashierDataGridView_CellValueChanged [qty]
[ADMIN] [1/20/2017 11:16] [PENJUALAN] CASHIER FORM : cashierDataGridView_CellValueChanged, previousInput [17]
[ADMIN] [1/20/2017 11:16] [PENJUALAN] CASHIER FORM : cashierDataGridView_CellValueChanged, dataGridViewTextBoxEditingControl.Text pass REGEX Checking
[ADMIN] [1/20/2017 11:16] [PENJUALAN] CASHIER FORM : CHECK STOCK QTY IS ENOUGH [PROD11JAN_2]
[ADMIN] [1/20/2017 11:16] [PENJUALAN] CASHIER FORM : CHECK STOCK QTY IS ENOUGH [1912, 174]
[ADMIN] [1/20/2017 11:16] [PENJUALAN] CASHIER FORM : CALCULATE SUBTOTAL
[ADMIN] [1/20/2017 11:16] [PENJUALAN] CASHIER FORM : SUBTOTAL [8650]
[ADMIN] [1/20/2017 11:16] [PENJUALAN] CASHIER FORM : cashierDataGridView_CellValueChanged, subtotal value [8650]
[ADMIN] [1/20/2017 11:16] [PENJUALAN] CASHIER FORM : cashierDataGridView_CellValueChanged, attempt to calculate total value
[ADMIN] [1/20/2017 11:16] [PENJUALAN] CASHIER FORM : calculateTotal
[ADMIN] [1/20/2017 11:16] [PENJUALAN] CASHIER FORM : calculateTotal [246650]
[ADMIN] [1/20/2017 11:16] [PENJUALAN] CASHIER FORM : calculateTotal, totalAfterDisc [246650]
[ADMIN] [1/20/2017 11:16] [PENJUALAN] CASHIER FORM : calculateChangeValue, bayarTextBox.Text [Rp337.950]
[ADMIN] [1/20/2017 11:16] [PENJUALAN] CASHIER FORM : calculateChangeValue, sisaBayar [91300]
[ADMIN] [1/20/2017 11:16] [PENJUALAN] CASHIER FORM : Combobox_KeyUp, cashierDataGridView.CurrentCell.OwningColumn.Name  [qty]
[ADMIN] [1/20/2017 11:18] [PENJUALAN] CASHIER FORM : UNREGISTER HOTKEY
[ADMIN] [1/20/2017 11:18] [PENJUALAN] CASHIER FORM : REGISTER HOTKEY
[ADMIN] [1/20/2017 11:18] [PENJUALAN] CASHIER FORM : UNREGISTER HOTKEY
[ADMIN] [1/20/2017 11:18] [PENJUALAN] CASHIER FORM : REGISTER HOTKEY
[ADMIN] [1/20/2017 11:18] [PENJUALAN] CASHIER FORM : Combobox_KeyUp, cashierDataGridView.CurrentCell.OwningColumn.Name  [productName]
[ADMIN] [1/20/2017 11:18] [PENJUALAN] CASHIER FORM : Combobox_KeyUp, cashierDataGridView.CurrentCell.OwningColumn.Name  [productName]
[ADMIN] [1/20/2017 11:18] [PENJUALAN] CASHIER FORM : Combobox_KeyUp, cashierDataGridView.CurrentCell.OwningColumn.Name  [productName]
[ADMIN] [1/20/2017 11:18] [PENJUALAN] CASHIER FORM : Combobox_KeyUp, cashierDataGridView.CurrentCell.OwningColumn.Name  [productName]
[ADMIN] [1/20/2017 11:18] [PENJUALAN] CASHIER FORM : Combobox_KeyUp, cashierDataGridView.CurrentCell.OwningColumn.Name  [productName]
[ADMIN] [1/20/2017 11:18] [PENJUALAN] CASHIER FORM : Combobox_KeyUp, cashierDataGridView.CurrentCell.OwningColumn.Name  [productName]
[ADMIN] [1/20/2017 11:18] [PENJUALAN] CASHIER FORM : Combobox_KeyUp, cashierDataGridView.CurrentCell.OwningColumn.Name  [productName]
[ADMIN] [1/20/2017 11:18] [PENJUALAN] CASHIER FORM : Combobox_KeyUp, cashierDataGridView.CurrentCell.OwningColumn.Name  [productName]
[ADMIN] [1/20/2017 11:18] [PENJUALAN] CASHIER FORM : UNREGISTER HOTKEY
[ADMIN] [1/20/2017 11:19] [PENJUALAN] CASHIER FORM : REGISTER HOTKEY
[ADMIN] [1/20/2017 11:19] [PENJUALAN] CASHIER FORM : cashierDataGridView_KeyDown ATTEMPT TO DELETE ROW
[ADMIN] [1/20/2017 11:19] [PENJUALAN] CASHIER FORM : deleteCurrentRow [0]
[ADMIN] [1/20/2017 11:19] [PENJUALAN] CASHIER FORM : UPDATE ROW NUMBER, TOTAL ROW [3]
[ADMIN] [1/20/2017 11:19] [PENJUALAN] CASHIER FORM : cashierDataGridView_CellValueChanged [F8]
[ADMIN] [1/20/2017 11:19] [PENJUALAN] CASHIER FORM : cashierDataGridView_CellValueChanged [F8]
[ADMIN] [1/20/2017 11:19] [PENJUALAN] CASHIER FORM : cashierDataGridView_CellValueChanged [F8]
[ADMIN] [1/20/2017 11:19] [PENJUALAN] CASHIER FORM : calculateTotal
[ADMIN] [1/20/2017 11:19] [PENJUALAN] CASHIER FORM : calculateTotal [30650]
[ADMIN] [1/20/2017 11:19] [PENJUALAN] CASHIER FORM : calculateTotal, totalAfterDisc [30650]
[ADMIN] [1/20/2017 11:19] [PENJUALAN] CASHIER FORM : calculateChangeValue, bayarTextBox.Text [Rp337.950]
[ADMIN] [1/20/2017 11:19] [PENJUALAN] CASHIER FORM : calculateChangeValue, sisaBayar [307300]
[ADMIN] [1/20/2017 11:19] [PENJUALAN] CASHIER FORM : Combobox_KeyUp, cashierDataGridView.CurrentCell.OwningColumn.Name  [productName]
[ADMIN] [1/20/2017 11:19] [PENJUALAN] CASHIER FORM : Combobox_KeyUp, cashierDataGridView.CurrentCell.OwningColumn.Name  [productName]
[ADMIN] [1/20/2017 11:19] [PENJUALAN] CASHIER FORM : Combobox_KeyUp, cashierDataGridView.CurrentCell.OwningColumn.Name  [productName]
[ADMIN] [1/20/2017 11:19] [PENJUALAN] CASHIER FORM : Combobox_KeyUp, cashierDataGridView.CurrentCell.OwningColumn.Name  [productName]
[ADMIN] [1/20/2017 11:19] [PENJUALAN] CASHIER FORM : Combobox_KeyUp, cashierDataGridView.CurrentCell.OwningColumn.Name  [productName]
[ADMIN] [1/20/2017 11:19] [PENJUALAN] CASHIER FORM : Combobox_KeyUp, cashierDataGridView.CurrentCell.OwningColumn.Name  [productName]
[ADMIN] [1/20/2017 11:19] [PENJUALAN] CASHIER FORM : Combobox_KeyUp, cashierDataGridView.CurrentCell.OwningColumn.Name  [productName]
[ADMIN] [1/20/2017 11:19] [PENJUALAN] CASHIER FORM : Combobox_KeyUp, cashierDataGridView.CurrentCell.OwningColumn.Name  [productName]
[ADMIN] [1/20/2017 11:19] [PENJUALAN] CASHIER FORM : Combobox_KeyUp, cashierDataGridView.CurrentCell.OwningColumn.Name  [productName]
[ADMIN] [1/20/2017 11:19] [PENJUALAN] CASHIER FORM : Combobox_KeyUp, cashierDataGridView.CurrentCell.OwningColumn.Name  [productName]
[ADMIN] [1/20/2017 11:19] [PENJUALAN] CASHIER FORM : Combobox_KeyUp, cashierDataGridView.CurrentCell.OwningColumn.Name  [productName]
[ADMIN] [1/20/2017 11:19] [PENJUALAN] CASHIER FORM : HOTKEY TO SAVE AND PRINT OUT INVOICE PRESSED
[ADMIN] [1/20/2017 11:19] [PENJUALAN] CASHIER FORM : UNREGISTER HOTKEY
[ADMIN] [1/20/2017 11:19] [PENJUALAN] CASHIER FORM : REGISTER HOTKEY
[ADMIN] [1/20/2017 11:19] [PENJUALAN] ATTEMPT TO SAVE AND PRINT OUT INVOICE
[ADMIN] [1/20/2017 11:19] [PENJUALAN] CASHIER FORM : UNREGISTER HOTKEY
[ADMIN] [1/20/2017 11:19] [PENJUALAN] CASHIER FORM : ATTEMPT TO SAVE SALES DATA [20-01-2017 11:19]
[ADMIN] [1/20/2017 11:19] [PENJUALAN] CASHIER FORM : SALES DISC FINAL [0]
[ADMIN] [1/20/2017 11:19] [PENJUALAN] CASHIER FORM : CASH SALES
[ADMIN] [1/20/2017 11:19] [PENJUALAN] RETURN SALES DETAIL EXPIRY AMOUNT [SLO001-35]
[ADMIN] [1/20/2017 11:19] [PENJUALAN] RETURN SALES DETAIL EXPIRY AMOUNT [SLO001-35]
[ADMIN] [1/20/2017 11:19] [PENJUALAN] RETURN SALES DETAIL EXPIRY AMOUNT [SLO001-35]
[ADMIN] [1/20/2017 11:19] [PENJUALAN] RETURN SALES DETAIL EXPIRY AMOUNT [SLO001-35]
[ADMIN] [1/20/2017 11:19] [PENJUALAN] RETURN SALES DETAIL AMOUNT [SLO001-35]
[ADMIN] [1/20/2017 11:19] [PENJUALAN] RETURN SALES DETAIL AMOUNT [SLO001-35]
[ADMIN] [1/20/2017 11:19] [PENJUALAN] RETURN SALES DETAIL AMOUNT [SLO001-35]
[ADMIN] [1/20/2017 11:19] [PENJUALAN] UPDATE SALES HEADER [SLO001-35]
[ADMIN] [1/20/2017 11:19] [PENJUALAN] DELETE SALES DETAIL EXPIRY [SLO001-35]
[ADMIN] [1/20/2017 11:19] [PENJUALAN] DELETE SALES DETAIL[SLO001-35]
[ADMIN] [1/20/2017 11:19] [PENJUALAN] INSERT INTO SALES DETAIL[PROD11JAN_1, 1000, 22]
[ADMIN] [1/20/2017 11:19] [PENJUALAN] REDUCE STOCK AT MASTER PRODUCT [PROD11JAN_1]
[ADMIN] [1/20/2017 11:19] [PENJUALAN] UPDATE CUSTOMER PRODUCT DISC [PROD11JAN_1]
[ADMIN] [1/20/2017 11:19] [PENJUALAN] INSERT INTO SALES DETAIL[PROD11JAN_2, 100, 174]
[ADMIN] [1/20/2017 11:19] [PENJUALAN] REDUCE STOCK AT MASTER PRODUCT [PROD11JAN_2]
[ADMIN] [1/20/2017 11:19] [PENJUALAN] REDUCE STOCK AT PRODUCT_EXPIRY LOT [10]
[ADMIN] [1/20/2017 11:19] [PENJUALAN] SAVE PRODUCT LOT INFORMATION FOR EACH ITEM AND AMOUNT
[ADMIN] [1/20/2017 11:19] [PENJUALAN] UPDATE CUSTOMER PRODUCT DISC [PROD11JAN_2]
[ADMIN] [1/20/2017 11:19] [PENJUALAN] UPDATE CREDIT TABLE [SLO001-35]
[ADMIN] [1/20/2017 11:19] [PENJUALAN] INSERT TO DAILY JOURNAL TABLE [307300]
[ADMIN] [1/20/2017 11:19] [PENJUALAN] CASHIER FORM : REGISTER HOTKEY
[ADMIN] [1/20/2017 11:19] [PENJUALAN] TRANSACTION SAVED
[ADMIN] [1/20/2017 11:19] [PENJUALAN] PRINT OUT INVOICE
[ADMIN] [1/20/2017 11:19] [PENJUALAN] CASHIER FORM : PrintReceipt
[ADMIN] [1/20/2017 11:19] [PENJUALAN] CASHIER FORM : PrintReceipt, POS size Paper
[ADMIN] [1/20/2017 11:19] [PENJUALAN] CASHIER FORM : loadInfoToko
[ADMIN] [1/20/2017 11:19] [PENJUALAN] CASHIER FORM : calculatePageLength, totalLengthPage [411]
[ADMIN] [1/20/2017 11:19] [PENJUALAN] CASHIER FORM : UNREGISTER HOTKEY
[ADMIN] [1/20/2017 11:19] [PENJUALAN] CASHIER FORM : REGISTER HOTKEY
[ADMIN] [1/20/2017 11:19] [PENJUALAN] CASHIER FORM : UNREGISTER HOTKEY
[ADMIN] [1/20/2017 11:19] [PENJUALAN] CASHIER FORM : UPDATE ROW NUMBER, TOTAL ROW [1]
[ADMIN] [1/20/2017 11:19] [PENJUALAN] CASHIER FORM : REGISTER HOTKEY
[ADMIN] [1/20/2017 11:19] [PENJUALAN] CASHIER FORM : UNREGISTER HOTKEY
[ADMIN] [1/20/2017 11:19] [PENJUALAN] CASHIER FORM : UNREGISTER HOTKEY
[ADMIN] [1/20/2017 11:20] [] USER ID = 1LOGOUT
