[] [5/26/2017 15:01] [] USER = ADMIN IS ACTIVE
[ADMIN] [5/26/2017 15:01] [] USER ID = 1 LOGIN SUCCESSFULLY
[ADMIN] [5/26/2017 15:01] [] ACTIVATE USER ACCESS RIGHT
[ADMIN] [5/26/2017 15:01] [] DISPLAY ADMIN FORM
[ADMIN] [5/26/2017 15:01] [] adminForm Load
[ADMIN] [5/26/2017 15:01] [] ACTIVATE USER ACCESS RIGHT
[ADMIN] [5/26/2017 15:01] [PENJUALAN] CASHIER FORM : MULTIPLE CASHIER INSTANCE [1]
[ADMIN] [5/26/2017 15:01] [PENJUALAN] CASHIER FORM : REGISTER HOTKEY
[ADMIN] [5/26/2017 15:01] [PENJUALAN] CASHIER FORM : cashierForm_Load, ATTEMPT TO LOAD NO FAKTUR
[ADMIN] [5/26/2017 15:01] [PENJUALAN] CASHIER FORM : loadNoFaktur, noFakturValue [SLO001]
[ADMIN] [5/26/2017 15:01] [PENJUALAN] CASHIER FORM : cashierForm_Load, ATTEMPT TO addColumnToDataGrid
[ADMIN] [5/26/2017 15:01] [PENJUALAN] CASHIER FORM : UPDATE ROW NUMBER, TOTAL ROW [1]
[ADMIN] [5/26/2017 15:01] [PENJUALAN] CASHIER FORM : calculateTotal
[ADMIN] [5/26/2017 15:01] [PENJUALAN] CASHIER FORM : calculateTotal [0]
[ADMIN] [5/26/2017 15:01] [PENJUALAN] CASHIER FORM : calculateTotal, totalAfterDisc [0]
[ADMIN] [5/26/2017 15:01] [PENJUALAN] CASHIER FORM : calculateChangeValue, bayarTextBox.Text [0]
[ADMIN] [5/26/2017 15:01] [PENJUALAN] CASHIER FORM : calculateChangeValue, sisaBayar [0]
[ADMIN] [5/26/2017 15:01] [PENJUALAN] CASHIER FORM : REGISTER HOTKEY
[ADMIN] [5/26/2017 15:01] [PENJUALAN] CASHIER FORM : Combobox_previewKeyDown, cashierDataGridView.CurrentCell.OwningColumn.Name  [productID]
[ADMIN] [5/26/2017 15:01] [PENJUALAN] CASHIER FORM : UPDATE ROW NUMBER, TOTAL ROW [2]
[ADMIN] [5/26/2017 15:01] [PENJUALAN] CASHIER FORM : cashierDataGridView_CellValueChanged [F8]
[ADMIN] [5/26/2017 15:01] [PENJUALAN] CASHIER FORM : cashierDataGridView_CellValueChanged [productID]
[ADMIN] [5/26/2017 15:01] [PENJUALAN] CASHIER FORM : Combobox_KeyUp, cashierDataGridView.CurrentCell.OwningColumn.Name  [productID]
[ADMIN] [5/26/2017 15:01] [PENJUALAN] CASHIER FORM : Combobox_previewKeyDown, cashierDataGridView.CurrentCell.OwningColumn.Name  [productID]
[ADMIN] [5/26/2017 15:01] [PENJUALAN] CASHIER FORM : cashierDataGridView_CellValueChanged [productID]
[ADMIN] [5/26/2017 15:01] [PENJUALAN] CASHIER FORM : Combobox_KeyUp, cashierDataGridView.CurrentCell.OwningColumn.Name  [productID]
[ADMIN] [5/26/2017 15:01] [PENJUALAN] CASHIER FORM : Combobox_previewKeyDown, cashierDataGridView.CurrentCell.OwningColumn.Name  [productID]
[ADMIN] [5/26/2017 15:01] [PENJUALAN] CASHIER FORM : UNREGISTER HOTKEY
[ADMIN] [5/26/2017 15:01] [PENJUALAN] CASHIER FORM : ADD NEW ROW FROM BARCODE [RT-100 PET TOY RUBBER EGG]
[ADMIN] [5/26/2017 15:01] [PENJUALAN] CASHIER FORM : updateSomeRowContents
[ADMIN] [5/26/2017 15:01] [PENJUALAN] CASHIER FORM : cashierDataGridView_CellValueChanged [productID]
[ADMIN] [5/26/2017 15:01] [PENJUALAN] CASHIER FORM : cashierDataGridView_CellValueChanged [productName]
[ADMIN] [5/26/2017 15:01] [PENJUALAN] CASHIER FORM : updateSomeRowContents
[ADMIN] [5/26/2017 15:01] [PENJUALAN] CASHIER FORM : PRODUCT PRICE TYPE [PRODUCT_BASE_PRICE]
[ADMIN] [5/26/2017 15:01] [PENJUALAN] CASHIER FORM : PRODUCT PRICE [5250]
[ADMIN] [5/26/2017 15:01] [PENJUALAN] CASHIER FORM : ComboBox_SelectedIndexChanged, PRODUCT_BASE_PRICE [5250]
[ADMIN] [5/26/2017 15:01] [PENJUALAN] CASHIER FORM : cashierDataGridView_CellValueChanged [hpp]
[ADMIN] [5/26/2017 15:01] [PENJUALAN] CASHIER FORM : PRODUCT PRICE TYPE [PRODUCT_RETAIL_PRICE]
[ADMIN] [5/26/2017 15:01] [PENJUALAN] CASHIER FORM : PRODUCT PRICE [11000]
[ADMIN] [5/26/2017 15:01] [PENJUALAN] CASHIER FORM : ComboBox_SelectedIndexChanged, PRODUCT_SALES_PRICE [11000]
[ADMIN] [5/26/2017 15:01] [PENJUALAN] CASHIER FORM : cashierDataGridView_CellValueChanged [productPrice]
[ADMIN] [5/26/2017 15:01] [PENJUALAN] CASHIER FORM : cashierDataGridView_CellValueChanged, previousInput [0]
[ADMIN] [5/26/2017 15:01] [PENJUALAN] CASHIER FORM : cashierDataGridView_CellValueChanged, cellValue [11000]
[ADMIN] [5/26/2017 15:01] [PENJUALAN] CASHIER FORM : cashierDataGridView_CellValueChanged, dataGridViewTextBoxEditingControl.Text pass REGEX Checking
[ADMIN] [5/26/2017 15:01] [PENJUALAN] CASHIER FORM : CALCULATE SUBTOTAL
[ADMIN] [5/26/2017 15:01] [PENJUALAN] CASHIER FORM : SUBTOTAL [0]
[ADMIN] [5/26/2017 15:01] [PENJUALAN] CASHIER FORM : cashierDataGridView_CellValueChanged, subtotal value [0]
[ADMIN] [5/26/2017 15:01] [PENJUALAN] CASHIER FORM : cashierDataGridView_CellValueChanged, attempt to calculate total value
[ADMIN] [5/26/2017 15:01] [PENJUALAN] CASHIER FORM : calculateTotal
[ADMIN] [5/26/2017 15:01] [PENJUALAN] CASHIER FORM : calculateTotal [0]
[ADMIN] [5/26/2017 15:01] [PENJUALAN] CASHIER FORM : calculateTotal, totalAfterDisc [0]
[ADMIN] [5/26/2017 15:01] [PENJUALAN] CASHIER FORM : calculateChangeValue, bayarTextBox.Text [0]
[ADMIN] [5/26/2017 15:01] [PENJUALAN] CASHIER FORM : calculateChangeValue, sisaBayar [0]
[ADMIN] [5/26/2017 15:01] [PENJUALAN] CASHIER FORM : cashierDataGridView_CellValueChanged [qty]
[ADMIN] [5/26/2017 15:01] [PENJUALAN] CASHIER FORM : cashierDataGridView_CellValueChanged, previousInput [0]
[ADMIN] [5/26/2017 15:01] [PENJUALAN] CASHIER FORM : cashierDataGridView_CellValueChanged [jumlah]
[ADMIN] [5/26/2017 15:01] [PENJUALAN] CASHIER FORM : calculateTotal
[ADMIN] [5/26/2017 15:01] [PENJUALAN] CASHIER FORM : calculateTotal [0]
[ADMIN] [5/26/2017 15:01] [PENJUALAN] CASHIER FORM : calculateTotal, totalAfterDisc [0]
[ADMIN] [5/26/2017 15:01] [PENJUALAN] CASHIER FORM : calculateChangeValue, bayarTextBox.Text [0]
[ADMIN] [5/26/2017 15:01] [PENJUALAN] CASHIER FORM : calculateChangeValue, sisaBayar [0]
[ADMIN] [5/26/2017 15:01] [PENJUALAN] CASHIER FORM : CHECK STOCK QTY IS ENOUGH [RT-100]
[ADMIN] [5/26/2017 15:01] [PENJUALAN] CASHIER FORM : CHECK STOCK QTY IS ENOUGH [1, 1]
[ADMIN] [5/26/2017 15:01] [PENJUALAN] CASHIER FORM : cashierDataGridView_CellValueChanged [qty]
[ADMIN] [5/26/2017 15:01] [PENJUALAN] CASHIER FORM : cashierDataGridView_CellValueChanged, previousInput [0]
[ADMIN] [5/26/2017 15:01] [PENJUALAN] CASHIER FORM : cashierDataGridView_CellValueChanged, cellValue [1]
[ADMIN] [5/26/2017 15:01] [PENJUALAN] CASHIER FORM : cashierDataGridView_CellValueChanged, dataGridViewTextBoxEditingControl.Text pass REGEX Checking
[ADMIN] [5/26/2017 15:01] [PENJUALAN] CASHIER FORM : CHECK STOCK QTY IS ENOUGH [RT-100]
[ADMIN] [5/26/2017 15:01] [PENJUALAN] CASHIER FORM : CHECK STOCK QTY IS ENOUGH [1, 1]
[ADMIN] [5/26/2017 15:01] [PENJUALAN] CASHIER FORM : CALCULATE SUBTOTAL
[ADMIN] [5/26/2017 15:01] [PENJUALAN] CASHIER FORM : SUBTOTAL [11000]
[ADMIN] [5/26/2017 15:01] [PENJUALAN] CASHIER FORM : cashierDataGridView_CellValueChanged, subtotal value [11000]
[ADMIN] [5/26/2017 15:01] [PENJUALAN] CASHIER FORM : cashierDataGridView_CellValueChanged, attempt to calculate total value
[ADMIN] [5/26/2017 15:01] [PENJUALAN] CASHIER FORM : calculateTotal
[ADMIN] [5/26/2017 15:01] [PENJUALAN] CASHIER FORM : calculateTotal [11000]
[ADMIN] [5/26/2017 15:01] [PENJUALAN] CASHIER FORM : calculateTotal, totalAfterDisc [11000]
[ADMIN] [5/26/2017 15:01] [PENJUALAN] CASHIER FORM : calculateChangeValue, bayarTextBox.Text [0]
[ADMIN] [5/26/2017 15:01] [PENJUALAN] CASHIER FORM : calculateChangeValue, sisaBayar [0]
[ADMIN] [5/26/2017 15:01] [PENJUALAN] CASHIER FORM : SET QTY TO 1 BECAUSE OF NEW ROW
[ADMIN] [5/26/2017 15:01] [PENJUALAN] CASHIER FORM : CALCULATE SUBTOTAL
[ADMIN] [5/26/2017 15:01] [PENJUALAN] CASHIER FORM : SUBTOTAL [11000]
[ADMIN] [5/26/2017 15:01] [PENJUALAN] CASHIER FORM : calculateTotal
[ADMIN] [5/26/2017 15:01] [PENJUALAN] CASHIER FORM : calculateTotal [11000]
[ADMIN] [5/26/2017 15:01] [PENJUALAN] CASHIER FORM : calculateTotal, totalAfterDisc [11000]
[ADMIN] [5/26/2017 15:01] [PENJUALAN] CASHIER FORM : calculateChangeValue, bayarTextBox.Text [0]
[ADMIN] [5/26/2017 15:01] [PENJUALAN] CASHIER FORM : calculateChangeValue, sisaBayar [0]
[ADMIN] [5/26/2017 15:01] [PENJUALAN] CASHIER FORM : UPDATE ROW NUMBER, TOTAL ROW [2]
[ADMIN] [5/26/2017 15:01] [PENJUALAN] CASHIER FORM : cashierDataGridView_CellValueChanged [F8]
[ADMIN] [5/26/2017 15:01] [PENJUALAN] CASHIER FORM : REGISTER HOTKEY
[ADMIN] [5/26/2017 15:01] [PENJUALAN] CASHIER FORM : Combobox_KeyUp, cashierDataGridView.CurrentCell.OwningColumn.Name  [qty]
[ADMIN] [5/26/2017 15:01] [PENJUALAN] CASHIER FORM : Combobox_previewKeyDown, cashierDataGridView.CurrentCell.OwningColumn.Name  [productID]
[ADMIN] [5/26/2017 15:01] [PENJUALAN] CASHIER FORM : cashierDataGridView_CellValueChanged [productID]
[ADMIN] [5/26/2017 15:01] [PENJUALAN] CASHIER FORM : Combobox_previewKeyDown, cashierDataGridView.CurrentCell.OwningColumn.Name  [productID]
[ADMIN] [5/26/2017 15:01] [PENJUALAN] CASHIER FORM : cashierDataGridView_CellValueChanged [productID]
[ADMIN] [5/26/2017 15:01] [PENJUALAN] CASHIER FORM : Combobox_KeyUp, cashierDataGridView.CurrentCell.OwningColumn.Name  [productID]
[ADMIN] [5/26/2017 15:01] [PENJUALAN] CASHIER FORM : Combobox_KeyUp, cashierDataGridView.CurrentCell.OwningColumn.Name  [productID]
[ADMIN] [5/26/2017 15:01] [PENJUALAN] CASHIER FORM : Combobox_previewKeyDown, cashierDataGridView.CurrentCell.OwningColumn.Name  [productID]
[ADMIN] [5/26/2017 15:01] [PENJUALAN] CASHIER FORM : cashierDataGridView_CellValueChanged [productID]
[ADMIN] [5/26/2017 15:01] [PENJUALAN] CASHIER FORM : Combobox_KeyUp, cashierDataGridView.CurrentCell.OwningColumn.Name  [productID]
[ADMIN] [5/26/2017 15:01] [PENJUALAN] CASHIER FORM : Combobox_KeyUp, cashierDataGridView.CurrentCell.OwningColumn.Name  [productID]
[ADMIN] [5/26/2017 15:01] [PENJUALAN] CASHIER FORM : Combobox_previewKeyDown, cashierDataGridView.CurrentCell.OwningColumn.Name  [productID]
[ADMIN] [5/26/2017 15:01] [PENJUALAN] CASHIER FORM : cashierDataGridView_CellValueChanged [productID]
[ADMIN] [5/26/2017 15:01] [PENJUALAN] CASHIER FORM : Combobox_KeyUp, cashierDataGridView.CurrentCell.OwningColumn.Name  [productID]
[ADMIN] [5/26/2017 15:01] [PENJUALAN] CASHIER FORM : Combobox_KeyUp, cashierDataGridView.CurrentCell.OwningColumn.Name  [productID]
[ADMIN] [5/26/2017 15:01] [PENJUALAN] CASHIER FORM : Combobox_KeyUp, cashierDataGridView.CurrentCell.OwningColumn.Name  [productID]
[ADMIN] [5/26/2017 15:01] [PENJUALAN] CASHIER FORM : Combobox_KeyUp, cashierDataGridView.CurrentCell.OwningColumn.Name  [productID]
[ADMIN] [5/26/2017 15:01] [PENJUALAN] CASHIER FORM : Combobox_previewKeyDown, cashierDataGridView.CurrentCell.OwningColumn.Name  [productID]
[ADMIN] [5/26/2017 15:01] [PENJUALAN] CASHIER FORM : UNREGISTER HOTKEY
[ADMIN] [5/26/2017 15:01] [PENJUALAN] CASHIER FORM : ADD NEW ROW FROM BARCODE [ALPO PUPPY 1 KG]
[ADMIN] [5/26/2017 15:01] [PENJUALAN] CASHIER FORM : updateSomeRowContents
[ADMIN] [5/26/2017 15:01] [PENJUALAN] CASHIER FORM : cashierDataGridView_CellValueChanged [productID]
[ADMIN] [5/26/2017 15:01] [PENJUALAN] CASHIER FORM : cashierDataGridView_CellValueChanged [productName]
[ADMIN] [5/26/2017 15:01] [PENJUALAN] CASHIER FORM : updateSomeRowContents
[ADMIN] [5/26/2017 15:01] [PENJUALAN] CASHIER FORM : PRODUCT PRICE TYPE [PRODUCT_BASE_PRICE]
[ADMIN] [5/26/2017 15:01] [PENJUALAN] CASHIER FORM : PRODUCT PRICE [29250]
[ADMIN] [5/26/2017 15:01] [PENJUALAN] CASHIER FORM : ComboBox_SelectedIndexChanged, PRODUCT_BASE_PRICE [29250]
[ADMIN] [5/26/2017 15:01] [PENJUALAN] CASHIER FORM : cashierDataGridView_CellValueChanged [hpp]
[ADMIN] [5/26/2017 15:01] [PENJUALAN] CASHIER FORM : PRODUCT PRICE TYPE [PRODUCT_RETAIL_PRICE]
[ADMIN] [5/26/2017 15:01] [PENJUALAN] CASHIER FORM : PRODUCT PRICE [35000]
[ADMIN] [5/26/2017 15:01] [PENJUALAN] CASHIER FORM : ComboBox_SelectedIndexChanged, PRODUCT_SALES_PRICE [35000]
[ADMIN] [5/26/2017 15:01] [PENJUALAN] CASHIER FORM : cashierDataGridView_CellValueChanged [productPrice]
[ADMIN] [5/26/2017 15:01] [PENJUALAN] CASHIER FORM : cashierDataGridView_CellValueChanged, previousInput [11000]
[ADMIN] [5/26/2017 15:01] [PENJUALAN] CASHIER FORM : cashierDataGridView_CellValueChanged, dataGridViewTextBoxEditingControl.Text pass REGEX Checking
[ADMIN] [5/26/2017 15:01] [PENJUALAN] CASHIER FORM : CALCULATE SUBTOTAL
[ADMIN] [5/26/2017 15:01] [PENJUALAN] CASHIER FORM : SUBTOTAL [35000]
[ADMIN] [5/26/2017 15:01] [PENJUALAN] CASHIER FORM : cashierDataGridView_CellValueChanged, subtotal value [35000]
[ADMIN] [5/26/2017 15:01] [PENJUALAN] CASHIER FORM : cashierDataGridView_CellValueChanged, attempt to calculate total value
[ADMIN] [5/26/2017 15:01] [PENJUALAN] CASHIER FORM : calculateTotal
[ADMIN] [5/26/2017 15:01] [PENJUALAN] CASHIER FORM : calculateTotal [35000]
[ADMIN] [5/26/2017 15:01] [PENJUALAN] CASHIER FORM : calculateTotal, totalAfterDisc [35000]
[ADMIN] [5/26/2017 15:01] [PENJUALAN] CASHIER FORM : calculateChangeValue, bayarTextBox.Text [0]
[ADMIN] [5/26/2017 15:01] [PENJUALAN] CASHIER FORM : calculateChangeValue, sisaBayar [0]
[ADMIN] [5/26/2017 15:01] [PENJUALAN] CASHIER FORM : cashierDataGridView_CellValueChanged [qty]
[ADMIN] [5/26/2017 15:01] [PENJUALAN] CASHIER FORM : cashierDataGridView_CellValueChanged, previousInput [1]
[ADMIN] [5/26/2017 15:01] [PENJUALAN] CASHIER FORM : cashierDataGridView_CellValueChanged, dataGridViewTextBoxEditingControl.Text pass REGEX Checking
[ADMIN] [5/26/2017 15:01] [PENJUALAN] CASHIER FORM : CHECK STOCK QTY IS ENOUGH [ALPO-P1]
[ADMIN] [5/26/2017 15:01] [PENJUALAN] CASHIER FORM : CHECK STOCK QTY IS ENOUGH [33, 0]
[ADMIN] [5/26/2017 15:01] [PENJUALAN] CASHIER FORM : CALCULATE SUBTOTAL
[ADMIN] [5/26/2017 15:01] [PENJUALAN] CASHIER FORM : SUBTOTAL [0]
[ADMIN] [5/26/2017 15:01] [PENJUALAN] CASHIER FORM : cashierDataGridView_CellValueChanged, subtotal value [0]
[ADMIN] [5/26/2017 15:01] [PENJUALAN] CASHIER FORM : cashierDataGridView_CellValueChanged, attempt to calculate total value
[ADMIN] [5/26/2017 15:01] [PENJUALAN] CASHIER FORM : calculateTotal
[ADMIN] [5/26/2017 15:01] [PENJUALAN] CASHIER FORM : calculateTotal [0]
[ADMIN] [5/26/2017 15:01] [PENJUALAN] CASHIER FORM : calculateTotal, totalAfterDisc [0]
[ADMIN] [5/26/2017 15:01] [PENJUALAN] CASHIER FORM : calculateChangeValue, bayarTextBox.Text [0]
[ADMIN] [5/26/2017 15:01] [PENJUALAN] CASHIER FORM : calculateChangeValue, sisaBayar [0]
[ADMIN] [5/26/2017 15:01] [PENJUALAN] CASHIER FORM : cashierDataGridView_CellValueChanged [jumlah]
[ADMIN] [5/26/2017 15:01] [PENJUALAN] CASHIER FORM : calculateTotal
[ADMIN] [5/26/2017 15:01] [PENJUALAN] CASHIER FORM : calculateTotal [0]
[ADMIN] [5/26/2017 15:01] [PENJUALAN] CASHIER FORM : calculateTotal, totalAfterDisc [0]
[ADMIN] [5/26/2017 15:01] [PENJUALAN] CASHIER FORM : calculateChangeValue, bayarTextBox.Text [0]
[ADMIN] [5/26/2017 15:01] [PENJUALAN] CASHIER FORM : calculateChangeValue, sisaBayar [0]
[ADMIN] [5/26/2017 15:01] [PENJUALAN] CASHIER FORM : CHECK STOCK QTY IS ENOUGH [ALPO-P1]
[ADMIN] [5/26/2017 15:01] [PENJUALAN] CASHIER FORM : CHECK STOCK QTY IS ENOUGH [33, 1]
[ADMIN] [5/26/2017 15:01] [PENJUALAN] CASHIER FORM : cashierDataGridView_CellValueChanged [qty]
[ADMIN] [5/26/2017 15:01] [PENJUALAN] CASHIER FORM : cashierDataGridView_CellValueChanged, previousInput [0]
[ADMIN] [5/26/2017 15:01] [PENJUALAN] CASHIER FORM : cashierDataGridView_CellValueChanged, cellValue [1]
[ADMIN] [5/26/2017 15:01] [PENJUALAN] CASHIER FORM : cashierDataGridView_CellValueChanged, dataGridViewTextBoxEditingControl.Text pass REGEX Checking
[ADMIN] [5/26/2017 15:01] [PENJUALAN] CASHIER FORM : CHECK STOCK QTY IS ENOUGH [ALPO-P1]
[ADMIN] [5/26/2017 15:01] [PENJUALAN] CASHIER FORM : CHECK STOCK QTY IS ENOUGH [33, 1]
[ADMIN] [5/26/2017 15:01] [PENJUALAN] CASHIER FORM : CALCULATE SUBTOTAL
[ADMIN] [5/26/2017 15:01] [PENJUALAN] CASHIER FORM : SUBTOTAL [35000]
[ADMIN] [5/26/2017 15:01] [PENJUALAN] CASHIER FORM : cashierDataGridView_CellValueChanged, subtotal value [35000]
[ADMIN] [5/26/2017 15:01] [PENJUALAN] CASHIER FORM : cashierDataGridView_CellValueChanged, attempt to calculate total value
[ADMIN] [5/26/2017 15:01] [PENJUALAN] CASHIER FORM : calculateTotal
[ADMIN] [5/26/2017 15:01] [PENJUALAN] CASHIER FORM : calculateTotal [35000]
[ADMIN] [5/26/2017 15:01] [PENJUALAN] CASHIER FORM : calculateTotal, totalAfterDisc [35000]
[ADMIN] [5/26/2017 15:01] [PENJUALAN] CASHIER FORM : calculateChangeValue, bayarTextBox.Text [0]
[ADMIN] [5/26/2017 15:01] [PENJUALAN] CASHIER FORM : calculateChangeValue, sisaBayar [0]
[ADMIN] [5/26/2017 15:01] [PENJUALAN] CASHIER FORM : SET QTY TO 1 BECAUSE OF NEW ROW
[ADMIN] [5/26/2017 15:01] [PENJUALAN] CASHIER FORM : CALCULATE SUBTOTAL
[ADMIN] [5/26/2017 15:01] [PENJUALAN] CASHIER FORM : SUBTOTAL [35000]
[ADMIN] [5/26/2017 15:01] [PENJUALAN] CASHIER FORM : calculateTotal
[ADMIN] [5/26/2017 15:01] [PENJUALAN] CASHIER FORM : calculateTotal [35000]
[ADMIN] [5/26/2017 15:01] [PENJUALAN] CASHIER FORM : calculateTotal, totalAfterDisc [35000]
[ADMIN] [5/26/2017 15:01] [PENJUALAN] CASHIER FORM : calculateChangeValue, bayarTextBox.Text [0]
[ADMIN] [5/26/2017 15:01] [PENJUALAN] CASHIER FORM : calculateChangeValue, sisaBayar [0]
[ADMIN] [5/26/2017 15:01] [PENJUALAN] CASHIER FORM : UPDATE ROW NUMBER, TOTAL ROW [2]
[ADMIN] [5/26/2017 15:01] [PENJUALAN] CASHIER FORM : cashierDataGridView_CellValueChanged [F8]
[ADMIN] [5/26/2017 15:01] [PENJUALAN] CASHIER FORM : REGISTER HOTKEY
[ADMIN] [5/26/2017 15:01] [PENJUALAN] CASHIER FORM : Combobox_KeyUp, cashierDataGridView.CurrentCell.OwningColumn.Name  [qty]
[ADMIN] [5/26/2017 15:01] [PENJUALAN] CASHIER FORM : Combobox_KeyUp, cashierDataGridView.CurrentCell.OwningColumn.Name  [qty]
[ADMIN] [5/26/2017 15:01] [PENJUALAN] CASHIER FORM : calculateChangeValue, bayarTextBox.Text [30]
[ADMIN] [5/26/2017 15:01] [PENJUALAN] CASHIER FORM : calculateChangeValue, sisaBayar [0]
[ADMIN] [5/26/2017 15:01] [PENJUALAN] CASHIER FORM : calculateChangeValue, bayarTextBox.Text [305]
[ADMIN] [5/26/2017 15:01] [PENJUALAN] CASHIER FORM : calculateChangeValue, sisaBayar [0]
[ADMIN] [5/26/2017 15:01] [PENJUALAN] CASHIER FORM : calculateChangeValue, bayarTextBox.Text [3050]
[ADMIN] [5/26/2017 15:01] [PENJUALAN] CASHIER FORM : calculateChangeValue, sisaBayar [0]
[ADMIN] [5/26/2017 15:01] [PENJUALAN] CASHIER FORM : calculateChangeValue, bayarTextBox.Text [30500]
[ADMIN] [5/26/2017 15:01] [PENJUALAN] CASHIER FORM : calculateChangeValue, sisaBayar [0]
[ADMIN] [5/26/2017 15:01] [PENJUALAN] CASHIER FORM : calculateChangeValue, bayarTextBox.Text [305000]
[ADMIN] [5/26/2017 15:01] [PENJUALAN] CASHIER FORM : calculateChangeValue, sisaBayar [270000]
[ADMIN] [5/26/2017 15:01] [PENJUALAN] CASHIER FORM : HOTKEY TO SAVE AND PRINT OUT INVOICE PRESSED
[ADMIN] [5/26/2017 15:01] [PENJUALAN] CASHIER FORM : UNREGISTER HOTKEY
[ADMIN] [5/26/2017 15:01] [PENJUALAN] CASHIER FORM : REGISTER HOTKEY
[ADMIN] [5/26/2017 15:01] [PENJUALAN] ATTEMPT TO SAVE AND PRINT OUT INVOICE
[ADMIN] [5/26/2017 15:01] [PENJUALAN] CASHIER FORM : UNREGISTER HOTKEY
[ADMIN] [5/26/2017 15:01] [PENJUALAN] CASHIER FORM : REGISTER HOTKEY
[ADMIN] [5/26/2017 15:01] [PENJUALAN] CASHIER FORM : UNREGISTER HOTKEY
[ADMIN] [5/26/2017 15:01] [PENJUALAN] CASHIER FORM : ATTEMPT TO SAVE SALES DATA [26-05-2017 15:01]
[ADMIN] [5/26/2017 15:01] [PENJUALAN] CASHIER FORM : SALES DISC FINAL [0]
[ADMIN] [5/26/2017 15:01] [PENJUALAN] CASHIER FORM : CASH SALES
[ADMIN] [5/26/2017 15:01] [PENJUALAN] CHECK IF TAX LIMIT SET FOR PERCENTAGE PURCHASE [0]
[ADMIN] [5/26/2017 15:01] [PENJUALAN] CHECK IF TAX LIMIT SET FOR AVERAGE DAILY PURCHASE [0]
[ADMIN] [5/26/2017 15:01] [PENJUALAN] CASHIER FORM : NO FAKTUR [SLO001]
[ADMIN] [5/26/2017 15:01] [PENJUALAN] CASHIER FORM : MAX SALES INVOICE [325]
[ADMIN] [5/26/2017 15:01] [PENJUALAN] CASHIER FORM : SALES INVOICE [SLO001-326]
[ADMIN] [5/26/2017 15:01] [PENJUALAN] INSERT INTO SALES HEADER [SLO001-326]
[ADMIN] [5/26/2017 15:01] [PENJUALAN] INSERT INTO SALES DETAIL[ALPO-P1, 35000, 1]
[ADMIN] [5/26/2017 15:01] [PENJUALAN] REDUCE STOCK AT MASTER PRODUCT [ALPO-P1]
[ADMIN] [5/26/2017 15:01] [PENJUALAN] REDUCE STOCK AT PRODUCT_EXPIRY LOT [3345]
[ADMIN] [5/26/2017 15:01] [PENJUALAN] SAVE PRODUCT LOT INFORMATION FOR EACH ITEM AND AMOUNT
[ADMIN] [5/26/2017 15:01] [PENJUALAN] INSERT TO CREDIT TABLE [SLO001-326]
[ADMIN] [5/26/2017 15:01] [PENJUALAN] INSERT TO DAILY JOURNAL TABLE [35000]
[ADMIN] [5/26/2017 15:01] [PENJUALAN] CASHIER FORM : REGISTER HOTKEY
[ADMIN] [5/26/2017 15:01] [PENJUALAN] TRANSACTION SAVED
[ADMIN] [5/26/2017 15:01] [PENJUALAN] PRINT OUT INVOICE
[ADMIN] [5/26/2017 15:01] [PENJUALAN] CASHIER FORM : PrintReceipt
[ADMIN] [5/26/2017 15:01] [PENJUALAN] CASHIER FORM : PrintReceipt, papermode [1]
[ADMIN] [5/26/2017 15:01] [PENJUALAN] CASHIER FORM : PrintReceipt, display SalesReceiptForm
[ADMIN] [5/26/2017 15:01] [PENJUALAN] CASHIER FORM : UNREGISTER HOTKEY
[ADMIN] [5/26/2017 15:01] [PENJUALAN] CASHIER FORM : REGISTER HOTKEY
[ADMIN] [5/26/2017 15:01] [PENJUALAN] CASHIER FORM : UNREGISTER HOTKEY
[ADMIN] [5/26/2017 15:01] [PENJUALAN] CASHIER FORM : REGISTER HOTKEY
[ADMIN] [5/26/2017 15:01] [PENJUALAN] CASHIER FORM : UPDATE ROW NUMBER, TOTAL ROW [1]
[ADMIN] [5/26/2017 15:01] [PENJUALAN] CASHIER FORM : cashierDataGridView_CellValueChanged [F8]
[ADMIN] [5/26/2017 15:02] [PENJUALAN] CASHIER FORM : HOTKEY TO ADD NEW ROW PRESSED
[ADMIN] [5/26/2017 15:02] [PENJUALAN] CASHIER FORM : Combobox_previewKeyDown, cashierDataGridView.CurrentCell.OwningColumn.Name  [productID]
[ADMIN] [5/26/2017 15:02] [PENJUALAN] CASHIER FORM : UPDATE ROW NUMBER, TOTAL ROW [2]
[ADMIN] [5/26/2017 15:02] [PENJUALAN] CASHIER FORM : cashierDataGridView_CellValueChanged [F8]
[ADMIN] [5/26/2017 15:02] [PENJUALAN] CASHIER FORM : cashierDataGridView_CellValueChanged [productID]
[ADMIN] [5/26/2017 15:02] [PENJUALAN] CASHIER FORM : Combobox_previewKeyDown, cashierDataGridView.CurrentCell.OwningColumn.Name  [productID]
[ADMIN] [5/26/2017 15:02] [PENJUALAN] CASHIER FORM : cashierDataGridView_CellValueChanged [productID]
[ADMIN] [5/26/2017 15:02] [PENJUALAN] CASHIER FORM : Combobox_KeyUp, cashierDataGridView.CurrentCell.OwningColumn.Name  [productID]
[ADMIN] [5/26/2017 15:02] [PENJUALAN] CASHIER FORM : Combobox_KeyUp, cashierDataGridView.CurrentCell.OwningColumn.Name  [productID]
[ADMIN] [5/26/2017 15:02] [PENJUALAN] CASHIER FORM : Combobox_KeyUp, cashierDataGridView.CurrentCell.OwningColumn.Name  [productID]
[ADMIN] [5/26/2017 15:02] [PENJUALAN] CASHIER FORM : Combobox_KeyUp, cashierDataGridView.CurrentCell.OwningColumn.Name  [productID]
[ADMIN] [5/26/2017 15:02] [PENJUALAN] CASHIER FORM : Combobox_KeyUp, cashierDataGridView.CurrentCell.OwningColumn.Name  [productID]
[ADMIN] [5/26/2017 15:02] [PENJUALAN] CASHIER FORM : Combobox_KeyUp, cashierDataGridView.CurrentCell.OwningColumn.Name  [productID]
[ADMIN] [5/26/2017 15:02] [PENJUALAN] CASHIER FORM : Combobox_previewKeyDown, cashierDataGridView.CurrentCell.OwningColumn.Name  [productID]
[ADMIN] [5/26/2017 15:02] [PENJUALAN] CASHIER FORM : cashierDataGridView_CellValueChanged [productID]
[ADMIN] [5/26/2017 15:02] [PENJUALAN] CASHIER FORM : Combobox_previewKeyDown, cashierDataGridView.CurrentCell.OwningColumn.Name  [productID]
[ADMIN] [5/26/2017 15:02] [PENJUALAN] CASHIER FORM : cashierDataGridView_CellValueChanged [productID]
[ADMIN] [5/26/2017 15:02] [PENJUALAN] CASHIER FORM : Combobox_KeyUp, cashierDataGridView.CurrentCell.OwningColumn.Name  [productID]
[ADMIN] [5/26/2017 15:02] [PENJUALAN] CASHIER FORM : Combobox_KeyUp, cashierDataGridView.CurrentCell.OwningColumn.Name  [productID]
[ADMIN] [5/26/2017 15:02] [PENJUALAN] CASHIER FORM : Combobox_KeyUp, cashierDataGridView.CurrentCell.OwningColumn.Name  [productID]
[ADMIN] [5/26/2017 15:02] [PENJUALAN] CASHIER FORM : Combobox_KeyUp, cashierDataGridView.CurrentCell.OwningColumn.Name  [productID]
[ADMIN] [5/26/2017 15:02] [PENJUALAN] CASHIER FORM : Combobox_KeyUp, cashierDataGridView.CurrentCell.OwningColumn.Name  [productID]
[ADMIN] [5/26/2017 15:02] [PENJUALAN] CASHIER FORM : Combobox_KeyUp, cashierDataGridView.CurrentCell.OwningColumn.Name  [productID]
[ADMIN] [5/26/2017 15:02] [PENJUALAN] CASHIER FORM : Combobox_previewKeyDown, cashierDataGridView.CurrentCell.OwningColumn.Name  [productID]
[ADMIN] [5/26/2017 15:02] [PENJUALAN] CASHIER FORM : UNREGISTER HOTKEY
[ADMIN] [5/26/2017 15:02] [PENJUALAN] CASHIER FORM : ADD NEW ROW FROM BARCODE [ALPO PUPPY 1 KG]
[ADMIN] [5/26/2017 15:02] [PENJUALAN] CASHIER FORM : updateSomeRowContents
[ADMIN] [5/26/2017 15:02] [PENJUALAN] CASHIER FORM : cashierDataGridView_CellValueChanged [productID]
[ADMIN] [5/26/2017 15:02] [PENJUALAN] CASHIER FORM : cashierDataGridView_CellValueChanged [productName]
[ADMIN] [5/26/2017 15:02] [PENJUALAN] CASHIER FORM : updateSomeRowContents
[ADMIN] [5/26/2017 15:02] [PENJUALAN] CASHIER FORM : PRODUCT PRICE TYPE [PRODUCT_BASE_PRICE]
[ADMIN] [5/26/2017 15:02] [PENJUALAN] CASHIER FORM : PRODUCT PRICE [29250]
[ADMIN] [5/26/2017 15:02] [PENJUALAN] CASHIER FORM : ComboBox_SelectedIndexChanged, PRODUCT_BASE_PRICE [29250]
[ADMIN] [5/26/2017 15:02] [PENJUALAN] CASHIER FORM : cashierDataGridView_CellValueChanged [hpp]
[ADMIN] [5/26/2017 15:02] [PENJUALAN] CASHIER FORM : PRODUCT PRICE TYPE [PRODUCT_RETAIL_PRICE]
[ADMIN] [5/26/2017 15:02] [PENJUALAN] CASHIER FORM : PRODUCT PRICE [35000]
[ADMIN] [5/26/2017 15:02] [PENJUALAN] CASHIER FORM : ComboBox_SelectedIndexChanged, PRODUCT_SALES_PRICE [35000]
[ADMIN] [5/26/2017 15:02] [PENJUALAN] CASHIER FORM : cashierDataGridView_CellValueChanged [productPrice]
[ADMIN] [5/26/2017 15:02] [PENJUALAN] CASHIER FORM : cashierDataGridView_CellValueChanged, previousInput [35000]
[ADMIN] [5/26/2017 15:02] [PENJUALAN] CASHIER FORM : cashierDataGridView_CellValueChanged [qty]
[ADMIN] [5/26/2017 15:02] [PENJUALAN] CASHIER FORM : cashierDataGridView_CellValueChanged, previousInput [0]
[ADMIN] [5/26/2017 15:02] [PENJUALAN] CASHIER FORM : cashierDataGridView_CellValueChanged [jumlah]
[ADMIN] [5/26/2017 15:02] [PENJUALAN] CASHIER FORM : calculateTotal
[ADMIN] [5/26/2017 15:02] [PENJUALAN] CASHIER FORM : calculateTotal [0]
[ADMIN] [5/26/2017 15:02] [PENJUALAN] CASHIER FORM : calculateTotal, totalAfterDisc [0]
[ADMIN] [5/26/2017 15:02] [PENJUALAN] CASHIER FORM : calculateChangeValue, bayarTextBox.Text [0]
[ADMIN] [5/26/2017 15:02] [PENJUALAN] CASHIER FORM : calculateChangeValue, sisaBayar [0]
[ADMIN] [5/26/2017 15:02] [PENJUALAN] CASHIER FORM : CHECK STOCK QTY IS ENOUGH [ALPO-P1]
[ADMIN] [5/26/2017 15:02] [PENJUALAN] CASHIER FORM : CHECK STOCK QTY IS ENOUGH [32, 1]
[ADMIN] [5/26/2017 15:02] [PENJUALAN] CASHIER FORM : cashierDataGridView_CellValueChanged [qty]
[ADMIN] [5/26/2017 15:02] [PENJUALAN] CASHIER FORM : cashierDataGridView_CellValueChanged, previousInput [0]
[ADMIN] [5/26/2017 15:02] [PENJUALAN] CASHIER FORM : cashierDataGridView_CellValueChanged, cellValue [1]
[ADMIN] [5/26/2017 15:02] [PENJUALAN] CASHIER FORM : cashierDataGridView_CellValueChanged, dataGridViewTextBoxEditingControl.Text pass REGEX Checking
[ADMIN] [5/26/2017 15:02] [PENJUALAN] CASHIER FORM : CHECK STOCK QTY IS ENOUGH [ALPO-P1]
[ADMIN] [5/26/2017 15:02] [PENJUALAN] CASHIER FORM : CHECK STOCK QTY IS ENOUGH [32, 1]
[ADMIN] [5/26/2017 15:02] [PENJUALAN] CASHIER FORM : CALCULATE SUBTOTAL
[ADMIN] [5/26/2017 15:02] [PENJUALAN] CASHIER FORM : SUBTOTAL [35000]
[ADMIN] [5/26/2017 15:02] [PENJUALAN] CASHIER FORM : cashierDataGridView_CellValueChanged, subtotal value [35000]
[ADMIN] [5/26/2017 15:02] [PENJUALAN] CASHIER FORM : cashierDataGridView_CellValueChanged, attempt to calculate total value
[ADMIN] [5/26/2017 15:02] [PENJUALAN] CASHIER FORM : calculateTotal
[ADMIN] [5/26/2017 15:02] [PENJUALAN] CASHIER FORM : calculateTotal [35000]
[ADMIN] [5/26/2017 15:02] [PENJUALAN] CASHIER FORM : calculateTotal, totalAfterDisc [35000]
[ADMIN] [5/26/2017 15:02] [PENJUALAN] CASHIER FORM : calculateChangeValue, bayarTextBox.Text [0]
[ADMIN] [5/26/2017 15:02] [PENJUALAN] CASHIER FORM : calculateChangeValue, sisaBayar [0]
[ADMIN] [5/26/2017 15:02] [PENJUALAN] CASHIER FORM : SET QTY TO 1 BECAUSE OF NEW ROW
[ADMIN] [5/26/2017 15:02] [PENJUALAN] CASHIER FORM : CALCULATE SUBTOTAL
[ADMIN] [5/26/2017 15:02] [PENJUALAN] CASHIER FORM : SUBTOTAL [35000]
[ADMIN] [5/26/2017 15:02] [PENJUALAN] CASHIER FORM : calculateTotal
[ADMIN] [5/26/2017 15:02] [PENJUALAN] CASHIER FORM : calculateTotal [35000]
[ADMIN] [5/26/2017 15:02] [PENJUALAN] CASHIER FORM : calculateTotal, totalAfterDisc [35000]
[ADMIN] [5/26/2017 15:02] [PENJUALAN] CASHIER FORM : calculateChangeValue, bayarTextBox.Text [0]
[ADMIN] [5/26/2017 15:02] [PENJUALAN] CASHIER FORM : calculateChangeValue, sisaBayar [0]
[ADMIN] [5/26/2017 15:02] [PENJUALAN] CASHIER FORM : UPDATE ROW NUMBER, TOTAL ROW [2]
[ADMIN] [5/26/2017 15:02] [PENJUALAN] CASHIER FORM : cashierDataGridView_CellValueChanged [F8]
[ADMIN] [5/26/2017 15:02] [PENJUALAN] CASHIER FORM : REGISTER HOTKEY
[ADMIN] [5/26/2017 15:02] [PENJUALAN] CASHIER FORM : Combobox_KeyUp, cashierDataGridView.CurrentCell.OwningColumn.Name  [qty]
[ADMIN] [5/26/2017 15:02] [PENJUALAN] CASHIER FORM : Combobox_KeyUp, cashierDataGridView.CurrentCell.OwningColumn.Name  [qty]
[ADMIN] [5/26/2017 15:02] [PENJUALAN] CASHIER FORM : Combobox_KeyUp, cashierDataGridView.CurrentCell.OwningColumn.Name  [qty]
[ADMIN] [5/26/2017 15:02] [PENJUALAN] CASHIER FORM : cashierDataGridView_CellValueChanged [qty]
[ADMIN] [5/26/2017 15:02] [PENJUALAN] CASHIER FORM : cashierDataGridView_CellValueChanged, previousInput [1]
[ADMIN] [5/26/2017 15:02] [PENJUALAN] CASHIER FORM : cashierDataGridView_CellValueChanged, dataGridViewTextBoxEditingControl.Text pass REGEX Checking
[ADMIN] [5/26/2017 15:02] [PENJUALAN] CASHIER FORM : CHECK STOCK QTY IS ENOUGH [ALPO-P1]
[ADMIN] [5/26/2017 15:02] [PENJUALAN] CASHIER FORM : CHECK STOCK QTY IS ENOUGH [32, 2]
[ADMIN] [5/26/2017 15:02] [PENJUALAN] CASHIER FORM : CALCULATE SUBTOTAL
[ADMIN] [5/26/2017 15:02] [PENJUALAN] CASHIER FORM : SUBTOTAL [70000]
[ADMIN] [5/26/2017 15:02] [PENJUALAN] CASHIER FORM : cashierDataGridView_CellValueChanged, subtotal value [70000]
[ADMIN] [5/26/2017 15:02] [PENJUALAN] CASHIER FORM : cashierDataGridView_CellValueChanged, attempt to calculate total value
[ADMIN] [5/26/2017 15:02] [PENJUALAN] CASHIER FORM : calculateTotal
[ADMIN] [5/26/2017 15:02] [PENJUALAN] CASHIER FORM : calculateTotal [70000]
[ADMIN] [5/26/2017 15:02] [PENJUALAN] CASHIER FORM : calculateTotal, totalAfterDisc [70000]
[ADMIN] [5/26/2017 15:02] [PENJUALAN] CASHIER FORM : calculateChangeValue, bayarTextBox.Text [0]
[ADMIN] [5/26/2017 15:02] [PENJUALAN] CASHIER FORM : calculateChangeValue, sisaBayar [0]
[ADMIN] [5/26/2017 15:02] [PENJUALAN] CASHIER FORM : cashierDataGridView_CellValueChanged [qty]
[ADMIN] [5/26/2017 15:02] [PENJUALAN] CASHIER FORM : cashierDataGridView_CellValueChanged, previousInput [2]
[ADMIN] [5/26/2017 15:02] [PENJUALAN] CASHIER FORM : cashierDataGridView_CellValueChanged, dataGridViewTextBoxEditingControl.Text pass REGEX Checking
[ADMIN] [5/26/2017 15:02] [PENJUALAN] CASHIER FORM : CHECK STOCK QTY IS ENOUGH [ALPO-P1]
[ADMIN] [5/26/2017 15:02] [PENJUALAN] CASHIER FORM : CHECK STOCK QTY IS ENOUGH [32, 20]
[ADMIN] [5/26/2017 15:02] [PENJUALAN] CASHIER FORM : CALCULATE SUBTOTAL
[ADMIN] [5/26/2017 15:02] [PENJUALAN] CASHIER FORM : SUBTOTAL [700000]
[ADMIN] [5/26/2017 15:02] [PENJUALAN] CASHIER FORM : cashierDataGridView_CellValueChanged, subtotal value [700000]
[ADMIN] [5/26/2017 15:02] [PENJUALAN] CASHIER FORM : cashierDataGridView_CellValueChanged, attempt to calculate total value
[ADMIN] [5/26/2017 15:02] [PENJUALAN] CASHIER FORM : calculateTotal
[ADMIN] [5/26/2017 15:02] [PENJUALAN] CASHIER FORM : calculateTotal [700000]
[ADMIN] [5/26/2017 15:02] [PENJUALAN] CASHIER FORM : calculateTotal, totalAfterDisc [700000]
[ADMIN] [5/26/2017 15:02] [PENJUALAN] CASHIER FORM : calculateChangeValue, bayarTextBox.Text [0]
[ADMIN] [5/26/2017 15:02] [PENJUALAN] CASHIER FORM : calculateChangeValue, sisaBayar [0]
[ADMIN] [5/26/2017 15:02] [PENJUALAN] CASHIER FORM : Combobox_KeyUp, cashierDataGridView.CurrentCell.OwningColumn.Name  [qty]
[ADMIN] [5/26/2017 15:02] [PENJUALAN] CASHIER FORM : Combobox_KeyUp, cashierDataGridView.CurrentCell.OwningColumn.Name  [qty]
[ADMIN] [5/26/2017 15:02] [PENJUALAN] CASHIER FORM : Combobox_KeyUp, cashierDataGridView.CurrentCell.OwningColumn.Name  [qty]
[ADMIN] [5/26/2017 15:02] [PENJUALAN] CASHIER FORM : Combobox_KeyUp, cashierDataGridView.CurrentCell.OwningColumn.Name  [qty]
[ADMIN] [5/26/2017 15:02] [PENJUALAN] CASHIER FORM : Combobox_KeyUp, cashierDataGridView.CurrentCell.OwningColumn.Name  [qty]
[ADMIN] [5/26/2017 15:02] [PENJUALAN] CASHIER FORM : Combobox_KeyUp, cashierDataGridView.CurrentCell.OwningColumn.Name  [qty]
[ADMIN] [5/26/2017 15:02] [PENJUALAN] CASHIER FORM : calculateChangeValue, bayarTextBox.Text [10]
[ADMIN] [5/26/2017 15:02] [PENJUALAN] CASHIER FORM : calculateChangeValue, sisaBayar [0]
[ADMIN] [5/26/2017 15:02] [PENJUALAN] CASHIER FORM : calculateChangeValue, bayarTextBox.Text [100]
[ADMIN] [5/26/2017 15:02] [PENJUALAN] CASHIER FORM : calculateChangeValue, sisaBayar [0]
[ADMIN] [5/26/2017 15:02] [PENJUALAN] CASHIER FORM : calculateChangeValue, bayarTextBox.Text [1000]
[ADMIN] [5/26/2017 15:02] [PENJUALAN] CASHIER FORM : calculateChangeValue, sisaBayar [0]
[ADMIN] [5/26/2017 15:02] [PENJUALAN] CASHIER FORM : calculateChangeValue, bayarTextBox.Text [10000]
[ADMIN] [5/26/2017 15:02] [PENJUALAN] CASHIER FORM : calculateChangeValue, sisaBayar [0]
[ADMIN] [5/26/2017 15:02] [PENJUALAN] CASHIER FORM : calculateChangeValue, bayarTextBox.Text [100000]
[ADMIN] [5/26/2017 15:02] [PENJUALAN] CASHIER FORM : calculateChangeValue, sisaBayar [0]
[ADMIN] [5/26/2017 15:02] [PENJUALAN] CASHIER FORM : calculateChangeValue, bayarTextBox.Text [1000000]
[ADMIN] [5/26/2017 15:02] [PENJUALAN] CASHIER FORM : calculateChangeValue, sisaBayar [300000]
[ADMIN] [5/26/2017 15:02] [PENJUALAN] CASHIER FORM : HOTKEY TO SAVE AND PRINT OUT INVOICE PRESSED
[ADMIN] [5/26/2017 15:02] [PENJUALAN] CASHIER FORM : UNREGISTER HOTKEY
[ADMIN] [5/26/2017 15:02] [PENJUALAN] CASHIER FORM : REGISTER HOTKEY
[ADMIN] [5/26/2017 15:02] [PENJUALAN] ATTEMPT TO SAVE AND PRINT OUT INVOICE
[ADMIN] [5/26/2017 15:02] [PENJUALAN] CASHIER FORM : UNREGISTER HOTKEY
[ADMIN] [5/26/2017 15:02] [PENJUALAN] CASHIER FORM : REGISTER HOTKEY
[ADMIN] [5/26/2017 15:02] [PENJUALAN] CASHIER FORM : UNREGISTER HOTKEY
[ADMIN] [5/26/2017 15:02] [PENJUALAN] CASHIER FORM : ATTEMPT TO SAVE SALES DATA [26-05-2017 15:02]
[ADMIN] [5/26/2017 15:02] [PENJUALAN] CASHIER FORM : SALES DISC FINAL [0]
[ADMIN] [5/26/2017 15:02] [PENJUALAN] CASHIER FORM : CASH SALES
[ADMIN] [5/26/2017 15:02] [PENJUALAN] CHECK IF TAX LIMIT SET FOR PERCENTAGE PURCHASE [0]
[ADMIN] [5/26/2017 15:02] [PENJUALAN] CHECK IF TAX LIMIT SET FOR AVERAGE DAILY PURCHASE [0]
[ADMIN] [5/26/2017 15:02] [PENJUALAN] CASHIER FORM : NO FAKTUR [SLO001]
[ADMIN] [5/26/2017 15:02] [PENJUALAN] CASHIER FORM : MAX SALES INVOICE [326]
[ADMIN] [5/26/2017 15:02] [PENJUALAN] CASHIER FORM : SALES INVOICE [SLO001-327]
[ADMIN] [5/26/2017 15:02] [PENJUALAN] INSERT INTO SALES HEADER [SLO001-327]
[ADMIN] [5/26/2017 15:02] [PENJUALAN] INSERT INTO SALES DETAIL[ALPO-P1, 35000, 20]
[ADMIN] [5/26/2017 15:02] [PENJUALAN] REDUCE STOCK AT MASTER PRODUCT [ALPO-P1]
[ADMIN] [5/26/2017 15:02] [PENJUALAN] REDUCE STOCK AT PRODUCT_EXPIRY LOT [3345]
[ADMIN] [5/26/2017 15:02] [PENJUALAN] SAVE PRODUCT LOT INFORMATION FOR EACH ITEM AND AMOUNT
[ADMIN] [5/26/2017 15:02] [PENJUALAN] REDUCE STOCK AT PRODUCT_EXPIRY LOT [3321]
[ADMIN] [5/26/2017 15:02] [PENJUALAN] SAVE PRODUCT LOT INFORMATION FOR EACH ITEM AND AMOUNT
[ADMIN] [5/26/2017 15:02] [PENJUALAN] INSERT TO CREDIT TABLE [SLO001-327]
[ADMIN] [5/26/2017 15:02] [PENJUALAN] INSERT TO DAILY JOURNAL TABLE [700000]
[ADMIN] [5/26/2017 15:02] [PENJUALAN] CASHIER FORM : REGISTER HOTKEY
[ADMIN] [5/26/2017 15:02] [PENJUALAN] TRANSACTION SAVED
[ADMIN] [5/26/2017 15:02] [PENJUALAN] PRINT OUT INVOICE
[ADMIN] [5/26/2017 15:02] [PENJUALAN] CASHIER FORM : PrintReceipt
[ADMIN] [5/26/2017 15:02] [PENJUALAN] CASHIER FORM : PrintReceipt, POS size Paper
[ADMIN] [5/26/2017 15:02] [PENJUALAN] CASHIER FORM : loadInfoToko
[ADMIN] [5/26/2017 15:02] [PENJUALAN] CASHIER FORM : calculatePageLength, totalLengthPage [355]
[ADMIN] [5/26/2017 15:02] [PENJUALAN] CASHIER FORM : printDocument1_PrintPage, print POS size receipt
[ADMIN] [5/26/2017 15:02] [PENJUALAN] CASHIER FORM : UNREGISTER HOTKEY
[ADMIN] [5/26/2017 15:02] [PENJUALAN] CASHIER FORM : loadInfoToko
[ADMIN] [5/26/2017 15:02] [PENJUALAN] CASHIER FORM : loadNamaUser
[ADMIN] [5/26/2017 15:02] [PENJUALAN] CASHIER FORM : UPDATE ROW NUMBER, TOTAL ROW [1]
[ADMIN] [5/26/2017 15:02] [PENJUALAN] CASHIER FORM : cashierDataGridView_CellValueChanged [F8]
[ADMIN] [5/26/2017 15:02] [PENJUALAN] CASHIER FORM : REGISTER HOTKEY
[ADMIN] [5/26/2017 15:02] [PENJUALAN] CASHIER FORM : UNREGISTER HOTKEY
[ADMIN] [5/26/2017 15:02] [PENJUALAN] CASHIER FORM : UNREGISTER HOTKEY
[ADMIN] [5/26/2017 15:02] [] USER ID = 1LOGOUT
