[] [2/7/2017 13:57] [] USER = ADMIN IS ACTIVE
[ADMIN] [2/7/2017 13:57] [] USER ID = 1 LOGIN SUCCESSFULLY
[ADMIN] [2/7/2017 13:57] [] ACTIVATE USER ACCESS RIGHT
[ADMIN] [2/7/2017 13:57] [] DISPLAY ADMIN FORM
[ADMIN] [2/7/2017 13:57] [] adminForm Load
[ADMIN] [2/7/2017 13:57] [] ACTIVATE USER ACCESS RIGHT
[ADMIN] [2/7/2017 13:57] [] USER ID = 1LOGOUT
[ADMIN] [2/7/2017 13:57] [] USER = KASIR IS ACTIVE
[KASIR] [2/7/2017 13:57] [] USER ID = 3 LOGIN SUCCESSFULLY
[KASIR] [2/7/2017 13:57] [] DISPLAY CASHIER LOGIN FORM
[KASIR] [2/7/2017 13:57] [] DISPLAY CASHIER LOG SCREEN FOR CASHIER LOGIN
[KASIR] [2/7/2017 13:57] [] INSERT DATA FOR A NEW CASHIER SESSION, SA=2000
[KASIR] [2/7/2017 13:57] [] ACTIVATE USER ACCESS RIGHT
[KASIR] [2/7/2017 13:57] [] adminForm Load
[KASIR] [2/7/2017 13:57] [] ACTIVATE USER ACCESS RIGHT
[KASIR] [2/7/2017 13:57] [PENJUALAN] CASHIER FORM : MULTIPLE CASHIER INSTANCE [1]
[KASIR] [2/7/2017 13:57] [PENJUALAN] CASHIER FORM : REGISTER HOTKEY
[KASIR] [2/7/2017 13:57] [PENJUALAN] CASHIER FORM : cashierForm_Load, ATTEMPT TO LOAD NO FAKTUR
[KASIR] [2/7/2017 13:57] [PENJUALAN] CASHIER FORM : loadNoFaktur, noFakturValue [SLO001]
[KASIR] [2/7/2017 13:57] [PENJUALAN] CASHIER FORM : cashierForm_Load, ATTEMPT TO addColumnToDataGrid
[KASIR] [2/7/2017 13:57] [PENJUALAN] CASHIER FORM : UPDATE ROW NUMBER, TOTAL ROW [1]
[KASIR] [2/7/2017 13:57] [PENJUALAN] CASHIER FORM : calculateTotal
[KASIR] [2/7/2017 13:57] [PENJUALAN] CASHIER FORM : calculateTotal [0]
[KASIR] [2/7/2017 13:57] [PENJUALAN] CASHIER FORM : calculateTotal, totalAfterDisc [0]
[KASIR] [2/7/2017 13:57] [PENJUALAN] CASHIER FORM : calculateChangeValue, bayarTextBox.Text [0]
[KASIR] [2/7/2017 13:57] [PENJUALAN] CASHIER FORM : calculateChangeValue, sisaBayar [0]
[KASIR] [2/7/2017 13:57] [PENJUALAN] CASHIER FORM : REGISTER HOTKEY
[KASIR] [2/7/2017 13:57] [PENJUALAN] CASHIER FORM : Combobox_previewKeyDown, cashierDataGridView.CurrentCell.OwningColumn.Name  [productID]
[KASIR] [2/7/2017 13:57] [PENJUALAN] CASHIER FORM : UPDATE ROW NUMBER, TOTAL ROW [2]
[KASIR] [2/7/2017 13:57] [PENJUALAN] CASHIER FORM : cashierDataGridView_CellValueChanged [F8]
[KASIR] [2/7/2017 13:57] [PENJUALAN] CASHIER FORM : cashierDataGridView_CellValueChanged [productID]
[KASIR] [2/7/2017 13:57] [PENJUALAN] CASHIER FORM : Combobox_KeyUp, cashierDataGridView.CurrentCell.OwningColumn.Name  [productID]
[KASIR] [2/7/2017 13:57] [PENJUALAN] CASHIER FORM : Combobox_previewKeyDown, cashierDataGridView.CurrentCell.OwningColumn.Name  [productID]
[KASIR] [2/7/2017 13:57] [PENJUALAN] CASHIER FORM : cashierDataGridView_CellValueChanged [productID]
[KASIR] [2/7/2017 13:57] [PENJUALAN] CASHIER FORM : Combobox_KeyUp, cashierDataGridView.CurrentCell.OwningColumn.Name  [productID]
[KASIR] [2/7/2017 13:57] [PENJUALAN] CASHIER FORM : Combobox_previewKeyDown, cashierDataGridView.CurrentCell.OwningColumn.Name  [productID]
[KASIR] [2/7/2017 13:57] [PENJUALAN] CASHIER FORM : cashierDataGridView_CellValueChanged [productID]
[KASIR] [2/7/2017 13:57] [PENJUALAN] CASHIER FORM : Combobox_KeyUp, cashierDataGridView.CurrentCell.OwningColumn.Name  [productID]
[KASIR] [2/7/2017 13:57] [PENJUALAN] CASHIER FORM : Combobox_previewKeyDown, cashierDataGridView.CurrentCell.OwningColumn.Name  [productID]
[KASIR] [2/7/2017 13:57] [PENJUALAN] CASHIER FORM : UNREGISTER HOTKEY
[KASIR] [2/7/2017 13:58] [PENJUALAN] CASHIER FORM : ADD NEW ROW FROM BARCODE [ALPO PUPPY 1 KG]
[KASIR] [2/7/2017 13:58] [PENJUALAN] CASHIER FORM : updateSomeRowContents
[KASIR] [2/7/2017 13:58] [PENJUALAN] CASHIER FORM : cashierDataGridView_CellValueChanged [productID]
[KASIR] [2/7/2017 13:58] [PENJUALAN] CASHIER FORM : cashierDataGridView_CellValueChanged [productName]
[KASIR] [2/7/2017 13:58] [PENJUALAN] CASHIER FORM : updateSomeRowContents
[KASIR] [2/7/2017 13:58] [PENJUALAN] CASHIER FORM : PRODUCT PRICE TYPE [PRODUCT_BASE_PRICE]
[KASIR] [2/7/2017 13:58] [PENJUALAN] CASHIER FORM : PRODUCT PRICE [29250]
[KASIR] [2/7/2017 13:58] [PENJUALAN] CASHIER FORM : ComboBox_SelectedIndexChanged, PRODUCT_BASE_PRICE [29250]
[KASIR] [2/7/2017 13:58] [PENJUALAN] CASHIER FORM : cashierDataGridView_CellValueChanged [hpp]
[KASIR] [2/7/2017 13:58] [PENJUALAN] CASHIER FORM : PRODUCT PRICE TYPE [PRODUCT_RETAIL_PRICE]
[KASIR] [2/7/2017 13:58] [PENJUALAN] CASHIER FORM : PRODUCT PRICE [35000]
[KASIR] [2/7/2017 13:58] [PENJUALAN] CASHIER FORM : ComboBox_SelectedIndexChanged, PRODUCT_SALES_PRICE [35000]
[KASIR] [2/7/2017 13:58] [PENJUALAN] CASHIER FORM : cashierDataGridView_CellValueChanged [productPrice]
[KASIR] [2/7/2017 13:58] [PENJUALAN] CASHIER FORM : cashierDataGridView_CellValueChanged, previousInput [0]
[KASIR] [2/7/2017 13:58] [PENJUALAN] CASHIER FORM : cashierDataGridView_CellValueChanged, cellValue [35000]
[KASIR] [2/7/2017 13:58] [PENJUALAN] CASHIER FORM : cashierDataGridView_CellValueChanged, dataGridViewTextBoxEditingControl.Text pass REGEX Checking
[KASIR] [2/7/2017 13:58] [PENJUALAN] CASHIER FORM : CALCULATE SUBTOTAL
[KASIR] [2/7/2017 13:58] [PENJUALAN] CASHIER FORM : SUBTOTAL [0]
[KASIR] [2/7/2017 13:58] [PENJUALAN] CASHIER FORM : cashierDataGridView_CellValueChanged, subtotal value [0]
[KASIR] [2/7/2017 13:58] [PENJUALAN] CASHIER FORM : cashierDataGridView_CellValueChanged, attempt to calculate total value
[KASIR] [2/7/2017 13:58] [PENJUALAN] CASHIER FORM : calculateTotal
[KASIR] [2/7/2017 13:58] [PENJUALAN] CASHIER FORM : calculateTotal [0]
[KASIR] [2/7/2017 13:58] [PENJUALAN] CASHIER FORM : calculateTotal, totalAfterDisc [0]
[KASIR] [2/7/2017 13:58] [PENJUALAN] CASHIER FORM : calculateChangeValue, bayarTextBox.Text [0]
[KASIR] [2/7/2017 13:58] [PENJUALAN] CASHIER FORM : calculateChangeValue, sisaBayar [0]
[KASIR] [2/7/2017 13:58] [PENJUALAN] CASHIER FORM : cashierDataGridView_CellValueChanged [qty]
[KASIR] [2/7/2017 13:58] [PENJUALAN] CASHIER FORM : cashierDataGridView_CellValueChanged, previousInput [0]
[KASIR] [2/7/2017 13:58] [PENJUALAN] CASHIER FORM : cashierDataGridView_CellValueChanged [jumlah]
[KASIR] [2/7/2017 13:58] [PENJUALAN] CASHIER FORM : calculateTotal
[KASIR] [2/7/2017 13:58] [PENJUALAN] CASHIER FORM : calculateTotal [0]
[KASIR] [2/7/2017 13:58] [PENJUALAN] CASHIER FORM : calculateTotal, totalAfterDisc [0]
[KASIR] [2/7/2017 13:58] [PENJUALAN] CASHIER FORM : calculateChangeValue, bayarTextBox.Text [0]
[KASIR] [2/7/2017 13:58] [PENJUALAN] CASHIER FORM : calculateChangeValue, sisaBayar [0]
[KASIR] [2/7/2017 13:58] [PENJUALAN] CASHIER FORM : CHECK STOCK QTY IS ENOUGH [ALPO-P1]
[KASIR] [2/7/2017 13:58] [PENJUALAN] CASHIER FORM : CHECK STOCK QTY IS ENOUGH [10, 1]
[KASIR] [2/7/2017 13:58] [PENJUALAN] CASHIER FORM : cashierDataGridView_CellValueChanged [qty]
[KASIR] [2/7/2017 13:58] [PENJUALAN] CASHIER FORM : cashierDataGridView_CellValueChanged, previousInput [0]
[KASIR] [2/7/2017 13:58] [PENJUALAN] CASHIER FORM : cashierDataGridView_CellValueChanged, cellValue [1]
[KASIR] [2/7/2017 13:58] [PENJUALAN] CASHIER FORM : cashierDataGridView_CellValueChanged, dataGridViewTextBoxEditingControl.Text pass REGEX Checking
[KASIR] [2/7/2017 13:58] [PENJUALAN] CASHIER FORM : CHECK STOCK QTY IS ENOUGH [ALPO-P1]
[KASIR] [2/7/2017 13:58] [PENJUALAN] CASHIER FORM : CHECK STOCK QTY IS ENOUGH [10, 1]
[KASIR] [2/7/2017 13:58] [PENJUALAN] CASHIER FORM : CALCULATE SUBTOTAL
[KASIR] [2/7/2017 13:58] [PENJUALAN] CASHIER FORM : SUBTOTAL [35000]
[KASIR] [2/7/2017 13:58] [PENJUALAN] CASHIER FORM : cashierDataGridView_CellValueChanged, subtotal value [35000]
[KASIR] [2/7/2017 13:58] [PENJUALAN] CASHIER FORM : cashierDataGridView_CellValueChanged, attempt to calculate total value
[KASIR] [2/7/2017 13:58] [PENJUALAN] CASHIER FORM : calculateTotal
[KASIR] [2/7/2017 13:58] [PENJUALAN] CASHIER FORM : calculateTotal [35000]
[KASIR] [2/7/2017 13:58] [PENJUALAN] CASHIER FORM : calculateTotal, totalAfterDisc [35000]
[KASIR] [2/7/2017 13:58] [PENJUALAN] CASHIER FORM : calculateChangeValue, bayarTextBox.Text [0]
[KASIR] [2/7/2017 13:58] [PENJUALAN] CASHIER FORM : calculateChangeValue, sisaBayar [0]
[KASIR] [2/7/2017 13:58] [PENJUALAN] CASHIER FORM : SET QTY TO 1 BECAUSE OF NEW ROW
[KASIR] [2/7/2017 13:58] [PENJUALAN] CASHIER FORM : CALCULATE SUBTOTAL
[KASIR] [2/7/2017 13:58] [PENJUALAN] CASHIER FORM : SUBTOTAL [35000]
[KASIR] [2/7/2017 13:58] [PENJUALAN] CASHIER FORM : calculateTotal
[KASIR] [2/7/2017 13:58] [PENJUALAN] CASHIER FORM : calculateTotal [35000]
[KASIR] [2/7/2017 13:58] [PENJUALAN] CASHIER FORM : calculateTotal, totalAfterDisc [35000]
[KASIR] [2/7/2017 13:58] [PENJUALAN] CASHIER FORM : calculateChangeValue, bayarTextBox.Text [0]
[KASIR] [2/7/2017 13:58] [PENJUALAN] CASHIER FORM : calculateChangeValue, sisaBayar [0]
[KASIR] [2/7/2017 13:58] [PENJUALAN] CASHIER FORM : UPDATE ROW NUMBER, TOTAL ROW [2]
[KASIR] [2/7/2017 13:58] [PENJUALAN] CASHIER FORM : cashierDataGridView_CellValueChanged [F8]
[KASIR] [2/7/2017 13:58] [PENJUALAN] CASHIER FORM : REGISTER HOTKEY
[KASIR] [2/7/2017 13:58] [PENJUALAN] CASHIER FORM : Combobox_KeyUp, cashierDataGridView.CurrentCell.OwningColumn.Name  [qty]
[KASIR] [2/7/2017 13:58] [PENJUALAN] CASHIER FORM : cashierDataGridView_CellValueChanged [qty]
[KASIR] [2/7/2017 13:58] [PENJUALAN] CASHIER FORM : cashierDataGridView_CellValueChanged, previousInput [1]
[KASIR] [2/7/2017 13:58] [PENJUALAN] CASHIER FORM : cashierDataGridView_CellValueChanged, dataGridViewTextBoxEditingControl.Text pass REGEX Checking
[KASIR] [2/7/2017 13:58] [PENJUALAN] CASHIER FORM : CHECK STOCK QTY IS ENOUGH [ALPO-P1]
[KASIR] [2/7/2017 13:58] [PENJUALAN] CASHIER FORM : CHECK STOCK QTY IS ENOUGH [10, 2]
[KASIR] [2/7/2017 13:58] [PENJUALAN] CASHIER FORM : CALCULATE SUBTOTAL
[KASIR] [2/7/2017 13:58] [PENJUALAN] CASHIER FORM : SUBTOTAL [70000]
[KASIR] [2/7/2017 13:58] [PENJUALAN] CASHIER FORM : cashierDataGridView_CellValueChanged, subtotal value [70000]
[KASIR] [2/7/2017 13:58] [PENJUALAN] CASHIER FORM : cashierDataGridView_CellValueChanged, attempt to calculate total value
[KASIR] [2/7/2017 13:58] [PENJUALAN] CASHIER FORM : calculateTotal
[KASIR] [2/7/2017 13:58] [PENJUALAN] CASHIER FORM : calculateTotal [70000]
[KASIR] [2/7/2017 13:58] [PENJUALAN] CASHIER FORM : calculateTotal, totalAfterDisc [70000]
[KASIR] [2/7/2017 13:58] [PENJUALAN] CASHIER FORM : calculateChangeValue, bayarTextBox.Text [0]
[KASIR] [2/7/2017 13:58] [PENJUALAN] CASHIER FORM : calculateChangeValue, sisaBayar [0]
[KASIR] [2/7/2017 13:58] [PENJUALAN] CASHIER FORM : cashierDataGridView_CellValueChanged [qty]
[KASIR] [2/7/2017 13:58] [PENJUALAN] CASHIER FORM : cashierDataGridView_CellValueChanged, previousInput [2]
[KASIR] [2/7/2017 13:58] [PENJUALAN] CASHIER FORM : cashierDataGridView_CellValueChanged, dataGridViewTextBoxEditingControl.Text pass REGEX Checking
[KASIR] [2/7/2017 13:58] [PENJUALAN] CASHIER FORM : CHECK STOCK QTY IS ENOUGH [ALPO-P1]
[KASIR] [2/7/2017 13:58] [PENJUALAN] CASHIER FORM : CHECK STOCK QTY IS ENOUGH [10, 20]
[KASIR] [2/7/2017 13:58] [PENJUALAN] CASHIER FORM : CALCULATE SUBTOTAL
[KASIR] [2/7/2017 13:58] [PENJUALAN] CASHIER FORM : SUBTOTAL [70000]
[KASIR] [2/7/2017 13:58] [PENJUALAN] CASHIER FORM : cashierDataGridView_CellValueChanged, subtotal value [70000]
[KASIR] [2/7/2017 13:58] [PENJUALAN] CASHIER FORM : cashierDataGridView_CellValueChanged, attempt to calculate total value
[KASIR] [2/7/2017 13:58] [PENJUALAN] CASHIER FORM : calculateTotal
[KASIR] [2/7/2017 13:58] [PENJUALAN] CASHIER FORM : calculateTotal [70000]
[KASIR] [2/7/2017 13:58] [PENJUALAN] CASHIER FORM : calculateTotal, totalAfterDisc [70000]
[KASIR] [2/7/2017 13:58] [PENJUALAN] CASHIER FORM : calculateChangeValue, bayarTextBox.Text [0]
[KASIR] [2/7/2017 13:58] [PENJUALAN] CASHIER FORM : calculateChangeValue, sisaBayar [0]
[KASIR] [2/7/2017 13:58] [PENJUALAN] CASHIER FORM : Combobox_KeyUp, cashierDataGridView.CurrentCell.OwningColumn.Name  [qty]
[KASIR] [2/7/2017 13:58] [PENJUALAN] CASHIER FORM : Combobox_KeyUp, cashierDataGridView.CurrentCell.OwningColumn.Name  [qty]
[KASIR] [2/7/2017 13:58] [PENJUALAN] CASHIER FORM : Combobox_KeyUp, cashierDataGridView.CurrentCell.OwningColumn.Name  [qty]
[KASIR] [2/7/2017 13:58] [PENJUALAN] CASHIER FORM : cashierDataGridView_CellValueChanged [qty]
[KASIR] [2/7/2017 13:58] [PENJUALAN] CASHIER FORM : cashierDataGridView_CellValueChanged, empty texbox, reset [qty] value to 0
[KASIR] [2/7/2017 13:58] [PENJUALAN] CASHIER FORM : TextBox_TextChanged, recalculate total value
[KASIR] [2/7/2017 13:58] [PENJUALAN] CASHIER FORM : calculateTotal
[KASIR] [2/7/2017 13:58] [PENJUALAN] CASHIER FORM : calculateTotal [0]
[KASIR] [2/7/2017 13:58] [PENJUALAN] CASHIER FORM : calculateTotal, totalAfterDisc [0]
[KASIR] [2/7/2017 13:58] [PENJUALAN] CASHIER FORM : calculateChangeValue, bayarTextBox.Text [0]
[KASIR] [2/7/2017 13:58] [PENJUALAN] CASHIER FORM : calculateChangeValue, sisaBayar [0]
[KASIR] [2/7/2017 13:58] [PENJUALAN] CASHIER FORM : Combobox_KeyUp, cashierDataGridView.CurrentCell.OwningColumn.Name  [qty]
[KASIR] [2/7/2017 13:58] [PENJUALAN] CASHIER FORM : cashierDataGridView_CellValueChanged [qty]
[KASIR] [2/7/2017 13:58] [PENJUALAN] CASHIER FORM : cashierDataGridView_CellValueChanged, previousInput [0]
[KASIR] [2/7/2017 13:58] [PENJUALAN] CASHIER FORM : cashierDataGridView_CellValueChanged, cellValue [1]
[KASIR] [2/7/2017 13:58] [PENJUALAN] CASHIER FORM : cashierDataGridView_CellValueChanged, dataGridViewTextBoxEditingControl.Text pass REGEX Checking
[KASIR] [2/7/2017 13:58] [PENJUALAN] CASHIER FORM : CHECK STOCK QTY IS ENOUGH [ALPO-P1]
[KASIR] [2/7/2017 13:58] [PENJUALAN] CASHIER FORM : CHECK STOCK QTY IS ENOUGH [10, 1]
[KASIR] [2/7/2017 13:58] [PENJUALAN] CASHIER FORM : CALCULATE SUBTOTAL
[KASIR] [2/7/2017 13:58] [PENJUALAN] CASHIER FORM : SUBTOTAL [35000]
[KASIR] [2/7/2017 13:58] [PENJUALAN] CASHIER FORM : cashierDataGridView_CellValueChanged, subtotal value [35000]
[KASIR] [2/7/2017 13:58] [PENJUALAN] CASHIER FORM : cashierDataGridView_CellValueChanged, attempt to calculate total value
[KASIR] [2/7/2017 13:58] [PENJUALAN] CASHIER FORM : calculateTotal
[KASIR] [2/7/2017 13:58] [PENJUALAN] CASHIER FORM : calculateTotal [35000]
[KASIR] [2/7/2017 13:58] [PENJUALAN] CASHIER FORM : calculateTotal, totalAfterDisc [35000]
[KASIR] [2/7/2017 13:58] [PENJUALAN] CASHIER FORM : calculateChangeValue, bayarTextBox.Text [0]
[KASIR] [2/7/2017 13:58] [PENJUALAN] CASHIER FORM : calculateChangeValue, sisaBayar [0]
[KASIR] [2/7/2017 13:58] [PENJUALAN] CASHIER FORM : Combobox_KeyUp, cashierDataGridView.CurrentCell.OwningColumn.Name  [qty]
[KASIR] [2/7/2017 13:58] [PENJUALAN] CASHIER FORM : cashierDataGridView_CellValueChanged [qty]
[KASIR] [2/7/2017 13:58] [PENJUALAN] CASHIER FORM : cashierDataGridView_CellValueChanged, empty texbox, reset [qty] value to 0
[KASIR] [2/7/2017 13:58] [PENJUALAN] CASHIER FORM : TextBox_TextChanged, recalculate total value
[KASIR] [2/7/2017 13:58] [PENJUALAN] CASHIER FORM : calculateTotal
[KASIR] [2/7/2017 13:58] [PENJUALAN] CASHIER FORM : calculateTotal [0]
[KASIR] [2/7/2017 13:58] [PENJUALAN] CASHIER FORM : calculateTotal, totalAfterDisc [0]
[KASIR] [2/7/2017 13:58] [PENJUALAN] CASHIER FORM : calculateChangeValue, bayarTextBox.Text [0]
[KASIR] [2/7/2017 13:58] [PENJUALAN] CASHIER FORM : calculateChangeValue, sisaBayar [0]
[KASIR] [2/7/2017 13:58] [PENJUALAN] CASHIER FORM : Combobox_KeyUp, cashierDataGridView.CurrentCell.OwningColumn.Name  [qty]
[KASIR] [2/7/2017 13:58] [PENJUALAN] CASHIER FORM : cashierDataGridView_CellValueChanged [qty]
[KASIR] [2/7/2017 13:58] [PENJUALAN] CASHIER FORM : cashierDataGridView_CellValueChanged, previousInput [0]
[KASIR] [2/7/2017 13:58] [PENJUALAN] CASHIER FORM : cashierDataGridView_CellValueChanged, cellValue [2]
[KASIR] [2/7/2017 13:58] [PENJUALAN] CASHIER FORM : cashierDataGridView_CellValueChanged, dataGridViewTextBoxEditingControl.Text pass REGEX Checking
[KASIR] [2/7/2017 13:58] [PENJUALAN] CASHIER FORM : CHECK STOCK QTY IS ENOUGH [ALPO-P1]
[KASIR] [2/7/2017 13:58] [PENJUALAN] CASHIER FORM : CHECK STOCK QTY IS ENOUGH [10, 2]
[KASIR] [2/7/2017 13:58] [PENJUALAN] CASHIER FORM : CALCULATE SUBTOTAL
[KASIR] [2/7/2017 13:58] [PENJUALAN] CASHIER FORM : SUBTOTAL [70000]
[KASIR] [2/7/2017 13:58] [PENJUALAN] CASHIER FORM : cashierDataGridView_CellValueChanged, subtotal value [70000]
[KASIR] [2/7/2017 13:58] [PENJUALAN] CASHIER FORM : cashierDataGridView_CellValueChanged, attempt to calculate total value
[KASIR] [2/7/2017 13:58] [PENJUALAN] CASHIER FORM : calculateTotal
[KASIR] [2/7/2017 13:58] [PENJUALAN] CASHIER FORM : calculateTotal [70000]
[KASIR] [2/7/2017 13:58] [PENJUALAN] CASHIER FORM : calculateTotal, totalAfterDisc [70000]
[KASIR] [2/7/2017 13:58] [PENJUALAN] CASHIER FORM : calculateChangeValue, bayarTextBox.Text [0]
[KASIR] [2/7/2017 13:58] [PENJUALAN] CASHIER FORM : calculateChangeValue, sisaBayar [0]
[KASIR] [2/7/2017 13:58] [PENJUALAN] CASHIER FORM : Combobox_KeyUp, cashierDataGridView.CurrentCell.OwningColumn.Name  [qty]
[KASIR] [2/7/2017 13:58] [PENJUALAN] CASHIER FORM : calculateChangeValue, bayarTextBox.Text [70]
[KASIR] [2/7/2017 13:58] [PENJUALAN] CASHIER FORM : calculateChangeValue, sisaBayar [0]
[KASIR] [2/7/2017 13:58] [PENJUALAN] CASHIER FORM : calculateChangeValue, bayarTextBox.Text [700]
[KASIR] [2/7/2017 13:58] [PENJUALAN] CASHIER FORM : calculateChangeValue, sisaBayar [0]
[KASIR] [2/7/2017 13:58] [PENJUALAN] CASHIER FORM : calculateChangeValue, bayarTextBox.Text [7000]
[KASIR] [2/7/2017 13:58] [PENJUALAN] CASHIER FORM : calculateChangeValue, sisaBayar [0]
[KASIR] [2/7/2017 13:58] [PENJUALAN] CASHIER FORM : calculateChangeValue, bayarTextBox.Text [70000]
[KASIR] [2/7/2017 13:58] [PENJUALAN] CASHIER FORM : calculateChangeValue, sisaBayar [0]
[KASIR] [2/7/2017 13:58] [PENJUALAN] CASHIER FORM : calculateChangeValue, bayarTextBox.Text [700000]
[KASIR] [2/7/2017 13:58] [PENJUALAN] CASHIER FORM : calculateChangeValue, sisaBayar [630000]
[KASIR] [2/7/2017 13:58] [PENJUALAN] CASHIER FORM : calculateChangeValue, bayarTextBox.Text [70000]
[KASIR] [2/7/2017 13:58] [PENJUALAN] CASHIER FORM : calculateChangeValue, sisaBayar [0]
[KASIR] [2/7/2017 13:58] [PENJUALAN] CASHIER FORM : HOTKEY TO SAVE AND PRINT OUT INVOICE PRESSED
[KASIR] [2/7/2017 13:58] [PENJUALAN] CASHIER FORM : UNREGISTER HOTKEY
[KASIR] [2/7/2017 13:58] [PENJUALAN] CASHIER FORM : REGISTER HOTKEY
[KASIR] [2/7/2017 13:58] [PENJUALAN] ATTEMPT TO SAVE AND PRINT OUT INVOICE
[KASIR] [2/7/2017 13:58] [PENJUALAN] CASHIER FORM : UNREGISTER HOTKEY
[KASIR] [2/7/2017 13:58] [PENJUALAN] CASHIER FORM : REGISTER HOTKEY
[KASIR] [2/7/2017 13:58] [PENJUALAN] CASHIER FORM : UNREGISTER HOTKEY
[KASIR] [2/7/2017 13:58] [PENJUALAN] CASHIER FORM : ATTEMPT TO SAVE SALES DATA [07-02-2017 13:58]
[KASIR] [2/7/2017 13:58] [PENJUALAN] CASHIER FORM : SALES DISC FINAL [0]
[KASIR] [2/7/2017 13:58] [PENJUALAN] CASHIER FORM : CASH SALES
[KASIR] [2/7/2017 13:58] [PENJUALAN] CHECK IF TAX LIMIT SET FOR PERCENTAGE PURCHASE [0]
[KASIR] [2/7/2017 13:58] [PENJUALAN] CHECK IF TAX LIMIT SET FOR AVERAGE DAILY PURCHASE [0]
[KASIR] [2/7/2017 13:58] [PENJUALAN] CASHIER FORM : NO FAKTUR [SLO001]
[KASIR] [2/7/2017 13:58] [PENJUALAN] CASHIER FORM : MAX SALES INVOICE [0]
[KASIR] [2/7/2017 13:58] [PENJUALAN] CASHIER FORM : SALES INVOICE [SLO001-1]
[KASIR] [2/7/2017 13:58] [PENJUALAN] INSERT INTO SALES HEADER [SLO001-1]
[KASIR] [2/7/2017 13:58] [PENJUALAN] INSERT INTO SALES DETAIL[ALPO-P1, 35000, 2]
[KASIR] [2/7/2017 13:58] [PENJUALAN] REDUCE STOCK AT MASTER PRODUCT [ALPO-P1]
[KASIR] [2/7/2017 13:58] [PENJUALAN] REDUCE STOCK AT PRODUCT_EXPIRY LOT [1]
[KASIR] [2/7/2017 13:58] [PENJUALAN] SAVE PRODUCT LOT INFORMATION FOR EACH ITEM AND AMOUNT
[KASIR] [2/7/2017 13:58] [PENJUALAN] INSERT TO CREDIT TABLE [SLO001-1]
[KASIR] [2/7/2017 13:58] [PENJUALAN] INSERT TO DAILY JOURNAL TABLE [70000]
[KASIR] [2/7/2017 13:58] [PENJUALAN] CASHIER FORM : REGISTER HOTKEY
[KASIR] [2/7/2017 13:58] [PENJUALAN] TRANSACTION SAVED
[KASIR] [2/7/2017 13:58] [PENJUALAN] PRINT OUT INVOICE
[KASIR] [2/7/2017 13:58] [PENJUALAN] CASHIER FORM : PrintReceipt
[KASIR] [2/7/2017 13:58] [PENJUALAN] CASHIER FORM : PrintReceipt, POS size Paper
[KASIR] [2/7/2017 13:58] [PENJUALAN] CASHIER FORM : loadInfoToko
[KASIR] [2/7/2017 13:58] [PENJUALAN] CASHIER FORM : calculatePageLength, totalLengthPage [355]
[KASIR] [2/7/2017 13:58] [PENJUALAN] CASHIER FORM : printDocument1_PrintPage, print POS size receipt
[KASIR] [2/7/2017 13:58] [PENJUALAN] CASHIER FORM : loadInfoToko
[KASIR] [2/7/2017 13:58] [PENJUALAN] CASHIER FORM : loadNamaUser
[KASIR] [2/7/2017 13:58] [PENJUALAN] CASHIER FORM : UNREGISTER HOTKEY
[KASIR] [2/7/2017 13:58] [PENJUALAN] CASHIER FORM : REGISTER HOTKEY
[KASIR] [2/7/2017 13:58] [PENJUALAN] CASHIER FORM : UPDATE ROW NUMBER, TOTAL ROW [1]
[KASIR] [2/7/2017 13:58] [PENJUALAN] CASHIER FORM : cashierDataGridView_CellValueChanged [F8]
[KASIR] [2/7/2017 13:58] [PENJUALAN] CASHIER FORM : UNREGISTER HOTKEY
[KASIR] [2/7/2017 13:58] [PENJUALAN] CASHIER FORM : UNREGISTER HOTKEY
[KASIR] [2/7/2017 13:58] [] DISPLAY CASHIER LOG SCREEN FOR CASHIER LOGOUT
[KASIR] [2/7/2017 13:58] [] UPDATE DATA FOR CASHIER END SESSION, EA=               22000, TC = 70000, TN=0, TO=0
[KASIR] [2/7/2017 13:58] [] USER ID = 3LOGOUT
[KASIR] [2/7/2017 13:58] [] USER = ADMIN IS ACTIVE
[ADMIN] [2/7/2017 13:58] [] USER ID = 1 LOGIN SUCCESSFULLY
[ADMIN] [2/7/2017 13:58] [] ACTIVATE USER ACCESS RIGHT
[ADMIN] [2/7/2017 13:58] [] DISPLAY ADMIN FORM
[ADMIN] [2/7/2017 13:58] [] adminForm Load
[ADMIN] [2/7/2017 13:58] [] ACTIVATE USER ACCESS RIGHT
[ADMIN] [2/7/2017 14:02] [] USER ID = 1LOGOUT
[ADMIN] [2/7/2017 14:02] [] USER = ADMIN IS ACTIVE
[ADMIN] [2/7/2017 14:02] [] USER ID = 1 LOGIN SUCCESSFULLY
[ADMIN] [2/7/2017 14:02] [] ACTIVATE USER ACCESS RIGHT
[ADMIN] [2/7/2017 14:02] [] DISPLAY ADMIN FORM
[ADMIN] [2/7/2017 14:02] [] adminForm Load
[ADMIN] [2/7/2017 14:02] [] ACTIVATE USER ACCESS RIGHT
[ADMIN] [2/7/2017 14:05] [] USER ID = 1LOGOUT
[ADMIN] [2/7/2017 14:05] [] USER = KASIR IS ACTIVE
[KASIR] [2/7/2017 14:05] [] USER ID = 3 LOGIN SUCCESSFULLY
[KASIR] [2/7/2017 14:05] [] DISPLAY CASHIER LOGIN FORM
[KASIR] [2/7/2017 14:05] [] DISPLAY CASHIER LOG SCREEN FOR CASHIER LOGIN
[KASIR] [2/7/2017 14:05] [] INSERT DATA FOR A NEW CASHIER SESSION, SA=10000
[KASIR] [2/7/2017 14:05] [] ACTIVATE USER ACCESS RIGHT
[KASIR] [2/7/2017 14:05] [] adminForm Load
[KASIR] [2/7/2017 14:05] [] ACTIVATE USER ACCESS RIGHT
[KASIR] [2/7/2017 14:05] [] DISPLAY CASHIER LOG SCREEN FOR CASHIER LOGOUT
[KASIR] [2/7/2017 14:05] [] USER ID = 3LOGOUT
[KASIR] [2/7/2017 14:05] [] USER = KASIR IS ACTIVE
[KASIR] [2/7/2017 14:05] [] USER ID = 3 LOGIN SUCCESSFULLY
[KASIR] [2/7/2017 14:05] [] DISPLAY CASHIER LOGIN FORM
[KASIR] [2/7/2017 14:05] [] DISPLAY CASHIER LOG SCREEN FOR CASHIER LOGOUT
[KASIR] [2/7/2017 14:05] [] CASHIER CONTINUE SESSION
[KASIR] [2/7/2017 14:05] [] ACTIVATE USER ACCESS RIGHT
[KASIR] [2/7/2017 14:05] [] adminForm Load
[KASIR] [2/7/2017 14:05] [] ACTIVATE USER ACCESS RIGHT
[KASIR] [2/7/2017 14:05] [] DISPLAY CASHIER LOG SCREEN FOR CASHIER LOGOUT
[KASIR] [2/7/2017 14:05] [] USER ID = 3LOGOUT
[] [2/7/2017 14:10] [] USER = ADMIN IS ACTIVE
[ADMIN] [2/7/2017 14:10] [] USER ID = 1 LOGIN SUCCESSFULLY
[ADMIN] [2/7/2017 14:10] [] ACTIVATE USER ACCESS RIGHT
[ADMIN] [2/7/2017 14:10] [] DISPLAY ADMIN FORM
[ADMIN] [2/7/2017 14:10] [] adminForm Load
[ADMIN] [2/7/2017 14:10] [] ACTIVATE USER ACCESS RIGHT
[ADMIN] [2/7/2017 14:34] [] USER ID = 1LOGOUT
