[] [16/05/2017 10.21] [] USER = ADMIN IS ACTIVE
[ADMIN] [16/05/2017 10.21] [] USER ID = 1 LOGIN SUCCESSFULLY
[ADMIN] [16/05/2017 10.22] [] ACTIVATE USER ACCESS RIGHT
[ADMIN] [16/05/2017 10.22] [] DISPLAY ADMIN FORM
[ADMIN] [16/05/2017 10.22] [] adminForm Load
[ADMIN] [16/05/2017 10.22] [] CREATE PRODUCT_PHOTO FOLDER
[ADMIN] [16/05/2017 10.22] [] ACTIVATE USER ACCESS RIGHT
[] [18/05/2017 11.22] [] USER = ADMIN IS ACTIVE
[ADMIN] [18/05/2017 11.22] [] USER ID = 1 LOGIN SUCCESSFULLY
[ADMIN] [18/05/2017 11.22] [] ACTIVATE USER ACCESS RIGHT
[ADMIN] [18/05/2017 11.22] [] DISPLAY ADMIN FORM
[ADMIN] [18/05/2017 11.22] [] adminForm Load
[ADMIN] [18/05/2017 11.22] [] ACTIVATE USER ACCESS RIGHT
[ADMIN] [18/05/2017 11.22] [] USER ID = 1LOGOUT
[] [18/05/2017 11.24] [] USER = ADMIN IS ACTIVE
[ADMIN] [18/05/2017 11.24] [] USER ID = 1 LOGIN SUCCESSFULLY
[ADMIN] [18/05/2017 11.24] [] ACTIVATE USER ACCESS RIGHT
[ADMIN] [18/05/2017 11.24] [] DISPLAY ADMIN FORM
[ADMIN] [18/05/2017 11.24] [] adminForm Load
[ADMIN] [18/05/2017 11.24] [] ACTIVATE USER ACCESS RIGHT
[ADMIN] [18/05/2017 11.24] [PENERIMAAN BARANG] PENERIMAAN BARANG : detailGridView_CellValueChanged [productID]
[ADMIN] [18/05/2017 11.24] [PENERIMAAN BARANG] PENERIMAAN BARANG : detailGridView_CellValueChanged [productName]
[ADMIN] [18/05/2017 11.24] [PENJUALAN] CASHIER FORM : ComboBox_SelectedIndexChanged, PRODUCT_BASE_PRICE [391097.99]
[ADMIN] [18/05/2017 11.24] [PENERIMAAN BARANG] PENERIMAAN BARANG : detailGridView_CellValueChanged [hpp]
[ADMIN] [18/05/2017 11.24] [PENERIMAAN BARANG] PENERIMAAN BARANG : detailGridView_CellValueChanged [subtotal]
[ADMIN] [18/05/2017 11.24] [PENERIMAAN BARANG] PENERIMAAN BARANG : detailGridView_CellValueChanged [qtyReceived]
[ADMIN] [18/05/2017 11.24] [PENERIMAAN BARANG] PENERIMAAN BARANG : detailGridView_CellValueChanged [subtotal]
[ADMIN] [18/05/2017 11.24] [PENJUALAN] CASHIER FORM : ComboBox_SelectedIndexChanged, attempt to calculate total
[ADMIN] [18/05/2017 11.24] [PENERIMAAN BARANG] PENERIMAAN BARANG : detailGridView_CellValueChanged [qtyReceived]
[ADMIN] [18/05/2017 11.24] [PENERIMAAN BARANG] PENERIMAAN BARANG : detailGridView_CellValueChanged [subtotal]
[ADMIN] [18/05/2017 11.24] [PENERIMAAN BARANG] PENERIMAAN BARANG : detailGridView_CellValueChanged [subtotal]
[] [18/05/2017 11.25] [] USER = ADMIN IS ACTIVE
[ADMIN] [18/05/2017 11.25] [] USER ID = 1 LOGIN SUCCESSFULLY
[ADMIN] [18/05/2017 11.25] [] ACTIVATE USER ACCESS RIGHT
[ADMIN] [18/05/2017 11.25] [] DISPLAY ADMIN FORM
[ADMIN] [18/05/2017 11.25] [] adminForm Load
[ADMIN] [18/05/2017 11.25] [] ACTIVATE USER ACCESS RIGHT
[ADMIN] [18/05/2017 11.25] [PENERIMAAN BARANG] PENERIMAAN BARANG : detailGridView_CellValueChanged [productID]
[ADMIN] [18/05/2017 11.25] [PENERIMAAN BARANG] PENERIMAAN BARANG : detailGridView_CellValueChanged [productName]
[ADMIN] [18/05/2017 11.25] [PENJUALAN] CASHIER FORM : ComboBox_SelectedIndexChanged, PRODUCT_BASE_PRICE [391097.99]
[ADMIN] [18/05/2017 11.25] [PENERIMAAN BARANG] PENERIMAAN BARANG : detailGridView_CellValueChanged [hpp]
[ADMIN] [18/05/2017 11.25] [PENERIMAAN BARANG] PENERIMAAN BARANG : detailGridView_CellValueChanged [subtotal]
[ADMIN] [18/05/2017 11.25] [PENERIMAAN BARANG] PENERIMAAN BARANG : detailGridView_CellValueChanged [qtyReceived]
[ADMIN] [18/05/2017 11.25] [PENERIMAAN BARANG] PENERIMAAN BARANG : detailGridView_CellValueChanged [subtotal]
[ADMIN] [18/05/2017 11.25] [PENJUALAN] CASHIER FORM : ComboBox_SelectedIndexChanged, attempt to calculate total
[ADMIN] [18/05/2017 11.25] [PENERIMAAN BARANG] PENERIMAAN BARANG : detailGridView_CellValueChanged [qtyReceived]
[ADMIN] [18/05/2017 11.25] [PENERIMAAN BARANG] PENERIMAAN BARANG : detailGridView_CellValueChanged [subtotal]
[ADMIN] [18/05/2017 11.25] [PENERIMAAN BARANG] PENERIMAAN BARANG : detailGridView_CellValueChanged [subtotal]
[] [18/05/2017 11.27] [] USER = ADMIN IS ACTIVE
[ADMIN] [18/05/2017 11.27] [] USER ID = 1 LOGIN SUCCESSFULLY
[ADMIN] [18/05/2017 11.27] [] ACTIVATE USER ACCESS RIGHT
[ADMIN] [18/05/2017 11.27] [] DISPLAY ADMIN FORM
[ADMIN] [18/05/2017 11.27] [] adminForm Load
[ADMIN] [18/05/2017 11.27] [] ACTIVATE USER ACCESS RIGHT
[ADMIN] [18/05/2017 11.29] [] USER ID = 1LOGOUT
