[] [5/30/2017 13:18] [] USER = ADMIN IS ACTIVE
[ADMIN] [5/30/2017 13:18] [] USER ID = 1 LOGIN SUCCESSFULLY
[ADMIN] [5/30/2017 13:18] [] ACTIVATE USER ACCESS RIGHT
[ADMIN] [5/30/2017 13:18] [] DISPLAY ADMIN FORM
[ADMIN] [5/30/2017 13:18] [] adminForm Load
[ADMIN] [5/30/2017 13:18] [] ACTIVATE USER ACCESS RIGHT
[ADMIN] [5/30/2017 13:20] [PEMBAYARAN HUTANG KE SUPPLIER] ATTEMPT TO SAVE DATA PAYMENT DEBT
[ADMIN] [5/30/2017 13:20] [PEMBAYARAN HUTANG KE SUPPLIER] PAYMENT DEBT BY CASH
[ADMIN] [5/30/2017 13:20] [PEMBAYARAN HUTANG KE SUPPLIER] INSERT INTO PAYMENT DEBT [84, 1000]
[ADMIN] [5/30/2017 13:20] [PEMBAYARAN HUTANG KE SUPPLIER] DATA PAYMENT DEBT SAVED
[ADMIN] [5/30/2017 13:21] [PEMBAYARAN HUTANG KE SUPPLIER] ATTEMPT TO SAVE DATA PAYMENT DEBT
[ADMIN] [5/30/2017 13:21] [PEMBAYARAN HUTANG KE SUPPLIER] PAYMENT DEBT BY CHEQUE OR BG
[ADMIN] [5/30/2017 13:21] [PEMBAYARAN HUTANG KE SUPPLIER] INSERT INTO PAYMENT DEBT [84, 1000]
[ADMIN] [5/30/2017 13:21] [PEMBAYARAN HUTANG KE SUPPLIER] DATA PAYMENT DEBT SAVED
[ADMIN] [5/30/2017 13:22] [PEMBAYARAN PIUTANG] ATTEMPT TO SAVE PAYMENT CREDIT
[ADMIN] [5/30/2017 13:22] [PEMBAYARAN PIUTANG] PAYMENT CREDIT BY CASH
[ADMIN] [5/30/2017 13:22] [PEMBAYARAN PIUTANG] BRANCH ID [0]
[ADMIN] [5/30/2017 13:22] [PEMBAYARAN PIUTANG] INSERT INTO PAYMENT CREDIT [11, 1000]
[ADMIN] [5/30/2017 13:22] [PEMBAYARAN PIUTANG] CASH TRANSACTION, INSERT INTO DAILY JOURNAL [1000]
[ADMIN] [5/30/2017 13:22] [PEMBAYARAN PIUTANG] PAYMENT CREDIT DATA SAVED
[ADMIN] [5/30/2017 13:22] [PEMBAYARAN PIUTANG] ATTEMPT TO SAVE PAYMENT CREDIT
[ADMIN] [5/30/2017 13:22] [PEMBAYARAN PIUTANG] PAYMENT CREDIT BY CASH
[ADMIN] [5/30/2017 13:22] [PEMBAYARAN PIUTANG] BRANCH ID [0]
[ADMIN] [5/30/2017 13:22] [PEMBAYARAN PIUTANG] INSERT INTO PAYMENT CREDIT [11, 1000]
[ADMIN] [5/30/2017 13:22] [PEMBAYARAN PIUTANG] PAYMENT CREDIT DATA SAVED
[] [6/1/2017 00:46] [] USER = ADMIN IS ACTIVE
[ADMIN] [6/1/2017 00:46] [] USER ID = 1 LOGIN SUCCESSFULLY
[ADMIN] [6/1/2017 00:46] [] ACTIVATE USER ACCESS RIGHT
[ADMIN] [6/1/2017 00:46] [] DISPLAY ADMIN FORM
[ADMIN] [6/1/2017 00:46] [] adminForm Load
[ADMIN] [6/1/2017 00:46] [] ACTIVATE USER ACCESS RIGHT
[] [6/1/2017 00:50] [] USER = ADMIN IS ACTIVE
[ADMIN] [6/1/2017 00:50] [] USER ID = 1 LOGIN SUCCESSFULLY
[ADMIN] [6/1/2017 00:50] [] ACTIVATE USER ACCESS RIGHT
[ADMIN] [6/1/2017 00:50] [] DISPLAY ADMIN FORM
[ADMIN] [6/1/2017 00:50] [] adminForm Load
[ADMIN] [6/1/2017 00:50] [] ACTIVATE USER ACCESS RIGHT
[ADMIN] [6/1/2017 00:50] [] USER ID = 1LOGOUT
