[] [2/8/2017 14:57] [] USER = ADMIN IS ACTIVE
[ADMIN] [2/8/2017 14:57] [] USER ID = 1 LOGIN SUCCESSFULLY
[ADMIN] [2/8/2017 14:57] [] ACTIVATE USER ACCESS RIGHT
[ADMIN] [2/8/2017 14:57] [] DISPLAY ADMIN FORM
[ADMIN] [2/8/2017 14:57] [] adminForm Load
[ADMIN] [2/8/2017 14:57] [] ACTIVATE USER ACCESS RIGHT
[] [2/8/2017 14:59] [] USER = ADMIN IS ACTIVE
[ADMIN] [2/8/2017 14:59] [] USER ID = 1 LOGIN SUCCESSFULLY
[ADMIN] [2/8/2017 14:59] [] ACTIVATE USER ACCESS RIGHT
[ADMIN] [2/8/2017 14:59] [] DISPLAY ADMIN FORM
[ADMIN] [2/8/2017 14:59] [] adminForm Load
[ADMIN] [2/8/2017 14:59] [] ACTIVATE USER ACCESS RIGHT
[] [2/8/2017 15:15] [] USER = ADMIN IS ACTIVE
[ADMIN] [2/8/2017 15:15] [] USER ID = 1 LOGIN SUCCESSFULLY
[ADMIN] [2/8/2017 15:15] [] ACTIVATE USER ACCESS RIGHT
[ADMIN] [2/8/2017 15:15] [] DISPLAY ADMIN FORM
[ADMIN] [2/8/2017 15:15] [] adminForm Load
[ADMIN] [2/8/2017 15:15] [] ACTIVATE USER ACCESS RIGHT
[ADMIN] [2/8/2017 15:16] [TAMBAH / UPDATE PRODUK] UPDATE CURRENT PRODUCT DATA [B-4104]
[ADMIN] [2/8/2017 15:16] [TAMBAH / UPDATE PRODUK] UPDATE PRODUCT CATEGORY FOR [B-4104]
[ADMIN] [2/8/2017 15:16] [TAMBAH / UPDATE PRODUK] DELETE CURRENT PRODUCT CATEGORY FOR [B-4104]
[ADMIN] [2/8/2017 15:16] [TAMBAH / UPDATE PRODUK] INSERT PRODUCT CATEGORY FOR [B-4104]
[] [2/8/2017 15:17] [] USER = ADMIN IS ACTIVE
[ADMIN] [2/8/2017 15:17] [] USER ID = 1 LOGIN SUCCESSFULLY
[ADMIN] [2/8/2017 15:18] [] ACTIVATE USER ACCESS RIGHT
[ADMIN] [2/8/2017 15:18] [] DISPLAY ADMIN FORM
[ADMIN] [2/8/2017 15:18] [] adminForm Load
[ADMIN] [2/8/2017 15:18] [] ACTIVATE USER ACCESS RIGHT
[ADMIN] [2/8/2017 15:18] [PENJUALAN] CASHIER FORM : MULTIPLE CASHIER INSTANCE [1]
[ADMIN] [2/8/2017 15:18] [PENJUALAN] CASHIER FORM : REGISTER HOTKEY
[ADMIN] [2/8/2017 15:18] [PENJUALAN] CASHIER FORM : cashierForm_Load, ATTEMPT TO LOAD NO FAKTUR
[ADMIN] [2/8/2017 15:18] [PENJUALAN] CASHIER FORM : loadNoFaktur, noFakturValue [SLO001]
[ADMIN] [2/8/2017 15:18] [PENJUALAN] CASHIER FORM : cashierForm_Load, ATTEMPT TO addColumnToDataGrid
[ADMIN] [2/8/2017 15:18] [PENJUALAN] CASHIER FORM : UPDATE ROW NUMBER, TOTAL ROW [1]
[ADMIN] [2/8/2017 15:18] [PENJUALAN] CASHIER FORM : calculateTotal
[ADMIN] [2/8/2017 15:18] [PENJUALAN] CASHIER FORM : calculateTotal [0]
[ADMIN] [2/8/2017 15:18] [PENJUALAN] CASHIER FORM : calculateTotal, totalAfterDisc [0]
[ADMIN] [2/8/2017 15:18] [PENJUALAN] CASHIER FORM : calculateChangeValue, bayarTextBox.Text [0]
[ADMIN] [2/8/2017 15:18] [PENJUALAN] CASHIER FORM : calculateChangeValue, sisaBayar [0]
[ADMIN] [2/8/2017 15:18] [PENJUALAN] CASHIER FORM : REGISTER HOTKEY
[ADMIN] [2/8/2017 15:18] [PENJUALAN] CASHIER FORM : Combobox_KeyUp, cashierDataGridView.CurrentCell.OwningColumn.Name  [productID]
[ADMIN] [2/8/2017 15:18] [PENJUALAN] CASHIER FORM : Combobox_previewKeyDown, cashierDataGridView.CurrentCell.OwningColumn.Name  [productID]
[ADMIN] [2/8/2017 15:18] [PENJUALAN] CASHIER FORM : UPDATE ROW NUMBER, TOTAL ROW [2]
[ADMIN] [2/8/2017 15:18] [PENJUALAN] CASHIER FORM : cashierDataGridView_CellValueChanged [F8]
[ADMIN] [2/8/2017 15:18] [PENJUALAN] CASHIER FORM : cashierDataGridView_CellValueChanged [productID]
[ADMIN] [2/8/2017 15:18] [PENJUALAN] CASHIER FORM : Combobox_KeyUp, cashierDataGridView.CurrentCell.OwningColumn.Name  [productID]
[ADMIN] [2/8/2017 15:18] [PENJUALAN] CASHIER FORM : Combobox_previewKeyDown, cashierDataGridView.CurrentCell.OwningColumn.Name  [productID]
[ADMIN] [2/8/2017 15:18] [PENJUALAN] CASHIER FORM : cashierDataGridView_CellValueChanged [productID]
[ADMIN] [2/8/2017 15:18] [PENJUALAN] CASHIER FORM : Combobox_KeyUp, cashierDataGridView.CurrentCell.OwningColumn.Name  [productID]
[ADMIN] [2/8/2017 15:18] [PENJUALAN] CASHIER FORM : Combobox_previewKeyDown, cashierDataGridView.CurrentCell.OwningColumn.Name  [productID]
[ADMIN] [2/8/2017 15:18] [PENJUALAN] CASHIER FORM : cashierDataGridView_CellValueChanged [productID]
[ADMIN] [2/8/2017 15:18] [PENJUALAN] CASHIER FORM : Combobox_KeyUp, cashierDataGridView.CurrentCell.OwningColumn.Name  [productID]
[ADMIN] [2/8/2017 15:18] [PENJUALAN] CASHIER FORM : Combobox_previewKeyDown, cashierDataGridView.CurrentCell.OwningColumn.Name  [productID]
[ADMIN] [2/8/2017 15:18] [PENJUALAN] CASHIER FORM : cashierDataGridView_CellValueChanged [productID]
[ADMIN] [2/8/2017 15:18] [PENJUALAN] CASHIER FORM : Combobox_KeyUp, cashierDataGridView.CurrentCell.OwningColumn.Name  [productID]
[ADMIN] [2/8/2017 15:18] [PENJUALAN] CASHIER FORM : Combobox_previewKeyDown, cashierDataGridView.CurrentCell.OwningColumn.Name  [productID]
[ADMIN] [2/8/2017 15:18] [PENJUALAN] CASHIER FORM : Combobox_KeyUp, cashierDataGridView.CurrentCell.OwningColumn.Name  [productName]
[ADMIN] [2/8/2017 15:18] [PENJUALAN] CASHIER FORM : Combobox_KeyUp, cashierDataGridView.CurrentCell.OwningColumn.Name  [productName]
[ADMIN] [2/8/2017 15:18] [PENJUALAN] CASHIER FORM : productName_previewKeyDown, cashierDataGridView.CurrentCell.OwningColumn.Name  [productName]
[ADMIN] [2/8/2017 15:18] [PENJUALAN] CASHIER FORM : cashierDataGridView_CellValueChanged [productName]
[ADMIN] [2/8/2017 15:18] [PENJUALAN] CASHIER FORM : updateSomeRowContents
[ADMIN] [2/8/2017 15:18] [PENJUALAN] CASHIER FORM : clearUpSomeRowContents
[ADMIN] [2/8/2017 15:18] [PENJUALAN] CASHIER FORM : cashierDataGridView_CellValueChanged [productName]
[ADMIN] [2/8/2017 15:18] [PENJUALAN] CASHIER FORM : cashierDataGridView_CellValueChanged [hpp]
[ADMIN] [2/8/2017 15:18] [PENJUALAN] CASHIER FORM : cashierDataGridView_CellValueChanged [productPrice]
[ADMIN] [2/8/2017 15:18] [PENJUALAN] CASHIER FORM : cashierDataGridView_CellValueChanged, previousInput [0]
[ADMIN] [2/8/2017 15:18] [PENJUALAN] CASHIER FORM : cashierDataGridView_CellValueChanged [qty]
[ADMIN] [2/8/2017 15:18] [PENJUALAN] CASHIER FORM : cashierDataGridView_CellValueChanged, previousInput [0]
[ADMIN] [2/8/2017 15:18] [PENJUALAN] CASHIER FORM : cashierDataGridView_CellValueChanged [disc1]
[ADMIN] [2/8/2017 15:18] [PENJUALAN] CASHIER FORM : cashierDataGridView_CellValueChanged, previousInput [0]
[ADMIN] [2/8/2017 15:18] [PENJUALAN] CASHIER FORM : cashierDataGridView_CellValueChanged [disc2]
[ADMIN] [2/8/2017 15:18] [PENJUALAN] CASHIER FORM : cashierDataGridView_CellValueChanged, previousInput [0]
[ADMIN] [2/8/2017 15:18] [PENJUALAN] CASHIER FORM : cashierDataGridView_CellValueChanged [discRP]
[ADMIN] [2/8/2017 15:18] [PENJUALAN] CASHIER FORM : cashierDataGridView_CellValueChanged, previousInput [0]
[ADMIN] [2/8/2017 15:18] [PENJUALAN] CASHIER FORM : cashierDataGridView_CellValueChanged [jumlah]
[ADMIN] [2/8/2017 15:18] [PENJUALAN] CASHIER FORM : calculateTotal
[ADMIN] [2/8/2017 15:18] [PENJUALAN] CASHIER FORM : calculateTotal [0]
[ADMIN] [2/8/2017 15:18] [PENJUALAN] CASHIER FORM : calculateTotal, totalAfterDisc [0]
[ADMIN] [2/8/2017 15:18] [PENJUALAN] CASHIER FORM : calculateChangeValue, bayarTextBox.Text [0]
[ADMIN] [2/8/2017 15:18] [PENJUALAN] CASHIER FORM : calculateChangeValue, sisaBayar [0]
[ADMIN] [2/8/2017 15:18] [PENJUALAN] CASHIER FORM : Combobox_KeyUp, cashierDataGridView.CurrentCell.OwningColumn.Name  [productName]
[ADMIN] [2/8/2017 15:18] [PENJUALAN] CASHIER FORM : Combobox_KeyUp, cashierDataGridView.CurrentCell.OwningColumn.Name  [productName]
[ADMIN] [2/8/2017 15:18] [PENJUALAN] CASHIER FORM : productName_previewKeyDown, cashierDataGridView.CurrentCell.OwningColumn.Name  [productName]
[ADMIN] [2/8/2017 15:18] [PENJUALAN] CASHIER FORM : cashierDataGridView_CellValueChanged [productName]
[ADMIN] [2/8/2017 15:18] [PENJUALAN] CASHIER FORM : updateSomeRowContents
[ADMIN] [2/8/2017 15:18] [PENJUALAN] CASHIER FORM : clearUpSomeRowContents
[ADMIN] [2/8/2017 15:18] [PENJUALAN] CASHIER FORM : cashierDataGridView_CellValueChanged [productName]
[ADMIN] [2/8/2017 15:18] [PENJUALAN] CASHIER FORM : calculateTotal
[ADMIN] [2/8/2017 15:18] [PENJUALAN] CASHIER FORM : calculateTotal [0]
[ADMIN] [2/8/2017 15:18] [PENJUALAN] CASHIER FORM : calculateTotal, totalAfterDisc [0]
[ADMIN] [2/8/2017 15:18] [PENJUALAN] CASHIER FORM : calculateChangeValue, bayarTextBox.Text [0]
[ADMIN] [2/8/2017 15:18] [PENJUALAN] CASHIER FORM : calculateChangeValue, sisaBayar [0]
[ADMIN] [2/8/2017 15:18] [PENJUALAN] CASHIER FORM : productName_previewKeyDown, cashierDataGridView.CurrentCell.OwningColumn.Name  [productName]
[ADMIN] [2/8/2017 15:18] [PENJUALAN] CASHIER FORM : cashierDataGridView_CellValueChanged [productName]
[ADMIN] [2/8/2017 15:18] [PENJUALAN] CASHIER FORM : updateSomeRowContents
[ADMIN] [2/8/2017 15:18] [PENJUALAN] CASHIER FORM : clearUpSomeRowContents
[ADMIN] [2/8/2017 15:18] [PENJUALAN] CASHIER FORM : cashierDataGridView_CellValueChanged [productName]
[ADMIN] [2/8/2017 15:18] [PENJUALAN] CASHIER FORM : calculateTotal
[ADMIN] [2/8/2017 15:18] [PENJUALAN] CASHIER FORM : calculateTotal [0]
[ADMIN] [2/8/2017 15:18] [PENJUALAN] CASHIER FORM : calculateTotal, totalAfterDisc [0]
[ADMIN] [2/8/2017 15:18] [PENJUALAN] CASHIER FORM : calculateChangeValue, bayarTextBox.Text [0]
[ADMIN] [2/8/2017 15:18] [PENJUALAN] CASHIER FORM : calculateChangeValue, sisaBayar [0]
[ADMIN] [2/8/2017 15:18] [PENJUALAN] CASHIER FORM : Combobox_KeyUp, cashierDataGridView.CurrentCell.OwningColumn.Name  [productName]
[ADMIN] [2/8/2017 15:18] [PENJUALAN] CASHIER FORM : Combobox_KeyUp, cashierDataGridView.CurrentCell.OwningColumn.Name  [productName]
[ADMIN] [2/8/2017 15:18] [PENJUALAN] CASHIER FORM : productName_previewKeyDown, cashierDataGridView.CurrentCell.OwningColumn.Name  [productName]
[ADMIN] [2/8/2017 15:18] [PENJUALAN] CASHIER FORM : cashierDataGridView_CellValueChanged [productName]
[ADMIN] [2/8/2017 15:18] [PENJUALAN] CASHIER FORM : updateSomeRowContents
[ADMIN] [2/8/2017 15:18] [PENJUALAN] CASHIER FORM : clearUpSomeRowContents
[ADMIN] [2/8/2017 15:18] [PENJUALAN] CASHIER FORM : cashierDataGridView_CellValueChanged [productName]
[ADMIN] [2/8/2017 15:18] [PENJUALAN] CASHIER FORM : calculateTotal
[ADMIN] [2/8/2017 15:18] [PENJUALAN] CASHIER FORM : calculateTotal [0]
[ADMIN] [2/8/2017 15:18] [PENJUALAN] CASHIER FORM : calculateTotal, totalAfterDisc [0]
[ADMIN] [2/8/2017 15:18] [PENJUALAN] CASHIER FORM : calculateChangeValue, bayarTextBox.Text [0]
[ADMIN] [2/8/2017 15:18] [PENJUALAN] CASHIER FORM : calculateChangeValue, sisaBayar [0]
[ADMIN] [2/8/2017 15:18] [PENJUALAN] CASHIER FORM : Combobox_KeyUp, cashierDataGridView.CurrentCell.OwningColumn.Name  [productName]
[ADMIN] [2/8/2017 15:18] [PENJUALAN] CASHIER FORM : Combobox_KeyUp, cashierDataGridView.CurrentCell.OwningColumn.Name  [productName]
[ADMIN] [2/8/2017 15:18] [PENJUALAN] CASHIER FORM : productName_previewKeyDown, cashierDataGridView.CurrentCell.OwningColumn.Name  [productName]
[ADMIN] [2/8/2017 15:18] [PENJUALAN] CASHIER FORM : cashierDataGridView_CellValueChanged [productName]
[ADMIN] [2/8/2017 15:18] [PENJUALAN] CASHIER FORM : updateSomeRowContents
[ADMIN] [2/8/2017 15:18] [PENJUALAN] CASHIER FORM : clearUpSomeRowContents
[ADMIN] [2/8/2017 15:18] [PENJUALAN] CASHIER FORM : cashierDataGridView_CellValueChanged [productName]
[ADMIN] [2/8/2017 15:18] [PENJUALAN] CASHIER FORM : calculateTotal
[ADMIN] [2/8/2017 15:18] [PENJUALAN] CASHIER FORM : calculateTotal [0]
[ADMIN] [2/8/2017 15:18] [PENJUALAN] CASHIER FORM : calculateTotal, totalAfterDisc [0]
[ADMIN] [2/8/2017 15:18] [PENJUALAN] CASHIER FORM : calculateChangeValue, bayarTextBox.Text [0]
[ADMIN] [2/8/2017 15:18] [PENJUALAN] CASHIER FORM : calculateChangeValue, sisaBayar [0]
[ADMIN] [2/8/2017 15:18] [PENJUALAN] CASHIER FORM : Combobox_KeyUp, cashierDataGridView.CurrentCell.OwningColumn.Name  [productName]
[ADMIN] [2/8/2017 15:18] [PENJUALAN] CASHIER FORM : Combobox_KeyUp, cashierDataGridView.CurrentCell.OwningColumn.Name  [productName]
[ADMIN] [2/8/2017 15:18] [PENJUALAN] CASHIER FORM : Combobox_KeyUp, cashierDataGridView.CurrentCell.OwningColumn.Name  [productName]
[ADMIN] [2/8/2017 15:18] [PENJUALAN] CASHIER FORM : Combobox_KeyUp, cashierDataGridView.CurrentCell.OwningColumn.Name  [productName]
[ADMIN] [2/8/2017 15:18] [PENJUALAN] CASHIER FORM : productName_previewKeyDown, cashierDataGridView.CurrentCell.OwningColumn.Name  [productName]
[ADMIN] [2/8/2017 15:18] [PENJUALAN] CASHIER FORM : cashierDataGridView_CellValueChanged [productName]
[ADMIN] [2/8/2017 15:18] [PENJUALAN] CASHIER FORM : updateSomeRowContents
[ADMIN] [2/8/2017 15:18] [PENJUALAN] CASHIER FORM : clearUpSomeRowContents
[ADMIN] [2/8/2017 15:18] [PENJUALAN] CASHIER FORM : cashierDataGridView_CellValueChanged [productName]
[ADMIN] [2/8/2017 15:18] [PENJUALAN] CASHIER FORM : calculateTotal
[ADMIN] [2/8/2017 15:18] [PENJUALAN] CASHIER FORM : calculateTotal [0]
[ADMIN] [2/8/2017 15:18] [PENJUALAN] CASHIER FORM : calculateTotal, totalAfterDisc [0]
[ADMIN] [2/8/2017 15:18] [PENJUALAN] CASHIER FORM : calculateChangeValue, bayarTextBox.Text [0]
[ADMIN] [2/8/2017 15:18] [PENJUALAN] CASHIER FORM : calculateChangeValue, sisaBayar [0]
[ADMIN] [2/8/2017 15:18] [PENJUALAN] CASHIER FORM : Combobox_KeyUp, cashierDataGridView.CurrentCell.OwningColumn.Name  [productName]
[ADMIN] [2/8/2017 15:18] [PENJUALAN] CASHIER FORM : Combobox_KeyUp, cashierDataGridView.CurrentCell.OwningColumn.Name  [productName]
[ADMIN] [2/8/2017 15:18] [PENJUALAN] CASHIER FORM : productName_previewKeyDown, cashierDataGridView.CurrentCell.OwningColumn.Name  [productName]
[ADMIN] [2/8/2017 15:18] [PENJUALAN] CASHIER FORM : cashierDataGridView_CellValueChanged [productName]
[ADMIN] [2/8/2017 15:18] [PENJUALAN] CASHIER FORM : updateSomeRowContents
[ADMIN] [2/8/2017 15:18] [PENJUALAN] CASHIER FORM : clearUpSomeRowContents
[ADMIN] [2/8/2017 15:18] [PENJUALAN] CASHIER FORM : cashierDataGridView_CellValueChanged [productName]
[ADMIN] [2/8/2017 15:18] [PENJUALAN] CASHIER FORM : calculateTotal
[ADMIN] [2/8/2017 15:18] [PENJUALAN] CASHIER FORM : calculateTotal [0]
[ADMIN] [2/8/2017 15:18] [PENJUALAN] CASHIER FORM : calculateTotal, totalAfterDisc [0]
[ADMIN] [2/8/2017 15:18] [PENJUALAN] CASHIER FORM : calculateChangeValue, bayarTextBox.Text [0]
[ADMIN] [2/8/2017 15:18] [PENJUALAN] CASHIER FORM : calculateChangeValue, sisaBayar [0]
[ADMIN] [2/8/2017 15:18] [PENJUALAN] CASHIER FORM : Combobox_KeyUp, cashierDataGridView.CurrentCell.OwningColumn.Name  [productName]
[ADMIN] [2/8/2017 15:18] [PENJUALAN] CASHIER FORM : Combobox_KeyUp, cashierDataGridView.CurrentCell.OwningColumn.Name  [productName]
[ADMIN] [2/8/2017 15:18] [PENJUALAN] CASHIER FORM : productName_previewKeyDown, cashierDataGridView.CurrentCell.OwningColumn.Name  [productName]
[ADMIN] [2/8/2017 15:18] [PENJUALAN] CASHIER FORM : cashierDataGridView_CellValueChanged [productName]
[ADMIN] [2/8/2017 15:18] [PENJUALAN] CASHIER FORM : updateSomeRowContents
[ADMIN] [2/8/2017 15:18] [PENJUALAN] CASHIER FORM : clearUpSomeRowContents
[ADMIN] [2/8/2017 15:18] [PENJUALAN] CASHIER FORM : cashierDataGridView_CellValueChanged [productName]
[ADMIN] [2/8/2017 15:18] [PENJUALAN] CASHIER FORM : calculateTotal
[ADMIN] [2/8/2017 15:18] [PENJUALAN] CASHIER FORM : calculateTotal [0]
[ADMIN] [2/8/2017 15:18] [PENJUALAN] CASHIER FORM : calculateTotal, totalAfterDisc [0]
[ADMIN] [2/8/2017 15:18] [PENJUALAN] CASHIER FORM : calculateChangeValue, bayarTextBox.Text [0]
[ADMIN] [2/8/2017 15:18] [PENJUALAN] CASHIER FORM : calculateChangeValue, sisaBayar [0]
[ADMIN] [2/8/2017 15:18] [PENJUALAN] CASHIER FORM : Combobox_KeyUp, cashierDataGridView.CurrentCell.OwningColumn.Name  [productName]
[ADMIN] [2/8/2017 15:18] [PENJUALAN] CASHIER FORM : Combobox_KeyUp, cashierDataGridView.CurrentCell.OwningColumn.Name  [productName]
[ADMIN] [2/8/2017 15:18] [PENJUALAN] CASHIER FORM : productName_previewKeyDown, cashierDataGridView.CurrentCell.OwningColumn.Name  [productName]
[ADMIN] [2/8/2017 15:18] [PENJUALAN] CASHIER FORM : cashierDataGridView_CellValueChanged [productName]
[ADMIN] [2/8/2017 15:18] [PENJUALAN] CASHIER FORM : updateSomeRowContents
[ADMIN] [2/8/2017 15:18] [PENJUALAN] CASHIER FORM : clearUpSomeRowContents
[ADMIN] [2/8/2017 15:18] [PENJUALAN] CASHIER FORM : cashierDataGridView_CellValueChanged [productName]
[ADMIN] [2/8/2017 15:18] [PENJUALAN] CASHIER FORM : calculateTotal
[ADMIN] [2/8/2017 15:18] [PENJUALAN] CASHIER FORM : calculateTotal [0]
[ADMIN] [2/8/2017 15:18] [PENJUALAN] CASHIER FORM : calculateTotal, totalAfterDisc [0]
[ADMIN] [2/8/2017 15:18] [PENJUALAN] CASHIER FORM : calculateChangeValue, bayarTextBox.Text [0]
[ADMIN] [2/8/2017 15:18] [PENJUALAN] CASHIER FORM : calculateChangeValue, sisaBayar [0]
[ADMIN] [2/8/2017 15:18] [PENJUALAN] CASHIER FORM : Combobox_KeyUp, cashierDataGridView.CurrentCell.OwningColumn.Name  [productName]
[ADMIN] [2/8/2017 15:18] [PENJUALAN] CASHIER FORM : Combobox_KeyUp, cashierDataGridView.CurrentCell.OwningColumn.Name  [productName]
[ADMIN] [2/8/2017 15:18] [PENJUALAN] CASHIER FORM : productName_previewKeyDown, cashierDataGridView.CurrentCell.OwningColumn.Name  [productName]
[ADMIN] [2/8/2017 15:18] [PENJUALAN] CASHIER FORM : cashierDataGridView_CellValueChanged [productName]
[ADMIN] [2/8/2017 15:18] [PENJUALAN] CASHIER FORM : updateSomeRowContents
[ADMIN] [2/8/2017 15:18] [PENJUALAN] CASHIER FORM : clearUpSomeRowContents
[ADMIN] [2/8/2017 15:18] [PENJUALAN] CASHIER FORM : cashierDataGridView_CellValueChanged [productName]
[ADMIN] [2/8/2017 15:18] [PENJUALAN] CASHIER FORM : calculateTotal
[ADMIN] [2/8/2017 15:18] [PENJUALAN] CASHIER FORM : calculateTotal [0]
[ADMIN] [2/8/2017 15:18] [PENJUALAN] CASHIER FORM : calculateTotal, totalAfterDisc [0]
[ADMIN] [2/8/2017 15:18] [PENJUALAN] CASHIER FORM : calculateChangeValue, bayarTextBox.Text [0]
[ADMIN] [2/8/2017 15:18] [PENJUALAN] CASHIER FORM : calculateChangeValue, sisaBayar [0]
[ADMIN] [2/8/2017 15:18] [PENJUALAN] CASHIER FORM : productName_previewKeyDown, cashierDataGridView.CurrentCell.OwningColumn.Name  [productName]
[ADMIN] [2/8/2017 15:18] [PENJUALAN] CASHIER FORM : cashierDataGridView_CellValueChanged [productName]
[ADMIN] [2/8/2017 15:18] [PENJUALAN] CASHIER FORM : updateSomeRowContents
[ADMIN] [2/8/2017 15:18] [PENJUALAN] CASHIER FORM : clearUpSomeRowContents
[ADMIN] [2/8/2017 15:18] [PENJUALAN] CASHIER FORM : cashierDataGridView_CellValueChanged [productName]
[ADMIN] [2/8/2017 15:18] [PENJUALAN] CASHIER FORM : calculateTotal
[ADMIN] [2/8/2017 15:18] [PENJUALAN] CASHIER FORM : calculateTotal [0]
[ADMIN] [2/8/2017 15:18] [PENJUALAN] CASHIER FORM : calculateTotal, totalAfterDisc [0]
[ADMIN] [2/8/2017 15:18] [PENJUALAN] CASHIER FORM : calculateChangeValue, bayarTextBox.Text [0]
[ADMIN] [2/8/2017 15:18] [PENJUALAN] CASHIER FORM : calculateChangeValue, sisaBayar [0]
[ADMIN] [2/8/2017 15:18] [PENJUALAN] CASHIER FORM : Combobox_KeyUp, cashierDataGridView.CurrentCell.OwningColumn.Name  [productName]
[ADMIN] [2/8/2017 15:18] [PENJUALAN] CASHIER FORM : Combobox_KeyUp, cashierDataGridView.CurrentCell.OwningColumn.Name  [productName]
[ADMIN] [2/8/2017 15:18] [PENJUALAN] CASHIER FORM : productName_previewKeyDown, cashierDataGridView.CurrentCell.OwningColumn.Name  [productName]
[ADMIN] [2/8/2017 15:18] [PENJUALAN] CASHIER FORM : cashierDataGridView_CellValueChanged [productName]
[ADMIN] [2/8/2017 15:18] [PENJUALAN] CASHIER FORM : updateSomeRowContents
[ADMIN] [2/8/2017 15:18] [PENJUALAN] CASHIER FORM : clearUpSomeRowContents
[ADMIN] [2/8/2017 15:18] [PENJUALAN] CASHIER FORM : cashierDataGridView_CellValueChanged [productName]
[ADMIN] [2/8/2017 15:18] [PENJUALAN] CASHIER FORM : calculateTotal
[ADMIN] [2/8/2017 15:18] [PENJUALAN] CASHIER FORM : calculateTotal [0]
[ADMIN] [2/8/2017 15:18] [PENJUALAN] CASHIER FORM : calculateTotal, totalAfterDisc [0]
[ADMIN] [2/8/2017 15:18] [PENJUALAN] CASHIER FORM : calculateChangeValue, bayarTextBox.Text [0]
[ADMIN] [2/8/2017 15:18] [PENJUALAN] CASHIER FORM : calculateChangeValue, sisaBayar [0]
[ADMIN] [2/8/2017 15:18] [PENJUALAN] CASHIER FORM : Combobox_KeyUp, cashierDataGridView.CurrentCell.OwningColumn.Name  [productName]
[ADMIN] [2/8/2017 15:18] [PENJUALAN] CASHIER FORM : Combobox_KeyUp, cashierDataGridView.CurrentCell.OwningColumn.Name  [productName]
[ADMIN] [2/8/2017 15:18] [PENJUALAN] CASHIER FORM : Combobox_KeyUp, cashierDataGridView.CurrentCell.OwningColumn.Name  [productName]
[ADMIN] [2/8/2017 15:18] [PENJUALAN] CASHIER FORM : Combobox_KeyUp, cashierDataGridView.CurrentCell.OwningColumn.Name  [productName]
[ADMIN] [2/8/2017 15:18] [PENJUALAN] CASHIER FORM : productName_previewKeyDown, cashierDataGridView.CurrentCell.OwningColumn.Name  [productName]
[ADMIN] [2/8/2017 15:18] [PENJUALAN] CASHIER FORM : cashierDataGridView_CellValueChanged [productName]
[ADMIN] [2/8/2017 15:18] [PENJUALAN] CASHIER FORM : updateSomeRowContents
[ADMIN] [2/8/2017 15:18] [PENJUALAN] CASHIER FORM : clearUpSomeRowContents
[ADMIN] [2/8/2017 15:18] [PENJUALAN] CASHIER FORM : cashierDataGridView_CellValueChanged [productName]
[ADMIN] [2/8/2017 15:18] [PENJUALAN] CASHIER FORM : calculateTotal
[ADMIN] [2/8/2017 15:18] [PENJUALAN] CASHIER FORM : calculateTotal [0]
[ADMIN] [2/8/2017 15:18] [PENJUALAN] CASHIER FORM : calculateTotal, totalAfterDisc [0]
[ADMIN] [2/8/2017 15:18] [PENJUALAN] CASHIER FORM : calculateChangeValue, bayarTextBox.Text [0]
[ADMIN] [2/8/2017 15:18] [PENJUALAN] CASHIER FORM : calculateChangeValue, sisaBayar [0]
[ADMIN] [2/8/2017 15:18] [PENJUALAN] CASHIER FORM : Combobox_KeyUp, cashierDataGridView.CurrentCell.OwningColumn.Name  [productName]
[ADMIN] [2/8/2017 15:18] [PENJUALAN] CASHIER FORM : Combobox_KeyUp, cashierDataGridView.CurrentCell.OwningColumn.Name  [productName]
[ADMIN] [2/8/2017 15:18] [PENJUALAN] CASHIER FORM : productName_previewKeyDown, cashierDataGridView.CurrentCell.OwningColumn.Name  [productName]
[ADMIN] [2/8/2017 15:18] [PENJUALAN] CASHIER FORM : UNREGISTER HOTKEY
[ADMIN] [2/8/2017 15:18] [PENJUALAN] CASHIER FORM : ADD NEW ROW FROM BARCODE [B-4104  KANDANG HAMSTER]
[ADMIN] [2/8/2017 15:18] [PENJUALAN] CASHIER FORM : updateSomeRowContents
[ADMIN] [2/8/2017 15:18] [PENJUALAN] CASHIER FORM : cashierDataGridView_CellValueChanged [productID]
[ADMIN] [2/8/2017 15:18] [PENJUALAN] CASHIER FORM : cashierDataGridView_CellValueChanged [productName]
[ADMIN] [2/8/2017 15:18] [PENJUALAN] CASHIER FORM : updateSomeRowContents
[ADMIN] [2/8/2017 15:18] [PENJUALAN] CASHIER FORM : PRODUCT PRICE TYPE [PRODUCT_BASE_PRICE]
[ADMIN] [2/8/2017 15:18] [PENJUALAN] CASHIER FORM : PRODUCT PRICE [140000]
[ADMIN] [2/8/2017 15:18] [PENJUALAN] CASHIER FORM : ComboBox_SelectedIndexChanged, PRODUCT_BASE_PRICE [140000]
[ADMIN] [2/8/2017 15:18] [PENJUALAN] CASHIER FORM : cashierDataGridView_CellValueChanged [hpp]
[ADMIN] [2/8/2017 15:18] [PENJUALAN] CASHIER FORM : PRODUCT PRICE TYPE [PRODUCT_RETAIL_PRICE]
[ADMIN] [2/8/2017 15:18] [PENJUALAN] CASHIER FORM : PRODUCT PRICE [155000]
[ADMIN] [2/8/2017 15:18] [PENJUALAN] CASHIER FORM : ComboBox_SelectedIndexChanged, PRODUCT_SALES_PRICE [155000]
[ADMIN] [2/8/2017 15:18] [PENJUALAN] CASHIER FORM : cashierDataGridView_CellValueChanged [productPrice]
[ADMIN] [2/8/2017 15:18] [PENJUALAN] CASHIER FORM : cashierDataGridView_CellValueChanged, previousInput [0]
[ADMIN] [2/8/2017 15:18] [PENJUALAN] CASHIER FORM : cashierDataGridView_CellValueChanged, cellValue [155000]
[ADMIN] [2/8/2017 15:18] [PENJUALAN] CASHIER FORM : cashierDataGridView_CellValueChanged, dataGridViewTextBoxEditingControl.Text pass REGEX Checking
[ADMIN] [2/8/2017 15:18] [PENJUALAN] CASHIER FORM : CALCULATE SUBTOTAL
[ADMIN] [2/8/2017 15:18] [PENJUALAN] CASHIER FORM : SUBTOTAL [0]
[ADMIN] [2/8/2017 15:18] [PENJUALAN] CASHIER FORM : cashierDataGridView_CellValueChanged, subtotal value [0]
[ADMIN] [2/8/2017 15:18] [PENJUALAN] CASHIER FORM : cashierDataGridView_CellValueChanged, attempt to calculate total value
[ADMIN] [2/8/2017 15:18] [PENJUALAN] CASHIER FORM : calculateTotal
[ADMIN] [2/8/2017 15:18] [PENJUALAN] CASHIER FORM : calculateTotal [0]
[ADMIN] [2/8/2017 15:18] [PENJUALAN] CASHIER FORM : calculateTotal, totalAfterDisc [0]
[ADMIN] [2/8/2017 15:18] [PENJUALAN] CASHIER FORM : calculateChangeValue, bayarTextBox.Text [0]
[ADMIN] [2/8/2017 15:18] [PENJUALAN] CASHIER FORM : calculateChangeValue, sisaBayar [0]
[ADMIN] [2/8/2017 15:18] [PENJUALAN] CASHIER FORM : cashierDataGridView_CellValueChanged [qty]
[ADMIN] [2/8/2017 15:18] [PENJUALAN] CASHIER FORM : cashierDataGridView_CellValueChanged, previousInput [0]
[ADMIN] [2/8/2017 15:18] [PENJUALAN] CASHIER FORM : cashierDataGridView_CellValueChanged [jumlah]
[ADMIN] [2/8/2017 15:18] [PENJUALAN] CASHIER FORM : calculateTotal
[ADMIN] [2/8/2017 15:18] [PENJUALAN] CASHIER FORM : calculateTotal [0]
[ADMIN] [2/8/2017 15:18] [PENJUALAN] CASHIER FORM : calculateTotal, totalAfterDisc [0]
[ADMIN] [2/8/2017 15:18] [PENJUALAN] CASHIER FORM : calculateChangeValue, bayarTextBox.Text [0]
[ADMIN] [2/8/2017 15:18] [PENJUALAN] CASHIER FORM : calculateChangeValue, sisaBayar [0]
[ADMIN] [2/8/2017 15:18] [PENJUALAN] CASHIER FORM : CHECK STOCK QTY IS ENOUGH [B-4104]
[ADMIN] [2/8/2017 15:18] [PENJUALAN] CASHIER FORM : CHECK STOCK QTY IS ENOUGH [10, 1]
[ADMIN] [2/8/2017 15:18] [PENJUALAN] CASHIER FORM : cashierDataGridView_CellValueChanged [qty]
[ADMIN] [2/8/2017 15:18] [PENJUALAN] CASHIER FORM : cashierDataGridView_CellValueChanged, previousInput [0]
[ADMIN] [2/8/2017 15:18] [PENJUALAN] CASHIER FORM : cashierDataGridView_CellValueChanged, cellValue [1]
[ADMIN] [2/8/2017 15:18] [PENJUALAN] CASHIER FORM : cashierDataGridView_CellValueChanged, dataGridViewTextBoxEditingControl.Text pass REGEX Checking
[ADMIN] [2/8/2017 15:18] [PENJUALAN] CASHIER FORM : CHECK STOCK QTY IS ENOUGH [B-4104]
[ADMIN] [2/8/2017 15:18] [PENJUALAN] CASHIER FORM : CHECK STOCK QTY IS ENOUGH [10, 1]
[ADMIN] [2/8/2017 15:18] [PENJUALAN] CASHIER FORM : CALCULATE SUBTOTAL
[ADMIN] [2/8/2017 15:18] [PENJUALAN] CASHIER FORM : SUBTOTAL [155000]
[ADMIN] [2/8/2017 15:18] [PENJUALAN] CASHIER FORM : cashierDataGridView_CellValueChanged, subtotal value [155000]
[ADMIN] [2/8/2017 15:18] [PENJUALAN] CASHIER FORM : cashierDataGridView_CellValueChanged, attempt to calculate total value
[ADMIN] [2/8/2017 15:18] [PENJUALAN] CASHIER FORM : calculateTotal
[ADMIN] [2/8/2017 15:18] [PENJUALAN] CASHIER FORM : calculateTotal [155000]
[ADMIN] [2/8/2017 15:18] [PENJUALAN] CASHIER FORM : calculateTotal, totalAfterDisc [155000]
[ADMIN] [2/8/2017 15:18] [PENJUALAN] CASHIER FORM : calculateChangeValue, bayarTextBox.Text [0]
[ADMIN] [2/8/2017 15:18] [PENJUALAN] CASHIER FORM : calculateChangeValue, sisaBayar [0]
[ADMIN] [2/8/2017 15:18] [PENJUALAN] CASHIER FORM : SET QTY TO 1 BECAUSE OF NEW ROW
[ADMIN] [2/8/2017 15:18] [PENJUALAN] CASHIER FORM : CALCULATE SUBTOTAL
[ADMIN] [2/8/2017 15:18] [PENJUALAN] CASHIER FORM : SUBTOTAL [155000]
[ADMIN] [2/8/2017 15:18] [PENJUALAN] CASHIER FORM : calculateTotal
[ADMIN] [2/8/2017 15:18] [PENJUALAN] CASHIER FORM : calculateTotal [155000]
[ADMIN] [2/8/2017 15:18] [PENJUALAN] CASHIER FORM : calculateTotal, totalAfterDisc [155000]
[ADMIN] [2/8/2017 15:18] [PENJUALAN] CASHIER FORM : calculateChangeValue, bayarTextBox.Text [0]
[ADMIN] [2/8/2017 15:18] [PENJUALAN] CASHIER FORM : calculateChangeValue, sisaBayar [0]
[ADMIN] [2/8/2017 15:18] [PENJUALAN] CASHIER FORM : UPDATE ROW NUMBER, TOTAL ROW [2]
[ADMIN] [2/8/2017 15:18] [PENJUALAN] CASHIER FORM : cashierDataGridView_CellValueChanged [F8]
[ADMIN] [2/8/2017 15:18] [PENJUALAN] CASHIER FORM : REGISTER HOTKEY
[ADMIN] [2/8/2017 15:18] [PENJUALAN] CASHIER FORM : cashierDataGridView_CellValueChanged [qty]
[ADMIN] [2/8/2017 15:18] [PENJUALAN] CASHIER FORM : cashierDataGridView_CellValueChanged, previousInput [1]
[ADMIN] [2/8/2017 15:18] [PENJUALAN] CASHIER FORM : cashierDataGridView_CellValueChanged, dataGridViewTextBoxEditingControl.Text pass REGEX Checking
[ADMIN] [2/8/2017 15:18] [PENJUALAN] CASHIER FORM : CHECK STOCK QTY IS ENOUGH [B-4104]
[ADMIN] [2/8/2017 15:18] [PENJUALAN] CASHIER FORM : CHECK STOCK QTY IS ENOUGH [10, 5]
[ADMIN] [2/8/2017 15:18] [PENJUALAN] CASHIER FORM : CALCULATE SUBTOTAL
[ADMIN] [2/8/2017 15:18] [PENJUALAN] CASHIER FORM : SUBTOTAL [775000]
[ADMIN] [2/8/2017 15:18] [PENJUALAN] CASHIER FORM : cashierDataGridView_CellValueChanged, subtotal value [775000]
[ADMIN] [2/8/2017 15:18] [PENJUALAN] CASHIER FORM : cashierDataGridView_CellValueChanged, attempt to calculate total value
[ADMIN] [2/8/2017 15:18] [PENJUALAN] CASHIER FORM : calculateTotal
[ADMIN] [2/8/2017 15:18] [PENJUALAN] CASHIER FORM : calculateTotal [775000]
[ADMIN] [2/8/2017 15:18] [PENJUALAN] CASHIER FORM : calculateTotal, totalAfterDisc [775000]
[ADMIN] [2/8/2017 15:18] [PENJUALAN] CASHIER FORM : calculateChangeValue, bayarTextBox.Text [0]
[ADMIN] [2/8/2017 15:18] [PENJUALAN] CASHIER FORM : calculateChangeValue, sisaBayar [0]
[ADMIN] [2/8/2017 15:18] [PENJUALAN] CASHIER FORM : Combobox_KeyUp, cashierDataGridView.CurrentCell.OwningColumn.Name  [qty]
[ADMIN] [2/8/2017 15:18] [PENJUALAN] CASHIER FORM : Combobox_KeyUp, cashierDataGridView.CurrentCell.OwningColumn.Name  [qty]
[ADMIN] [2/8/2017 15:18] [PENJUALAN] CASHIER FORM : productName_previewKeyDown, cashierDataGridView.CurrentCell.OwningColumn.Name  [productName]
[ADMIN] [2/8/2017 15:18] [PENJUALAN] CASHIER FORM : Combobox_previewKeyDown, cashierDataGridView.CurrentCell.OwningColumn.Name  [productID]
[ADMIN] [2/8/2017 15:18] [PENJUALAN] CASHIER FORM : Combobox_previewKeyDown, cashierDataGridView.CurrentCell.OwningColumn.Name  [productID]
[ADMIN] [2/8/2017 15:18] [PENJUALAN] CASHIER FORM : UPDATE ROW NUMBER, TOTAL ROW [3]
[ADMIN] [2/8/2017 15:18] [PENJUALAN] CASHIER FORM : cashierDataGridView_CellValueChanged [F8]
[ADMIN] [2/8/2017 15:18] [PENJUALAN] CASHIER FORM : cashierDataGridView_CellValueChanged [productID]
[ADMIN] [2/8/2017 15:18] [PENJUALAN] CASHIER FORM : Combobox_KeyUp, cashierDataGridView.CurrentCell.OwningColumn.Name  [productID]
[ADMIN] [2/8/2017 15:18] [PENJUALAN] CASHIER FORM : Combobox_KeyUp, cashierDataGridView.CurrentCell.OwningColumn.Name  [productID]
[ADMIN] [2/8/2017 15:18] [PENJUALAN] CASHIER FORM : Combobox_KeyUp, cashierDataGridView.CurrentCell.OwningColumn.Name  [productID]
[ADMIN] [2/8/2017 15:18] [PENJUALAN] CASHIER FORM : Combobox_KeyUp, cashierDataGridView.CurrentCell.OwningColumn.Name  [productID]
[ADMIN] [2/8/2017 15:18] [PENJUALAN] CASHIER FORM : Combobox_KeyUp, cashierDataGridView.CurrentCell.OwningColumn.Name  [productID]
[ADMIN] [2/8/2017 15:18] [PENJUALAN] CASHIER FORM : Combobox_previewKeyDown, cashierDataGridView.CurrentCell.OwningColumn.Name  [productID]
[ADMIN] [2/8/2017 15:18] [PENJUALAN] CASHIER FORM : UNREGISTER HOTKEY
[ADMIN] [2/8/2017 15:18] [PENJUALAN] CASHIER FORM : ADD NEW ROW FROM BARCODE [SD PUPPY SMALL BITE 1 KG]
[ADMIN] [2/8/2017 15:18] [PENJUALAN] CASHIER FORM : updateSomeRowContents
[ADMIN] [2/8/2017 15:18] [PENJUALAN] CASHIER FORM : cashierDataGridView_CellValueChanged [productID]
[ADMIN] [2/8/2017 15:18] [PENJUALAN] CASHIER FORM : cashierDataGridView_CellValueChanged [productName]
[ADMIN] [2/8/2017 15:18] [PENJUALAN] CASHIER FORM : updateSomeRowContents
[ADMIN] [2/8/2017 15:18] [PENJUALAN] CASHIER FORM : PRODUCT PRICE TYPE [PRODUCT_BASE_PRICE]
[ADMIN] [2/8/2017 15:18] [PENJUALAN] CASHIER FORM : PRODUCT PRICE [53700]
[ADMIN] [2/8/2017 15:18] [PENJUALAN] CASHIER FORM : ComboBox_SelectedIndexChanged, PRODUCT_BASE_PRICE [53700]
[ADMIN] [2/8/2017 15:18] [PENJUALAN] CASHIER FORM : cashierDataGridView_CellValueChanged [hpp]
[ADMIN] [2/8/2017 15:18] [PENJUALAN] CASHIER FORM : PRODUCT PRICE TYPE [PRODUCT_RETAIL_PRICE]
[ADMIN] [2/8/2017 15:18] [PENJUALAN] CASHIER FORM : PRODUCT PRICE [68000]
[ADMIN] [2/8/2017 15:18] [PENJUALAN] CASHIER FORM : ComboBox_SelectedIndexChanged, PRODUCT_SALES_PRICE [68000]
[ADMIN] [2/8/2017 15:18] [PENJUALAN] CASHIER FORM : cashierDataGridView_CellValueChanged [productPrice]
[ADMIN] [2/8/2017 15:18] [PENJUALAN] CASHIER FORM : cashierDataGridView_CellValueChanged, previousInput [0]
[ADMIN] [2/8/2017 15:18] [PENJUALAN] CASHIER FORM : cashierDataGridView_CellValueChanged, cellValue [68000]
[ADMIN] [2/8/2017 15:18] [PENJUALAN] CASHIER FORM : cashierDataGridView_CellValueChanged, dataGridViewTextBoxEditingControl.Text pass REGEX Checking
[ADMIN] [2/8/2017 15:18] [PENJUALAN] CASHIER FORM : CALCULATE SUBTOTAL
[ADMIN] [2/8/2017 15:18] [PENJUALAN] CASHIER FORM : SUBTOTAL [0]
[ADMIN] [2/8/2017 15:18] [PENJUALAN] CASHIER FORM : cashierDataGridView_CellValueChanged, subtotal value [0]
[ADMIN] [2/8/2017 15:18] [PENJUALAN] CASHIER FORM : cashierDataGridView_CellValueChanged, attempt to calculate total value
[ADMIN] [2/8/2017 15:18] [PENJUALAN] CASHIER FORM : calculateTotal
[ADMIN] [2/8/2017 15:18] [PENJUALAN] CASHIER FORM : calculateTotal [775000]
[ADMIN] [2/8/2017 15:18] [PENJUALAN] CASHIER FORM : calculateTotal, totalAfterDisc [775000]
[ADMIN] [2/8/2017 15:18] [PENJUALAN] CASHIER FORM : calculateChangeValue, bayarTextBox.Text [0]
[ADMIN] [2/8/2017 15:18] [PENJUALAN] CASHIER FORM : calculateChangeValue, sisaBayar [0]
[ADMIN] [2/8/2017 15:18] [PENJUALAN] CASHIER FORM : cashierDataGridView_CellValueChanged [qty]
[ADMIN] [2/8/2017 15:18] [PENJUALAN] CASHIER FORM : cashierDataGridView_CellValueChanged, previousInput [0]
[ADMIN] [2/8/2017 15:18] [PENJUALAN] CASHIER FORM : cashierDataGridView_CellValueChanged [jumlah]
[ADMIN] [2/8/2017 15:18] [PENJUALAN] CASHIER FORM : calculateTotal
[ADMIN] [2/8/2017 15:18] [PENJUALAN] CASHIER FORM : calculateTotal [775000]
[ADMIN] [2/8/2017 15:18] [PENJUALAN] CASHIER FORM : calculateTotal, totalAfterDisc [775000]
[ADMIN] [2/8/2017 15:18] [PENJUALAN] CASHIER FORM : calculateChangeValue, bayarTextBox.Text [0]
[ADMIN] [2/8/2017 15:18] [PENJUALAN] CASHIER FORM : calculateChangeValue, sisaBayar [0]
[ADMIN] [2/8/2017 15:18] [PENJUALAN] CASHIER FORM : CHECK STOCK QTY IS ENOUGH [SD-PSB1]
[ADMIN] [2/8/2017 15:18] [PENJUALAN] CASHIER FORM : CHECK STOCK QTY IS ENOUGH [10, 1]
[ADMIN] [2/8/2017 15:18] [PENJUALAN] CASHIER FORM : cashierDataGridView_CellValueChanged [qty]
[ADMIN] [2/8/2017 15:18] [PENJUALAN] CASHIER FORM : cashierDataGridView_CellValueChanged, previousInput [0]
[ADMIN] [2/8/2017 15:18] [PENJUALAN] CASHIER FORM : cashierDataGridView_CellValueChanged, cellValue [1]
[ADMIN] [2/8/2017 15:18] [PENJUALAN] CASHIER FORM : cashierDataGridView_CellValueChanged, dataGridViewTextBoxEditingControl.Text pass REGEX Checking
[ADMIN] [2/8/2017 15:18] [PENJUALAN] CASHIER FORM : CHECK STOCK QTY IS ENOUGH [SD-PSB1]
[ADMIN] [2/8/2017 15:18] [PENJUALAN] CASHIER FORM : CHECK STOCK QTY IS ENOUGH [10, 1]
[ADMIN] [2/8/2017 15:18] [PENJUALAN] CASHIER FORM : CALCULATE SUBTOTAL
[ADMIN] [2/8/2017 15:18] [PENJUALAN] CASHIER FORM : SUBTOTAL [68000]
[ADMIN] [2/8/2017 15:18] [PENJUALAN] CASHIER FORM : cashierDataGridView_CellValueChanged, subtotal value [68000]
[ADMIN] [2/8/2017 15:18] [PENJUALAN] CASHIER FORM : cashierDataGridView_CellValueChanged, attempt to calculate total value
[ADMIN] [2/8/2017 15:18] [PENJUALAN] CASHIER FORM : calculateTotal
[ADMIN] [2/8/2017 15:18] [PENJUALAN] CASHIER FORM : calculateTotal [843000]
[ADMIN] [2/8/2017 15:18] [PENJUALAN] CASHIER FORM : calculateTotal, totalAfterDisc [843000]
[ADMIN] [2/8/2017 15:18] [PENJUALAN] CASHIER FORM : calculateChangeValue, bayarTextBox.Text [0]
[ADMIN] [2/8/2017 15:18] [PENJUALAN] CASHIER FORM : calculateChangeValue, sisaBayar [0]
[ADMIN] [2/8/2017 15:18] [PENJUALAN] CASHIER FORM : SET QTY TO 1 BECAUSE OF NEW ROW
[ADMIN] [2/8/2017 15:18] [PENJUALAN] CASHIER FORM : CALCULATE SUBTOTAL
[ADMIN] [2/8/2017 15:18] [PENJUALAN] CASHIER FORM : SUBTOTAL [68000]
[ADMIN] [2/8/2017 15:18] [PENJUALAN] CASHIER FORM : calculateTotal
[ADMIN] [2/8/2017 15:18] [PENJUALAN] CASHIER FORM : calculateTotal [843000]
[ADMIN] [2/8/2017 15:18] [PENJUALAN] CASHIER FORM : calculateTotal, totalAfterDisc [843000]
[ADMIN] [2/8/2017 15:18] [PENJUALAN] CASHIER FORM : calculateChangeValue, bayarTextBox.Text [0]
[ADMIN] [2/8/2017 15:18] [PENJUALAN] CASHIER FORM : calculateChangeValue, sisaBayar [0]
[ADMIN] [2/8/2017 15:18] [PENJUALAN] CASHIER FORM : UPDATE ROW NUMBER, TOTAL ROW [3]
[ADMIN] [2/8/2017 15:18] [PENJUALAN] CASHIER FORM : cashierDataGridView_CellValueChanged [F8]
[ADMIN] [2/8/2017 15:18] [PENJUALAN] CASHIER FORM : REGISTER HOTKEY
[ADMIN] [2/8/2017 15:18] [PENJUALAN] CASHIER FORM : Combobox_KeyUp, cashierDataGridView.CurrentCell.OwningColumn.Name  [qty]
[ADMIN] [2/8/2017 15:18] [PENJUALAN] CASHIER FORM : Combobox_KeyUp, cashierDataGridView.CurrentCell.OwningColumn.Name  [qty]
[ADMIN] [2/8/2017 15:18] [PENJUALAN] CASHIER FORM : Combobox_KeyUp, cashierDataGridView.CurrentCell.OwningColumn.Name  [qty]
[ADMIN] [2/8/2017 15:18] [PENJUALAN] CASHIER FORM : Combobox_KeyUp, cashierDataGridView.CurrentCell.OwningColumn.Name  [qty]
[ADMIN] [2/8/2017 15:18] [PENJUALAN] CASHIER FORM : Combobox_KeyUp, cashierDataGridView.CurrentCell.OwningColumn.Name  [qty]
[ADMIN] [2/8/2017 15:18] [PENJUALAN] CASHIER FORM : cashierDataGridView_CellValueChanged [qty]
[ADMIN] [2/8/2017 15:18] [PENJUALAN] CASHIER FORM : cashierDataGridView_CellValueChanged, previousInput [1]
[ADMIN] [2/8/2017 15:18] [PENJUALAN] CASHIER FORM : cashierDataGridView_CellValueChanged, dataGridViewTextBoxEditingControl.Text pass REGEX Checking
[ADMIN] [2/8/2017 15:18] [PENJUALAN] CASHIER FORM : CHECK STOCK QTY IS ENOUGH [SD-PSB1]
[ADMIN] [2/8/2017 15:18] [PENJUALAN] CASHIER FORM : CHECK STOCK QTY IS ENOUGH [10, 2]
[ADMIN] [2/8/2017 15:18] [PENJUALAN] CASHIER FORM : CALCULATE SUBTOTAL
[ADMIN] [2/8/2017 15:18] [PENJUALAN] CASHIER FORM : SUBTOTAL [136000]
[ADMIN] [2/8/2017 15:18] [PENJUALAN] CASHIER FORM : cashierDataGridView_CellValueChanged, subtotal value [136000]
[ADMIN] [2/8/2017 15:18] [PENJUALAN] CASHIER FORM : cashierDataGridView_CellValueChanged, attempt to calculate total value
[ADMIN] [2/8/2017 15:18] [PENJUALAN] CASHIER FORM : calculateTotal
[ADMIN] [2/8/2017 15:18] [PENJUALAN] CASHIER FORM : calculateTotal [911000]
[ADMIN] [2/8/2017 15:18] [PENJUALAN] CASHIER FORM : calculateTotal, totalAfterDisc [911000]
[ADMIN] [2/8/2017 15:18] [PENJUALAN] CASHIER FORM : calculateChangeValue, bayarTextBox.Text [0]
[ADMIN] [2/8/2017 15:18] [PENJUALAN] CASHIER FORM : calculateChangeValue, sisaBayar [0]
[ADMIN] [2/8/2017 15:18] [PENJUALAN] CASHIER FORM : Combobox_KeyUp, cashierDataGridView.CurrentCell.OwningColumn.Name  [qty]
[ADMIN] [2/8/2017 15:18] [PENJUALAN] CASHIER FORM : Combobox_KeyUp, cashierDataGridView.CurrentCell.OwningColumn.Name  [qty]
[ADMIN] [2/8/2017 15:18] [PENJUALAN] CASHIER FORM : Combobox_KeyUp, cashierDataGridView.CurrentCell.OwningColumn.Name  [qty]
[ADMIN] [2/8/2017 15:18] [PENJUALAN] CASHIER FORM : Combobox_KeyUp, cashierDataGridView.CurrentCell.OwningColumn.Name  [qty]
[ADMIN] [2/8/2017 15:18] [PENJUALAN] CASHIER FORM : Combobox_KeyUp, cashierDataGridView.CurrentCell.OwningColumn.Name  [qty]
[ADMIN] [2/8/2017 15:18] [PENJUALAN] CASHIER FORM : Combobox_KeyUp, cashierDataGridView.CurrentCell.OwningColumn.Name  [disc1]
[ADMIN] [2/8/2017 15:18] [PENJUALAN] CASHIER FORM : Combobox_KeyUp, cashierDataGridView.CurrentCell.OwningColumn.Name  [disc1]
[ADMIN] [2/8/2017 15:18] [PENJUALAN] CASHIER FORM : Combobox_KeyUp, cashierDataGridView.CurrentCell.OwningColumn.Name  [disc1]
[ADMIN] [2/8/2017 15:18] [PENJUALAN] CASHIER FORM : Combobox_KeyUp, cashierDataGridView.CurrentCell.OwningColumn.Name  [disc1]
[ADMIN] [2/8/2017 15:18] [PENJUALAN] CASHIER FORM : Combobox_KeyUp, cashierDataGridView.CurrentCell.OwningColumn.Name  [disc1]
[ADMIN] [2/8/2017 15:18] [PENJUALAN] CASHIER FORM : Combobox_KeyUp, cashierDataGridView.CurrentCell.OwningColumn.Name  [disc2]
[ADMIN] [2/8/2017 15:18] [PENJUALAN] CASHIER FORM : Combobox_KeyUp, cashierDataGridView.CurrentCell.OwningColumn.Name  [disc2]
[ADMIN] [2/8/2017 15:18] [PENJUALAN] CASHIER FORM : Combobox_KeyUp, cashierDataGridView.CurrentCell.OwningColumn.Name  [disc2]
[ADMIN] [2/8/2017 15:18] [PENJUALAN] CASHIER FORM : Combobox_KeyUp, cashierDataGridView.CurrentCell.OwningColumn.Name  [disc2]
[ADMIN] [2/8/2017 15:18] [PENJUALAN] CASHIER FORM : Combobox_KeyUp, cashierDataGridView.CurrentCell.OwningColumn.Name  [disc2]
[ADMIN] [2/8/2017 15:18] [PENJUALAN] CASHIER FORM : Combobox_KeyUp, cashierDataGridView.CurrentCell.OwningColumn.Name  [discRP]
[ADMIN] [2/8/2017 15:18] [PENJUALAN] CASHIER FORM : Combobox_KeyUp, cashierDataGridView.CurrentCell.OwningColumn.Name  [discRP]
[ADMIN] [2/8/2017 15:18] [PENJUALAN] CASHIER FORM : Combobox_KeyUp, cashierDataGridView.CurrentCell.OwningColumn.Name  [discRP]
[ADMIN] [2/8/2017 15:18] [PENJUALAN] CASHIER FORM : Combobox_KeyUp, cashierDataGridView.CurrentCell.OwningColumn.Name  [discRP]
[ADMIN] [2/8/2017 15:18] [PENJUALAN] CASHIER FORM : Combobox_KeyUp, cashierDataGridView.CurrentCell.OwningColumn.Name  [discRP]
[ADMIN] [2/8/2017 15:18] [PENJUALAN] CASHIER FORM : calculateChangeValue, bayarTextBox.Text [9]
[ADMIN] [2/8/2017 15:18] [PENJUALAN] CASHIER FORM : calculateChangeValue, sisaBayar [0]
[ADMIN] [2/8/2017 15:18] [PENJUALAN] CASHIER FORM : calculateChangeValue, bayarTextBox.Text [91]
[ADMIN] [2/8/2017 15:18] [PENJUALAN] CASHIER FORM : calculateChangeValue, sisaBayar [0]
[ADMIN] [2/8/2017 15:18] [PENJUALAN] CASHIER FORM : calculateChangeValue, bayarTextBox.Text [911]
[ADMIN] [2/8/2017 15:18] [PENJUALAN] CASHIER FORM : calculateChangeValue, sisaBayar [0]
[ADMIN] [2/8/2017 15:18] [PENJUALAN] CASHIER FORM : calculateChangeValue, bayarTextBox.Text [9110]
[ADMIN] [2/8/2017 15:18] [PENJUALAN] CASHIER FORM : calculateChangeValue, sisaBayar [0]
[ADMIN] [2/8/2017 15:18] [PENJUALAN] CASHIER FORM : calculateChangeValue, bayarTextBox.Text [91100]
[ADMIN] [2/8/2017 15:18] [PENJUALAN] CASHIER FORM : calculateChangeValue, sisaBayar [0]
[ADMIN] [2/8/2017 15:18] [PENJUALAN] CASHIER FORM : calculateChangeValue, bayarTextBox.Text [911000]
[ADMIN] [2/8/2017 15:18] [PENJUALAN] CASHIER FORM : calculateChangeValue, sisaBayar [0]
[ADMIN] [2/8/2017 15:18] [PENJUALAN] CASHIER FORM : HOTKEY TO SAVE AND PRINT OUT INVOICE PRESSED
[ADMIN] [2/8/2017 15:18] [PENJUALAN] CASHIER FORM : UNREGISTER HOTKEY
[ADMIN] [2/8/2017 15:18] [PENJUALAN] CASHIER FORM : REGISTER HOTKEY
[ADMIN] [2/8/2017 15:18] [PENJUALAN] ATTEMPT TO SAVE AND PRINT OUT INVOICE
[ADMIN] [2/8/2017 15:18] [PENJUALAN] CASHIER FORM : UNREGISTER HOTKEY
[ADMIN] [2/8/2017 15:18] [PENJUALAN] CASHIER FORM : REGISTER HOTKEY
[ADMIN] [2/8/2017 15:18] [PENJUALAN] CASHIER FORM : UNREGISTER HOTKEY
[ADMIN] [2/8/2017 15:18] [PENJUALAN] CASHIER FORM : ATTEMPT TO SAVE SALES DATA [08-02-2017 15:18]
[ADMIN] [2/8/2017 15:18] [PENJUALAN] CASHIER FORM : SALES DISC FINAL [0]
[ADMIN] [2/8/2017 15:18] [PENJUALAN] CASHIER FORM : CASH SALES
[ADMIN] [2/8/2017 15:18] [PENJUALAN] CHECK IF TAX LIMIT SET FOR PERCENTAGE PURCHASE [0]
[ADMIN] [2/8/2017 15:18] [PENJUALAN] CHECK IF TAX LIMIT SET FOR AVERAGE DAILY PURCHASE [0]
[ADMIN] [2/8/2017 15:18] [PENJUALAN] CASHIER FORM : NO FAKTUR [SLO001]
[ADMIN] [2/8/2017 15:18] [PENJUALAN] CASHIER FORM : MAX SALES INVOICE [1]
[ADMIN] [2/8/2017 15:18] [PENJUALAN] CASHIER FORM : SALES INVOICE [SLO001-2]
[ADMIN] [2/8/2017 15:18] [PENJUALAN] INSERT INTO SALES HEADER [SLO001-2]
[ADMIN] [2/8/2017 15:18] [PENJUALAN] INSERT INTO SALES DETAIL[B-4104, 155000, 5]
[ADMIN] [2/8/2017 15:18] [PENJUALAN] REDUCE STOCK AT MASTER PRODUCT [B-4104]
[ADMIN] [2/8/2017 15:18] [PENJUALAN] REDUCE STOCK AT PRODUCT_EXPIRY LOT [623]
[ADMIN] [2/8/2017 15:18] [PENJUALAN] SAVE PRODUCT LOT INFORMATION FOR EACH ITEM AND AMOUNT
[ADMIN] [2/8/2017 15:18] [PENJUALAN] INSERT INTO SALES DETAIL[SD-PSB1, 68000, 2]
[ADMIN] [2/8/2017 15:18] [PENJUALAN] REDUCE STOCK AT MASTER PRODUCT [SD-PSB1]
[ADMIN] [2/8/2017 15:18] [PENJUALAN] REDUCE STOCK AT PRODUCT_EXPIRY LOT [2]
[ADMIN] [2/8/2017 15:18] [PENJUALAN] SAVE PRODUCT LOT INFORMATION FOR EACH ITEM AND AMOUNT
[ADMIN] [2/8/2017 15:18] [PENJUALAN] INSERT TO CREDIT TABLE [SLO001-2]
[ADMIN] [2/8/2017 15:18] [PENJUALAN] INSERT TO DAILY JOURNAL TABLE [911000]
[ADMIN] [2/8/2017 15:18] [PENJUALAN] CASHIER FORM : REGISTER HOTKEY
[ADMIN] [2/8/2017 15:18] [PENJUALAN] TRANSACTION SAVED
[ADMIN] [2/8/2017 15:18] [PENJUALAN] PRINT OUT INVOICE
[ADMIN] [2/8/2017 15:18] [PENJUALAN] CASHIER FORM : PrintReceipt
[ADMIN] [2/8/2017 15:18] [PENJUALAN] CASHIER FORM : PrintReceipt, POS size Paper
[ADMIN] [2/8/2017 15:18] [PENJUALAN] CASHIER FORM : loadInfoToko
[ADMIN] [2/8/2017 15:18] [PENJUALAN] CASHIER FORM : calculatePageLength, totalLengthPage [411]
[ADMIN] [2/8/2017 15:18] [PENJUALAN] CASHIER FORM : printDocument1_PrintPage, print POS size receipt
[ADMIN] [2/8/2017 15:18] [PENJUALAN] CASHIER FORM : loadInfoToko
[ADMIN] [2/8/2017 15:18] [PENJUALAN] CASHIER FORM : loadNamaUser
[ADMIN] [2/8/2017 15:18] [PENJUALAN] CASHIER FORM : UNREGISTER HOTKEY
[ADMIN] [2/8/2017 15:18] [PENJUALAN] CASHIER FORM : REGISTER HOTKEY
[ADMIN] [2/8/2017 15:18] [PENJUALAN] CASHIER FORM : UPDATE ROW NUMBER, TOTAL ROW [1]
[ADMIN] [2/8/2017 15:18] [PENJUALAN] CASHIER FORM : cashierDataGridView_CellValueChanged [F8]
[ADMIN] [2/8/2017 15:18] [PENJUALAN] CASHIER FORM : UNREGISTER HOTKEY
[ADMIN] [2/8/2017 15:18] [PENJUALAN] CASHIER FORM : REGISTER HOTKEY
[ADMIN] [2/8/2017 15:18] [PENJUALAN] CASHIER FORM : UNREGISTER HOTKEY
[ADMIN] [2/8/2017 15:19] [PENJUALAN] CASHIER FORM : REGISTER HOTKEY
[ADMIN] [2/8/2017 15:19] [PENJUALAN] CASHIER FORM : UNREGISTER HOTKEY
[] [2/8/2017 15:27] [] USER = ADMIN IS ACTIVE
[ADMIN] [2/8/2017 15:27] [] USER ID = 1 LOGIN SUCCESSFULLY
[ADMIN] [2/8/2017 15:27] [] ACTIVATE USER ACCESS RIGHT
[ADMIN] [2/8/2017 15:27] [] DISPLAY ADMIN FORM
[ADMIN] [2/8/2017 15:27] [] adminForm Load
[ADMIN] [2/8/2017 15:27] [] ACTIVATE USER ACCESS RIGHT
[ADMIN] [2/8/2017 15:28] [RETUR PERMINTAAN KE PUSAT] RETUR PERMINTAAN : detailReturDataGridView_CellValueChanged [productID]
[ADMIN] [2/8/2017 15:28] [RETUR PERMINTAAN KE PUSAT] RETUR PERMINTAAN : detailReturDataGridView_CellValueChanged [productID]
[ADMIN] [2/8/2017 15:28] [RETUR PERMINTAAN KE PUSAT] RETUR PERMINTAAN : detailReturDataGridView_CellValueChanged [productName]
[ADMIN] [2/8/2017 15:28] [RETUR PERMINTAAN KE PUSAT] updateSomeRowsContent, PRODUCT_BASE_PRICE [140000]
[ADMIN] [2/8/2017 15:28] [RETUR PERMINTAAN KE PUSAT] RETUR PERMINTAAN : detailReturDataGridView_CellValueChanged [HPP]
[ADMIN] [2/8/2017 15:28] [RETUR PERMINTAAN KE PUSAT] RETUR PERMINTAAN : detailReturDataGridView_CellValueChanged [qty]
[ADMIN] [2/8/2017 15:28] [RETUR PERMINTAAN KE PUSAT] RETUR PERMINTAAN : detailReturDataGridView_CellValueChanged [subTotal]
[ADMIN] [2/8/2017 15:28] [RETUR PERMINTAAN KE PUSAT] RETUR PERMINTAAN : detailReturDataGridView_CellValueChanged [subTotal]
[ADMIN] [2/8/2017 15:28] [RETUR PERMINTAAN KE PUSAT] updateSomeRowsContent, attempt to calculate total
[ADMIN] [2/8/2017 15:28] [RETUR PERMINTAAN KE PUSAT] RETUR PERMINTAAN : detailReturDataGridView_CellValueChanged [expiryDateValue]
[ADMIN] [2/8/2017 15:28] [RETUR PERMINTAAN KE PUSAT] RETUR PERMINTAAN : detailReturDataGridView_CellValueChanged [expiryDate]
[ADMIN] [2/8/2017 15:28] [RETUR PERMINTAAN KE PUSAT] RETUR PERMINTAAN : detailReturDataGridView_CellValueChanged [qty]
[ADMIN] [2/8/2017 15:28] [RETUR PERMINTAAN KE PUSAT] RETUR PERMINTAAN : detailReturDataGridView_CellValueChanged [subTotal]
[ADMIN] [2/8/2017 15:28] [RETUR PERMINTAAN KE PUSAT] RETUR PERMINTAAN : detailReturDataGridView_CellValueChanged [subTotal]
[ADMIN] [2/8/2017 15:28] [] USER ID = 1LOGOUT
