[] [1/9/2017 23:37] [] USER = ADMIN IS ACTIVE
[ADMIN] [1/9/2017 23:37] [] USER ID = 1 LOGIN SUCCESSFULLY
[ADMIN] [1/9/2017 23:37] [] ACTIVATE USER ACCESS RIGHT
[ADMIN] [1/9/2017 23:37] [] DISPLAY ADMIN FORM
[ADMIN] [1/9/2017 23:37] [] adminForm Load
[ADMIN] [1/9/2017 23:37] [] ACTIVATE USER ACCESS RIGHT
[ADMIN] [1/9/2017 23:37] [PENERIMAAN BARANG] PENERIMAAN BARANG : detailGridView_CellValueChanged [productID]
[] [1/9/2017 23:40] [] USER = ADMIN IS ACTIVE
[ADMIN] [1/9/2017 23:40] [] USER ID = 1 LOGIN SUCCESSFULLY
[ADMIN] [1/9/2017 23:40] [] ACTIVATE USER ACCESS RIGHT
[ADMIN] [1/9/2017 23:40] [] DISPLAY ADMIN FORM
[ADMIN] [1/9/2017 23:40] [] adminForm Load
[ADMIN] [1/9/2017 23:40] [] ACTIVATE USER ACCESS RIGHT
[ADMIN] [1/9/2017 23:41] [PENERIMAAN BARANG] PENERIMAAN BARANG : detailGridView_CellValueChanged [productID]
[ADMIN] [1/9/2017 23:41] [PENERIMAAN BARANG] PENERIMAAN BARANG : detailGridView_CellValueChanged [productID]
[ADMIN] [1/9/2017 23:41] [PENERIMAAN BARANG] PENERIMAAN BARANG : detailGridView_CellValueChanged [productName]
[ADMIN] [1/9/2017 23:41] [PENJUALAN] CASHIER FORM : ComboBox_SelectedIndexChanged, PRODUCT_BASE_PRICE [18000]
[ADMIN] [1/9/2017 23:41] [PENERIMAAN BARANG] PENERIMAAN BARANG : detailGridView_CellValueChanged [hpp]
[ADMIN] [1/9/2017 23:41] [PENERIMAAN BARANG] PENERIMAAN BARANG : detailGridView_CellValueChanged [subtotal]
[ADMIN] [1/9/2017 23:41] [PENERIMAAN BARANG] PENERIMAAN BARANG : detailGridView_CellValueChanged [qtyReceived]
[ADMIN] [1/9/2017 23:41] [PENERIMAAN BARANG] PENERIMAAN BARANG : detailGridView_CellValueChanged [subtotal]
[ADMIN] [1/9/2017 23:41] [PENJUALAN] CASHIER FORM : ComboBox_SelectedIndexChanged, attempt to calculate total
[ADMIN] [1/9/2017 23:41] [PENERIMAAN BARANG] PENERIMAAN BARANG : detailGridView_CellValueChanged [qtyReceived]
[ADMIN] [1/9/2017 23:41] [PENERIMAAN BARANG] PENERIMAAN BARANG : detailGridView_CellValueChanged [subtotal]
[ADMIN] [1/9/2017 23:41] [PENERIMAAN BARANG] PENERIMAAN BARANG : detailGridView_CellValueChanged [subtotal]
[ADMIN] [1/9/2017 23:41] [PURCHASE ORDER] PURCHASE ORDER : detailPODataGridView_CellValueChanged [productID]
[] [1/9/2017 23:44] [] USER = ADMIN IS ACTIVE
[ADMIN] [1/9/2017 23:44] [] USER ID = 1 LOGIN SUCCESSFULLY
[ADMIN] [1/9/2017 23:44] [] ACTIVATE USER ACCESS RIGHT
[ADMIN] [1/9/2017 23:44] [] DISPLAY ADMIN FORM
[ADMIN] [1/9/2017 23:44] [] adminForm Load
[ADMIN] [1/9/2017 23:44] [] ACTIVATE USER ACCESS RIGHT
[ADMIN] [1/9/2017 23:45] [PURCHASE ORDER] PURCHASE ORDER : detailPODataGridView_CellValueChanged [productID]
[ADMIN] [1/9/2017 23:45] [PURCHASE ORDER] PURCHASE ORDER : detailPODataGridView_CellValueChanged [productID]
[ADMIN] [1/9/2017 23:45] [PURCHASE ORDER] PURCHASE ORDER : detailPODataGridView_CellValueChanged [productName]
[ADMIN] [1/9/2017 23:45] [PURCHASE ORDER] updateSomeRowsContent, PRODUCT_BASE_PRICE [177635.5263]
[ADMIN] [1/9/2017 23:45] [PURCHASE ORDER] PURCHASE ORDER : detailPODataGridView_CellValueChanged [HPP]
[ADMIN] [1/9/2017 23:45] [PURCHASE ORDER] PURCHASE ORDER : detailPODataGridView_CellValueChanged [qty]
[ADMIN] [1/9/2017 23:45] [PURCHASE ORDER] PURCHASE ORDER : detailPODataGridView_CellValueChanged [subTotal]
[ADMIN] [1/9/2017 23:45] [PURCHASE ORDER] updateSomeRowsContent, attempt to calculate total
[ADMIN] [1/9/2017 23:45] [PURCHASE ORDER] PURCHASE ORDER : detailPODataGridView_CellValueChanged [qty]
[ADMIN] [1/9/2017 23:45] [PURCHASE ORDER] PURCHASE ORDER : detailPODataGridView_CellValueChanged [subTotal]
[ADMIN] [1/9/2017 23:45] [PURCHASE ORDER] PURCHASE ORDER : detailPODataGridView_CellValueChanged [qty]
[ADMIN] [1/9/2017 23:45] [PURCHASE ORDER] PURCHASE ORDER : detailPODataGridView_CellValueChanged [qty]
[ADMIN] [1/9/2017 23:45] [] USER ID = 1LOGOUT
