[] [6/4/2017 01:14] [] USER = ADMIN IS ACTIVE
[ADMIN] [6/4/2017 01:14] [] USER ID = 1 LOGIN SUCCESSFULLY
[ADMIN] [6/4/2017 01:14] [] ACTIVATE USER ACCESS RIGHT
[ADMIN] [6/4/2017 01:14] [] DISPLAY ADMIN FORM
[ADMIN] [6/4/2017 01:14] [] adminForm Load
[ADMIN] [6/4/2017 01:14] [] ACTIVATE USER ACCESS RIGHT
[ADMIN] [6/4/2017 01:17] [PENJUALAN] CASHIER FORM : MULTIPLE CASHIER INSTANCE [1]
[ADMIN] [6/4/2017 01:17] [PENJUALAN] CASHIER FORM : REGISTER HOTKEY
[ADMIN] [6/4/2017 01:17] [PENJUALAN] CASHIER FORM : cashierForm_Load, ATTEMPT TO LOAD NO FAKTUR
[ADMIN] [6/4/2017 01:18] [PENJUALAN] CASHIER FORM : loadNoFaktur, noFakturValue [SLO001]
[ADMIN] [6/4/2017 01:18] [PENJUALAN] CASHIER FORM : cashierForm_Load, ATTEMPT TO addColumnToDataGrid
[ADMIN] [6/4/2017 01:18] [PENJUALAN] CASHIER FORM : UPDATE ROW NUMBER, TOTAL ROW [1]
[ADMIN] [6/4/2017 01:18] [PENJUALAN] CASHIER FORM : REGISTER HOTKEY
[ADMIN] [6/4/2017 01:18] [PENJUALAN] CASHIER FORM : UNREGISTER HOTKEY
[ADMIN] [6/4/2017 01:18] [PENJUALAN] CASHIER FORM : REGISTER HOTKEY
[ADMIN] [6/4/2017 01:18] [PENJUALAN] CASHIER FORM : cashierForm_Load, ATTEMPT TO LOAD NO FAKTUR
[ADMIN] [6/4/2017 01:18] [PENJUALAN] CASHIER FORM : loadNoFaktur, noFakturValue [SLO001]
[ADMIN] [6/4/2017 01:18] [PENJUALAN] CASHIER FORM : cashierForm_Load, ATTEMPT TO addColumnToDataGrid
[ADMIN] [6/4/2017 01:18] [PENJUALAN] CASHIER FORM : UPDATE ROW NUMBER, TOTAL ROW [1]
[ADMIN] [6/4/2017 01:18] [PENJUALAN] CASHIER FORM : ADD NEW ROW,  isActive [True]
[ADMIN] [6/4/2017 01:18] [PENJUALAN] CASHIER FORM : ADD NEW ROW,  ROW COUNT [0]
[ADMIN] [6/4/2017 01:18] [PENJUALAN] CASHIER FORM : ADD NEW ROW,  ALLOW TO ADD [True]
[ADMIN] [6/4/2017 01:18] [PENJUALAN] CASHIER FORM : UPDATE ROW NUMBER, TOTAL ROW [1]
[ADMIN] [6/4/2017 01:18] [PENJUALAN] CASHIER FORM : ADD NEW ROW,  isActive [True]
[ADMIN] [6/4/2017 01:18] [PENJUALAN] CASHIER FORM : ADD NEW ROW,  ROW COUNT [1]
[ADMIN] [6/4/2017 01:18] [PENJUALAN] CASHIER FORM : ADD NEW ROW,  ALLOW TO ADD [True]
[ADMIN] [6/4/2017 01:18] [PENJUALAN] CASHIER FORM : UPDATE ROW NUMBER, TOTAL ROW [2]
[ADMIN] [6/4/2017 01:18] [PENJUALAN] CASHIER FORM : UPDATE ROW NUMBER, TOTAL ROW [3]
[ADMIN] [6/4/2017 01:18] [PENJUALAN] CASHIER FORM : cashierDataGridView_CellValueChanged [F8]
[ADMIN] [6/4/2017 01:18] [PENJUALAN] CASHIER FORM : REGISTER HOTKEY
[ADMIN] [6/4/2017 01:18] [PENJUALAN] CASHIER FORM : UNREGISTER HOTKEY
[ADMIN] [6/4/2017 01:18] [PENJUALAN] CASHIER FORM : UNREGISTER HOTKEY
[ADMIN] [6/4/2017 01:18] [PENJUALAN] CASHIER FORM : REGISTER HOTKEY
[ADMIN] [6/4/2017 01:18] [PENJUALAN] CASHIER FORM : UNREGISTER HOTKEY
[ADMIN] [6/4/2017 01:18] [PENJUALAN] CASHIER FORM : UNREGISTER HOTKEY
[] [6/4/2017 01:20] [] USER = ADMIN IS ACTIVE
[ADMIN] [6/4/2017 01:20] [] USER ID = 1 LOGIN SUCCESSFULLY
[ADMIN] [6/4/2017 01:20] [] ACTIVATE USER ACCESS RIGHT
[ADMIN] [6/4/2017 01:20] [] DISPLAY ADMIN FORM
[ADMIN] [6/4/2017 01:20] [] adminForm Load
[ADMIN] [6/4/2017 01:20] [] ACTIVATE USER ACCESS RIGHT
[ADMIN] [6/4/2017 01:20] [PENJUALAN] CASHIER FORM : MULTIPLE CASHIER INSTANCE [1]
[ADMIN] [6/4/2017 01:20] [PENJUALAN] CASHIER FORM : REGISTER HOTKEY
[ADMIN] [6/4/2017 01:20] [PENJUALAN] CASHIER FORM : cashierForm_Load, ATTEMPT TO LOAD NO FAKTUR
[ADMIN] [6/4/2017 01:20] [PENJUALAN] CASHIER FORM : loadNoFaktur, noFakturValue [SLO001]
[ADMIN] [6/4/2017 01:20] [PENJUALAN] CASHIER FORM : cashierForm_Load, ATTEMPT TO addColumnToDataGrid
[ADMIN] [6/4/2017 01:20] [PENJUALAN] CASHIER FORM : UPDATE ROW NUMBER, TOTAL ROW [1]
[ADMIN] [6/4/2017 01:20] [PENJUALAN] CASHIER FORM : REGISTER HOTKEY
[ADMIN] [6/4/2017 01:21] [PENJUALAN] CASHIER FORM : UNREGISTER HOTKEY
[ADMIN] [6/4/2017 01:21] [PENJUALAN] CASHIER FORM : ADD NEW ROW,  isActive [True]
[ADMIN] [6/4/2017 01:21] [PENJUALAN] CASHIER FORM : ADD NEW ROW,  ROW COUNT [1]
[ADMIN] [6/4/2017 01:21] [PENJUALAN] CASHIER FORM : ADD NEW ROW,  ALLOW TO ADD [False]
[ADMIN] [6/4/2017 01:21] [PENJUALAN] CASHIER FORM : clearUpSomeRowContents
[ADMIN] [6/4/2017 01:21] [PENJUALAN] CASHIER FORM : calculateTotal
[ADMIN] [6/4/2017 01:21] [PENJUALAN] CASHIER FORM : calculateTotal [0]
[ADMIN] [6/4/2017 01:21] [PENJUALAN] CASHIER FORM : calculateTotal, totalAfterDisc [0]
[ADMIN] [6/4/2017 01:21] [PENJUALAN] CASHIER FORM : calculateChangeValue, bayarTextBox.Text [Rp620.000]
[ADMIN] [6/4/2017 01:21] [PENJUALAN] CASHIER FORM : calculateChangeValue, sisaBayar [620000]
[ADMIN] [6/4/2017 01:21] [PENJUALAN] CASHIER FORM : ADD NEW ROW,  isActive [True]
[ADMIN] [6/4/2017 01:21] [PENJUALAN] CASHIER FORM : ADD NEW ROW,  ROW COUNT [1]
[ADMIN] [6/4/2017 01:21] [PENJUALAN] CASHIER FORM : ADD NEW ROW,  ALLOW TO ADD [True]
[ADMIN] [6/4/2017 01:21] [PENJUALAN] CASHIER FORM : UPDATE ROW NUMBER, TOTAL ROW [2]
[ADMIN] [6/4/2017 01:21] [PENJUALAN] CASHIER FORM : ADD NEW ROW,  isActive [True]
[ADMIN] [6/4/2017 01:21] [PENJUALAN] CASHIER FORM : ADD NEW ROW,  ROW COUNT [2]
[ADMIN] [6/4/2017 01:21] [PENJUALAN] CASHIER FORM : ADD NEW ROW,  ALLOW TO ADD [False]
[ADMIN] [6/4/2017 01:21] [PENJUALAN] CASHIER FORM : clearUpSomeRowContents
[ADMIN] [6/4/2017 01:21] [PENJUALAN] CASHIER FORM : calculateTotal
[ADMIN] [6/4/2017 01:21] [PENJUALAN] CASHIER FORM : calculateTotal [25000]
[ADMIN] [6/4/2017 01:21] [PENJUALAN] CASHIER FORM : calculateTotal, totalAfterDisc [25000]
[ADMIN] [6/4/2017 01:21] [PENJUALAN] CASHIER FORM : calculateChangeValue, bayarTextBox.Text [Rp620.000]
[ADMIN] [6/4/2017 01:21] [PENJUALAN] CASHIER FORM : calculateChangeValue, sisaBayar [595000]
[] [6/4/2017 01:23] [] USER = ADMIN IS ACTIVE
[ADMIN] [6/4/2017 01:23] [] USER ID = 1 LOGIN SUCCESSFULLY
[ADMIN] [6/4/2017 01:23] [] ACTIVATE USER ACCESS RIGHT
[ADMIN] [6/4/2017 01:23] [] DISPLAY ADMIN FORM
[ADMIN] [6/4/2017 01:23] [] adminForm Load
[ADMIN] [6/4/2017 01:23] [] ACTIVATE USER ACCESS RIGHT
[ADMIN] [6/4/2017 01:24] [PENJUALAN] CASHIER FORM : MULTIPLE CASHIER INSTANCE [1]
[ADMIN] [6/4/2017 01:24] [PENJUALAN] CASHIER FORM : REGISTER HOTKEY
[ADMIN] [6/4/2017 01:24] [PENJUALAN] CASHIER FORM : cashierForm_Load, ATTEMPT TO LOAD NO FAKTUR
[ADMIN] [6/4/2017 01:24] [PENJUALAN] CASHIER FORM : loadNoFaktur, noFakturValue [SLO001]
[ADMIN] [6/4/2017 01:24] [PENJUALAN] CASHIER FORM : cashierForm_Load, ATTEMPT TO addColumnToDataGrid
[ADMIN] [6/4/2017 01:24] [PENJUALAN] CASHIER FORM : UPDATE ROW NUMBER, TOTAL ROW [1]
[ADMIN] [6/4/2017 01:24] [PENJUALAN] CASHIER FORM : REGISTER HOTKEY
[ADMIN] [6/4/2017 01:24] [PENJUALAN] CASHIER FORM : UNREGISTER HOTKEY
[ADMIN] [6/4/2017 01:24] [PENJUALAN] CASHIER FORM : ADD NEW ROW,  isActive [True]
[ADMIN] [6/4/2017 01:24] [PENJUALAN] CASHIER FORM : ADD NEW ROW,  ROW COUNT [0]
[ADMIN] [6/4/2017 01:24] [PENJUALAN] CASHIER FORM : ADD NEW ROW,  ALLOW TO ADD [True]
[ADMIN] [6/4/2017 01:24] [PENJUALAN] CASHIER FORM : UPDATE ROW NUMBER, TOTAL ROW [1]
[ADMIN] [6/4/2017 01:24] [PENJUALAN] CASHIER FORM : UPDATE ROW NUMBER, TOTAL ROW [2]
[ADMIN] [6/4/2017 01:24] [PENJUALAN] CASHIER FORM : cashierDataGridView_CellValueChanged [F8]
[ADMIN] [6/4/2017 01:24] [PENJUALAN] CASHIER FORM : REGISTER HOTKEY
[ADMIN] [6/4/2017 01:24] [PENJUALAN] CASHIER FORM : UNREGISTER HOTKEY
[ADMIN] [6/4/2017 01:24] [PENJUALAN] CASHIER FORM : REGISTER HOTKEY
[ADMIN] [6/4/2017 01:24] [PENJUALAN] RE-PRINT INVOICE
[ADMIN] [6/4/2017 01:24] [PENJUALAN] CASHIER FORM : PrintReceipt
[ADMIN] [6/4/2017 01:24] [PENJUALAN] CASHIER FORM : PrintReceipt, POS size Paper
[ADMIN] [6/4/2017 01:24] [PENJUALAN] CASHIER FORM : loadInfoToko
[ADMIN] [6/4/2017 01:24] [PENJUALAN] CASHIER FORM : calculatePageLength, totalLengthPage [355]
[ADMIN] [6/4/2017 01:24] [PENJUALAN] CASHIER FORM : printDocument1_PrintPage, print POS size receipt
[ADMIN] [6/4/2017 01:24] [PENJUALAN] CASHIER FORM : UNREGISTER HOTKEY
[ADMIN] [6/4/2017 01:24] [PENJUALAN] CASHIER FORM : loadInfoToko
[ADMIN] [6/4/2017 01:24] [PENJUALAN] CASHIER FORM : loadNamaUser
[ADMIN] [6/4/2017 01:24] [PENJUALAN] CASHIER FORM : REGISTER HOTKEY
[ADMIN] [6/4/2017 01:24] [PENJUALAN] CASHIER FORM : UNREGISTER HOTKEY
[ADMIN] [6/4/2017 01:24] [PENJUALAN] CASHIER FORM : REGISTER HOTKEY
[ADMIN] [6/4/2017 01:24] [PENJUALAN] RE-PRINT INVOICE
[ADMIN] [6/4/2017 01:24] [PENJUALAN] CASHIER FORM : PrintReceipt
[ADMIN] [6/4/2017 01:24] [PENJUALAN] CASHIER FORM : PrintReceipt, papermode [2]
[ADMIN] [6/4/2017 01:24] [PENJUALAN] CASHIER FORM : PrintReceipt, kuarto paper, display SalesReceiptKuartoForm
[ADMIN] [6/4/2017 01:24] [PENJUALAN] CASHIER FORM : UNREGISTER HOTKEY
[ADMIN] [6/4/2017 01:24] [PENJUALAN] CASHIER FORM : REGISTER HOTKEY
[ADMIN] [6/4/2017 01:24] [PENJUALAN] CASHIER FORM : UNREGISTER HOTKEY
[ADMIN] [6/4/2017 01:24] [PENJUALAN] CASHIER FORM : UNREGISTER HOTKEY
[ADMIN] [6/4/2017 01:24] [] USER ID = 1LOGOUT
