[] [6/8/2017 00:42] [] USER = ADMIN IS ACTIVE
[ADMIN] [6/8/2017 00:42] [] USER ID = 1 LOGIN SUCCESSFULLY
[ADMIN] [6/8/2017 00:42] [] ACTIVATE USER ACCESS RIGHT
[ADMIN] [6/8/2017 00:42] [] DISPLAY ADMIN FORM
[ADMIN] [6/8/2017 00:42] [] adminForm Load
[ADMIN] [6/8/2017 00:42] [] ACTIVATE USER ACCESS RIGHT
[ADMIN] [6/8/2017 00:42] [TAMBAH / UPDATE PRODUK] DETAIL PRODUK : detailGridView_CellValueChanged [status]
[ADMIN] [6/8/2017 00:42] [TAMBAH / UPDATE PRODUK] DETAIL PRODUK : detailGridView_CellValueChanged [status]
[ADMIN] [6/8/2017 00:42] [TAMBAH / UPDATE PRODUK] DETAIL PRODUK : detailGridView_CellValueChanged [status]
[ADMIN] [6/8/2017 00:42] [TAMBAH / UPDATE PRODUK] UPDATE PRODUCT EXPIRY [2298]
[ADMIN] [6/8/2017 00:42] [TAMBAH / UPDATE PRODUK] UPDATE PRODUCT EXPIRY [2624]
[ADMIN] [6/8/2017 00:42] [TAMBAH / UPDATE PRODUK] UPDATE PRODUCT EXPIRY [3321]
[ADMIN] [6/8/2017 00:42] [TAMBAH / UPDATE PRODUK] UPDATE PRODUCT EXPIRY [3345]
[ADMIN] [6/8/2017 00:42] [TAMBAH / UPDATE PRODUK] UPDATE PRODUCT EXPIRY [4835]
[ADMIN] [6/8/2017 00:42] [TAMBAH / UPDATE PRODUK] UPDATE CURRENT PRODUCT DATA [ALPO-P1]
[ADMIN] [6/8/2017 00:42] [TAMBAH / UPDATE PRODUK] UPDATE PRODUCT CATEGORY FOR [ALPO-P1]
[ADMIN] [6/8/2017 00:42] [TAMBAH / UPDATE PRODUK] DELETE CURRENT PRODUCT CATEGORY FOR [ALPO-P1]
[ADMIN] [6/8/2017 00:42] [TAMBAH / UPDATE PRODUK] INSERT PRODUCT CATEGORY FOR [ALPO-P1]
[ADMIN] [6/8/2017 00:43] [TAMBAH / UPDATE PRODUK] DETAIL PRODUK : detailGridView_CellValueChanged [qty]
[ADMIN] [6/8/2017 00:43] [TAMBAH / UPDATE PRODUK] DETAIL PRODUK : detailGridView_CellValueChanged [expiryDate]
[ADMIN] [6/8/2017 00:43] [TAMBAH / UPDATE PRODUK] DETAIL PRODUK : detailGridView_CellValueChanged [expiryDateValue]
[ADMIN] [6/8/2017 00:43] [TAMBAH / UPDATE PRODUK] UPDATE PRODUCT EXPIRY [2298]
[ADMIN] [6/8/2017 00:43] [TAMBAH / UPDATE PRODUK] UPDATE PRODUCT EXPIRY [3321]
[ADMIN] [6/8/2017 00:43] [TAMBAH / UPDATE PRODUK] INSERT TO PRODUCT EXPIRY [30-06-2017]
[ADMIN] [6/8/2017 00:43] [TAMBAH / UPDATE PRODUK] UPDATE CURRENT PRODUCT DATA [ALPO-P1]
[ADMIN] [6/8/2017 00:43] [TAMBAH / UPDATE PRODUK] UPDATE PRODUCT CATEGORY FOR [ALPO-P1]
[ADMIN] [6/8/2017 00:43] [TAMBAH / UPDATE PRODUK] DELETE CURRENT PRODUCT CATEGORY FOR [ALPO-P1]
[ADMIN] [6/8/2017 00:43] [TAMBAH / UPDATE PRODUK] INSERT PRODUCT CATEGORY FOR [ALPO-P1]
[ADMIN] [6/8/2017 00:43] [] USER ID = 1LOGOUT
