[] [4/10/2017 13:18] [] USER = ANITA IS ACTIVE
[ANITA] [4/10/2017 13:18] [] USER ID = 2 LOGIN SUCCESSFULLY
[ANITA] [4/10/2017 13:18] [] DISPLAY CASHIER LOGIN FORM
[ANITA] [4/10/2017 13:18] [] DISPLAY CASHIER LOG SCREEN FOR CASHIER LOGIN
[ANITA] [4/10/2017 13:19] [] INSERT DATA FOR A NEW CASHIER SESSION, SA=100000
[ANITA] [4/10/2017 13:19] [] ACTIVATE USER ACCESS RIGHT
[ANITA] [4/10/2017 13:19] [] adminForm Load
[ANITA] [4/10/2017 13:19] [] ACTIVATE USER ACCESS RIGHT
[ANITA] [4/10/2017 13:19] [] DISPLAY CASHIER LOG SCREEN FOR CASHIER LOGOUT
[] [4/10/2017 13:23] [] USER = ADMIN IS ACTIVE
[ADMIN] [4/10/2017 13:23] [] USER ID = 1 LOGIN SUCCESSFULLY
[ADMIN] [4/10/2017 13:23] [] ACTIVATE USER ACCESS RIGHT
[ADMIN] [4/10/2017 13:23] [] DISPLAY ADMIN FORM
[ADMIN] [4/10/2017 13:23] [] adminForm Load
[ADMIN] [4/10/2017 13:23] [] ACTIVATE USER ACCESS RIGHT
[ADMIN] [4/10/2017 13:23] [] USER ID = 1LOGOUT
[ADMIN] [4/10/2017 13:23] [] USER = ANITA IS ACTIVE
[ANITA] [4/10/2017 13:23] [] USER ID = 2 LOGIN SUCCESSFULLY
[ANITA] [4/10/2017 13:23] [] DISPLAY CASHIER LOGIN FORM
[ANITA] [4/10/2017 13:23] [] DISPLAY CASHIER LOG SCREEN FOR CASHIER LOGOUT
[ANITA] [4/10/2017 13:23] [] CASHIER CONTINUE SESSION
[ANITA] [4/10/2017 13:23] [] ACTIVATE USER ACCESS RIGHT
[ANITA] [4/10/2017 13:23] [] adminForm Load
[ANITA] [4/10/2017 13:23] [] ACTIVATE USER ACCESS RIGHT
[ANITA] [4/10/2017 13:23] [] DISPLAY CASHIER LOG SCREEN FOR CASHIER LOGOUT
[ANITA] [4/10/2017 13:24] [] USER ID = 2LOGOUT
