[] [6/20/2017 14:25] [] USER = ADMIN IS ACTIVE
[ADMIN] [6/20/2017 14:25] [] USER ID = 1 LOGIN SUCCESSFULLY
[ADMIN] [6/20/2017 14:25] [] ACTIVATE USER ACCESS RIGHT
[ADMIN] [6/20/2017 14:25] [] DISPLAY ADMIN FORM
[ADMIN] [6/20/2017 14:25] [] adminForm Load
[ADMIN] [6/20/2017 14:25] [] ACTIVATE USER ACCESS RIGHT
[ADMIN] [6/20/2017 14:25] [] USER ID = 1LOGOUT
[] [6/22/2017 10:26] [] USER = ADMIN IS ACTIVE
[ADMIN] [6/22/2017 10:26] [] USER ID = 1 LOGIN SUCCESSFULLY
[ADMIN] [6/22/2017 10:26] [] ACTIVATE USER ACCESS RIGHT
[ADMIN] [6/22/2017 10:26] [] DISPLAY ADMIN FORM
[ADMIN] [6/22/2017 10:26] [] adminForm Load
[ADMIN] [6/22/2017 10:26] [] ACTIVATE USER ACCESS RIGHT
[ADMIN] [6/22/2017 10:27] [TAMBAH / UPDATE PRODUK] DETAIL PRODUK : detailGridView_CellValueChanged [status]
[ADMIN] [6/22/2017 10:27] [TAMBAH / UPDATE PRODUK] DETAIL PRODUK : detailGridView_CellValueChanged [status]
[ADMIN] [6/22/2017 10:32] [TAMBAH / UPDATE PRODUK] DETAIL PRODUK : detailGridView_CellValueChanged [status]
[ADMIN] [6/22/2017 10:32] [TAMBAH / UPDATE PRODUK] DETAIL PRODUK : detailGridView_CellValueChanged [status]
[ADMIN] [6/22/2017 10:32] [TAMBAH / UPDATE PRODUK] DETAIL PRODUK : detailGridView_CellValueChanged [status]
[ADMIN] [6/22/2017 10:32] [TAMBAH / UPDATE PRODUK] DETAIL PRODUK : detailGridView_CellValueChanged [status]
[ADMIN] [6/22/2017 10:32] [TAMBAH / UPDATE PRODUK] DETAIL PRODUK : detailGridView_CellValueChanged [status]
[ADMIN] [6/22/2017 10:32] [TAMBAH / UPDATE PRODUK] DETAIL PRODUK : detailGridView_CellValueChanged [status]
[ADMIN] [6/22/2017 10:32] [TAMBAH / UPDATE PRODUK] DETAIL PRODUK : detailGridView_CellValueChanged [status]
[ADMIN] [6/22/2017 10:32] [TAMBAH / UPDATE PRODUK] DETAIL PRODUK : detailGridView_CellValueChanged [status]
[ADMIN] [6/22/2017 10:32] [TAMBAH / UPDATE PRODUK] DETAIL PRODUK : detailGridView_CellValueChanged [status]
[ADMIN] [6/22/2017 10:32] [TAMBAH / UPDATE PRODUK] DETAIL PRODUK : detailGridView_CellValueChanged [status]
[ADMIN] [6/22/2017 10:32] [TAMBAH / UPDATE PRODUK] DETAIL PRODUK : detailGridView_CellValueChanged [status]
[ADMIN] [6/22/2017 10:32] [TAMBAH / UPDATE PRODUK] DETAIL PRODUK : detailGridView_CellValueChanged [status]
[ADMIN] [6/22/2017 10:32] [TAMBAH / UPDATE PRODUK] DETAIL PRODUK : detailGridView_CellValueChanged [status]
[ADMIN] [6/22/2017 10:32] [TAMBAH / UPDATE PRODUK] DETAIL PRODUK : detailGridView_CellValueChanged [status]
[ADMIN] [6/22/2017 10:32] [TAMBAH / UPDATE PRODUK] DETAIL PRODUK : detailGridView_CellValueChanged [status]
[ADMIN] [6/22/2017 10:32] [TAMBAH / UPDATE PRODUK] DETAIL PRODUK : detailGridView_CellValueChanged [status]
[ADMIN] [6/22/2017 10:32] [TAMBAH / UPDATE PRODUK] DETAIL PRODUK : detailGridView_CellValueChanged [status]
[ADMIN] [6/22/2017 10:32] [TAMBAH / UPDATE PRODUK] DETAIL PRODUK : detailGridView_CellValueChanged [status]
[ADMIN] [6/22/2017 10:32] [TAMBAH / UPDATE PRODUK] DETAIL PRODUK : detailGridView_CellValueChanged [lotID]
[ADMIN] [6/22/2017 10:32] [TAMBAH / UPDATE PRODUK] DETAIL PRODUK : detailGridView_CellValueChanged [status]
[ADMIN] [6/22/2017 10:32] [TAMBAH / UPDATE PRODUK] DETAIL PRODUK : detailGridView_CellValueChanged [qty]
[ADMIN] [6/22/2017 10:32] [TAMBAH / UPDATE PRODUK] DETAIL PRODUK : detailGridView_CellValueChanged [expiryDate]
[ADMIN] [6/22/2017 10:32] [TAMBAH / UPDATE PRODUK] DETAIL PRODUK : detailGridView_CellValueChanged [expiryDateValue]
[ADMIN] [6/22/2017 10:32] [TAMBAH / UPDATE PRODUK] DETAIL PRODUK : detailGridView_CellValueChanged [status]
[ADMIN] [6/22/2017 10:32] [TAMBAH / UPDATE PRODUK] DETAIL PRODUK : detailGridView_CellValueChanged [status]
[ADMIN] [6/22/2017 10:33] [TAMBAH / UPDATE PRODUK] deleteCurrentRow [2]
[] [6/22/2017 10:48] [] USER = ADMIN IS ACTIVE
[ADMIN] [6/22/2017 10:48] [] USER ID = 1 LOGIN SUCCESSFULLY
[ADMIN] [6/22/2017 10:48] [] ACTIVATE USER ACCESS RIGHT
[ADMIN] [6/22/2017 10:48] [] DISPLAY ADMIN FORM
[ADMIN] [6/22/2017 10:48] [] adminForm Load
[ADMIN] [6/22/2017 10:48] [] ACTIVATE USER ACCESS RIGHT
[ADMIN] [6/22/2017 10:51] [TAMBAH / UPDATE PRODUK] DETAIL PRODUK : detailGridView_CellValueChanged [status]
[ADMIN] [6/22/2017 10:51] [TAMBAH / UPDATE PRODUK] DETAIL PRODUK : detailGridView_CellValueChanged [status]
[ADMIN] [6/22/2017 10:51] [TAMBAH / UPDATE PRODUK] DETAIL PRODUK : detailGridView_CellValueChanged [status]
[ADMIN] [6/22/2017 10:51] [TAMBAH / UPDATE PRODUK] UPDATE PRODUCT EXPIRY [3275]
[ADMIN] [6/22/2017 10:51] [TAMBAH / UPDATE PRODUK] UPDATE PRODUCT EXPIRY [5048]
[ADMIN] [6/22/2017 10:51] [TAMBAH / UPDATE PRODUK] UPDATE PRODUCT EXPIRY [5150]
[ADMIN] [6/22/2017 10:51] [TAMBAH / UPDATE PRODUK] UPDATE CURRENT PRODUCT DATA [TOMMY-AD1]
[ADMIN] [6/22/2017 10:51] [TAMBAH / UPDATE PRODUK] UPDATE PRODUCT CATEGORY FOR [TOMMY-AD1]
[ADMIN] [6/22/2017 10:51] [TAMBAH / UPDATE PRODUK] DELETE CURRENT PRODUCT CATEGORY FOR [TOMMY-AD1]
[ADMIN] [6/22/2017 10:51] [TAMBAH / UPDATE PRODUK] INSERT PRODUCT CATEGORY FOR [TOMMY-AD1]
[ADMIN] [6/22/2017 10:52] [PECAH SATUAN PRODUK] REDUCE QTY [TOMMY-AD25] AMT [1]
[ADMIN] [6/22/2017 10:52] [PECAH SATUAN PRODUK] ADD QTY [TOMMY ADLT DOG 1 KG] AMT [50]
[ADMIN] [6/22/2017 10:52] [PECAH SATUAN PRODUK] REDUCE QTY [TOMMY-AD25] AMT [1]
[ADMIN] [6/22/2017 10:52] [PECAH SATUAN PRODUK] INSERT TO PRODUCT EXPIRY [TOMMY-AD1]
[ADMIN] [6/22/2017 10:52] [PECAH SATUAN PRODUK] ADD PRODUCT LOSS QTY [TOMMY-AD25] AMT [0]
[ADMIN] [6/22/2017 10:52] [TAMBAH / UPDATE PRODUK] DETAIL PRODUK : detailGridView_CellValueChanged [status]
[ADMIN] [6/22/2017 10:52] [TAMBAH / UPDATE PRODUK] DETAIL PRODUK : detailGridView_CellValueChanged [status]
[ADMIN] [6/22/2017 10:52] [TAMBAH / UPDATE PRODUK] UPDATE PRODUCT EXPIRY [3275]
[ADMIN] [6/22/2017 10:52] [TAMBAH / UPDATE PRODUK] UPDATE PRODUCT EXPIRY [5150]
[ADMIN] [6/22/2017 10:52] [TAMBAH / UPDATE PRODUK] UPDATE PRODUCT EXPIRY [5191]
[ADMIN] [6/22/2017 10:52] [TAMBAH / UPDATE PRODUK] UPDATE CURRENT PRODUCT DATA [TOMMY-AD1]
[ADMIN] [6/22/2017 10:52] [TAMBAH / UPDATE PRODUK] UPDATE PRODUCT CATEGORY FOR [TOMMY-AD1]
[ADMIN] [6/22/2017 10:52] [TAMBAH / UPDATE PRODUK] DELETE CURRENT PRODUCT CATEGORY FOR [TOMMY-AD1]
[ADMIN] [6/22/2017 10:52] [TAMBAH / UPDATE PRODUK] INSERT PRODUCT CATEGORY FOR [TOMMY-AD1]
[ADMIN] [6/22/2017 10:52] [TAMBAH / UPDATE PRODUK] INSERT NEW PRODUCT []
[ADMIN] [6/22/2017 10:52] [TAMBAH / UPDATE PRODUK] INSERT PRODUCT CATEGORY FOR []
[ADMIN] [6/22/2017 10:53] [TAMBAH / UPDATE PRODUK] DETAIL PRODUK : detailGridView_CellValueChanged [status]
[ADMIN] [6/22/2017 10:53] [TAMBAH / UPDATE PRODUK] DETAIL PRODUK : detailGridView_CellValueChanged [status]
[ADMIN] [6/22/2017 10:53] [TAMBAH / UPDATE PRODUK] UPDATE PRODUCT EXPIRY [3275]
[ADMIN] [6/22/2017 10:53] [TAMBAH / UPDATE PRODUK] UPDATE PRODUCT EXPIRY [5048]
[ADMIN] [6/22/2017 10:53] [TAMBAH / UPDATE PRODUK] UPDATE PRODUCT EXPIRY [5150]
[ADMIN] [6/22/2017 10:53] [TAMBAH / UPDATE PRODUK] UPDATE PRODUCT EXPIRY [5191]
[ADMIN] [6/22/2017 10:53] [TAMBAH / UPDATE PRODUK] UPDATE CURRENT PRODUCT DATA [TOMMY-AD1]
[ADMIN] [6/22/2017 10:53] [TAMBAH / UPDATE PRODUK] UPDATE PRODUCT CATEGORY FOR [TOMMY-AD1]
[ADMIN] [6/22/2017 10:53] [TAMBAH / UPDATE PRODUK] DELETE CURRENT PRODUCT CATEGORY FOR [TOMMY-AD1]
[ADMIN] [6/22/2017 10:53] [TAMBAH / UPDATE PRODUK] INSERT PRODUCT CATEGORY FOR [TOMMY-AD1]
[ADMIN] [6/22/2017 10:53] [TAMBAH / UPDATE PRODUK] DETAIL PRODUK : detailGridView_CellValueChanged [status]
[ADMIN] [6/22/2017 10:53] [TAMBAH / UPDATE PRODUK] UPDATE PRODUCT EXPIRY [3275]
[ADMIN] [6/22/2017 10:53] [TAMBAH / UPDATE PRODUK] UPDATE PRODUCT EXPIRY [5048]
[ADMIN] [6/22/2017 10:53] [TAMBAH / UPDATE PRODUK] UPDATE PRODUCT EXPIRY [5150]
[ADMIN] [6/22/2017 10:53] [TAMBAH / UPDATE PRODUK] UPDATE PRODUCT EXPIRY [5191]
[ADMIN] [6/22/2017 10:53] [TAMBAH / UPDATE PRODUK] UPDATE CURRENT PRODUCT DATA [TOMMY-AD1]
[ADMIN] [6/22/2017 10:53] [TAMBAH / UPDATE PRODUK] UPDATE PRODUCT CATEGORY FOR [TOMMY-AD1]
[ADMIN] [6/22/2017 10:53] [TAMBAH / UPDATE PRODUK] DELETE CURRENT PRODUCT CATEGORY FOR [TOMMY-AD1]
[ADMIN] [6/22/2017 10:53] [TAMBAH / UPDATE PRODUK] INSERT PRODUCT CATEGORY FOR [TOMMY-AD1]
[ADMIN] [6/22/2017 10:53] [] USER ID = 1LOGOUT
