[] [6/17/2017 01:23] [] USER = ADMIN IS ACTIVE
[ADMIN] [6/17/2017 01:23] [] USER ID = 1 LOGIN SUCCESSFULLY
[ADMIN] [6/17/2017 01:23] [] ACTIVATE USER ACCESS RIGHT
[ADMIN] [6/17/2017 01:23] [] DISPLAY ADMIN FORM
[ADMIN] [6/17/2017 01:23] [] adminForm Load
[ADMIN] [6/17/2017 01:23] [] ACTIVATE USER ACCESS RIGHT
[ADMIN] [6/17/2017 01:23] [TAMBAH TRANSAKSI HARIAN] LOAD DATA TRANSAKSI
[] [6/17/2017 01:26] [] USER = ADMIN IS ACTIVE
[ADMIN] [6/17/2017 01:26] [] USER ID = 1 LOGIN SUCCESSFULLY
[ADMIN] [6/17/2017 01:26] [] ACTIVATE USER ACCESS RIGHT
[ADMIN] [6/17/2017 01:26] [] DISPLAY ADMIN FORM
[ADMIN] [6/17/2017 01:26] [] adminForm Load
[ADMIN] [6/17/2017 01:26] [] ACTIVATE USER ACCESS RIGHT
[ADMIN] [6/17/2017 01:26] [TAMBAH TRANSAKSI HARIAN] LOAD DATA TRANSAKSI
[ADMIN] [6/17/2017 01:27] [TAMBAH TRANSAKSI HARIAN] ATTEMPT TO SAVE DATA TRANSAKSI JURNAL HARIAN
[ADMIN] [6/17/2017 01:27] [TAMBAH TRANSAKSI HARIAN] UPDATE DATA ON DAILY JOURNAL TABLE [1293]
[ADMIN] [6/17/2017 01:27] [TAMBAH TRANSAKSI HARIAN] UPDATE DATA ON DAILY JOURNAL TABLE [1294]
[ADMIN] [6/17/2017 01:27] [TAMBAH TRANSAKSI HARIAN] INSERT NEW DATA TO DAILY JOURNAL TABLE [11, -3333]
[ADMIN] [6/17/2017 01:27] [TAMBAH TRANSAKSI HARIAN] DATA TRANSAKSI JURNAL HARIAN SAVED
[ADMIN] [6/17/2017 01:27] [TAMBAH TRANSAKSI HARIAN] LOAD DATA TRANSAKSI
[ADMIN] [6/17/2017 01:33] [] USER ID = 1LOGOUT
