[] [4/10/2017 13:35] [] USER = ANITA IS ACTIVE
[ANITA] [4/10/2017 13:35] [] USER ID = 2 LOGIN SUCCESSFULLY
[ANITA] [4/10/2017 13:35] [] DISPLAY CASHIER LOGIN FORM
[ANITA] [4/10/2017 13:35] [] DISPLAY CASHIER LOG SCREEN FOR CASHIER LOGOUT
[ANITA] [4/10/2017 13:35] [] CASHIER CONTINUE SESSION
[ANITA] [4/10/2017 13:35] [] ACTIVATE USER ACCESS RIGHT
[ANITA] [4/10/2017 13:35] [] adminForm Load
[ANITA] [4/10/2017 13:35] [] ACTIVATE USER ACCESS RIGHT
[ANITA] [4/10/2017 13:35] [] DISPLAY CASHIER LOG SCREEN FOR CASHIER LOGOUT
[ANITA] [4/10/2017 13:36] [] UPDATE DATA FOR CASHIER END SESSION, EA=123000000, TC = 0, TN=0, TO=0
[ANITA] [4/10/2017 13:36] [] USER ID = 2LOGOUT
[ANITA] [4/10/2017 13:36] [] USER = ANITA IS ACTIVE
[ANITA] [4/10/2017 13:36] [] USER ID = 2 LOGIN SUCCESSFULLY
[ANITA] [4/10/2017 13:36] [] DISPLAY CASHIER LOGIN FORM
[ANITA] [4/10/2017 13:36] [] DISPLAY CASHIER LOG SCREEN FOR CASHIER LOGIN
[ANITA] [4/10/2017 13:36] [] USER ID = 2LOGOUT
[ANITA] [4/10/2017 13:36] [] USER = ANITA IS ACTIVE
[ANITA] [4/10/2017 13:36] [] USER ID = 2 LOGIN SUCCESSFULLY
[ANITA] [4/10/2017 13:36] [] DISPLAY CASHIER LOGIN FORM
[ANITA] [4/10/2017 13:36] [] DISPLAY CASHIER LOG SCREEN FOR CASHIER LOGIN
[] [4/10/2017 13:39] [] USER = ANITA IS ACTIVE
[ANITA] [4/10/2017 13:39] [] USER ID = 2 LOGIN SUCCESSFULLY
[ANITA] [4/10/2017 13:39] [] DISPLAY CASHIER LOGIN FORM
[ANITA] [4/10/2017 13:39] [] DISPLAY CASHIER LOG SCREEN FOR CASHIER LOGIN
[ANITA] [4/10/2017 13:39] [] INSERT DATA FOR A NEW CASHIER SESSION, SA=123000
[ANITA] [4/10/2017 13:39] [] ACTIVATE USER ACCESS RIGHT
[ANITA] [4/10/2017 13:39] [] adminForm Load
[ANITA] [4/10/2017 13:39] [] ACTIVATE USER ACCESS RIGHT
[ANITA] [4/10/2017 13:40] [] DISPLAY CASHIER LOG SCREEN FOR CASHIER LOGOUT
[ANITA] [4/10/2017 13:40] [] USER ID = 2LOGOUT
