[] [8/1/2017 15:08] [] USER = ADMIN IS ACTIVE
[ADMIN] [8/1/2017 15:08] [] USER ID = 1 LOGIN SUCCESSFULLY
[ADMIN] [8/1/2017 15:08] [] ACTIVATE USER ACCESS RIGHT
[ADMIN] [8/1/2017 15:08] [] DISPLAY ADMIN FORM
[ADMIN] [8/1/2017 15:08] [] adminForm Load
[ADMIN] [8/1/2017 15:08] [] ACTIVATE USER ACCESS RIGHT
[ADMIN] [8/1/2017 15:08] [PENJUALAN] CASHIER FORM : MULTIPLE CASHIER INSTANCE [1]
[ADMIN] [8/1/2017 15:08] [PENJUALAN] CASHIER FORM : REGISTER HOTKEY
[ADMIN] [8/1/2017 15:08] [PENJUALAN] CASHIER FORM : cashierForm_Load, ATTEMPT TO LOAD NO FAKTUR
[ADMIN] [8/1/2017 15:08] [PENJUALAN] CASHIER FORM : loadNoFaktur, noFakturValue [SLO001]
[ADMIN] [8/1/2017 15:08] [PENJUALAN] CASHIER FORM : cashierForm_Load, ATTEMPT TO addColumnToDataGrid
[ADMIN] [8/1/2017 15:08] [PENJUALAN] CASHIER FORM : UPDATE ROW NUMBER, TOTAL ROW [1]
[ADMIN] [8/1/2017 15:08] [PENJUALAN] CASHIER FORM : REGISTER HOTKEY
[ADMIN] [8/1/2017 15:08] [PENJUALAN] CASHIER FORM : Combobox_previewKeyDown, cashierDataGridView.CurrentCell.OwningColumn.Name  [productID]
[ADMIN] [8/1/2017 15:08] [PENJUALAN] CASHIER FORM : UPDATE ROW NUMBER, TOTAL ROW [2]
[ADMIN] [8/1/2017 15:08] [PENJUALAN] CASHIER FORM : cashierDataGridView_CellValueChanged [F8]
[ADMIN] [8/1/2017 15:08] [PENJUALAN] CASHIER FORM : cashierDataGridView_CellValueChanged [productID]
[ADMIN] [8/1/2017 15:08] [PENJUALAN] CASHIER FORM : Combobox_KeyUp, cashierDataGridView.CurrentCell.OwningColumn.Name  [productID]
[ADMIN] [8/1/2017 15:08] [PENJUALAN] CASHIER FORM : Combobox_previewKeyDown, cashierDataGridView.CurrentCell.OwningColumn.Name  [productID]
[ADMIN] [8/1/2017 15:08] [PENJUALAN] CASHIER FORM : cashierDataGridView_CellValueChanged [productID]
[ADMIN] [8/1/2017 15:08] [PENJUALAN] CASHIER FORM : Combobox_KeyUp, cashierDataGridView.CurrentCell.OwningColumn.Name  [productID]
[ADMIN] [8/1/2017 15:08] [PENJUALAN] CASHIER FORM : Combobox_previewKeyDown, cashierDataGridView.CurrentCell.OwningColumn.Name  [productID]
[ADMIN] [8/1/2017 15:08] [PENJUALAN] CASHIER FORM : cashierDataGridView_CellValueChanged [productID]
[ADMIN] [8/1/2017 15:08] [PENJUALAN] CASHIER FORM : Combobox_KeyUp, cashierDataGridView.CurrentCell.OwningColumn.Name  [productID]
[ADMIN] [8/1/2017 15:08] [PENJUALAN] CASHIER FORM : Combobox_previewKeyDown, cashierDataGridView.CurrentCell.OwningColumn.Name  [productID]
[ADMIN] [8/1/2017 15:08] [PENJUALAN] CASHIER FORM : cashierDataGridView_CellValueChanged [productID]
[ADMIN] [8/1/2017 15:08] [PENJUALAN] CASHIER FORM : Combobox_KeyUp, cashierDataGridView.CurrentCell.OwningColumn.Name  [productID]
[ADMIN] [8/1/2017 15:08] [PENJUALAN] CASHIER FORM : Combobox_previewKeyDown, cashierDataGridView.CurrentCell.OwningColumn.Name  [productID]
[ADMIN] [8/1/2017 15:08] [PENJUALAN] CASHIER FORM : UNREGISTER HOTKEY
[ADMIN] [8/1/2017 15:08] [PENJUALAN] CASHIER FORM : ADD NEW ROW FROM BARCODE [PRIME CHOICE ADLT DOG 1 KG]
[ADMIN] [8/1/2017 15:08] [PENJUALAN] CASHIER FORM : updateSomeRowContents
[ADMIN] [8/1/2017 15:08] [PENJUALAN] CASHIER FORM : cashierDataGridView_CellValueChanged [productID]
[ADMIN] [8/1/2017 15:08] [PENJUALAN] CASHIER FORM : cashierDataGridView_CellValueChanged [productName]
[ADMIN] [8/1/2017 15:08] [PENJUALAN] CASHIER FORM : updateSomeRowContents
[ADMIN] [8/1/2017 15:08] [PENJUALAN] CASHIER FORM : PRODUCT PRICE TYPE [PRODUCT_BASE_PRICE]
[ADMIN] [8/1/2017 15:08] [PENJUALAN] CASHIER FORM : PRODUCT PRICE [15000]
[ADMIN] [8/1/2017 15:08] [PENJUALAN] CASHIER FORM : ComboBox_SelectedIndexChanged, PRODUCT_BASE_PRICE [15000]
[ADMIN] [8/1/2017 15:08] [PENJUALAN] CASHIER FORM : cashierDataGridView_CellValueChanged [hpp]
[ADMIN] [8/1/2017 15:08] [PENJUALAN] CASHIER FORM : PRODUCT PRICE TYPE [PRODUCT_RETAIL_PRICE]
[ADMIN] [8/1/2017 15:08] [PENJUALAN] CASHIER FORM : PRODUCT PRICE [32000]
[ADMIN] [8/1/2017 15:08] [PENJUALAN] CASHIER FORM : ComboBox_SelectedIndexChanged, PRODUCT_SALES_PRICE [32000]
[ADMIN] [8/1/2017 15:08] [PENJUALAN] CASHIER FORM : cashierDataGridView_CellValueChanged [productPrice]
[ADMIN] [8/1/2017 15:08] [PENJUALAN] CASHIER FORM : cashierDataGridView_CellValueChanged, previousInput [0]
[ADMIN] [8/1/2017 15:08] [PENJUALAN] CASHIER FORM : cashierDataGridView_CellValueChanged, cellValue [32000]
[ADMIN] [8/1/2017 15:08] [PENJUALAN] CASHIER FORM : cashierDataGridView_CellValueChanged, dataGridViewTextBoxEditingControl.Text pass REGEX Checking
[ADMIN] [8/1/2017 15:08] [PENJUALAN] CASHIER FORM : CALCULATE SUBTOTAL
[ADMIN] [8/1/2017 15:08] [PENJUALAN] CASHIER FORM : SUBTOTAL [0]
[ADMIN] [8/1/2017 15:08] [PENJUALAN] CASHIER FORM : cashierDataGridView_CellValueChanged, subtotal value [0]
[ADMIN] [8/1/2017 15:08] [PENJUALAN] CASHIER FORM : cashierDataGridView_CellValueChanged, attempt to calculate total value
[ADMIN] [8/1/2017 15:08] [PENJUALAN] CASHIER FORM : calculateTotal
[ADMIN] [8/1/2017 15:08] [PENJUALAN] CASHIER FORM : calculateTotal [0]
[ADMIN] [8/1/2017 15:08] [PENJUALAN] CASHIER FORM : calculateTotal, totalAfterDisc [0]
[ADMIN] [8/1/2017 15:08] [PENJUALAN] CASHIER FORM : calculateChangeValue, bayarTextBox.Text [0]
[ADMIN] [8/1/2017 15:08] [PENJUALAN] CASHIER FORM : calculateChangeValue, sisaBayar [0]
[ADMIN] [8/1/2017 15:08] [PENJUALAN] CASHIER FORM : cashierDataGridView_CellValueChanged [qty]
[ADMIN] [8/1/2017 15:08] [PENJUALAN] CASHIER FORM : cashierDataGridView_CellValueChanged, previousInput [0]
[ADMIN] [8/1/2017 15:08] [PENJUALAN] CASHIER FORM : cashierDataGridView_CellValueChanged [jumlah]
[ADMIN] [8/1/2017 15:08] [PENJUALAN] CASHIER FORM : calculateTotal
[ADMIN] [8/1/2017 15:08] [PENJUALAN] CASHIER FORM : calculateTotal [0]
[ADMIN] [8/1/2017 15:08] [PENJUALAN] CASHIER FORM : calculateTotal, totalAfterDisc [0]
[ADMIN] [8/1/2017 15:08] [PENJUALAN] CASHIER FORM : calculateChangeValue, bayarTextBox.Text [0]
[ADMIN] [8/1/2017 15:08] [PENJUALAN] CASHIER FORM : calculateChangeValue, sisaBayar [0]
[ADMIN] [8/1/2017 15:08] [PENJUALAN] CASHIER FORM : CHECK STOCK QTY IS ENOUGH [PRIME-AD1]
[ADMIN] [8/1/2017 15:08] [PENJUALAN] CASHIER FORM : CHECK STOCK QTY IS ENOUGH [29, 1]
[ADMIN] [8/1/2017 15:08] [PENJUALAN] CASHIER FORM : cashierDataGridView_CellValueChanged [qty]
[ADMIN] [8/1/2017 15:08] [PENJUALAN] CASHIER FORM : cashierDataGridView_CellValueChanged, previousInput [0]
[ADMIN] [8/1/2017 15:08] [PENJUALAN] CASHIER FORM : cashierDataGridView_CellValueChanged, cellValue [1]
[ADMIN] [8/1/2017 15:08] [PENJUALAN] CASHIER FORM : cashierDataGridView_CellValueChanged, dataGridViewTextBoxEditingControl.Text pass REGEX Checking
[ADMIN] [8/1/2017 15:08] [PENJUALAN] CASHIER FORM : CHECK STOCK QTY IS ENOUGH [PRIME-AD1]
[ADMIN] [8/1/2017 15:08] [PENJUALAN] CASHIER FORM : CHECK STOCK QTY IS ENOUGH [29, 1]
[ADMIN] [8/1/2017 15:08] [PENJUALAN] CASHIER FORM : CALCULATE SUBTOTAL
[ADMIN] [8/1/2017 15:08] [PENJUALAN] CASHIER FORM : SUBTOTAL [32000]
[ADMIN] [8/1/2017 15:08] [PENJUALAN] CASHIER FORM : cashierDataGridView_CellValueChanged, subtotal value [32000]
[ADMIN] [8/1/2017 15:08] [PENJUALAN] CASHIER FORM : cashierDataGridView_CellValueChanged, attempt to calculate total value
[ADMIN] [8/1/2017 15:08] [PENJUALAN] CASHIER FORM : calculateTotal
[ADMIN] [8/1/2017 15:08] [PENJUALAN] CASHIER FORM : calculateTotal [32000]
[ADMIN] [8/1/2017 15:08] [PENJUALAN] CASHIER FORM : calculateTotal, totalAfterDisc [32000]
[ADMIN] [8/1/2017 15:08] [PENJUALAN] CASHIER FORM : calculateChangeValue, bayarTextBox.Text [0]
[ADMIN] [8/1/2017 15:08] [PENJUALAN] CASHIER FORM : calculateChangeValue, sisaBayar [0]
[ADMIN] [8/1/2017 15:08] [PENJUALAN] CASHIER FORM : SET QTY TO 1 BECAUSE OF NEW ROW
[ADMIN] [8/1/2017 15:08] [PENJUALAN] CASHIER FORM : CALCULATE SUBTOTAL
[ADMIN] [8/1/2017 15:08] [PENJUALAN] CASHIER FORM : SUBTOTAL [32000]
[ADMIN] [8/1/2017 15:08] [PENJUALAN] CASHIER FORM : calculateTotal
[ADMIN] [8/1/2017 15:08] [PENJUALAN] CASHIER FORM : calculateTotal [32000]
[ADMIN] [8/1/2017 15:08] [PENJUALAN] CASHIER FORM : calculateTotal, totalAfterDisc [32000]
[ADMIN] [8/1/2017 15:08] [PENJUALAN] CASHIER FORM : calculateChangeValue, bayarTextBox.Text [0]
[ADMIN] [8/1/2017 15:08] [PENJUALAN] CASHIER FORM : calculateChangeValue, sisaBayar [0]
[ADMIN] [8/1/2017 15:08] [PENJUALAN] CASHIER FORM : UPDATE ROW NUMBER, TOTAL ROW [2]
[ADMIN] [8/1/2017 15:08] [PENJUALAN] CASHIER FORM : cashierDataGridView_CellValueChanged [F8]
[ADMIN] [8/1/2017 15:08] [PENJUALAN] CASHIER FORM : REGISTER HOTKEY
[ADMIN] [8/1/2017 15:08] [PENJUALAN] CASHIER FORM : cashierDataGridView_CellValueChanged [qty]
[ADMIN] [8/1/2017 15:08] [PENJUALAN] CASHIER FORM : cashierDataGridView_CellValueChanged, previousInput [1]
[ADMIN] [8/1/2017 15:08] [PENJUALAN] CASHIER FORM : cashierDataGridView_CellValueChanged, dataGridViewTextBoxEditingControl.Text pass REGEX Checking
[ADMIN] [8/1/2017 15:08] [PENJUALAN] CASHIER FORM : CHECK STOCK QTY IS ENOUGH [PRIME-AD1]
[ADMIN] [8/1/2017 15:08] [PENJUALAN] CASHIER FORM : CHECK STOCK QTY IS ENOUGH [29, 5]
[ADMIN] [8/1/2017 15:08] [PENJUALAN] CASHIER FORM : CALCULATE SUBTOTAL
[ADMIN] [8/1/2017 15:08] [PENJUALAN] CASHIER FORM : SUBTOTAL [160000]
[ADMIN] [8/1/2017 15:08] [PENJUALAN] CASHIER FORM : cashierDataGridView_CellValueChanged, subtotal value [160000]
[ADMIN] [8/1/2017 15:08] [PENJUALAN] CASHIER FORM : cashierDataGridView_CellValueChanged, attempt to calculate total value
[ADMIN] [8/1/2017 15:08] [PENJUALAN] CASHIER FORM : calculateTotal
[ADMIN] [8/1/2017 15:08] [PENJUALAN] CASHIER FORM : calculateTotal [160000]
[ADMIN] [8/1/2017 15:08] [PENJUALAN] CASHIER FORM : calculateTotal, totalAfterDisc [160000]
[ADMIN] [8/1/2017 15:08] [PENJUALAN] CASHIER FORM : calculateChangeValue, bayarTextBox.Text [0]
[ADMIN] [8/1/2017 15:08] [PENJUALAN] CASHIER FORM : calculateChangeValue, sisaBayar [0]
[ADMIN] [8/1/2017 15:08] [PENJUALAN] CASHIER FORM : Combobox_KeyUp, cashierDataGridView.CurrentCell.OwningColumn.Name  [qty]
[ADMIN] [8/1/2017 15:08] [PENJUALAN] CASHIER FORM : Combobox_previewKeyDown, cashierDataGridView.CurrentCell.OwningColumn.Name  [productID]
[ADMIN] [8/1/2017 15:08] [PENJUALAN] CASHIER FORM : UPDATE ROW NUMBER, TOTAL ROW [3]
[ADMIN] [8/1/2017 15:08] [PENJUALAN] CASHIER FORM : cashierDataGridView_CellValueChanged [F8]
[ADMIN] [8/1/2017 15:08] [PENJUALAN] CASHIER FORM : cashierDataGridView_CellValueChanged [productID]
[ADMIN] [8/1/2017 15:08] [PENJUALAN] CASHIER FORM : Combobox_KeyUp, cashierDataGridView.CurrentCell.OwningColumn.Name  [productID]
[ADMIN] [8/1/2017 15:08] [PENJUALAN] CASHIER FORM : Combobox_KeyUp, cashierDataGridView.CurrentCell.OwningColumn.Name  [productID]
[ADMIN] [8/1/2017 15:08] [PENJUALAN] CASHIER FORM : Combobox_previewKeyDown, cashierDataGridView.CurrentCell.OwningColumn.Name  [productID]
[ADMIN] [8/1/2017 15:08] [PENJUALAN] CASHIER FORM : cashierDataGridView_CellValueChanged [productID]
[ADMIN] [8/1/2017 15:08] [PENJUALAN] CASHIER FORM : Combobox_KeyUp, cashierDataGridView.CurrentCell.OwningColumn.Name  [productID]
[ADMIN] [8/1/2017 15:08] [PENJUALAN] CASHIER FORM : Combobox_KeyUp, cashierDataGridView.CurrentCell.OwningColumn.Name  [productID]
[ADMIN] [8/1/2017 15:08] [PENJUALAN] CASHIER FORM : Combobox_previewKeyDown, cashierDataGridView.CurrentCell.OwningColumn.Name  [productID]
[ADMIN] [8/1/2017 15:08] [PENJUALAN] CASHIER FORM : cashierDataGridView_CellValueChanged [productID]
[ADMIN] [8/1/2017 15:08] [PENJUALAN] CASHIER FORM : Combobox_KeyUp, cashierDataGridView.CurrentCell.OwningColumn.Name  [productID]
[ADMIN] [8/1/2017 15:08] [PENJUALAN] CASHIER FORM : Combobox_KeyUp, cashierDataGridView.CurrentCell.OwningColumn.Name  [productID]
[ADMIN] [8/1/2017 15:08] [PENJUALAN] CASHIER FORM : Combobox_previewKeyDown, cashierDataGridView.CurrentCell.OwningColumn.Name  [productID]
[ADMIN] [8/1/2017 15:08] [PENJUALAN] CASHIER FORM : cashierDataGridView_CellValueChanged [productID]
[ADMIN] [8/1/2017 15:08] [PENJUALAN] CASHIER FORM : Combobox_KeyUp, cashierDataGridView.CurrentCell.OwningColumn.Name  [productID]
[ADMIN] [8/1/2017 15:08] [PENJUALAN] CASHIER FORM : Combobox_KeyUp, cashierDataGridView.CurrentCell.OwningColumn.Name  [productID]
[ADMIN] [8/1/2017 15:08] [PENJUALAN] CASHIER FORM : Combobox_previewKeyDown, cashierDataGridView.CurrentCell.OwningColumn.Name  [productID]
[ADMIN] [8/1/2017 15:08] [PENJUALAN] CASHIER FORM : cashierDataGridView_CellValueChanged [productID]
[ADMIN] [8/1/2017 15:09] [PENJUALAN] CASHIER FORM : Combobox_KeyUp, cashierDataGridView.CurrentCell.OwningColumn.Name  [productID]
[ADMIN] [8/1/2017 15:09] [PENJUALAN] CASHIER FORM : Combobox_KeyUp, cashierDataGridView.CurrentCell.OwningColumn.Name  [productID]
[ADMIN] [8/1/2017 15:09] [PENJUALAN] CASHIER FORM : Combobox_previewKeyDown, cashierDataGridView.CurrentCell.OwningColumn.Name  [productID]
[ADMIN] [8/1/2017 15:09] [PENJUALAN] CASHIER FORM : UNREGISTER HOTKEY
[ADMIN] [8/1/2017 15:09] [PENJUALAN] CASHIER FORM : ADD NEW ROW FROM BARCODE [PRIME CHOICE ADLT DOG 1 KG]
[ADMIN] [8/1/2017 15:09] [PENJUALAN] CASHIER FORM : updateSomeRowContents
[ADMIN] [8/1/2017 15:09] [PENJUALAN] CASHIER FORM : cashierDataGridView_CellValueChanged [productID]
[ADMIN] [8/1/2017 15:09] [PENJUALAN] CASHIER FORM : cashierDataGridView_CellValueChanged [productName]
[ADMIN] [8/1/2017 15:09] [PENJUALAN] CASHIER FORM : updateSomeRowContents
[ADMIN] [8/1/2017 15:09] [PENJUALAN] CASHIER FORM : PRODUCT PRICE TYPE [PRODUCT_BASE_PRICE]
[ADMIN] [8/1/2017 15:09] [PENJUALAN] CASHIER FORM : PRODUCT PRICE [15000]
[ADMIN] [8/1/2017 15:09] [PENJUALAN] CASHIER FORM : ComboBox_SelectedIndexChanged, PRODUCT_BASE_PRICE [15000]
[ADMIN] [8/1/2017 15:09] [PENJUALAN] CASHIER FORM : cashierDataGridView_CellValueChanged [hpp]
[ADMIN] [8/1/2017 15:09] [PENJUALAN] CASHIER FORM : PRODUCT PRICE TYPE [PRODUCT_RETAIL_PRICE]
[ADMIN] [8/1/2017 15:09] [PENJUALAN] CASHIER FORM : PRODUCT PRICE [32000]
[ADMIN] [8/1/2017 15:09] [PENJUALAN] CASHIER FORM : ComboBox_SelectedIndexChanged, PRODUCT_SALES_PRICE [32000]
[ADMIN] [8/1/2017 15:09] [PENJUALAN] CASHIER FORM : cashierDataGridView_CellValueChanged [productPrice]
[ADMIN] [8/1/2017 15:09] [PENJUALAN] CASHIER FORM : cashierDataGridView_CellValueChanged, previousInput [0]
[ADMIN] [8/1/2017 15:09] [PENJUALAN] CASHIER FORM : cashierDataGridView_CellValueChanged, cellValue [32000]
[ADMIN] [8/1/2017 15:09] [PENJUALAN] CASHIER FORM : cashierDataGridView_CellValueChanged, dataGridViewTextBoxEditingControl.Text pass REGEX Checking
[ADMIN] [8/1/2017 15:09] [PENJUALAN] CASHIER FORM : CALCULATE SUBTOTAL
[ADMIN] [8/1/2017 15:09] [PENJUALAN] CASHIER FORM : SUBTOTAL [0]
[ADMIN] [8/1/2017 15:09] [PENJUALAN] CASHIER FORM : cashierDataGridView_CellValueChanged, subtotal value [0]
[ADMIN] [8/1/2017 15:09] [PENJUALAN] CASHIER FORM : cashierDataGridView_CellValueChanged, attempt to calculate total value
[ADMIN] [8/1/2017 15:09] [PENJUALAN] CASHIER FORM : calculateTotal
[ADMIN] [8/1/2017 15:09] [PENJUALAN] CASHIER FORM : calculateTotal [160000]
[ADMIN] [8/1/2017 15:09] [PENJUALAN] CASHIER FORM : calculateTotal, totalAfterDisc [160000]
[ADMIN] [8/1/2017 15:09] [PENJUALAN] CASHIER FORM : calculateChangeValue, bayarTextBox.Text [0]
[ADMIN] [8/1/2017 15:09] [PENJUALAN] CASHIER FORM : calculateChangeValue, sisaBayar [0]
[ADMIN] [8/1/2017 15:09] [PENJUALAN] CASHIER FORM : cashierDataGridView_CellValueChanged [qty]
[ADMIN] [8/1/2017 15:09] [PENJUALAN] CASHIER FORM : cashierDataGridView_CellValueChanged, previousInput [0]
[ADMIN] [8/1/2017 15:09] [PENJUALAN] CASHIER FORM : cashierDataGridView_CellValueChanged [jumlah]
[ADMIN] [8/1/2017 15:09] [PENJUALAN] CASHIER FORM : calculateTotal
[ADMIN] [8/1/2017 15:09] [PENJUALAN] CASHIER FORM : calculateTotal [160000]
[ADMIN] [8/1/2017 15:09] [PENJUALAN] CASHIER FORM : calculateTotal, totalAfterDisc [160000]
[ADMIN] [8/1/2017 15:09] [PENJUALAN] CASHIER FORM : calculateChangeValue, bayarTextBox.Text [0]
[ADMIN] [8/1/2017 15:09] [PENJUALAN] CASHIER FORM : calculateChangeValue, sisaBayar [0]
[ADMIN] [8/1/2017 15:09] [PENJUALAN] CASHIER FORM : CHECK STOCK QTY IS ENOUGH [PRIME-AD1]
[ADMIN] [8/1/2017 15:09] [PENJUALAN] CASHIER FORM : CHECK STOCK QTY IS ENOUGH [29, 1]
[ADMIN] [8/1/2017 15:09] [PENJUALAN] CASHIER FORM : cashierDataGridView_CellValueChanged [qty]
[ADMIN] [8/1/2017 15:09] [PENJUALAN] CASHIER FORM : cashierDataGridView_CellValueChanged, previousInput [0]
[ADMIN] [8/1/2017 15:09] [PENJUALAN] CASHIER FORM : cashierDataGridView_CellValueChanged, cellValue [1]
[ADMIN] [8/1/2017 15:09] [PENJUALAN] CASHIER FORM : cashierDataGridView_CellValueChanged, dataGridViewTextBoxEditingControl.Text pass REGEX Checking
[ADMIN] [8/1/2017 15:09] [PENJUALAN] CASHIER FORM : CHECK STOCK QTY IS ENOUGH [PRIME-AD1]
[ADMIN] [8/1/2017 15:09] [PENJUALAN] CASHIER FORM : CHECK STOCK QTY IS ENOUGH [29, 1]
[ADMIN] [8/1/2017 15:09] [PENJUALAN] CASHIER FORM : CALCULATE SUBTOTAL
[ADMIN] [8/1/2017 15:09] [PENJUALAN] CASHIER FORM : SUBTOTAL [32000]
[ADMIN] [8/1/2017 15:09] [PENJUALAN] CASHIER FORM : cashierDataGridView_CellValueChanged, subtotal value [32000]
[ADMIN] [8/1/2017 15:09] [PENJUALAN] CASHIER FORM : cashierDataGridView_CellValueChanged, attempt to calculate total value
[ADMIN] [8/1/2017 15:09] [PENJUALAN] CASHIER FORM : calculateTotal
[ADMIN] [8/1/2017 15:09] [PENJUALAN] CASHIER FORM : calculateTotal [192000]
[ADMIN] [8/1/2017 15:09] [PENJUALAN] CASHIER FORM : calculateTotal, totalAfterDisc [192000]
[ADMIN] [8/1/2017 15:09] [PENJUALAN] CASHIER FORM : calculateChangeValue, bayarTextBox.Text [0]
[ADMIN] [8/1/2017 15:09] [PENJUALAN] CASHIER FORM : calculateChangeValue, sisaBayar [0]
[ADMIN] [8/1/2017 15:09] [PENJUALAN] CASHIER FORM : SET QTY TO 1 BECAUSE OF NEW ROW
[ADMIN] [8/1/2017 15:09] [PENJUALAN] CASHIER FORM : CALCULATE SUBTOTAL
[ADMIN] [8/1/2017 15:09] [PENJUALAN] CASHIER FORM : SUBTOTAL [32000]
[ADMIN] [8/1/2017 15:09] [PENJUALAN] CASHIER FORM : calculateTotal
[ADMIN] [8/1/2017 15:09] [PENJUALAN] CASHIER FORM : calculateTotal [192000]
[ADMIN] [8/1/2017 15:09] [PENJUALAN] CASHIER FORM : calculateTotal, totalAfterDisc [192000]
[ADMIN] [8/1/2017 15:09] [PENJUALAN] CASHIER FORM : calculateChangeValue, bayarTextBox.Text [0]
[ADMIN] [8/1/2017 15:09] [PENJUALAN] CASHIER FORM : calculateChangeValue, sisaBayar [0]
[ADMIN] [8/1/2017 15:09] [PENJUALAN] CASHIER FORM : UPDATE ROW NUMBER, TOTAL ROW [3]
[ADMIN] [8/1/2017 15:09] [PENJUALAN] CASHIER FORM : cashierDataGridView_CellValueChanged [F8]
[ADMIN] [8/1/2017 15:09] [PENJUALAN] CASHIER FORM : REGISTER HOTKEY
[ADMIN] [8/1/2017 15:09] [PENJUALAN] CASHIER FORM : cashierDataGridView_CellValueChanged [disc1]
[ADMIN] [8/1/2017 15:09] [PENJUALAN] CASHIER FORM : cashierDataGridView_CellValueChanged, previousInput [0]
[ADMIN] [8/1/2017 15:09] [PENJUALAN] CASHIER FORM : cashierDataGridView_CellValueChanged, cellValue [1]
[ADMIN] [8/1/2017 15:09] [PENJUALAN] CASHIER FORM : cashierDataGridView_CellValueChanged, dataGridViewTextBoxEditingControl.Text pass REGEX Checking
[ADMIN] [8/1/2017 15:09] [PENJUALAN] CASHIER FORM : CALCULATE SUBTOTAL
[ADMIN] [8/1/2017 15:09] [PENJUALAN] CASHIER FORM : SUBTOTAL [31680]
[ADMIN] [8/1/2017 15:09] [PENJUALAN] CASHIER FORM : cashierDataGridView_CellValueChanged, subtotal value [31680]
[ADMIN] [8/1/2017 15:09] [PENJUALAN] CASHIER FORM : cashierDataGridView_CellValueChanged, attempt to calculate total value
[ADMIN] [8/1/2017 15:09] [PENJUALAN] CASHIER FORM : calculateTotal
[ADMIN] [8/1/2017 15:09] [PENJUALAN] CASHIER FORM : calculateTotal [191680]
[ADMIN] [8/1/2017 15:09] [PENJUALAN] CASHIER FORM : calculateTotal, totalAfterDisc [191680]
[ADMIN] [8/1/2017 15:09] [PENJUALAN] CASHIER FORM : calculateChangeValue, bayarTextBox.Text [0]
[ADMIN] [8/1/2017 15:09] [PENJUALAN] CASHIER FORM : calculateChangeValue, sisaBayar [0]
[ADMIN] [8/1/2017 15:09] [PENJUALAN] CASHIER FORM : Combobox_KeyUp, cashierDataGridView.CurrentCell.OwningColumn.Name  [disc1]
[ADMIN] [8/1/2017 15:09] [PENJUALAN] CASHIER FORM : Combobox_KeyUp, cashierDataGridView.CurrentCell.OwningColumn.Name  [disc1]
[ADMIN] [8/1/2017 15:09] [PENJUALAN] CASHIER FORM : cashierDataGridView_CellValueChanged [disc1]
[ADMIN] [8/1/2017 15:09] [PENJUALAN] CASHIER FORM : cashierDataGridView_CellValueChanged, previousInput [1]
[ADMIN] [8/1/2017 15:09] [PENJUALAN] CASHIER FORM : cashierDataGridView_CellValueChanged, dataGridViewTextBoxEditingControl.Text pass REGEX Checking
[ADMIN] [8/1/2017 15:09] [PENJUALAN] CASHIER FORM : CALCULATE SUBTOTAL
[ADMIN] [8/1/2017 15:09] [PENJUALAN] CASHIER FORM : SUBTOTAL [28800]
[ADMIN] [8/1/2017 15:09] [PENJUALAN] CASHIER FORM : cashierDataGridView_CellValueChanged, subtotal value [28800]
[ADMIN] [8/1/2017 15:09] [PENJUALAN] CASHIER FORM : cashierDataGridView_CellValueChanged, attempt to calculate total value
[ADMIN] [8/1/2017 15:09] [PENJUALAN] CASHIER FORM : calculateTotal
[ADMIN] [8/1/2017 15:09] [PENJUALAN] CASHIER FORM : calculateTotal [188800]
[ADMIN] [8/1/2017 15:09] [PENJUALAN] CASHIER FORM : calculateTotal, totalAfterDisc [188800]
[ADMIN] [8/1/2017 15:09] [PENJUALAN] CASHIER FORM : calculateChangeValue, bayarTextBox.Text [0]
[ADMIN] [8/1/2017 15:09] [PENJUALAN] CASHIER FORM : calculateChangeValue, sisaBayar [0]
[ADMIN] [8/1/2017 15:09] [PENJUALAN] CASHIER FORM : Combobox_KeyUp, cashierDataGridView.CurrentCell.OwningColumn.Name  [disc1]
[ADMIN] [8/1/2017 15:09] [PENJUALAN] CASHIER FORM : Combobox_KeyUp, cashierDataGridView.CurrentCell.OwningColumn.Name  [disc1]
[ADMIN] [8/1/2017 15:09] [PENJUALAN] CASHIER FORM : cashierDataGridView_CellValueChanged [disc1]
[ADMIN] [8/1/2017 15:09] [PENJUALAN] CASHIER FORM : cashierDataGridView_CellValueChanged, previousInput [10]
[ADMIN] [8/1/2017 15:09] [PENJUALAN] CASHIER FORM : cashierDataGridView_CellValueChanged, dataGridViewTextBoxEditingControl.Text pass REGEX Checking
[ADMIN] [8/1/2017 15:09] [PENJUALAN] CASHIER FORM : CALCULATE SUBTOTAL
[ADMIN] [8/1/2017 15:09] [PENJUALAN] CASHIER FORM : SUBTOTAL [0]
[ADMIN] [8/1/2017 15:09] [PENJUALAN] CASHIER FORM : cashierDataGridView_CellValueChanged, subtotal value [0]
[ADMIN] [8/1/2017 15:09] [PENJUALAN] CASHIER FORM : cashierDataGridView_CellValueChanged, attempt to calculate total value
[ADMIN] [8/1/2017 15:09] [PENJUALAN] CASHIER FORM : calculateTotal
[ADMIN] [8/1/2017 15:09] [PENJUALAN] CASHIER FORM : calculateTotal [160000]
[ADMIN] [8/1/2017 15:09] [PENJUALAN] CASHIER FORM : calculateTotal, totalAfterDisc [160000]
[ADMIN] [8/1/2017 15:09] [PENJUALAN] CASHIER FORM : calculateChangeValue, bayarTextBox.Text [0]
[ADMIN] [8/1/2017 15:09] [PENJUALAN] CASHIER FORM : calculateChangeValue, sisaBayar [0]
[ADMIN] [8/1/2017 15:09] [PENJUALAN] CASHIER FORM : Combobox_KeyUp, cashierDataGridView.CurrentCell.OwningColumn.Name  [disc1]
[ADMIN] [8/1/2017 15:09] [PENJUALAN] CASHIER FORM : Combobox_KeyUp, cashierDataGridView.CurrentCell.OwningColumn.Name  [disc1]
[ADMIN] [8/1/2017 15:09] [PENJUALAN] CASHIER FORM : Combobox_previewKeyDown, cashierDataGridView.CurrentCell.OwningColumn.Name  [productID]
[ADMIN] [8/1/2017 15:09] [PENJUALAN] CASHIER FORM : UPDATE ROW NUMBER, TOTAL ROW [4]
[ADMIN] [8/1/2017 15:09] [PENJUALAN] CASHIER FORM : cashierDataGridView_CellValueChanged [F8]
[ADMIN] [8/1/2017 15:09] [PENJUALAN] CASHIER FORM : cashierDataGridView_CellValueChanged [productID]
[ADMIN] [8/1/2017 15:09] [PENJUALAN] CASHIER FORM : Combobox_KeyUp, cashierDataGridView.CurrentCell.OwningColumn.Name  [productID]
[ADMIN] [8/1/2017 15:09] [PENJUALAN] CASHIER FORM : Combobox_KeyUp, cashierDataGridView.CurrentCell.OwningColumn.Name  [productID]
[ADMIN] [8/1/2017 15:09] [PENJUALAN] CASHIER FORM : Combobox_KeyUp, cashierDataGridView.CurrentCell.OwningColumn.Name  [productID]
[ADMIN] [8/1/2017 15:09] [PENJUALAN] CASHIER FORM : Combobox_previewKeyDown, cashierDataGridView.CurrentCell.OwningColumn.Name  [productID]
[ADMIN] [8/1/2017 15:09] [PENJUALAN] CASHIER FORM : UNREGISTER HOTKEY
[ADMIN] [8/1/2017 15:09] [PENJUALAN] CASHIER FORM : ADD NEW ROW FROM BARCODE [FRM-04PB KANDANG]
[ADMIN] [8/1/2017 15:09] [PENJUALAN] CASHIER FORM : updateSomeRowContents
[ADMIN] [8/1/2017 15:09] [PENJUALAN] CASHIER FORM : cashierDataGridView_CellValueChanged [productID]
[ADMIN] [8/1/2017 15:09] [PENJUALAN] CASHIER FORM : cashierDataGridView_CellValueChanged [productName]
[ADMIN] [8/1/2017 15:09] [PENJUALAN] CASHIER FORM : updateSomeRowContents
[ADMIN] [8/1/2017 15:09] [PENJUALAN] CASHIER FORM : PRODUCT PRICE TYPE [PRODUCT_BASE_PRICE]
[ADMIN] [8/1/2017 15:09] [PENJUALAN] CASHIER FORM : PRODUCT PRICE [860000]
[ADMIN] [8/1/2017 15:09] [PENJUALAN] CASHIER FORM : ComboBox_SelectedIndexChanged, PRODUCT_BASE_PRICE [860000]
[ADMIN] [8/1/2017 15:09] [PENJUALAN] CASHIER FORM : cashierDataGridView_CellValueChanged [hpp]
[ADMIN] [8/1/2017 15:09] [PENJUALAN] CASHIER FORM : PRODUCT PRICE TYPE [PRODUCT_RETAIL_PRICE]
[ADMIN] [8/1/2017 15:09] [PENJUALAN] CASHIER FORM : PRODUCT PRICE [1230000]
[ADMIN] [8/1/2017 15:09] [PENJUALAN] CASHIER FORM : ComboBox_SelectedIndexChanged, PRODUCT_SALES_PRICE [1230000]
[ADMIN] [8/1/2017 15:09] [PENJUALAN] CASHIER FORM : cashierDataGridView_CellValueChanged [productPrice]
[ADMIN] [8/1/2017 15:09] [PENJUALAN] CASHIER FORM : cashierDataGridView_CellValueChanged, previousInput [0]
[ADMIN] [8/1/2017 15:09] [PENJUALAN] CASHIER FORM : cashierDataGridView_CellValueChanged, cellValue [1230000]
[ADMIN] [8/1/2017 15:09] [PENJUALAN] CASHIER FORM : cashierDataGridView_CellValueChanged, dataGridViewTextBoxEditingControl.Text pass REGEX Checking
[ADMIN] [8/1/2017 15:09] [PENJUALAN] CASHIER FORM : CALCULATE SUBTOTAL
[ADMIN] [8/1/2017 15:09] [PENJUALAN] CASHIER FORM : SUBTOTAL [0]
[ADMIN] [8/1/2017 15:09] [PENJUALAN] CASHIER FORM : cashierDataGridView_CellValueChanged, subtotal value [0]
[ADMIN] [8/1/2017 15:09] [PENJUALAN] CASHIER FORM : cashierDataGridView_CellValueChanged, attempt to calculate total value
[ADMIN] [8/1/2017 15:09] [PENJUALAN] CASHIER FORM : calculateTotal
[ADMIN] [8/1/2017 15:09] [PENJUALAN] CASHIER FORM : calculateTotal [160000]
[ADMIN] [8/1/2017 15:09] [PENJUALAN] CASHIER FORM : calculateTotal, totalAfterDisc [160000]
[ADMIN] [8/1/2017 15:09] [PENJUALAN] CASHIER FORM : calculateChangeValue, bayarTextBox.Text [0]
[ADMIN] [8/1/2017 15:09] [PENJUALAN] CASHIER FORM : calculateChangeValue, sisaBayar [0]
[ADMIN] [8/1/2017 15:09] [PENJUALAN] CASHIER FORM : cashierDataGridView_CellValueChanged [qty]
[ADMIN] [8/1/2017 15:09] [PENJUALAN] CASHIER FORM : cashierDataGridView_CellValueChanged, previousInput [0]
[ADMIN] [8/1/2017 15:09] [PENJUALAN] CASHIER FORM : cashierDataGridView_CellValueChanged [jumlah]
[ADMIN] [8/1/2017 15:09] [PENJUALAN] CASHIER FORM : calculateTotal
[ADMIN] [8/1/2017 15:09] [PENJUALAN] CASHIER FORM : calculateTotal [160000]
[ADMIN] [8/1/2017 15:09] [PENJUALAN] CASHIER FORM : calculateTotal, totalAfterDisc [160000]
[ADMIN] [8/1/2017 15:09] [PENJUALAN] CASHIER FORM : calculateChangeValue, bayarTextBox.Text [0]
[ADMIN] [8/1/2017 15:09] [PENJUALAN] CASHIER FORM : calculateChangeValue, sisaBayar [0]
[ADMIN] [8/1/2017 15:09] [PENJUALAN] CASHIER FORM : CHECK STOCK QTY IS ENOUGH [FRM-04PB]
[ADMIN] [8/1/2017 15:09] [PENJUALAN] CASHIER FORM : CHECK STOCK QTY IS ENOUGH [5, 1]
[ADMIN] [8/1/2017 15:09] [PENJUALAN] CASHIER FORM : cashierDataGridView_CellValueChanged [qty]
[ADMIN] [8/1/2017 15:09] [PENJUALAN] CASHIER FORM : cashierDataGridView_CellValueChanged, previousInput [0]
[ADMIN] [8/1/2017 15:09] [PENJUALAN] CASHIER FORM : cashierDataGridView_CellValueChanged, cellValue [1]
[ADMIN] [8/1/2017 15:09] [PENJUALAN] CASHIER FORM : cashierDataGridView_CellValueChanged, dataGridViewTextBoxEditingControl.Text pass REGEX Checking
[ADMIN] [8/1/2017 15:09] [PENJUALAN] CASHIER FORM : CHECK STOCK QTY IS ENOUGH [FRM-04PB]
[ADMIN] [8/1/2017 15:09] [PENJUALAN] CASHIER FORM : CHECK STOCK QTY IS ENOUGH [5, 1]
[ADMIN] [8/1/2017 15:09] [PENJUALAN] CASHIER FORM : CALCULATE SUBTOTAL
[ADMIN] [8/1/2017 15:09] [PENJUALAN] CASHIER FORM : SUBTOTAL [1230000]
[ADMIN] [8/1/2017 15:09] [PENJUALAN] CASHIER FORM : cashierDataGridView_CellValueChanged, subtotal value [1230000]
[ADMIN] [8/1/2017 15:09] [PENJUALAN] CASHIER FORM : cashierDataGridView_CellValueChanged, attempt to calculate total value
[ADMIN] [8/1/2017 15:09] [PENJUALAN] CASHIER FORM : calculateTotal
[ADMIN] [8/1/2017 15:09] [PENJUALAN] CASHIER FORM : calculateTotal [1390000]
[ADMIN] [8/1/2017 15:09] [PENJUALAN] CASHIER FORM : calculateTotal, totalAfterDisc [1390000]
[ADMIN] [8/1/2017 15:09] [PENJUALAN] CASHIER FORM : calculateChangeValue, bayarTextBox.Text [0]
[ADMIN] [8/1/2017 15:09] [PENJUALAN] CASHIER FORM : calculateChangeValue, sisaBayar [0]
[ADMIN] [8/1/2017 15:09] [PENJUALAN] CASHIER FORM : SET QTY TO 1 BECAUSE OF NEW ROW
[ADMIN] [8/1/2017 15:09] [PENJUALAN] CASHIER FORM : CALCULATE SUBTOTAL
[ADMIN] [8/1/2017 15:09] [PENJUALAN] CASHIER FORM : SUBTOTAL [1230000]
[ADMIN] [8/1/2017 15:09] [PENJUALAN] CASHIER FORM : calculateTotal
[ADMIN] [8/1/2017 15:09] [PENJUALAN] CASHIER FORM : calculateTotal [1390000]
[ADMIN] [8/1/2017 15:09] [PENJUALAN] CASHIER FORM : calculateTotal, totalAfterDisc [1390000]
[ADMIN] [8/1/2017 15:09] [PENJUALAN] CASHIER FORM : calculateChangeValue, bayarTextBox.Text [0]
[ADMIN] [8/1/2017 15:09] [PENJUALAN] CASHIER FORM : calculateChangeValue, sisaBayar [0]
[ADMIN] [8/1/2017 15:09] [PENJUALAN] CASHIER FORM : UPDATE ROW NUMBER, TOTAL ROW [4]
[ADMIN] [8/1/2017 15:09] [PENJUALAN] CASHIER FORM : cashierDataGridView_CellValueChanged [F8]
[ADMIN] [8/1/2017 15:09] [PENJUALAN] CASHIER FORM : REGISTER HOTKEY
[ADMIN] [8/1/2017 15:10] [PENJUALAN] CASHIER FORM : cashierDataGridView_CellValueChanged [qty]
[ADMIN] [8/1/2017 15:10] [PENJUALAN] CASHIER FORM : cashierDataGridView_CellValueChanged, previousInput [1]
[ADMIN] [8/1/2017 15:10] [PENJUALAN] CASHIER FORM : cashierDataGridView_CellValueChanged, dataGridViewTextBoxEditingControl.Text pass REGEX Checking
[ADMIN] [8/1/2017 15:10] [PENJUALAN] CASHIER FORM : CHECK STOCK QTY IS ENOUGH [FRM-04PB]
[ADMIN] [8/1/2017 15:10] [PENJUALAN] CASHIER FORM : CHECK STOCK QTY IS ENOUGH [5, 2]
[ADMIN] [8/1/2017 15:10] [PENJUALAN] CASHIER FORM : CALCULATE SUBTOTAL
[ADMIN] [8/1/2017 15:10] [PENJUALAN] CASHIER FORM : SUBTOTAL [2460000]
[ADMIN] [8/1/2017 15:10] [PENJUALAN] CASHIER FORM : cashierDataGridView_CellValueChanged, subtotal value [2460000]
[ADMIN] [8/1/2017 15:10] [PENJUALAN] CASHIER FORM : cashierDataGridView_CellValueChanged, attempt to calculate total value
[ADMIN] [8/1/2017 15:10] [PENJUALAN] CASHIER FORM : calculateTotal
[ADMIN] [8/1/2017 15:10] [PENJUALAN] CASHIER FORM : calculateTotal [2620000]
[ADMIN] [8/1/2017 15:10] [PENJUALAN] CASHIER FORM : calculateTotal, totalAfterDisc [2620000]
[ADMIN] [8/1/2017 15:10] [PENJUALAN] CASHIER FORM : calculateChangeValue, bayarTextBox.Text [0]
[ADMIN] [8/1/2017 15:10] [PENJUALAN] CASHIER FORM : calculateChangeValue, sisaBayar [0]
[ADMIN] [8/1/2017 15:10] [PENJUALAN] CASHIER FORM : Combobox_KeyUp, cashierDataGridView.CurrentCell.OwningColumn.Name  [qty]
[ADMIN] [8/1/2017 15:10] [PENJUALAN] CASHIER FORM : Combobox_KeyUp, cashierDataGridView.CurrentCell.OwningColumn.Name  [qty]
[ADMIN] [8/1/2017 15:10] [PENJUALAN] CASHIER FORM : Combobox_KeyUp, cashierDataGridView.CurrentCell.OwningColumn.Name  [qty]
[ADMIN] [8/1/2017 15:10] [PENJUALAN] CASHIER FORM : HOTKEY TO SAVE AND PRINT OUT INVOICE PRESSED
[ADMIN] [8/1/2017 15:10] [PENJUALAN] CASHIER FORM : UNREGISTER HOTKEY
[ADMIN] [8/1/2017 15:10] [PENJUALAN] CASHIER FORM : REGISTER HOTKEY
[ADMIN] [8/1/2017 15:10] [PENJUALAN] ATTEMPT TO SAVE AND PRINT OUT INVOICE
[ADMIN] [8/1/2017 15:10] [PENJUALAN] CASHIER FORM : UNREGISTER HOTKEY
[ADMIN] [8/1/2017 15:10] [PENJUALAN] CASHIER FORM : REGISTER HOTKEY
[ADMIN] [8/1/2017 15:10] [PENJUALAN] CASHIER FORM : calculateChangeValue, bayarTextBox.Text [3]
[ADMIN] [8/1/2017 15:10] [PENJUALAN] CASHIER FORM : calculateChangeValue, sisaBayar [0]
[ADMIN] [8/1/2017 15:10] [PENJUALAN] CASHIER FORM : calculateChangeValue, bayarTextBox.Text [30]
[ADMIN] [8/1/2017 15:10] [PENJUALAN] CASHIER FORM : calculateChangeValue, sisaBayar [0]
[ADMIN] [8/1/2017 15:10] [PENJUALAN] CASHIER FORM : calculateChangeValue, bayarTextBox.Text [300]
[ADMIN] [8/1/2017 15:10] [PENJUALAN] CASHIER FORM : calculateChangeValue, sisaBayar [0]
[ADMIN] [8/1/2017 15:10] [PENJUALAN] CASHIER FORM : calculateChangeValue, bayarTextBox.Text [3000]
[ADMIN] [8/1/2017 15:10] [PENJUALAN] CASHIER FORM : calculateChangeValue, sisaBayar [0]
[ADMIN] [8/1/2017 15:10] [PENJUALAN] CASHIER FORM : calculateChangeValue, bayarTextBox.Text [30000]
[ADMIN] [8/1/2017 15:10] [PENJUALAN] CASHIER FORM : calculateChangeValue, sisaBayar [0]
[ADMIN] [8/1/2017 15:10] [PENJUALAN] CASHIER FORM : calculateChangeValue, bayarTextBox.Text [300000]
[ADMIN] [8/1/2017 15:10] [PENJUALAN] CASHIER FORM : calculateChangeValue, sisaBayar [0]
[ADMIN] [8/1/2017 15:10] [PENJUALAN] CASHIER FORM : calculateChangeValue, bayarTextBox.Text [3000000]
[ADMIN] [8/1/2017 15:10] [PENJUALAN] CASHIER FORM : calculateChangeValue, sisaBayar [380000]
[ADMIN] [8/1/2017 15:10] [PENJUALAN] CASHIER FORM : HOTKEY TO ADD NEW ROW PRESSED
[ADMIN] [8/1/2017 15:10] [PENJUALAN] CASHIER FORM : HOTKEY TO SAVE AND PRINT OUT INVOICE PRESSED
[ADMIN] [8/1/2017 15:10] [PENJUALAN] CASHIER FORM : UNREGISTER HOTKEY
[ADMIN] [8/1/2017 15:10] [PENJUALAN] CASHIER FORM : REGISTER HOTKEY
[ADMIN] [8/1/2017 15:10] [PENJUALAN] ATTEMPT TO SAVE AND PRINT OUT INVOICE
[ADMIN] [8/1/2017 15:10] [PENJUALAN] CASHIER FORM : UNREGISTER HOTKEY
[ADMIN] [8/1/2017 15:10] [PENJUALAN] CASHIER FORM : REGISTER HOTKEY
[ADMIN] [8/1/2017 15:10] [PENJUALAN] CASHIER FORM : CHECK STOCK QTY IS ENOUGH [PRIME-AD1]
[ADMIN] [8/1/2017 15:10] [PENJUALAN] CASHIER FORM : CHECK STOCK QTY IS ENOUGH [29, 6]
[ADMIN] [8/1/2017 15:10] [PENJUALAN] CASHIER FORM : CHECK STOCK QTY IS ENOUGH [FRM-04PB]
[ADMIN] [8/1/2017 15:10] [PENJUALAN] CASHIER FORM : CHECK STOCK QTY IS ENOUGH [5, 2]
[ADMIN] [8/1/2017 15:10] [PENJUALAN] CASHIER FORM : UNREGISTER HOTKEY
[ADMIN] [8/1/2017 15:10] [PENJUALAN] CASHIER FORM : ATTEMPT TO SAVE SALES DATA [01-08-2017 15:10]
[ADMIN] [8/1/2017 15:10] [PENJUALAN] CASHIER FORM : SALES DISC FINAL [0]
[ADMIN] [8/1/2017 15:10] [PENJUALAN] CASHIER FORM : CASH SALES
[ADMIN] [8/1/2017 15:10] [PENJUALAN] CHECK IF TAX LIMIT SET FOR PERCENTAGE PURCHASE [0]
[ADMIN] [8/1/2017 15:10] [PENJUALAN] CHECK IF TAX LIMIT SET FOR AVERAGE DAILY PURCHASE [0]
[ADMIN] [8/1/2017 15:10] [PENJUALAN] CASHIER FORM : NO FAKTUR [SLO001]
[ADMIN] [8/1/2017 15:10] [PENJUALAN] CASHIER FORM : MAX SALES INVOICE [4922]
[ADMIN] [8/1/2017 15:10] [PENJUALAN] CASHIER FORM : SALES INVOICE [SLO001-4923]
[ADMIN] [8/1/2017 15:10] [PENJUALAN] INSERT INTO SALES HEADER [SLO001-4923]
[ADMIN] [8/1/2017 15:10] [PENJUALAN] INSERT INTO SALES DETAIL[PRIME-AD1, 32000, 5]
[ADMIN] [8/1/2017 15:10] [PENJUALAN] INSERT INTO SALES DETAIL[PRIME-AD1, 32000, 1]
[ADMIN] [8/1/2017 15:10] [PENJUALAN] INSERT INTO SALES DETAIL[FRM-04PB, 1230000, 2]
[ADMIN] [8/1/2017 15:10] [PENJUALAN] INSERT TO CREDIT TABLE [SLO001-4923]
[ADMIN] [8/1/2017 15:10] [PENJUALAN] INSERT TO DAILY JOURNAL TABLE [2620000]
[ADMIN] [8/1/2017 15:10] [PENJUALAN] REDUCE STOCK AT MASTER PRODUCT [PRIME-AD1]
[ADMIN] [8/1/2017 15:10] [PENJUALAN] REDUCE STOCK AT PRODUCT_EXPIRY LOT [4119]
[ADMIN] [8/1/2017 15:10] [PENJUALAN] SAVE PRODUCT LOT INFORMATION FOR EACH ITEM AND AMOUNT
[ADMIN] [8/1/2017 15:10] [PENJUALAN] REDUCE STOCK AT MASTER PRODUCT [FRM-04PB]
[ADMIN] [8/1/2017 15:10] [PENJUALAN] REDUCE STOCK AT PRODUCT_EXPIRY LOT [4336]
[ADMIN] [8/1/2017 15:10] [PENJUALAN] SAVE PRODUCT LOT INFORMATION FOR EACH ITEM AND AMOUNT
[ADMIN] [8/1/2017 15:10] [PENJUALAN] REDUCE STOCK AT PRODUCT_EXPIRY LOT [1920]
[ADMIN] [8/1/2017 15:10] [PENJUALAN] SAVE PRODUCT LOT INFORMATION FOR EACH ITEM AND AMOUNT
[ADMIN] [8/1/2017 15:10] [PENJUALAN] TRANSACTION SAVED
[ADMIN] [8/1/2017 15:10] [PENJUALAN] CASHIER FORM : UPDATE ROW NUMBER, TOTAL ROW [1]
[ADMIN] [8/1/2017 15:10] [PENJUALAN] CASHIER FORM : UPDATE ROW NUMBER, TOTAL ROW [1]
[ADMIN] [8/1/2017 15:10] [PENJUALAN] CASHIER FORM : cashierDataGridView_CellValueChanged [F8]
[ADMIN] [8/1/2017 15:10] [PENJUALAN] CASHIER FORM : loadNoFaktur, noFakturValue [SLO001]
[ADMIN] [8/1/2017 15:10] [PENJUALAN] CASHIER FORM : REGISTER HOTKEY
[ADMIN] [8/1/2017 15:10] [PENJUALAN] CASHIER FORM : UNREGISTER HOTKEY
[ADMIN] [8/1/2017 15:15] [PENJUALAN] CASHIER FORM : REGISTER HOTKEY
[ADMIN] [8/1/2017 15:15] [PENJUALAN] CASHIER FORM : UNREGISTER HOTKEY
[ADMIN] [8/1/2017 15:15] [PENJUALAN] CASHIER FORM : UNREGISTER HOTKEY
[] [8/1/2017 15:16] [] USER = ADMIN IS ACTIVE
[ADMIN] [8/1/2017 15:16] [] USER ID = 1 LOGIN SUCCESSFULLY
[ADMIN] [8/1/2017 15:16] [] ACTIVATE USER ACCESS RIGHT
[ADMIN] [8/1/2017 15:16] [] DISPLAY ADMIN FORM
[ADMIN] [8/1/2017 15:16] [] adminForm Load
[ADMIN] [8/1/2017 15:16] [] ACTIVATE USER ACCESS RIGHT
[] [8/1/2017 15:19] [] USER = ADMIN IS ACTIVE
[ADMIN] [8/1/2017 15:19] [] USER ID = 1 LOGIN SUCCESSFULLY
[ADMIN] [8/1/2017 15:19] [] ACTIVATE USER ACCESS RIGHT
[ADMIN] [8/1/2017 15:19] [] DISPLAY ADMIN FORM
[ADMIN] [8/1/2017 15:19] [] adminForm Load
[ADMIN] [8/1/2017 15:19] [] ACTIVATE USER ACCESS RIGHT
[ADMIN] [8/1/2017 15:19] [TAMBAH / UPDATE PRODUK] DETAIL PRODUK : detailGridView_CellValueChanged [expiryDate]
[ADMIN] [8/1/2017 15:19] [TAMBAH / UPDATE PRODUK] DETAIL PRODUK : detailGridView_CellValueChanged [expiryDateValue]
[] [8/1/2017 15:21] [] USER = ADMIN IS ACTIVE
[ADMIN] [8/1/2017 15:21] [] USER ID = 1 LOGIN SUCCESSFULLY
[ADMIN] [8/1/2017 15:21] [] ACTIVATE USER ACCESS RIGHT
[ADMIN] [8/1/2017 15:21] [] DISPLAY ADMIN FORM
[ADMIN] [8/1/2017 15:21] [] adminForm Load
[ADMIN] [8/1/2017 15:21] [] ACTIVATE USER ACCESS RIGHT
[ADMIN] [8/1/2017 15:21] [TAMBAH / UPDATE PRODUK] DETAIL PRODUK : detailGridView_CellValueChanged [expiryDate]
[ADMIN] [8/1/2017 15:21] [TAMBAH / UPDATE PRODUK] DETAIL PRODUK : detailGridView_CellValueChanged [expiryDateValue]
[ADMIN] [8/1/2017 15:21] [TAMBAH / UPDATE PRODUK] deleteCurrentRow [1]
